2026-01-21 17:01:11,707 | INFO | Fetch hyperparams.yaml: Using file found at '/vol/experiments3/imbenamor/TAPAS-FRAIS/models/asr-whisper-large-v2-commonvoice-fr/hyperparams.yaml'
2026-01-21 17:01:11,707 | DEBUG | Fetch: Source and destination '/vol/experiments3/imbenamor/TAPAS-FRAIS/models/asr-whisper-large-v2-commonvoice-fr/custom.py' are identical, returning assuming this is intended
2026-01-21 17:01:14,544 | WARNING | speechbrain.lobes.models.huggingface_transformers.huggingface - WhisperModel is frozen.
2026-01-21 17:01:14,545 | WARNING | speechbrain.lobes.models.huggingface_transformers.whisper - whisper encoder-decoder is frozen.
2026-01-21 17:01:14,936 | DEBUG | Collecting files (or symlinks) for pretraining in /vol/experiments3/imbenamor/TAPAS-FRAIS/models/asr-whisper-large-v2-commonvoice-fr.
2026-01-21 17:01:14,936 | INFO | Fetch whisper.ckpt: Using file found at '/vol/experiments3/imbenamor/TAPAS-FRAIS/models/asr-whisper-large-v2-commonvoice-fr/whisper.ckpt'
2026-01-21 17:01:14,936 | DEBUG | Set local path in self.paths["whisper"] = /vol/experiments3/imbenamor/TAPAS-FRAIS/models/asr-whisper-large-v2-commonvoice-fr/whisper.ckpt
2026-01-21 17:01:14,936 | INFO | Loading pretrained files for: whisper
2026-01-21 17:01:14,936 | DEBUG | Redirecting (loading from local path): whisper -> /vol/experiments3/imbenamor/TAPAS-FRAIS/models/asr-whisper-large-v2-commonvoice-fr/whisper.ckpt
2026-01-21 17:01:21,139 | INFO |  File duration: 51.82693877551021 seconds
2026-01-21 17:01:30,189 | INFO | Using Silero VAD model
2026-01-21 17:01:31,007 | INFO | Number of chunks: 2
2026-01-21 17:01:36,097 | INFO | Chunk: 0 | WER=87.640449 | S=0 D=71 I=7
2026-01-21 17:01:36,100 | INFO | Chunk: 1 | WER=59.090909 | S=15 D=37 I=0
2026-01-21 17:01:36,100 | INFO | ------------------------------
2026-01-21 17:01:36,100 | INFO | ------------------------------
2026-01-21 17:01:36,108 | INFO | File: CCM-001773-01_L01.wav | WER=73.446328 | S=15 D=108 I=7
2026-01-21 17:01:36,108 | INFO | ------------------------------
2026-01-21 17:01:36,108 | INFO |  File duration: 76.16145124716553 seconds
2026-01-21 17:01:42,473 | INFO | Using Silero VAD model
2026-01-21 17:01:43,522 | INFO | Number of chunks: 20
2026-01-21 17:01:54,675 | INFO | Chunk: 0 | WER=5.555556 | S=1 D=0 I=0
2026-01-21 17:01:54,675 | INFO | Chunk: 1 | WER=21.428571 | S=2 D=1 I=0
2026-01-21 17:01:54,675 | INFO | Chunk: 2 | WER=0.000000 | S=0 D=0 I=0
2026-01-21 17:01:54,676 | INFO | Chunk: 3 | WER=5.555556 | S=0 D=1 I=0
2026-01-21 17:01:54,676 | INFO | Chunk: 4 | WER=16.666667 | S=1 D=0 I=0
2026-01-21 17:01:54,676 | INFO | Chunk: 5 | WER=50.000000 | S=3 D=0 I=0
2026-01-21 17:01:54,676 | INFO | Chunk: 6 | WER=9.090909 | S=1 D=0 I=0
2026-01-21 17:01:54,676 | INFO | Chunk: 7 | WER=100.000000 | S=6 D=0 I=0
2026-01-21 17:01:54,677 | INFO | Chunk: 8 | WER=60.000000 | S=3 D=0 I=0
2026-01-21 17:01:54,677 | INFO | Chunk: 9 | WER=50.000000 | S=3 D=0 I=1
2026-01-21 17:01:54,677 | INFO | Chunk: 10 | WER=70.000000 | S=4 D=3 I=0
2026-01-21 17:01:54,677 | INFO | Chunk: 11 | WER=33.333333 | S=1 D=0 I=0
2026-01-21 17:01:54,677 | INFO | Chunk: 12 | WER=33.333333 | S=1 D=0 I=0
2026-01-21 17:01:54,678 | INFO | Chunk: 13 | WER=60.000000 | S=3 D=0 I=0
2026-01-21 17:01:54,678 | INFO | Chunk: 14 | WER=42.857143 | S=4 D=1 I=1
2026-01-21 17:01:54,678 | INFO | Chunk: 15 | WER=53.846154 | S=6 D=0 I=1
2026-01-21 17:01:54,678 | INFO | Chunk: 16 | WER=66.666667 | S=1 D=1 I=2
2026-01-21 17:01:54,679 | INFO | Chunk: 17 | WER=62.500000 | S=5 D=0 I=0
2026-01-21 17:01:54,679 | INFO | Chunk: 18 | WER=66.666667 | S=3 D=1 I=0
2026-01-21 17:01:54,679 | INFO | Chunk: 19 | WER=62.500000 | S=4 D=1 I=0
2026-01-21 17:01:54,679 | INFO | ------------------------------
2026-01-21 17:01:54,679 | INFO | ------------------------------
2026-01-21 17:01:54,693 | INFO | File: CCM-003130-01_L01.wav | WER=36.571429 | S=52 D=7 I=5
2026-01-21 17:01:54,693 | INFO | ------------------------------
2026-01-21 17:01:54,693 | INFO |  File duration: 69.47410430839003 seconds
2026-01-21 17:02:04,383 | INFO | Using Silero VAD model
2026-01-21 17:02:05,786 | INFO | Number of chunks: 5
2026-01-21 17:02:11,790 | INFO | Chunk: 0 | WER=67.441860 | S=3 D=55 I=0
2026-01-21 17:02:11,790 | INFO | Chunk: 1 | WER=12.500000 | S=0 D=1 I=0
2026-01-21 17:02:11,792 | INFO | Chunk: 2 | WER=62.162162 | S=8 D=37 I=1
2026-01-21 17:02:11,792 | INFO | Chunk: 3 | WER=46.666667 | S=3 D=4 I=0
2026-01-21 17:02:11,793 | INFO | Chunk: 4 | WER=55.555556 | S=4 D=1 I=0
2026-01-21 17:02:11,793 | INFO | ------------------------------
2026-01-21 17:02:11,793 | INFO | ------------------------------
2026-01-21 17:02:11,802 | INFO | File: CCM-003148-01_L01.wav | WER=57.386364 | S=18 D=82 I=1
2026-01-21 17:02:11,802 | INFO | ------------------------------
2026-01-21 17:02:11,802 | INFO |  File duration: 63.15827664399093 seconds
2026-01-21 17:02:20,598 | INFO | Using Silero VAD model
2026-01-21 17:02:21,631 | INFO | Number of chunks: 6
2026-01-21 17:02:31,243 | INFO | Chunk: 0 | WER=12.500000 | S=0 D=2 I=0
2026-01-21 17:02:31,244 | INFO | Chunk: 1 | WER=46.153846 | S=7 D=5 I=0
2026-01-21 17:02:31,245 | INFO | Chunk: 2 | WER=20.689655 | S=2 D=4 I=0
2026-01-21 17:02:31,245 | INFO | Chunk: 3 | WER=11.111111 | S=0 D=2 I=0
2026-01-21 17:02:31,246 | INFO | Chunk: 4 | WER=4.166667 | S=0 D=1 I=0
2026-01-21 17:02:31,248 | INFO | Chunk: 5 | WER=57.142857 | S=16 D=27 I=1
2026-01-21 17:02:31,248 | INFO | ------------------------------
2026-01-21 17:02:31,248 | INFO | ------------------------------
2026-01-21 17:02:31,260 | INFO | File: CCM-003346-01_L01.wav | WER=28.654971 | S=24 D=23 I=2
2026-01-21 17:02:31,260 | INFO | ------------------------------
2026-01-21 17:02:31,261 | INFO |  File duration: 84.14911564625851 seconds
2026-01-21 17:02:39,911 | INFO | Using Silero VAD model
2026-01-21 17:02:41,047 | INFO | Number of chunks: 16
2026-01-21 17:02:52,953 | INFO | Chunk: 0 | WER=12.500000 | S=0 D=1 I=0
2026-01-21 17:02:52,954 | INFO | Chunk: 1 | WER=0.000000 | S=0 D=0 I=0
2026-01-21 17:02:52,954 | INFO | Chunk: 2 | WER=11.764706 | S=1 D=0 I=1
2026-01-21 17:02:52,954 | INFO | Chunk: 3 | WER=20.000000 | S=4 D=0 I=0
2026-01-21 17:02:52,955 | INFO | Chunk: 4 | WER=0.000000 | S=0 D=0 I=0
2026-01-21 17:02:52,955 | INFO | Chunk: 5 | WER=14.285714 | S=1 D=0 I=0
2026-01-21 17:02:52,955 | INFO | Chunk: 6 | WER=34.782609 | S=1 D=5 I=2
2026-01-21 17:02:52,956 | INFO | Chunk: 7 | WER=15.384615 | S=1 D=1 I=0
2026-01-21 17:02:52,956 | INFO | Chunk: 8 | WER=90.000000 | S=5 D=4 I=0
2026-01-21 17:02:52,956 | INFO | Chunk: 9 | WER=36.363636 | S=4 D=0 I=0
2026-01-21 17:02:52,956 | INFO | Chunk: 10 | WER=27.272727 | S=0 D=3 I=0
2026-01-21 17:02:52,956 | INFO | Chunk: 11 | WER=0.000000 | S=0 D=0 I=0
2026-01-21 17:02:52,957 | INFO | Chunk: 12 | WER=36.363636 | S=4 D=0 I=0
2026-01-21 17:02:52,957 | INFO | Chunk: 13 | WER=0.000000 | S=0 D=0 I=0
2026-01-21 17:02:52,957 | INFO | Chunk: 14 | WER=33.333333 | S=3 D=2 I=0
2026-01-21 17:02:52,957 | INFO | Chunk: 15 | WER=25.000000 | S=2 D=0 I=0
2026-01-21 17:02:52,958 | INFO | ------------------------------
2026-01-21 17:02:52,958 | INFO | ------------------------------
2026-01-21 17:02:52,972 | INFO | File: CCM-003557-01_L01.wav | WER=19.774011 | S=23 D=6 I=6
2026-01-21 17:02:52,972 | INFO | ------------------------------
2026-01-21 17:02:52,972 | INFO |  File duration: 124.83047619047619 seconds
2026-01-21 17:03:04,606 | INFO | Using Silero VAD model
2026-01-21 17:03:06,676 | INFO | Number of chunks: 40
2026-01-21 17:03:23,744 | INFO | Chunk: 0 | WER=46.153846 | S=5 D=1 I=0
2026-01-21 17:03:23,744 | INFO | Chunk: 1 | WER=75.000000 | S=2 D=0 I=1
2026-01-21 17:03:23,744 | INFO | Chunk: 2 | WER=50.000000 | S=1 D=0 I=0
2026-01-21 17:03:23,744 | INFO | Chunk: 3 | WER=30.769231 | S=3 D=0 I=1
2026-01-21 17:03:23,745 | INFO | Chunk: 4 | WER=14.285714 | S=1 D=0 I=0
2026-01-21 17:03:23,745 | INFO | Chunk: 5 | WER=150.000000 | S=2 D=0 I=1
2026-01-21 17:03:23,745 | INFO | Chunk: 6 | WER=66.666667 | S=1 D=0 I=1
2026-01-21 17:03:23,745 | INFO | Chunk: 7 | WER=0.000000 | S=0 D=0 I=0
2026-01-21 17:03:23,745 | INFO | Chunk: 8 | WER=30.000000 | S=1 D=2 I=0
2026-01-21 17:03:23,745 | INFO | Chunk: 9 | WER=100.000000 | S=3 D=0 I=0
2026-01-21 17:03:23,746 | INFO | Chunk: 10 | WER=100.000000 | S=2 D=1 I=0
2026-01-21 17:03:23,746 | INFO | Chunk: 11 | WER=33.333333 | S=2 D=2 I=0
2026-01-21 17:03:23,746 | INFO | Chunk: 12 | WER=100.000000 | S=3 D=0 I=0
2026-01-21 17:03:23,746 | INFO | Chunk: 13 | WER=45.454545 | S=4 D=1 I=0
2026-01-21 17:03:23,746 | INFO | Chunk: 14 | WER=0.000000 | S=0 D=0 I=0
2026-01-21 17:03:23,746 | INFO | Chunk: 15 | WER=100.000000 | S=3 D=0 I=1
2026-01-21 17:03:23,747 | INFO | Chunk: 16 | WER=100.000000 | S=3 D=1 I=1
2026-01-21 17:03:23,747 | INFO | Chunk: 17 | WER=40.000000 | S=2 D=0 I=0
2026-01-21 17:03:23,747 | INFO | Chunk: 18 | WER=66.666667 | S=1 D=0 I=1
2026-01-21 17:03:23,747 | INFO | Chunk: 19 | WER=60.000000 | S=4 D=2 I=0
2026-01-21 17:03:23,747 | INFO | Chunk: 20 | WER=100.000000 | S=1 D=2 I=0
2026-01-21 17:03:23,747 | INFO | Chunk: 21 | WER=100.000000 | S=2 D=1 I=0
2026-01-21 17:03:23,747 | INFO | Chunk: 22 | WER=100.000000 | S=1 D=0 I=0
2026-01-21 17:03:23,748 | INFO | Chunk: 23 | WER=200.000000 | S=2 D=0 I=2
2026-01-21 17:03:23,748 | INFO | Chunk: 24 | WER=50.000000 | S=1 D=0 I=0
2026-01-21 17:03:23,748 | INFO | Chunk: 25 | WER=100.000000 | S=1 D=0 I=0
2026-01-21 17:03:23,748 | INFO | Chunk: 26 | WER=75.000000 | S=3 D=0 I=0
2026-01-21 17:03:23,748 | INFO | Chunk: 27 | WER=100.000000 | S=3 D=0 I=1
2026-01-21 17:03:23,748 | INFO | Chunk: 28 | WER=100.000000 | S=1 D=0 I=0
2026-01-21 17:03:23,748 | INFO | Chunk: 29 | WER=60.000000 | S=3 D=3 I=0
2026-01-21 17:03:23,749 | INFO | Chunk: 30 | WER=100.000000 | S=2 D=0 I=0
2026-01-21 17:03:23,749 | INFO | Chunk: 31 | WER=200.000000 | S=1 D=0 I=1
2026-01-21 17:03:23,749 | INFO | Chunk: 32 | WER=62.500000 | S=3 D=1 I=1
2026-01-21 17:03:23,749 | INFO | Chunk: 33 | WER=33.333333 | S=1 D=0 I=0
2026-01-21 17:03:23,749 | INFO | Chunk: 34 | WER=40.000000 | S=2 D=0 I=0
2026-01-21 17:03:23,749 | INFO | Chunk: 35 | WER=100.000000 | S=4 D=1 I=0
2026-01-21 17:03:23,750 | INFO | Chunk: 36 | WER=100.000000 | S=3 D=0 I=0
2026-01-21 17:03:23,750 | INFO | Chunk: 37 | WER=42.857143 | S=1 D=0 I=2
2026-01-21 17:03:23,750 | INFO | Chunk: 38 | WER=33.333333 | S=1 D=1 I=0
2026-01-21 17:03:23,750 | INFO | Chunk: 39 | WER=66.666667 | S=4 D=2 I=0
2026-01-21 17:03:23,750 | INFO | ------------------------------
2026-01-21 17:03:23,750 | INFO | ------------------------------
2026-01-21 17:03:23,765 | INFO | File: CCM-003733-01_L01.wav | WER=61.904762 | S=69 D=6 I=29
2026-01-21 17:03:23,765 | INFO | ------------------------------
2026-01-21 17:03:23,765 | INFO |  File duration: 73.3750566893424 seconds
2026-01-21 17:03:34,713 | INFO | Using Silero VAD model
2026-01-21 17:03:36,126 | INFO | Number of chunks: 12
2026-01-21 17:03:48,825 | INFO | Chunk: 0 | WER=6.250000 | S=1 D=1 I=0
2026-01-21 17:03:48,826 | INFO | Chunk: 1 | WER=0.000000 | S=0 D=0 I=0
2026-01-21 17:03:48,826 | INFO | Chunk: 2 | WER=16.666667 | S=2 D=0 I=0
2026-01-21 17:03:48,826 | INFO | Chunk: 3 | WER=20.000000 | S=3 D=0 I=0
2026-01-21 17:03:48,827 | INFO | Chunk: 4 | WER=9.090909 | S=0 D=1 I=1
2026-01-21 17:03:48,827 | INFO | Chunk: 5 | WER=40.000000 | S=1 D=1 I=0
2026-01-21 17:03:48,827 | INFO | Chunk: 6 | WER=0.000000 | S=0 D=0 I=0
2026-01-21 17:03:48,827 | INFO | Chunk: 7 | WER=40.000000 | S=3 D=1 I=0
2026-01-21 17:03:48,828 | INFO | Chunk: 8 | WER=33.333333 | S=2 D=2 I=0
2026-01-21 17:03:48,828 | INFO | Chunk: 9 | WER=25.000000 | S=2 D=2 I=0
2026-01-21 17:03:48,828 | INFO | Chunk: 10 | WER=9.090909 | S=1 D=0 I=0
2026-01-21 17:03:48,829 | INFO | Chunk: 11 | WER=6.896552 | S=1 D=1 I=0
2026-01-21 17:03:48,829 | INFO | ------------------------------
2026-01-21 17:03:48,829 | INFO | ------------------------------
2026-01-21 17:03:48,844 | INFO | File: CCM-003734-01_L01.wav | WER=12.429379 | S=16 D=5 I=1
2026-01-21 17:03:48,844 | INFO | ------------------------------
2026-01-21 17:03:48,844 | INFO |  File duration: 68.89360544217688 seconds
2026-01-21 17:03:56,384 | INFO | Using Silero VAD model
2026-01-21 17:03:57,473 | INFO | Number of chunks: 7
2026-01-21 17:04:10,244 | INFO | Chunk: 0 | WER=22.222222 | S=0 D=2 I=2
2026-01-21 17:04:10,244 | INFO | Chunk: 1 | WER=6.666667 | S=0 D=1 I=0
2026-01-21 17:04:10,245 | INFO | Chunk: 2 | WER=61.111111 | S=6 D=5 I=0
2026-01-21 17:04:10,245 | INFO | Chunk: 3 | WER=0.000000 | S=1 D=0 I=1
2026-01-21 17:04:10,246 | INFO | Chunk: 4 | WER=31.250000 | S=8 D=7 I=0
2026-01-21 17:04:10,248 | INFO | Chunk: 5 | WER=34.615385 | S=12 D=6 I=0
2026-01-21 17:04:10,249 | INFO | Chunk: 6 | WER=45.238095 | S=9 D=8 I=2
2026-01-21 17:04:10,249 | INFO | ------------------------------
2026-01-21 17:04:10,249 | INFO | ------------------------------
2026-01-21 17:04:10,264 | INFO | File: CCM-003848-01_L01.wav | WER=32.768362 | S=41 D=12 I=5
2026-01-21 17:04:10,264 | INFO | ------------------------------
2026-01-21 17:04:10,264 | INFO | ===================== GLOBAL WER ======================
2026-01-21 17:04:10,264 | INFO | The number of files is 8
2026-01-21 17:04:10,264 | INFO | WER: 40.37%
2026-01-21 17:04:10,265 | INFO | =============================================================
