2026-01-21 16:48:45,400 | INFO | Fetch hyperparams.yaml: Using file found at '/vol/experiments3/imbenamor/TAPAS-FRAIS/models/asr-whisper-medium-commonvoice-fr/hyperparams.yaml'
2026-01-21 16:48:45,401 | DEBUG | Fetch: Source and destination '/vol/experiments3/imbenamor/TAPAS-FRAIS/models/asr-whisper-medium-commonvoice-fr/custom.py' are identical, returning assuming this is intended
2026-01-21 16:48:46,986 | WARNING | speechbrain.lobes.models.huggingface_transformers.huggingface - WhisperModel is frozen.
2026-01-21 16:48:46,986 | WARNING | speechbrain.lobes.models.huggingface_transformers.whisper - whisper encoder-decoder is frozen.
2026-01-21 16:48:47,097 | DEBUG | Collecting files (or symlinks) for pretraining in /vol/experiments3/imbenamor/TAPAS-FRAIS/models/asr-whisper-medium-commonvoice-fr.
2026-01-21 16:48:47,097 | INFO | Fetch whisper.ckpt: Using file found at '/vol/experiments3/imbenamor/TAPAS-FRAIS/models/asr-whisper-medium-commonvoice-fr/whisper.ckpt'
2026-01-21 16:48:47,097 | DEBUG | Set local path in self.paths["whisper"] = /vol/experiments3/imbenamor/TAPAS-FRAIS/models/asr-whisper-medium-commonvoice-fr/whisper.ckpt
2026-01-21 16:48:47,097 | INFO | Loading pretrained files for: whisper
2026-01-21 16:48:47,097 | DEBUG | Redirecting (loading from local path): whisper -> /vol/experiments3/imbenamor/TAPAS-FRAIS/models/asr-whisper-medium-commonvoice-fr/whisper.ckpt
2026-01-21 16:48:50,602 | INFO |  File duration: 121.48680272108844 seconds
2026-01-21 16:48:59,223 | INFO | Using Silero VAD model
2026-01-21 16:49:01,140 | INFO | Number of chunks: 18
2026-01-21 16:49:09,468 | INFO | Chunk: 0 | WER=0.000000 | S=1 D=0 I=10
2026-01-21 16:49:09,468 | INFO | Chunk: 1 | WER=45.000000 | S=4 D=5 I=0
2026-01-21 16:49:09,468 | INFO | Chunk: 2 | WER=87.500000 | S=6 D=1 I=0
2026-01-21 16:49:09,469 | INFO | Chunk: 3 | WER=58.823529 | S=7 D=3 I=0
2026-01-21 16:49:09,469 | INFO | Chunk: 4 | WER=28.571429 | S=2 D=0 I=0
2026-01-21 16:49:09,469 | INFO | Chunk: 5 | WER=84.210526 | S=8 D=24 I=0
2026-01-21 16:49:09,470 | INFO | Chunk: 6 | WER=100.000000 | S=1 D=4 I=0
2026-01-21 16:49:09,470 | INFO | Chunk: 7 | WER=100.000000 | S=4 D=2 I=0
2026-01-21 16:49:09,470 | INFO | Chunk: 8 | WER=81.250000 | S=9 D=3 I=1
2026-01-21 16:49:09,470 | INFO | Chunk: 9 | WER=88.888889 | S=5 D=3 I=0
2026-01-21 16:49:09,471 | INFO | Chunk: 10 | WER=107.142857 | S=14 D=0 I=1
2026-01-21 16:49:09,471 | INFO | Chunk: 11 | WER=0.000000 | S=1 D=0 I=6
2026-01-21 16:49:09,471 | INFO | Chunk: 12 | WER=94.117647 | S=10 D=6 I=0
2026-01-21 16:49:09,471 | INFO | Chunk: 13 | WER=100.000000 | S=2 D=2 I=0
2026-01-21 16:49:09,472 | INFO | Chunk: 14 | WER=90.909091 | S=8 D=1 I=1
2026-01-21 16:49:09,472 | INFO | Chunk: 15 | WER=60.000000 | S=2 D=4 I=0
2026-01-21 16:49:09,472 | INFO | Chunk: 16 | WER=37.500000 | S=5 D=1 I=0
2026-01-21 16:49:09,472 | INFO | Chunk: 17 | WER=100.000000 | S=4 D=4 I=0
2026-01-21 16:49:09,472 | INFO | ------------------------------
2026-01-21 16:49:09,473 | INFO | ------------------------------
2026-01-21 16:49:09,486 | INFO | File: CCM-002710-01_L01.wav | WER=79.428571 | S=98 D=26 I=15
2026-01-21 16:49:09,486 | INFO | ------------------------------
2026-01-21 16:49:09,487 | INFO |  File duration: 127.0595918367347 seconds
2026-01-21 16:49:16,835 | INFO | Using Silero VAD model
2026-01-21 16:49:18,398 | INFO | Number of chunks: 24
2026-01-21 16:49:27,370 | INFO | Chunk: 0 | WER=0.000000 | S=0 D=0 I=0
2026-01-21 16:49:27,371 | INFO | Chunk: 1 | WER=16.666667 | S=0 D=1 I=0
2026-01-21 16:49:27,371 | INFO | Chunk: 2 | WER=26.666667 | S=3 D=1 I=0
2026-01-21 16:49:27,371 | INFO | Chunk: 3 | WER=40.000000 | S=2 D=0 I=0
2026-01-21 16:49:27,371 | INFO | Chunk: 4 | WER=75.000000 | S=3 D=0 I=0
2026-01-21 16:49:27,371 | INFO | Chunk: 5 | WER=100.000000 | S=1 D=0 I=0
2026-01-21 16:49:27,372 | INFO | Chunk: 6 | WER=6.666667 | S=1 D=0 I=0
2026-01-21 16:49:27,372 | INFO | Chunk: 7 | WER=200.000000 | S=1 D=0 I=1
2026-01-21 16:49:27,372 | INFO | Chunk: 8 | WER=100.000000 | S=3 D=0 I=0
2026-01-21 16:49:27,372 | INFO | Chunk: 9 | WER=20.000000 | S=2 D=1 I=0
2026-01-21 16:49:27,373 | INFO | Chunk: 10 | WER=0.000000 | S=0 D=0 I=0
2026-01-21 16:49:27,373 | INFO | Chunk: 11 | WER=66.666667 | S=2 D=2 I=0
2026-01-21 16:49:27,373 | INFO | Chunk: 12 | WER=28.571429 | S=2 D=0 I=0
2026-01-21 16:49:27,373 | INFO | Chunk: 13 | WER=43.750000 | S=4 D=3 I=0
2026-01-21 16:49:27,373 | INFO | Chunk: 14 | WER=42.857143 | S=1 D=2 I=0
2026-01-21 16:49:27,374 | INFO | Chunk: 15 | WER=0.000000 | S=0 D=0 I=0
2026-01-21 16:49:27,374 | INFO | Chunk: 16 | WER=33.333333 | S=1 D=0 I=0
2026-01-21 16:49:27,374 | INFO | Chunk: 17 | WER=37.500000 | S=2 D=1 I=0
2026-01-21 16:49:27,374 | INFO | Chunk: 18 | WER=33.333333 | S=1 D=0 I=0
2026-01-21 16:49:27,374 | INFO | Chunk: 19 | WER=40.000000 | S=2 D=0 I=0
2026-01-21 16:49:27,374 | INFO | Chunk: 20 | WER=75.000000 | S=3 D=2 I=1
2026-01-21 16:49:27,375 | INFO | Chunk: 21 | WER=55.000000 | S=10 D=0 I=1
2026-01-21 16:49:27,375 | INFO | Chunk: 22 | WER=18.181818 | S=2 D=0 I=0
2026-01-21 16:49:27,375 | INFO | Chunk: 23 | WER=55.555556 | S=3 D=2 I=0
2026-01-21 16:49:27,375 | INFO | ------------------------------
2026-01-21 16:49:27,375 | INFO | ------------------------------
2026-01-21 16:49:27,390 | INFO | File: CCM-003094-01_L01.wav | WER=33.142857 | S=44 D=6 I=8
2026-01-21 16:49:27,390 | INFO | ------------------------------
2026-01-21 16:49:27,390 | INFO |  File duration: 91.39374149659864 seconds
2026-01-21 16:49:32,877 | INFO | Using Silero VAD model
2026-01-21 16:49:34,033 | INFO | Number of chunks: 12
2026-01-21 16:49:42,180 | INFO | Chunk: 0 | WER=0.000000 | S=1 D=0 I=1
2026-01-21 16:49:42,180 | INFO | Chunk: 1 | WER=0.000000 | S=1 D=0 I=6
2026-01-21 16:49:42,180 | INFO | Chunk: 2 | WER=7.142857 | S=0 D=1 I=0
2026-01-21 16:49:42,181 | INFO | Chunk: 3 | WER=34.615385 | S=6 D=3 I=0
2026-01-21 16:49:42,181 | INFO | Chunk: 4 | WER=11.111111 | S=1 D=1 I=0
2026-01-21 16:49:42,182 | INFO | Chunk: 5 | WER=13.333333 | S=0 D=2 I=0
2026-01-21 16:49:42,182 | INFO | Chunk: 6 | WER=26.315789 | S=2 D=3 I=0
2026-01-21 16:49:42,183 | INFO | Chunk: 7 | WER=8.333333 | S=1 D=1 I=0
2026-01-21 16:49:42,183 | INFO | Chunk: 8 | WER=27.272727 | S=2 D=0 I=1
2026-01-21 16:49:42,183 | INFO | Chunk: 9 | WER=37.500000 | S=3 D=3 I=0
2026-01-21 16:49:42,184 | INFO | Chunk: 10 | WER=34.285714 | S=8 D=4 I=0
2026-01-21 16:49:42,184 | INFO | Chunk: 11 | WER=22.222222 | S=1 D=1 I=0
2026-01-21 16:49:42,184 | INFO | ------------------------------
2026-01-21 16:49:42,184 | INFO | ------------------------------
2026-01-21 16:49:42,199 | INFO | File: CCM-003110-01_L01.wav | WER=22.093023 | S=24 D=4 I=10
2026-01-21 16:49:42,199 | INFO | ------------------------------
2026-01-21 16:49:42,199 | INFO |  File duration: 122.32272108843537 seconds
2026-01-21 16:49:50,723 | INFO | Using Silero VAD model
2026-01-21 16:49:52,495 | INFO | Number of chunks: 18
2026-01-21 16:50:03,666 | INFO | Chunk: 0 | WER=5.263158 | S=0 D=1 I=0
2026-01-21 16:50:03,666 | INFO | Chunk: 1 | WER=11.111111 | S=0 D=1 I=0
2026-01-21 16:50:03,666 | INFO | Chunk: 2 | WER=42.857143 | S=2 D=1 I=0
2026-01-21 16:50:03,666 | INFO | Chunk: 3 | WER=30.000000 | S=2 D=1 I=0
2026-01-21 16:50:03,667 | INFO | Chunk: 4 | WER=45.000000 | S=2 D=16 I=0
2026-01-21 16:50:03,667 | INFO | Chunk: 5 | WER=41.666667 | S=0 D=5 I=0
2026-01-21 16:50:03,668 | INFO | Chunk: 6 | WER=8.333333 | S=1 D=1 I=0
2026-01-21 16:50:03,669 | INFO | Chunk: 7 | WER=17.857143 | S=2 D=3 I=0
2026-01-21 16:50:03,669 | INFO | Chunk: 8 | WER=50.000000 | S=3 D=0 I=1
2026-01-21 16:50:03,669 | INFO | Chunk: 9 | WER=75.000000 | S=2 D=1 I=0
2026-01-21 16:50:03,669 | INFO | Chunk: 10 | WER=100.000000 | S=1 D=0 I=0
2026-01-21 16:50:03,669 | INFO | Chunk: 11 | WER=100.000000 | S=1 D=0 I=0
2026-01-21 16:50:03,669 | INFO | Chunk: 12 | WER=100.000000 | S=4 D=4 I=0
2026-01-21 16:50:03,670 | INFO | Chunk: 13 | WER=200.000000 | S=1 D=0 I=1
2026-01-21 16:50:03,670 | INFO | Chunk: 14 | WER=100.000000 | S=1 D=0 I=0
2026-01-21 16:50:03,670 | INFO | Chunk: 15 | WER=400.000000 | S=1 D=0 I=3
2026-01-21 16:50:03,670 | INFO | Chunk: 16 | WER=20.833333 | S=2 D=3 I=0
2026-01-21 16:50:03,671 | INFO | Chunk: 17 | WER=44.444444 | S=3 D=1 I=0
2026-01-21 16:50:03,671 | INFO | ------------------------------
2026-01-21 16:50:03,671 | INFO | ------------------------------
2026-01-21 16:50:03,685 | INFO | File: CCM-003493-01_L01.wav | WER=29.943503 | S=16 D=20 I=17
2026-01-21 16:50:03,685 | INFO | ------------------------------
2026-01-21 16:50:03,685 | INFO |  File duration: 142.47764172335602 seconds
2026-01-21 16:50:14,292 | INFO | Using Silero VAD model
2026-01-21 16:50:16,572 | INFO | Number of chunks: 44
2026-01-21 16:50:29,462 | INFO | Chunk: 0 | WER=0.000000 | S=0 D=0 I=0
2026-01-21 16:50:29,462 | INFO | Chunk: 1 | WER=100.000000 | S=1 D=0 I=0
2026-01-21 16:50:29,463 | INFO | Chunk: 2 | WER=0.000000 | S=0 D=0 I=0
2026-01-21 16:50:29,463 | INFO | Chunk: 3 | WER=100.000000 | S=1 D=0 I=0
2026-01-21 16:50:29,463 | INFO | Chunk: 4 | WER=100.000000 | S=2 D=2 I=0
2026-01-21 16:50:29,463 | INFO | Chunk: 5 | WER=66.666667 | S=1 D=1 I=0
2026-01-21 16:50:29,463 | INFO | Chunk: 6 | WER=100.000000 | S=2 D=0 I=0
2026-01-21 16:50:29,463 | INFO | Chunk: 7 | WER=450.000000 | S=2 D=0 I=7
2026-01-21 16:50:29,463 | INFO | Chunk: 8 | WER=1000.000000 | S=1 D=0 I=9
2026-01-21 16:50:29,464 | INFO | Chunk: 9 | WER=55.555556 | S=4 D=1 I=0
2026-01-21 16:50:29,464 | INFO | Chunk: 10 | WER=0.000000 | S=0 D=0 I=0
2026-01-21 16:50:29,464 | INFO | Chunk: 11 | WER=28.571429 | S=2 D=0 I=0
2026-01-21 16:50:29,464 | INFO | Chunk: 12 | WER=0.000000 | S=0 D=0 I=0
2026-01-21 16:50:29,464 | INFO | Chunk: 13 | WER=0.000000 | S=0 D=0 I=0
2026-01-21 16:50:29,465 | INFO | Chunk: 14 | WER=57.142857 | S=2 D=2 I=0
2026-01-21 16:50:29,465 | INFO | Chunk: 15 | WER=0.000000 | S=0 D=0 I=0
2026-01-21 16:50:29,465 | INFO | Chunk: 16 | WER=12.500000 | S=0 D=1 I=0
2026-01-21 16:50:29,465 | INFO | Chunk: 17 | WER=0.000000 | S=0 D=0 I=0
2026-01-21 16:50:29,465 | INFO | Chunk: 18 | WER=100.000000 | S=1 D=0 I=0
2026-01-21 16:50:29,465 | INFO | Chunk: 19 | WER=100.000000 | S=1 D=0 I=0
2026-01-21 16:50:29,465 | INFO | Chunk: 20 | WER=100.000000 | S=1 D=0 I=0
2026-01-21 16:50:29,466 | INFO | Chunk: 21 | WER=400.000000 | S=1 D=0 I=3
2026-01-21 16:50:29,466 | INFO | Chunk: 22 | WER=33.333333 | S=1 D=0 I=0
2026-01-21 16:50:29,466 | INFO | Chunk: 23 | WER=100.000000 | S=3 D=0 I=1
2026-01-21 16:50:29,466 | INFO | Chunk: 24 | WER=40.000000 | S=2 D=0 I=0
2026-01-21 16:50:29,466 | INFO | Chunk: 25 | WER=12.500000 | S=1 D=0 I=0
2026-01-21 16:50:29,466 | INFO | Chunk: 26 | WER=80.000000 | S=2 D=2 I=0
2026-01-21 16:50:29,466 | INFO | Chunk: 27 | WER=20.000000 | S=0 D=1 I=0
2026-01-21 16:50:29,467 | INFO | Chunk: 28 | WER=16.666667 | S=1 D=0 I=0
2026-01-21 16:50:29,467 | INFO | Chunk: 29 | WER=60.000000 | S=2 D=1 I=0
2026-01-21 16:50:29,467 | INFO | Chunk: 30 | WER=100.000000 | S=1 D=1 I=0
2026-01-21 16:50:29,467 | INFO | Chunk: 31 | WER=33.333333 | S=1 D=0 I=0
2026-01-21 16:50:29,467 | INFO | Chunk: 32 | WER=100.000000 | S=3 D=1 I=0
2026-01-21 16:50:29,467 | INFO | Chunk: 33 | WER=0.000000 | S=0 D=0 I=0
2026-01-21 16:50:29,468 | INFO | Chunk: 34 | WER=66.666667 | S=2 D=1 I=1
2026-01-21 16:50:29,468 | INFO | Chunk: 35 | WER=150.000000 | S=2 D=0 I=1
2026-01-21 16:50:29,468 | INFO | Chunk: 36 | WER=40.000000 | S=1 D=0 I=1
2026-01-21 16:50:29,468 | INFO | Chunk: 37 | WER=25.000000 | S=1 D=0 I=0
2026-01-21 16:50:29,468 | INFO | Chunk: 38 | WER=14.285714 | S=1 D=0 I=0
2026-01-21 16:50:29,468 | INFO | Chunk: 39 | WER=25.000000 | S=2 D=0 I=0
2026-01-21 16:50:29,469 | INFO | Chunk: 40 | WER=75.000000 | S=3 D=3 I=0
2026-01-21 16:50:29,469 | INFO | Chunk: 41 | WER=100.000000 | S=1 D=1 I=0
2026-01-21 16:50:29,469 | INFO | Chunk: 42 | WER=100.000000 | S=1 D=1 I=0
2026-01-21 16:50:29,469 | INFO | Chunk: 43 | WER=0.000000 | S=0 D=0 I=0
2026-01-21 16:50:29,469 | INFO | ------------------------------
2026-01-21 16:50:29,469 | INFO | ------------------------------
2026-01-21 16:50:29,484 | INFO | File: CCM-003998-01_L01.wav | WER=46.857143 | S=46 D=7 I=29
2026-01-21 16:50:29,485 | INFO | ------------------------------
2026-01-21 16:50:29,485 | INFO |  File duration: 94.87673469387755 seconds
2026-01-21 16:50:35,159 | INFO | Using Silero VAD model
2026-01-21 16:50:36,749 | INFO | Number of chunks: 17
2026-01-21 16:50:44,528 | INFO | Chunk: 0 | WER=5.555556 | S=1 D=0 I=0
2026-01-21 16:50:44,528 | INFO | Chunk: 1 | WER=0.000000 | S=0 D=0 I=0
2026-01-21 16:50:44,529 | INFO | Chunk: 2 | WER=16.666667 | S=1 D=0 I=0
2026-01-21 16:50:44,529 | INFO | Chunk: 3 | WER=22.222222 | S=2 D=0 I=0
2026-01-21 16:50:44,529 | INFO | Chunk: 4 | WER=5.882353 | S=1 D=0 I=0
2026-01-21 16:50:44,529 | INFO | Chunk: 5 | WER=0.000000 | S=0 D=0 I=0
2026-01-21 16:50:44,530 | INFO | Chunk: 6 | WER=62.500000 | S=4 D=1 I=0
2026-01-21 16:50:44,530 | INFO | Chunk: 7 | WER=22.222222 | S=0 D=2 I=0
2026-01-21 16:50:44,530 | INFO | Chunk: 8 | WER=21.739130 | S=3 D=2 I=0
2026-01-21 16:50:44,531 | INFO | Chunk: 9 | WER=42.857143 | S=4 D=2 I=0
2026-01-21 16:50:44,531 | INFO | Chunk: 10 | WER=18.181818 | S=0 D=2 I=0
2026-01-21 16:50:44,531 | INFO | Chunk: 11 | WER=100.000000 | S=3 D=0 I=0
2026-01-21 16:50:44,531 | INFO | Chunk: 12 | WER=22.222222 | S=2 D=0 I=0
2026-01-21 16:50:44,532 | INFO | Chunk: 13 | WER=14.285714 | S=1 D=0 I=0
2026-01-21 16:50:44,532 | INFO | Chunk: 14 | WER=12.500000 | S=1 D=0 I=0
2026-01-21 16:50:44,532 | INFO | Chunk: 15 | WER=0.000000 | S=0 D=0 I=0
2026-01-21 16:50:44,532 | INFO | Chunk: 16 | WER=37.500000 | S=1 D=2 I=0
2026-01-21 16:50:44,532 | INFO | ------------------------------
2026-01-21 16:50:44,532 | INFO | ------------------------------
2026-01-21 16:50:44,546 | INFO | File: CCM-004523-01_L01.wav | WER=18.823529 | S=22 D=7 I=3
2026-01-21 16:50:44,546 | INFO | ------------------------------
2026-01-21 16:50:44,546 | INFO |  File duration: 74.86113378684807 seconds
2026-01-21 16:50:51,210 | INFO | Using Silero VAD model
2026-01-21 16:50:52,231 | INFO | Number of chunks: 7
2026-01-21 16:50:59,958 | INFO | Chunk: 0 | WER=45.000000 | S=3 D=6 I=0
2026-01-21 16:50:59,958 | INFO | Chunk: 1 | WER=46.153846 | S=6 D=5 I=1
2026-01-21 16:50:59,959 | INFO | Chunk: 2 | WER=30.555556 | S=4 D=7 I=0
2026-01-21 16:50:59,960 | INFO | Chunk: 3 | WER=21.052632 | S=1 D=3 I=0
2026-01-21 16:50:59,960 | INFO | Chunk: 4 | WER=57.142857 | S=6 D=9 I=1
2026-01-21 16:50:59,961 | INFO | Chunk: 5 | WER=76.923077 | S=6 D=4 I=0
2026-01-21 16:50:59,962 | INFO | Chunk: 6 | WER=70.149254 | S=18 D=26 I=3
2026-01-21 16:50:59,962 | INFO | ------------------------------
2026-01-21 16:50:59,962 | INFO | ------------------------------
2026-01-21 16:50:59,975 | INFO | File: CCM-004538-01_L01.wav | WER=47.752809 | S=41 D=34 I=10
2026-01-21 16:50:59,975 | INFO | ------------------------------
2026-01-21 16:50:59,975 | WARNING | The file /vol/corpora/TAPAS_FRAIS/Data_partagees_ParisTypaloc-TapasFrais/8-CEREB/CCM-004773-01_L01.wav does not exist
2026-01-21 16:50:59,975 | INFO | ===================== GLOBAL WER ======================
2026-01-21 16:50:59,975 | INFO | The number of files is 7
2026-01-21 16:50:59,975 | INFO | WER: 39.72%
2026-01-21 16:50:59,976 | INFO | =============================================================
