2026-01-21 17:09:22,968 | INFO | Fetch hyperparams.yaml: Using file found at '/vol/experiments3/imbenamor/TAPAS-FRAIS/models/asr-whisper-large-v2-commonvoice-fr/hyperparams.yaml'
2026-01-21 17:09:22,968 | DEBUG | Fetch: Source and destination '/vol/experiments3/imbenamor/TAPAS-FRAIS/models/asr-whisper-large-v2-commonvoice-fr/custom.py' are identical, returning assuming this is intended
2026-01-21 17:09:25,599 | WARNING | speechbrain.lobes.models.huggingface_transformers.huggingface - WhisperModel is frozen.
2026-01-21 17:09:25,599 | WARNING | speechbrain.lobes.models.huggingface_transformers.whisper - whisper encoder-decoder is frozen.
2026-01-21 17:09:25,987 | DEBUG | Collecting files (or symlinks) for pretraining in /vol/experiments3/imbenamor/TAPAS-FRAIS/models/asr-whisper-large-v2-commonvoice-fr.
2026-01-21 17:09:25,987 | INFO | Fetch whisper.ckpt: Using file found at '/vol/experiments3/imbenamor/TAPAS-FRAIS/models/asr-whisper-large-v2-commonvoice-fr/whisper.ckpt'
2026-01-21 17:09:25,988 | DEBUG | Set local path in self.paths["whisper"] = /vol/experiments3/imbenamor/TAPAS-FRAIS/models/asr-whisper-large-v2-commonvoice-fr/whisper.ckpt
2026-01-21 17:09:25,988 | INFO | Loading pretrained files for: whisper
2026-01-21 17:09:25,988 | DEBUG | Redirecting (loading from local path): whisper -> /vol/experiments3/imbenamor/TAPAS-FRAIS/models/asr-whisper-large-v2-commonvoice-fr/whisper.ckpt
2026-01-21 17:09:32,095 | INFO |  File duration: 68.39650793650793 seconds
2026-01-21 17:09:40,716 | INFO | Using Silero VAD model
2026-01-21 17:09:41,700 | INFO | Number of chunks: 8
2026-01-21 17:09:52,770 | INFO | Chunk: 0 | WER=6.250000 | S=1 D=1 I=0
2026-01-21 17:09:52,771 | INFO | Chunk: 1 | WER=22.222222 | S=2 D=0 I=0
2026-01-21 17:09:52,771 | INFO | Chunk: 2 | WER=0.000000 | S=0 D=0 I=0
2026-01-21 17:09:52,771 | INFO | Chunk: 3 | WER=0.000000 | S=0 D=0 I=0
2026-01-21 17:09:52,772 | INFO | Chunk: 4 | WER=0.000000 | S=0 D=0 I=0
2026-01-21 17:09:52,774 | INFO | Chunk: 5 | WER=28.813559 | S=11 D=6 I=0
2026-01-21 17:09:52,774 | INFO | Chunk: 6 | WER=6.666667 | S=1 D=0 I=0
2026-01-21 17:09:52,774 | INFO | Chunk: 7 | WER=14.285714 | S=1 D=1 I=0
2026-01-21 17:09:52,775 | INFO | ------------------------------
2026-01-21 17:09:52,775 | INFO | ------------------------------
2026-01-21 17:09:52,789 | INFO | File: AEX-CAB000-02_L01.wav | WER=13.559322 | S=16 D=8 I=0
2026-01-21 17:09:52,789 | INFO | ------------------------------
2026-01-21 17:09:52,789 | INFO |  File duration: 71.22968253968254 seconds
2026-01-21 17:09:59,640 | INFO | Using Silero VAD model
2026-01-21 17:10:00,774 | INFO | Number of chunks: 16
2026-01-21 17:10:13,902 | INFO | Chunk: 0 | WER=0.000000 | S=0 D=0 I=0
2026-01-21 17:10:13,903 | INFO | Chunk: 1 | WER=50.000000 | S=2 D=0 I=3
2026-01-21 17:10:13,903 | INFO | Chunk: 2 | WER=250.000000 | S=2 D=0 I=3
2026-01-21 17:10:13,903 | INFO | Chunk: 3 | WER=0.000000 | S=0 D=0 I=0
2026-01-21 17:10:13,903 | INFO | Chunk: 4 | WER=22.222222 | S=2 D=0 I=0
2026-01-21 17:10:13,904 | INFO | Chunk: 5 | WER=0.000000 | S=0 D=0 I=0
2026-01-21 17:10:13,904 | INFO | Chunk: 6 | WER=0.000000 | S=0 D=0 I=0
2026-01-21 17:10:13,904 | INFO | Chunk: 7 | WER=0.000000 | S=0 D=0 I=0
2026-01-21 17:10:13,905 | INFO | Chunk: 8 | WER=0.000000 | S=0 D=0 I=0
2026-01-21 17:10:13,905 | INFO | Chunk: 9 | WER=20.000000 | S=2 D=0 I=0
2026-01-21 17:10:13,905 | INFO | Chunk: 10 | WER=9.090909 | S=1 D=0 I=0
2026-01-21 17:10:13,906 | INFO | Chunk: 11 | WER=30.000000 | S=0 D=6 I=0
2026-01-21 17:10:13,906 | INFO | Chunk: 12 | WER=100.000000 | S=1 D=1 I=0
2026-01-21 17:10:13,906 | INFO | Chunk: 13 | WER=0.000000 | S=0 D=0 I=0
2026-01-21 17:10:13,907 | INFO | Chunk: 14 | WER=4.761905 | S=1 D=0 I=0
2026-01-21 17:10:13,907 | INFO | Chunk: 15 | WER=50.000000 | S=4 D=0 I=0
2026-01-21 17:10:13,907 | INFO | ------------------------------
2026-01-21 17:10:13,907 | INFO | ------------------------------
2026-01-21 17:10:13,924 | INFO | File: AEX-CAC000-02_L01.wav | WER=13.068182 | S=11 D=1 I=11
2026-01-21 17:10:13,924 | INFO | ------------------------------
2026-01-21 17:10:13,924 | INFO |  File duration: 70.09696145124717 seconds
2026-01-21 17:10:22,439 | INFO | Using Silero VAD model
2026-01-21 17:10:23,441 | INFO | Number of chunks: 12
2026-01-21 17:10:35,162 | INFO | Chunk: 0 | WER=0.000000 | S=0 D=0 I=0
2026-01-21 17:10:35,163 | INFO | Chunk: 1 | WER=0.000000 | S=0 D=0 I=0
2026-01-21 17:10:35,163 | INFO | Chunk: 2 | WER=22.222222 | S=2 D=0 I=0
2026-01-21 17:10:35,164 | INFO | Chunk: 3 | WER=0.000000 | S=0 D=0 I=0
2026-01-21 17:10:35,164 | INFO | Chunk: 4 | WER=0.000000 | S=0 D=0 I=0
2026-01-21 17:10:35,164 | INFO | Chunk: 5 | WER=0.000000 | S=0 D=0 I=0
2026-01-21 17:10:35,164 | INFO | Chunk: 6 | WER=0.000000 | S=0 D=0 I=0
2026-01-21 17:10:35,165 | INFO | Chunk: 7 | WER=0.000000 | S=0 D=0 I=0
2026-01-21 17:10:35,165 | INFO | Chunk: 8 | WER=18.181818 | S=2 D=0 I=0
2026-01-21 17:10:35,166 | INFO | Chunk: 9 | WER=37.500000 | S=4 D=1 I=1
2026-01-21 17:10:35,166 | INFO | Chunk: 10 | WER=0.000000 | S=0 D=0 I=0
2026-01-21 17:10:35,166 | INFO | Chunk: 11 | WER=13.333333 | S=1 D=3 I=0
2026-01-21 17:10:35,167 | INFO | ------------------------------
2026-01-21 17:10:35,167 | INFO | ------------------------------
2026-01-21 17:10:35,181 | INFO | File: AEX-CAG000-01_L01.wav | WER=7.954545 | S=9 D=3 I=2
2026-01-21 17:10:35,181 | INFO | ------------------------------
2026-01-21 17:10:35,181 | INFO |  File duration: 75.73018140589569 seconds
2026-01-21 17:10:42,090 | INFO | Using Silero VAD model
2026-01-21 17:10:43,128 | INFO | Number of chunks: 14
2026-01-21 17:10:56,959 | INFO | Chunk: 0 | WER=0.000000 | S=0 D=0 I=0
2026-01-21 17:10:56,960 | INFO | Chunk: 1 | WER=280.000000 | S=5 D=0 I=9
2026-01-21 17:10:56,960 | INFO | Chunk: 2 | WER=8.695652 | S=2 D=0 I=0
2026-01-21 17:10:56,961 | INFO | Chunk: 3 | WER=0.000000 | S=0 D=0 I=0
2026-01-21 17:10:56,961 | INFO | Chunk: 4 | WER=66.666667 | S=3 D=0 I=3
2026-01-21 17:10:56,961 | INFO | Chunk: 5 | WER=0.000000 | S=0 D=0 I=0
2026-01-21 17:10:56,961 | INFO | Chunk: 6 | WER=0.000000 | S=0 D=0 I=0
2026-01-21 17:10:56,962 | INFO | Chunk: 7 | WER=0.000000 | S=0 D=0 I=0
2026-01-21 17:10:56,962 | INFO | Chunk: 8 | WER=0.000000 | S=0 D=0 I=0
2026-01-21 17:10:56,963 | INFO | Chunk: 9 | WER=12.000000 | S=3 D=0 I=0
2026-01-21 17:10:56,963 | INFO | Chunk: 10 | WER=9.090909 | S=1 D=0 I=0
2026-01-21 17:10:56,963 | INFO | Chunk: 11 | WER=0.000000 | S=0 D=0 I=0
2026-01-21 17:10:56,963 | INFO | Chunk: 12 | WER=13.333333 | S=1 D=0 I=1
2026-01-21 17:10:56,964 | INFO | Chunk: 13 | WER=42.857143 | S=2 D=1 I=0
2026-01-21 17:10:56,964 | INFO | ------------------------------
2026-01-21 17:10:56,964 | INFO | ------------------------------
2026-01-21 17:10:56,980 | INFO | File: AEX-CLJ000-02_L01.wav | WER=17.613636 | S=8 D=1 I=22
2026-01-21 17:10:56,980 | INFO | ------------------------------
2026-01-21 17:10:56,980 | INFO |  File duration: 58.55369614512472 seconds
2026-01-21 17:11:04,939 | INFO | Using Silero VAD model
2026-01-21 17:11:05,937 | INFO | Number of chunks: 5
2026-01-21 17:11:16,963 | INFO | Chunk: 0 | WER=6.250000 | S=2 D=0 I=0
2026-01-21 17:11:16,963 | INFO | Chunk: 1 | WER=22.222222 | S=2 D=0 I=0
2026-01-21 17:11:16,965 | INFO | Chunk: 2 | WER=2.083333 | S=1 D=0 I=0
2026-01-21 17:11:16,967 | INFO | Chunk: 3 | WER=32.203390 | S=6 D=8 I=5
2026-01-21 17:11:16,967 | INFO | Chunk: 4 | WER=6.666667 | S=1 D=1 I=0
2026-01-21 17:11:16,968 | INFO | ------------------------------
2026-01-21 17:11:16,968 | INFO | ------------------------------
2026-01-21 17:11:16,982 | INFO | File: AEX-CML000-01_L01.wav | WER=14.772727 | S=12 D=8 I=6
2026-01-21 17:11:16,982 | INFO | ------------------------------
2026-01-21 17:11:16,982 | INFO |  File duration: 76.21907029478459 seconds
2026-01-21 17:11:25,581 | INFO | Using Silero VAD model
2026-01-21 17:11:26,650 | INFO | Number of chunks: 15
2026-01-21 17:11:38,765 | INFO | Chunk: 0 | WER=5.555556 | S=1 D=0 I=0
2026-01-21 17:11:38,766 | INFO | Chunk: 1 | WER=14.285714 | S=1 D=1 I=0
2026-01-21 17:11:38,766 | INFO | Chunk: 2 | WER=11.111111 | S=1 D=0 I=0
2026-01-21 17:11:38,766 | INFO | Chunk: 3 | WER=0.000000 | S=0 D=0 I=0
2026-01-21 17:11:38,767 | INFO | Chunk: 4 | WER=0.000000 | S=0 D=0 I=0
2026-01-21 17:11:38,767 | INFO | Chunk: 5 | WER=0.000000 | S=0 D=0 I=0
2026-01-21 17:11:38,768 | INFO | Chunk: 6 | WER=0.000000 | S=0 D=0 I=0
2026-01-21 17:11:38,768 | INFO | Chunk: 7 | WER=0.000000 | S=0 D=0 I=0
2026-01-21 17:11:38,768 | INFO | Chunk: 8 | WER=18.181818 | S=2 D=0 I=0
2026-01-21 17:11:38,768 | INFO | Chunk: 9 | WER=14.285714 | S=1 D=1 I=0
2026-01-21 17:11:38,768 | INFO | Chunk: 10 | WER=100.000000 | S=2 D=0 I=0
2026-01-21 17:11:38,769 | INFO | Chunk: 11 | WER=12.500000 | S=2 D=0 I=0
2026-01-21 17:11:38,769 | INFO | Chunk: 12 | WER=35.294118 | S=2 D=4 I=0
2026-01-21 17:11:38,769 | INFO | Chunk: 13 | WER=100.000000 | S=2 D=1 I=0
2026-01-21 17:11:38,769 | INFO | Chunk: 14 | WER=0.000000 | S=0 D=0 I=0
2026-01-21 17:11:38,770 | INFO | ------------------------------
2026-01-21 17:11:38,770 | INFO | ------------------------------
2026-01-21 17:11:38,784 | INFO | File: AEX-CSR000-01_L01.wav | WER=10.169492 | S=14 D=4 I=0
2026-01-21 17:11:38,784 | INFO | ------------------------------
2026-01-21 17:11:38,784 | INFO |  File duration: 86.34117913832199 seconds
2026-01-21 17:11:44,540 | INFO | Using Silero VAD model
2026-01-21 17:11:45,852 | INFO | Number of chunks: 21
2026-01-21 17:12:00,106 | INFO | Chunk: 0 | WER=100.000000 | S=2 D=0 I=0
2026-01-21 17:12:00,107 | INFO | Chunk: 1 | WER=0.000000 | S=0 D=0 I=0
2026-01-21 17:12:00,107 | INFO | Chunk: 2 | WER=0.000000 | S=0 D=0 I=0
2026-01-21 17:12:00,107 | INFO | Chunk: 3 | WER=0.000000 | S=0 D=0 I=0
2026-01-21 17:12:00,108 | INFO | Chunk: 4 | WER=22.222222 | S=2 D=0 I=0
2026-01-21 17:12:00,108 | INFO | Chunk: 5 | WER=0.000000 | S=0 D=0 I=0
2026-01-21 17:12:00,108 | INFO | Chunk: 6 | WER=0.000000 | S=0 D=0 I=0
2026-01-21 17:12:00,108 | INFO | Chunk: 7 | WER=0.000000 | S=0 D=0 I=0
2026-01-21 17:12:00,109 | INFO | Chunk: 8 | WER=0.000000 | S=0 D=0 I=0
2026-01-21 17:12:00,109 | INFO | Chunk: 9 | WER=0.000000 | S=0 D=0 I=0
2026-01-21 17:12:00,109 | INFO | Chunk: 10 | WER=0.000000 | S=0 D=0 I=0
2026-01-21 17:12:00,109 | INFO | Chunk: 11 | WER=0.000000 | S=0 D=0 I=0
2026-01-21 17:12:00,110 | INFO | Chunk: 12 | WER=18.181818 | S=2 D=0 I=0
2026-01-21 17:12:00,110 | INFO | Chunk: 13 | WER=7.142857 | S=1 D=0 I=0
2026-01-21 17:12:00,110 | INFO | Chunk: 14 | WER=0.000000 | S=0 D=0 I=0
2026-01-21 17:12:00,110 | INFO | Chunk: 15 | WER=0.000000 | S=0 D=0 I=0
2026-01-21 17:12:00,111 | INFO | Chunk: 16 | WER=22.222222 | S=2 D=0 I=0
2026-01-21 17:12:00,111 | INFO | Chunk: 17 | WER=0.000000 | S=0 D=0 I=0
2026-01-21 17:12:00,111 | INFO | Chunk: 18 | WER=33.333333 | S=1 D=1 I=0
2026-01-21 17:12:00,111 | INFO | Chunk: 19 | WER=100.000000 | S=1 D=0 I=0
2026-01-21 17:12:00,111 | INFO | Chunk: 20 | WER=0.000000 | S=0 D=0 I=0
2026-01-21 17:12:00,111 | INFO | ------------------------------
2026-01-21 17:12:00,111 | INFO | ------------------------------
2026-01-21 17:12:00,126 | INFO | File: BEX-CDB000-01_L01.wav | WER=6.857143 | S=9 D=1 I=2
2026-01-21 17:12:00,126 | INFO | ------------------------------
2026-01-21 17:12:00,126 | INFO |  File duration: 72.99619047619048 seconds
2026-01-21 17:12:07,869 | INFO | Using Silero VAD model
2026-01-21 17:12:08,967 | INFO | Number of chunks: 9
2026-01-21 17:12:21,446 | INFO | Chunk: 0 | WER=100.000000 | S=2 D=0 I=0
2026-01-21 17:12:21,446 | INFO | Chunk: 1 | WER=0.000000 | S=0 D=0 I=0
2026-01-21 17:12:21,447 | INFO | Chunk: 2 | WER=13.043478 | S=3 D=0 I=0
2026-01-21 17:12:21,448 | INFO | Chunk: 3 | WER=3.333333 | S=1 D=0 I=0
2026-01-21 17:12:21,448 | INFO | Chunk: 4 | WER=36.363636 | S=1 D=3 I=0
2026-01-21 17:12:21,448 | INFO | Chunk: 5 | WER=0.000000 | S=0 D=0 I=0
2026-01-21 17:12:21,449 | INFO | Chunk: 6 | WER=5.555556 | S=0 D=2 I=0
2026-01-21 17:12:21,450 | INFO | Chunk: 7 | WER=4.000000 | S=1 D=0 I=0
2026-01-21 17:12:21,450 | INFO | Chunk: 8 | WER=13.333333 | S=3 D=1 I=0
2026-01-21 17:12:21,450 | INFO | ------------------------------
2026-01-21 17:12:21,451 | INFO | ------------------------------
2026-01-21 17:12:21,465 | INFO | File: BEX-CEB000-01_L01.wav | WER=7.954545 | S=8 D=3 I=3
2026-01-21 17:12:21,465 | INFO | ------------------------------
2026-01-21 17:12:21,465 | INFO |  File duration: 60.74340136054422 seconds
2026-01-21 17:12:29,371 | INFO | Using Silero VAD model
2026-01-21 17:12:30,510 | INFO | Number of chunks: 3
2026-01-21 17:12:38,667 | INFO | Chunk: 0 | WER=58.426966 | S=8 D=43 I=1
2026-01-21 17:12:38,668 | INFO | Chunk: 1 | WER=2.941176 | S=1 D=0 I=0
2026-01-21 17:12:38,670 | INFO | Chunk: 2 | WER=46.296296 | S=2 D=22 I=1
2026-01-21 17:12:38,670 | INFO | ------------------------------
2026-01-21 17:12:38,670 | INFO | ------------------------------
2026-01-21 17:12:38,680 | INFO | File: BEX-CHE000-01_L01.wav | WER=44.067797 | S=11 D=65 I=2
2026-01-21 17:12:38,680 | INFO | ------------------------------
2026-01-21 17:12:38,680 | INFO |  File duration: 77.60358276643991 seconds
2026-01-21 17:12:46,903 | INFO | Using Silero VAD model
2026-01-21 17:12:48,075 | INFO | Number of chunks: 14
2026-01-21 17:13:01,609 | INFO | Chunk: 0 | WER=100.000000 | S=2 D=0 I=0
2026-01-21 17:13:01,609 | INFO | Chunk: 1 | WER=0.000000 | S=0 D=0 I=0
2026-01-21 17:13:01,610 | INFO | Chunk: 2 | WER=0.000000 | S=0 D=0 I=0
2026-01-21 17:13:01,610 | INFO | Chunk: 3 | WER=22.222222 | S=2 D=0 I=0
2026-01-21 17:13:01,610 | INFO | Chunk: 4 | WER=0.000000 | S=0 D=0 I=0
2026-01-21 17:13:01,611 | INFO | Chunk: 5 | WER=0.000000 | S=0 D=0 I=0
2026-01-21 17:13:01,611 | INFO | Chunk: 6 | WER=5.555556 | S=1 D=0 I=0
2026-01-21 17:13:01,611 | INFO | Chunk: 7 | WER=0.000000 | S=0 D=0 I=0
2026-01-21 17:13:01,611 | INFO | Chunk: 8 | WER=0.000000 | S=0 D=0 I=0
2026-01-21 17:13:01,612 | INFO | Chunk: 9 | WER=16.000000 | S=3 D=0 I=1
2026-01-21 17:13:01,612 | INFO | Chunk: 10 | WER=0.000000 | S=0 D=0 I=0
2026-01-21 17:13:01,612 | INFO | Chunk: 11 | WER=22.222222 | S=2 D=0 I=0
2026-01-21 17:13:01,613 | INFO | Chunk: 12 | WER=14.285714 | S=2 D=1 I=0
2026-01-21 17:13:01,613 | INFO | Chunk: 13 | WER=50.000000 | S=4 D=0 I=0
2026-01-21 17:13:01,613 | INFO | ------------------------------
2026-01-21 17:13:01,613 | INFO | ------------------------------
2026-01-21 17:13:01,628 | INFO | File: BEX-CKN000-01_L01.wav | WER=10.169492 | S=14 D=1 I=3
2026-01-21 17:13:01,628 | INFO | ------------------------------
2026-01-21 17:13:01,628 | INFO |  File duration: 80.38402083333334 seconds
2026-01-21 17:13:10,559 | INFO | Using Silero VAD model
2026-01-21 17:13:11,629 | INFO | Number of chunks: 9
2026-01-21 17:13:24,338 | INFO | Chunk: 0 | WER=10.000000 | S=2 D=0 I=0
2026-01-21 17:13:24,338 | INFO | Chunk: 1 | WER=0.000000 | S=0 D=0 I=0
2026-01-21 17:13:24,338 | INFO | Chunk: 2 | WER=22.222222 | S=2 D=0 I=0
2026-01-21 17:13:24,339 | INFO | Chunk: 3 | WER=13.157895 | S=3 D=2 I=0
2026-01-21 17:13:24,340 | INFO | Chunk: 4 | WER=30.000000 | S=0 D=3 I=0
2026-01-21 17:13:24,341 | INFO | Chunk: 5 | WER=12.000000 | S=3 D=2 I=1
2026-01-21 17:13:24,342 | INFO | Chunk: 6 | WER=19.047619 | S=4 D=0 I=0
2026-01-21 17:13:24,342 | INFO | Chunk: 7 | WER=0.000000 | S=0 D=0 I=0
2026-01-21 17:13:24,342 | INFO | Chunk: 8 | WER=14.285714 | S=1 D=1 I=0
2026-01-21 17:13:24,342 | INFO | ------------------------------
2026-01-21 17:13:24,342 | INFO | ------------------------------
2026-01-21 17:13:24,357 | INFO | File: BEX-CMB000-01_L01.wav | WER=14.689266 | S=12 D=8 I=6
2026-01-21 17:13:24,357 | INFO | ------------------------------
2026-01-21 17:13:24,358 | INFO |  File duration: 77.83328798185941 seconds
2026-01-21 17:13:31,494 | INFO | Using Silero VAD model
2026-01-21 17:13:32,947 | INFO | Number of chunks: 13
2026-01-21 17:13:46,331 | INFO | Chunk: 0 | WER=100.000000 | S=2 D=0 I=0
2026-01-21 17:13:46,332 | INFO | Chunk: 1 | WER=0.000000 | S=0 D=0 I=0
2026-01-21 17:13:46,332 | INFO | Chunk: 2 | WER=14.285714 | S=1 D=1 I=0
2026-01-21 17:13:46,332 | INFO | Chunk: 3 | WER=22.222222 | S=2 D=0 I=0
2026-01-21 17:13:46,332 | INFO | Chunk: 4 | WER=11.764706 | S=1 D=1 I=0
2026-01-21 17:13:46,333 | INFO | Chunk: 5 | WER=0.000000 | S=0 D=0 I=0
2026-01-21 17:13:46,333 | INFO | Chunk: 6 | WER=16.666667 | S=0 D=2 I=1
2026-01-21 17:13:46,334 | INFO | Chunk: 7 | WER=0.000000 | S=0 D=0 I=0
2026-01-21 17:13:46,334 | INFO | Chunk: 8 | WER=21.428571 | S=2 D=1 I=0
2026-01-21 17:13:46,335 | INFO | Chunk: 9 | WER=100.000000 | S=1 D=1 I=0
2026-01-21 17:13:46,335 | INFO | Chunk: 10 | WER=30.769231 | S=4 D=0 I=0
2026-01-21 17:13:46,335 | INFO | Chunk: 11 | WER=9.523810 | S=1 D=1 I=0
2026-01-21 17:13:46,335 | INFO | Chunk: 12 | WER=50.000000 | S=4 D=0 I=0
2026-01-21 17:13:46,336 | INFO | ------------------------------
2026-01-21 17:13:46,336 | INFO | ------------------------------
2026-01-21 17:13:46,350 | INFO | File: BEX-CNKN00-01_L01.wav | WER=13.559322 | S=14 D=5 I=5
2026-01-21 17:13:46,350 | INFO | ------------------------------
2026-01-21 17:13:46,350 | INFO | ===================== GLOBAL WER ======================
2026-01-21 17:13:46,350 | INFO | The number of files is 12
2026-01-21 17:13:46,350 | INFO | WER: 14.54%
2026-01-21 17:13:46,350 | INFO | =============================================================
