2026-01-21 16:58:03,741 | INFO | Fetch hyperparams.yaml: Using file found at '/vol/experiments3/imbenamor/TAPAS-FRAIS/models/asr-whisper-large-v2-commonvoice-fr/hyperparams.yaml'
2026-01-21 16:58:03,741 | DEBUG | Fetch: Source and destination '/vol/experiments3/imbenamor/TAPAS-FRAIS/models/asr-whisper-large-v2-commonvoice-fr/custom.py' are identical, returning assuming this is intended
2026-01-21 16:58:06,513 | WARNING | speechbrain.lobes.models.huggingface_transformers.huggingface - WhisperModel is frozen.
2026-01-21 16:58:06,514 | WARNING | speechbrain.lobes.models.huggingface_transformers.whisper - whisper encoder-decoder is frozen.
2026-01-21 16:58:06,937 | DEBUG | Collecting files (or symlinks) for pretraining in /vol/experiments3/imbenamor/TAPAS-FRAIS/models/asr-whisper-large-v2-commonvoice-fr.
2026-01-21 16:58:06,937 | INFO | Fetch whisper.ckpt: Using file found at '/vol/experiments3/imbenamor/TAPAS-FRAIS/models/asr-whisper-large-v2-commonvoice-fr/whisper.ckpt'
2026-01-21 16:58:06,937 | DEBUG | Set local path in self.paths["whisper"] = /vol/experiments3/imbenamor/TAPAS-FRAIS/models/asr-whisper-large-v2-commonvoice-fr/whisper.ckpt
2026-01-21 16:58:06,937 | INFO | Loading pretrained files for: whisper
2026-01-21 16:58:06,938 | DEBUG | Redirecting (loading from local path): whisper -> /vol/experiments3/imbenamor/TAPAS-FRAIS/models/asr-whisper-large-v2-commonvoice-fr/whisper.ckpt
2026-01-21 16:58:13,317 | INFO |  File duration: 121.48680272108844 seconds
2026-01-21 16:58:23,258 | INFO | Using Silero VAD model
2026-01-21 16:58:25,128 | INFO | Number of chunks: 18
2026-01-21 16:58:36,995 | INFO | Chunk: 0 | WER=0.000000 | S=1 D=0 I=9
2026-01-21 16:58:36,996 | INFO | Chunk: 1 | WER=60.000000 | S=7 D=5 I=0
2026-01-21 16:58:36,996 | INFO | Chunk: 2 | WER=75.000000 | S=6 D=0 I=0
2026-01-21 16:58:36,997 | INFO | Chunk: 3 | WER=17.647059 | S=1 D=2 I=0
2026-01-21 16:58:36,997 | INFO | Chunk: 4 | WER=14.285714 | S=1 D=0 I=0
2026-01-21 16:58:36,998 | INFO | Chunk: 5 | WER=78.947368 | S=14 D=16 I=0
2026-01-21 16:58:36,998 | INFO | Chunk: 6 | WER=100.000000 | S=2 D=3 I=0
2026-01-21 16:58:36,998 | INFO | Chunk: 7 | WER=100.000000 | S=3 D=3 I=0
2026-01-21 16:58:36,998 | INFO | Chunk: 8 | WER=75.000000 | S=9 D=3 I=0
2026-01-21 16:58:36,999 | INFO | Chunk: 9 | WER=88.888889 | S=6 D=2 I=0
2026-01-21 16:58:36,999 | INFO | Chunk: 10 | WER=85.714286 | S=11 D=1 I=0
2026-01-21 16:58:36,999 | INFO | Chunk: 11 | WER=0.000000 | S=1 D=0 I=5
2026-01-21 16:58:37,000 | INFO | Chunk: 12 | WER=82.352941 | S=9 D=5 I=0
2026-01-21 16:58:37,000 | INFO | Chunk: 13 | WER=100.000000 | S=1 D=3 I=0
2026-01-21 16:58:37,000 | INFO | Chunk: 14 | WER=90.909091 | S=9 D=1 I=0
2026-01-21 16:58:37,000 | INFO | Chunk: 15 | WER=60.000000 | S=2 D=4 I=0
2026-01-21 16:58:37,001 | INFO | Chunk: 16 | WER=43.750000 | S=4 D=3 I=0
2026-01-21 16:58:37,001 | INFO | Chunk: 17 | WER=75.000000 | S=3 D=3 I=0
2026-01-21 16:58:37,001 | INFO | ------------------------------
2026-01-21 16:58:37,001 | INFO | ------------------------------
2026-01-21 16:58:37,016 | INFO | File: CCM-002710-01_L01.wav | WER=72.571429 | S=100 D=17 I=10
2026-01-21 16:58:37,016 | INFO | ------------------------------
2026-01-21 16:58:37,016 | INFO |  File duration: 127.0595918367347 seconds
2026-01-21 16:58:47,016 | INFO | Using Silero VAD model
2026-01-21 16:58:48,925 | INFO | Number of chunks: 24
2026-01-21 16:59:03,376 | INFO | Chunk: 0 | WER=23.076923 | S=1 D=0 I=2
2026-01-21 16:59:03,376 | INFO | Chunk: 1 | WER=16.666667 | S=0 D=1 I=0
2026-01-21 16:59:03,377 | INFO | Chunk: 2 | WER=20.000000 | S=2 D=1 I=0
2026-01-21 16:59:03,377 | INFO | Chunk: 3 | WER=40.000000 | S=2 D=0 I=0
2026-01-21 16:59:03,377 | INFO | Chunk: 4 | WER=0.000000 | S=0 D=0 I=0
2026-01-21 16:59:03,377 | INFO | Chunk: 5 | WER=200.000000 | S=1 D=0 I=1
2026-01-21 16:59:03,377 | INFO | Chunk: 6 | WER=13.333333 | S=2 D=0 I=0
2026-01-21 16:59:03,378 | INFO | Chunk: 7 | WER=300.000000 | S=1 D=0 I=2
2026-01-21 16:59:03,378 | INFO | Chunk: 8 | WER=100.000000 | S=3 D=0 I=0
2026-01-21 16:59:03,378 | INFO | Chunk: 9 | WER=20.000000 | S=1 D=2 I=0
2026-01-21 16:59:03,378 | INFO | Chunk: 10 | WER=20.000000 | S=1 D=0 I=0
2026-01-21 16:59:03,378 | INFO | Chunk: 11 | WER=50.000000 | S=2 D=0 I=1
2026-01-21 16:59:03,379 | INFO | Chunk: 12 | WER=42.857143 | S=2 D=0 I=1
2026-01-21 16:59:03,379 | INFO | Chunk: 13 | WER=25.000000 | S=1 D=3 I=0
2026-01-21 16:59:03,379 | INFO | Chunk: 14 | WER=42.857143 | S=1 D=2 I=0
2026-01-21 16:59:03,379 | INFO | Chunk: 15 | WER=33.333333 | S=1 D=0 I=0
2026-01-21 16:59:03,379 | INFO | Chunk: 16 | WER=33.333333 | S=1 D=0 I=0
2026-01-21 16:59:03,380 | INFO | Chunk: 17 | WER=50.000000 | S=4 D=0 I=0
2026-01-21 16:59:03,380 | INFO | Chunk: 18 | WER=33.333333 | S=1 D=0 I=0
2026-01-21 16:59:03,380 | INFO | Chunk: 19 | WER=20.000000 | S=1 D=0 I=0
2026-01-21 16:59:03,380 | INFO | Chunk: 20 | WER=37.500000 | S=1 D=2 I=0
2026-01-21 16:59:03,381 | INFO | Chunk: 21 | WER=35.000000 | S=7 D=0 I=0
2026-01-21 16:59:03,381 | INFO | Chunk: 22 | WER=45.454545 | S=2 D=2 I=1
2026-01-21 16:59:03,381 | INFO | Chunk: 23 | WER=55.555556 | S=5 D=0 I=0
2026-01-21 16:59:03,381 | INFO | ------------------------------
2026-01-21 16:59:03,381 | INFO | ------------------------------
2026-01-21 16:59:03,396 | INFO | File: CCM-003094-01_L01.wav | WER=30.285714 | S=38 D=3 I=12
2026-01-21 16:59:03,396 | INFO | ------------------------------
2026-01-21 16:59:03,396 | INFO |  File duration: 91.39374149659864 seconds
2026-01-21 16:59:14,913 | INFO | Using Silero VAD model
2026-01-21 16:59:16,549 | INFO | Number of chunks: 12
2026-01-21 16:59:27,439 | INFO | Chunk: 0 | WER=0.000000 | S=1 D=0 I=2
2026-01-21 16:59:27,439 | INFO | Chunk: 1 | WER=0.000000 | S=1 D=0 I=3
2026-01-21 16:59:27,440 | INFO | Chunk: 2 | WER=7.142857 | S=0 D=1 I=0
2026-01-21 16:59:27,440 | INFO | Chunk: 3 | WER=30.769231 | S=5 D=3 I=0
2026-01-21 16:59:27,441 | INFO | Chunk: 4 | WER=27.777778 | S=3 D=2 I=0
2026-01-21 16:59:27,441 | INFO | Chunk: 5 | WER=13.333333 | S=0 D=2 I=0
2026-01-21 16:59:27,442 | INFO | Chunk: 6 | WER=10.526316 | S=1 D=1 I=0
2026-01-21 16:59:27,442 | INFO | Chunk: 7 | WER=8.333333 | S=1 D=1 I=0
2026-01-21 16:59:27,442 | INFO | Chunk: 8 | WER=18.181818 | S=2 D=0 I=0
2026-01-21 16:59:27,443 | INFO | Chunk: 9 | WER=31.250000 | S=2 D=3 I=0
2026-01-21 16:59:27,444 | INFO | Chunk: 10 | WER=25.714286 | S=3 D=6 I=0
2026-01-21 16:59:27,444 | INFO | Chunk: 11 | WER=55.555556 | S=4 D=1 I=0
2026-01-21 16:59:27,444 | INFO | ------------------------------
2026-01-21 16:59:27,444 | INFO | ------------------------------
2026-01-21 16:59:27,458 | INFO | File: CCM-003110-01_L01.wav | WER=19.186047 | S=21 D=5 I=7
2026-01-21 16:59:27,458 | INFO | ------------------------------
2026-01-21 16:59:27,458 | INFO |  File duration: 122.32272108843537 seconds
2026-01-21 16:59:39,151 | INFO | Using Silero VAD model
2026-01-21 16:59:40,700 | INFO | Number of chunks: 18
2026-01-21 16:59:53,058 | INFO | Chunk: 0 | WER=5.263158 | S=0 D=1 I=0
2026-01-21 16:59:53,059 | INFO | Chunk: 1 | WER=11.111111 | S=0 D=1 I=0
2026-01-21 16:59:53,059 | INFO | Chunk: 2 | WER=28.571429 | S=1 D=1 I=0
2026-01-21 16:59:53,059 | INFO | Chunk: 3 | WER=30.000000 | S=2 D=1 I=0
2026-01-21 16:59:53,060 | INFO | Chunk: 4 | WER=12.500000 | S=2 D=3 I=0
2026-01-21 16:59:53,061 | INFO | Chunk: 5 | WER=41.666667 | S=2 D=3 I=0
2026-01-21 16:59:53,061 | INFO | Chunk: 6 | WER=8.333333 | S=1 D=1 I=0
2026-01-21 16:59:53,062 | INFO | Chunk: 7 | WER=25.000000 | S=4 D=3 I=0
2026-01-21 16:59:53,062 | INFO | Chunk: 8 | WER=37.500000 | S=3 D=0 I=0
2026-01-21 16:59:53,063 | INFO | Chunk: 9 | WER=50.000000 | S=1 D=1 I=0
2026-01-21 16:59:53,063 | INFO | Chunk: 10 | WER=100.000000 | S=1 D=0 I=0
2026-01-21 16:59:53,063 | INFO | Chunk: 11 | WER=100.000000 | S=1 D=0 I=0
2026-01-21 16:59:53,063 | INFO | Chunk: 12 | WER=100.000000 | S=5 D=3 I=0
2026-01-21 16:59:53,063 | INFO | Chunk: 13 | WER=300.000000 | S=1 D=0 I=2
2026-01-21 16:59:53,063 | INFO | Chunk: 14 | WER=100.000000 | S=1 D=0 I=0
2026-01-21 16:59:53,063 | INFO | Chunk: 15 | WER=400.000000 | S=1 D=0 I=3
2026-01-21 16:59:53,064 | INFO | Chunk: 16 | WER=20.833333 | S=2 D=3 I=0
2026-01-21 16:59:53,064 | INFO | Chunk: 17 | WER=33.333333 | S=2 D=1 I=0
2026-01-21 16:59:53,064 | INFO | ------------------------------
2026-01-21 16:59:53,064 | INFO | ------------------------------
2026-01-21 16:59:53,081 | INFO | File: CCM-003493-01_L01.wav | WER=22.033898 | S=18 D=4 I=17
2026-01-21 16:59:53,081 | INFO | ------------------------------
2026-01-21 16:59:53,081 | INFO |  File duration: 142.47764172335602 seconds
2026-01-21 17:00:04,225 | INFO | Using Silero VAD model
2026-01-21 17:00:06,576 | INFO | Number of chunks: 44
2026-01-21 17:00:23,946 | INFO | Chunk: 0 | WER=0.000000 | S=0 D=0 I=0
2026-01-21 17:00:23,946 | INFO | Chunk: 1 | WER=100.000000 | S=1 D=0 I=0
2026-01-21 17:00:23,946 | INFO | Chunk: 2 | WER=0.000000 | S=0 D=0 I=0
2026-01-21 17:00:23,946 | INFO | Chunk: 3 | WER=100.000000 | S=1 D=0 I=0
2026-01-21 17:00:23,946 | INFO | Chunk: 4 | WER=100.000000 | S=2 D=2 I=0
2026-01-21 17:00:23,946 | INFO | Chunk: 5 | WER=133.333333 | S=2 D=0 I=2
2026-01-21 17:00:23,947 | INFO | Chunk: 6 | WER=100.000000 | S=2 D=0 I=0
2026-01-21 17:00:23,947 | INFO | Chunk: 7 | WER=600.000000 | S=2 D=0 I=10
2026-01-21 17:00:23,947 | INFO | Chunk: 8 | WER=500.000000 | S=1 D=0 I=4
2026-01-21 17:00:23,947 | INFO | Chunk: 9 | WER=44.444444 | S=3 D=1 I=0
2026-01-21 17:00:23,947 | INFO | Chunk: 10 | WER=0.000000 | S=0 D=0 I=0
2026-01-21 17:00:23,948 | INFO | Chunk: 11 | WER=28.571429 | S=2 D=0 I=0
2026-01-21 17:00:23,948 | INFO | Chunk: 12 | WER=0.000000 | S=0 D=0 I=0
2026-01-21 17:00:23,948 | INFO | Chunk: 13 | WER=0.000000 | S=0 D=0 I=0
2026-01-21 17:00:23,948 | INFO | Chunk: 14 | WER=100.000000 | S=4 D=3 I=0
2026-01-21 17:00:23,948 | INFO | Chunk: 15 | WER=0.000000 | S=0 D=0 I=0
2026-01-21 17:00:23,949 | INFO | Chunk: 16 | WER=12.500000 | S=0 D=1 I=0
2026-01-21 17:00:23,949 | INFO | Chunk: 17 | WER=0.000000 | S=0 D=0 I=0
2026-01-21 17:00:23,949 | INFO | Chunk: 18 | WER=100.000000 | S=1 D=0 I=0
2026-01-21 17:00:23,949 | INFO | Chunk: 19 | WER=200.000000 | S=1 D=0 I=1
2026-01-21 17:00:23,949 | INFO | Chunk: 20 | WER=200.000000 | S=1 D=0 I=1
2026-01-21 17:00:23,949 | INFO | Chunk: 21 | WER=300.000000 | S=1 D=0 I=2
2026-01-21 17:00:23,949 | INFO | Chunk: 22 | WER=66.666667 | S=2 D=0 I=0
2026-01-21 17:00:23,950 | INFO | Chunk: 23 | WER=100.000000 | S=3 D=0 I=1
2026-01-21 17:00:23,950 | INFO | Chunk: 24 | WER=0.000000 | S=0 D=0 I=0
2026-01-21 17:00:23,950 | INFO | Chunk: 25 | WER=12.500000 | S=1 D=0 I=0
2026-01-21 17:00:23,950 | INFO | Chunk: 26 | WER=60.000000 | S=2 D=1 I=0
2026-01-21 17:00:23,950 | INFO | Chunk: 27 | WER=80.000000 | S=2 D=2 I=0
2026-01-21 17:00:23,950 | INFO | Chunk: 28 | WER=16.666667 | S=1 D=0 I=0
2026-01-21 17:00:23,951 | INFO | Chunk: 29 | WER=60.000000 | S=2 D=1 I=0
2026-01-21 17:00:23,951 | INFO | Chunk: 30 | WER=100.000000 | S=1 D=1 I=0
2026-01-21 17:00:23,951 | INFO | Chunk: 31 | WER=33.333333 | S=1 D=0 I=0
2026-01-21 17:00:23,951 | INFO | Chunk: 32 | WER=100.000000 | S=3 D=1 I=0
2026-01-21 17:00:23,951 | INFO | Chunk: 33 | WER=0.000000 | S=0 D=0 I=0
2026-01-21 17:00:23,951 | INFO | Chunk: 34 | WER=50.000000 | S=2 D=1 I=0
2026-01-21 17:00:23,952 | INFO | Chunk: 35 | WER=150.000000 | S=2 D=0 I=1
2026-01-21 17:00:23,952 | INFO | Chunk: 36 | WER=20.000000 | S=1 D=0 I=0
2026-01-21 17:00:23,952 | INFO | Chunk: 37 | WER=25.000000 | S=1 D=0 I=0
2026-01-21 17:00:23,952 | INFO | Chunk: 38 | WER=14.285714 | S=1 D=0 I=0
2026-01-21 17:00:23,952 | INFO | Chunk: 39 | WER=12.500000 | S=1 D=0 I=0
2026-01-21 17:00:23,952 | INFO | Chunk: 40 | WER=50.000000 | S=1 D=3 I=0
2026-01-21 17:00:23,953 | INFO | Chunk: 41 | WER=100.000000 | S=2 D=0 I=0
2026-01-21 17:00:23,953 | INFO | Chunk: 42 | WER=100.000000 | S=2 D=0 I=0
2026-01-21 17:00:23,953 | INFO | Chunk: 43 | WER=75.000000 | S=2 D=1 I=0
2026-01-21 17:00:23,953 | INFO | ------------------------------
2026-01-21 17:00:23,953 | INFO | ------------------------------
2026-01-21 17:00:23,969 | INFO | File: CCM-003998-01_L01.wav | WER=48.571429 | S=49 D=7 I=29
2026-01-21 17:00:23,969 | INFO | ------------------------------
2026-01-21 17:00:23,969 | INFO |  File duration: 94.87673469387755 seconds
2026-01-21 17:00:31,782 | INFO | Using Silero VAD model
2026-01-21 17:00:33,182 | INFO | Number of chunks: 17
2026-01-21 17:00:45,794 | INFO | Chunk: 0 | WER=5.555556 | S=1 D=0 I=0
2026-01-21 17:00:45,795 | INFO | Chunk: 1 | WER=0.000000 | S=0 D=0 I=0
2026-01-21 17:00:45,795 | INFO | Chunk: 2 | WER=0.000000 | S=0 D=0 I=0
2026-01-21 17:00:45,795 | INFO | Chunk: 3 | WER=22.222222 | S=2 D=0 I=0
2026-01-21 17:00:45,796 | INFO | Chunk: 4 | WER=5.882353 | S=1 D=0 I=0
2026-01-21 17:00:45,796 | INFO | Chunk: 5 | WER=0.000000 | S=0 D=0 I=0
2026-01-21 17:00:45,796 | INFO | Chunk: 6 | WER=62.500000 | S=4 D=1 I=0
2026-01-21 17:00:45,796 | INFO | Chunk: 7 | WER=44.444444 | S=1 D=2 I=1
2026-01-21 17:00:45,797 | INFO | Chunk: 8 | WER=8.695652 | S=2 D=0 I=0
2026-01-21 17:00:45,797 | INFO | Chunk: 9 | WER=42.857143 | S=3 D=3 I=0
2026-01-21 17:00:45,798 | INFO | Chunk: 10 | WER=27.272727 | S=1 D=2 I=0
2026-01-21 17:00:45,798 | INFO | Chunk: 11 | WER=100.000000 | S=3 D=0 I=0
2026-01-21 17:00:45,798 | INFO | Chunk: 12 | WER=33.333333 | S=3 D=0 I=0
2026-01-21 17:00:45,798 | INFO | Chunk: 13 | WER=14.285714 | S=1 D=0 I=0
2026-01-21 17:00:45,799 | INFO | Chunk: 14 | WER=25.000000 | S=1 D=1 I=0
2026-01-21 17:00:45,799 | INFO | Chunk: 15 | WER=0.000000 | S=0 D=0 I=0
2026-01-21 17:00:45,799 | INFO | Chunk: 16 | WER=75.000000 | S=3 D=3 I=0
2026-01-21 17:00:45,799 | INFO | ------------------------------
2026-01-21 17:00:45,799 | INFO | ------------------------------
2026-01-21 17:00:45,813 | INFO | File: CCM-004523-01_L01.wav | WER=20.588235 | S=25 D=7 I=3
2026-01-21 17:00:45,813 | INFO | ------------------------------
2026-01-21 17:00:45,813 | INFO |  File duration: 74.86113378684807 seconds
2026-01-21 17:00:52,854 | INFO | Using Silero VAD model
2026-01-21 17:00:54,307 | INFO | Number of chunks: 7
2026-01-21 17:01:08,357 | INFO | Chunk: 0 | WER=25.000000 | S=2 D=3 I=0
2026-01-21 17:01:08,358 | INFO | Chunk: 1 | WER=42.307692 | S=7 D=2 I=2
2026-01-21 17:01:08,358 | INFO | Chunk: 2 | WER=25.000000 | S=2 D=7 I=0
2026-01-21 17:01:08,359 | INFO | Chunk: 3 | WER=15.789474 | S=2 D=1 I=0
2026-01-21 17:01:08,359 | INFO | Chunk: 4 | WER=60.714286 | S=7 D=10 I=0
2026-01-21 17:01:08,360 | INFO | Chunk: 5 | WER=61.538462 | S=5 D=3 I=0
2026-01-21 17:01:08,362 | INFO | Chunk: 6 | WER=61.194030 | S=26 D=12 I=3
2026-01-21 17:01:08,362 | INFO | ------------------------------
2026-01-21 17:01:08,362 | INFO | ------------------------------
2026-01-21 17:01:08,376 | INFO | File: CCM-004538-01_L01.wav | WER=39.325843 | S=46 D=13 I=11
2026-01-21 17:01:08,376 | INFO | ------------------------------
2026-01-21 17:01:08,376 | WARNING | The file /vol/corpora/TAPAS_FRAIS/Data_partagees_ParisTypaloc-TapasFrais/8-CEREB/CCM-004773-01_L01.wav does not exist
2026-01-21 17:01:08,376 | INFO | ===================== GLOBAL WER ======================
2026-01-21 17:01:08,376 | INFO | The number of files is 7
2026-01-21 17:01:08,376 | INFO | WER: 36.08%
2026-01-21 17:01:08,377 | INFO | =============================================================
