2026-01-21 17:04:13,650 | INFO | Fetch hyperparams.yaml: Using file found at '/vol/experiments3/imbenamor/TAPAS-FRAIS/models/asr-whisper-large-v2-commonvoice-fr/hyperparams.yaml'
2026-01-21 17:04:13,650 | DEBUG | Fetch: Source and destination '/vol/experiments3/imbenamor/TAPAS-FRAIS/models/asr-whisper-large-v2-commonvoice-fr/custom.py' are identical, returning assuming this is intended
2026-01-21 17:04:16,305 | WARNING | speechbrain.lobes.models.huggingface_transformers.huggingface - WhisperModel is frozen.
2026-01-21 17:04:16,305 | WARNING | speechbrain.lobes.models.huggingface_transformers.whisper - whisper encoder-decoder is frozen.
2026-01-21 17:04:16,800 | DEBUG | Collecting files (or symlinks) for pretraining in /vol/experiments3/imbenamor/TAPAS-FRAIS/models/asr-whisper-large-v2-commonvoice-fr.
2026-01-21 17:04:16,800 | INFO | Fetch whisper.ckpt: Using file found at '/vol/experiments3/imbenamor/TAPAS-FRAIS/models/asr-whisper-large-v2-commonvoice-fr/whisper.ckpt'
2026-01-21 17:04:16,800 | DEBUG | Set local path in self.paths["whisper"] = /vol/experiments3/imbenamor/TAPAS-FRAIS/models/asr-whisper-large-v2-commonvoice-fr/whisper.ckpt
2026-01-21 17:04:16,800 | INFO | Loading pretrained files for: whisper
2026-01-21 17:04:16,800 | DEBUG | Redirecting (loading from local path): whisper -> /vol/experiments3/imbenamor/TAPAS-FRAIS/models/asr-whisper-large-v2-commonvoice-fr/whisper.ckpt
2026-01-21 17:04:23,438 | INFO |  File duration: 78.42133333333334 seconds
2026-01-21 17:04:33,669 | INFO | Using Silero VAD model
2026-01-21 17:04:34,767 | INFO | Number of chunks: 16
2026-01-21 17:04:48,502 | INFO | Chunk: 0 | WER=26.315789 | S=4 D=1 I=0
2026-01-21 17:04:48,503 | INFO | Chunk: 1 | WER=12.500000 | S=1 D=0 I=0
2026-01-21 17:04:48,503 | INFO | Chunk: 2 | WER=0.000000 | S=0 D=0 I=0
2026-01-21 17:04:48,503 | INFO | Chunk: 3 | WER=33.333333 | S=3 D=0 I=0
2026-01-21 17:04:48,504 | INFO | Chunk: 4 | WER=23.529412 | S=4 D=0 I=0
2026-01-21 17:04:48,504 | INFO | Chunk: 5 | WER=14.285714 | S=0 D=1 I=0
2026-01-21 17:04:48,504 | INFO | Chunk: 6 | WER=12.500000 | S=0 D=1 I=0
2026-01-21 17:04:48,504 | INFO | Chunk: 7 | WER=38.888889 | S=7 D=0 I=0
2026-01-21 17:04:48,505 | INFO | Chunk: 8 | WER=35.714286 | S=4 D=1 I=0
2026-01-21 17:04:48,505 | INFO | Chunk: 9 | WER=10.000000 | S=0 D=0 I=1
2026-01-21 17:04:48,505 | INFO | Chunk: 10 | WER=46.153846 | S=4 D=2 I=0
2026-01-21 17:04:48,506 | INFO | Chunk: 11 | WER=40.000000 | S=4 D=2 I=0
2026-01-21 17:04:48,506 | INFO | Chunk: 12 | WER=38.888889 | S=7 D=0 I=0
2026-01-21 17:04:48,506 | INFO | Chunk: 13 | WER=100.000000 | S=1 D=1 I=0
2026-01-21 17:04:48,507 | INFO | Chunk: 14 | WER=58.333333 | S=6 D=1 I=0
2026-01-21 17:04:48,507 | INFO | Chunk: 15 | WER=100.000000 | S=7 D=1 I=0
2026-01-21 17:04:48,507 | INFO | ------------------------------
2026-01-21 17:04:48,507 | INFO | ------------------------------
2026-01-21 17:04:48,523 | INFO | File: PHO-000024-01_L01.wav | WER=32.203390 | S=52 D=4 I=1
2026-01-21 17:04:48,523 | INFO | ------------------------------
2026-01-21 17:04:48,523 | INFO |  File duration: 217.77066666666667 seconds
2026-01-21 17:05:04,923 | INFO | Using Silero VAD model
2026-01-21 17:05:07,687 | INFO | Number of chunks: 32
2026-01-21 17:05:21,051 | INFO | Chunk: 0 | WER=100.000000 | S=1 D=1 I=0
2026-01-21 17:05:21,051 | INFO | Chunk: 1 | WER=27.272727 | S=2 D=1 I=0
2026-01-21 17:05:21,051 | INFO | Chunk: 2 | WER=80.000000 | S=4 D=0 I=0
2026-01-21 17:05:21,051 | INFO | Chunk: 3 | WER=0.000000 | S=0 D=0 I=0
2026-01-21 17:05:21,052 | INFO | Chunk: 4 | WER=100.000000 | S=2 D=0 I=0
2026-01-21 17:05:21,052 | INFO | Chunk: 5 | WER=16.666667 | S=1 D=0 I=0
2026-01-21 17:05:21,052 | INFO | Chunk: 6 | WER=60.000000 | S=4 D=2 I=0
2026-01-21 17:05:21,052 | INFO | Chunk: 7 | WER=0.000000 | S=0 D=0 I=0
2026-01-21 17:05:21,052 | INFO | Chunk: 8 | WER=50.000000 | S=5 D=0 I=0
2026-01-21 17:05:21,053 | INFO | Chunk: 9 | WER=16.666667 | S=1 D=0 I=0
2026-01-21 17:05:21,053 | INFO | Chunk: 10 | WER=0.000000 | S=0 D=0 I=0
2026-01-21 17:05:21,053 | INFO | Chunk: 11 | WER=90.909091 | S=6 D=3 I=1
2026-01-21 17:05:21,053 | INFO | Chunk: 12 | WER=100.000000 | S=2 D=6 I=0
2026-01-21 17:05:21,053 | INFO | Chunk: 13 | WER=100.000000 | S=2 D=0 I=1
2026-01-21 17:05:21,053 | INFO | Chunk: 14 | WER=125.000000 | S=3 D=0 I=2
2026-01-21 17:05:21,054 | INFO | Chunk: 15 | WER=20.000000 | S=1 D=1 I=0
2026-01-21 17:05:21,054 | INFO | Chunk: 16 | WER=100.000000 | S=4 D=0 I=0
2026-01-21 17:05:21,054 | INFO | Chunk: 17 | WER=20.000000 | S=2 D=0 I=0
2026-01-21 17:05:21,054 | INFO | Chunk: 18 | WER=100.000000 | S=2 D=0 I=1
2026-01-21 17:05:21,054 | INFO | Chunk: 19 | WER=133.333333 | S=2 D=0 I=2
2026-01-21 17:05:21,055 | INFO | Chunk: 20 | WER=100.000000 | S=5 D=0 I=0
2026-01-21 17:05:21,055 | INFO | Chunk: 21 | WER=133.333333 | S=2 D=0 I=2
2026-01-21 17:05:21,055 | INFO | Chunk: 22 | WER=40.000000 | S=2 D=0 I=0
2026-01-21 17:05:21,055 | INFO | Chunk: 23 | WER=0.000000 | S=0 D=0 I=0
2026-01-21 17:05:21,055 | INFO | Chunk: 24 | WER=42.857143 | S=2 D=0 I=1
2026-01-21 17:05:21,055 | INFO | Chunk: 25 | WER=100.000000 | S=3 D=0 I=1
2026-01-21 17:05:21,056 | INFO | Chunk: 26 | WER=14.285714 | S=1 D=0 I=0
2026-01-21 17:05:21,056 | INFO | Chunk: 27 | WER=40.000000 | S=1 D=1 I=0
2026-01-21 17:05:21,056 | INFO | Chunk: 28 | WER=66.666667 | S=1 D=1 I=0
2026-01-21 17:05:21,056 | INFO | Chunk: 29 | WER=100.000000 | S=3 D=1 I=0
2026-01-21 17:05:21,056 | INFO | Chunk: 30 | WER=50.000000 | S=1 D=0 I=0
2026-01-21 17:05:21,056 | INFO | Chunk: 31 | WER=100.000000 | S=5 D=3 I=0
2026-01-21 17:05:21,056 | INFO | ------------------------------
2026-01-21 17:05:21,056 | INFO | ------------------------------
2026-01-21 17:05:21,072 | INFO | File: PHO-000566-01_L01.wav | WER=52.972973 | S=71 D=17 I=10
2026-01-21 17:05:21,072 | INFO | ------------------------------
2026-01-21 17:05:21,072 | INFO |  File duration: 142.57052154195011 seconds
2026-01-21 17:05:30,707 | INFO | Using Silero VAD model
2026-01-21 17:05:32,730 | INFO | Number of chunks: 17
2026-01-21 17:05:46,824 | INFO | Chunk: 0 | WER=10.000000 | S=0 D=2 I=0
2026-01-21 17:05:46,825 | INFO | Chunk: 1 | WER=47.058824 | S=6 D=2 I=0
2026-01-21 17:05:46,825 | INFO | Chunk: 2 | WER=66.666667 | S=5 D=1 I=0
2026-01-21 17:05:46,826 | INFO | Chunk: 3 | WER=38.888889 | S=5 D=1 I=1
2026-01-21 17:05:46,826 | INFO | Chunk: 4 | WER=14.285714 | S=0 D=1 I=0
2026-01-21 17:05:46,826 | INFO | Chunk: 5 | WER=28.571429 | S=2 D=0 I=0
2026-01-21 17:05:46,826 | INFO | Chunk: 6 | WER=18.181818 | S=1 D=0 I=1
2026-01-21 17:05:46,826 | INFO | Chunk: 7 | WER=28.571429 | S=2 D=0 I=0
2026-01-21 17:05:46,827 | INFO | Chunk: 8 | WER=16.000000 | S=2 D=2 I=0
2026-01-21 17:05:46,827 | INFO | Chunk: 9 | WER=33.333333 | S=3 D=1 I=0
2026-01-21 17:05:46,828 | INFO | Chunk: 10 | WER=14.285714 | S=2 D=0 I=0
2026-01-21 17:05:46,828 | INFO | Chunk: 11 | WER=45.454545 | S=4 D=0 I=1
2026-01-21 17:05:46,828 | INFO | Chunk: 12 | WER=0.000000 | S=0 D=0 I=0
2026-01-21 17:05:46,828 | INFO | Chunk: 13 | WER=100.000000 | S=2 D=0 I=0
2026-01-21 17:05:46,828 | INFO | Chunk: 14 | WER=16.666667 | S=1 D=1 I=0
2026-01-21 17:05:46,829 | INFO | Chunk: 15 | WER=100.000000 | S=4 D=5 I=0
2026-01-21 17:05:46,829 | INFO | Chunk: 16 | WER=200.000000 | S=1 D=0 I=1
2026-01-21 17:05:46,829 | INFO | ------------------------------
2026-01-21 17:05:46,829 | INFO | ------------------------------
2026-01-21 17:05:46,843 | INFO | File: PHO-000814-01_L01.wav | WER=27.118644 | S=40 D=4 I=4
2026-01-21 17:05:46,843 | INFO | ------------------------------
2026-01-21 17:05:46,844 | INFO |  File duration: 97.96266666666666 seconds
2026-01-21 17:05:55,986 | INFO | Using Silero VAD model
2026-01-21 17:05:57,463 | INFO | Number of chunks: 10
2026-01-21 17:06:08,099 | INFO | Chunk: 0 | WER=800.000000 | S=1 D=0 I=7
2026-01-21 17:06:08,099 | INFO | Chunk: 1 | WER=25.000000 | S=3 D=1 I=1
2026-01-21 17:06:08,100 | INFO | Chunk: 2 | WER=63.333333 | S=13 D=5 I=1
2026-01-21 17:06:08,101 | INFO | Chunk: 3 | WER=33.333333 | S=3 D=4 I=0
2026-01-21 17:06:08,101 | INFO | Chunk: 4 | WER=18.750000 | S=0 D=3 I=0
2026-01-21 17:06:08,101 | INFO | Chunk: 5 | WER=55.000000 | S=6 D=2 I=3
2026-01-21 17:06:08,102 | INFO | Chunk: 6 | WER=42.307692 | S=8 D=2 I=1
2026-01-21 17:06:08,102 | INFO | Chunk: 7 | WER=55.555556 | S=2 D=3 I=0
2026-01-21 17:06:08,102 | INFO | Chunk: 8 | WER=66.666667 | S=4 D=0 I=0
2026-01-21 17:06:08,103 | INFO | Chunk: 9 | WER=66.666667 | S=8 D=2 I=2
2026-01-21 17:06:08,103 | INFO | ------------------------------
2026-01-21 17:06:08,103 | INFO | ------------------------------
2026-01-21 17:06:08,114 | INFO | File: PHO-001070-01_L01.wav | WER=46.376812 | S=42 D=0 I=22
2026-01-21 17:06:08,114 | INFO | ------------------------------
2026-01-21 17:06:08,115 | INFO |  File duration: 80.43392290249433 seconds
2026-01-21 17:06:15,089 | INFO | Using Silero VAD model
2026-01-21 17:06:16,301 | INFO | Number of chunks: 10
2026-01-21 17:06:28,413 | INFO | Chunk: 0 | WER=5.263158 | S=0 D=1 I=0
2026-01-21 17:06:28,414 | INFO | Chunk: 1 | WER=20.833333 | S=2 D=3 I=0
2026-01-21 17:06:28,415 | INFO | Chunk: 2 | WER=14.705882 | S=1 D=4 I=0
2026-01-21 17:06:28,415 | INFO | Chunk: 3 | WER=30.000000 | S=1 D=1 I=1
2026-01-21 17:06:28,415 | INFO | Chunk: 4 | WER=33.333333 | S=1 D=2 I=0
2026-01-21 17:06:28,416 | INFO | Chunk: 5 | WER=14.285714 | S=1 D=1 I=0
2026-01-21 17:06:28,416 | INFO | Chunk: 6 | WER=33.333333 | S=0 D=2 I=2
2026-01-21 17:06:28,418 | INFO | Chunk: 7 | WER=51.612903 | S=19 D=11 I=2
2026-01-21 17:06:28,418 | INFO | Chunk: 8 | WER=400.000000 | S=1 D=0 I=3
2026-01-21 17:06:28,418 | INFO | Chunk: 9 | WER=100.000000 | S=5 D=1 I=0
2026-01-21 17:06:28,418 | INFO | ------------------------------
2026-01-21 17:06:28,418 | INFO | ------------------------------
2026-01-21 17:06:28,432 | INFO | File: PHO-001329-01_L01.wav | WER=25.862069 | S=34 D=6 I=5
2026-01-21 17:06:28,432 | INFO | ------------------------------
2026-01-21 17:06:28,433 | INFO |  File duration: 93.78133333333334 seconds
2026-01-21 17:06:39,429 | INFO | Using Silero VAD model
2026-01-21 17:06:40,868 | INFO | Number of chunks: 11
2026-01-21 17:06:50,738 | INFO | Chunk: 0 | WER=33.333333 | S=7 D=1 I=0
2026-01-21 17:06:50,738 | INFO | Chunk: 1 | WER=42.857143 | S=2 D=1 I=0
2026-01-21 17:06:50,738 | INFO | Chunk: 2 | WER=22.222222 | S=1 D=1 I=0
2026-01-21 17:06:50,738 | INFO | Chunk: 3 | WER=8.333333 | S=1 D=0 I=0
2026-01-21 17:06:50,739 | INFO | Chunk: 4 | WER=80.000000 | S=4 D=0 I=0
2026-01-21 17:06:50,739 | INFO | Chunk: 5 | WER=0.000000 | S=0 D=0 I=0
2026-01-21 17:06:50,739 | INFO | Chunk: 6 | WER=10.526316 | S=1 D=1 I=0
2026-01-21 17:06:50,740 | INFO | Chunk: 7 | WER=23.076923 | S=2 D=4 I=0
2026-01-21 17:06:50,740 | INFO | Chunk: 8 | WER=0.000000 | S=0 D=0 I=0
2026-01-21 17:06:50,740 | INFO | Chunk: 9 | WER=50.000000 | S=1 D=1 I=0
2026-01-21 17:06:50,740 | INFO | Chunk: 10 | WER=71.428571 | S=2 D=3 I=0
2026-01-21 17:06:50,741 | INFO | ------------------------------
2026-01-21 17:06:50,741 | INFO | ------------------------------
2026-01-21 17:06:50,749 | INFO | File: PHO-001473-01_L01.wav | WER=19.327731 | S=21 D=2 I=0
2026-01-21 17:06:50,749 | INFO | ------------------------------
2026-01-21 17:06:50,749 | INFO |  File duration: 116.65066666666667 seconds
2026-01-21 17:07:05,582 | INFO | Using Silero VAD model
2026-01-21 17:07:07,041 | INFO | Number of chunks: 19
2026-01-21 17:07:20,381 | INFO | Chunk: 0 | WER=0.000000 | S=0 D=0 I=0
2026-01-21 17:07:20,382 | INFO | Chunk: 1 | WER=0.000000 | S=0 D=0 I=0
2026-01-21 17:07:20,382 | INFO | Chunk: 2 | WER=28.571429 | S=3 D=0 I=1
2026-01-21 17:07:20,382 | INFO | Chunk: 3 | WER=30.000000 | S=2 D=1 I=0
2026-01-21 17:07:20,383 | INFO | Chunk: 4 | WER=18.750000 | S=3 D=0 I=0
2026-01-21 17:07:20,383 | INFO | Chunk: 5 | WER=0.000000 | S=0 D=0 I=0
2026-01-21 17:07:20,383 | INFO | Chunk: 6 | WER=0.000000 | S=0 D=0 I=0
2026-01-21 17:07:20,383 | INFO | Chunk: 7 | WER=0.000000 | S=0 D=0 I=0
2026-01-21 17:07:20,384 | INFO | Chunk: 8 | WER=0.000000 | S=0 D=0 I=0
2026-01-21 17:07:20,384 | INFO | Chunk: 9 | WER=12.500000 | S=1 D=0 I=0
2026-01-21 17:07:20,384 | INFO | Chunk: 10 | WER=0.000000 | S=0 D=0 I=0
2026-01-21 17:07:20,384 | INFO | Chunk: 11 | WER=42.857143 | S=3 D=3 I=0
2026-01-21 17:07:20,385 | INFO | Chunk: 12 | WER=23.529412 | S=1 D=3 I=0
2026-01-21 17:07:20,385 | INFO | Chunk: 13 | WER=30.769231 | S=2 D=2 I=0
2026-01-21 17:07:20,385 | INFO | Chunk: 14 | WER=12.500000 | S=0 D=1 I=0
2026-01-21 17:07:20,385 | INFO | Chunk: 15 | WER=100.000000 | S=1 D=1 I=0
2026-01-21 17:07:20,386 | INFO | Chunk: 16 | WER=33.333333 | S=2 D=0 I=0
2026-01-21 17:07:20,386 | INFO | Chunk: 17 | WER=33.333333 | S=1 D=1 I=0
2026-01-21 17:07:20,386 | INFO | Chunk: 18 | WER=22.222222 | S=1 D=1 I=0
2026-01-21 17:07:20,386 | INFO | ------------------------------
2026-01-21 17:07:20,386 | INFO | ------------------------------
2026-01-21 17:07:20,400 | INFO | File: PHO-001499-01_L01.wav | WER=13.068182 | S=20 D=2 I=1
2026-01-21 17:07:20,400 | INFO | ------------------------------
2026-01-21 17:07:20,401 | INFO |  File duration: 165.20533333333333 seconds
2026-01-21 17:07:36,188 | INFO | Using Silero VAD model
2026-01-21 17:07:38,244 | INFO | Number of chunks: 9
2026-01-21 17:07:49,856 | INFO | Chunk: 0 | WER=47.169811 | S=9 D=16 I=0
2026-01-21 17:07:49,857 | INFO | Chunk: 1 | WER=59.183673 | S=4 D=25 I=0
2026-01-21 17:07:49,857 | INFO | Chunk: 2 | WER=61.111111 | S=5 D=6 I=0
2026-01-21 17:07:49,858 | INFO | Chunk: 3 | WER=88.888889 | S=2 D=5 I=1
2026-01-21 17:07:49,858 | INFO | Chunk: 4 | WER=47.500000 | S=7 D=12 I=0
2026-01-21 17:07:49,859 | INFO | Chunk: 5 | WER=22.222222 | S=2 D=0 I=0
2026-01-21 17:07:49,859 | INFO | Chunk: 6 | WER=81.818182 | S=4 D=5 I=0
2026-01-21 17:07:49,860 | INFO | Chunk: 7 | WER=58.536585 | S=10 D=14 I=0
2026-01-21 17:07:49,860 | INFO | Chunk: 8 | WER=70.000000 | S=5 D=9 I=0
2026-01-21 17:07:49,860 | INFO | ------------------------------
2026-01-21 17:07:49,860 | INFO | ------------------------------
2026-01-21 17:07:49,873 | INFO | File: PHO-001522-01_L01.wav | WER=38.728324 | S=45 D=18 I=4
2026-01-21 17:07:49,873 | INFO | ------------------------------
2026-01-21 17:07:49,874 | INFO |  File duration: 89.088 seconds
2026-01-21 17:07:57,654 | INFO | Using Silero VAD model
2026-01-21 17:07:59,040 | INFO | Number of chunks: 17
2026-01-21 17:08:10,608 | INFO | Chunk: 0 | WER=23.529412 | S=2 D=0 I=2
2026-01-21 17:08:10,609 | INFO | Chunk: 1 | WER=71.428571 | S=5 D=0 I=0
2026-01-21 17:08:10,609 | INFO | Chunk: 2 | WER=60.000000 | S=1 D=2 I=0
2026-01-21 17:08:10,609 | INFO | Chunk: 3 | WER=100.000000 | S=2 D=7 I=0
2026-01-21 17:08:10,609 | INFO | Chunk: 4 | WER=88.888889 | S=4 D=4 I=0
2026-01-21 17:08:10,609 | INFO | Chunk: 5 | WER=90.909091 | S=7 D=3 I=0
2026-01-21 17:08:10,610 | INFO | Chunk: 6 | WER=100.000000 | S=5 D=1 I=1
2026-01-21 17:08:10,610 | INFO | Chunk: 7 | WER=52.380952 | S=5 D=5 I=1
2026-01-21 17:08:10,610 | INFO | Chunk: 8 | WER=75.000000 | S=5 D=4 I=0
2026-01-21 17:08:10,611 | INFO | Chunk: 9 | WER=100.000000 | S=1 D=9 I=0
2026-01-21 17:08:10,611 | INFO | Chunk: 10 | WER=100.000000 | S=7 D=2 I=0
2026-01-21 17:08:10,611 | INFO | Chunk: 11 | WER=71.428571 | S=8 D=2 I=0
2026-01-21 17:08:10,611 | INFO | Chunk: 12 | WER=91.666667 | S=6 D=4 I=1
2026-01-21 17:08:10,612 | INFO | Chunk: 13 | WER=85.714286 | S=5 D=0 I=1
2026-01-21 17:08:10,612 | INFO | Chunk: 14 | WER=83.333333 | S=4 D=1 I=0
2026-01-21 17:08:10,612 | INFO | Chunk: 15 | WER=33.333333 | S=1 D=1 I=0
2026-01-21 17:08:10,612 | INFO | Chunk: 16 | WER=100.000000 | S=5 D=2 I=0
2026-01-21 17:08:10,612 | INFO | ------------------------------
2026-01-21 17:08:10,612 | INFO | ------------------------------
2026-01-21 17:08:10,624 | INFO | File: PHO-001594-01_L01.wav | WER=72.289157 | S=76 D=41 I=3
2026-01-21 17:08:10,625 | INFO | ------------------------------
2026-01-21 17:08:10,625 | INFO |  File duration: 85.35655328798185 seconds
2026-01-21 17:08:20,054 | INFO | Using Silero VAD model
2026-01-21 17:08:21,368 | INFO | Number of chunks: 18
2026-01-21 17:08:35,478 | INFO | Chunk: 0 | WER=5.263158 | S=0 D=1 I=0
2026-01-21 17:08:35,479 | INFO | Chunk: 1 | WER=30.000000 | S=1 D=2 I=0
2026-01-21 17:08:35,479 | INFO | Chunk: 2 | WER=25.000000 | S=0 D=2 I=0
2026-01-21 17:08:35,479 | INFO | Chunk: 3 | WER=45.454545 | S=4 D=1 I=0
2026-01-21 17:08:35,480 | INFO | Chunk: 4 | WER=45.000000 | S=5 D=4 I=0
2026-01-21 17:08:35,480 | INFO | Chunk: 5 | WER=46.666667 | S=4 D=2 I=1
2026-01-21 17:08:35,480 | INFO | Chunk: 6 | WER=54.545455 | S=2 D=2 I=2
2026-01-21 17:08:35,480 | INFO | Chunk: 7 | WER=28.571429 | S=1 D=0 I=1
2026-01-21 17:08:35,481 | INFO | Chunk: 8 | WER=21.428571 | S=2 D=1 I=0
2026-01-21 17:08:35,481 | INFO | Chunk: 9 | WER=100.000000 | S=1 D=5 I=0
2026-01-21 17:08:35,481 | INFO | Chunk: 10 | WER=85.714286 | S=5 D=1 I=0
2026-01-21 17:08:35,482 | INFO | Chunk: 11 | WER=30.769231 | S=2 D=2 I=0
2026-01-21 17:08:35,482 | INFO | Chunk: 12 | WER=100.000000 | S=4 D=1 I=0
2026-01-21 17:08:35,482 | INFO | Chunk: 13 | WER=61.538462 | S=5 D=2 I=1
2026-01-21 17:08:35,482 | INFO | Chunk: 14 | WER=100.000000 | S=1 D=3 I=0
2026-01-21 17:08:35,482 | INFO | Chunk: 15 | WER=30.000000 | S=2 D=1 I=0
2026-01-21 17:08:35,483 | INFO | Chunk: 16 | WER=34.782609 | S=4 D=3 I=1
2026-01-21 17:08:35,483 | INFO | Chunk: 17 | WER=100.000000 | S=4 D=4 I=0
2026-01-21 17:08:35,483 | INFO | ------------------------------
2026-01-21 17:08:35,483 | INFO | ------------------------------
2026-01-21 17:08:35,499 | INFO | File: PHO-001670-01_L01.wav | WER=37.288136 | S=44 D=13 I=9
2026-01-21 17:08:35,499 | INFO | ------------------------------
2026-01-21 17:08:35,499 | INFO |  File duration: 129.2887074829932 seconds
2026-01-21 17:08:47,337 | INFO | Using Silero VAD model
2026-01-21 17:08:49,152 | INFO | Number of chunks: 11
2026-01-21 17:09:00,697 | INFO | Chunk: 0 | WER=48.484848 | S=10 D=5 I=1
2026-01-21 17:09:00,698 | INFO | Chunk: 1 | WER=100.000000 | S=7 D=1 I=0
2026-01-21 17:09:00,699 | INFO | Chunk: 2 | WER=42.500000 | S=10 D=7 I=0
2026-01-21 17:09:00,700 | INFO | Chunk: 3 | WER=82.978723 | S=25 D=14 I=0
2026-01-21 17:09:00,700 | INFO | Chunk: 4 | WER=150.000000 | S=3 D=0 I=3
2026-01-21 17:09:00,700 | INFO | Chunk: 5 | WER=100.000000 | S=1 D=0 I=0
2026-01-21 17:09:00,700 | INFO | Chunk: 6 | WER=100.000000 | S=7 D=3 I=0
2026-01-21 17:09:00,701 | INFO | Chunk: 7 | WER=100.000000 | S=6 D=1 I=0
2026-01-21 17:09:00,701 | INFO | Chunk: 8 | WER=80.769231 | S=5 D=16 I=0
2026-01-21 17:09:00,702 | INFO | Chunk: 9 | WER=93.333333 | S=7 D=6 I=1
2026-01-21 17:09:00,702 | INFO | Chunk: 10 | WER=100.000000 | S=1 D=0 I=0
2026-01-21 17:09:00,702 | INFO | ------------------------------
2026-01-21 17:09:00,702 | INFO | ------------------------------
2026-01-21 17:09:00,715 | INFO | File: PHO-001836-01_L01.wav | WER=71.590909 | S=80 D=39 I=7
2026-01-21 17:09:00,715 | INFO | ------------------------------
2026-01-21 17:09:00,716 | INFO |  File duration: 67.15210884353742 seconds
2026-01-21 17:09:08,580 | INFO | Using Silero VAD model
2026-01-21 17:09:09,672 | INFO | Number of chunks: 5
2026-01-21 17:09:19,509 | INFO | Chunk: 0 | WER=59.375000 | S=3 D=15 I=1
2026-01-21 17:09:19,511 | INFO | Chunk: 1 | WER=37.500000 | S=13 D=7 I=1
2026-01-21 17:09:19,512 | INFO | Chunk: 2 | WER=78.947368 | S=9 D=5 I=1
2026-01-21 17:09:19,513 | INFO | Chunk: 3 | WER=41.818182 | S=9 D=14 I=0
2026-01-21 17:09:19,514 | INFO | Chunk: 4 | WER=52.631579 | S=7 D=2 I=1
2026-01-21 17:09:19,514 | INFO | ------------------------------
2026-01-21 17:09:19,514 | INFO | ------------------------------
2026-01-21 17:09:19,524 | INFO | File: PHO-307175-01_L01.wav | WER=38.000000 | S=41 D=12 I=4
2026-01-21 17:09:19,524 | INFO | ------------------------------
2026-01-21 17:09:19,524 | INFO | ===================== GLOBAL WER ======================
2026-01-21 17:09:19,525 | INFO | The number of files is 12
2026-01-21 17:09:19,525 | INFO | WER: 39.57%
2026-01-21 17:09:19,525 | INFO | =============================================================
