2026-01-21 16:51:03,055 | INFO | Fetch hyperparams.yaml: Using file found at '/vol/experiments3/imbenamor/TAPAS-FRAIS/models/asr-whisper-medium-commonvoice-fr/hyperparams.yaml'
2026-01-21 16:51:03,055 | DEBUG | Fetch: Source and destination '/vol/experiments3/imbenamor/TAPAS-FRAIS/models/asr-whisper-medium-commonvoice-fr/custom.py' are identical, returning assuming this is intended
2026-01-21 16:51:04,667 | WARNING | speechbrain.lobes.models.huggingface_transformers.huggingface - WhisperModel is frozen.
2026-01-21 16:51:04,667 | WARNING | speechbrain.lobes.models.huggingface_transformers.whisper - whisper encoder-decoder is frozen.
2026-01-21 16:51:04,781 | DEBUG | Collecting files (or symlinks) for pretraining in /vol/experiments3/imbenamor/TAPAS-FRAIS/models/asr-whisper-medium-commonvoice-fr.
2026-01-21 16:51:04,781 | INFO | Fetch whisper.ckpt: Using file found at '/vol/experiments3/imbenamor/TAPAS-FRAIS/models/asr-whisper-medium-commonvoice-fr/whisper.ckpt'
2026-01-21 16:51:04,781 | DEBUG | Set local path in self.paths["whisper"] = /vol/experiments3/imbenamor/TAPAS-FRAIS/models/asr-whisper-medium-commonvoice-fr/whisper.ckpt
2026-01-21 16:51:04,781 | INFO | Loading pretrained files for: whisper
2026-01-21 16:51:04,781 | DEBUG | Redirecting (loading from local path): whisper -> /vol/experiments3/imbenamor/TAPAS-FRAIS/models/asr-whisper-medium-commonvoice-fr/whisper.ckpt
2026-01-21 16:51:08,244 | INFO |  File duration: 78.42133333333334 seconds
2026-01-21 16:51:14,436 | INFO | Using Silero VAD model
2026-01-21 16:51:15,953 | INFO | Number of chunks: 16
2026-01-21 16:51:26,674 | INFO | Chunk: 0 | WER=21.052632 | S=3 D=1 I=0
2026-01-21 16:51:26,675 | INFO | Chunk: 1 | WER=37.500000 | S=3 D=0 I=0
2026-01-21 16:51:26,675 | INFO | Chunk: 2 | WER=33.333333 | S=2 D=0 I=0
2026-01-21 16:51:26,675 | INFO | Chunk: 3 | WER=44.444444 | S=4 D=0 I=0
2026-01-21 16:51:26,675 | INFO | Chunk: 4 | WER=11.764706 | S=2 D=0 I=0
2026-01-21 16:51:26,676 | INFO | Chunk: 5 | WER=28.571429 | S=1 D=1 I=0
2026-01-21 16:51:26,676 | INFO | Chunk: 6 | WER=37.500000 | S=1 D=2 I=0
2026-01-21 16:51:26,676 | INFO | Chunk: 7 | WER=50.000000 | S=7 D=2 I=0
2026-01-21 16:51:26,676 | INFO | Chunk: 8 | WER=57.142857 | S=6 D=2 I=0
2026-01-21 16:51:26,677 | INFO | Chunk: 9 | WER=20.000000 | S=1 D=0 I=1
2026-01-21 16:51:26,677 | INFO | Chunk: 10 | WER=61.538462 | S=4 D=4 I=0
2026-01-21 16:51:26,677 | INFO | Chunk: 11 | WER=53.333333 | S=7 D=1 I=0
2026-01-21 16:51:26,678 | INFO | Chunk: 12 | WER=50.000000 | S=8 D=0 I=1
2026-01-21 16:51:26,678 | INFO | Chunk: 13 | WER=150.000000 | S=2 D=0 I=1
2026-01-21 16:51:26,678 | INFO | Chunk: 14 | WER=41.666667 | S=4 D=1 I=0
2026-01-21 16:51:26,679 | INFO | Chunk: 15 | WER=75.000000 | S=6 D=0 I=0
2026-01-21 16:51:26,679 | INFO | ------------------------------
2026-01-21 16:51:26,679 | INFO | ------------------------------
2026-01-21 16:51:26,695 | INFO | File: PHO-000024-01_L01.wav | WER=40.112994 | S=61 D=7 I=3
2026-01-21 16:51:26,695 | INFO | ------------------------------
2026-01-21 16:51:26,695 | INFO |  File duration: 217.77066666666667 seconds
2026-01-21 16:51:39,104 | INFO | Using Silero VAD model
2026-01-21 16:51:42,288 | INFO | Number of chunks: 32
2026-01-21 16:51:53,564 | INFO | Chunk: 0 | WER=100.000000 | S=2 D=0 I=0
2026-01-21 16:51:53,565 | INFO | Chunk: 1 | WER=27.272727 | S=2 D=1 I=0
2026-01-21 16:51:53,565 | INFO | Chunk: 2 | WER=100.000000 | S=3 D=1 I=1
2026-01-21 16:51:53,565 | INFO | Chunk: 3 | WER=0.000000 | S=0 D=0 I=0
2026-01-21 16:51:53,565 | INFO | Chunk: 4 | WER=150.000000 | S=2 D=0 I=1
2026-01-21 16:51:53,565 | INFO | Chunk: 5 | WER=16.666667 | S=0 D=1 I=0
2026-01-21 16:51:53,566 | INFO | Chunk: 6 | WER=40.000000 | S=3 D=1 I=0
2026-01-21 16:51:53,566 | INFO | Chunk: 7 | WER=28.571429 | S=2 D=0 I=0
2026-01-21 16:51:53,566 | INFO | Chunk: 8 | WER=30.000000 | S=3 D=0 I=0
2026-01-21 16:51:53,566 | INFO | Chunk: 9 | WER=16.666667 | S=1 D=0 I=0
2026-01-21 16:51:53,566 | INFO | Chunk: 10 | WER=0.000000 | S=0 D=0 I=0
2026-01-21 16:51:53,567 | INFO | Chunk: 11 | WER=90.909091 | S=8 D=2 I=0
2026-01-21 16:51:53,567 | INFO | Chunk: 12 | WER=100.000000 | S=4 D=4 I=0
2026-01-21 16:51:53,567 | INFO | Chunk: 13 | WER=133.333333 | S=3 D=0 I=1
2026-01-21 16:51:53,567 | INFO | Chunk: 14 | WER=50.000000 | S=1 D=0 I=1
2026-01-21 16:51:53,567 | INFO | Chunk: 15 | WER=70.000000 | S=5 D=2 I=0
2026-01-21 16:51:53,567 | INFO | Chunk: 16 | WER=50.000000 | S=2 D=0 I=0
2026-01-21 16:51:53,568 | INFO | Chunk: 17 | WER=20.000000 | S=2 D=0 I=0
2026-01-21 16:51:53,568 | INFO | Chunk: 18 | WER=166.666667 | S=3 D=0 I=2
2026-01-21 16:51:53,568 | INFO | Chunk: 19 | WER=66.666667 | S=2 D=0 I=0
2026-01-21 16:51:53,568 | INFO | Chunk: 20 | WER=100.000000 | S=5 D=0 I=0
2026-01-21 16:51:53,568 | INFO | Chunk: 21 | WER=100.000000 | S=2 D=0 I=1
2026-01-21 16:51:53,568 | INFO | Chunk: 22 | WER=140.000000 | S=5 D=0 I=2
2026-01-21 16:51:53,569 | INFO | Chunk: 23 | WER=50.000000 | S=3 D=0 I=0
2026-01-21 16:51:53,569 | INFO | Chunk: 24 | WER=57.142857 | S=3 D=0 I=1
2026-01-21 16:51:53,569 | INFO | Chunk: 25 | WER=175.000000 | S=4 D=0 I=3
2026-01-21 16:51:53,569 | INFO | Chunk: 26 | WER=14.285714 | S=1 D=0 I=0
2026-01-21 16:51:53,569 | INFO | Chunk: 27 | WER=80.000000 | S=4 D=0 I=0
2026-01-21 16:51:53,569 | INFO | Chunk: 28 | WER=66.666667 | S=1 D=1 I=0
2026-01-21 16:51:53,570 | INFO | Chunk: 29 | WER=100.000000 | S=4 D=0 I=0
2026-01-21 16:51:53,570 | INFO | Chunk: 30 | WER=0.000000 | S=0 D=0 I=0
2026-01-21 16:51:53,570 | INFO | Chunk: 31 | WER=75.000000 | S=3 D=3 I=0
2026-01-21 16:51:53,570 | INFO | ------------------------------
2026-01-21 16:51:53,570 | INFO | ------------------------------
2026-01-21 16:51:53,585 | INFO | File: PHO-000566-01_L01.wav | WER=58.918919 | S=84 D=13 I=12
2026-01-21 16:51:53,585 | INFO | ------------------------------
2026-01-21 16:51:53,586 | INFO |  File duration: 142.57052154195011 seconds
2026-01-21 16:52:03,523 | INFO | Using Silero VAD model
2026-01-21 16:52:05,504 | INFO | Number of chunks: 17
2026-01-21 16:52:15,930 | INFO | Chunk: 0 | WER=15.000000 | S=1 D=2 I=0
2026-01-21 16:52:15,931 | INFO | Chunk: 1 | WER=41.176471 | S=4 D=3 I=0
2026-01-21 16:52:15,931 | INFO | Chunk: 2 | WER=66.666667 | S=6 D=0 I=0
2026-01-21 16:52:15,931 | INFO | Chunk: 3 | WER=38.888889 | S=5 D=2 I=0
2026-01-21 16:52:15,931 | INFO | Chunk: 4 | WER=28.571429 | S=1 D=1 I=0
2026-01-21 16:52:15,932 | INFO | Chunk: 5 | WER=0.000000 | S=0 D=0 I=0
2026-01-21 16:52:15,932 | INFO | Chunk: 6 | WER=18.181818 | S=1 D=0 I=1
2026-01-21 16:52:15,932 | INFO | Chunk: 7 | WER=14.285714 | S=1 D=0 I=0
2026-01-21 16:52:15,933 | INFO | Chunk: 8 | WER=28.000000 | S=5 D=2 I=0
2026-01-21 16:52:15,933 | INFO | Chunk: 9 | WER=58.333333 | S=6 D=1 I=0
2026-01-21 16:52:15,933 | INFO | Chunk: 10 | WER=28.571429 | S=4 D=0 I=0
2026-01-21 16:52:15,934 | INFO | Chunk: 11 | WER=54.545455 | S=6 D=0 I=0
2026-01-21 16:52:15,934 | INFO | Chunk: 12 | WER=0.000000 | S=0 D=0 I=0
2026-01-21 16:52:15,934 | INFO | Chunk: 13 | WER=150.000000 | S=2 D=0 I=1
2026-01-21 16:52:15,934 | INFO | Chunk: 14 | WER=0.000000 | S=0 D=0 I=0
2026-01-21 16:52:15,934 | INFO | Chunk: 15 | WER=100.000000 | S=4 D=5 I=0
2026-01-21 16:52:15,934 | INFO | Chunk: 16 | WER=200.000000 | S=1 D=0 I=1
2026-01-21 16:52:15,935 | INFO | ------------------------------
2026-01-21 16:52:15,935 | INFO | ------------------------------
2026-01-21 16:52:15,949 | INFO | File: PHO-000814-01_L01.wav | WER=29.943503 | S=48 D=3 I=2
2026-01-21 16:52:15,949 | INFO | ------------------------------
2026-01-21 16:52:15,949 | INFO |  File duration: 97.96266666666666 seconds
2026-01-21 16:52:21,813 | INFO | Using Silero VAD model
2026-01-21 16:52:23,249 | INFO | Number of chunks: 10
2026-01-21 16:52:31,271 | INFO | Chunk: 0 | WER=800.000000 | S=1 D=0 I=7
2026-01-21 16:52:31,271 | INFO | Chunk: 1 | WER=25.000000 | S=2 D=3 I=0
2026-01-21 16:52:31,272 | INFO | Chunk: 2 | WER=53.333333 | S=7 D=8 I=1
2026-01-21 16:52:31,273 | INFO | Chunk: 3 | WER=66.666667 | S=6 D=7 I=1
2026-01-21 16:52:31,273 | INFO | Chunk: 4 | WER=18.750000 | S=0 D=3 I=0
2026-01-21 16:52:31,273 | INFO | Chunk: 5 | WER=15.000000 | S=1 D=2 I=0
2026-01-21 16:52:31,274 | INFO | Chunk: 6 | WER=53.846154 | S=12 D=2 I=0
2026-01-21 16:52:31,274 | INFO | Chunk: 7 | WER=55.555556 | S=2 D=3 I=0
2026-01-21 16:52:31,274 | INFO | Chunk: 8 | WER=83.333333 | S=4 D=1 I=0
2026-01-21 16:52:31,275 | INFO | Chunk: 9 | WER=77.777778 | S=7 D=7 I=0
2026-01-21 16:52:31,275 | INFO | ------------------------------
2026-01-21 16:52:31,275 | INFO | ------------------------------
2026-01-21 16:52:31,284 | INFO | File: PHO-001070-01_L01.wav | WER=43.478261 | S=40 D=9 I=11
2026-01-21 16:52:31,285 | INFO | ------------------------------
2026-01-21 16:52:31,285 | INFO |  File duration: 80.43392290249433 seconds
2026-01-21 16:52:38,007 | INFO | Using Silero VAD model
2026-01-21 16:52:39,218 | INFO | Number of chunks: 10
2026-01-21 16:52:47,615 | INFO | Chunk: 0 | WER=5.263158 | S=0 D=1 I=0
2026-01-21 16:52:47,616 | INFO | Chunk: 1 | WER=25.000000 | S=4 D=2 I=0
2026-01-21 16:52:47,617 | INFO | Chunk: 2 | WER=11.764706 | S=0 D=4 I=0
2026-01-21 16:52:47,617 | INFO | Chunk: 3 | WER=20.000000 | S=1 D=1 I=0
2026-01-21 16:52:47,617 | INFO | Chunk: 4 | WER=22.222222 | S=0 D=2 I=0
2026-01-21 16:52:47,618 | INFO | Chunk: 5 | WER=14.285714 | S=1 D=1 I=0
2026-01-21 16:52:47,618 | INFO | Chunk: 6 | WER=33.333333 | S=0 D=2 I=2
2026-01-21 16:52:47,619 | INFO | Chunk: 7 | WER=56.451613 | S=7 D=28 I=0
2026-01-21 16:52:47,620 | INFO | Chunk: 8 | WER=0.000000 | S=0 D=0 I=0
2026-01-21 16:52:47,620 | INFO | Chunk: 9 | WER=50.000000 | S=2 D=1 I=0
2026-01-21 16:52:47,620 | INFO | ------------------------------
2026-01-21 16:52:47,620 | INFO | ------------------------------
2026-01-21 16:52:47,632 | INFO | File: PHO-001329-01_L01.wav | WER=24.712644 | S=14 D=26 I=3
2026-01-21 16:52:47,633 | INFO | ------------------------------
2026-01-21 16:52:47,633 | INFO |  File duration: 93.78133333333334 seconds
2026-01-21 16:52:54,564 | INFO | Using Silero VAD model
2026-01-21 16:52:55,931 | INFO | Number of chunks: 11
2026-01-21 16:53:02,781 | INFO | Chunk: 0 | WER=25.000000 | S=5 D=1 I=0
2026-01-21 16:53:02,782 | INFO | Chunk: 1 | WER=71.428571 | S=3 D=1 I=1
2026-01-21 16:53:02,782 | INFO | Chunk: 2 | WER=11.111111 | S=0 D=1 I=0
2026-01-21 16:53:02,782 | INFO | Chunk: 3 | WER=25.000000 | S=1 D=2 I=0
2026-01-21 16:53:02,782 | INFO | Chunk: 4 | WER=80.000000 | S=4 D=0 I=0
2026-01-21 16:53:02,783 | INFO | Chunk: 5 | WER=15.384615 | S=2 D=0 I=0
2026-01-21 16:53:02,783 | INFO | Chunk: 6 | WER=21.052632 | S=3 D=1 I=0
2026-01-21 16:53:02,784 | INFO | Chunk: 7 | WER=23.076923 | S=3 D=3 I=0
2026-01-21 16:53:02,784 | INFO | Chunk: 8 | WER=66.666667 | S=1 D=0 I=1
2026-01-21 16:53:02,784 | INFO | Chunk: 9 | WER=50.000000 | S=2 D=0 I=0
2026-01-21 16:53:02,784 | INFO | Chunk: 10 | WER=57.142857 | S=1 D=3 I=0
2026-01-21 16:53:02,784 | INFO | ------------------------------
2026-01-21 16:53:02,784 | INFO | ------------------------------
2026-01-21 16:53:02,792 | INFO | File: PHO-001473-01_L01.wav | WER=26.050420 | S=23 D=4 I=4
2026-01-21 16:53:02,792 | INFO | ------------------------------
2026-01-21 16:53:02,792 | INFO |  File duration: 116.65066666666667 seconds
2026-01-21 16:53:13,013 | INFO | Using Silero VAD model
2026-01-21 16:53:14,678 | INFO | Number of chunks: 19
2026-01-21 16:53:24,754 | INFO | Chunk: 0 | WER=0.000000 | S=0 D=0 I=0
2026-01-21 16:53:24,755 | INFO | Chunk: 1 | WER=0.000000 | S=0 D=0 I=0
2026-01-21 16:53:24,755 | INFO | Chunk: 2 | WER=42.857143 | S=5 D=0 I=1
2026-01-21 16:53:24,755 | INFO | Chunk: 3 | WER=30.000000 | S=2 D=1 I=0
2026-01-21 16:53:24,756 | INFO | Chunk: 4 | WER=25.000000 | S=4 D=0 I=0
2026-01-21 16:53:24,756 | INFO | Chunk: 5 | WER=0.000000 | S=0 D=0 I=0
2026-01-21 16:53:24,756 | INFO | Chunk: 6 | WER=0.000000 | S=0 D=0 I=0
2026-01-21 16:53:24,756 | INFO | Chunk: 7 | WER=0.000000 | S=0 D=0 I=0
2026-01-21 16:53:24,757 | INFO | Chunk: 8 | WER=0.000000 | S=0 D=0 I=0
2026-01-21 16:53:24,757 | INFO | Chunk: 9 | WER=25.000000 | S=2 D=0 I=0
2026-01-21 16:53:24,757 | INFO | Chunk: 10 | WER=20.000000 | S=2 D=0 I=0
2026-01-21 16:53:24,757 | INFO | Chunk: 11 | WER=50.000000 | S=2 D=5 I=0
2026-01-21 16:53:24,758 | INFO | Chunk: 12 | WER=35.294118 | S=3 D=3 I=0
2026-01-21 16:53:24,758 | INFO | Chunk: 13 | WER=23.076923 | S=2 D=1 I=0
2026-01-21 16:53:24,758 | INFO | Chunk: 14 | WER=25.000000 | S=1 D=1 I=0
2026-01-21 16:53:24,758 | INFO | Chunk: 15 | WER=100.000000 | S=1 D=1 I=0
2026-01-21 16:53:24,759 | INFO | Chunk: 16 | WER=16.666667 | S=1 D=0 I=0
2026-01-21 16:53:24,759 | INFO | Chunk: 17 | WER=33.333333 | S=1 D=1 I=0
2026-01-21 16:53:24,759 | INFO | Chunk: 18 | WER=66.666667 | S=3 D=3 I=0
2026-01-21 16:53:24,759 | INFO | ------------------------------
2026-01-21 16:53:24,759 | INFO | ------------------------------
2026-01-21 16:53:24,773 | INFO | File: PHO-001499-01_L01.wav | WER=20.454545 | S=28 D=6 I=2
2026-01-21 16:53:24,773 | INFO | ------------------------------
2026-01-21 16:53:24,773 | INFO |  File duration: 165.20533333333333 seconds
2026-01-21 16:53:36,235 | INFO | Using Silero VAD model
2026-01-21 16:53:38,754 | INFO | Number of chunks: 9
2026-01-21 16:53:48,284 | INFO | Chunk: 0 | WER=60.377358 | S=9 D=23 I=0
2026-01-21 16:53:48,285 | INFO | Chunk: 1 | WER=63.265306 | S=5 D=26 I=0
2026-01-21 16:53:48,286 | INFO | Chunk: 2 | WER=55.555556 | S=4 D=6 I=0
2026-01-21 16:53:48,286 | INFO | Chunk: 3 | WER=66.666667 | S=1 D=5 I=0
2026-01-21 16:53:48,287 | INFO | Chunk: 4 | WER=55.000000 | S=12 D=8 I=2
2026-01-21 16:53:48,287 | INFO | Chunk: 5 | WER=77.777778 | S=6 D=0 I=1
2026-01-21 16:53:48,288 | INFO | Chunk: 6 | WER=90.909091 | S=6 D=4 I=0
2026-01-21 16:53:48,288 | INFO | Chunk: 7 | WER=63.414634 | S=10 D=16 I=0
2026-01-21 16:53:48,289 | INFO | Chunk: 8 | WER=50.000000 | S=4 D=6 I=0
2026-01-21 16:53:48,289 | INFO | ------------------------------
2026-01-21 16:53:48,289 | INFO | ------------------------------
2026-01-21 16:53:48,302 | INFO | File: PHO-001522-01_L01.wav | WER=49.710983 | S=52 D=24 I=10
2026-01-21 16:53:48,302 | INFO | ------------------------------
2026-01-21 16:53:48,303 | INFO |  File duration: 89.088 seconds
2026-01-21 16:53:52,800 | INFO | Using Silero VAD model
2026-01-21 16:53:54,305 | INFO | Number of chunks: 17
2026-01-21 16:54:03,595 | INFO | Chunk: 0 | WER=11.764706 | S=2 D=0 I=0
2026-01-21 16:54:03,595 | INFO | Chunk: 1 | WER=71.428571 | S=4 D=1 I=0
2026-01-21 16:54:03,595 | INFO | Chunk: 2 | WER=100.000000 | S=3 D=2 I=0
2026-01-21 16:54:03,595 | INFO | Chunk: 3 | WER=88.888889 | S=6 D=2 I=0
2026-01-21 16:54:03,596 | INFO | Chunk: 4 | WER=44.444444 | S=3 D=0 I=1
2026-01-21 16:54:03,596 | INFO | Chunk: 5 | WER=81.818182 | S=6 D=3 I=0
2026-01-21 16:54:03,596 | INFO | Chunk: 6 | WER=14.285714 | S=1 D=0 I=0
2026-01-21 16:54:03,596 | INFO | Chunk: 7 | WER=42.857143 | S=5 D=4 I=0
2026-01-21 16:54:03,597 | INFO | Chunk: 8 | WER=83.333333 | S=7 D=3 I=0
2026-01-21 16:54:03,597 | INFO | Chunk: 9 | WER=90.000000 | S=4 D=5 I=0
2026-01-21 16:54:03,597 | INFO | Chunk: 10 | WER=100.000000 | S=9 D=0 I=0
2026-01-21 16:54:03,597 | INFO | Chunk: 11 | WER=85.714286 | S=10 D=2 I=0
2026-01-21 16:54:03,598 | INFO | Chunk: 12 | WER=91.666667 | S=7 D=3 I=1
2026-01-21 16:54:03,598 | INFO | Chunk: 13 | WER=100.000000 | S=6 D=0 I=1
2026-01-21 16:54:03,598 | INFO | Chunk: 14 | WER=66.666667 | S=3 D=1 I=0
2026-01-21 16:54:03,598 | INFO | Chunk: 15 | WER=33.333333 | S=1 D=1 I=0
2026-01-21 16:54:03,598 | INFO | Chunk: 16 | WER=100.000000 | S=4 D=3 I=0
2026-01-21 16:54:03,599 | INFO | ------------------------------
2026-01-21 16:54:03,599 | INFO | ------------------------------
2026-01-21 16:54:03,610 | INFO | File: PHO-001594-01_L01.wav | WER=65.662651 | S=83 D=25 I=1
2026-01-21 16:54:03,610 | INFO | ------------------------------
2026-01-21 16:54:03,610 | INFO |  File duration: 85.35655328798185 seconds
2026-01-21 16:54:09,913 | INFO | Using Silero VAD model
2026-01-21 16:54:11,470 | INFO | Number of chunks: 18
2026-01-21 16:54:21,685 | INFO | Chunk: 0 | WER=5.263158 | S=0 D=1 I=0
2026-01-21 16:54:21,685 | INFO | Chunk: 1 | WER=70.000000 | S=6 D=1 I=0
2026-01-21 16:54:21,686 | INFO | Chunk: 2 | WER=50.000000 | S=2 D=2 I=0
2026-01-21 16:54:21,686 | INFO | Chunk: 3 | WER=54.545455 | S=4 D=2 I=0
2026-01-21 16:54:21,686 | INFO | Chunk: 4 | WER=40.000000 | S=4 D=4 I=0
2026-01-21 16:54:21,687 | INFO | Chunk: 5 | WER=53.333333 | S=6 D=2 I=0
2026-01-21 16:54:21,687 | INFO | Chunk: 6 | WER=54.545455 | S=5 D=1 I=0
2026-01-21 16:54:21,687 | INFO | Chunk: 7 | WER=42.857143 | S=3 D=0 I=0
2026-01-21 16:54:21,687 | INFO | Chunk: 8 | WER=64.285714 | S=9 D=0 I=0
2026-01-21 16:54:21,688 | INFO | Chunk: 9 | WER=100.000000 | S=1 D=5 I=0
2026-01-21 16:54:21,688 | INFO | Chunk: 10 | WER=100.000000 | S=4 D=3 I=0
2026-01-21 16:54:21,688 | INFO | Chunk: 11 | WER=46.153846 | S=4 D=2 I=0
2026-01-21 16:54:21,688 | INFO | Chunk: 12 | WER=100.000000 | S=3 D=2 I=0
2026-01-21 16:54:21,689 | INFO | Chunk: 13 | WER=53.846154 | S=5 D=2 I=0
2026-01-21 16:54:21,689 | INFO | Chunk: 14 | WER=100.000000 | S=2 D=2 I=0
2026-01-21 16:54:21,689 | INFO | Chunk: 15 | WER=70.000000 | S=6 D=1 I=0
2026-01-21 16:54:21,689 | INFO | Chunk: 16 | WER=34.782609 | S=6 D=2 I=0
2026-01-21 16:54:21,690 | INFO | Chunk: 17 | WER=100.000000 | S=5 D=3 I=0
2026-01-21 16:54:21,690 | INFO | ------------------------------
2026-01-21 16:54:21,690 | INFO | ------------------------------
2026-01-21 16:54:21,703 | INFO | File: PHO-001670-01_L01.wav | WER=48.022599 | S=73 D=10 I=2
2026-01-21 16:54:21,703 | INFO | ------------------------------
2026-01-21 16:54:21,704 | INFO |  File duration: 129.2887074829932 seconds
2026-01-21 16:54:29,035 | INFO | Using Silero VAD model
2026-01-21 16:54:30,845 | INFO | Number of chunks: 11
2026-01-21 16:54:37,536 | INFO | Chunk: 0 | WER=60.606061 | S=3 D=17 I=0
2026-01-21 16:54:37,536 | INFO | Chunk: 1 | WER=100.000000 | S=7 D=1 I=0
2026-01-21 16:54:37,537 | INFO | Chunk: 2 | WER=85.000000 | S=6 D=28 I=0
2026-01-21 16:54:37,537 | INFO | Chunk: 3 | WER=89.361702 | S=12 D=30 I=0
2026-01-21 16:54:37,537 | INFO | Chunk: 4 | WER=125.000000 | S=4 D=0 I=1
2026-01-21 16:54:37,538 | INFO | Chunk: 5 | WER=100.000000 | S=1 D=0 I=0
2026-01-21 16:54:37,538 | INFO | Chunk: 6 | WER=100.000000 | S=6 D=4 I=0
2026-01-21 16:54:37,538 | INFO | Chunk: 7 | WER=85.714286 | S=5 D=1 I=0
2026-01-21 16:54:37,539 | INFO | Chunk: 8 | WER=65.384615 | S=12 D=4 I=1
2026-01-21 16:54:37,539 | INFO | Chunk: 9 | WER=100.000000 | S=11 D=3 I=1
2026-01-21 16:54:37,539 | INFO | Chunk: 10 | WER=100.000000 | S=1 D=0 I=0
2026-01-21 16:54:37,539 | INFO | ------------------------------
2026-01-21 16:54:37,539 | INFO | ------------------------------
2026-01-21 16:54:37,549 | INFO | File: PHO-001836-01_L01.wav | WER=78.409091 | S=65 D=71 I=2
2026-01-21 16:54:37,549 | INFO | ------------------------------
2026-01-21 16:54:37,549 | INFO |  File duration: 67.15210884353742 seconds
2026-01-21 16:54:41,986 | INFO | Using Silero VAD model
2026-01-21 16:54:43,156 | INFO | Number of chunks: 5
2026-01-21 16:54:48,363 | INFO | Chunk: 0 | WER=59.375000 | S=4 D=15 I=0
2026-01-21 16:54:48,364 | INFO | Chunk: 1 | WER=73.214286 | S=6 D=34 I=1
2026-01-21 16:54:48,365 | INFO | Chunk: 2 | WER=73.684211 | S=8 D=6 I=0
2026-01-21 16:54:48,366 | INFO | Chunk: 3 | WER=60.000000 | S=3 D=30 I=0
2026-01-21 16:54:48,366 | INFO | Chunk: 4 | WER=63.157895 | S=9 D=3 I=0
2026-01-21 16:54:48,366 | INFO | ------------------------------
2026-01-21 16:54:48,366 | INFO | ------------------------------
2026-01-21 16:54:48,374 | INFO | File: PHO-307175-01_L01.wav | WER=58.666667 | S=28 D=58 I=2
2026-01-21 16:54:48,374 | INFO | ------------------------------
2026-01-21 16:54:48,374 | INFO | ===================== GLOBAL WER ======================
2026-01-21 16:54:48,374 | INFO | The number of files is 12
2026-01-21 16:54:48,374 | INFO | WER: 45.35%
2026-01-21 16:54:48,375 | INFO | =============================================================
