2026-01-21 16:46:45,732 | INFO | Fetch hyperparams.yaml: Using file found at '/vol/experiments3/imbenamor/TAPAS-FRAIS/models/asr-whisper-medium-commonvoice-fr/hyperparams.yaml'
2026-01-21 16:46:45,732 | DEBUG | Fetch: Source and destination '/vol/experiments3/imbenamor/TAPAS-FRAIS/models/asr-whisper-medium-commonvoice-fr/custom.py' are identical, returning assuming this is intended
2026-01-21 16:46:47,415 | WARNING | speechbrain.lobes.models.huggingface_transformers.huggingface - WhisperModel is frozen.
2026-01-21 16:46:47,416 | WARNING | speechbrain.lobes.models.huggingface_transformers.whisper - whisper encoder-decoder is frozen.
2026-01-21 16:46:47,531 | DEBUG | Collecting files (or symlinks) for pretraining in /vol/experiments3/imbenamor/TAPAS-FRAIS/models/asr-whisper-medium-commonvoice-fr.
2026-01-21 16:46:47,531 | INFO | Fetch whisper.ckpt: Using file found at '/vol/experiments3/imbenamor/TAPAS-FRAIS/models/asr-whisper-medium-commonvoice-fr/whisper.ckpt'
2026-01-21 16:46:47,531 | DEBUG | Set local path in self.paths["whisper"] = /vol/experiments3/imbenamor/TAPAS-FRAIS/models/asr-whisper-medium-commonvoice-fr/whisper.ckpt
2026-01-21 16:46:47,531 | INFO | Loading pretrained files for: whisper
2026-01-21 16:46:47,531 | DEBUG | Redirecting (loading from local path): whisper -> /vol/experiments3/imbenamor/TAPAS-FRAIS/models/asr-whisper-medium-commonvoice-fr/whisper.ckpt
2026-01-21 16:46:51,167 | INFO |  File duration: 51.82693877551021 seconds
2026-01-21 16:46:57,404 | INFO | Using Silero VAD model
2026-01-21 16:46:58,197 | INFO | Number of chunks: 2
2026-01-21 16:47:00,872 | INFO | Chunk: 0 | WER=87.640449 | S=0 D=71 I=7
2026-01-21 16:47:00,874 | INFO | Chunk: 1 | WER=64.772727 | S=3 D=54 I=0
2026-01-21 16:47:00,874 | INFO | ------------------------------
2026-01-21 16:47:00,874 | INFO | ------------------------------
2026-01-21 16:47:00,881 | INFO | File: CCM-001773-01_L01.wav | WER=76.271186 | S=3 D=125 I=7
2026-01-21 16:47:00,881 | INFO | ------------------------------
2026-01-21 16:47:00,881 | INFO |  File duration: 76.16145124716553 seconds
2026-01-21 16:47:06,142 | INFO | Using Silero VAD model
2026-01-21 16:47:07,150 | INFO | Number of chunks: 20
2026-01-21 16:47:14,817 | INFO | Chunk: 0 | WER=0.000000 | S=0 D=0 I=0
2026-01-21 16:47:14,818 | INFO | Chunk: 1 | WER=57.142857 | S=6 D=2 I=0
2026-01-21 16:47:14,818 | INFO | Chunk: 2 | WER=22.222222 | S=2 D=0 I=0
2026-01-21 16:47:14,818 | INFO | Chunk: 3 | WER=22.222222 | S=3 D=1 I=0
2026-01-21 16:47:14,819 | INFO | Chunk: 4 | WER=16.666667 | S=1 D=0 I=0
2026-01-21 16:47:14,819 | INFO | Chunk: 5 | WER=33.333333 | S=2 D=0 I=0
2026-01-21 16:47:14,819 | INFO | Chunk: 6 | WER=27.272727 | S=1 D=2 I=0
2026-01-21 16:47:14,819 | INFO | Chunk: 7 | WER=116.666667 | S=6 D=0 I=1
2026-01-21 16:47:14,819 | INFO | Chunk: 8 | WER=60.000000 | S=3 D=0 I=0
2026-01-21 16:47:14,820 | INFO | Chunk: 9 | WER=50.000000 | S=3 D=0 I=1
2026-01-21 16:47:14,820 | INFO | Chunk: 10 | WER=90.000000 | S=5 D=4 I=0
2026-01-21 16:47:14,820 | INFO | Chunk: 11 | WER=133.333333 | S=3 D=0 I=1
2026-01-21 16:47:14,820 | INFO | Chunk: 12 | WER=0.000000 | S=0 D=0 I=0
2026-01-21 16:47:14,820 | INFO | Chunk: 13 | WER=80.000000 | S=3 D=0 I=1
2026-01-21 16:47:14,821 | INFO | Chunk: 14 | WER=50.000000 | S=7 D=0 I=0
2026-01-21 16:47:14,821 | INFO | Chunk: 15 | WER=61.538462 | S=7 D=1 I=0
2026-01-21 16:47:14,821 | INFO | Chunk: 16 | WER=83.333333 | S=4 D=0 I=1
2026-01-21 16:47:14,821 | INFO | Chunk: 17 | WER=100.000000 | S=8 D=0 I=0
2026-01-21 16:47:14,821 | INFO | Chunk: 18 | WER=83.333333 | S=4 D=1 I=0
2026-01-21 16:47:14,822 | INFO | Chunk: 19 | WER=50.000000 | S=3 D=1 I=0
2026-01-21 16:47:14,822 | INFO | ------------------------------
2026-01-21 16:47:14,822 | INFO | ------------------------------
2026-01-21 16:47:14,836 | INFO | File: CCM-003130-01_L01.wav | WER=48.000000 | S=73 D=8 I=3
2026-01-21 16:47:14,836 | INFO | ------------------------------
2026-01-21 16:47:14,836 | INFO |  File duration: 69.47410430839003 seconds
2026-01-21 16:47:21,187 | INFO | Using Silero VAD model
2026-01-21 16:47:22,120 | INFO | Number of chunks: 5
2026-01-21 16:47:25,975 | INFO | Chunk: 0 | WER=79.069767 | S=0 D=68 I=0
2026-01-21 16:47:25,975 | INFO | Chunk: 1 | WER=12.500000 | S=0 D=1 I=0
2026-01-21 16:47:25,977 | INFO | Chunk: 2 | WER=67.567568 | S=15 D=35 I=0
2026-01-21 16:47:25,978 | INFO | Chunk: 3 | WER=33.333333 | S=2 D=3 I=0
2026-01-21 16:47:25,978 | INFO | Chunk: 4 | WER=33.333333 | S=1 D=2 I=0
2026-01-21 16:47:25,978 | INFO | ------------------------------
2026-01-21 16:47:25,978 | INFO | ------------------------------
2026-01-21 16:47:25,986 | INFO | File: CCM-003148-01_L01.wav | WER=63.068182 | S=18 D=93 I=0
2026-01-21 16:47:25,986 | INFO | ------------------------------
2026-01-21 16:47:25,987 | INFO |  File duration: 63.15827664399093 seconds
2026-01-21 16:47:30,293 | INFO | Using Silero VAD model
2026-01-21 16:47:31,177 | INFO | Number of chunks: 6
2026-01-21 16:47:37,505 | INFO | Chunk: 0 | WER=12.500000 | S=0 D=2 I=0
2026-01-21 16:47:37,506 | INFO | Chunk: 1 | WER=38.461538 | S=5 D=5 I=0
2026-01-21 16:47:37,506 | INFO | Chunk: 2 | WER=24.137931 | S=6 D=1 I=0
2026-01-21 16:47:37,507 | INFO | Chunk: 3 | WER=33.333333 | S=3 D=3 I=0
2026-01-21 16:47:37,507 | INFO | Chunk: 4 | WER=20.833333 | S=1 D=3 I=1
2026-01-21 16:47:37,509 | INFO | Chunk: 5 | WER=59.740260 | S=10 D=36 I=0
2026-01-21 16:47:37,509 | INFO | ------------------------------
2026-01-21 16:47:37,509 | INFO | ------------------------------
2026-01-21 16:47:37,521 | INFO | File: CCM-003346-01_L01.wav | WER=33.333333 | S=25 D=31 I=1
2026-01-21 16:47:37,521 | INFO | ------------------------------
2026-01-21 16:47:37,522 | INFO |  File duration: 84.14911564625851 seconds
2026-01-21 16:47:44,186 | INFO | Using Silero VAD model
2026-01-21 16:47:45,628 | INFO | Number of chunks: 16
2026-01-21 16:47:54,157 | INFO | Chunk: 0 | WER=12.500000 | S=0 D=1 I=0
2026-01-21 16:47:54,158 | INFO | Chunk: 1 | WER=0.000000 | S=0 D=0 I=0
2026-01-21 16:47:54,158 | INFO | Chunk: 2 | WER=41.176471 | S=5 D=2 I=0
2026-01-21 16:47:54,159 | INFO | Chunk: 3 | WER=25.000000 | S=2 D=3 I=0
2026-01-21 16:47:54,159 | INFO | Chunk: 4 | WER=0.000000 | S=0 D=0 I=0
2026-01-21 16:47:54,159 | INFO | Chunk: 5 | WER=0.000000 | S=0 D=0 I=0
2026-01-21 16:47:54,160 | INFO | Chunk: 6 | WER=39.130435 | S=3 D=5 I=1
2026-01-21 16:47:54,160 | INFO | Chunk: 7 | WER=23.076923 | S=2 D=1 I=0
2026-01-21 16:47:54,160 | INFO | Chunk: 8 | WER=0.000000 | S=0 D=0 I=0
2026-01-21 16:47:54,160 | INFO | Chunk: 9 | WER=18.181818 | S=2 D=0 I=0
2026-01-21 16:47:54,161 | INFO | Chunk: 10 | WER=45.454545 | S=2 D=3 I=0
2026-01-21 16:47:54,161 | INFO | Chunk: 11 | WER=33.333333 | S=1 D=1 I=0
2026-01-21 16:47:54,161 | INFO | Chunk: 12 | WER=27.272727 | S=3 D=0 I=0
2026-01-21 16:47:54,161 | INFO | Chunk: 13 | WER=0.000000 | S=0 D=0 I=0
2026-01-21 16:47:54,162 | INFO | Chunk: 14 | WER=26.666667 | S=2 D=2 I=0
2026-01-21 16:47:54,162 | INFO | Chunk: 15 | WER=37.500000 | S=1 D=2 I=0
2026-01-21 16:47:54,162 | INFO | ------------------------------
2026-01-21 16:47:54,162 | INFO | ------------------------------
2026-01-21 16:47:54,176 | INFO | File: CCM-003557-01_L01.wav | WER=17.514124 | S=23 D=7 I=1
2026-01-21 16:47:54,176 | INFO | ------------------------------
2026-01-21 16:47:54,176 | INFO |  File duration: 124.83047619047619 seconds
2026-01-21 16:48:02,696 | INFO | Using Silero VAD model
2026-01-21 16:48:04,230 | INFO | Number of chunks: 40
2026-01-21 16:48:14,059 | INFO | Chunk: 0 | WER=69.230769 | S=6 D=3 I=0
2026-01-21 16:48:14,059 | INFO | Chunk: 1 | WER=200.000000 | S=4 D=0 I=4
2026-01-21 16:48:14,059 | INFO | Chunk: 2 | WER=50.000000 | S=1 D=0 I=0
2026-01-21 16:48:14,059 | INFO | Chunk: 3 | WER=61.538462 | S=7 D=1 I=0
2026-01-21 16:48:14,060 | INFO | Chunk: 4 | WER=71.428571 | S=5 D=0 I=0
2026-01-21 16:48:14,060 | INFO | Chunk: 5 | WER=100.000000 | S=1 D=0 I=1
2026-01-21 16:48:14,060 | INFO | Chunk: 6 | WER=66.666667 | S=2 D=0 I=0
2026-01-21 16:48:14,060 | INFO | Chunk: 7 | WER=0.000000 | S=0 D=0 I=0
2026-01-21 16:48:14,060 | INFO | Chunk: 8 | WER=40.000000 | S=2 D=2 I=0
2026-01-21 16:48:14,060 | INFO | Chunk: 9 | WER=100.000000 | S=2 D=1 I=0
2026-01-21 16:48:14,061 | INFO | Chunk: 10 | WER=100.000000 | S=1 D=2 I=0
2026-01-21 16:48:14,061 | INFO | Chunk: 11 | WER=58.333333 | S=4 D=2 I=1
2026-01-21 16:48:14,061 | INFO | Chunk: 12 | WER=66.666667 | S=1 D=1 I=0
2026-01-21 16:48:14,061 | INFO | Chunk: 13 | WER=72.727273 | S=5 D=3 I=0
2026-01-21 16:48:14,061 | INFO | Chunk: 14 | WER=0.000000 | S=0 D=0 I=0
2026-01-21 16:48:14,062 | INFO | Chunk: 15 | WER=100.000000 | S=2 D=0 I=2
2026-01-21 16:48:14,062 | INFO | Chunk: 16 | WER=100.000000 | S=5 D=0 I=0
2026-01-21 16:48:14,062 | INFO | Chunk: 17 | WER=20.000000 | S=1 D=0 I=0
2026-01-21 16:48:14,062 | INFO | Chunk: 18 | WER=100.000000 | S=3 D=0 I=0
2026-01-21 16:48:14,062 | INFO | Chunk: 19 | WER=70.000000 | S=4 D=3 I=0
2026-01-21 16:48:14,062 | INFO | Chunk: 20 | WER=100.000000 | S=1 D=2 I=0
2026-01-21 16:48:14,062 | INFO | Chunk: 21 | WER=100.000000 | S=2 D=1 I=0
2026-01-21 16:48:14,063 | INFO | Chunk: 22 | WER=100.000000 | S=1 D=0 I=0
2026-01-21 16:48:14,063 | INFO | Chunk: 23 | WER=100.000000 | S=1 D=1 I=0
2026-01-21 16:48:14,063 | INFO | Chunk: 24 | WER=100.000000 | S=1 D=0 I=1
2026-01-21 16:48:14,063 | INFO | Chunk: 25 | WER=200.000000 | S=1 D=0 I=1
2026-01-21 16:48:14,063 | INFO | Chunk: 26 | WER=75.000000 | S=1 D=1 I=1
2026-01-21 16:48:14,063 | INFO | Chunk: 27 | WER=100.000000 | S=2 D=1 I=1
2026-01-21 16:48:14,063 | INFO | Chunk: 28 | WER=100.000000 | S=1 D=0 I=0
2026-01-21 16:48:14,064 | INFO | Chunk: 29 | WER=60.000000 | S=4 D=2 I=0
2026-01-21 16:48:14,064 | INFO | Chunk: 30 | WER=50.000000 | S=1 D=0 I=0
2026-01-21 16:48:14,064 | INFO | Chunk: 31 | WER=100.000000 | S=1 D=0 I=0
2026-01-21 16:48:14,064 | INFO | Chunk: 32 | WER=75.000000 | S=4 D=1 I=1
2026-01-21 16:48:14,064 | INFO | Chunk: 33 | WER=33.333333 | S=1 D=0 I=0
2026-01-21 16:48:14,064 | INFO | Chunk: 34 | WER=40.000000 | S=2 D=0 I=0
2026-01-21 16:48:14,065 | INFO | Chunk: 35 | WER=100.000000 | S=5 D=0 I=0
2026-01-21 16:48:14,065 | INFO | Chunk: 36 | WER=133.333333 | S=3 D=0 I=1
2026-01-21 16:48:14,065 | INFO | Chunk: 37 | WER=57.142857 | S=2 D=0 I=2
2026-01-21 16:48:14,065 | INFO | Chunk: 38 | WER=66.666667 | S=2 D=0 I=2
2026-01-21 16:48:14,065 | INFO | Chunk: 39 | WER=100.000000 | S=5 D=4 I=0
2026-01-21 16:48:14,066 | INFO | ------------------------------
2026-01-21 16:48:14,066 | INFO | ------------------------------
2026-01-21 16:48:14,081 | INFO | File: CCM-003733-01_L01.wav | WER=77.380952 | S=79 D=17 I=34
2026-01-21 16:48:14,081 | INFO | ------------------------------
2026-01-21 16:48:14,081 | INFO |  File duration: 73.3750566893424 seconds
2026-01-21 16:48:20,007 | INFO | Using Silero VAD model
2026-01-21 16:48:21,241 | INFO | Number of chunks: 12
2026-01-21 16:48:28,355 | INFO | Chunk: 0 | WER=43.750000 | S=0 D=14 I=0
2026-01-21 16:48:28,355 | INFO | Chunk: 1 | WER=33.333333 | S=3 D=0 I=0
2026-01-21 16:48:28,355 | INFO | Chunk: 2 | WER=0.000000 | S=0 D=0 I=0
2026-01-21 16:48:28,356 | INFO | Chunk: 3 | WER=26.666667 | S=3 D=1 I=0
2026-01-21 16:48:28,356 | INFO | Chunk: 4 | WER=4.545455 | S=0 D=1 I=0
2026-01-21 16:48:28,356 | INFO | Chunk: 5 | WER=40.000000 | S=2 D=0 I=0
2026-01-21 16:48:28,357 | INFO | Chunk: 6 | WER=0.000000 | S=0 D=0 I=0
2026-01-21 16:48:28,357 | INFO | Chunk: 7 | WER=80.000000 | S=4 D=4 I=0
2026-01-21 16:48:28,357 | INFO | Chunk: 8 | WER=25.000000 | S=2 D=1 I=0
2026-01-21 16:48:28,357 | INFO | Chunk: 9 | WER=25.000000 | S=2 D=2 I=0
2026-01-21 16:48:28,358 | INFO | Chunk: 10 | WER=54.545455 | S=4 D=0 I=2
2026-01-21 16:48:28,358 | INFO | Chunk: 11 | WER=6.896552 | S=2 D=0 I=0
2026-01-21 16:48:28,358 | INFO | ------------------------------
2026-01-21 16:48:28,358 | INFO | ------------------------------
2026-01-21 16:48:28,372 | INFO | File: CCM-003734-01_L01.wav | WER=24.293785 | S=22 D=19 I=2
2026-01-21 16:48:28,372 | INFO | ------------------------------
2026-01-21 16:48:28,372 | INFO |  File duration: 68.89360544217688 seconds
2026-01-21 16:48:33,893 | INFO | Using Silero VAD model
2026-01-21 16:48:34,836 | INFO | Number of chunks: 7
2026-01-21 16:48:42,332 | INFO | Chunk: 0 | WER=22.222222 | S=0 D=1 I=3
2026-01-21 16:48:42,333 | INFO | Chunk: 1 | WER=33.333333 | S=3 D=2 I=0
2026-01-21 16:48:42,333 | INFO | Chunk: 2 | WER=55.555556 | S=6 D=4 I=0
2026-01-21 16:48:42,333 | INFO | Chunk: 3 | WER=0.000000 | S=1 D=0 I=0
2026-01-21 16:48:42,335 | INFO | Chunk: 4 | WER=16.666667 | S=5 D=3 I=0
2026-01-21 16:48:42,336 | INFO | Chunk: 5 | WER=44.230769 | S=4 D=19 I=0
2026-01-21 16:48:42,337 | INFO | Chunk: 6 | WER=35.714286 | S=8 D=7 I=0
2026-01-21 16:48:42,337 | INFO | ------------------------------
2026-01-21 16:48:42,337 | INFO | ------------------------------
2026-01-21 16:48:42,350 | INFO | File: CCM-003848-01_L01.wav | WER=31.073446 | S=21 D=25 I=9
2026-01-21 16:48:42,350 | INFO | ------------------------------
2026-01-21 16:48:42,350 | INFO | ===================== GLOBAL WER ======================
2026-01-21 16:48:42,350 | INFO | The number of files is 8
2026-01-21 16:48:42,351 | INFO | WER: 46.37%
2026-01-21 16:48:42,351 | INFO | =============================================================
