2026-01-21 16:54:51,408 | INFO | Fetch hyperparams.yaml: Using file found at '/vol/experiments3/imbenamor/TAPAS-FRAIS/models/asr-whisper-medium-commonvoice-fr/hyperparams.yaml'
2026-01-21 16:54:51,408 | DEBUG | Fetch: Source and destination '/vol/experiments3/imbenamor/TAPAS-FRAIS/models/asr-whisper-medium-commonvoice-fr/custom.py' are identical, returning assuming this is intended
2026-01-21 16:54:52,993 | WARNING | speechbrain.lobes.models.huggingface_transformers.huggingface - WhisperModel is frozen.
2026-01-21 16:54:52,993 | WARNING | speechbrain.lobes.models.huggingface_transformers.whisper - whisper encoder-decoder is frozen.
2026-01-21 16:54:53,107 | DEBUG | Collecting files (or symlinks) for pretraining in /vol/experiments3/imbenamor/TAPAS-FRAIS/models/asr-whisper-medium-commonvoice-fr.
2026-01-21 16:54:53,107 | INFO | Fetch whisper.ckpt: Using file found at '/vol/experiments3/imbenamor/TAPAS-FRAIS/models/asr-whisper-medium-commonvoice-fr/whisper.ckpt'
2026-01-21 16:54:53,107 | DEBUG | Set local path in self.paths["whisper"] = /vol/experiments3/imbenamor/TAPAS-FRAIS/models/asr-whisper-medium-commonvoice-fr/whisper.ckpt
2026-01-21 16:54:53,107 | INFO | Loading pretrained files for: whisper
2026-01-21 16:54:53,107 | DEBUG | Redirecting (loading from local path): whisper -> /vol/experiments3/imbenamor/TAPAS-FRAIS/models/asr-whisper-medium-commonvoice-fr/whisper.ckpt
2026-01-21 16:54:56,745 | INFO |  File duration: 68.39650793650793 seconds
2026-01-21 16:55:04,558 | INFO | Using Silero VAD model
2026-01-21 16:55:05,624 | INFO | Number of chunks: 8
2026-01-21 16:55:12,033 | INFO | Chunk: 0 | WER=43.750000 | S=0 D=14 I=0
2026-01-21 16:55:12,033 | INFO | Chunk: 1 | WER=33.333333 | S=3 D=0 I=0
2026-01-21 16:55:12,033 | INFO | Chunk: 2 | WER=0.000000 | S=0 D=0 I=0
2026-01-21 16:55:12,034 | INFO | Chunk: 3 | WER=0.000000 | S=0 D=0 I=0
2026-01-21 16:55:12,034 | INFO | Chunk: 4 | WER=5.555556 | S=1 D=0 I=0
2026-01-21 16:55:12,035 | INFO | Chunk: 5 | WER=45.762712 | S=1 D=26 I=0
2026-01-21 16:55:12,036 | INFO | Chunk: 6 | WER=6.666667 | S=1 D=0 I=0
2026-01-21 16:55:12,036 | INFO | Chunk: 7 | WER=28.571429 | S=1 D=3 I=0
2026-01-21 16:55:12,036 | INFO | ------------------------------
2026-01-21 16:55:12,036 | INFO | ------------------------------
2026-01-21 16:55:12,049 | INFO | File: AEX-CAB000-02_L01.wav | WER=28.248588 | S=7 D=43 I=0
2026-01-21 16:55:12,049 | INFO | ------------------------------
2026-01-21 16:55:12,049 | INFO |  File duration: 71.22968253968254 seconds
2026-01-21 16:55:17,461 | INFO | Using Silero VAD model
2026-01-21 16:55:18,424 | INFO | Number of chunks: 16
2026-01-21 16:55:26,576 | INFO | Chunk: 0 | WER=0.000000 | S=0 D=0 I=0
2026-01-21 16:55:26,576 | INFO | Chunk: 1 | WER=60.000000 | S=3 D=0 I=3
2026-01-21 16:55:26,576 | INFO | Chunk: 2 | WER=250.000000 | S=2 D=0 I=3
2026-01-21 16:55:26,576 | INFO | Chunk: 3 | WER=33.333333 | S=2 D=0 I=0
2026-01-21 16:55:26,577 | INFO | Chunk: 4 | WER=22.222222 | S=2 D=0 I=0
2026-01-21 16:55:26,577 | INFO | Chunk: 5 | WER=0.000000 | S=0 D=0 I=0
2026-01-21 16:55:26,577 | INFO | Chunk: 6 | WER=7.692308 | S=1 D=0 I=0
2026-01-21 16:55:26,578 | INFO | Chunk: 7 | WER=11.111111 | S=0 D=2 I=0
2026-01-21 16:55:26,578 | INFO | Chunk: 8 | WER=0.000000 | S=0 D=0 I=0
2026-01-21 16:55:26,578 | INFO | Chunk: 9 | WER=20.000000 | S=2 D=0 I=0
2026-01-21 16:55:26,578 | INFO | Chunk: 10 | WER=18.181818 | S=2 D=0 I=0
2026-01-21 16:55:26,579 | INFO | Chunk: 11 | WER=35.000000 | S=1 D=6 I=0
2026-01-21 16:55:26,579 | INFO | Chunk: 12 | WER=100.000000 | S=1 D=1 I=0
2026-01-21 16:55:26,579 | INFO | Chunk: 13 | WER=22.222222 | S=1 D=0 I=1
2026-01-21 16:55:26,580 | INFO | Chunk: 14 | WER=4.761905 | S=1 D=0 I=0
2026-01-21 16:55:26,580 | INFO | Chunk: 15 | WER=12.500000 | S=1 D=0 I=0
2026-01-21 16:55:26,580 | INFO | ------------------------------
2026-01-21 16:55:26,580 | INFO | ------------------------------
2026-01-21 16:55:26,595 | INFO | File: AEX-CAC000-02_L01.wav | WER=15.909091 | S=13 D=3 I=12
2026-01-21 16:55:26,595 | INFO | ------------------------------
2026-01-21 16:55:26,595 | INFO |  File duration: 70.09696145124717 seconds
2026-01-21 16:55:31,366 | INFO | Using Silero VAD model
2026-01-21 16:55:32,466 | INFO | Number of chunks: 12
2026-01-21 16:55:40,259 | INFO | Chunk: 0 | WER=0.000000 | S=0 D=0 I=0
2026-01-21 16:55:40,260 | INFO | Chunk: 1 | WER=14.285714 | S=2 D=0 I=0
2026-01-21 16:55:40,260 | INFO | Chunk: 2 | WER=22.222222 | S=2 D=0 I=0
2026-01-21 16:55:40,260 | INFO | Chunk: 3 | WER=0.000000 | S=0 D=0 I=0
2026-01-21 16:55:40,261 | INFO | Chunk: 4 | WER=0.000000 | S=0 D=0 I=0
2026-01-21 16:55:40,261 | INFO | Chunk: 5 | WER=27.272727 | S=1 D=2 I=0
2026-01-21 16:55:40,261 | INFO | Chunk: 6 | WER=0.000000 | S=0 D=0 I=0
2026-01-21 16:55:40,262 | INFO | Chunk: 7 | WER=13.043478 | S=3 D=0 I=0
2026-01-21 16:55:40,262 | INFO | Chunk: 8 | WER=9.090909 | S=1 D=0 I=0
2026-01-21 16:55:40,262 | INFO | Chunk: 9 | WER=56.250000 | S=7 D=2 I=0
2026-01-21 16:55:40,263 | INFO | Chunk: 10 | WER=0.000000 | S=0 D=0 I=0
2026-01-21 16:55:40,263 | INFO | Chunk: 11 | WER=26.666667 | S=5 D=3 I=0
2026-01-21 16:55:40,263 | INFO | ------------------------------
2026-01-21 16:55:40,263 | INFO | ------------------------------
2026-01-21 16:55:40,279 | INFO | File: AEX-CAG000-01_L01.wav | WER=15.909091 | S=21 D=6 I=1
2026-01-21 16:55:40,279 | INFO | ------------------------------
2026-01-21 16:55:40,280 | INFO |  File duration: 75.73018140589569 seconds
2026-01-21 16:55:45,567 | INFO | Using Silero VAD model
2026-01-21 16:55:46,788 | INFO | Number of chunks: 14
2026-01-21 16:55:56,068 | INFO | Chunk: 0 | WER=0.000000 | S=0 D=0 I=0
2026-01-21 16:55:56,068 | INFO | Chunk: 1 | WER=280.000000 | S=5 D=0 I=9
2026-01-21 16:55:56,069 | INFO | Chunk: 2 | WER=17.391304 | S=4 D=0 I=0
2026-01-21 16:55:56,069 | INFO | Chunk: 3 | WER=5.882353 | S=1 D=0 I=0
2026-01-21 16:55:56,069 | INFO | Chunk: 4 | WER=66.666667 | S=3 D=0 I=3
2026-01-21 16:55:56,070 | INFO | Chunk: 5 | WER=0.000000 | S=0 D=0 I=0
2026-01-21 16:55:56,070 | INFO | Chunk: 6 | WER=9.090909 | S=1 D=0 I=0
2026-01-21 16:55:56,070 | INFO | Chunk: 7 | WER=0.000000 | S=0 D=0 I=0
2026-01-21 16:55:56,071 | INFO | Chunk: 8 | WER=8.695652 | S=2 D=0 I=0
2026-01-21 16:55:56,071 | INFO | Chunk: 9 | WER=12.000000 | S=2 D=0 I=1
2026-01-21 16:55:56,072 | INFO | Chunk: 10 | WER=27.272727 | S=2 D=1 I=0
2026-01-21 16:55:56,072 | INFO | Chunk: 11 | WER=0.000000 | S=0 D=0 I=0
2026-01-21 16:55:56,072 | INFO | Chunk: 12 | WER=13.333333 | S=2 D=0 I=0
2026-01-21 16:55:56,072 | INFO | Chunk: 13 | WER=28.571429 | S=1 D=1 I=0
2026-01-21 16:55:56,073 | INFO | ------------------------------
2026-01-21 16:55:56,073 | INFO | ------------------------------
2026-01-21 16:55:56,089 | INFO | File: AEX-CLJ000-02_L01.wav | WER=22.159091 | S=15 D=2 I=22
2026-01-21 16:55:56,090 | INFO | ------------------------------
2026-01-21 16:55:56,090 | INFO |  File duration: 58.55369614512472 seconds
2026-01-21 16:56:00,850 | INFO | Using Silero VAD model
2026-01-21 16:56:01,672 | INFO | Number of chunks: 5
2026-01-21 16:56:07,460 | INFO | Chunk: 0 | WER=43.750000 | S=0 D=14 I=0
2026-01-21 16:56:07,461 | INFO | Chunk: 1 | WER=33.333333 | S=3 D=0 I=0
2026-01-21 16:56:07,462 | INFO | Chunk: 2 | WER=6.250000 | S=1 D=2 I=0
2026-01-21 16:56:07,463 | INFO | Chunk: 3 | WER=37.288136 | S=1 D=21 I=0
2026-01-21 16:56:07,464 | INFO | Chunk: 4 | WER=6.666667 | S=1 D=1 I=0
2026-01-21 16:56:07,464 | INFO | ------------------------------
2026-01-21 16:56:07,464 | INFO | ------------------------------
2026-01-21 16:56:07,476 | INFO | File: AEX-CML000-01_L01.wav | WER=25.000000 | S=6 D=37 I=1
2026-01-21 16:56:07,476 | INFO | ------------------------------
2026-01-21 16:56:07,476 | INFO |  File duration: 76.21907029478459 seconds
2026-01-21 16:56:12,982 | INFO | Using Silero VAD model
2026-01-21 16:56:13,995 | INFO | Number of chunks: 15
2026-01-21 16:56:21,799 | INFO | Chunk: 0 | WER=5.555556 | S=1 D=0 I=0
2026-01-21 16:56:21,799 | INFO | Chunk: 1 | WER=14.285714 | S=2 D=0 I=0
2026-01-21 16:56:21,799 | INFO | Chunk: 2 | WER=22.222222 | S=2 D=0 I=0
2026-01-21 16:56:21,800 | INFO | Chunk: 3 | WER=0.000000 | S=0 D=0 I=0
2026-01-21 16:56:21,800 | INFO | Chunk: 4 | WER=50.000000 | S=1 D=11 I=0
2026-01-21 16:56:21,800 | INFO | Chunk: 5 | WER=0.000000 | S=0 D=0 I=0
2026-01-21 16:56:21,801 | INFO | Chunk: 6 | WER=15.384615 | S=2 D=0 I=0
2026-01-21 16:56:21,801 | INFO | Chunk: 7 | WER=20.000000 | S=2 D=0 I=0
2026-01-21 16:56:21,801 | INFO | Chunk: 8 | WER=18.181818 | S=2 D=0 I=0
2026-01-21 16:56:21,802 | INFO | Chunk: 9 | WER=14.285714 | S=2 D=0 I=0
2026-01-21 16:56:21,802 | INFO | Chunk: 10 | WER=50.000000 | S=1 D=0 I=0
2026-01-21 16:56:21,802 | INFO | Chunk: 11 | WER=0.000000 | S=0 D=0 I=0
2026-01-21 16:56:21,802 | INFO | Chunk: 12 | WER=29.411765 | S=2 D=3 I=0
2026-01-21 16:56:21,802 | INFO | Chunk: 13 | WER=100.000000 | S=2 D=1 I=0
2026-01-21 16:56:21,803 | INFO | Chunk: 14 | WER=20.000000 | S=0 D=1 I=0
2026-01-21 16:56:21,803 | INFO | ------------------------------
2026-01-21 16:56:21,803 | INFO | ------------------------------
2026-01-21 16:56:21,816 | INFO | File: AEX-CSR000-01_L01.wav | WER=18.079096 | S=19 D=13 I=0
2026-01-21 16:56:21,816 | INFO | ------------------------------
2026-01-21 16:56:21,816 | INFO |  File duration: 86.34117913832199 seconds
2026-01-21 16:56:26,856 | INFO | Using Silero VAD model
2026-01-21 16:56:28,003 | INFO | Number of chunks: 21
2026-01-21 16:56:36,910 | INFO | Chunk: 0 | WER=100.000000 | S=2 D=0 I=0
2026-01-21 16:56:36,911 | INFO | Chunk: 1 | WER=0.000000 | S=0 D=0 I=0
2026-01-21 16:56:36,911 | INFO | Chunk: 2 | WER=0.000000 | S=0 D=0 I=0
2026-01-21 16:56:36,911 | INFO | Chunk: 3 | WER=0.000000 | S=0 D=0 I=0
2026-01-21 16:56:36,912 | INFO | Chunk: 4 | WER=33.333333 | S=3 D=0 I=0
2026-01-21 16:56:36,912 | INFO | Chunk: 5 | WER=0.000000 | S=0 D=0 I=0
2026-01-21 16:56:36,912 | INFO | Chunk: 6 | WER=0.000000 | S=0 D=0 I=0
2026-01-21 16:56:36,912 | INFO | Chunk: 7 | WER=0.000000 | S=0 D=0 I=0
2026-01-21 16:56:36,912 | INFO | Chunk: 8 | WER=0.000000 | S=0 D=0 I=0
2026-01-21 16:56:36,913 | INFO | Chunk: 9 | WER=0.000000 | S=0 D=0 I=0
2026-01-21 16:56:36,913 | INFO | Chunk: 10 | WER=0.000000 | S=0 D=0 I=0
2026-01-21 16:56:36,913 | INFO | Chunk: 11 | WER=20.000000 | S=2 D=0 I=0
2026-01-21 16:56:36,913 | INFO | Chunk: 12 | WER=0.000000 | S=0 D=0 I=0
2026-01-21 16:56:36,914 | INFO | Chunk: 13 | WER=0.000000 | S=0 D=0 I=0
2026-01-21 16:56:36,914 | INFO | Chunk: 14 | WER=50.000000 | S=1 D=0 I=0
2026-01-21 16:56:36,914 | INFO | Chunk: 15 | WER=0.000000 | S=0 D=0 I=0
2026-01-21 16:56:36,914 | INFO | Chunk: 16 | WER=11.111111 | S=1 D=0 I=0
2026-01-21 16:56:36,915 | INFO | Chunk: 17 | WER=0.000000 | S=0 D=0 I=0
2026-01-21 16:56:36,915 | INFO | Chunk: 18 | WER=0.000000 | S=0 D=0 I=0
2026-01-21 16:56:36,915 | INFO | Chunk: 19 | WER=0.000000 | S=0 D=0 I=0
2026-01-21 16:56:36,915 | INFO | Chunk: 20 | WER=20.000000 | S=0 D=1 I=0
2026-01-21 16:56:36,915 | INFO | ------------------------------
2026-01-21 16:56:36,915 | INFO | ------------------------------
2026-01-21 16:56:36,929 | INFO | File: BEX-CDB000-01_L01.wav | WER=5.714286 | S=7 D=1 I=2
2026-01-21 16:56:36,929 | INFO | ------------------------------
2026-01-21 16:56:36,929 | INFO |  File duration: 72.99619047619048 seconds
2026-01-21 16:56:42,038 | INFO | Using Silero VAD model
2026-01-21 16:56:43,266 | INFO | Number of chunks: 9
2026-01-21 16:56:53,498 | INFO | Chunk: 0 | WER=100.000000 | S=2 D=0 I=0
2026-01-21 16:56:53,499 | INFO | Chunk: 1 | WER=0.000000 | S=0 D=0 I=0
2026-01-21 16:56:53,499 | INFO | Chunk: 2 | WER=17.391304 | S=4 D=0 I=0
2026-01-21 16:56:53,500 | INFO | Chunk: 3 | WER=3.333333 | S=1 D=0 I=0
2026-01-21 16:56:53,500 | INFO | Chunk: 4 | WER=63.636364 | S=2 D=3 I=2
2026-01-21 16:56:53,500 | INFO | Chunk: 5 | WER=0.000000 | S=0 D=0 I=0
2026-01-21 16:56:53,501 | INFO | Chunk: 6 | WER=36.111111 | S=9 D=2 I=2
2026-01-21 16:56:53,502 | INFO | Chunk: 7 | WER=28.000000 | S=4 D=3 I=0
2026-01-21 16:56:53,503 | INFO | Chunk: 8 | WER=10.000000 | S=2 D=1 I=0
2026-01-21 16:56:53,503 | INFO | ------------------------------
2026-01-21 16:56:53,503 | INFO | ------------------------------
2026-01-21 16:56:53,519 | INFO | File: BEX-CEB000-01_L01.wav | WER=19.318182 | S=21 D=6 I=7
2026-01-21 16:56:53,519 | INFO | ------------------------------
2026-01-21 16:56:53,519 | INFO |  File duration: 60.74340136054422 seconds
2026-01-21 16:56:59,600 | INFO | Using Silero VAD model
2026-01-21 16:57:00,596 | INFO | Number of chunks: 3
2026-01-21 16:57:07,715 | INFO | Chunk: 0 | WER=57.303371 | S=25 D=26 I=0
2026-01-21 16:57:07,716 | INFO | Chunk: 1 | WER=2.941176 | S=1 D=0 I=0
2026-01-21 16:57:07,718 | INFO | Chunk: 2 | WER=48.148148 | S=4 D=22 I=0
2026-01-21 16:57:07,718 | INFO | ------------------------------
2026-01-21 16:57:07,718 | INFO | ------------------------------
2026-01-21 16:57:07,729 | INFO | File: BEX-CHE000-01_L01.wav | WER=44.067797 | S=30 D=48 I=0
2026-01-21 16:57:07,729 | INFO | ------------------------------
2026-01-21 16:57:07,729 | INFO |  File duration: 77.60358276643991 seconds
2026-01-21 16:57:14,693 | INFO | Using Silero VAD model
2026-01-21 16:57:15,888 | INFO | Number of chunks: 14
2026-01-21 16:57:26,203 | INFO | Chunk: 0 | WER=100.000000 | S=2 D=0 I=0
2026-01-21 16:57:26,204 | INFO | Chunk: 1 | WER=0.000000 | S=0 D=0 I=0
2026-01-21 16:57:26,204 | INFO | Chunk: 2 | WER=14.285714 | S=2 D=0 I=0
2026-01-21 16:57:26,205 | INFO | Chunk: 3 | WER=33.333333 | S=3 D=0 I=0
2026-01-21 16:57:26,205 | INFO | Chunk: 4 | WER=0.000000 | S=0 D=0 I=0
2026-01-21 16:57:26,205 | INFO | Chunk: 5 | WER=0.000000 | S=0 D=0 I=0
2026-01-21 16:57:26,206 | INFO | Chunk: 6 | WER=11.111111 | S=0 D=2 I=0
2026-01-21 16:57:26,206 | INFO | Chunk: 7 | WER=0.000000 | S=0 D=0 I=0
2026-01-21 16:57:26,206 | INFO | Chunk: 8 | WER=20.000000 | S=2 D=0 I=0
2026-01-21 16:57:26,207 | INFO | Chunk: 9 | WER=12.000000 | S=3 D=0 I=0
2026-01-21 16:57:26,207 | INFO | Chunk: 10 | WER=100.000000 | S=1 D=1 I=0
2026-01-21 16:57:26,207 | INFO | Chunk: 11 | WER=22.222222 | S=2 D=0 I=0
2026-01-21 16:57:26,208 | INFO | Chunk: 12 | WER=19.047619 | S=3 D=1 I=0
2026-01-21 16:57:26,208 | INFO | Chunk: 13 | WER=12.500000 | S=1 D=0 I=0
2026-01-21 16:57:26,208 | INFO | ------------------------------
2026-01-21 16:57:26,208 | INFO | ------------------------------
2026-01-21 16:57:26,222 | INFO | File: BEX-CKN000-01_L01.wav | WER=12.994350 | S=17 D=4 I=2
2026-01-21 16:57:26,222 | INFO | ------------------------------
2026-01-21 16:57:26,223 | INFO |  File duration: 80.38402083333334 seconds
2026-01-21 16:57:33,384 | INFO | Using Silero VAD model
2026-01-21 16:57:34,617 | INFO | Number of chunks: 9
2026-01-21 16:57:43,751 | INFO | Chunk: 0 | WER=10.000000 | S=2 D=0 I=0
2026-01-21 16:57:43,751 | INFO | Chunk: 1 | WER=21.428571 | S=3 D=0 I=0
2026-01-21 16:57:43,752 | INFO | Chunk: 2 | WER=33.333333 | S=3 D=0 I=0
2026-01-21 16:57:43,752 | INFO | Chunk: 3 | WER=10.526316 | S=2 D=2 I=0
2026-01-21 16:57:43,753 | INFO | Chunk: 4 | WER=30.000000 | S=0 D=3 I=0
2026-01-21 16:57:43,754 | INFO | Chunk: 5 | WER=32.000000 | S=3 D=13 I=0
2026-01-21 16:57:43,754 | INFO | Chunk: 6 | WER=9.523810 | S=2 D=0 I=0
2026-01-21 16:57:43,755 | INFO | Chunk: 7 | WER=0.000000 | S=0 D=0 I=0
2026-01-21 16:57:43,755 | INFO | Chunk: 8 | WER=28.571429 | S=0 D=4 I=0
2026-01-21 16:57:43,755 | INFO | ------------------------------
2026-01-21 16:57:43,755 | INFO | ------------------------------
2026-01-21 16:57:43,769 | INFO | File: BEX-CMB000-01_L01.wav | WER=22.033898 | S=12 D=22 I=5
2026-01-21 16:57:43,769 | INFO | ------------------------------
2026-01-21 16:57:43,769 | INFO |  File duration: 77.83328798185941 seconds
2026-01-21 16:57:51,701 | INFO | Using Silero VAD model
2026-01-21 16:57:52,735 | INFO | Number of chunks: 13
2026-01-21 16:58:00,693 | INFO | Chunk: 0 | WER=100.000000 | S=2 D=0 I=0
2026-01-21 16:58:00,694 | INFO | Chunk: 1 | WER=0.000000 | S=0 D=0 I=0
2026-01-21 16:58:00,694 | INFO | Chunk: 2 | WER=7.142857 | S=1 D=0 I=0
2026-01-21 16:58:00,694 | INFO | Chunk: 3 | WER=33.333333 | S=3 D=0 I=0
2026-01-21 16:58:00,695 | INFO | Chunk: 4 | WER=11.764706 | S=1 D=1 I=0
2026-01-21 16:58:00,695 | INFO | Chunk: 5 | WER=0.000000 | S=0 D=0 I=0
2026-01-21 16:58:00,695 | INFO | Chunk: 6 | WER=22.222222 | S=1 D=3 I=0
2026-01-21 16:58:00,696 | INFO | Chunk: 7 | WER=23.529412 | S=6 D=0 I=2
2026-01-21 16:58:00,697 | INFO | Chunk: 8 | WER=14.285714 | S=1 D=1 I=0
2026-01-21 16:58:00,697 | INFO | Chunk: 9 | WER=100.000000 | S=1 D=1 I=0
2026-01-21 16:58:00,697 | INFO | Chunk: 10 | WER=38.461538 | S=0 D=4 I=1
2026-01-21 16:58:00,697 | INFO | Chunk: 11 | WER=19.047619 | S=3 D=1 I=0
2026-01-21 16:58:00,698 | INFO | Chunk: 12 | WER=12.500000 | S=1 D=0 I=0
2026-01-21 16:58:00,698 | INFO | ------------------------------
2026-01-21 16:58:00,698 | INFO | ------------------------------
2026-01-21 16:58:00,712 | INFO | File: BEX-CNKN00-01_L01.wav | WER=16.949153 | S=18 D=7 I=5
2026-01-21 16:58:00,712 | INFO | ------------------------------
2026-01-21 16:58:00,712 | INFO | ===================== GLOBAL WER ======================
2026-01-21 16:58:00,712 | INFO | The number of files is 12
2026-01-21 16:58:00,712 | INFO | WER: 20.53%
2026-01-21 16:58:00,713 | INFO | =============================================================
