2026-01-20 14:08:10,687 | INFO | Fetch hyperparams.yaml: Using file found at '/vol/experiments3/imbenamor/TAPAS-FRAIS/models/asr-whisper-large-v2-commonvoice-fr/hyperparams.yaml'
2026-01-20 14:08:10,688 | DEBUG | Fetch: Source and destination '/vol/experiments3/imbenamor/TAPAS-FRAIS/models/asr-whisper-large-v2-commonvoice-fr/custom.py' are identical, returning assuming this is intended
2026-01-20 14:08:12,487 | WARNING | speechbrain.lobes.models.huggingface_transformers.huggingface - WhisperModel is frozen.
2026-01-20 14:08:12,487 | WARNING | speechbrain.lobes.models.huggingface_transformers.whisper - whisper encoder-decoder is frozen.
2026-01-20 14:08:12,871 | DEBUG | Collecting files (or symlinks) for pretraining in /vol/experiments3/imbenamor/TAPAS-FRAIS/models/asr-whisper-large-v2-commonvoice-fr.
2026-01-20 14:08:12,871 | INFO | Fetch whisper.ckpt: Using file found at '/vol/experiments3/imbenamor/TAPAS-FRAIS/models/asr-whisper-large-v2-commonvoice-fr/whisper.ckpt'
2026-01-20 14:08:12,871 | DEBUG | Set local path in self.paths["whisper"] = /vol/experiments3/imbenamor/TAPAS-FRAIS/models/asr-whisper-large-v2-commonvoice-fr/whisper.ckpt
2026-01-20 14:08:12,871 | INFO | Loading pretrained files for: whisper
2026-01-20 14:08:12,871 | DEBUG | Redirecting (loading from local path): whisper -> /vol/experiments3/imbenamor/TAPAS-FRAIS/models/asr-whisper-large-v2-commonvoice-fr/whisper.ckpt
2026-01-20 14:08:19,153 | WARNING | The file /vol/corpora/Rhapsodie/wav16k_corrected/Rhap-D0001.wav does not exist
2026-01-20 14:08:19,619 | INFO |  File duration: 290.2293125 seconds
2026-01-20 14:08:43,578 | INFO | Number of chunks: 24
2026-01-20 14:09:19,172 | INFO | Chunk: 0 | WER=45.312500 | S=8 D=21 I=0
2026-01-20 14:09:19,172 | INFO | Chunk: 1 | WER=100.000000 | S=2 D=0 I=0
2026-01-20 14:09:19,175 | INFO | Chunk: 2 | WER=53.061224 | S=7 D=45 I=0
2026-01-20 14:09:19,175 | INFO | Chunk: 3 | WER=18.181818 | S=0 D=2 I=0
2026-01-20 14:09:19,175 | INFO | Chunk: 4 | WER=20.000000 | S=0 D=2 I=0
2026-01-20 14:09:19,177 | INFO | Chunk: 5 | WER=72.972973 | S=3 D=78 I=0
2026-01-20 14:09:19,178 | INFO | Chunk: 6 | WER=35.294118 | S=8 D=4 I=0
2026-01-20 14:09:19,178 | INFO | Chunk: 7 | WER=0.000000 | S=0 D=0 I=0
2026-01-20 14:09:19,180 | INFO | Chunk: 8 | WER=64.210526 | S=2 D=59 I=0
2026-01-20 14:09:19,181 | INFO | Chunk: 9 | WER=93.277311 | S=2 D=109 I=0
2026-01-20 14:09:19,183 | INFO | Chunk: 10 | WER=21.739130 | S=1 D=9 I=0
2026-01-20 14:09:19,183 | INFO | Chunk: 11 | WER=0.000000 | S=0 D=0 I=0
2026-01-20 14:09:19,183 | INFO | Chunk: 12 | WER=12.500000 | S=1 D=0 I=1
2026-01-20 14:09:19,184 | INFO | Chunk: 13 | WER=31.578947 | S=1 D=11 I=0
2026-01-20 14:09:19,184 | INFO | Chunk: 14 | WER=33.333333 | S=1 D=2 I=0
2026-01-20 14:09:19,185 | INFO | Chunk: 15 | WER=17.647059 | S=0 D=2 I=1
2026-01-20 14:09:19,186 | INFO | Chunk: 16 | WER=21.153846 | S=3 D=8 I=0
2026-01-20 14:09:19,186 | INFO | Chunk: 17 | WER=7.692308 | S=1 D=0 I=0
2026-01-20 14:09:19,186 | INFO | Chunk: 18 | WER=63.636364 | S=0 D=7 I=0
2026-01-20 14:09:19,187 | INFO | Chunk: 19 | WER=100.000000 | S=1 D=0 I=0
2026-01-20 14:09:19,187 | INFO | Chunk: 20 | WER=43.243243 | S=4 D=12 I=0
2026-01-20 14:09:19,189 | INFO | Chunk: 21 | WER=78.823529 | S=9 D=57 I=1
2026-01-20 14:09:19,190 | INFO | Chunk: 22 | WER=53.703704 | S=0 D=29 I=0
2026-01-20 14:09:19,191 | INFO | Chunk: 23 | WER=29.729730 | S=3 D=7 I=1
2026-01-20 14:09:19,191 | INFO | ------------------------------
2026-01-20 14:09:19,191 | INFO | ------------------------------
2026-01-20 14:09:19,398 | INFO | File: Rhap-D0002.wav | WER=53.252033 | S=58 D=463 I=3
2026-01-20 14:09:19,398 | INFO | ------------------------------
2026-01-20 14:09:19,399 | INFO |  File duration: 284.962125 seconds
2026-01-20 14:09:50,762 | INFO | Number of chunks: 15
2026-01-20 14:10:24,241 | INFO | Chunk: 0 | WER=50.000000 | S=2 D=15 I=1
2026-01-20 14:10:24,244 | INFO | Chunk: 1 | WER=51.648352 | S=5 D=42 I=0
2026-01-20 14:10:24,247 | INFO | Chunk: 2 | WER=63.302752 | S=15 D=52 I=2
2026-01-20 14:10:24,249 | INFO | Chunk: 3 | WER=64.220183 | S=3 D=67 I=0
2026-01-20 14:10:24,250 | INFO | Chunk: 4 | WER=13.043478 | S=2 D=1 I=0
2026-01-20 14:10:24,252 | INFO | Chunk: 5 | WER=76.237624 | S=2 D=75 I=0
2026-01-20 14:10:24,253 | INFO | Chunk: 6 | WER=43.661972 | S=11 D=20 I=0
2026-01-20 14:10:24,256 | INFO | Chunk: 7 | WER=62.921348 | S=15 D=38 I=3
2026-01-20 14:10:24,257 | INFO | Chunk: 8 | WER=61.016949 | S=5 D=31 I=0
2026-01-20 14:10:24,258 | INFO | Chunk: 9 | WER=94.495413 | S=1 D=102 I=0
2026-01-20 14:10:24,260 | INFO | Chunk: 10 | WER=28.571429 | S=4 D=12 I=0
2026-01-20 14:10:24,261 | INFO | Chunk: 11 | WER=21.276596 | S=5 D=5 I=0
2026-01-20 14:10:24,262 | INFO | Chunk: 12 | WER=55.555556 | S=3 D=22 I=0
2026-01-20 14:10:24,262 | INFO | Chunk: 13 | WER=70.000000 | S=3 D=4 I=0
2026-01-20 14:10:24,262 | INFO | Chunk: 14 | WER=50.000000 | S=0 D=4 I=0
2026-01-20 14:10:24,262 | INFO | ------------------------------
2026-01-20 14:10:24,262 | INFO | ------------------------------
2026-01-20 14:10:24,447 | INFO | File: Rhap-D0003.wav | WER=59.397715 | S=76 D=490 I=6
2026-01-20 14:10:24,447 | INFO | ------------------------------
2026-01-20 14:10:24,447 | INFO |  File duration: 292.681125 seconds
2026-01-20 14:10:56,666 | INFO | Number of chunks: 12
2026-01-20 14:11:30,034 | INFO | Chunk: 0 | WER=58.715596 | S=8 D=56 I=0
2026-01-20 14:11:30,037 | INFO | Chunk: 1 | WER=58.762887 | S=7 D=47 I=3
2026-01-20 14:11:30,040 | INFO | Chunk: 2 | WER=60.377358 | S=13 D=50 I=1
2026-01-20 14:11:30,043 | INFO | Chunk: 3 | WER=61.261261 | S=1 D=67 I=0
2026-01-20 14:11:30,044 | INFO | Chunk: 4 | WER=36.619718 | S=8 D=18 I=0
2026-01-20 14:11:30,045 | INFO | Chunk: 5 | WER=30.000000 | S=1 D=0 I=2
2026-01-20 14:11:30,047 | INFO | Chunk: 6 | WER=72.357724 | S=4 D=85 I=0
2026-01-20 14:11:30,050 | INFO | Chunk: 7 | WER=63.541667 | S=2 D=59 I=0
2026-01-20 14:11:30,052 | INFO | Chunk: 8 | WER=68.316832 | S=5 D=64 I=0
2026-01-20 14:11:30,054 | INFO | Chunk: 9 | WER=53.260870 | S=2 D=47 I=0
2026-01-20 14:11:30,056 | INFO | Chunk: 10 | WER=68.181818 | S=4 D=71 I=0
2026-01-20 14:11:30,059 | INFO | Chunk: 11 | WER=66.666667 | S=5 D=79 I=0
2026-01-20 14:11:30,060 | INFO | ------------------------------
2026-01-20 14:11:30,060 | INFO | ------------------------------
2026-01-20 14:11:30,299 | INFO | File: Rhap-D0004.wav | WER=61.458333 | S=61 D=642 I=5
2026-01-20 14:11:30,299 | INFO | ------------------------------
2026-01-20 14:11:30,318 | INFO |  File duration: 239.4149375 seconds
2026-01-20 14:11:49,910 | INFO | Number of chunks: 14
2026-01-20 14:12:15,697 | INFO | Chunk: 0 | WER=85.714286 | S=5 D=37 I=0
2026-01-20 14:12:15,698 | INFO | Chunk: 1 | WER=42.222222 | S=10 D=9 I=0
2026-01-20 14:12:15,698 | INFO | Chunk: 2 | WER=100.000000 | S=4 D=1 I=0
2026-01-20 14:12:15,698 | INFO | Chunk: 3 | WER=44.444444 | S=1 D=3 I=0
2026-01-20 14:12:15,699 | INFO | Chunk: 4 | WER=82.051282 | S=1 D=63 I=0
2026-01-20 14:12:15,700 | INFO | Chunk: 5 | WER=75.000000 | S=1 D=2 I=3
2026-01-20 14:12:15,701 | INFO | Chunk: 6 | WER=28.301887 | S=5 D=10 I=0
2026-01-20 14:12:15,702 | INFO | Chunk: 7 | WER=65.753425 | S=0 D=48 I=0
2026-01-20 14:12:15,704 | INFO | Chunk: 8 | WER=89.922481 | S=2 D=114 I=0
2026-01-20 14:12:15,705 | INFO | Chunk: 9 | WER=60.975610 | S=9 D=11 I=5
2026-01-20 14:12:15,706 | INFO | Chunk: 10 | WER=66.666667 | S=9 D=37 I=0
2026-01-20 14:12:15,709 | INFO | Chunk: 11 | WER=71.428571 | S=6 D=84 I=0
2026-01-20 14:12:15,712 | INFO | Chunk: 12 | WER=55.319149 | S=6 D=46 I=0
2026-01-20 14:12:15,715 | INFO | Chunk: 13 | WER=75.757576 | S=14 D=86 I=0
2026-01-20 14:12:15,715 | INFO | ------------------------------
2026-01-20 14:12:15,715 | INFO | ------------------------------
2026-01-20 14:12:15,849 | INFO | File: Rhap-D0005.wav | WER=68.057080 | S=69 D=547 I=4
2026-01-20 14:12:15,849 | INFO | ------------------------------
2026-01-20 14:12:15,850 | INFO |  File duration: 366.684875 seconds
2026-01-20 14:12:44,863 | INFO | Number of chunks: 50
2026-01-20 14:13:38,030 | INFO | Chunk: 0 | WER=50.000000 | S=1 D=0 I=1
2026-01-20 14:13:38,031 | INFO | Chunk: 1 | WER=18.750000 | S=0 D=3 I=0
2026-01-20 14:13:38,031 | INFO | Chunk: 2 | WER=26.086957 | S=1 D=5 I=0
2026-01-20 14:13:38,032 | INFO | Chunk: 3 | WER=27.272727 | S=0 D=3 I=0
2026-01-20 14:13:38,035 | INFO | Chunk: 4 | WER=56.557377 | S=8 D=61 I=0
2026-01-20 14:13:38,037 | INFO | Chunk: 5 | WER=28.070175 | S=1 D=14 I=1
2026-01-20 14:13:38,037 | INFO | Chunk: 6 | WER=37.500000 | S=1 D=5 I=0
2026-01-20 14:13:38,037 | INFO | Chunk: 7 | WER=68.965517 | S=1 D=19 I=0
2026-01-20 14:13:38,038 | INFO | Chunk: 8 | WER=21.621622 | S=0 D=8 I=0
2026-01-20 14:13:38,039 | INFO | Chunk: 9 | WER=34.615385 | S=0 D=9 I=0
2026-01-20 14:13:38,039 | INFO | Chunk: 10 | WER=33.333333 | S=2 D=8 I=0
2026-01-20 14:13:38,039 | INFO | Chunk: 11 | WER=100.000000 | S=1 D=2 I=0
2026-01-20 14:13:38,040 | INFO | Chunk: 12 | WER=48.387097 | S=1 D=14 I=0
2026-01-20 14:13:38,040 | INFO | Chunk: 13 | WER=28.571429 | S=0 D=2 I=0
2026-01-20 14:13:38,040 | INFO | Chunk: 14 | WER=16.666667 | S=1 D=0 I=0
2026-01-20 14:13:38,041 | INFO | Chunk: 15 | WER=77.272727 | S=2 D=15 I=0
2026-01-20 14:13:38,041 | INFO | Chunk: 16 | WER=35.714286 | S=1 D=7 I=2
2026-01-20 14:13:38,043 | INFO | Chunk: 17 | WER=46.753247 | S=3 D=33 I=0
2026-01-20 14:13:38,043 | INFO | Chunk: 18 | WER=35.000000 | S=2 D=5 I=0
2026-01-20 14:13:38,045 | INFO | Chunk: 19 | WER=41.176471 | S=4 D=17 I=0
2026-01-20 14:13:38,045 | INFO | Chunk: 20 | WER=18.181818 | S=0 D=2 I=0
2026-01-20 14:13:38,045 | INFO | Chunk: 21 | WER=40.000000 | S=0 D=2 I=0
2026-01-20 14:13:38,045 | INFO | Chunk: 22 | WER=10.000000 | S=0 D=0 I=1
2026-01-20 14:13:38,046 | INFO | Chunk: 23 | WER=33.333333 | S=0 D=5 I=0
2026-01-20 14:13:38,046 | INFO | Chunk: 24 | WER=42.857143 | S=0 D=3 I=0
2026-01-20 14:13:38,046 | INFO | Chunk: 25 | WER=41.176471 | S=1 D=6 I=0
2026-01-20 14:13:38,048 | INFO | Chunk: 26 | WER=16.071429 | S=1 D=5 I=3
2026-01-20 14:13:38,048 | INFO | Chunk: 27 | WER=21.428571 | S=0 D=3 I=0
2026-01-20 14:13:38,048 | INFO | Chunk: 28 | WER=30.000000 | S=0 D=3 I=0
2026-01-20 14:13:38,048 | INFO | Chunk: 29 | WER=25.000000 | S=1 D=0 I=0
2026-01-20 14:13:38,049 | INFO | Chunk: 30 | WER=20.000000 | S=1 D=0 I=0
2026-01-20 14:13:38,049 | INFO | Chunk: 31 | WER=0.000000 | S=0 D=0 I=0
2026-01-20 14:13:38,050 | INFO | Chunk: 32 | WER=81.481481 | S=4 D=62 I=0
2026-01-20 14:13:38,050 | INFO | Chunk: 33 | WER=19.230769 | S=1 D=4 I=0
2026-01-20 14:13:38,051 | INFO | Chunk: 34 | WER=25.000000 | S=2 D=3 I=0
2026-01-20 14:13:38,051 | INFO | Chunk: 35 | WER=37.931034 | S=1 D=9 I=1
2026-01-20 14:13:38,052 | INFO | Chunk: 36 | WER=28.571429 | S=1 D=0 I=1
2026-01-20 14:13:38,052 | INFO | Chunk: 37 | WER=44.444444 | S=0 D=4 I=0
2026-01-20 14:13:38,053 | INFO | Chunk: 38 | WER=83.823529 | S=2 D=55 I=0
2026-01-20 14:13:38,053 | INFO | Chunk: 39 | WER=33.333333 | S=0 D=1 I=0
2026-01-20 14:13:38,053 | INFO | Chunk: 40 | WER=57.500000 | S=3 D=20 I=0
2026-01-20 14:13:38,054 | INFO | Chunk: 41 | WER=31.818182 | S=1 D=5 I=1
2026-01-20 14:13:38,054 | INFO | Chunk: 42 | WER=28.571429 | S=2 D=0 I=0
2026-01-20 14:13:38,054 | INFO | Chunk: 43 | WER=30.000000 | S=1 D=2 I=0
2026-01-20 14:13:38,055 | INFO | Chunk: 44 | WER=22.727273 | S=1 D=3 I=1
2026-01-20 14:13:38,055 | INFO | Chunk: 45 | WER=100.000000 | S=1 D=0 I=0
2026-01-20 14:13:38,056 | INFO | Chunk: 46 | WER=31.666667 | S=4 D=15 I=0
2026-01-20 14:13:38,057 | INFO | Chunk: 47 | WER=100.000000 | S=1 D=0 I=0
2026-01-20 14:13:38,057 | INFO | Chunk: 48 | WER=35.483871 | S=5 D=5 I=1
2026-01-20 14:13:38,059 | INFO | Chunk: 49 | WER=56.521739 | S=3 D=36 I=0
2026-01-20 14:13:38,059 | INFO | ------------------------------
2026-01-20 14:13:38,059 | INFO | ------------------------------
2026-01-20 14:13:38,477 | INFO | File: Rhap-D0006.wav | WER=43.818466 | S=69 D=481 I=10
2026-01-20 14:13:38,477 | INFO | ------------------------------
2026-01-20 14:13:38,478 | INFO |  File duration: 41.6643125 seconds
2026-01-20 14:13:44,120 | INFO | Number of chunks: 2
2026-01-20 14:13:50,977 | INFO | Chunk: 0 | WER=70.967742 | S=19 D=44 I=3
2026-01-20 14:13:50,979 | INFO | Chunk: 1 | WER=45.833333 | S=7 D=11 I=4
2026-01-20 14:13:50,979 | INFO | ------------------------------
2026-01-20 14:13:50,979 | INFO | ------------------------------
2026-01-20 14:13:50,986 | INFO | File: Rhap-D0007.wav | WER=62.411348 | S=26 D=55 I=7
2026-01-20 14:13:50,986 | INFO | ------------------------------
2026-01-20 14:13:50,987 | INFO |  File duration: 201.1795625 seconds
2026-01-20 14:14:05,635 | INFO | Number of chunks: 25
2026-01-20 14:14:35,073 | INFO | Chunk: 0 | WER=15.789474 | S=1 D=0 I=2
2026-01-20 14:14:35,073 | INFO | Chunk: 1 | WER=40.000000 | S=1 D=6 I=3
2026-01-20 14:14:35,075 | INFO | Chunk: 2 | WER=22.916667 | S=1 D=7 I=3
2026-01-20 14:14:35,075 | INFO | Chunk: 3 | WER=100.000000 | S=2 D=0 I=0
2026-01-20 14:14:35,076 | INFO | Chunk: 4 | WER=66.666667 | S=11 D=21 I=0
2026-01-20 14:14:35,077 | INFO | Chunk: 5 | WER=29.268293 | S=0 D=5 I=7
2026-01-20 14:14:35,077 | INFO | Chunk: 6 | WER=100.000000 | S=1 D=3 I=0
2026-01-20 14:14:35,077 | INFO | Chunk: 7 | WER=50.000000 | S=0 D=1 I=3
2026-01-20 14:14:35,078 | INFO | Chunk: 8 | WER=47.619048 | S=2 D=2 I=6
2026-01-20 14:14:35,078 | INFO | Chunk: 9 | WER=50.000000 | S=0 D=4 I=0
2026-01-20 14:14:35,078 | INFO | Chunk: 10 | WER=60.000000 | S=0 D=4 I=2
2026-01-20 14:14:35,079 | INFO | Chunk: 11 | WER=43.478261 | S=0 D=5 I=5
2026-01-20 14:14:35,079 | INFO | Chunk: 12 | WER=100.000000 | S=8 D=2 I=0
2026-01-20 14:14:35,079 | INFO | Chunk: 13 | WER=33.333333 | S=1 D=4 I=1
2026-01-20 14:14:35,080 | INFO | Chunk: 14 | WER=24.000000 | S=0 D=4 I=2
2026-01-20 14:14:35,080 | INFO | Chunk: 15 | WER=20.000000 | S=0 D=1 I=1
2026-01-20 14:14:35,080 | INFO | Chunk: 16 | WER=100.000000 | S=3 D=0 I=0
2026-01-20 14:14:35,081 | INFO | Chunk: 17 | WER=26.666667 | S=1 D=5 I=2
2026-01-20 14:14:35,082 | INFO | Chunk: 18 | WER=66.666667 | S=4 D=40 I=0
2026-01-20 14:14:35,082 | INFO | Chunk: 19 | WER=80.000000 | S=4 D=1 I=3
2026-01-20 14:14:35,082 | INFO | Chunk: 20 | WER=100.000000 | S=1 D=6 I=5
2026-01-20 14:14:35,083 | INFO | Chunk: 21 | WER=62.500000 | S=2 D=2 I=1
2026-01-20 14:14:35,083 | INFO | Chunk: 22 | WER=54.545455 | S=1 D=23 I=0
2026-01-20 14:14:35,084 | INFO | Chunk: 23 | WER=46.341463 | S=1 D=15 I=3
2026-01-20 14:14:35,085 | INFO | Chunk: 24 | WER=72.000000 | S=0 D=54 I=0
2026-01-20 14:14:35,086 | INFO | ------------------------------
2026-01-20 14:14:35,086 | INFO | ------------------------------
2026-01-20 14:14:35,192 | INFO | File: Rhap-D0008.wav | WER=41.707718 | S=44 D=188 I=22
2026-01-20 14:14:35,192 | INFO | ------------------------------
2026-01-20 14:14:35,193 | INFO |  File duration: 310.9541875 seconds
2026-01-20 14:14:57,382 | INFO | Number of chunks: 24
2026-01-20 14:15:29,210 | INFO | Chunk: 0 | WER=42.857143 | S=0 D=1 I=8
2026-01-20 14:15:29,211 | INFO | Chunk: 1 | WER=104.761905 | S=6 D=6 I=10
2026-01-20 14:15:29,212 | INFO | Chunk: 2 | WER=65.217391 | S=6 D=17 I=7
2026-01-20 14:15:29,213 | INFO | Chunk: 3 | WER=74.725275 | S=2 D=66 I=0
2026-01-20 14:15:29,213 | INFO | Chunk: 4 | WER=81.818182 | S=1 D=4 I=4
2026-01-20 14:15:29,215 | INFO | Chunk: 5 | WER=76.119403 | S=7 D=44 I=0
2026-01-20 14:15:29,215 | INFO | Chunk: 6 | WER=150.000000 | S=8 D=0 I=4
2026-01-20 14:15:29,216 | INFO | Chunk: 7 | WER=71.428571 | S=8 D=39 I=3
2026-01-20 14:15:29,216 | INFO | Chunk: 8 | WER=100.000000 | S=2 D=2 I=0
2026-01-20 14:15:29,218 | INFO | Chunk: 9 | WER=74.774775 | S=2 D=81 I=0
2026-01-20 14:15:29,220 | INFO | Chunk: 10 | WER=75.700935 | S=8 D=72 I=1
2026-01-20 14:15:29,223 | INFO | Chunk: 11 | WER=72.500000 | S=7 D=80 I=0
2026-01-20 14:15:29,224 | INFO | Chunk: 12 | WER=66.000000 | S=4 D=18 I=11
2026-01-20 14:15:29,225 | INFO | Chunk: 13 | WER=62.295082 | S=2 D=36 I=0
2026-01-20 14:15:29,226 | INFO | Chunk: 14 | WER=95.348837 | S=0 D=82 I=0
2026-01-20 14:15:29,227 | INFO | Chunk: 15 | WER=84.782609 | S=2 D=37 I=0
2026-01-20 14:15:29,227 | INFO | Chunk: 16 | WER=94.444444 | S=10 D=7 I=0
2026-01-20 14:15:29,229 | INFO | Chunk: 17 | WER=78.571429 | S=9 D=90 I=0
2026-01-20 14:15:29,230 | INFO | Chunk: 18 | WER=115.384615 | S=2 D=4 I=9
2026-01-20 14:15:29,231 | INFO | Chunk: 19 | WER=59.574468 | S=5 D=22 I=1
2026-01-20 14:15:29,231 | INFO | Chunk: 20 | WER=86.666667 | S=0 D=6 I=7
2026-01-20 14:15:29,231 | INFO | Chunk: 21 | WER=175.000000 | S=4 D=0 I=3
2026-01-20 14:15:29,232 | INFO | Chunk: 22 | WER=112.500000 | S=3 D=5 I=10
2026-01-20 14:15:29,232 | INFO | Chunk: 23 | WER=100.000000 | S=3 D=0 I=0
2026-01-20 14:15:29,232 | INFO | ------------------------------
2026-01-20 14:15:29,232 | INFO | ------------------------------
2026-01-20 14:15:29,477 | INFO | File: Rhap-D0009.wav | WER=70.567986 | S=99 D=681 I=40
2026-01-20 14:15:29,478 | INFO | ------------------------------
2026-01-20 14:15:29,491 | INFO |  File duration: 46.396625 seconds
2026-01-20 14:15:35,406 | INFO | Number of chunks: 11
2026-01-20 14:15:42,841 | INFO | Chunk: 0 | WER=100.000000 | S=1 D=1 I=0
2026-01-20 14:15:42,842 | INFO | Chunk: 1 | WER=50.000000 | S=1 D=1 I=0
2026-01-20 14:15:42,842 | INFO | Chunk: 2 | WER=0.000000 | S=0 D=0 I=0
2026-01-20 14:15:42,842 | INFO | Chunk: 3 | WER=27.272727 | S=1 D=2 I=0
2026-01-20 14:15:42,842 | INFO | Chunk: 4 | WER=100.000000 | S=2 D=4 I=0
2026-01-20 14:15:42,842 | INFO | Chunk: 5 | WER=0.000000 | S=0 D=0 I=0
2026-01-20 14:15:42,843 | INFO | Chunk: 6 | WER=0.000000 | S=0 D=0 I=0
2026-01-20 14:15:42,843 | INFO | Chunk: 7 | WER=22.222222 | S=0 D=2 I=0
2026-01-20 14:15:42,843 | INFO | Chunk: 8 | WER=50.000000 | S=3 D=3 I=0
2026-01-20 14:15:42,844 | INFO | Chunk: 9 | WER=12.500000 | S=0 D=4 I=0
2026-01-20 14:15:42,844 | INFO | Chunk: 10 | WER=0.000000 | S=0 D=0 I=0
2026-01-20 14:15:42,844 | INFO | ------------------------------
2026-01-20 14:15:42,844 | INFO | ------------------------------
2026-01-20 14:15:42,850 | INFO | File: Rhap-D0017.wav | WER=23.148148 | S=8 D=17 I=0
2026-01-20 14:15:42,850 | INFO | ------------------------------
2026-01-20 14:15:42,851 | INFO |  File duration: 34.764375 seconds
2026-01-20 14:15:47,295 | INFO | Number of chunks: 5
2026-01-20 14:15:52,259 | INFO | Chunk: 0 | WER=42.105263 | S=4 D=28 I=0
2026-01-20 14:15:52,259 | INFO | Chunk: 1 | WER=21.428571 | S=1 D=1 I=1
2026-01-20 14:15:52,260 | INFO | Chunk: 2 | WER=37.500000 | S=0 D=3 I=0
2026-01-20 14:15:52,260 | INFO | Chunk: 3 | WER=0.000000 | S=1 D=0 I=0
2026-01-20 14:15:52,260 | INFO | Chunk: 4 | WER=20.000000 | S=0 D=0 I=1
2026-01-20 14:15:52,260 | INFO | ------------------------------
2026-01-20 14:15:52,260 | INFO | ------------------------------
2026-01-20 14:15:52,265 | INFO | File: Rhap-D0020.wav | WER=38.834951 | S=5 D=32 I=3
2026-01-20 14:15:52,265 | INFO | ------------------------------
2026-01-20 14:15:52,276 | INFO |  File duration: 427.88475 seconds
2026-01-20 14:16:34,633 | INFO | Number of chunks: 61
2026-01-20 14:17:36,344 | INFO | Chunk: 0 | WER=122.222222 | S=1 D=0 I=10
2026-01-20 14:17:36,344 | INFO | Chunk: 1 | WER=70.000000 | S=3 D=2 I=2
2026-01-20 14:17:36,344 | INFO | Chunk: 2 | WER=92.307692 | S=9 D=3 I=0
2026-01-20 14:17:36,345 | INFO | Chunk: 3 | WER=100.000000 | S=2 D=1 I=3
2026-01-20 14:17:36,345 | INFO | Chunk: 4 | WER=85.714286 | S=4 D=2 I=0
2026-01-20 14:17:36,345 | INFO | Chunk: 5 | WER=128.571429 | S=7 D=0 I=2
2026-01-20 14:17:36,345 | INFO | Chunk: 6 | WER=142.857143 | S=7 D=0 I=3
2026-01-20 14:17:36,345 | INFO | Chunk: 7 | WER=100.000000 | S=8 D=0 I=2
2026-01-20 14:17:36,346 | INFO | Chunk: 8 | WER=76.190476 | S=2 D=10 I=4
2026-01-20 14:17:36,346 | INFO | Chunk: 9 | WER=200.000000 | S=4 D=0 I=4
2026-01-20 14:17:36,346 | INFO | Chunk: 10 | WER=100.000000 | S=4 D=4 I=1
2026-01-20 14:17:36,346 | INFO | Chunk: 11 | WER=90.909091 | S=7 D=3 I=0
2026-01-20 14:17:36,347 | INFO | Chunk: 12 | WER=133.333333 | S=3 D=0 I=1
2026-01-20 14:17:36,347 | INFO | Chunk: 13 | WER=66.666667 | S=2 D=6 I=8
2026-01-20 14:17:36,348 | INFO | Chunk: 14 | WER=64.000000 | S=0 D=11 I=5
2026-01-20 14:17:36,348 | INFO | Chunk: 15 | WER=300.000000 | S=1 D=0 I=2
2026-01-20 14:17:36,348 | INFO | Chunk: 16 | WER=266.666667 | S=3 D=0 I=5
2026-01-20 14:17:36,348 | INFO | Chunk: 17 | WER=100.000000 | S=7 D=3 I=0
2026-01-20 14:17:36,348 | INFO | Chunk: 18 | WER=100.000000 | S=8 D=0 I=0
2026-01-20 14:17:36,349 | INFO | Chunk: 19 | WER=100.000000 | S=11 D=0 I=0
2026-01-20 14:17:36,349 | INFO | Chunk: 20 | WER=80.000000 | S=4 D=0 I=0
2026-01-20 14:17:36,349 | INFO | Chunk: 21 | WER=122.222222 | S=8 D=0 I=3
2026-01-20 14:17:36,350 | INFO | Chunk: 22 | WER=61.764706 | S=10 D=6 I=5
2026-01-20 14:17:36,350 | INFO | Chunk: 23 | WER=100.000000 | S=8 D=0 I=1
2026-01-20 14:17:36,350 | INFO | Chunk: 24 | WER=125.000000 | S=7 D=0 I=3
2026-01-20 14:17:36,351 | INFO | Chunk: 25 | WER=63.636364 | S=1 D=7 I=6
2026-01-20 14:17:36,351 | INFO | Chunk: 26 | WER=128.571429 | S=6 D=0 I=3
2026-01-20 14:17:36,351 | INFO | Chunk: 27 | WER=93.333333 | S=9 D=5 I=0
2026-01-20 14:17:36,351 | INFO | Chunk: 28 | WER=100.000000 | S=1 D=1 I=1
2026-01-20 14:17:36,351 | INFO | Chunk: 29 | WER=100.000000 | S=2 D=0 I=0
2026-01-20 14:17:36,352 | INFO | Chunk: 30 | WER=100.000000 | S=2 D=0 I=0
2026-01-20 14:17:36,352 | INFO | Chunk: 31 | WER=92.307692 | S=0 D=3 I=9
2026-01-20 14:17:36,352 | INFO | Chunk: 32 | WER=200.000000 | S=5 D=0 I=7
2026-01-20 14:17:36,352 | INFO | Chunk: 33 | WER=62.500000 | S=1 D=3 I=1
2026-01-20 14:17:36,352 | INFO | Chunk: 34 | WER=100.000000 | S=5 D=3 I=0
2026-01-20 14:17:36,353 | INFO | Chunk: 35 | WER=133.333333 | S=3 D=0 I=1
2026-01-20 14:17:36,353 | INFO | Chunk: 36 | WER=200.000000 | S=3 D=0 I=3
2026-01-20 14:17:36,353 | INFO | Chunk: 37 | WER=145.454545 | S=11 D=0 I=5
2026-01-20 14:17:36,353 | INFO | Chunk: 38 | WER=100.000000 | S=8 D=2 I=0
2026-01-20 14:17:36,354 | INFO | Chunk: 39 | WER=56.521739 | S=0 D=9 I=4
2026-01-20 14:17:36,354 | INFO | Chunk: 40 | WER=100.000000 | S=3 D=0 I=0
2026-01-20 14:17:36,354 | INFO | Chunk: 41 | WER=93.750000 | S=0 D=4 I=11
2026-01-20 14:17:36,355 | INFO | Chunk: 42 | WER=100.000000 | S=17 D=3 I=0
2026-01-20 14:17:36,355 | INFO | Chunk: 43 | WER=125.000000 | S=8 D=0 I=2
2026-01-20 14:17:36,355 | INFO | Chunk: 44 | WER=160.000000 | S=9 D=0 I=7
2026-01-20 14:17:36,355 | INFO | Chunk: 45 | WER=85.714286 | S=6 D=0 I=0
2026-01-20 14:17:36,356 | INFO | Chunk: 46 | WER=61.764706 | S=1 D=13 I=7
2026-01-20 14:17:36,357 | INFO | Chunk: 47 | WER=44.444444 | S=0 D=1 I=11
2026-01-20 14:17:36,357 | INFO | Chunk: 48 | WER=114.285714 | S=0 D=6 I=10
2026-01-20 14:17:36,359 | INFO | Chunk: 49 | WER=64.150943 | S=2 D=18 I=14
2026-01-20 14:17:36,359 | INFO | Chunk: 50 | WER=142.857143 | S=7 D=0 I=3
2026-01-20 14:17:36,359 | INFO | Chunk: 51 | WER=130.000000 | S=10 D=0 I=3
2026-01-20 14:17:36,359 | INFO | Chunk: 52 | WER=100.000000 | S=6 D=2 I=4
2026-01-20 14:17:36,361 | INFO | Chunk: 53 | WER=44.827586 | S=0 D=14 I=12
2026-01-20 14:17:36,362 | INFO | Chunk: 54 | WER=83.333333 | S=9 D=5 I=1
2026-01-20 14:17:36,362 | INFO | Chunk: 55 | WER=93.333333 | S=0 D=9 I=5
2026-01-20 14:17:36,363 | INFO | Chunk: 56 | WER=50.000000 | S=2 D=8 I=10
2026-01-20 14:17:36,364 | INFO | Chunk: 57 | WER=58.974359 | S=0 D=11 I=12
2026-01-20 14:17:36,364 | INFO | Chunk: 58 | WER=100.000000 | S=4 D=3 I=1
2026-01-20 14:17:36,364 | INFO | Chunk: 59 | WER=116.666667 | S=6 D=0 I=1
2026-01-20 14:17:36,367 | INFO | Chunk: 60 | WER=43.023256 | S=3 D=34 I=0
2026-01-20 14:17:36,367 | INFO | ------------------------------
2026-01-20 14:17:36,367 | INFO | ------------------------------
2026-01-20 14:17:36,686 | INFO | File: Rhap-D1001.wav | WER=26.936027 | S=67 D=85 I=88
2026-01-20 14:17:36,686 | INFO | ------------------------------
2026-01-20 14:17:36,686 | INFO |  File duration: 154.0061875 seconds
2026-01-20 14:17:51,774 | INFO | Number of chunks: 12
2026-01-20 14:18:12,149 | INFO | Chunk: 0 | WER=12.500000 | S=1 D=0 I=1
2026-01-20 14:18:12,150 | INFO | Chunk: 1 | WER=81.052632 | S=3 D=73 I=1
2026-01-20 14:18:12,151 | INFO | Chunk: 2 | WER=400.000000 | S=1 D=0 I=3
2026-01-20 14:18:12,151 | INFO | Chunk: 3 | WER=21.875000 | S=0 D=7 I=0
2026-01-20 14:18:12,151 | INFO | Chunk: 4 | WER=100.000000 | S=1 D=0 I=0
2026-01-20 14:18:12,152 | INFO | Chunk: 5 | WER=48.888889 | S=2 D=18 I=2
2026-01-20 14:18:12,155 | INFO | Chunk: 6 | WER=40.000000 | S=11 D=22 I=1
2026-01-20 14:18:12,157 | INFO | Chunk: 7 | WER=39.024390 | S=11 D=21 I=0
2026-01-20 14:18:12,158 | INFO | Chunk: 8 | WER=21.428571 | S=2 D=7 I=0
2026-01-20 14:18:12,160 | INFO | Chunk: 9 | WER=44.262295 | S=4 D=22 I=1
2026-01-20 14:18:12,160 | INFO | Chunk: 10 | WER=45.454545 | S=5 D=5 I=0
2026-01-20 14:18:12,160 | INFO | Chunk: 11 | WER=8.333333 | S=0 D=1 I=0
2026-01-20 14:18:12,161 | INFO | ------------------------------
2026-01-20 14:18:12,161 | INFO | ------------------------------
2026-01-20 14:18:12,223 | INFO | File: Rhap-D1002.wav | WER=45.141700 | S=42 D=174 I=7
2026-01-20 14:18:12,223 | INFO | ------------------------------
2026-01-20 14:18:12,223 | WARNING | The file /vol/corpora/Rhapsodie/wav16k_corrected/Rhap-D1003.wav does not exist
2026-01-20 14:18:12,224 | INFO |  File duration: 531.6108125 seconds
2026-01-20 14:19:07,150 | INFO | Number of chunks: 38
2026-01-20 14:20:22,268 | INFO | Chunk: 0 | WER=11.111111 | S=2 D=2 I=0
2026-01-20 14:20:22,268 | INFO | Chunk: 1 | WER=13.333333 | S=2 D=0 I=0
2026-01-20 14:20:22,270 | INFO | Chunk: 2 | WER=8.000000 | S=4 D=0 I=0
2026-01-20 14:20:22,271 | INFO | Chunk: 3 | WER=3.333333 | S=1 D=0 I=0
2026-01-20 14:20:22,271 | INFO | Chunk: 4 | WER=12.820513 | S=0 D=5 I=0
2026-01-20 14:20:22,272 | INFO | Chunk: 5 | WER=0.000000 | S=0 D=0 I=0
2026-01-20 14:20:22,273 | INFO | Chunk: 6 | WER=74.698795 | S=0 D=62 I=0
2026-01-20 14:20:22,275 | INFO | Chunk: 7 | WER=74.757282 | S=4 D=73 I=0
2026-01-20 14:20:22,275 | INFO | Chunk: 8 | WER=6.250000 | S=1 D=0 I=0
2026-01-20 14:20:22,276 | INFO | Chunk: 9 | WER=77.777778 | S=2 D=53 I=1
2026-01-20 14:20:22,277 | INFO | Chunk: 10 | WER=6.666667 | S=1 D=0 I=0
2026-01-20 14:20:22,278 | INFO | Chunk: 11 | WER=37.837838 | S=3 D=11 I=0
2026-01-20 14:20:22,278 | INFO | Chunk: 12 | WER=0.000000 | S=0 D=0 I=0
2026-01-20 14:20:22,279 | INFO | Chunk: 13 | WER=16.216216 | S=0 D=6 I=0
2026-01-20 14:20:22,279 | INFO | Chunk: 14 | WER=15.151515 | S=1 D=4 I=0
2026-01-20 14:20:22,280 | INFO | Chunk: 15 | WER=25.000000 | S=2 D=0 I=0
2026-01-20 14:20:22,280 | INFO | Chunk: 16 | WER=6.250000 | S=1 D=0 I=0
2026-01-20 14:20:22,280 | INFO | Chunk: 17 | WER=7.142857 | S=0 D=1 I=0
2026-01-20 14:20:22,282 | INFO | Chunk: 18 | WER=47.142857 | S=17 D=15 I=1
2026-01-20 14:20:22,285 | INFO | Chunk: 19 | WER=46.666667 | S=2 D=40 I=0
2026-01-20 14:20:22,288 | INFO | Chunk: 20 | WER=61.417323 | S=9 D=69 I=0
2026-01-20 14:20:22,290 | INFO | Chunk: 21 | WER=67.532468 | S=1 D=51 I=0
2026-01-20 14:20:22,291 | INFO | Chunk: 22 | WER=68.367347 | S=0 D=67 I=0
2026-01-20 14:20:22,293 | INFO | Chunk: 23 | WER=12.500000 | S=3 D=2 I=1
2026-01-20 14:20:22,294 | INFO | Chunk: 24 | WER=12.068966 | S=3 D=4 I=0
2026-01-20 14:20:22,295 | INFO | Chunk: 25 | WER=0.000000 | S=0 D=0 I=0
2026-01-20 14:20:22,295 | INFO | Chunk: 26 | WER=18.518519 | S=4 D=0 I=1
2026-01-20 14:20:22,297 | INFO | Chunk: 27 | WER=90.517241 | S=2 D=103 I=0
2026-01-20 14:20:22,297 | INFO | Chunk: 28 | WER=22.500000 | S=3 D=5 I=1
2026-01-20 14:20:22,301 | INFO | Chunk: 29 | WER=61.111111 | S=30 D=36 I=0
2026-01-20 14:20:22,304 | INFO | Chunk: 30 | WER=61.016949 | S=14 D=58 I=0
2026-01-20 14:20:22,306 | INFO | Chunk: 31 | WER=42.647059 | S=4 D=24 I=1
2026-01-20 14:20:22,307 | INFO | Chunk: 32 | WER=23.076923 | S=1 D=5 I=0
2026-01-20 14:20:22,308 | INFO | Chunk: 33 | WER=85.321101 | S=2 D=91 I=0
2026-01-20 14:20:22,310 | INFO | Chunk: 34 | WER=18.333333 | S=3 D=7 I=1
2026-01-20 14:20:22,312 | INFO | Chunk: 35 | WER=31.250000 | S=7 D=13 I=0
2026-01-20 14:20:22,312 | INFO | Chunk: 36 | WER=12.500000 | S=0 D=1 I=0
2026-01-20 14:20:22,313 | INFO | Chunk: 37 | WER=14.285714 | S=1 D=3 I=0
2026-01-20 14:20:22,313 | INFO | ------------------------------
2026-01-20 14:20:22,313 | INFO | ------------------------------
2026-01-20 14:20:23,281 | INFO | File: Rhap-D2001.wav | WER=47.561589 | S=130 D=810 I=6
2026-01-20 14:20:23,281 | INFO | ------------------------------
2026-01-20 14:20:23,282 | INFO |  File duration: 277.5525 seconds
2026-01-20 14:20:53,594 | INFO | Number of chunks: 21
2026-01-20 14:21:30,407 | INFO | Chunk: 0 | WER=56.521739 | S=7 D=44 I=1
2026-01-20 14:21:30,408 | INFO | Chunk: 1 | WER=51.470588 | S=4 D=31 I=0
2026-01-20 14:21:30,409 | INFO | Chunk: 2 | WER=0.000000 | S=0 D=0 I=0
2026-01-20 14:21:30,409 | INFO | Chunk: 3 | WER=11.764706 | S=2 D=0 I=0
2026-01-20 14:21:30,409 | INFO | Chunk: 4 | WER=100.000000 | S=5 D=3 I=0
2026-01-20 14:21:30,409 | INFO | Chunk: 5 | WER=0.000000 | S=1 D=0 I=2
2026-01-20 14:21:30,411 | INFO | Chunk: 6 | WER=63.218391 | S=9 D=46 I=0
2026-01-20 14:21:30,413 | INFO | Chunk: 7 | WER=83.177570 | S=3 D=86 I=0
2026-01-20 14:21:30,413 | INFO | Chunk: 8 | WER=0.000000 | S=0 D=0 I=0
2026-01-20 14:21:30,415 | INFO | Chunk: 9 | WER=46.551724 | S=14 D=10 I=3
2026-01-20 14:21:30,417 | INFO | Chunk: 10 | WER=32.307692 | S=7 D=14 I=0
2026-01-20 14:21:30,419 | INFO | Chunk: 11 | WER=48.275862 | S=9 D=32 I=1
2026-01-20 14:21:30,419 | INFO | Chunk: 12 | WER=100.000000 | S=3 D=6 I=0
2026-01-20 14:21:30,420 | INFO | Chunk: 13 | WER=19.512195 | S=4 D=4 I=0
2026-01-20 14:21:30,421 | INFO | Chunk: 14 | WER=36.363636 | S=3 D=1 I=0
2026-01-20 14:21:30,421 | INFO | Chunk: 15 | WER=59.375000 | S=11 D=8 I=0
2026-01-20 14:21:30,421 | INFO | Chunk: 16 | WER=62.500000 | S=0 D=10 I=0
2026-01-20 14:21:30,422 | INFO | Chunk: 17 | WER=57.500000 | S=7 D=16 I=0
2026-01-20 14:21:30,422 | INFO | Chunk: 18 | WER=41.666667 | S=2 D=2 I=1
2026-01-20 14:21:30,423 | INFO | Chunk: 19 | WER=50.000000 | S=0 D=17 I=0
2026-01-20 14:21:30,425 | INFO | Chunk: 20 | WER=58.333333 | S=8 D=48 I=0
2026-01-20 14:21:30,426 | INFO | ------------------------------
2026-01-20 14:21:30,426 | INFO | ------------------------------
2026-01-20 14:21:30,625 | INFO | File: Rhap-D2002.wav | WER=53.259669 | S=101 D=375 I=6
2026-01-20 14:21:30,625 | INFO | ------------------------------
2026-01-20 14:21:30,626 | INFO |  File duration: 355.425 seconds
2026-01-20 14:22:12,864 | INFO | Number of chunks: 5
2026-01-20 14:22:18,669 | INFO | Chunk: 0 | WER=93.370166 | S=2 D=167 I=0
2026-01-20 14:22:18,670 | INFO | Chunk: 1 | WER=41.860465 | S=0 D=18 I=0
2026-01-20 14:22:18,674 | INFO | Chunk: 2 | WER=91.200000 | S=7 D=221 I=0
2026-01-20 14:22:18,681 | INFO | Chunk: 3 | WER=99.107143 | S=2 D=775 I=0
2026-01-20 14:22:18,682 | INFO | Chunk: 4 | WER=93.150685 | S=0 D=68 I=0
2026-01-20 14:22:18,682 | INFO | ------------------------------
2026-01-20 14:22:18,682 | INFO | ------------------------------
2026-01-20 14:22:18,732 | INFO | File: Rhap-D2003.wav | WER=94.665665 | S=11 D=1249 I=0
2026-01-20 14:22:18,732 | INFO | ------------------------------
2026-01-20 14:22:18,733 | INFO |  File duration: 247.802875 seconds
2026-01-20 14:22:45,298 | INFO | Number of chunks: 11
2026-01-20 14:23:08,855 | INFO | Chunk: 0 | WER=69.047619 | S=3 D=55 I=0
2026-01-20 14:23:08,857 | INFO | Chunk: 1 | WER=78.481013 | S=5 D=57 I=0
2026-01-20 14:23:08,858 | INFO | Chunk: 2 | WER=28.888889 | S=5 D=8 I=0
2026-01-20 14:23:08,860 | INFO | Chunk: 3 | WER=50.684932 | S=22 D=15 I=0
2026-01-20 14:23:08,861 | INFO | Chunk: 4 | WER=71.014493 | S=0 D=49 I=0
2026-01-20 14:23:08,863 | INFO | Chunk: 5 | WER=62.626263 | S=2 D=60 I=0
2026-01-20 14:23:08,864 | INFO | Chunk: 6 | WER=13.333333 | S=0 D=4 I=0
2026-01-20 14:23:08,866 | INFO | Chunk: 7 | WER=71.028037 | S=2 D=74 I=0
2026-01-20 14:23:08,868 | INFO | Chunk: 8 | WER=48.863636 | S=2 D=41 I=0
2026-01-20 14:23:08,869 | INFO | Chunk: 9 | WER=33.333333 | S=2 D=6 I=0
2026-01-20 14:23:08,871 | INFO | Chunk: 10 | WER=70.103093 | S=6 D=62 I=0
2026-01-20 14:23:08,871 | INFO | ------------------------------
2026-01-20 14:23:08,871 | INFO | ------------------------------
2026-01-20 14:23:08,986 | INFO | File: Rhap-D2004.wav | WER=60.377358 | S=49 D=431 I=0
2026-01-20 14:23:08,986 | INFO | ------------------------------
2026-01-20 14:23:08,987 | INFO |  File duration: 305.725375 seconds
2026-01-20 14:23:40,342 | INFO | Number of chunks: 23
2026-01-20 14:24:27,161 | INFO | Chunk: 0 | WER=59.210526 | S=4 D=41 I=0
2026-01-20 14:24:27,162 | INFO | Chunk: 1 | WER=4.761905 | S=2 D=0 I=0
2026-01-20 14:24:27,164 | INFO | Chunk: 2 | WER=3.773585 | S=2 D=0 I=0
2026-01-20 14:24:27,164 | INFO | Chunk: 3 | WER=0.000000 | S=0 D=0 I=0
2026-01-20 14:24:27,167 | INFO | Chunk: 4 | WER=63.366337 | S=22 D=41 I=1
2026-01-20 14:24:27,168 | INFO | Chunk: 5 | WER=10.000000 | S=0 D=1 I=0
2026-01-20 14:24:27,170 | INFO | Chunk: 6 | WER=43.055556 | S=6 D=25 I=0
2026-01-20 14:24:27,170 | INFO | Chunk: 7 | WER=0.000000 | S=0 D=0 I=0
2026-01-20 14:24:27,171 | INFO | Chunk: 8 | WER=7.894737 | S=1 D=2 I=0
2026-01-20 14:24:27,171 | INFO | Chunk: 9 | WER=0.000000 | S=0 D=0 I=0
2026-01-20 14:24:27,171 | INFO | Chunk: 10 | WER=17.241379 | S=2 D=2 I=1
2026-01-20 14:24:27,172 | INFO | Chunk: 11 | WER=22.857143 | S=2 D=6 I=0
2026-01-20 14:24:27,173 | INFO | Chunk: 12 | WER=74.358974 | S=1 D=28 I=0
2026-01-20 14:24:27,174 | INFO | Chunk: 13 | WER=9.090909 | S=3 D=0 I=0
2026-01-20 14:24:27,176 | INFO | Chunk: 14 | WER=54.216867 | S=14 D=31 I=0
2026-01-20 14:24:27,176 | INFO | Chunk: 15 | WER=0.000000 | S=0 D=0 I=0
2026-01-20 14:24:27,177 | INFO | Chunk: 16 | WER=11.764706 | S=0 D=4 I=0
2026-01-20 14:24:27,179 | INFO | Chunk: 17 | WER=58.241758 | S=7 D=45 I=1
2026-01-20 14:24:27,181 | INFO | Chunk: 18 | WER=67.073171 | S=1 D=54 I=0
2026-01-20 14:24:27,182 | INFO | Chunk: 19 | WER=11.363636 | S=2 D=3 I=0
2026-01-20 14:24:27,183 | INFO | Chunk: 20 | WER=17.073171 | S=3 D=4 I=0
2026-01-20 14:24:27,183 | INFO | Chunk: 21 | WER=100.000000 | S=1 D=0 I=0
2026-01-20 14:24:27,184 | INFO | Chunk: 22 | WER=79.032258 | S=3 D=46 I=0
2026-01-20 14:24:27,184 | INFO | ------------------------------
2026-01-20 14:24:27,184 | INFO | ------------------------------
2026-01-20 14:24:27,454 | INFO | File: Rhap-D2005.wav | WER=41.076770 | S=76 D=333 I=3
2026-01-20 14:24:27,454 | INFO | ------------------------------
2026-01-20 14:24:27,455 | INFO |  File duration: 127.9681875 seconds
2026-01-20 14:24:41,213 | INFO | Number of chunks: 17
2026-01-20 14:24:59,856 | INFO | Chunk: 0 | WER=16.666667 | S=1 D=0 I=0
2026-01-20 14:24:59,857 | INFO | Chunk: 1 | WER=0.000000 | S=0 D=0 I=0
2026-01-20 14:24:59,857 | INFO | Chunk: 2 | WER=66.666667 | S=2 D=0 I=0
2026-01-20 14:24:59,857 | INFO | Chunk: 3 | WER=14.814815 | S=4 D=0 I=0
2026-01-20 14:24:59,859 | INFO | Chunk: 4 | WER=18.181818 | S=4 D=0 I=4
2026-01-20 14:24:59,859 | INFO | Chunk: 5 | WER=0.000000 | S=0 D=0 I=0
2026-01-20 14:24:59,859 | INFO | Chunk: 6 | WER=0.000000 | S=0 D=0 I=0
2026-01-20 14:24:59,859 | INFO | Chunk: 7 | WER=0.000000 | S=0 D=0 I=0
2026-01-20 14:24:59,860 | INFO | Chunk: 8 | WER=8.333333 | S=2 D=0 I=0
2026-01-20 14:24:59,861 | INFO | Chunk: 9 | WER=6.250000 | S=2 D=0 I=0
2026-01-20 14:24:59,861 | INFO | Chunk: 10 | WER=0.000000 | S=0 D=0 I=0
2026-01-20 14:24:59,861 | INFO | Chunk: 11 | WER=0.000000 | S=0 D=0 I=0
2026-01-20 14:24:59,861 | INFO | Chunk: 12 | WER=0.000000 | S=0 D=0 I=0
2026-01-20 14:24:59,862 | INFO | Chunk: 13 | WER=0.000000 | S=0 D=0 I=0
2026-01-20 14:24:59,862 | INFO | Chunk: 14 | WER=35.714286 | S=0 D=5 I=0
2026-01-20 14:24:59,862 | INFO | Chunk: 15 | WER=0.000000 | S=0 D=0 I=0
2026-01-20 14:24:59,862 | INFO | Chunk: 16 | WER=87.500000 | S=3 D=4 I=0
2026-01-20 14:24:59,862 | INFO | ------------------------------
2026-01-20 14:24:59,862 | INFO | ------------------------------
2026-01-20 14:24:59,885 | INFO | File: Rhap-D2006.wav | WER=13.025210 | S=18 D=9 I=4
2026-01-20 14:24:59,885 | INFO | ------------------------------
2026-01-20 14:24:59,886 | INFO |  File duration: 262.3071875 seconds
2026-01-20 14:25:18,391 | INFO | Number of chunks: 16
2026-01-20 14:25:44,198 | INFO | Chunk: 0 | WER=22.222222 | S=1 D=1 I=0
2026-01-20 14:25:44,200 | INFO | Chunk: 1 | WER=95.852535 | S=4 D=204 I=0
2026-01-20 14:25:44,202 | INFO | Chunk: 2 | WER=55.737705 | S=1 D=33 I=0
2026-01-20 14:25:44,203 | INFO | Chunk: 3 | WER=11.904762 | S=2 D=3 I=0
2026-01-20 14:25:44,204 | INFO | Chunk: 4 | WER=84.210526 | S=4 D=44 I=0
2026-01-20 14:25:44,206 | INFO | Chunk: 5 | WER=55.000000 | S=13 D=31 I=0
2026-01-20 14:25:44,206 | INFO | Chunk: 6 | WER=20.000000 | S=1 D=2 I=0
2026-01-20 14:25:44,210 | INFO | Chunk: 7 | WER=76.836158 | S=7 D=129 I=0
2026-01-20 14:25:44,210 | INFO | Chunk: 8 | WER=0.000000 | S=1 D=0 I=6
2026-01-20 14:25:44,210 | INFO | Chunk: 9 | WER=0.000000 | S=1 D=0 I=7
2026-01-20 14:25:44,212 | INFO | Chunk: 10 | WER=72.972973 | S=5 D=49 I=0
2026-01-20 14:25:44,213 | INFO | Chunk: 11 | WER=58.904110 | S=4 D=39 I=0
2026-01-20 14:25:44,213 | INFO | Chunk: 12 | WER=18.181818 | S=1 D=0 I=1
2026-01-20 14:25:44,214 | INFO | Chunk: 13 | WER=56.097561 | S=3 D=20 I=0
2026-01-20 14:25:44,214 | INFO | Chunk: 14 | WER=300.000000 | S=1 D=0 I=2
2026-01-20 14:25:44,218 | INFO | Chunk: 15 | WER=70.212766 | S=5 D=94 I=0
2026-01-20 14:25:44,218 | INFO | ------------------------------
2026-01-20 14:25:44,218 | INFO | ------------------------------
2026-01-20 14:25:44,366 | INFO | File: Rhap-D2007.wav | WER=69.469469 | S=63 D=631 I=0
2026-01-20 14:25:44,366 | INFO | ------------------------------
2026-01-20 14:25:44,367 | INFO |  File duration: 499.3943125 seconds
2026-01-20 14:26:38,331 | INFO | Number of chunks: 16
2026-01-20 14:27:19,433 | INFO | Chunk: 0 | WER=90.281330 | S=4 D=349 I=0
2026-01-20 14:27:19,436 | INFO | Chunk: 1 | WER=55.555556 | S=13 D=37 I=0
2026-01-20 14:27:19,436 | INFO | Chunk: 2 | WER=93.103448 | S=12 D=15 I=0
2026-01-20 14:27:19,439 | INFO | Chunk: 3 | WER=68.217054 | S=2 D=86 I=0
2026-01-20 14:27:19,442 | INFO | Chunk: 4 | WER=66.666667 | S=1 D=74 I=1
2026-01-20 14:27:19,444 | INFO | Chunk: 5 | WER=67.647059 | S=3 D=66 I=0
2026-01-20 14:27:19,448 | INFO | Chunk: 6 | WER=81.447964 | S=1 D=179 I=0
2026-01-20 14:27:19,451 | INFO | Chunk: 7 | WER=95.774648 | S=43 D=20 I=5
2026-01-20 14:27:19,452 | INFO | Chunk: 8 | WER=73.333333 | S=9 D=44 I=2
2026-01-20 14:27:19,453 | INFO | Chunk: 9 | WER=75.000000 | S=1 D=56 I=0
2026-01-20 14:27:19,456 | INFO | Chunk: 10 | WER=67.968750 | S=1 D=86 I=0
2026-01-20 14:27:19,457 | INFO | Chunk: 11 | WER=100.000000 | S=20 D=1 I=2
2026-01-20 14:27:19,461 | INFO | Chunk: 12 | WER=68.553459 | S=7 D=102 I=0
2026-01-20 14:27:19,463 | INFO | Chunk: 13 | WER=90.361446 | S=2 D=49 I=24
2026-01-20 14:27:19,465 | INFO | Chunk: 14 | WER=80.869565 | S=0 D=93 I=0
2026-01-20 14:27:19,472 | INFO | Chunk: 15 | WER=79.116466 | S=14 D=183 I=0
2026-01-20 14:27:19,473 | INFO | ------------------------------
2026-01-20 14:27:19,473 | INFO | ------------------------------
2026-01-20 14:27:20,023 | INFO | File: Rhap-D2008.wav | WER=71.630170 | S=60 D=1409 I=3
2026-01-20 14:27:20,023 | INFO | ------------------------------
2026-01-20 14:27:20,024 | INFO |  File duration: 306.8026875 seconds
2026-01-20 14:27:59,221 | INFO | Number of chunks: 13
2026-01-20 14:28:37,042 | INFO | Chunk: 0 | WER=54.838710 | S=15 D=35 I=1
2026-01-20 14:28:37,044 | INFO | Chunk: 1 | WER=34.920635 | S=1 D=21 I=0
2026-01-20 14:28:37,046 | INFO | Chunk: 2 | WER=68.686869 | S=2 D=66 I=0
2026-01-20 14:28:37,049 | INFO | Chunk: 3 | WER=67.000000 | S=16 D=44 I=7
2026-01-20 14:28:37,050 | INFO | Chunk: 4 | WER=40.540541 | S=1 D=14 I=0
2026-01-20 14:28:37,053 | INFO | Chunk: 5 | WER=39.534884 | S=8 D=26 I=0
2026-01-20 14:28:37,055 | INFO | Chunk: 6 | WER=30.000000 | S=4 D=20 I=0
2026-01-20 14:28:37,056 | INFO | Chunk: 7 | WER=28.571429 | S=1 D=4 I=3
2026-01-20 14:28:37,058 | INFO | Chunk: 8 | WER=36.046512 | S=0 D=30 I=1
2026-01-20 14:28:37,061 | INFO | Chunk: 9 | WER=58.585859 | S=7 D=49 I=2
2026-01-20 14:28:37,062 | INFO | Chunk: 10 | WER=79.775281 | S=0 D=71 I=0
2026-01-20 14:28:37,064 | INFO | Chunk: 11 | WER=71.111111 | S=2 D=62 I=0
2026-01-20 14:28:37,066 | INFO | Chunk: 12 | WER=28.571429 | S=6 D=12 I=0
2026-01-20 14:28:37,066 | INFO | ------------------------------
2026-01-20 14:28:37,066 | INFO | ------------------------------
2026-01-20 14:28:37,299 | INFO | File: Rhap-D2009.wav | WER=51.727542 | S=68 D=448 I=8
2026-01-20 14:28:37,299 | INFO | ------------------------------
2026-01-20 14:28:37,300 | INFO |  File duration: 318.8233125 seconds
2026-01-20 14:29:02,932 | INFO | Number of chunks: 59
2026-01-20 14:29:47,396 | INFO | Chunk: 0 | WER=24.137931 | S=9 D=5 I=0
2026-01-20 14:29:47,397 | INFO | Chunk: 1 | WER=50.000000 | S=0 D=0 I=1
2026-01-20 14:29:47,397 | INFO | Chunk: 2 | WER=0.000000 | S=0 D=0 I=0
2026-01-20 14:29:47,397 | INFO | Chunk: 3 | WER=10.000000 | S=0 D=1 I=0
2026-01-20 14:29:47,397 | INFO | Chunk: 4 | WER=57.142857 | S=3 D=1 I=0
2026-01-20 14:29:47,397 | INFO | Chunk: 5 | WER=60.000000 | S=2 D=0 I=1
2026-01-20 14:29:47,398 | INFO | Chunk: 6 | WER=0.000000 | S=0 D=0 I=0
2026-01-20 14:29:47,399 | INFO | Chunk: 7 | WER=87.804878 | S=2 D=106 I=0
2026-01-20 14:29:47,400 | INFO | Chunk: 8 | WER=26.086957 | S=2 D=3 I=1
2026-01-20 14:29:47,400 | INFO | Chunk: 9 | WER=11.111111 | S=0 D=1 I=0
2026-01-20 14:29:47,400 | INFO | Chunk: 10 | WER=16.666667 | S=0 D=1 I=0
2026-01-20 14:29:47,400 | INFO | Chunk: 11 | WER=29.411765 | S=0 D=5 I=0
2026-01-20 14:29:47,401 | INFO | Chunk: 12 | WER=11.111111 | S=0 D=1 I=0
2026-01-20 14:29:47,401 | INFO | Chunk: 13 | WER=22.222222 | S=1 D=1 I=0
2026-01-20 14:29:47,401 | INFO | Chunk: 14 | WER=100.000000 | S=1 D=3 I=0
2026-01-20 14:29:47,401 | INFO | Chunk: 15 | WER=56.250000 | S=3 D=6 I=0
2026-01-20 14:29:47,401 | INFO | Chunk: 16 | WER=30.000000 | S=1 D=1 I=1
2026-01-20 14:29:47,402 | INFO | Chunk: 17 | WER=20.000000 | S=0 D=1 I=0
2026-01-20 14:29:47,402 | INFO | Chunk: 18 | WER=0.000000 | S=0 D=0 I=0
2026-01-20 14:29:47,404 | INFO | Chunk: 19 | WER=63.917526 | S=1 D=61 I=0
2026-01-20 14:29:47,406 | INFO | Chunk: 20 | WER=62.820513 | S=11 D=38 I=0
2026-01-20 14:29:47,406 | INFO | Chunk: 21 | WER=0.000000 | S=0 D=0 I=0
2026-01-20 14:29:47,406 | INFO | Chunk: 22 | WER=6.666667 | S=0 D=1 I=0
2026-01-20 14:29:47,406 | INFO | Chunk: 23 | WER=8.333333 | S=0 D=1 I=0
2026-01-20 14:29:47,407 | INFO | Chunk: 24 | WER=15.384615 | S=2 D=2 I=0
2026-01-20 14:29:47,407 | INFO | Chunk: 25 | WER=12.500000 | S=0 D=1 I=0
2026-01-20 14:29:47,407 | INFO | Chunk: 26 | WER=33.333333 | S=2 D=3 I=0
2026-01-20 14:29:47,408 | INFO | Chunk: 27 | WER=8.695652 | S=1 D=1 I=0
2026-01-20 14:29:47,409 | INFO | Chunk: 28 | WER=39.130435 | S=10 D=7 I=1
2026-01-20 14:29:47,409 | INFO | Chunk: 29 | WER=25.000000 | S=0 D=0 I=1
2026-01-20 14:29:47,409 | INFO | Chunk: 30 | WER=84.615385 | S=4 D=7 I=0
2026-01-20 14:29:47,410 | INFO | Chunk: 31 | WER=0.000000 | S=0 D=0 I=0
2026-01-20 14:29:47,411 | INFO | Chunk: 32 | WER=73.737374 | S=2 D=71 I=0
2026-01-20 14:29:47,411 | INFO | Chunk: 33 | WER=100.000000 | S=0 D=0 I=1
2026-01-20 14:29:47,412 | INFO | Chunk: 34 | WER=0.000000 | S=0 D=0 I=0
2026-01-20 14:29:47,412 | INFO | Chunk: 35 | WER=0.000000 | S=0 D=0 I=0
2026-01-20 14:29:47,412 | INFO | Chunk: 36 | WER=0.000000 | S=0 D=0 I=0
2026-01-20 14:29:47,412 | INFO | Chunk: 37 | WER=50.000000 | S=2 D=1 I=0
2026-01-20 14:29:47,413 | INFO | Chunk: 38 | WER=12.500000 | S=1 D=1 I=0
2026-01-20 14:29:47,413 | INFO | Chunk: 39 | WER=0.000000 | S=0 D=0 I=0
2026-01-20 14:29:47,414 | INFO | Chunk: 40 | WER=80.597015 | S=0 D=54 I=0
2026-01-20 14:29:47,414 | INFO | Chunk: 41 | WER=22.580645 | S=2 D=5 I=0
2026-01-20 14:29:47,414 | INFO | Chunk: 42 | WER=100.000000 | S=4 D=0 I=0
2026-01-20 14:29:47,415 | INFO | Chunk: 43 | WER=0.000000 | S=0 D=0 I=0
2026-01-20 14:29:47,415 | INFO | Chunk: 44 | WER=0.000000 | S=0 D=0 I=0
2026-01-20 14:29:47,415 | INFO | Chunk: 45 | WER=10.000000 | S=1 D=1 I=0
2026-01-20 14:29:47,415 | INFO | Chunk: 46 | WER=0.000000 | S=0 D=0 I=0
2026-01-20 14:29:47,415 | INFO | Chunk: 47 | WER=80.000000 | S=1 D=2 I=1
2026-01-20 14:29:47,415 | INFO | Chunk: 48 | WER=12.500000 | S=0 D=1 I=0
2026-01-20 14:29:47,416 | INFO | Chunk: 49 | WER=8.333333 | S=0 D=0 I=1
2026-01-20 14:29:47,416 | INFO | Chunk: 50 | WER=0.000000 | S=0 D=0 I=0
2026-01-20 14:29:47,416 | INFO | Chunk: 51 | WER=0.000000 | S=0 D=0 I=0
2026-01-20 14:29:47,417 | INFO | Chunk: 52 | WER=33.333333 | S=2 D=2 I=1
2026-01-20 14:29:47,417 | INFO | Chunk: 53 | WER=100.000000 | S=1 D=2 I=0
2026-01-20 14:29:47,417 | INFO | Chunk: 54 | WER=0.000000 | S=0 D=0 I=0
2026-01-20 14:29:47,417 | INFO | Chunk: 55 | WER=83.333333 | S=3 D=0 I=2
2026-01-20 14:29:47,417 | INFO | Chunk: 56 | WER=100.000000 | S=2 D=0 I=0
2026-01-20 14:29:47,417 | INFO | Chunk: 57 | WER=44.444444 | S=3 D=0 I=1
2026-01-20 14:29:47,418 | INFO | Chunk: 58 | WER=60.000000 | S=2 D=0 I=1
2026-01-20 14:29:47,418 | INFO | ------------------------------
2026-01-20 14:29:47,418 | INFO | ------------------------------
2026-01-20 14:29:47,715 | INFO | File: Rhap-D2010.wav | WER=45.479963 | S=82 D=395 I=11
2026-01-20 14:29:47,715 | INFO | ------------------------------
2026-01-20 14:29:47,716 | INFO |  File duration: 307.7885 seconds
2026-01-20 14:30:16,006 | INFO | Number of chunks: 12
2026-01-20 14:30:37,612 | INFO | Chunk: 0 | WER=69.798658 | S=1 D=103 I=0
2026-01-20 14:30:37,613 | INFO | Chunk: 1 | WER=77.884615 | S=1 D=80 I=0
2026-01-20 14:30:37,615 | INFO | Chunk: 2 | WER=61.403509 | S=2 D=33 I=0
2026-01-20 14:30:37,615 | INFO | Chunk: 3 | WER=106.451613 | S=24 D=2 I=7
2026-01-20 14:30:37,618 | INFO | Chunk: 4 | WER=41.025641 | S=7 D=23 I=2
2026-01-20 14:30:37,619 | INFO | Chunk: 5 | WER=71.910112 | S=2 D=62 I=0
2026-01-20 14:30:37,621 | INFO | Chunk: 6 | WER=76.530612 | S=3 D=72 I=0
2026-01-20 14:30:37,623 | INFO | Chunk: 7 | WER=53.731343 | S=3 D=33 I=0
2026-01-20 14:30:37,623 | INFO | Chunk: 8 | WER=116.666667 | S=18 D=0 I=3
2026-01-20 14:30:37,626 | INFO | Chunk: 9 | WER=76.351351 | S=0 D=113 I=0
2026-01-20 14:30:37,627 | INFO | Chunk: 10 | WER=92.857143 | S=25 D=1 I=0
2026-01-20 14:30:37,631 | INFO | Chunk: 11 | WER=67.346939 | S=3 D=96 I=0
2026-01-20 14:30:37,631 | INFO | ------------------------------
2026-01-20 14:30:37,631 | INFO | ------------------------------
2026-01-20 14:30:37,798 | INFO | File: Rhap-D2011.wav | WER=64.694280 | S=46 D=608 I=2
2026-01-20 14:30:37,798 | INFO | ------------------------------
2026-01-20 14:30:37,799 | INFO |  File duration: 293.6138125 seconds
2026-01-20 14:31:00,335 | INFO | Number of chunks: 10
2026-01-20 14:31:28,898 | INFO | Chunk: 0 | WER=60.416667 | S=16 D=42 I=0
2026-01-20 14:31:28,900 | INFO | Chunk: 1 | WER=75.555556 | S=1 D=67 I=0
2026-01-20 14:31:28,901 | INFO | Chunk: 2 | WER=105.714286 | S=33 D=0 I=4
2026-01-20 14:31:28,904 | INFO | Chunk: 3 | WER=54.807692 | S=1 D=55 I=1
2026-01-20 14:31:28,907 | INFO | Chunk: 4 | WER=57.894737 | S=16 D=38 I=1
2026-01-20 14:31:28,908 | INFO | Chunk: 5 | WER=102.702703 | S=35 D=0 I=3
2026-01-20 14:31:28,911 | INFO | Chunk: 6 | WER=60.344828 | S=12 D=58 I=0
2026-01-20 14:31:28,912 | INFO | Chunk: 7 | WER=106.451613 | S=25 D=3 I=5
2026-01-20 14:31:28,916 | INFO | Chunk: 8 | WER=92.459016 | S=0 D=282 I=0
2026-01-20 14:31:28,918 | INFO | Chunk: 9 | WER=51.515152 | S=5 D=26 I=3
2026-01-20 14:31:28,918 | INFO | ------------------------------
2026-01-20 14:31:28,918 | INFO | ------------------------------
2026-01-20 14:31:29,083 | INFO | File: Rhap-D2012.wav | WER=64.410256 | S=56 D=563 I=9
2026-01-20 14:31:29,083 | INFO | ------------------------------
2026-01-20 14:31:29,083 | INFO |  File duration: 182.155375 seconds
2026-01-20 14:31:54,794 | INFO | Number of chunks: 3
2026-01-20 14:32:03,378 | INFO | Chunk: 0 | WER=84.985836 | S=12 D=288 I=0
2026-01-20 14:32:03,381 | INFO | Chunk: 1 | WER=69.767442 | S=5 D=85 I=0
2026-01-20 14:32:03,383 | INFO | Chunk: 2 | WER=91.139241 | S=1 D=143 I=0
2026-01-20 14:32:03,383 | INFO | ------------------------------
2026-01-20 14:32:03,384 | INFO | ------------------------------
2026-01-20 14:32:03,418 | INFO | File: Rhap-D2013.wav | WER=83.437500 | S=18 D=516 I=0
2026-01-20 14:32:03,418 | INFO | ------------------------------
2026-01-20 14:32:03,419 | INFO |  File duration: 50.091875 seconds
2026-01-20 14:32:09,817 | INFO | Number of chunks: 10
2026-01-20 14:32:17,608 | INFO | Chunk: 0 | WER=37.500000 | S=2 D=1 I=0
2026-01-20 14:32:17,608 | INFO | Chunk: 1 | WER=33.333333 | S=3 D=2 I=0
2026-01-20 14:32:17,608 | INFO | Chunk: 2 | WER=50.000000 | S=2 D=3 I=0
2026-01-20 14:32:17,609 | INFO | Chunk: 3 | WER=29.411765 | S=2 D=3 I=0
2026-01-20 14:32:17,609 | INFO | Chunk: 4 | WER=25.000000 | S=2 D=1 I=0
2026-01-20 14:32:17,609 | INFO | Chunk: 5 | WER=9.090909 | S=1 D=0 I=0
2026-01-20 14:32:17,609 | INFO | Chunk: 6 | WER=50.000000 | S=0 D=3 I=0
2026-01-20 14:32:17,611 | INFO | Chunk: 7 | WER=19.047619 | S=4 D=4 I=0
2026-01-20 14:32:17,611 | INFO | Chunk: 8 | WER=30.769231 | S=2 D=2 I=0
2026-01-20 14:32:17,611 | INFO | Chunk: 9 | WER=100.000000 | S=2 D=1 I=0
2026-01-20 14:32:17,611 | INFO | ------------------------------
2026-01-20 14:32:17,611 | INFO | ------------------------------
2026-01-20 14:32:17,619 | INFO | File: Rhap-M0001.wav | WER=29.197080 | S=20 D=20 I=0
2026-01-20 14:32:17,619 | INFO | ------------------------------
2026-01-20 14:32:17,620 | INFO |  File duration: 64.085 seconds
2026-01-20 14:32:25,198 | INFO | Number of chunks: 5
2026-01-20 14:32:34,616 | INFO | Chunk: 0 | WER=61.818182 | S=3 D=31 I=0
2026-01-20 14:32:34,617 | INFO | Chunk: 1 | WER=10.344828 | S=0 D=2 I=1
2026-01-20 14:32:34,617 | INFO | Chunk: 2 | WER=12.500000 | S=3 D=0 I=0
2026-01-20 14:32:34,619 | INFO | Chunk: 3 | WER=38.888889 | S=8 D=9 I=4
2026-01-20 14:32:34,620 | INFO | Chunk: 4 | WER=16.666667 | S=1 D=5 I=0
2026-01-20 14:32:34,620 | INFO | ------------------------------
2026-01-20 14:32:34,620 | INFO | ------------------------------
2026-01-20 14:32:34,633 | INFO | File: Rhap-M0002.wav | WER=33.838384 | S=15 D=47 I=5
2026-01-20 14:32:34,633 | INFO | ------------------------------
2026-01-20 14:32:34,634 | INFO |  File duration: 98.2920625 seconds
2026-01-20 14:32:42,414 | INFO | Number of chunks: 4
2026-01-20 14:32:50,130 | INFO | Chunk: 0 | WER=27.906977 | S=1 D=8 I=3
2026-01-20 14:32:50,131 | INFO | Chunk: 1 | WER=72.222222 | S=1 D=64 I=0
2026-01-20 14:32:50,133 | INFO | Chunk: 2 | WER=74.000000 | S=6 D=67 I=1
2026-01-20 14:32:50,135 | INFO | Chunk: 3 | WER=77.884615 | S=1 D=80 I=0
2026-01-20 14:32:50,135 | INFO | ------------------------------
2026-01-20 14:32:50,135 | INFO | ------------------------------
2026-01-20 14:32:50,153 | INFO | File: Rhap-M0003.wav | WER=68.842730 | S=9 D=219 I=4
2026-01-20 14:32:50,153 | INFO | ------------------------------
2026-01-20 14:32:50,154 | INFO |  File duration: 13.6685625 seconds
2026-01-20 14:32:53,285 | INFO | Number of chunks: 4
2026-01-20 14:32:56,319 | INFO | Chunk: 0 | WER=40.000000 | S=2 D=2 I=0
2026-01-20 14:32:56,319 | INFO | Chunk: 1 | WER=0.000000 | S=0 D=0 I=0
2026-01-20 14:32:56,319 | INFO | Chunk: 2 | WER=0.000000 | S=0 D=0 I=0
2026-01-20 14:32:56,320 | INFO | Chunk: 3 | WER=50.000000 | S=3 D=1 I=0
2026-01-20 14:32:56,320 | INFO | ------------------------------
2026-01-20 14:32:56,320 | INFO | ------------------------------
2026-01-20 14:32:56,322 | INFO | File: Rhap-M0004.wav | WER=17.777778 | S=5 D=3 I=0
2026-01-20 14:32:56,322 | INFO | ------------------------------
2026-01-20 14:32:56,323 | INFO |  File duration: 41.7585625 seconds
2026-01-20 14:33:00,568 | INFO | Number of chunks: 3
2026-01-20 14:33:05,137 | INFO | Chunk: 0 | WER=88.888889 | S=1 D=2 I=13
2026-01-20 14:33:05,137 | INFO | Chunk: 1 | WER=56.818182 | S=0 D=25 I=0
2026-01-20 14:33:05,139 | INFO | Chunk: 2 | WER=59.016393 | S=2 D=34 I=0
2026-01-20 14:33:05,139 | INFO | ------------------------------
2026-01-20 14:33:05,139 | INFO | ------------------------------
2026-01-20 14:33:05,144 | INFO | File: Rhap-M0005.wav | WER=49.593496 | S=5 D=52 I=4
2026-01-20 14:33:05,144 | INFO | ------------------------------
2026-01-20 14:33:05,145 | INFO |  File duration: 26.3569375 seconds
2026-01-20 14:33:08,480 | INFO | Number of chunks: 1
2026-01-20 14:33:11,212 | INFO | Chunk: 0 | WER=63.888889 | S=6 D=63 I=0
2026-01-20 14:33:11,213 | INFO | ------------------------------
2026-01-20 14:33:11,213 | INFO | ------------------------------
2026-01-20 14:33:11,216 | INFO | File: Rhap-M0006.wav | WER=63.888889 | S=6 D=63 I=0
2026-01-20 14:33:11,216 | INFO | ------------------------------
2026-01-20 14:33:11,217 | INFO |  File duration: 50.2703125 seconds
2026-01-20 14:33:16,634 | INFO | Number of chunks: 6
2026-01-20 14:33:26,001 | INFO | Chunk: 0 | WER=49.230769 | S=3 D=27 I=2
2026-01-20 14:33:26,002 | INFO | Chunk: 1 | WER=16.666667 | S=1 D=2 I=0
2026-01-20 14:33:26,002 | INFO | Chunk: 2 | WER=25.000000 | S=4 D=0 I=0
2026-01-20 14:33:26,002 | INFO | Chunk: 3 | WER=35.294118 | S=3 D=3 I=0
2026-01-20 14:33:26,003 | INFO | Chunk: 4 | WER=11.538462 | S=1 D=2 I=0
2026-01-20 14:33:26,004 | INFO | Chunk: 5 | WER=12.121212 | S=1 D=2 I=1
2026-01-20 14:33:26,004 | INFO | ------------------------------
2026-01-20 14:33:26,004 | INFO | ------------------------------
2026-01-20 14:33:26,015 | INFO | File: Rhap-M0007.wav | WER=29.714286 | S=13 D=36 I=3
2026-01-20 14:33:26,015 | INFO | ------------------------------
2026-01-20 14:33:26,016 | INFO |  File duration: 17.0718125 seconds
2026-01-20 14:33:29,547 | INFO | Number of chunks: 1
2026-01-20 14:33:32,551 | INFO | Chunk: 0 | WER=20.370370 | S=1 D=7 I=3
2026-01-20 14:33:32,551 | INFO | ------------------------------
2026-01-20 14:33:32,551 | INFO | ------------------------------
2026-01-20 14:33:32,554 | INFO | File: Rhap-M0008.wav | WER=20.370370 | S=1 D=7 I=3
2026-01-20 14:33:32,554 | INFO | ------------------------------
2026-01-20 14:33:32,554 | INFO |  File duration: 62.5210625 seconds
2026-01-20 14:33:39,456 | INFO | Number of chunks: 3
2026-01-20 14:33:46,496 | INFO | Chunk: 0 | WER=65.306122 | S=3 D=61 I=0
2026-01-20 14:33:46,498 | INFO | Chunk: 1 | WER=51.764706 | S=7 D=37 I=0
2026-01-20 14:33:46,499 | INFO | Chunk: 2 | WER=68.000000 | S=4 D=7 I=6
2026-01-20 14:33:46,499 | INFO | ------------------------------
2026-01-20 14:33:46,499 | INFO | ------------------------------
2026-01-20 14:33:46,509 | INFO | File: Rhap-M0009.wav | WER=60.096154 | S=14 D=105 I=6
2026-01-20 14:33:46,509 | INFO | ------------------------------
2026-01-20 14:33:46,510 | INFO |  File duration: 16.6030625 seconds
2026-01-20 14:33:50,618 | INFO | Number of chunks: 3
2026-01-20 14:33:54,192 | INFO | Chunk: 0 | WER=10.344828 | S=0 D=3 I=0
2026-01-20 14:33:54,192 | INFO | Chunk: 1 | WER=20.833333 | S=3 D=2 I=0
2026-01-20 14:33:54,193 | INFO | Chunk: 2 | WER=66.666667 | S=4 D=1 I=1
2026-01-20 14:33:54,193 | INFO | ------------------------------
2026-01-20 14:33:54,193 | INFO | ------------------------------
2026-01-20 14:33:54,196 | INFO | File: Rhap-M0010.wav | WER=22.580645 | S=7 D=6 I=1
2026-01-20 14:33:54,196 | INFO | ------------------------------
2026-01-20 14:33:54,196 | INFO |  File duration: 48.8660625 seconds
2026-01-20 14:33:58,462 | INFO | Number of chunks: 5
2026-01-20 14:34:04,787 | INFO | Chunk: 0 | WER=7.692308 | S=1 D=0 I=0
2026-01-20 14:34:04,788 | INFO | Chunk: 1 | WER=62.962963 | S=0 D=34 I=0
2026-01-20 14:34:04,789 | INFO | Chunk: 2 | WER=18.750000 | S=4 D=2 I=0
2026-01-20 14:34:04,789 | INFO | Chunk: 3 | WER=66.666667 | S=7 D=5 I=0
2026-01-20 14:34:04,790 | INFO | Chunk: 4 | WER=42.857143 | S=3 D=15 I=0
2026-01-20 14:34:04,790 | INFO | ------------------------------
2026-01-20 14:34:04,790 | INFO | ------------------------------
2026-01-20 14:34:04,798 | INFO | File: Rhap-M0011.wav | WER=44.654088 | S=15 D=56 I=0
2026-01-20 14:34:04,798 | INFO | ------------------------------
2026-01-20 14:34:04,799 | INFO |  File duration: 17.016 seconds
2026-01-20 14:34:08,690 | INFO | Number of chunks: 2
2026-01-20 14:34:11,887 | INFO | Chunk: 0 | WER=40.000000 | S=1 D=3 I=2
2026-01-20 14:34:11,888 | INFO | Chunk: 1 | WER=33.333333 | S=7 D=2 I=2
2026-01-20 14:34:11,888 | INFO | ------------------------------
2026-01-20 14:34:11,888 | INFO | ------------------------------
2026-01-20 14:34:11,891 | INFO | File: Rhap-M0012.wav | WER=35.416667 | S=8 D=5 I=4
2026-01-20 14:34:11,891 | INFO | ------------------------------
2026-01-20 14:34:11,891 | INFO |  File duration: 51.89 seconds
2026-01-20 14:34:18,705 | INFO | Number of chunks: 2
2026-01-20 14:34:24,315 | INFO | Chunk: 0 | WER=55.789474 | S=4 D=49 I=0
2026-01-20 14:34:24,317 | INFO | Chunk: 1 | WER=44.444444 | S=3 D=32 I=1
2026-01-20 14:34:24,317 | INFO | ------------------------------
2026-01-20 14:34:24,317 | INFO | ------------------------------
2026-01-20 14:34:24,326 | INFO | File: Rhap-M0013.wav | WER=50.568182 | S=7 D=81 I=1
2026-01-20 14:34:24,326 | INFO | ------------------------------
2026-01-20 14:34:24,327 | INFO |  File duration: 26.679375 seconds
2026-01-20 14:34:27,940 | INFO | Number of chunks: 3
2026-01-20 14:34:32,519 | INFO | Chunk: 0 | WER=32.258065 | S=3 D=2 I=5
2026-01-20 14:34:32,519 | INFO | Chunk: 1 | WER=66.666667 | S=0 D=4 I=2
2026-01-20 14:34:32,520 | INFO | Chunk: 2 | WER=56.756757 | S=6 D=7 I=8
2026-01-20 14:34:32,520 | INFO | ------------------------------
2026-01-20 14:34:32,520 | INFO | ------------------------------
2026-01-20 14:34:32,525 | INFO | File: Rhap-M0014.wav | WER=36.363636 | S=10 D=8 I=10
2026-01-20 14:34:32,525 | INFO | ------------------------------
2026-01-20 14:34:32,525 | INFO |  File duration: 25.8175 seconds
2026-01-20 14:34:36,127 | INFO | Number of chunks: 1
2026-01-20 14:34:38,746 | INFO | Chunk: 0 | WER=59.493671 | S=10 D=36 I=1
2026-01-20 14:34:38,746 | INFO | ------------------------------
2026-01-20 14:34:38,746 | INFO | ------------------------------
2026-01-20 14:34:38,749 | INFO | File: Rhap-M0015.wav | WER=59.493671 | S=10 D=36 I=1
2026-01-20 14:34:38,749 | INFO | ------------------------------
2026-01-20 14:34:38,750 | INFO |  File duration: 82.8571875 seconds
2026-01-20 14:34:45,874 | INFO | Number of chunks: 4
2026-01-20 14:34:54,741 | INFO | Chunk: 0 | WER=41.538462 | S=3 D=24 I=0
2026-01-20 14:34:54,743 | INFO | Chunk: 1 | WER=73.809524 | S=1 D=60 I=1
2026-01-20 14:34:54,744 | INFO | Chunk: 2 | WER=20.454545 | S=3 D=6 I=0
2026-01-20 14:34:54,745 | INFO | Chunk: 3 | WER=15.555556 | S=4 D=1 I=2
2026-01-20 14:34:54,745 | INFO | ------------------------------
2026-01-20 14:34:54,745 | INFO | ------------------------------
2026-01-20 14:34:54,760 | INFO | File: Rhap-M0016.wav | WER=44.117647 | S=11 D=91 I=3
2026-01-20 14:34:54,760 | INFO | ------------------------------
2026-01-20 14:34:54,761 | INFO |  File duration: 87.3930625 seconds
2026-01-20 14:35:04,906 | INFO | Number of chunks: 11
2026-01-20 14:35:18,601 | INFO | Chunk: 0 | WER=16.666667 | S=2 D=0 I=0
2026-01-20 14:35:18,603 | INFO | Chunk: 1 | WER=35.443038 | S=10 D=18 I=0
2026-01-20 14:35:18,605 | INFO | Chunk: 2 | WER=22.916667 | S=4 D=7 I=0
2026-01-20 14:35:18,605 | INFO | Chunk: 3 | WER=50.000000 | S=1 D=0 I=2
2026-01-20 14:35:18,606 | INFO | Chunk: 4 | WER=24.324324 | S=3 D=3 I=3
2026-01-20 14:35:18,606 | INFO | Chunk: 5 | WER=200.000000 | S=2 D=0 I=2
2026-01-20 14:35:18,606 | INFO | Chunk: 6 | WER=16.666667 | S=2 D=0 I=0
2026-01-20 14:35:18,607 | INFO | Chunk: 7 | WER=19.230769 | S=0 D=5 I=0
2026-01-20 14:35:18,607 | INFO | Chunk: 8 | WER=35.000000 | S=2 D=5 I=0
2026-01-20 14:35:18,607 | INFO | Chunk: 9 | WER=200.000000 | S=0 D=0 I=2
2026-01-20 14:35:18,608 | INFO | Chunk: 10 | WER=100.000000 | S=0 D=0 I=3
2026-01-20 14:35:18,608 | INFO | ------------------------------
2026-01-20 14:35:18,608 | INFO | ------------------------------
2026-01-20 14:35:18,630 | INFO | File: Rhap-M0018.wav | WER=30.894309 | S=26 D=38 I=12
2026-01-20 14:35:18,630 | INFO | ------------------------------
2026-01-20 14:35:18,630 | INFO |  File duration: 56.603875 seconds
2026-01-20 14:35:25,405 | INFO | Number of chunks: 4
2026-01-20 14:35:32,141 | INFO | Chunk: 0 | WER=49.425287 | S=4 D=39 I=0
2026-01-20 14:35:32,142 | INFO | Chunk: 1 | WER=16.666667 | S=1 D=4 I=1
2026-01-20 14:35:32,143 | INFO | Chunk: 2 | WER=72.580645 | S=3 D=42 I=0
2026-01-20 14:35:32,143 | INFO | Chunk: 3 | WER=66.666667 | S=2 D=0 I=0
2026-01-20 14:35:32,143 | INFO | ------------------------------
2026-01-20 14:35:32,143 | INFO | ------------------------------
2026-01-20 14:35:32,153 | INFO | File: Rhap-M0019.wav | WER=50.531915 | S=9 D=85 I=1
2026-01-20 14:35:32,153 | INFO | ------------------------------
2026-01-20 14:35:32,153 | INFO |  File duration: 86.2515625 seconds
2026-01-20 14:35:41,953 | INFO | Number of chunks: 15
2026-01-20 14:35:54,424 | INFO | Chunk: 0 | WER=33.333333 | S=1 D=0 I=0
2026-01-20 14:35:54,425 | INFO | Chunk: 1 | WER=0.000000 | S=0 D=0 I=0
2026-01-20 14:35:54,425 | INFO | Chunk: 2 | WER=33.333333 | S=1 D=0 I=0
2026-01-20 14:35:54,425 | INFO | Chunk: 3 | WER=100.000000 | S=0 D=0 I=1
2026-01-20 14:35:54,425 | INFO | Chunk: 4 | WER=200.000000 | S=1 D=0 I=1
2026-01-20 14:35:54,425 | INFO | Chunk: 5 | WER=40.000000 | S=0 D=2 I=0
2026-01-20 14:35:54,426 | INFO | Chunk: 6 | WER=26.666667 | S=4 D=4 I=0
2026-01-20 14:35:54,426 | INFO | Chunk: 7 | WER=0.000000 | S=0 D=0 I=0
2026-01-20 14:35:54,426 | INFO | Chunk: 8 | WER=50.000000 | S=0 D=1 I=0
2026-01-20 14:35:54,426 | INFO | Chunk: 9 | WER=0.000000 | S=0 D=0 I=0
2026-01-20 14:35:54,427 | INFO | Chunk: 10 | WER=26.315789 | S=3 D=1 I=1
2026-01-20 14:35:54,427 | INFO | Chunk: 11 | WER=15.000000 | S=1 D=2 I=0
2026-01-20 14:35:54,428 | INFO | Chunk: 12 | WER=8.695652 | S=0 D=2 I=0
2026-01-20 14:35:54,429 | INFO | Chunk: 13 | WER=21.428571 | S=1 D=7 I=1
2026-01-20 14:35:54,429 | INFO | Chunk: 14 | WER=25.000000 | S=2 D=0 I=1
2026-01-20 14:35:54,429 | INFO | ------------------------------
2026-01-20 14:35:54,429 | INFO | ------------------------------
2026-01-20 14:35:54,442 | INFO | File: Rhap-M0021.wav | WER=21.839080 | S=14 D=19 I=5
2026-01-20 14:35:54,442 | INFO | ------------------------------
2026-01-20 14:35:54,442 | INFO |  File duration: 100.442875 seconds
2026-01-20 14:36:04,605 | INFO | Number of chunks: 9
2026-01-20 14:36:14,993 | INFO | Chunk: 0 | WER=100.000000 | S=1 D=2 I=0
2026-01-20 14:36:14,994 | INFO | Chunk: 1 | WER=18.918919 | S=1 D=4 I=2
2026-01-20 14:36:14,995 | INFO | Chunk: 2 | WER=19.047619 | S=1 D=3 I=0
2026-01-20 14:36:14,995 | INFO | Chunk: 3 | WER=26.666667 | S=1 D=2 I=1
2026-01-20 14:36:14,995 | INFO | Chunk: 4 | WER=29.411765 | S=1 D=4 I=0
2026-01-20 14:36:14,997 | INFO | Chunk: 5 | WER=32.727273 | S=2 D=15 I=1
2026-01-20 14:36:14,997 | INFO | Chunk: 6 | WER=11.428571 | S=2 D=2 I=0
2026-01-20 14:36:14,998 | INFO | Chunk: 7 | WER=6.250000 | S=0 D=2 I=0
2026-01-20 14:36:14,998 | INFO | Chunk: 8 | WER=60.000000 | S=3 D=0 I=0
2026-01-20 14:36:14,998 | INFO | ------------------------------
2026-01-20 14:36:14,998 | INFO | ------------------------------
2026-01-20 14:36:15,017 | INFO | File: Rhap-M0022.wav | WER=22.272727 | S=13 D=33 I=3
2026-01-20 14:36:15,017 | INFO | ------------------------------
2026-01-20 14:36:15,017 | INFO |  File duration: 87.821375 seconds
2026-01-20 14:36:21,572 | INFO | Number of chunks: 9
2026-01-20 14:36:32,177 | INFO | Chunk: 0 | WER=38.461538 | S=9 D=15 I=1
2026-01-20 14:36:32,178 | INFO | Chunk: 1 | WER=39.285714 | S=0 D=11 I=0
2026-01-20 14:36:32,179 | INFO | Chunk: 2 | WER=29.545455 | S=2 D=11 I=0
2026-01-20 14:36:32,179 | INFO | Chunk: 3 | WER=81.481481 | S=2 D=20 I=0
2026-01-20 14:36:32,179 | INFO | Chunk: 4 | WER=76.000000 | S=4 D=15 I=0
2026-01-20 14:36:32,180 | INFO | Chunk: 5 | WER=21.739130 | S=2 D=3 I=0
2026-01-20 14:36:32,180 | INFO | Chunk: 6 | WER=9.523810 | S=0 D=2 I=0
2026-01-20 14:36:32,181 | INFO | Chunk: 7 | WER=36.666667 | S=2 D=9 I=0
2026-01-20 14:36:32,182 | INFO | Chunk: 8 | WER=35.087719 | S=3 D=17 I=0
2026-01-20 14:36:32,182 | INFO | ------------------------------
2026-01-20 14:36:32,182 | INFO | ------------------------------
2026-01-20 14:36:32,210 | INFO | File: Rhap-M0023.wav | WER=40.000000 | S=24 D=103 I=1
2026-01-20 14:36:32,210 | INFO | ------------------------------
2026-01-20 14:36:32,210 | INFO |  File duration: 44.344375 seconds
2026-01-20 14:36:37,487 | INFO | Number of chunks: 2
2026-01-20 14:36:42,155 | INFO | Chunk: 0 | WER=41.095890 | S=18 D=12 I=0
2026-01-20 14:36:42,156 | INFO | Chunk: 1 | WER=58.620690 | S=0 D=34 I=0
2026-01-20 14:36:42,156 | INFO | ------------------------------
2026-01-20 14:36:42,156 | INFO | ------------------------------
2026-01-20 14:36:42,162 | INFO | File: Rhap-M0024.wav | WER=48.854962 | S=18 D=46 I=0
2026-01-20 14:36:42,162 | INFO | ------------------------------
2026-01-20 14:36:42,163 | INFO |  File duration: 87.3476875 seconds
2026-01-20 14:36:48,802 | INFO | Number of chunks: 8
2026-01-20 14:37:00,267 | INFO | Chunk: 0 | WER=40.579710 | S=1 D=27 I=0
2026-01-20 14:37:00,268 | INFO | Chunk: 1 | WER=41.666667 | S=6 D=4 I=0
2026-01-20 14:37:00,270 | INFO | Chunk: 2 | WER=31.250000 | S=5 D=13 I=2
2026-01-20 14:37:00,271 | INFO | Chunk: 3 | WER=17.142857 | S=0 D=6 I=0
2026-01-20 14:37:00,271 | INFO | Chunk: 4 | WER=35.000000 | S=1 D=5 I=1
2026-01-20 14:37:00,272 | INFO | Chunk: 5 | WER=20.000000 | S=1 D=3 I=1
2026-01-20 14:37:00,275 | INFO | Chunk: 6 | WER=79.720280 | S=7 D=106 I=1
2026-01-20 14:37:00,275 | INFO | Chunk: 7 | WER=50.000000 | S=0 D=2 I=0
2026-01-20 14:37:00,275 | INFO | ------------------------------
2026-01-20 14:37:00,275 | INFO | ------------------------------
2026-01-20 14:37:00,308 | INFO | File: Rhap-M1001.wav | WER=49.479167 | S=21 D=165 I=4
2026-01-20 14:37:00,308 | INFO | ------------------------------
2026-01-20 14:37:00,309 | INFO |  File duration: 246.5095625 seconds
2026-01-20 14:37:27,467 | INFO | Number of chunks: 16
2026-01-20 14:38:01,518 | INFO | Chunk: 0 | WER=70.000000 | S=1 D=69 I=0
2026-01-20 14:38:01,520 | INFO | Chunk: 1 | WER=43.678161 | S=5 D=33 I=0
2026-01-20 14:38:01,522 | INFO | Chunk: 2 | WER=52.702703 | S=14 D=25 I=0
2026-01-20 14:38:01,523 | INFO | Chunk: 3 | WER=30.434783 | S=2 D=5 I=0
2026-01-20 14:38:01,524 | INFO | Chunk: 4 | WER=16.666667 | S=1 D=7 I=0
2026-01-20 14:38:01,525 | INFO | Chunk: 5 | WER=10.000000 | S=1 D=2 I=0
2026-01-20 14:38:01,525 | INFO | Chunk: 6 | WER=40.000000 | S=1 D=1 I=0
2026-01-20 14:38:01,527 | INFO | Chunk: 7 | WER=48.780488 | S=8 D=31 I=1
2026-01-20 14:38:01,528 | INFO | Chunk: 8 | WER=37.500000 | S=1 D=8 I=0
2026-01-20 14:38:01,529 | INFO | Chunk: 9 | WER=30.357143 | S=7 D=10 I=0
2026-01-20 14:38:01,530 | INFO | Chunk: 10 | WER=17.241379 | S=3 D=2 I=0
2026-01-20 14:38:01,533 | INFO | Chunk: 11 | WER=42.307692 | S=15 D=18 I=0
2026-01-20 14:38:01,534 | INFO | Chunk: 12 | WER=7.692308 | S=2 D=1 I=0
2026-01-20 14:38:01,535 | INFO | Chunk: 13 | WER=17.948718 | S=2 D=4 I=1
2026-01-20 14:38:01,536 | INFO | Chunk: 14 | WER=26.829268 | S=2 D=9 I=0
2026-01-20 14:38:01,537 | INFO | Chunk: 15 | WER=12.500000 | S=3 D=4 I=0
2026-01-20 14:38:01,537 | INFO | ------------------------------
2026-01-20 14:38:01,537 | INFO | ------------------------------
2026-01-20 14:38:01,730 | INFO | File: Rhap-M1003.wav | WER=36.868064 | S=68 D=229 I=2
2026-01-20 14:38:01,730 | INFO | ------------------------------
2026-01-20 14:38:01,731 | INFO |  File duration: 216.107375 seconds
2026-01-20 14:38:21,782 | INFO | Number of chunks: 51
2026-01-20 14:38:55,233 | INFO | Chunk: 0 | WER=33.333333 | S=1 D=0 I=0
2026-01-20 14:38:55,234 | INFO | Chunk: 1 | WER=0.000000 | S=0 D=0 I=0
2026-01-20 14:38:55,234 | INFO | Chunk: 2 | WER=33.333333 | S=2 D=2 I=0
2026-01-20 14:38:55,234 | INFO | Chunk: 3 | WER=0.000000 | S=0 D=0 I=0
2026-01-20 14:38:55,234 | INFO | Chunk: 4 | WER=12.500000 | S=1 D=0 I=0
2026-01-20 14:38:55,235 | INFO | Chunk: 5 | WER=0.000000 | S=0 D=0 I=0
2026-01-20 14:38:55,235 | INFO | Chunk: 6 | WER=5.882353 | S=0 D=1 I=0
2026-01-20 14:38:55,235 | INFO | Chunk: 7 | WER=0.000000 | S=0 D=0 I=0
2026-01-20 14:38:55,236 | INFO | Chunk: 8 | WER=0.000000 | S=0 D=0 I=0
2026-01-20 14:38:55,236 | INFO | Chunk: 9 | WER=14.285714 | S=1 D=0 I=0
2026-01-20 14:38:55,236 | INFO | Chunk: 10 | WER=16.666667 | S=1 D=0 I=0
2026-01-20 14:38:55,236 | INFO | Chunk: 11 | WER=0.000000 | S=0 D=0 I=0
2026-01-20 14:38:55,236 | INFO | Chunk: 12 | WER=0.000000 | S=0 D=0 I=0
2026-01-20 14:38:55,237 | INFO | Chunk: 13 | WER=0.000000 | S=0 D=0 I=0
2026-01-20 14:38:55,237 | INFO | Chunk: 14 | WER=4.166667 | S=1 D=0 I=0
2026-01-20 14:38:55,238 | INFO | Chunk: 15 | WER=0.000000 | S=0 D=0 I=0
2026-01-20 14:38:55,238 | INFO | Chunk: 16 | WER=0.000000 | S=0 D=0 I=0
2026-01-20 14:38:55,238 | INFO | Chunk: 17 | WER=0.000000 | S=0 D=0 I=0
2026-01-20 14:38:55,238 | INFO | Chunk: 18 | WER=5.882353 | S=1 D=0 I=0
2026-01-20 14:38:55,239 | INFO | Chunk: 19 | WER=14.285714 | S=1 D=0 I=0
2026-01-20 14:38:55,239 | INFO | Chunk: 20 | WER=100.000000 | S=1 D=1 I=0
2026-01-20 14:38:55,239 | INFO | Chunk: 21 | WER=0.000000 | S=0 D=0 I=0
2026-01-20 14:38:55,239 | INFO | Chunk: 22 | WER=0.000000 | S=0 D=0 I=0
2026-01-20 14:38:55,239 | INFO | Chunk: 23 | WER=7.692308 | S=1 D=0 I=0
2026-01-20 14:38:55,240 | INFO | Chunk: 24 | WER=0.000000 | S=0 D=0 I=0
2026-01-20 14:38:55,240 | INFO | Chunk: 25 | WER=5.263158 | S=1 D=0 I=0
2026-01-20 14:38:55,241 | INFO | Chunk: 26 | WER=0.000000 | S=0 D=0 I=0
2026-01-20 14:38:55,241 | INFO | Chunk: 27 | WER=0.000000 | S=0 D=0 I=0
2026-01-20 14:38:55,241 | INFO | Chunk: 28 | WER=0.000000 | S=0 D=0 I=0
2026-01-20 14:38:55,241 | INFO | Chunk: 29 | WER=0.000000 | S=0 D=0 I=0
2026-01-20 14:38:55,241 | INFO | Chunk: 30 | WER=0.000000 | S=0 D=0 I=0
2026-01-20 14:38:55,242 | INFO | Chunk: 31 | WER=0.000000 | S=0 D=0 I=0
2026-01-20 14:38:55,242 | INFO | Chunk: 32 | WER=0.000000 | S=0 D=0 I=0
2026-01-20 14:38:55,242 | INFO | Chunk: 33 | WER=12.500000 | S=1 D=0 I=0
2026-01-20 14:38:55,242 | INFO | Chunk: 34 | WER=0.000000 | S=0 D=0 I=0
2026-01-20 14:38:55,243 | INFO | Chunk: 35 | WER=0.000000 | S=0 D=0 I=0
2026-01-20 14:38:55,243 | INFO | Chunk: 36 | WER=0.000000 | S=0 D=0 I=0
2026-01-20 14:38:55,243 | INFO | Chunk: 37 | WER=4.000000 | S=0 D=1 I=0
2026-01-20 14:38:55,243 | INFO | Chunk: 38 | WER=0.000000 | S=0 D=0 I=0
2026-01-20 14:38:55,244 | INFO | Chunk: 39 | WER=0.000000 | S=0 D=0 I=0
2026-01-20 14:38:55,244 | INFO | Chunk: 40 | WER=0.000000 | S=0 D=0 I=0
2026-01-20 14:38:55,244 | INFO | Chunk: 41 | WER=0.000000 | S=0 D=0 I=0
2026-01-20 14:38:55,244 | INFO | Chunk: 42 | WER=0.000000 | S=0 D=0 I=0
2026-01-20 14:38:55,245 | INFO | Chunk: 43 | WER=0.000000 | S=0 D=0 I=0
2026-01-20 14:38:55,245 | INFO | Chunk: 44 | WER=0.000000 | S=0 D=0 I=0
2026-01-20 14:38:55,245 | INFO | Chunk: 45 | WER=9.090909 | S=1 D=0 I=0
2026-01-20 14:38:55,245 | INFO | Chunk: 46 | WER=0.000000 | S=0 D=0 I=0
2026-01-20 14:38:55,245 | INFO | Chunk: 47 | WER=0.000000 | S=0 D=0 I=0
2026-01-20 14:38:55,246 | INFO | Chunk: 48 | WER=6.666667 | S=1 D=0 I=0
2026-01-20 14:38:55,246 | INFO | Chunk: 49 | WER=6.666667 | S=1 D=0 I=0
2026-01-20 14:38:55,246 | INFO | Chunk: 50 | WER=12.500000 | S=1 D=0 I=0
2026-01-20 14:38:55,246 | INFO | ------------------------------
2026-01-20 14:38:55,246 | INFO | ------------------------------
2026-01-20 14:38:55,359 | INFO | File: Rhap-M2001.wav | WER=4.089219 | S=17 D=5 I=0
2026-01-20 14:38:55,359 | INFO | ------------------------------
2026-01-20 14:38:55,360 | INFO |  File duration: 385.5803125 seconds
2026-01-20 14:39:26,642 | INFO | Number of chunks: 16
2026-01-20 14:40:01,819 | INFO | Chunk: 0 | WER=10.256410 | S=0 D=4 I=0
2026-01-20 14:40:01,821 | INFO | Chunk: 1 | WER=68.932039 | S=1 D=70 I=0
2026-01-20 14:40:01,824 | INFO | Chunk: 2 | WER=50.537634 | S=3 D=44 I=0
2026-01-20 14:40:01,825 | INFO | Chunk: 3 | WER=67.948718 | S=1 D=51 I=1
2026-01-20 14:40:01,828 | INFO | Chunk: 4 | WER=62.376238 | S=6 D=57 I=0
2026-01-20 14:40:01,830 | INFO | Chunk: 5 | WER=47.945205 | S=1 D=34 I=0
2026-01-20 14:40:01,833 | INFO | Chunk: 6 | WER=58.035714 | S=4 D=61 I=0
2026-01-20 14:40:01,835 | INFO | Chunk: 7 | WER=43.373494 | S=3 D=33 I=0
2026-01-20 14:40:01,836 | INFO | Chunk: 8 | WER=80.281690 | S=2 D=55 I=0
2026-01-20 14:40:01,838 | INFO | Chunk: 9 | WER=42.105263 | S=19 D=13 I=0
2026-01-20 14:40:01,840 | INFO | Chunk: 10 | WER=32.075472 | S=1 D=16 I=0
2026-01-20 14:40:01,841 | INFO | Chunk: 11 | WER=73.469388 | S=1 D=71 I=0
2026-01-20 14:40:01,843 | INFO | Chunk: 12 | WER=61.904762 | S=6 D=46 I=0
2026-01-20 14:40:01,845 | INFO | Chunk: 13 | WER=67.415730 | S=7 D=53 I=0
2026-01-20 14:40:01,847 | INFO | Chunk: 14 | WER=50.793651 | S=11 D=15 I=6
2026-01-20 14:40:01,849 | INFO | Chunk: 15 | WER=63.440860 | S=1 D=58 I=0
2026-01-20 14:40:01,849 | INFO | ------------------------------
2026-01-20 14:40:01,849 | INFO | ------------------------------
2026-01-20 14:40:02,192 | INFO | File: Rhap-M2002.wav | WER=57.295646 | S=72 D=676 I=2
2026-01-20 14:40:02,192 | INFO | ------------------------------
2026-01-20 14:40:02,192 | INFO |  File duration: 293.795 seconds
2026-01-20 14:40:28,656 | INFO | Number of chunks: 36
2026-01-20 14:41:07,536 | INFO | Chunk: 0 | WER=6.250000 | S=1 D=0 I=1
2026-01-20 14:41:07,536 | INFO | Chunk: 1 | WER=7.692308 | S=1 D=0 I=0
2026-01-20 14:41:07,537 | INFO | Chunk: 2 | WER=0.000000 | S=0 D=0 I=0
2026-01-20 14:41:07,537 | INFO | Chunk: 3 | WER=0.000000 | S=0 D=0 I=0
2026-01-20 14:41:07,537 | INFO | Chunk: 4 | WER=0.000000 | S=0 D=0 I=0
2026-01-20 14:41:07,538 | INFO | Chunk: 5 | WER=3.846154 | S=1 D=0 I=0
2026-01-20 14:41:07,538 | INFO | Chunk: 6 | WER=8.333333 | S=1 D=0 I=0
2026-01-20 14:41:07,538 | INFO | Chunk: 7 | WER=0.000000 | S=0 D=0 I=0
2026-01-20 14:41:07,538 | INFO | Chunk: 8 | WER=0.000000 | S=0 D=0 I=0
2026-01-20 14:41:07,538 | INFO | Chunk: 9 | WER=0.000000 | S=0 D=0 I=0
2026-01-20 14:41:07,539 | INFO | Chunk: 10 | WER=0.000000 | S=0 D=0 I=0
2026-01-20 14:41:07,539 | INFO | Chunk: 11 | WER=0.000000 | S=0 D=0 I=0
2026-01-20 14:41:07,539 | INFO | Chunk: 12 | WER=0.000000 | S=0 D=0 I=0
2026-01-20 14:41:07,540 | INFO | Chunk: 13 | WER=0.000000 | S=0 D=0 I=0
2026-01-20 14:41:07,540 | INFO | Chunk: 14 | WER=0.000000 | S=0 D=0 I=0
2026-01-20 14:41:07,541 | INFO | Chunk: 15 | WER=0.000000 | S=0 D=0 I=0
2026-01-20 14:41:07,541 | INFO | Chunk: 16 | WER=0.000000 | S=0 D=0 I=0
2026-01-20 14:41:07,541 | INFO | Chunk: 17 | WER=0.000000 | S=0 D=0 I=0
2026-01-20 14:41:07,541 | INFO | Chunk: 18 | WER=33.333333 | S=1 D=0 I=0
2026-01-20 14:41:07,542 | INFO | Chunk: 19 | WER=0.000000 | S=0 D=0 I=0
2026-01-20 14:41:07,543 | INFO | Chunk: 20 | WER=0.000000 | S=0 D=0 I=0
2026-01-20 14:41:07,543 | INFO | Chunk: 21 | WER=20.000000 | S=1 D=0 I=0
2026-01-20 14:41:07,544 | INFO | Chunk: 22 | WER=0.000000 | S=0 D=0 I=0
2026-01-20 14:41:07,544 | INFO | Chunk: 23 | WER=0.000000 | S=0 D=0 I=0
2026-01-20 14:41:07,546 | INFO | Chunk: 24 | WER=7.547170 | S=4 D=0 I=0
2026-01-20 14:41:07,546 | INFO | Chunk: 25 | WER=0.000000 | S=0 D=0 I=0
2026-01-20 14:41:07,547 | INFO | Chunk: 26 | WER=0.000000 | S=0 D=0 I=0
2026-01-20 14:41:07,547 | INFO | Chunk: 27 | WER=10.000000 | S=0 D=0 I=1
2026-01-20 14:41:07,547 | INFO | Chunk: 28 | WER=0.000000 | S=0 D=0 I=0
2026-01-20 14:41:07,547 | INFO | Chunk: 29 | WER=0.000000 | S=0 D=0 I=0
2026-01-20 14:41:07,549 | INFO | Chunk: 30 | WER=6.250000 | S=2 D=0 I=1
2026-01-20 14:41:07,550 | INFO | Chunk: 31 | WER=31.818182 | S=6 D=15 I=0
2026-01-20 14:41:07,551 | INFO | Chunk: 32 | WER=0.000000 | S=0 D=0 I=0
2026-01-20 14:41:07,554 | INFO | Chunk: 33 | WER=20.895522 | S=8 D=0 I=6
2026-01-20 14:41:07,554 | INFO | Chunk: 34 | WER=0.000000 | S=0 D=0 I=0
2026-01-20 14:41:07,555 | INFO | Chunk: 35 | WER=12.500000 | S=4 D=0 I=0
2026-01-20 14:41:07,555 | INFO | ------------------------------
2026-01-20 14:41:07,555 | INFO | ------------------------------
2026-01-20 14:41:07,760 | INFO | File: Rhap-M2003.wav | WER=7.438017 | S=30 D=15 I=9
2026-01-20 14:41:07,760 | INFO | ------------------------------
2026-01-20 14:41:07,761 | INFO |  File duration: 627.7055625 seconds
2026-01-20 14:41:56,514 | INFO | Number of chunks: 141
2026-01-20 14:43:21,502 | INFO | Chunk: 0 | WER=33.333333 | S=1 D=0 I=0
2026-01-20 14:43:21,502 | INFO | Chunk: 1 | WER=0.000000 | S=0 D=0 I=0
2026-01-20 14:43:21,503 | INFO | Chunk: 2 | WER=9.523810 | S=0 D=0 I=2
2026-01-20 14:43:21,503 | INFO | Chunk: 3 | WER=0.000000 | S=0 D=0 I=0
2026-01-20 14:43:21,503 | INFO | Chunk: 4 | WER=0.000000 | S=0 D=0 I=0
2026-01-20 14:43:21,503 | INFO | Chunk: 5 | WER=27.272727 | S=3 D=0 I=0
2026-01-20 14:43:21,504 | INFO | Chunk: 6 | WER=0.000000 | S=0 D=0 I=0
2026-01-20 14:43:21,504 | INFO | Chunk: 7 | WER=0.000000 | S=0 D=0 I=0
2026-01-20 14:43:21,504 | INFO | Chunk: 8 | WER=0.000000 | S=0 D=0 I=0
2026-01-20 14:43:21,504 | INFO | Chunk: 9 | WER=0.000000 | S=0 D=0 I=0
2026-01-20 14:43:21,504 | INFO | Chunk: 10 | WER=50.000000 | S=1 D=0 I=0
2026-01-20 14:43:21,505 | INFO | Chunk: 11 | WER=7.407407 | S=1 D=0 I=1
2026-01-20 14:43:21,505 | INFO | Chunk: 12 | WER=100.000000 | S=3 D=1 I=0
2026-01-20 14:43:21,506 | INFO | Chunk: 13 | WER=0.000000 | S=0 D=0 I=0
2026-01-20 14:43:21,506 | INFO | Chunk: 14 | WER=28.571429 | S=0 D=0 I=2
2026-01-20 14:43:21,506 | INFO | Chunk: 15 | WER=4.545455 | S=0 D=0 I=1
2026-01-20 14:43:21,507 | INFO | Chunk: 16 | WER=16.666667 | S=1 D=0 I=1
2026-01-20 14:43:21,507 | INFO | Chunk: 17 | WER=12.500000 | S=1 D=0 I=0
2026-01-20 14:43:21,507 | INFO | Chunk: 18 | WER=0.000000 | S=0 D=0 I=0
2026-01-20 14:43:21,507 | INFO | Chunk: 19 | WER=12.500000 | S=0 D=0 I=2
2026-01-20 14:43:21,508 | INFO | Chunk: 20 | WER=0.000000 | S=0 D=0 I=0
2026-01-20 14:43:21,508 | INFO | Chunk: 21 | WER=16.666667 | S=0 D=0 I=1
2026-01-20 14:43:21,508 | INFO | Chunk: 22 | WER=33.333333 | S=0 D=0 I=2
2026-01-20 14:43:21,508 | INFO | Chunk: 23 | WER=7.692308 | S=0 D=1 I=0
2026-01-20 14:43:21,508 | INFO | Chunk: 24 | WER=0.000000 | S=0 D=0 I=0
2026-01-20 14:43:21,508 | INFO | Chunk: 25 | WER=0.000000 | S=0 D=0 I=0
2026-01-20 14:43:21,509 | INFO | Chunk: 26 | WER=0.000000 | S=0 D=0 I=0
2026-01-20 14:43:21,509 | INFO | Chunk: 27 | WER=33.333333 | S=1 D=0 I=0
2026-01-20 14:43:21,509 | INFO | Chunk: 28 | WER=0.000000 | S=0 D=0 I=0
2026-01-20 14:43:21,509 | INFO | Chunk: 29 | WER=7.692308 | S=0 D=0 I=1
2026-01-20 14:43:21,510 | INFO | Chunk: 30 | WER=0.000000 | S=0 D=0 I=0
2026-01-20 14:43:21,510 | INFO | Chunk: 31 | WER=33.333333 | S=0 D=0 I=1
2026-01-20 14:43:21,510 | INFO | Chunk: 32 | WER=0.000000 | S=0 D=0 I=0
2026-01-20 14:43:21,510 | INFO | Chunk: 33 | WER=20.000000 | S=2 D=0 I=1
2026-01-20 14:43:21,510 | INFO | Chunk: 34 | WER=0.000000 | S=0 D=0 I=0
2026-01-20 14:43:21,511 | INFO | Chunk: 35 | WER=0.000000 | S=1 D=0 I=0
2026-01-20 14:43:21,511 | INFO | Chunk: 36 | WER=0.000000 | S=0 D=0 I=0
2026-01-20 14:43:21,512 | INFO | Chunk: 37 | WER=8.000000 | S=1 D=0 I=1
2026-01-20 14:43:21,512 | INFO | Chunk: 38 | WER=0.000000 | S=0 D=0 I=0
2026-01-20 14:43:21,512 | INFO | Chunk: 39 | WER=0.000000 | S=0 D=0 I=0
2026-01-20 14:43:21,512 | INFO | Chunk: 40 | WER=0.000000 | S=0 D=0 I=0
2026-01-20 14:43:21,512 | INFO | Chunk: 41 | WER=50.000000 | S=0 D=0 I=3
2026-01-20 14:43:21,513 | INFO | Chunk: 42 | WER=7.692308 | S=2 D=0 I=0
2026-01-20 14:43:21,513 | INFO | Chunk: 43 | WER=28.571429 | S=0 D=0 I=2
2026-01-20 14:43:21,514 | INFO | Chunk: 44 | WER=0.000000 | S=0 D=0 I=0
2026-01-20 14:43:21,514 | INFO | Chunk: 45 | WER=11.111111 | S=1 D=0 I=0
2026-01-20 14:43:21,514 | INFO | Chunk: 46 | WER=0.000000 | S=0 D=0 I=0
2026-01-20 14:43:21,514 | INFO | Chunk: 47 | WER=300.000000 | S=1 D=0 I=2
2026-01-20 14:43:21,514 | INFO | Chunk: 48 | WER=0.000000 | S=0 D=0 I=0
2026-01-20 14:43:21,514 | INFO | Chunk: 49 | WER=0.000000 | S=0 D=0 I=0
2026-01-20 14:43:21,515 | INFO | Chunk: 50 | WER=100.000000 | S=0 D=2 I=1
2026-01-20 14:43:21,515 | INFO | Chunk: 51 | WER=50.000000 | S=0 D=1 I=1
2026-01-20 14:43:21,515 | INFO | Chunk: 52 | WER=0.000000 | S=0 D=0 I=0
2026-01-20 14:43:21,515 | INFO | Chunk: 53 | WER=5.882353 | S=1 D=0 I=0
2026-01-20 14:43:21,515 | INFO | Chunk: 54 | WER=0.000000 | S=0 D=0 I=0
2026-01-20 14:43:21,516 | INFO | Chunk: 55 | WER=33.333333 | S=1 D=0 I=1
2026-01-20 14:43:21,516 | INFO | Chunk: 56 | WER=0.000000 | S=0 D=0 I=0
2026-01-20 14:43:21,516 | INFO | Chunk: 57 | WER=11.111111 | S=0 D=0 I=1
2026-01-20 14:43:21,516 | INFO | Chunk: 58 | WER=60.000000 | S=2 D=0 I=1
2026-01-20 14:43:21,516 | INFO | Chunk: 59 | WER=50.000000 | S=1 D=0 I=0
2026-01-20 14:43:21,516 | INFO | Chunk: 60 | WER=66.666667 | S=0 D=0 I=2
2026-01-20 14:43:21,516 | INFO | Chunk: 61 | WER=28.571429 | S=2 D=0 I=0
2026-01-20 14:43:21,517 | INFO | Chunk: 62 | WER=100.000000 | S=0 D=0 I=2
2026-01-20 14:43:21,517 | INFO | Chunk: 63 | WER=8.333333 | S=1 D=0 I=0
2026-01-20 14:43:21,517 | INFO | Chunk: 64 | WER=23.076923 | S=3 D=0 I=0
2026-01-20 14:43:21,518 | INFO | Chunk: 65 | WER=5.555556 | S=1 D=0 I=0
2026-01-20 14:43:21,518 | INFO | Chunk: 66 | WER=14.285714 | S=0 D=0 I=1
2026-01-20 14:43:21,518 | INFO | Chunk: 67 | WER=0.000000 | S=0 D=0 I=0
2026-01-20 14:43:21,518 | INFO | Chunk: 68 | WER=0.000000 | S=1 D=0 I=1
2026-01-20 14:43:21,518 | INFO | Chunk: 69 | WER=0.000000 | S=0 D=0 I=0
2026-01-20 14:43:21,518 | INFO | Chunk: 70 | WER=0.000000 | S=0 D=0 I=0
2026-01-20 14:43:21,519 | INFO | Chunk: 71 | WER=12.500000 | S=0 D=0 I=1
2026-01-20 14:43:21,519 | INFO | Chunk: 72 | WER=25.000000 | S=0 D=0 I=2
2026-01-20 14:43:21,519 | INFO | Chunk: 73 | WER=0.000000 | S=0 D=0 I=0
2026-01-20 14:43:21,519 | INFO | Chunk: 74 | WER=25.000000 | S=0 D=0 I=1
2026-01-20 14:43:21,519 | INFO | Chunk: 75 | WER=25.000000 | S=0 D=1 I=0
2026-01-20 14:43:21,520 | INFO | Chunk: 76 | WER=23.809524 | S=4 D=0 I=1
2026-01-20 14:43:21,520 | INFO | Chunk: 77 | WER=0.000000 | S=0 D=0 I=0
2026-01-20 14:43:21,520 | INFO | Chunk: 78 | WER=60.000000 | S=2 D=0 I=1
2026-01-20 14:43:21,520 | INFO | Chunk: 79 | WER=0.000000 | S=0 D=0 I=0
2026-01-20 14:43:21,520 | INFO | Chunk: 80 | WER=25.000000 | S=0 D=0 I=1
2026-01-20 14:43:21,521 | INFO | Chunk: 81 | WER=25.000000 | S=0 D=0 I=2
2026-01-20 14:43:21,521 | INFO | Chunk: 82 | WER=0.000000 | S=0 D=0 I=0
2026-01-20 14:43:21,521 | INFO | Chunk: 83 | WER=0.000000 | S=0 D=0 I=0
2026-01-20 14:43:21,521 | INFO | Chunk: 84 | WER=40.000000 | S=2 D=0 I=0
2026-01-20 14:43:21,521 | INFO | Chunk: 85 | WER=18.181818 | S=1 D=0 I=1
2026-01-20 14:43:21,522 | INFO | Chunk: 86 | WER=0.000000 | S=0 D=0 I=0
2026-01-20 14:43:21,522 | INFO | Chunk: 87 | WER=0.000000 | S=0 D=0 I=0
2026-01-20 14:43:21,522 | INFO | Chunk: 88 | WER=0.000000 | S=0 D=0 I=0
2026-01-20 14:43:21,522 | INFO | Chunk: 89 | WER=0.000000 | S=0 D=0 I=0
2026-01-20 14:43:21,522 | INFO | Chunk: 90 | WER=0.000000 | S=0 D=0 I=0
2026-01-20 14:43:21,523 | INFO | Chunk: 91 | WER=7.692308 | S=0 D=0 I=1
2026-01-20 14:43:21,523 | INFO | Chunk: 92 | WER=20.000000 | S=0 D=0 I=2
2026-01-20 14:43:21,523 | INFO | Chunk: 93 | WER=16.666667 | S=0 D=0 I=1
2026-01-20 14:43:21,523 | INFO | Chunk: 94 | WER=37.500000 | S=0 D=0 I=3
2026-01-20 14:43:21,523 | INFO | Chunk: 95 | WER=0.000000 | S=0 D=0 I=0
2026-01-20 14:43:21,524 | INFO | Chunk: 96 | WER=20.000000 | S=0 D=0 I=1
2026-01-20 14:43:21,524 | INFO | Chunk: 97 | WER=0.000000 | S=0 D=0 I=0
2026-01-20 14:43:21,524 | INFO | Chunk: 98 | WER=0.000000 | S=0 D=0 I=0
2026-01-20 14:43:21,524 | INFO | Chunk: 99 | WER=25.000000 | S=1 D=0 I=1
2026-01-20 14:43:21,524 | INFO | Chunk: 100 | WER=28.571429 | S=1 D=1 I=0
2026-01-20 14:43:21,525 | INFO | Chunk: 101 | WER=21.428571 | S=1 D=0 I=2
2026-01-20 14:43:21,525 | INFO | Chunk: 102 | WER=0.000000 | S=0 D=0 I=0
2026-01-20 14:43:21,525 | INFO | Chunk: 103 | WER=20.000000 | S=0 D=0 I=1
2026-01-20 14:43:21,525 | INFO | Chunk: 104 | WER=0.000000 | S=0 D=0 I=0
2026-01-20 14:43:21,526 | INFO | Chunk: 105 | WER=5.882353 | S=0 D=0 I=1
2026-01-20 14:43:21,526 | INFO | Chunk: 106 | WER=0.000000 | S=0 D=0 I=0
2026-01-20 14:43:21,526 | INFO | Chunk: 107 | WER=0.000000 | S=0 D=0 I=0
2026-01-20 14:43:21,527 | INFO | Chunk: 108 | WER=50.000000 | S=1 D=0 I=1
2026-01-20 14:43:21,527 | INFO | Chunk: 109 | WER=0.000000 | S=0 D=0 I=0
2026-01-20 14:43:21,527 | INFO | Chunk: 110 | WER=0.000000 | S=0 D=0 I=0
2026-01-20 14:43:21,527 | INFO | Chunk: 111 | WER=11.111111 | S=1 D=0 I=0
2026-01-20 14:43:21,527 | INFO | Chunk: 112 | WER=250.000000 | S=2 D=0 I=3
2026-01-20 14:43:21,528 | INFO | Chunk: 113 | WER=5.263158 | S=1 D=0 I=0
2026-01-20 14:43:21,528 | INFO | Chunk: 114 | WER=0.000000 | S=0 D=0 I=0
2026-01-20 14:43:21,528 | INFO | Chunk: 115 | WER=33.333333 | S=1 D=0 I=0
2026-01-20 14:43:21,528 | INFO | Chunk: 116 | WER=100.000000 | S=1 D=0 I=1
2026-01-20 14:43:21,528 | INFO | Chunk: 117 | WER=7.692308 | S=0 D=0 I=1
2026-01-20 14:43:21,529 | INFO | Chunk: 118 | WER=50.000000 | S=0 D=0 I=1
2026-01-20 14:43:21,529 | INFO | Chunk: 119 | WER=0.000000 | S=0 D=0 I=0
2026-01-20 14:43:21,529 | INFO | Chunk: 120 | WER=12.500000 | S=2 D=0 I=0
2026-01-20 14:43:21,529 | INFO | Chunk: 121 | WER=15.384615 | S=1 D=0 I=1
2026-01-20 14:43:21,529 | INFO | Chunk: 122 | WER=66.666667 | S=2 D=0 I=0
2026-01-20 14:43:21,530 | INFO | Chunk: 123 | WER=0.000000 | S=0 D=0 I=0
2026-01-20 14:43:21,530 | INFO | Chunk: 124 | WER=11.111111 | S=1 D=0 I=1
2026-01-20 14:43:21,530 | INFO | Chunk: 125 | WER=16.666667 | S=0 D=0 I=1
2026-01-20 14:43:21,530 | INFO | Chunk: 126 | WER=0.000000 | S=0 D=0 I=0
2026-01-20 14:43:21,531 | INFO | Chunk: 127 | WER=18.181818 | S=0 D=0 I=2
2026-01-20 14:43:21,531 | INFO | Chunk: 128 | WER=0.000000 | S=0 D=0 I=0
2026-01-20 14:43:21,531 | INFO | Chunk: 129 | WER=25.000000 | S=1 D=0 I=0
2026-01-20 14:43:21,531 | INFO | Chunk: 130 | WER=0.000000 | S=0 D=0 I=0
2026-01-20 14:43:21,531 | INFO | Chunk: 131 | WER=11.111111 | S=0 D=0 I=1
2026-01-20 14:43:21,532 | INFO | Chunk: 132 | WER=0.000000 | S=0 D=0 I=0
2026-01-20 14:43:21,532 | INFO | Chunk: 133 | WER=0.000000 | S=0 D=0 I=0
2026-01-20 14:43:21,532 | INFO | Chunk: 134 | WER=0.000000 | S=0 D=0 I=0
2026-01-20 14:43:21,532 | INFO | Chunk: 135 | WER=66.666667 | S=0 D=0 I=2
2026-01-20 14:43:21,532 | INFO | Chunk: 136 | WER=0.000000 | S=0 D=0 I=0
2026-01-20 14:43:21,532 | INFO | Chunk: 137 | WER=12.500000 | S=0 D=0 I=1
2026-01-20 14:43:21,533 | INFO | Chunk: 138 | WER=28.571429 | S=0 D=1 I=1
2026-01-20 14:43:21,533 | INFO | Chunk: 139 | WER=9.090909 | S=1 D=0 I=0
2026-01-20 14:43:21,533 | INFO | Chunk: 140 | WER=30.000000 | S=1 D=0 I=2
2026-01-20 14:43:21,533 | INFO | ------------------------------
2026-01-20 14:43:21,533 | INFO | ------------------------------
2026-01-20 14:43:22,133 | INFO | File: Rhap-M2004.wav | WER=11.949153 | S=63 D=4 I=74
2026-01-20 14:43:22,133 | INFO | ------------------------------
2026-01-20 14:43:22,134 | INFO |  File duration: 111.4226875 seconds
2026-01-20 14:43:36,653 | INFO | Number of chunks: 3
2026-01-20 14:43:44,787 | INFO | Chunk: 0 | WER=80.198020 | S=14 D=147 I=1
2026-01-20 14:43:44,788 | INFO | Chunk: 1 | WER=44.230769 | S=1 D=22 I=0
2026-01-20 14:43:44,791 | INFO | Chunk: 2 | WER=47.368421 | S=6 D=39 I=0
2026-01-20 14:43:44,791 | INFO | ------------------------------
2026-01-20 14:43:44,791 | INFO | ------------------------------
2026-01-20 14:43:44,813 | INFO | File: Rhap-M2005.wav | WER=65.902579 | S=21 D=208 I=1
2026-01-20 14:43:44,813 | INFO | ------------------------------
2026-01-20 14:43:44,813 | WARNING | The file /vol/corpora/Rhapsodie/wav16k_corrected/Rhap-M2006.wav does not exist
2026-01-20 14:43:44,813 | INFO | ===================== GLOBAL WER ======================
2026-01-20 14:43:44,813 | INFO | The number of files is 54
2026-01-20 14:43:44,813 | INFO | WER: 45.73%
2026-01-20 14:43:44,813 | INFO | =============================================================
