2026-01-23 15:27:33,041 | INFO |  File duration: 290.2293125 seconds
2026-01-23 15:29:50,999 | INFO | File: Rhap-D0002.wav | WER=27.281846 | S=123 D=139 I=10
2026-01-23 15:29:51,000 | INFO | ------------------------------
2026-01-23 15:29:51,001 | INFO |  File duration: 284.962125 seconds
2026-01-23 15:32:12,783 | INFO | File: Rhap-D0003.wav | WER=36.240914 | S=174 D=165 I=10
2026-01-23 15:32:12,784 | INFO | ------------------------------
2026-01-23 15:32:12,784 | INFO |  File duration: 292.681125 seconds
2026-01-23 15:34:15,384 | INFO | File: Rhap-D0004.wav | WER=25.065048 | S=145 D=132 I=12
2026-01-23 15:34:15,385 | INFO | ------------------------------
2026-01-23 15:34:15,386 | INFO |  File duration: 239.4149375 seconds
2026-01-23 15:36:39,059 | INFO | File: Rhap-D0005.wav | WER=39.634801 | S=140 D=221 I=8
2026-01-23 15:36:39,060 | INFO | ------------------------------
2026-01-23 15:36:39,060 | INFO |  File duration: 366.684875 seconds
2026-01-23 15:39:57,418 | INFO | File: Rhap-D0006.wav | WER=39.984883 | S=178 D=342 I=9
2026-01-23 15:39:57,418 | INFO | ------------------------------
2026-01-23 15:39:57,419 | INFO |  File duration: 41.6643125 seconds
2026-01-23 15:40:29,373 | INFO | File: Rhap-D0007.wav | WER=59.722222 | S=42 D=44 I=0
2026-01-23 15:40:29,373 | INFO | ------------------------------
2026-01-23 15:40:29,373 | INFO |  File duration: 201.1795625 seconds
2026-01-23 15:41:59,902 | INFO | File: Rhap-D0008.wav | WER=29.545455 | S=102 D=85 I=8
2026-01-23 15:41:59,903 | INFO | ------------------------------
2026-01-23 15:41:59,903 | INFO |  File duration: 310.9541875 seconds
2026-01-23 15:45:39,330 | INFO | File: Rhap-D0009.wav | WER=47.822581 | S=293 D=284 I=16
2026-01-23 15:45:39,331 | INFO | ------------------------------
2026-01-23 15:45:39,333 | INFO |  File duration: 46.396625 seconds
2026-01-23 15:46:05,588 | INFO | File: Rhap-D0017.wav | WER=25.454545 | S=15 D=9 I=4
2026-01-23 15:46:05,588 | INFO | ------------------------------
2026-01-23 15:46:05,589 | INFO |  File duration: 34.764375 seconds
2026-01-23 15:46:20,840 | INFO | File: Rhap-D0020.wav | WER=25.000000 | S=17 D=6 I=3
2026-01-23 15:46:20,840 | INFO | ------------------------------
2026-01-23 15:46:20,841 | INFO |  File duration: 427.88475 seconds
2026-01-23 15:49:24,857 | INFO | File: Rhap-D1001.wav | WER=22.840119 | S=99 D=121 I=10
2026-01-23 15:49:24,857 | INFO | ------------------------------
2026-01-23 15:49:24,858 | INFO |  File duration: 154.0061875 seconds
2026-01-23 15:50:45,034 | INFO | File: Rhap-D1002.wav | WER=29.411765 | S=50 D=85 I=10
2026-01-23 15:50:45,034 | INFO | ------------------------------
2026-01-23 15:50:45,035 | INFO |  File duration: 531.6108125 seconds
2026-01-23 15:54:39,076 | INFO | File: Rhap-D2001.wav | WER=18.853695 | S=219 D=130 I=26
2026-01-23 15:54:39,077 | INFO | ------------------------------
2026-01-23 15:54:39,078 | INFO |  File duration: 277.5525 seconds
2026-01-23 15:57:28,364 | INFO | File: Rhap-D2002.wav | WER=33.881579 | S=163 D=130 I=16
2026-01-23 15:57:28,364 | INFO | ------------------------------
2026-01-23 15:57:28,365 | INFO |  File duration: 355.425 seconds
2026-01-23 16:01:13,058 | INFO | File: Rhap-D2003.wav | WER=34.511278 | S=280 D=132 I=47
2026-01-23 16:01:13,059 | INFO | ------------------------------
2026-01-23 16:01:13,059 | INFO |  File duration: 247.802875 seconds
2026-01-23 16:03:07,293 | INFO | File: Rhap-D2004.wav | WER=40.518962 | S=105 D=294 I=7
2026-01-23 16:03:07,293 | INFO | ------------------------------
2026-01-23 16:03:07,294 | INFO |  File duration: 305.725375 seconds
2026-01-23 16:05:08,284 | INFO | File: Rhap-D2005.wav | WER=14.057827 | S=76 D=55 I=10
2026-01-23 16:05:08,284 | INFO | ------------------------------
2026-01-23 16:05:08,285 | INFO |  File duration: 127.9681875 seconds
2026-01-23 16:05:59,430 | INFO | File: Rhap-D2006.wav | WER=15.966387 | S=25 D=10 I=3
2026-01-23 16:05:59,430 | INFO | ------------------------------
2026-01-23 16:05:59,431 | INFO |  File duration: 262.3071875 seconds
2026-01-23 16:08:49,611 | INFO | File: Rhap-D2007.wav | WER=40.240240 | S=200 D=191 I=11
2026-01-23 16:08:49,611 | INFO | ------------------------------
2026-01-23 16:08:49,612 | INFO |  File duration: 499.3943125 seconds
2026-01-23 16:12:00,366 | INFO | File: Rhap-D2008.wav | WER=16.945907 | S=173 D=151 I=30
2026-01-23 16:12:00,367 | INFO | ------------------------------
2026-01-23 16:12:00,367 | INFO |  File duration: 306.8026875 seconds
2026-01-23 16:13:54,415 | INFO | File: Rhap-D2009.wav | WER=14.299611 | S=83 D=50 I=14
2026-01-23 16:13:54,415 | INFO | ------------------------------
2026-01-23 16:13:54,416 | INFO |  File duration: 318.8233125 seconds
2026-01-23 16:17:05,160 | INFO | File: Rhap-D2010.wav | WER=31.608133 | S=187 D=148 I=7
2026-01-23 16:17:05,160 | INFO | ------------------------------
2026-01-23 16:17:05,161 | INFO |  File duration: 307.7885 seconds
2026-01-23 16:19:22,343 | INFO | File: Rhap-D2011.wav | WER=17.596154 | S=114 D=62 I=7
2026-01-23 16:19:22,343 | INFO | ------------------------------
2026-01-23 16:19:22,344 | INFO |  File duration: 293.6138125 seconds
2026-01-23 16:21:42,419 | INFO | File: Rhap-D2012.wav | WER=21.765296 | S=127 D=56 I=34
2026-01-23 16:21:42,420 | INFO | ------------------------------
2026-01-23 16:21:42,421 | INFO |  File duration: 182.155375 seconds
2026-01-23 16:22:23,910 | INFO | File: Rhap-D2013.wav | WER=5.468750 | S=29 D=3 I=3
2026-01-23 16:22:23,911 | INFO | ------------------------------
2026-01-23 16:22:23,911 | INFO |  File duration: 50.091875 seconds
2026-01-23 16:22:56,578 | INFO | File: Rhap-M0001.wav | WER=43.478261 | S=41 D=18 I=1
2026-01-23 16:22:56,579 | INFO | ------------------------------
2026-01-23 16:22:56,579 | INFO |  File duration: 64.085 seconds
2026-01-23 16:23:30,330 | INFO | File: Rhap-M0002.wav | WER=40.404040 | S=39 D=34 I=7
2026-01-23 16:23:30,330 | INFO | ------------------------------
2026-01-23 16:23:30,330 | INFO |  File duration: 98.2920625 seconds
2026-01-23 16:24:19,708 | INFO | File: Rhap-M0003.wav | WER=23.391813 | S=40 D=38 I=2
2026-01-23 16:24:19,709 | INFO | ------------------------------
2026-01-23 16:24:19,709 | INFO |  File duration: 13.6685625 seconds
2026-01-23 16:24:30,318 | INFO | File: Rhap-M0004.wav | WER=55.555556 | S=13 D=12 I=0
2026-01-23 16:24:30,318 | INFO | ------------------------------
2026-01-23 16:24:30,319 | INFO |  File duration: 41.7585625 seconds
2026-01-23 16:24:57,612 | INFO | File: Rhap-M0005.wav | WER=18.439716 | S=13 D=12 I=1
2026-01-23 16:24:57,612 | INFO | ------------------------------
2026-01-23 16:24:57,613 | INFO |  File duration: 26.3569375 seconds
2026-01-23 16:25:14,690 | INFO | File: Rhap-M0006.wav | WER=35.714286 | S=19 D=20 I=1
2026-01-23 16:25:14,690 | INFO | ------------------------------
2026-01-23 16:25:14,691 | INFO |  File duration: 50.2703125 seconds
2026-01-23 16:25:48,150 | INFO | File: Rhap-M0007.wav | WER=32.000000 | S=33 D=20 I=3
2026-01-23 16:25:48,150 | INFO | ------------------------------
2026-01-23 16:25:48,150 | INFO |  File duration: 17.0718125 seconds
2026-01-23 16:25:57,998 | INFO | File: Rhap-M0008.wav | WER=21.052632 | S=5 D=7 I=0
2026-01-23 16:25:57,999 | INFO | ------------------------------
2026-01-23 16:25:57,999 | INFO |  File duration: 62.5210625 seconds
2026-01-23 16:26:32,492 | INFO | File: Rhap-M0009.wav | WER=46.511628 | S=51 D=47 I=2
2026-01-23 16:26:32,492 | INFO | ------------------------------
2026-01-23 16:26:32,492 | INFO |  File duration: 16.6030625 seconds
2026-01-23 16:26:46,698 | INFO | File: Rhap-M0010.wav | WER=57.142857 | S=16 D=20 I=0
2026-01-23 16:26:46,699 | INFO | ------------------------------
2026-01-23 16:26:46,699 | INFO |  File duration: 48.8660625 seconds
2026-01-23 16:27:12,718 | INFO | File: Rhap-M0011.wav | WER=22.012579 | S=24 D=6 I=5
2026-01-23 16:27:12,719 | INFO | ------------------------------
2026-01-23 16:27:12,719 | INFO |  File duration: 17.016 seconds
2026-01-23 16:27:21,455 | INFO | File: Rhap-M0012.wav | WER=30.769231 | S=8 D=7 I=1
2026-01-23 16:27:21,455 | INFO | ------------------------------
2026-01-23 16:27:21,456 | INFO |  File duration: 51.89 seconds
2026-01-23 16:27:46,623 | INFO | File: Rhap-M0013.wav | WER=22.727273 | S=23 D=16 I=1
2026-01-23 16:27:46,624 | INFO | ------------------------------
2026-01-23 16:27:46,624 | INFO |  File duration: 26.679375 seconds
2026-01-23 16:27:58,932 | INFO | File: Rhap-M0014.wav | WER=32.941176 | S=15 D=11 I=2
2026-01-23 16:27:58,932 | INFO | ------------------------------
2026-01-23 16:27:58,932 | INFO |  File duration: 25.8175 seconds
2026-01-23 16:28:11,123 | INFO | File: Rhap-M0015.wav | WER=32.911392 | S=19 D=6 I=1
2026-01-23 16:28:11,123 | INFO | ------------------------------
2026-01-23 16:28:11,124 | INFO |  File duration: 82.8571875 seconds
2026-01-23 16:28:59,486 | INFO | File: Rhap-M0016.wav | WER=27.916667 | S=32 D=31 I=4
2026-01-23 16:28:59,486 | INFO | ------------------------------
2026-01-23 16:28:59,486 | INFO |  File duration: 87.3930625 seconds
2026-01-23 16:29:47,572 | INFO | File: Rhap-M0018.wav | WER=25.680934 | S=28 D=38 I=0
2026-01-23 16:29:47,572 | INFO | ------------------------------
2026-01-23 16:29:47,572 | INFO |  File duration: 56.603875 seconds
2026-01-23 16:30:17,404 | INFO | File: Rhap-M0019.wav | WER=29.255319 | S=13 D=38 I=4
2026-01-23 16:30:17,404 | INFO | ------------------------------
2026-01-23 16:30:17,404 | INFO |  File duration: 86.2515625 seconds
2026-01-23 16:30:52,591 | INFO | File: Rhap-M0021.wav | WER=30.337079 | S=38 D=14 I=2
2026-01-23 16:30:52,591 | INFO | ------------------------------
2026-01-23 16:30:52,591 | INFO |  File duration: 100.442875 seconds
2026-01-23 16:31:39,643 | INFO | File: Rhap-M0022.wav | WER=27.555556 | S=20 D=41 I=1
2026-01-23 16:31:39,644 | INFO | ------------------------------
2026-01-23 16:31:39,644 | INFO |  File duration: 87.821375 seconds
2026-01-23 16:32:30,682 | INFO | File: Rhap-M0023.wav | WER=43.750000 | S=56 D=81 I=3
2026-01-23 16:32:30,682 | INFO | ------------------------------
2026-01-23 16:32:30,682 | INFO |  File duration: 44.344375 seconds
2026-01-23 16:32:47,592 | INFO | File: Rhap-M0024.wav | WER=18.181818 | S=9 D=14 I=1
2026-01-23 16:32:47,592 | INFO | ------------------------------
2026-01-23 16:32:47,593 | INFO |  File duration: 87.3476875 seconds
2026-01-23 16:33:46,087 | INFO | File: Rhap-M1001.wav | WER=40.519481 | S=69 D=86 I=1
2026-01-23 16:33:46,087 | INFO | ------------------------------
2026-01-23 16:33:46,087 | INFO |  File duration: 246.5095625 seconds
2026-01-23 16:35:52,590 | INFO | File: Rhap-M1003.wav | WER=30.295567 | S=118 D=122 I=6
2026-01-23 16:35:52,590 | INFO | ------------------------------
2026-01-23 16:35:52,590 | INFO |  File duration: 216.107375 seconds
2026-01-23 16:36:47,997 | INFO | File: Rhap-M2001.wav | WER=6.133829 | S=26 D=5 I=2
2026-01-23 16:36:47,997 | INFO | ------------------------------
2026-01-23 16:36:47,998 | INFO |  File duration: 385.5803125 seconds
2026-01-23 16:39:18,999 | INFO | File: Rhap-M2002.wav | WER=19.862490 | S=128 D=123 I=9
2026-01-23 16:39:18,999 | INFO | ------------------------------
2026-01-23 16:39:19,000 | INFO |  File duration: 293.795 seconds
2026-01-23 16:40:38,257 | INFO | File: Rhap-M2003.wav | WER=4.676754 | S=28 D=4 I=2
2026-01-23 16:40:38,257 | INFO | ------------------------------
2026-01-23 16:40:38,258 | INFO |  File duration: 627.7055625 seconds
2026-01-23 16:43:47,063 | INFO | File: Rhap-M2004.wav | WER=4.330393 | S=44 D=7 I=3
2026-01-23 16:43:47,063 | INFO | ------------------------------
2026-01-23 16:43:47,064 | INFO |  File duration: 111.4226875 seconds
2026-01-23 16:44:22,105 | INFO | File: Rhap-M2005.wav | WER=14.613181 | S=32 D=8 I=11
2026-01-23 16:44:22,105 | INFO | ------------------------------
2026-01-23 16:44:22,105 | INFO | ===================== GLOBAL WER ======================
2026-01-23 16:44:22,105 | INFO | The number of files is 54
2026-01-23 16:44:22,105 | INFO | WER: 28.74%
2026-01-23 16:44:22,106 | INFO | =============================================================
