2026-01-23 16:10:25,856 | INFO |  File duration: 78.42133333333334 seconds
2026-01-23 16:11:15,831 | INFO | File: PHO-000024-01_L01.wav | WER=62.711864 | S=75 D=25 I=11
2026-01-23 16:11:15,832 | INFO | ------------------------------
2026-01-23 16:11:15,854 | INFO |  File duration: 217.77066666666667 seconds
2026-01-23 16:13:30,524 | INFO | File: PHO-000566-01_L01.wav | WER=94.350282 | S=159 D=6 I=2
2026-01-23 16:13:30,524 | INFO | ------------------------------
2026-01-23 16:13:30,549 | INFO |  File duration: 142.57052154195011 seconds
2026-01-23 16:15:01,705 | INFO | File: PHO-000814-01_L01.wav | WER=94.915254 | S=115 D=5 I=48
2026-01-23 16:15:01,705 | INFO | ------------------------------
2026-01-23 16:15:01,706 | INFO |  File duration: 97.96266666666666 seconds
2026-01-23 16:16:03,664 | INFO | File: PHO-001070-01_L01.wav | WER=97.101449 | S=88 D=4 I=42
2026-01-23 16:16:03,664 | INFO | ------------------------------
2026-01-23 16:16:03,665 | INFO |  File duration: 80.43392290249433 seconds
2026-01-23 16:16:48,952 | INFO | File: PHO-001329-01_L01.wav | WER=32.203390 | S=46 D=5 I=6
2026-01-23 16:16:48,952 | INFO | ------------------------------
2026-01-23 16:16:48,978 | INFO |  File duration: 93.78133333333334 seconds
2026-01-23 16:17:39,598 | INFO | File: PHO-001473-01_L01.wav | WER=52.941176 | S=44 D=3 I=16
2026-01-23 16:17:39,598 | INFO | ------------------------------
2026-01-23 16:17:39,598 | INFO |  File duration: 116.65066666666667 seconds
2026-01-23 16:18:45,591 | INFO | File: PHO-001499-01_L01.wav | WER=48.863636 | S=66 D=10 I=10
2026-01-23 16:18:45,591 | INFO | ------------------------------
2026-01-23 16:18:45,591 | INFO |  File duration: 165.20533333333333 seconds
2026-01-23 16:20:27,610 | INFO | File: PHO-001522-01_L01.wav | WER=109.248555 | S=124 D=1 I=64
2026-01-23 16:20:27,610 | INFO | ------------------------------
2026-01-23 16:20:27,637 | INFO |  File duration: 89.088 seconds
2026-01-23 16:21:28,859 | INFO | File: PHO-001594-01_L01.wav | WER=82.530120 | S=100 D=34 I=3
2026-01-23 16:21:28,860 | INFO | ------------------------------
2026-01-23 16:21:28,860 | INFO |  File duration: 85.35655328798185 seconds
2026-01-23 16:22:26,198 | INFO | File: PHO-001670-01_L01.wav | WER=64.406780 | S=88 D=21 I=5
2026-01-23 16:22:26,198 | INFO | ------------------------------
2026-01-23 16:22:26,225 | INFO |  File duration: 129.2887074829932 seconds
2026-01-23 16:24:00,184 | INFO | File: PHO-001836-01_L01.wav | WER=93.181818 | S=147 D=16 I=1
2026-01-23 16:24:00,184 | INFO | ------------------------------
2026-01-23 16:24:00,217 | INFO |  File duration: 67.15210884353742 seconds
2026-01-23 16:24:45,417 | INFO | File: PHO-307175-01_L01.wav | WER=62.000000 | S=60 D=10 I=23
2026-01-23 16:24:45,418 | INFO | ------------------------------
2026-01-23 16:24:45,418 | INFO | ===================== GLOBAL WER ======================
2026-01-23 16:24:45,418 | INFO | The number of files is 12
2026-01-23 16:24:45,418 | INFO | WER: 74.54%
2026-01-23 16:24:45,418 | INFO | =============================================================
