2026-01-23 16:24:48,000 | INFO |  File duration: 121.48680272108844 seconds
2026-01-23 16:26:12,092 | INFO | File: CCM-002710-01_L01.wav | WER=77.142857 | S=101 D=15 I=19
2026-01-23 16:26:12,092 | INFO | ------------------------------
2026-01-23 16:26:12,093 | INFO |  File duration: 127.0595918367347 seconds
2026-01-23 16:27:24,238 | INFO | File: CCM-003094-01_L01.wav | WER=50.285714 | S=62 D=6 I=20
2026-01-23 16:27:24,238 | INFO | ------------------------------
2026-01-23 16:27:24,239 | INFO |  File duration: 91.39374149659864 seconds
2026-01-23 16:28:17,894 | INFO | File: CCM-003110-01_L01.wav | WER=38.372093 | S=50 D=1 I=15
2026-01-23 16:28:17,894 | INFO | ------------------------------
2026-01-23 16:28:17,894 | INFO |  File duration: 122.32272108843537 seconds
2026-01-23 16:29:22,717 | INFO | File: CCM-003493-01_L01.wav | WER=34.269663 | S=32 D=3 I=26
2026-01-23 16:29:22,717 | INFO | ------------------------------
2026-01-23 16:29:22,718 | INFO |  File duration: 142.47764172335602 seconds
2026-01-23 16:30:45,872 | INFO | File: CCM-003998-01_L01.wav | WER=49.431818 | S=60 D=3 I=24
2026-01-23 16:30:45,873 | INFO | ------------------------------
2026-01-23 16:30:45,873 | INFO |  File duration: 94.87673469387755 seconds
2026-01-23 16:31:34,864 | INFO | File: CCM-004523-01_L01.wav | WER=31.578947 | S=35 D=7 I=12
2026-01-23 16:31:34,865 | INFO | ------------------------------
2026-01-23 16:31:34,865 | INFO |  File duration: 74.86113378684807 seconds
2026-01-23 16:32:24,125 | INFO | File: CCM-004538-01_L01.wav | WER=50.561798 | S=64 D=8 I=18
2026-01-23 16:32:24,125 | INFO | ------------------------------
2026-01-23 16:32:24,125 | INFO | ===================== GLOBAL WER ======================
2026-01-23 16:32:24,125 | INFO | The number of files is 7
2026-01-23 16:32:24,125 | INFO | WER: 47.38%
2026-01-23 16:32:24,126 | INFO | =============================================================
