2026-01-27 18:15:13,216 | INFO |  File duration: 116.70349206349206 seconds
2026-01-27 18:15:16,764 | INFO | Using rVAD model
2026-01-27 18:15:22,396 | INFO | Number of chunks: 13
2026-01-27 18:16:32,293 | INFO | Chunk: 1 | WER=14.285714 | S=6 D=0 I=0
2026-01-27 18:16:32,294 | INFO | Chunk: 2 | WER=5.555556 | S=2 D=0 I=0
2026-01-27 18:16:32,295 | INFO | Chunk: 3 | WER=18.750000 | S=2 D=1 I=0
2026-01-27 18:16:32,295 | INFO | Chunk: 4 | WER=6.896552 | S=1 D=0 I=1
2026-01-27 18:16:32,296 | INFO | Chunk: 5 | WER=10.344828 | S=2 D=0 I=1
2026-01-27 18:16:32,296 | INFO | Chunk: 6 | WER=0.000000 | S=0 D=0 I=0
2026-01-27 18:16:32,297 | INFO | Chunk: 7 | WER=0.000000 | S=0 D=0 I=0
2026-01-27 18:16:32,299 | INFO | Chunk: 8 | WER=10.000000 | S=0 D=0 I=1
2026-01-27 18:16:32,299 | INFO | Chunk: 9 | WER=14.285714 | S=1 D=0 I=0
2026-01-27 18:16:32,299 | INFO | Chunk: 10 | WER=0.000000 | S=0 D=0 I=0
2026-01-27 18:16:32,300 | INFO | Chunk: 11 | WER=4.545455 | S=1 D=0 I=0
2026-01-27 18:16:32,300 | INFO | Chunk: 12 | WER=13.636364 | S=2 D=1 I=0
2026-01-27 18:16:32,332 | INFO | File: MO_F_AV01_2016_04_08_ModuleDescription_description.wav | WER=8.979592 | S=17 D=2 I=3
2026-01-27 18:16:32,332 | INFO | ------------------------------
2026-01-27 18:16:32,333 | INFO |  File duration: 27.353106575963718 seconds
2026-01-27 18:16:33,076 | INFO | Using rVAD model
2026-01-27 18:16:34,246 | INFO | Number of chunks: 4
2026-01-27 18:17:00,115 | INFO | Chunk: 0 | WER=47.058824 | S=12 D=7 I=5
2026-01-27 18:17:00,116 | INFO | Chunk: 2 | WER=70.000000 | S=0 D=7 I=0
2026-01-27 18:17:00,119 | INFO | File: MO_F_AV06_2016_04_13_ModuleDescription_description.wav | WER=50.819672 | S=12 D=14 I=5
2026-01-27 18:17:00,119 | INFO | ------------------------------
2026-01-27 18:17:00,119 | INFO |  File duration: 90.53460317460318 seconds
2026-01-27 18:17:02,415 | INFO | Using rVAD model
2026-01-27 18:17:06,485 | INFO | Number of chunks: 7
2026-01-27 18:18:03,694 | INFO | Chunk: 0 | WER=0.000000 | S=0 D=0 I=0
2026-01-27 18:18:03,695 | INFO | Chunk: 1 | WER=23.076923 | S=2 D=1 I=0
2026-01-27 18:18:03,698 | INFO | Chunk: 2 | WER=18.181818 | S=7 D=6 I=1
2026-01-27 18:18:03,700 | INFO | Chunk: 3 | WER=26.785714 | S=10 D=4 I=1
2026-01-27 18:18:03,704 | INFO | Chunk: 4 | WER=23.529412 | S=12 D=10 I=2
2026-01-27 18:18:03,705 | INFO | Chunk: 5 | WER=9.090909 | S=1 D=0 I=0
2026-01-27 18:18:03,705 | INFO | Chunk: 6 | WER=100.000000 | S=1 D=0 I=0
2026-01-27 18:18:03,734 | INFO | File: MO_F_AV09_2016_04_15_ModuleDescription_description.wav | WER=21.969697 | S=32 D=22 I=4
2026-01-27 18:18:03,734 | INFO | ------------------------------
2026-01-27 18:18:03,735 | INFO |  File duration: 75.62739229024943 seconds
2026-01-27 18:18:05,713 | INFO | Using rVAD model
2026-01-27 18:18:09,114 | INFO | Number of chunks: 16
2026-01-27 18:19:12,757 | INFO | Chunk: 0 | WER=50.000000 | S=1 D=1 I=0
2026-01-27 18:19:12,757 | INFO | Chunk: 1 | WER=0.000000 | S=0 D=0 I=0
2026-01-27 18:19:12,757 | INFO | Chunk: 2 | WER=100.000000 | S=3 D=1 I=0
2026-01-27 18:19:12,758 | INFO | Chunk: 3 | WER=0.000000 | S=0 D=0 I=0
2026-01-27 18:19:12,758 | INFO | Chunk: 5 | WER=70.588235 | S=9 D=2 I=1
2026-01-27 18:19:12,758 | INFO | Chunk: 6 | WER=57.142857 | S=2 D=0 I=2
2026-01-27 18:19:12,758 | INFO | Chunk: 8 | WER=16.666667 | S=1 D=0 I=0
2026-01-27 18:19:12,759 | INFO | Chunk: 9 | WER=50.000000 | S=1 D=0 I=0
2026-01-27 18:19:12,759 | INFO | Chunk: 10 | WER=133.333333 | S=3 D=0 I=1
2026-01-27 18:19:12,759 | INFO | Chunk: 11 | WER=100.000000 | S=5 D=2 I=0
2026-01-27 18:19:12,759 | INFO | Chunk: 12 | WER=0.000000 | S=0 D=0 I=0
2026-01-27 18:19:12,759 | INFO | Chunk: 13 | WER=66.666667 | S=2 D=0 I=0
2026-01-27 18:19:12,759 | INFO | Chunk: 14 | WER=50.000000 | S=1 D=1 I=0
2026-01-27 18:19:12,764 | INFO | File: MO_F_AV14_2016_04_18_ModuleDescription_description.wav | WER=62.500000 | S=30 D=5 I=5
2026-01-27 18:19:12,764 | INFO | ------------------------------
2026-01-27 18:19:12,764 | INFO |  File duration: 58.28208616780045 seconds
2026-01-27 18:19:14,321 | INFO | Using rVAD model
2026-01-27 18:19:16,908 | INFO | Number of chunks: 9
2026-01-27 18:19:56,356 | INFO | Chunk: 0 | WER=12.500000 | S=0 D=1 I=0
2026-01-27 18:19:56,358 | INFO | Chunk: 1 | WER=6.451613 | S=1 D=1 I=0
2026-01-27 18:19:56,358 | INFO | Chunk: 2 | WER=16.666667 | S=1 D=0 I=0
2026-01-27 18:19:56,358 | INFO | Chunk: 3 | WER=0.000000 | S=0 D=0 I=0
2026-01-27 18:19:56,358 | INFO | Chunk: 4 | WER=66.666667 | S=2 D=2 I=0
2026-01-27 18:19:56,359 | INFO | Chunk: 6 | WER=26.666667 | S=4 D=0 I=0
2026-01-27 18:19:56,359 | INFO | Chunk: 7 | WER=100.000000 | S=5 D=5 I=0
2026-01-27 18:19:56,359 | INFO | Chunk: 8 | WER=12.500000 | S=1 D=0 I=0
2026-01-27 18:19:56,365 | INFO | File: MO_F_AV17_2016_04_18_ModuleDescription_description.wav | WER=23.958333 | S=14 D=9 I=0
2026-01-27 18:19:56,365 | INFO | ------------------------------
2026-01-27 18:19:56,366 | INFO |  File duration: 70.37968253968253 seconds
2026-01-27 18:19:58,230 | INFO | Using rVAD model
2026-01-27 18:20:01,372 | INFO | Number of chunks: 10
2026-01-27 18:20:50,349 | INFO | Chunk: 0 | WER=18.333333 | S=9 D=1 I=1
2026-01-27 18:20:50,349 | INFO | Chunk: 1 | WER=41.666667 | S=2 D=2 I=1
2026-01-27 18:20:50,350 | INFO | Chunk: 2 | WER=0.000000 | S=0 D=0 I=0
2026-01-27 18:20:50,350 | INFO | Chunk: 3 | WER=26.666667 | S=3 D=1 I=0
2026-01-27 18:20:50,350 | INFO | Chunk: 4 | WER=45.454545 | S=1 D=0 I=4
2026-01-27 18:20:50,350 | INFO | Chunk: 5 | WER=0.000000 | S=0 D=0 I=0
2026-01-27 18:20:50,351 | INFO | Chunk: 6 | WER=29.411765 | S=2 D=2 I=1
2026-01-27 18:20:50,351 | INFO | Chunk: 7 | WER=0.000000 | S=0 D=0 I=0
2026-01-27 18:20:50,351 | INFO | Chunk: 8 | WER=12.500000 | S=1 D=0 I=0
2026-01-27 18:20:50,362 | INFO | File: MO_F_AV21_2016_04_18_ModuleDescription_description.wav | WER=22.142857 | S=18 D=6 I=7
2026-01-27 18:20:50,363 | INFO | ------------------------------
2026-01-27 18:20:50,363 | INFO |  File duration: 94.57487528344672 seconds
2026-01-27 18:20:52,882 | INFO | Using rVAD model
2026-01-27 18:20:57,107 | INFO | Number of chunks: 21
2026-01-27 18:22:05,833 | INFO | Chunk: 0 | WER=0.000000 | S=0 D=0 I=0
2026-01-27 18:22:05,834 | INFO | Chunk: 1 | WER=27.272727 | S=2 D=1 I=0
2026-01-27 18:22:05,834 | INFO | Chunk: 2 | WER=50.000000 | S=1 D=1 I=0
2026-01-27 18:22:05,834 | INFO | Chunk: 3 | WER=46.666667 | S=2 D=5 I=0
2026-01-27 18:22:05,834 | INFO | Chunk: 4 | WER=55.555556 | S=2 D=3 I=0
2026-01-27 18:22:05,835 | INFO | Chunk: 5 | WER=33.333333 | S=3 D=1 I=0
2026-01-27 18:22:05,835 | INFO | Chunk: 6 | WER=25.000000 | S=1 D=0 I=1
2026-01-27 18:22:05,835 | INFO | Chunk: 7 | WER=16.666667 | S=1 D=0 I=0
2026-01-27 18:22:05,835 | INFO | Chunk: 8 | WER=0.000000 | S=0 D=0 I=0
2026-01-27 18:22:05,835 | INFO | Chunk: 9 | WER=0.000000 | S=0 D=0 I=0
2026-01-27 18:22:05,836 | INFO | Chunk: 10 | WER=50.000000 | S=1 D=0 I=0
2026-01-27 18:22:05,836 | INFO | Chunk: 11 | WER=33.333333 | S=3 D=0 I=2
2026-01-27 18:22:05,836 | INFO | Chunk: 13 | WER=50.000000 | S=2 D=0 I=0
2026-01-27 18:22:05,836 | INFO | Chunk: 14 | WER=16.666667 | S=1 D=1 I=0
2026-01-27 18:22:05,837 | INFO | Chunk: 15 | WER=31.250000 | S=3 D=2 I=0
2026-01-27 18:22:05,837 | INFO | Chunk: 16 | WER=0.000000 | S=0 D=0 I=0
2026-01-27 18:22:05,837 | INFO | Chunk: 17 | WER=42.857143 | S=1 D=0 I=2
2026-01-27 18:22:05,838 | INFO | Chunk: 18 | WER=11.111111 | S=0 D=0 I=1
2026-01-27 18:22:05,838 | INFO | Chunk: 19 | WER=100.000000 | S=1 D=0 I=0
2026-01-27 18:22:05,838 | INFO | Chunk: 20 | WER=100.000000 | S=1 D=0 I=0
2026-01-27 18:22:05,850 | INFO | File: MO_F_AV23_2016_04_19_ModuleDescription_description.wav | WER=28.481013 | S=23 D=16 I=6
2026-01-27 18:22:05,851 | INFO | ------------------------------
2026-01-27 18:22:05,851 | INFO |  File duration: 65.15519274376418 seconds
2026-01-27 18:22:07,530 | INFO | Using rVAD model
2026-01-27 18:22:10,339 | INFO | Number of chunks: 13
2026-01-27 18:22:56,126 | INFO | Chunk: 0 | WER=33.333333 | S=2 D=0 I=0
2026-01-27 18:22:56,126 | INFO | Chunk: 1 | WER=0.000000 | S=0 D=0 I=0
2026-01-27 18:22:56,126 | INFO | Chunk: 2 | WER=0.000000 | S=0 D=0 I=0
2026-01-27 18:22:56,126 | INFO | Chunk: 3 | WER=33.333333 | S=2 D=0 I=0
2026-01-27 18:22:56,127 | INFO | Chunk: 4 | WER=21.428571 | S=3 D=0 I=0
2026-01-27 18:22:56,127 | INFO | Chunk: 5 | WER=25.000000 | S=0 D=0 I=1
2026-01-27 18:22:56,127 | INFO | Chunk: 6 | WER=0.000000 | S=0 D=0 I=0
2026-01-27 18:22:56,128 | INFO | Chunk: 7 | WER=28.571429 | S=1 D=0 I=1
2026-01-27 18:22:56,128 | INFO | Chunk: 8 | WER=25.000000 | S=2 D=0 I=0
2026-01-27 18:22:56,128 | INFO | Chunk: 9 | WER=15.789474 | S=2 D=1 I=0
2026-01-27 18:22:56,128 | INFO | Chunk: 10 | WER=8.333333 | S=1 D=0 I=0
2026-01-27 18:22:56,129 | INFO | Chunk: 11 | WER=40.000000 | S=4 D=0 I=0
2026-01-27 18:22:56,129 | INFO | Chunk: 12 | WER=0.000000 | S=0 D=0 I=0
2026-01-27 18:22:56,138 | INFO | File: MO_F_AV25_2016_05_14_ModuleDescription_description.wav | WER=16.260163 | S=17 D=1 I=2
2026-01-27 18:22:56,138 | INFO | ------------------------------
2026-01-27 18:22:56,138 | INFO |  File duration: 75.67383219954648 seconds
2026-01-27 18:22:58,069 | INFO | Using rVAD model
2026-01-27 18:23:01,350 | INFO | Number of chunks: 14
2026-01-27 18:23:46,393 | INFO | Chunk: 0 | WER=7.142857 | S=1 D=0 I=0
2026-01-27 18:23:46,395 | INFO | Chunk: 1 | WER=3.921569 | S=1 D=0 I=1
2026-01-27 18:23:46,395 | INFO | Chunk: 2 | WER=0.000000 | S=0 D=0 I=0
2026-01-27 18:23:46,395 | INFO | Chunk: 3 | WER=150.000000 | S=2 D=0 I=1
2026-01-27 18:23:46,395 | INFO | Chunk: 4 | WER=0.000000 | S=0 D=0 I=0
2026-01-27 18:23:46,396 | INFO | Chunk: 5 | WER=10.714286 | S=2 D=1 I=0
2026-01-27 18:23:46,397 | INFO | Chunk: 6 | WER=22.727273 | S=3 D=2 I=0
2026-01-27 18:23:46,397 | INFO | Chunk: 7 | WER=0.000000 | S=0 D=0 I=0
2026-01-27 18:23:46,397 | INFO | Chunk: 8 | WER=6.250000 | S=1 D=0 I=0
2026-01-27 18:23:46,397 | INFO | Chunk: 11 | WER=100.000000 | S=1 D=0 I=0
2026-01-27 18:23:46,398 | INFO | Chunk: 12 | WER=16.666667 | S=1 D=0 I=1
2026-01-27 18:23:46,398 | INFO | Chunk: 13 | WER=0.000000 | S=0 D=0 I=0
2026-01-27 18:23:46,413 | INFO | File: MO_F_AV26_2016_05_14_ModuleDescription_description.wav | WER=10.650888 | S=11 D=4 I=3
2026-01-27 18:23:46,413 | INFO | ------------------------------
2026-01-27 18:23:46,413 | INFO |  File duration: 84.31165532879818 seconds
2026-01-27 18:23:48,574 | INFO | Using rVAD model
2026-01-27 18:23:52,324 | INFO | Number of chunks: 20
2026-01-27 18:24:55,009 | INFO | Chunk: 0 | WER=75.000000 | S=0 D=3 I=0
2026-01-27 18:24:55,010 | INFO | Chunk: 1 | WER=30.555556 | S=7 D=3 I=1
2026-01-27 18:24:55,011 | INFO | Chunk: 3 | WER=22.727273 | S=5 D=0 I=0
2026-01-27 18:24:55,011 | INFO | Chunk: 4 | WER=12.500000 | S=1 D=0 I=0
2026-01-27 18:24:55,011 | INFO | Chunk: 5 | WER=13.333333 | S=1 D=0 I=1
2026-01-27 18:24:55,012 | INFO | Chunk: 6 | WER=50.000000 | S=0 D=1 I=2
2026-01-27 18:24:55,012 | INFO | Chunk: 7 | WER=0.000000 | S=0 D=0 I=0
2026-01-27 18:24:55,012 | INFO | Chunk: 8 | WER=100.000000 | S=1 D=1 I=0
2026-01-27 18:24:55,012 | INFO | Chunk: 9 | WER=100.000000 | S=1 D=1 I=0
2026-01-27 18:24:55,012 | INFO | Chunk: 10 | WER=100.000000 | S=2 D=2 I=0
2026-01-27 18:24:55,012 | INFO | Chunk: 11 | WER=0.000000 | S=0 D=0 I=0
2026-01-27 18:24:55,012 | INFO | Chunk: 12 | WER=100.000000 | S=1 D=0 I=0
2026-01-27 18:24:55,012 | INFO | Chunk: 13 | WER=0.000000 | S=0 D=0 I=0
2026-01-27 18:24:55,013 | INFO | Chunk: 14 | WER=88.888889 | S=5 D=3 I=0
2026-01-27 18:24:55,013 | INFO | Chunk: 15 | WER=50.000000 | S=2 D=0 I=1
2026-01-27 18:24:55,013 | INFO | Chunk: 16 | WER=11.111111 | S=0 D=1 I=0
2026-01-27 18:24:55,014 | INFO | Chunk: 17 | WER=12.903226 | S=1 D=3 I=0
2026-01-27 18:24:55,014 | INFO | Chunk: 19 | WER=100.000000 | S=1 D=1 I=0
2026-01-27 18:24:55,028 | INFO | File: MO_F_AV27_2016_05_14_ModuleDescription_description.wav | WER=30.057803 | S=25 D=22 I=5
2026-01-27 18:24:55,028 | INFO | ------------------------------
2026-01-27 18:24:55,029 | INFO |  File duration: 299.5374149659864 seconds
2026-01-27 18:25:02,809 | INFO | Using rVAD model
2026-01-27 18:25:16,117 | INFO | Number of chunks: 13
2026-01-27 18:27:52,983 | INFO | Chunk: 0 | WER=22.641509 | S=9 D=2 I=1
2026-01-27 18:27:52,986 | INFO | Chunk: 1 | WER=19.480519 | S=7 D=4 I=4
2026-01-27 18:27:52,990 | INFO | Chunk: 2 | WER=16.091954 | S=11 D=3 I=0
2026-01-27 18:27:52,993 | INFO | Chunk: 3 | WER=22.222222 | S=8 D=7 I=1
2026-01-27 18:27:52,997 | INFO | Chunk: 4 | WER=16.304348 | S=9 D=3 I=3
2026-01-27 18:27:53,002 | INFO | Chunk: 5 | WER=20.388350 | S=15 D=5 I=1
2026-01-27 18:27:53,006 | INFO | Chunk: 6 | WER=23.750000 | S=12 D=2 I=5
2026-01-27 18:27:53,008 | INFO | Chunk: 7 | WER=25.000000 | S=8 D=6 I=2
2026-01-27 18:27:53,012 | INFO | Chunk: 8 | WER=29.411765 | S=11 D=10 I=4
2026-01-27 18:27:53,012 | INFO | Chunk: 9 | WER=33.333333 | S=0 D=0 I=3
2026-01-27 18:27:53,016 | INFO | Chunk: 10 | WER=20.930233 | S=8 D=3 I=7
2026-01-27 18:27:53,022 | INFO | Chunk: 11 | WER=22.314050 | S=14 D=11 I=2
2026-01-27 18:27:53,026 | INFO | Chunk: 12 | WER=20.652174 | S=10 D=9 I=0
2026-01-27 18:27:53,496 | INFO | File: MO_F_AV36_2016_06_07_ModuleDescription_description.wav | WER=21.449559 | S=123 D=64 I=32
2026-01-27 18:27:53,496 | INFO | ------------------------------
2026-01-27 18:27:53,496 | INFO |  File duration: 42.44607709750567 seconds
2026-01-27 18:27:54,554 | INFO | Using rVAD model
2026-01-27 18:27:56,309 | INFO | Number of chunks: 6
2026-01-27 18:28:19,622 | INFO | Chunk: 1 | WER=80.000000 | S=5 D=3 I=0
2026-01-27 18:28:19,623 | INFO | Chunk: 2 | WER=28.571429 | S=1 D=1 I=0
2026-01-27 18:28:19,623 | INFO | Chunk: 3 | WER=25.000000 | S=1 D=0 I=0
2026-01-27 18:28:19,623 | INFO | Chunk: 4 | WER=50.000000 | S=2 D=0 I=0
2026-01-27 18:28:19,623 | INFO | Chunk: 5 | WER=38.888889 | S=4 D=1 I=2
2026-01-27 18:28:19,626 | INFO | File: MO_F_ER02_2016_04_04_ModuleDescription_description.wav | WER=48.837209 | S=13 D=5 I=3
2026-01-27 18:28:19,626 | INFO | ------------------------------
2026-01-27 18:28:19,626 | INFO |  File duration: 30.30204081632653 seconds
2026-01-27 18:28:20,348 | INFO | Using rVAD model
2026-01-27 18:28:21,572 | INFO | Number of chunks: 6
2026-01-27 18:28:42,882 | INFO | Chunk: 0 | WER=66.666667 | S=2 D=0 I=0
2026-01-27 18:28:42,882 | INFO | Chunk: 1 | WER=33.333333 | S=1 D=0 I=0
2026-01-27 18:28:42,883 | INFO | Chunk: 2 | WER=60.000000 | S=2 D=1 I=0
2026-01-27 18:28:42,883 | INFO | Chunk: 3 | WER=28.571429 | S=2 D=2 I=0
2026-01-27 18:28:42,883 | INFO | Chunk: 4 | WER=75.000000 | S=2 D=1 I=0
2026-01-27 18:28:42,887 | INFO | File: MO_F_ER02_2016_06_08_ModuleDescription_description.wav | WER=44.827586 | S=10 D=3 I=0
2026-01-27 18:28:42,887 | INFO | ------------------------------
2026-01-27 18:28:42,887 | INFO |  File duration: 33.50639455782313 seconds
2026-01-27 18:28:43,689 | INFO | Using rVAD model
2026-01-27 18:28:45,090 | INFO | Number of chunks: 8
2026-01-27 18:29:09,487 | INFO | Chunk: 0 | WER=60.000000 | S=3 D=0 I=0
2026-01-27 18:29:09,488 | INFO | Chunk: 1 | WER=50.000000 | S=3 D=0 I=1
2026-01-27 18:29:09,488 | INFO | Chunk: 2 | WER=20.000000 | S=1 D=0 I=0
2026-01-27 18:29:09,488 | INFO | Chunk: 3 | WER=50.000000 | S=1 D=2 I=0
2026-01-27 18:29:09,488 | INFO | Chunk: 4 | WER=33.333333 | S=0 D=0 I=1
2026-01-27 18:29:09,488 | INFO | Chunk: 5 | WER=100.000000 | S=1 D=0 I=0
2026-01-27 18:29:09,488 | INFO | Chunk: 6 | WER=62.500000 | S=3 D=2 I=0
2026-01-27 18:29:09,489 | INFO | Chunk: 7 | WER=100.000000 | S=2 D=0 I=0
2026-01-27 18:29:09,491 | INFO | File: MO_F_ER06_2016_04_06_ModuleDescription_description.wav | WER=50.000000 | S=14 D=4 I=1
2026-01-27 18:29:09,491 | INFO | ------------------------------
2026-01-27 18:29:09,492 | INFO |  File duration: 92.13678004535147 seconds
2026-01-27 18:29:11,740 | INFO | Using rVAD model
2026-01-27 18:29:15,822 | INFO | Number of chunks: 17
2026-01-27 18:30:21,964 | INFO | Chunk: 0 | WER=25.000000 | S=2 D=0 I=0
2026-01-27 18:30:21,964 | INFO | Chunk: 1 | WER=0.000000 | S=0 D=0 I=0
2026-01-27 18:30:21,965 | INFO | Chunk: 2 | WER=0.000000 | S=0 D=0 I=0
2026-01-27 18:30:21,965 | INFO | Chunk: 3 | WER=11.111111 | S=1 D=0 I=0
2026-01-27 18:30:21,965 | INFO | Chunk: 4 | WER=60.000000 | S=6 D=0 I=0
2026-01-27 18:30:21,966 | INFO | Chunk: 5 | WER=18.750000 | S=2 D=0 I=1
2026-01-27 18:30:21,966 | INFO | Chunk: 6 | WER=20.000000 | S=2 D=0 I=0
2026-01-27 18:30:21,966 | INFO | Chunk: 7 | WER=200.000000 | S=1 D=0 I=1
2026-01-27 18:30:21,966 | INFO | Chunk: 8 | WER=33.333333 | S=5 D=0 I=1
2026-01-27 18:30:21,967 | INFO | Chunk: 9 | WER=25.000000 | S=0 D=0 I=1
2026-01-27 18:30:21,967 | INFO | Chunk: 10 | WER=50.000000 | S=5 D=0 I=1
2026-01-27 18:30:21,967 | INFO | Chunk: 11 | WER=26.666667 | S=3 D=0 I=1
2026-01-27 18:30:21,967 | INFO | Chunk: 12 | WER=33.333333 | S=2 D=1 I=0
2026-01-27 18:30:21,968 | INFO | Chunk: 13 | WER=30.000000 | S=1 D=0 I=2
2026-01-27 18:30:21,968 | INFO | Chunk: 14 | WER=70.000000 | S=5 D=1 I=1
2026-01-27 18:30:21,968 | INFO | Chunk: 15 | WER=23.809524 | S=5 D=0 I=0
2026-01-27 18:30:21,982 | INFO | File: MO_F_ER08_2016_04_07_ModuleDescription_description.wav | WER=32.075472 | S=40 D=2 I=9
2026-01-27 18:30:21,982 | INFO | ------------------------------
2026-01-27 18:30:21,983 | INFO |  File duration: 68.0344671201814 seconds
2026-01-27 18:30:23,620 | INFO | Using rVAD model
2026-01-27 18:30:26,547 | INFO | Number of chunks: 9
2026-01-27 18:31:13,809 | INFO | Chunk: 0 | WER=60.000000 | S=6 D=0 I=0
2026-01-27 18:31:13,809 | INFO | Chunk: 1 | WER=38.888889 | S=5 D=2 I=0
2026-01-27 18:31:13,810 | INFO | Chunk: 2 | WER=30.434783 | S=5 D=2 I=0
2026-01-27 18:31:13,811 | INFO | Chunk: 3 | WER=32.352941 | S=8 D=3 I=0
2026-01-27 18:31:13,811 | INFO | Chunk: 4 | WER=0.000000 | S=0 D=0 I=0
2026-01-27 18:31:13,812 | INFO | Chunk: 5 | WER=18.181818 | S=3 D=1 I=0
2026-01-27 18:31:13,812 | INFO | Chunk: 6 | WER=46.666667 | S=5 D=1 I=1
2026-01-27 18:31:13,812 | INFO | Chunk: 7 | WER=33.333333 | S=0 D=2 I=0
2026-01-27 18:31:13,812 | INFO | Chunk: 8 | WER=40.000000 | S=4 D=0 I=0
2026-01-27 18:31:13,823 | INFO | File: MO_F_ER08_2016_06_08_ModuleDescription_description.wav | WER=32.876712 | S=36 D=11 I=1
2026-01-27 18:31:13,823 | INFO | ------------------------------
2026-01-27 18:31:13,824 | INFO |  File duration: 88.53768707482993 seconds
2026-01-27 18:31:16,040 | INFO | Using rVAD model
2026-01-27 18:31:19,881 | INFO | Number of chunks: 7
2026-01-27 18:32:06,788 | INFO | Chunk: 0 | WER=22.950820 | S=8 D=4 I=2
2026-01-27 18:32:06,790 | INFO | Chunk: 1 | WER=21.951220 | S=6 D=1 I=2
2026-01-27 18:32:06,790 | INFO | Chunk: 2 | WER=16.666667 | S=3 D=0 I=1
2026-01-27 18:32:06,792 | INFO | Chunk: 3 | WER=20.000000 | S=6 D=1 I=2
2026-01-27 18:32:06,792 | INFO | Chunk: 4 | WER=0.000000 | S=0 D=0 I=0
2026-01-27 18:32:06,792 | INFO | Chunk: 5 | WER=0.000000 | S=0 D=0 I=0
2026-01-27 18:32:06,792 | INFO | Chunk: 6 | WER=100.000000 | S=3 D=0 I=0
2026-01-27 18:32:06,811 | INFO | File: MO_F_ER10_2016_04_07_ModuleDescription_description.wav | WER=19.897959 | S=26 D=6 I=7
2026-01-27 18:32:06,811 | INFO | ------------------------------
2026-01-27 18:32:06,811 | INFO |  File duration: 36.45532879818594 seconds
2026-01-27 18:32:07,687 | INFO | Using rVAD model
2026-01-27 18:32:09,222 | INFO | Number of chunks: 5
2026-01-27 18:32:31,315 | INFO | Chunk: 0 | WER=24.242424 | S=4 D=4 I=0
2026-01-27 18:32:31,315 | INFO | Chunk: 1 | WER=6.250000 | S=1 D=0 I=0
2026-01-27 18:32:31,315 | INFO | Chunk: 2 | WER=54.545455 | S=4 D=2 I=0
2026-01-27 18:32:31,316 | INFO | Chunk: 3 | WER=10.526316 | S=1 D=1 I=0
2026-01-27 18:32:31,320 | INFO | File: MO_F_ER16_2016_04_08_ModuleDescription_description.wav | WER=22.784810 | S=10 D=7 I=1
2026-01-27 18:32:31,321 | INFO | ------------------------------
2026-01-27 18:32:31,321 | INFO |  File duration: 165.51183673469387 seconds
2026-01-27 18:32:35,239 | INFO | Using rVAD model
2026-01-27 18:32:42,385 | INFO | Number of chunks: 20
2026-01-27 18:34:11,477 | INFO | Chunk: 0 | WER=0.000000 | S=0 D=0 I=0
2026-01-27 18:34:11,477 | INFO | Chunk: 1 | WER=0.000000 | S=0 D=0 I=0
2026-01-27 18:34:11,478 | INFO | Chunk: 2 | WER=11.111111 | S=2 D=1 I=0
2026-01-27 18:34:11,478 | INFO | Chunk: 3 | WER=22.222222 | S=1 D=0 I=1
2026-01-27 18:34:11,478 | INFO | Chunk: 4 | WER=0.000000 | S=0 D=0 I=0
2026-01-27 18:34:11,478 | INFO | Chunk: 5 | WER=33.333333 | S=1 D=0 I=0
2026-01-27 18:34:11,479 | INFO | Chunk: 7 | WER=13.043478 | S=1 D=1 I=1
2026-01-27 18:34:11,479 | INFO | Chunk: 8 | WER=8.333333 | S=0 D=0 I=1
2026-01-27 18:34:11,480 | INFO | Chunk: 9 | WER=5.555556 | S=1 D=0 I=0
2026-01-27 18:34:11,480 | INFO | Chunk: 10 | WER=6.250000 | S=0 D=1 I=0
2026-01-27 18:34:11,480 | INFO | Chunk: 11 | WER=8.333333 | S=0 D=0 I=1
2026-01-27 18:34:11,480 | INFO | Chunk: 12 | WER=0.000000 | S=0 D=0 I=0
2026-01-27 18:34:11,482 | INFO | Chunk: 13 | WER=0.000000 | S=0 D=0 I=0
2026-01-27 18:34:11,482 | INFO | Chunk: 14 | WER=0.000000 | S=0 D=0 I=0
2026-01-27 18:34:11,482 | INFO | Chunk: 15 | WER=12.500000 | S=2 D=0 I=0
2026-01-27 18:34:11,484 | INFO | Chunk: 16 | WER=22.916667 | S=8 D=2 I=1
2026-01-27 18:34:11,484 | INFO | Chunk: 17 | WER=9.090909 | S=2 D=0 I=0
2026-01-27 18:34:11,484 | INFO | Chunk: 18 | WER=0.000000 | S=0 D=0 I=0
2026-01-27 18:34:11,485 | INFO | Chunk: 19 | WER=75.000000 | S=3 D=0 I=0
2026-01-27 18:34:11,525 | INFO | File: MO_F_ER18_2016_04_08_ModuleDescription_description.wav | WER=10.596026 | S=21 D=5 I=6
2026-01-27 18:34:11,525 | INFO | ------------------------------
2026-01-27 18:34:11,525 | INFO |  File duration: 48.042086167800456 seconds
2026-01-27 18:34:12,735 | INFO | Using rVAD model
2026-01-27 18:34:14,777 | INFO | Number of chunks: 13
2026-01-27 18:34:56,654 | INFO | Chunk: 0 | WER=63.636364 | S=6 D=0 I=1
2026-01-27 18:34:56,655 | INFO | Chunk: 1 | WER=25.000000 | S=1 D=1 I=0
2026-01-27 18:34:56,655 | INFO | Chunk: 2 | WER=100.000000 | S=4 D=2 I=0
2026-01-27 18:34:56,655 | INFO | Chunk: 3 | WER=0.000000 | S=0 D=0 I=0
2026-01-27 18:34:56,656 | INFO | Chunk: 4 | WER=0.000000 | S=0 D=0 I=0
2026-01-27 18:34:56,656 | INFO | Chunk: 5 | WER=14.285714 | S=1 D=0 I=0
2026-01-27 18:34:56,656 | INFO | Chunk: 6 | WER=0.000000 | S=0 D=0 I=0
2026-01-27 18:34:56,657 | INFO | Chunk: 7 | WER=0.000000 | S=0 D=0 I=0
2026-01-27 18:34:56,657 | INFO | Chunk: 8 | WER=22.222222 | S=1 D=0 I=1
2026-01-27 18:34:56,657 | INFO | Chunk: 9 | WER=50.000000 | S=1 D=0 I=0
2026-01-27 18:34:56,658 | INFO | Chunk: 10 | WER=40.000000 | S=3 D=0 I=1
2026-01-27 18:34:56,658 | INFO | Chunk: 11 | WER=100.000000 | S=2 D=0 I=0
2026-01-27 18:34:56,667 | INFO | File: MO_F_ER19_2016_04_10_ModuleDescription_description.wav | WER=33.783784 | S=19 D=3 I=3
2026-01-27 18:34:56,667 | INFO | ------------------------------
2026-01-27 18:34:56,668 | INFO |  File duration: 37.70920634920635 seconds
2026-01-27 18:34:57,659 | INFO | Using rVAD model
2026-01-27 18:34:59,230 | INFO | Number of chunks: 2
2026-01-27 18:35:22,909 | INFO | Chunk: 0 | WER=31.775701 | S=18 D=12 I=4
2026-01-27 18:35:22,910 | INFO | Chunk: 1 | WER=37.500000 | S=3 D=2 I=1
2026-01-27 18:35:22,918 | INFO | File: MO_F_ER22_2016_04_12_ModuleDescription_description.wav | WER=32.520325 | S=21 D=14 I=5
2026-01-27 18:35:22,918 | INFO | ------------------------------
2026-01-27 18:35:22,918 | INFO |  File duration: 66.26975056689342 seconds
2026-01-27 18:35:24,623 | INFO | Using rVAD model
2026-01-27 18:35:27,440 | INFO | Number of chunks: 11
2026-01-27 18:36:17,969 | INFO | Chunk: 1 | WER=28.571429 | S=4 D=2 I=0
2026-01-27 18:36:17,970 | INFO | Chunk: 2 | WER=43.478261 | S=7 D=3 I=0
2026-01-27 18:36:17,971 | INFO | Chunk: 3 | WER=22.727273 | S=5 D=5 I=0
2026-01-27 18:36:17,971 | INFO | Chunk: 4 | WER=33.333333 | S=0 D=0 I=2
2026-01-27 18:36:17,971 | INFO | Chunk: 5 | WER=28.571429 | S=0 D=3 I=1
2026-01-27 18:36:17,972 | INFO | Chunk: 6 | WER=33.333333 | S=3 D=1 I=0
2026-01-27 18:36:17,972 | INFO | Chunk: 7 | WER=50.000000 | S=3 D=1 I=0
2026-01-27 18:36:17,972 | INFO | Chunk: 8 | WER=42.857143 | S=1 D=2 I=0
2026-01-27 18:36:17,972 | INFO | Chunk: 9 | WER=0.000000 | S=0 D=0 I=0
2026-01-27 18:36:17,972 | INFO | Chunk: 10 | WER=25.000000 | S=1 D=0 I=0
2026-01-27 18:36:17,983 | INFO | File: MO_F_ER26_2016_04_18_ModuleDescription_description.wav | WER=30.555556 | S=24 D=17 I=3
2026-01-27 18:36:17,983 | INFO | ------------------------------
2026-01-27 18:36:17,983 | INFO |  File duration: 82.38439909297053 seconds
2026-01-27 18:36:20,029 | INFO | Using rVAD model
2026-01-27 18:36:23,604 | INFO | Number of chunks: 14
2026-01-27 18:37:14,155 | INFO | Chunk: 0 | WER=0.000000 | S=0 D=0 I=0
2026-01-27 18:37:14,155 | INFO | Chunk: 1 | WER=0.000000 | S=0 D=0 I=0
2026-01-27 18:37:14,156 | INFO | Chunk: 2 | WER=0.000000 | S=0 D=0 I=0
2026-01-27 18:37:14,156 | INFO | Chunk: 3 | WER=0.000000 | S=0 D=0 I=0
2026-01-27 18:37:14,156 | INFO | Chunk: 4 | WER=18.181818 | S=1 D=1 I=0
2026-01-27 18:37:14,156 | INFO | Chunk: 5 | WER=0.000000 | S=0 D=0 I=0
2026-01-27 18:37:14,157 | INFO | Chunk: 6 | WER=7.142857 | S=1 D=0 I=0
2026-01-27 18:37:14,157 | INFO | Chunk: 7 | WER=16.666667 | S=0 D=1 I=0
2026-01-27 18:37:14,157 | INFO | Chunk: 8 | WER=0.000000 | S=0 D=0 I=0
2026-01-27 18:37:14,157 | INFO | Chunk: 9 | WER=7.692308 | S=1 D=0 I=0
2026-01-27 18:37:14,158 | INFO | Chunk: 10 | WER=50.000000 | S=1 D=1 I=1
2026-01-27 18:37:14,158 | INFO | Chunk: 11 | WER=41.666667 | S=4 D=0 I=1
2026-01-27 18:37:14,158 | INFO | Chunk: 12 | WER=25.000000 | S=0 D=0 I=1
2026-01-27 18:37:14,158 | INFO | Chunk: 13 | WER=5.555556 | S=1 D=0 I=0
2026-01-27 18:37:14,168 | INFO | File: MO_F_SD08_2016_04_22_ModuleDescription_description.wav | WER=11.811024 | S=9 D=3 I=3
2026-01-27 18:37:14,168 | INFO | ------------------------------
2026-01-27 18:37:14,168 | INFO |  File duration: 251.1238095238095 seconds
2026-01-27 18:37:20,465 | INFO | Using rVAD model
2026-01-27 18:37:31,491 | INFO | Number of chunks: 33
2026-01-27 18:40:23,705 | INFO | Chunk: 0 | WER=33.333333 | S=2 D=0 I=1
2026-01-27 18:40:23,706 | INFO | Chunk: 1 | WER=54.545455 | S=4 D=1 I=1
2026-01-27 18:40:23,706 | INFO | Chunk: 2 | WER=33.333333 | S=0 D=0 I=1
2026-01-27 18:40:23,706 | INFO | Chunk: 3 | WER=25.000000 | S=1 D=0 I=0
2026-01-27 18:40:23,706 | INFO | Chunk: 4 | WER=12.500000 | S=1 D=0 I=0
2026-01-27 18:40:23,707 | INFO | Chunk: 5 | WER=48.148148 | S=10 D=3 I=0
2026-01-27 18:40:23,707 | INFO | Chunk: 6 | WER=37.500000 | S=3 D=2 I=1
2026-01-27 18:40:23,708 | INFO | Chunk: 7 | WER=3.846154 | S=0 D=0 I=1
2026-01-27 18:40:23,708 | INFO | Chunk: 8 | WER=0.000000 | S=0 D=0 I=0
2026-01-27 18:40:23,708 | INFO | Chunk: 9 | WER=0.000000 | S=0 D=0 I=0
2026-01-27 18:40:23,708 | INFO | Chunk: 10 | WER=16.666667 | S=1 D=0 I=0
2026-01-27 18:40:23,709 | INFO | Chunk: 11 | WER=8.695652 | S=1 D=1 I=0
2026-01-27 18:40:23,710 | INFO | Chunk: 12 | WER=26.666667 | S=5 D=0 I=3
2026-01-27 18:40:23,711 | INFO | Chunk: 13 | WER=13.333333 | S=3 D=3 I=0
2026-01-27 18:40:23,711 | INFO | Chunk: 14 | WER=71.428571 | S=4 D=0 I=1
2026-01-27 18:40:23,711 | INFO | Chunk: 15 | WER=23.076923 | S=3 D=0 I=0
2026-01-27 18:40:23,713 | INFO | Chunk: 16 | WER=21.739130 | S=5 D=3 I=2
2026-01-27 18:40:23,713 | INFO | Chunk: 17 | WER=22.222222 | S=1 D=1 I=0
2026-01-27 18:40:23,714 | INFO | Chunk: 18 | WER=23.529412 | S=5 D=2 I=1
2026-01-27 18:40:23,714 | INFO | Chunk: 19 | WER=32.000000 | S=5 D=1 I=2
2026-01-27 18:40:23,715 | INFO | Chunk: 20 | WER=30.000000 | S=3 D=2 I=1
2026-01-27 18:40:23,715 | INFO | Chunk: 21 | WER=0.000000 | S=0 D=0 I=0
2026-01-27 18:40:23,715 | INFO | Chunk: 22 | WER=25.000000 | S=1 D=0 I=0
2026-01-27 18:40:23,715 | INFO | Chunk: 23 | WER=29.411765 | S=3 D=2 I=0
2026-01-27 18:40:23,717 | INFO | Chunk: 24 | WER=29.268293 | S=8 D=4 I=0
2026-01-27 18:40:23,717 | INFO | Chunk: 25 | WER=50.000000 | S=3 D=1 I=1
2026-01-27 18:40:23,717 | INFO | Chunk: 26 | WER=15.384615 | S=2 D=1 I=1
2026-01-27 18:40:23,719 | INFO | Chunk: 27 | WER=29.545455 | S=11 D=1 I=1
2026-01-27 18:40:23,719 | INFO | Chunk: 28 | WER=17.647059 | S=0 D=2 I=1
2026-01-27 18:40:23,719 | INFO | Chunk: 29 | WER=75.000000 | S=3 D=0 I=0
2026-01-27 18:40:23,720 | INFO | Chunk: 30 | WER=50.000000 | S=4 D=2 I=2
2026-01-27 18:40:23,720 | INFO | Chunk: 31 | WER=25.000000 | S=1 D=0 I=1
2026-01-27 18:40:23,720 | INFO | Chunk: 32 | WER=100.000000 | S=1 D=0 I=1
2026-01-27 18:40:23,860 | INFO | File: MO_F_SD12_2016_04_25_ModuleDescription_description.wav | WER=26.194690 | S=95 D=31 I=22
2026-01-27 18:40:23,860 | INFO | ------------------------------
2026-01-27 18:40:23,860 | INFO |  File duration: 73.53759637188209 seconds
2026-01-27 18:40:25,742 | INFO | Using rVAD model
2026-01-27 18:40:28,888 | INFO | Number of chunks: 9
2026-01-27 18:41:08,032 | INFO | Chunk: 0 | WER=0.000000 | S=0 D=0 I=0
2026-01-27 18:41:08,032 | INFO | Chunk: 1 | WER=12.500000 | S=2 D=0 I=0
2026-01-27 18:41:08,033 | INFO | Chunk: 2 | WER=5.882353 | S=1 D=0 I=0
2026-01-27 18:41:08,035 | INFO | Chunk: 3 | WER=7.017544 | S=2 D=1 I=1
2026-01-27 18:41:08,036 | INFO | Chunk: 4 | WER=14.285714 | S=3 D=0 I=1
2026-01-27 18:41:08,036 | INFO | Chunk: 5 | WER=13.333333 | S=1 D=1 I=0
2026-01-27 18:41:08,036 | INFO | Chunk: 6 | WER=12.500000 | S=2 D=0 I=0
2026-01-27 18:41:08,037 | INFO | Chunk: 7 | WER=0.000000 | S=0 D=0 I=0
2026-01-27 18:41:08,051 | INFO | File: MO_F_SD18_2016_05_02_ModuleDescription_description.wav | WER=9.036145 | S=11 D=2 I=2
2026-01-27 18:41:08,051 | INFO | ------------------------------
2026-01-27 18:41:08,051 | INFO |  File duration: 33.274195011337866 seconds
2026-01-27 18:41:08,913 | INFO | Using rVAD model
2026-01-27 18:41:10,293 | INFO | Number of chunks: 4
2026-01-27 18:41:29,017 | INFO | Chunk: 0 | WER=15.151515 | S=4 D=1 I=0
2026-01-27 18:41:29,018 | INFO | Chunk: 1 | WER=13.793103 | S=3 D=0 I=1
2026-01-27 18:41:29,018 | INFO | Chunk: 2 | WER=39.130435 | S=4 D=3 I=2
2026-01-27 18:41:29,019 | INFO | Chunk: 3 | WER=0.000000 | S=0 D=0 I=0
2026-01-27 18:41:29,024 | INFO | File: MO_F_SD19_2016_05_02_ModuleDescription_description.wav | WER=20.930233 | S=11 D=4 I=3
2026-01-27 18:41:29,024 | INFO | ------------------------------
2026-01-27 18:41:29,024 | INFO |  File duration: 52.964716553287985 seconds
2026-01-27 18:41:30,302 | INFO | Using rVAD model
2026-01-27 18:41:32,526 | INFO | Number of chunks: 13
2026-01-27 18:42:12,697 | INFO | Chunk: 0 | WER=0.000000 | S=0 D=0 I=0
2026-01-27 18:42:12,697 | INFO | Chunk: 1 | WER=33.333333 | S=2 D=0 I=0
2026-01-27 18:42:12,697 | INFO | Chunk: 2 | WER=0.000000 | S=0 D=0 I=0
2026-01-27 18:42:12,697 | INFO | Chunk: 3 | WER=28.571429 | S=2 D=0 I=0
2026-01-27 18:42:12,698 | INFO | Chunk: 4 | WER=0.000000 | S=0 D=0 I=0
2026-01-27 18:42:12,698 | INFO | Chunk: 5 | WER=25.000000 | S=0 D=0 I=1
2026-01-27 18:42:12,698 | INFO | Chunk: 6 | WER=28.571429 | S=2 D=0 I=0
2026-01-27 18:42:12,698 | INFO | Chunk: 7 | WER=50.000000 | S=1 D=0 I=0
2026-01-27 18:42:12,698 | INFO | Chunk: 8 | WER=14.285714 | S=1 D=0 I=0
2026-01-27 18:42:12,698 | INFO | Chunk: 9 | WER=0.000000 | S=0 D=0 I=0
2026-01-27 18:42:12,699 | INFO | Chunk: 10 | WER=55.555556 | S=3 D=2 I=0
2026-01-27 18:42:12,699 | INFO | Chunk: 11 | WER=25.000000 | S=1 D=0 I=0
2026-01-27 18:42:12,699 | INFO | Chunk: 12 | WER=53.846154 | S=6 D=0 I=1
2026-01-27 18:42:12,704 | INFO | File: MO_F_SD22_2016_05_03_ModuleDescription_description.wav | WER=26.506024 | S=18 D=2 I=2
2026-01-27 18:42:12,704 | INFO | ------------------------------
2026-01-27 18:42:12,705 | INFO |  File duration: 73.74657596371883 seconds
2026-01-27 18:42:14,565 | INFO | Using rVAD model
2026-01-27 18:42:17,691 | INFO | Number of chunks: 6
2026-01-27 18:42:54,864 | INFO | Chunk: 0 | WER=16.129032 | S=3 D=1 I=1
2026-01-27 18:42:54,867 | INFO | Chunk: 1 | WER=24.193548 | S=7 D=2 I=6
2026-01-27 18:42:54,867 | INFO | Chunk: 2 | WER=13.333333 | S=2 D=0 I=0
2026-01-27 18:42:54,869 | INFO | Chunk: 3 | WER=8.771930 | S=1 D=1 I=3
2026-01-27 18:42:54,870 | INFO | Chunk: 4 | WER=21.052632 | S=3 D=0 I=1
2026-01-27 18:42:54,870 | INFO | Chunk: 5 | WER=0.000000 | S=0 D=0 I=0
2026-01-27 18:42:54,887 | INFO | File: MO_F_SD24_2016_05_03_ModuleDescription_description.wav | WER=16.666667 | S=16 D=4 I=11
2026-01-27 18:42:54,887 | INFO | ------------------------------
2026-01-27 18:42:54,888 | INFO |  File duration: 92.39219954648526 seconds
2026-01-27 18:42:57,220 | INFO | Using rVAD model
2026-01-27 18:43:01,201 | INFO | Number of chunks: 15
2026-01-27 18:44:00,361 | INFO | Chunk: 0 | WER=30.434783 | S=4 D=2 I=1
2026-01-27 18:44:00,362 | INFO | Chunk: 1 | WER=30.000000 | S=2 D=1 I=3
2026-01-27 18:44:00,362 | INFO | Chunk: 2 | WER=25.000000 | S=2 D=2 I=0
2026-01-27 18:44:00,363 | INFO | Chunk: 3 | WER=32.000000 | S=6 D=2 I=0
2026-01-27 18:44:00,363 | INFO | Chunk: 4 | WER=11.111111 | S=1 D=0 I=0
2026-01-27 18:44:00,363 | INFO | Chunk: 5 | WER=36.842105 | S=3 D=4 I=0
2026-01-27 18:44:00,364 | INFO | Chunk: 6 | WER=0.000000 | S=0 D=0 I=0
2026-01-27 18:44:00,364 | INFO | Chunk: 7 | WER=0.000000 | S=0 D=0 I=0
2026-01-27 18:44:00,364 | INFO | Chunk: 8 | WER=40.000000 | S=2 D=0 I=0
2026-01-27 18:44:00,364 | INFO | Chunk: 9 | WER=16.666667 | S=1 D=0 I=0
2026-01-27 18:44:00,364 | INFO | Chunk: 10 | WER=125.000000 | S=4 D=0 I=1
2026-01-27 18:44:00,365 | INFO | Chunk: 11 | WER=39.130435 | S=5 D=4 I=0
2026-01-27 18:44:00,365 | INFO | Chunk: 12 | WER=16.666667 | S=1 D=1 I=0
2026-01-27 18:44:00,365 | INFO | Chunk: 13 | WER=11.111111 | S=0 D=1 I=0
2026-01-27 18:44:00,366 | INFO | Chunk: 14 | WER=0.000000 | S=0 D=0 I=0
2026-01-27 18:44:00,381 | INFO | File: MO_F_SD28_2016_05_20_ModuleDescription_description.wav | WER=28.494624 | S=31 D=17 I=5
2026-01-27 18:44:00,381 | INFO | ------------------------------
2026-01-27 18:44:00,382 | INFO |  File duration: 117.0053514739229 seconds
2026-01-27 18:44:03,140 | INFO | Using rVAD model
2026-01-27 18:44:08,150 | INFO | Number of chunks: 19
2026-01-27 18:45:22,160 | INFO | Chunk: 0 | WER=0.000000 | S=0 D=0 I=0
2026-01-27 18:45:22,160 | INFO | Chunk: 1 | WER=0.000000 | S=0 D=0 I=0
2026-01-27 18:45:22,160 | INFO | Chunk: 2 | WER=200.000000 | S=1 D=0 I=1
2026-01-27 18:45:22,161 | INFO | Chunk: 3 | WER=30.769231 | S=5 D=3 I=0
2026-01-27 18:45:22,161 | INFO | Chunk: 4 | WER=0.000000 | S=0 D=0 I=0
2026-01-27 18:45:22,162 | INFO | Chunk: 5 | WER=83.333333 | S=2 D=3 I=0
2026-01-27 18:45:22,162 | INFO | Chunk: 6 | WER=28.571429 | S=3 D=2 I=3
2026-01-27 18:45:22,163 | INFO | Chunk: 8 | WER=21.428571 | S=2 D=0 I=1
2026-01-27 18:45:22,163 | INFO | Chunk: 9 | WER=33.333333 | S=1 D=0 I=0
2026-01-27 18:45:22,163 | INFO | Chunk: 10 | WER=11.111111 | S=1 D=0 I=0
2026-01-27 18:45:22,163 | INFO | Chunk: 11 | WER=0.000000 | S=0 D=0 I=0
2026-01-27 18:45:22,164 | INFO | Chunk: 12 | WER=12.500000 | S=1 D=0 I=0
2026-01-27 18:45:22,164 | INFO | Chunk: 13 | WER=50.000000 | S=4 D=1 I=0
2026-01-27 18:45:22,164 | INFO | Chunk: 14 | WER=40.000000 | S=0 D=0 I=2
2026-01-27 18:45:22,164 | INFO | Chunk: 15 | WER=42.857143 | S=1 D=1 I=1
2026-01-27 18:45:22,164 | INFO | Chunk: 16 | WER=75.000000 | S=1 D=0 I=2
2026-01-27 18:45:22,165 | INFO | Chunk: 17 | WER=20.000000 | S=1 D=0 I=1
2026-01-27 18:45:22,165 | INFO | Chunk: 18 | WER=0.000000 | S=0 D=0 I=0
2026-01-27 18:45:22,179 | INFO | File: MO_F_SD32_2016_06_16_ModuleDescription_description.wav | WER=25.000000 | S=24 D=8 I=10
2026-01-27 18:45:22,180 | INFO | ------------------------------
2026-01-27 18:45:22,180 | INFO |  File duration: 299.5374149659864 seconds
2026-01-27 18:45:29,345 | INFO | Using rVAD model
2026-01-27 18:45:42,350 | INFO | Number of chunks: 52
2026-01-27 18:49:25,285 | INFO | Chunk: 0 | WER=27.777778 | S=4 D=1 I=0
2026-01-27 18:49:25,286 | INFO | Chunk: 1 | WER=40.909091 | S=10 D=6 I=2
2026-01-27 18:49:25,292 | INFO | Chunk: 2 | WER=24.778761 | S=12 D=15 I=1
2026-01-27 18:49:25,292 | INFO | Chunk: 3 | WER=63.636364 | S=1 D=6 I=0
2026-01-27 18:49:25,293 | INFO | Chunk: 4 | WER=6.896552 | S=1 D=1 I=0
2026-01-27 18:49:25,293 | INFO | Chunk: 5 | WER=5.882353 | S=0 D=1 I=0
2026-01-27 18:49:25,293 | INFO | Chunk: 6 | WER=28.571429 | S=2 D=0 I=0
2026-01-27 18:49:25,294 | INFO | Chunk: 7 | WER=41.666667 | S=10 D=5 I=0
2026-01-27 18:49:25,295 | INFO | Chunk: 8 | WER=57.142857 | S=5 D=7 I=0
2026-01-27 18:49:25,295 | INFO | Chunk: 9 | WER=41.666667 | S=4 D=1 I=0
2026-01-27 18:49:25,295 | INFO | Chunk: 11 | WER=60.000000 | S=3 D=2 I=1
2026-01-27 18:49:25,295 | INFO | Chunk: 12 | WER=100.000000 | S=2 D=1 I=1
2026-01-27 18:49:25,296 | INFO | Chunk: 13 | WER=28.571429 | S=1 D=1 I=0
2026-01-27 18:49:25,296 | INFO | Chunk: 14 | WER=100.000000 | S=1 D=0 I=1
2026-01-27 18:49:25,296 | INFO | Chunk: 15 | WER=33.333333 | S=2 D=1 I=0
2026-01-27 18:49:25,296 | INFO | Chunk: 16 | WER=0.000000 | S=0 D=0 I=0
2026-01-27 18:49:25,296 | INFO | Chunk: 17 | WER=100.000000 | S=1 D=0 I=0
2026-01-27 18:49:25,296 | INFO | Chunk: 18 | WER=50.000000 | S=7 D=3 I=0
2026-01-27 18:49:25,297 | INFO | Chunk: 19 | WER=54.545455 | S=5 D=1 I=0
2026-01-27 18:49:25,297 | INFO | Chunk: 20 | WER=54.545455 | S=3 D=3 I=0
2026-01-27 18:49:25,297 | INFO | Chunk: 21 | WER=83.333333 | S=3 D=0 I=2
2026-01-27 18:49:25,297 | INFO | Chunk: 22 | WER=28.571429 | S=1 D=0 I=1
2026-01-27 18:49:25,298 | INFO | Chunk: 23 | WER=20.000000 | S=1 D=0 I=0
2026-01-27 18:49:25,298 | INFO | Chunk: 24 | WER=50.000000 | S=10 D=5 I=1
2026-01-27 18:49:25,299 | INFO | Chunk: 25 | WER=8.333333 | S=1 D=0 I=0
2026-01-27 18:49:25,299 | INFO | Chunk: 26 | WER=20.000000 | S=0 D=0 I=1
2026-01-27 18:49:25,299 | INFO | Chunk: 27 | WER=0.000000 | S=0 D=0 I=0
2026-01-27 18:49:25,299 | INFO | Chunk: 29 | WER=47.368421 | S=1 D=8 I=0
2026-01-27 18:49:25,299 | INFO | Chunk: 30 | WER=57.142857 | S=3 D=1 I=0
2026-01-27 18:49:25,300 | INFO | Chunk: 31 | WER=50.000000 | S=2 D=1 I=2
2026-01-27 18:49:25,300 | INFO | Chunk: 32 | WER=50.000000 | S=1 D=1 I=0
2026-01-27 18:49:25,300 | INFO | Chunk: 33 | WER=33.333333 | S=4 D=3 I=0
2026-01-27 18:49:25,301 | INFO | Chunk: 34 | WER=20.000000 | S=2 D=1 I=0
2026-01-27 18:49:25,301 | INFO | Chunk: 35 | WER=23.076923 | S=3 D=0 I=0
2026-01-27 18:49:25,301 | INFO | Chunk: 36 | WER=0.000000 | S=0 D=0 I=0
2026-01-27 18:49:25,301 | INFO | Chunk: 37 | WER=25.000000 | S=2 D=3 I=0
2026-01-27 18:49:25,302 | INFO | Chunk: 38 | WER=37.500000 | S=1 D=0 I=2
2026-01-27 18:49:25,302 | INFO | Chunk: 39 | WER=33.333333 | S=2 D=3 I=2
2026-01-27 18:49:25,302 | INFO | Chunk: 40 | WER=58.333333 | S=1 D=2 I=4
2026-01-27 18:49:25,303 | INFO | Chunk: 41 | WER=55.555556 | S=0 D=5 I=0
2026-01-27 18:49:25,303 | INFO | Chunk: 42 | WER=0.000000 | S=0 D=0 I=0
2026-01-27 18:49:25,303 | INFO | Chunk: 43 | WER=26.666667 | S=2 D=2 I=0
2026-01-27 18:49:25,303 | INFO | Chunk: 44 | WER=25.000000 | S=0 D=1 I=1
2026-01-27 18:49:25,303 | INFO | Chunk: 45 | WER=11.111111 | S=1 D=0 I=0
2026-01-27 18:49:25,304 | INFO | Chunk: 48 | WER=28.571429 | S=2 D=0 I=0
2026-01-27 18:49:25,304 | INFO | Chunk: 49 | WER=44.444444 | S=1 D=3 I=0
2026-01-27 18:49:25,304 | INFO | Chunk: 50 | WER=30.769231 | S=2 D=2 I=0
2026-01-27 18:49:25,304 | INFO | Chunk: 51 | WER=100.000000 | S=1 D=2 I=0
2026-01-27 18:49:25,493 | INFO | File: MO_F_SD33_2016_06_22_ModuleDescription_description.wav | WER=34.732272 | S=123 D=97 I=20
2026-01-27 18:49:25,493 | INFO | ------------------------------
2026-01-27 18:49:25,494 | INFO |  File duration: 81.36272108843538 seconds
2026-01-27 18:49:27,503 | INFO | Using rVAD model
2026-01-27 18:49:31,070 | INFO | Number of chunks: 6
2026-01-27 18:50:22,989 | INFO | Chunk: 0 | WER=31.067961 | S=21 D=9 I=2
2026-01-27 18:50:22,989 | INFO | Chunk: 1 | WER=42.857143 | S=2 D=3 I=1
2026-01-27 18:50:22,991 | INFO | Chunk: 2 | WER=14.285714 | S=6 D=2 I=0
2026-01-27 18:50:22,992 | INFO | Chunk: 3 | WER=22.727273 | S=6 D=4 I=0
2026-01-27 18:50:22,994 | INFO | Chunk: 4 | WER=40.000000 | S=6 D=11 I=1
2026-01-27 18:50:22,994 | INFO | Chunk: 5 | WER=100.000000 | S=1 D=0 I=0
2026-01-27 18:50:23,022 | INFO | File: MO_F_SD35_2016_06_23_ModuleDescription_description.wav | WER=28.517110 | S=41 D=30 I=4
2026-01-27 18:50:23,022 | INFO | ------------------------------
2026-01-27 18:50:23,023 | INFO |  File duration: 90.9990022675737 seconds
2026-01-27 18:50:25,272 | INFO | Using rVAD model
2026-01-27 18:50:29,201 | INFO | Number of chunks: 10
2026-01-27 18:51:19,900 | INFO | Chunk: 0 | WER=26.229508 | S=12 D=3 I=1
2026-01-27 18:51:19,901 | INFO | Chunk: 1 | WER=13.333333 | S=2 D=0 I=0
2026-01-27 18:51:19,901 | INFO | Chunk: 2 | WER=12.500000 | S=1 D=0 I=1
2026-01-27 18:51:19,901 | INFO | Chunk: 3 | WER=0.000000 | S=0 D=0 I=0
2026-01-27 18:51:19,902 | INFO | Chunk: 4 | WER=7.894737 | S=1 D=2 I=0
2026-01-27 18:51:19,903 | INFO | Chunk: 5 | WER=38.888889 | S=6 D=1 I=0
2026-01-27 18:51:19,903 | INFO | Chunk: 6 | WER=0.000000 | S=0 D=0 I=0
2026-01-27 18:51:19,903 | INFO | Chunk: 7 | WER=56.000000 | S=10 D=4 I=0
2026-01-27 18:51:19,904 | INFO | Chunk: 8 | WER=38.461538 | S=2 D=2 I=1
2026-01-27 18:51:19,904 | INFO | Chunk: 9 | WER=100.000000 | S=1 D=0 I=0
2026-01-27 18:51:19,922 | INFO | File: MO_F_SD38_2016_06_28_ModuleDescription_description.wav | WER=25.773196 | S=34 D=13 I=3
2026-01-27 18:51:19,922 | INFO | ------------------------------
2026-01-27 18:51:19,923 | INFO |  File duration: 41.98167800453515 seconds
2026-01-27 18:51:20,964 | INFO | Using rVAD model
2026-01-27 18:51:22,814 | INFO | Number of chunks: 6
2026-01-27 18:51:48,315 | INFO | Chunk: 0 | WER=10.000000 | S=0 D=0 I=1
2026-01-27 18:51:48,316 | INFO | Chunk: 1 | WER=9.090909 | S=3 D=0 I=0
2026-01-27 18:51:48,316 | INFO | Chunk: 2 | WER=0.000000 | S=0 D=0 I=0
2026-01-27 18:51:48,317 | INFO | Chunk: 3 | WER=0.000000 | S=0 D=0 I=0
2026-01-27 18:51:48,318 | INFO | Chunk: 4 | WER=14.705882 | S=4 D=1 I=0
2026-01-27 18:51:48,324 | INFO | File: MO_H_AV10_2016_04_15_ModuleDescription_description.wav | WER=11.702128 | S=7 D=1 I=3
2026-01-27 18:51:48,324 | INFO | ------------------------------
2026-01-27 18:51:48,324 | INFO |  File duration: 39.450702947845805 seconds
2026-01-27 18:51:49,303 | INFO | Using rVAD model
2026-01-27 18:51:51,049 | INFO | Number of chunks: 7
2026-01-27 18:52:20,405 | INFO | Chunk: 0 | WER=0.000000 | S=0 D=0 I=0
2026-01-27 18:52:20,406 | INFO | Chunk: 1 | WER=40.000000 | S=1 D=1 I=0
2026-01-27 18:52:20,406 | INFO | Chunk: 2 | WER=20.000000 | S=2 D=0 I=1
2026-01-27 18:52:20,406 | INFO | Chunk: 3 | WER=50.000000 | S=1 D=0 I=1
2026-01-27 18:52:20,407 | INFO | Chunk: 4 | WER=16.666667 | S=4 D=2 I=0
2026-01-27 18:52:20,407 | INFO | Chunk: 5 | WER=60.000000 | S=4 D=2 I=0
2026-01-27 18:52:20,408 | INFO | Chunk: 6 | WER=40.000000 | S=0 D=2 I=0
2026-01-27 18:52:20,412 | INFO | File: MO_H_AV18_2016_04_18_ModuleDescription_description.wav | WER=27.631579 | S=12 D=7 I=2
2026-01-27 18:52:20,412 | INFO | ------------------------------
2026-01-27 18:52:20,413 | INFO |  File duration: 44.860952380952384 seconds
2026-01-27 18:52:21,546 | INFO | Using rVAD model
2026-01-27 18:52:23,443 | INFO | Number of chunks: 10
2026-01-27 18:53:00,758 | INFO | Chunk: 0 | WER=25.000000 | S=0 D=1 I=1
2026-01-27 18:53:00,758 | INFO | Chunk: 1 | WER=12.500000 | S=1 D=0 I=0
2026-01-27 18:53:00,758 | INFO | Chunk: 2 | WER=50.000000 | S=0 D=0 I=1
2026-01-27 18:53:00,758 | INFO | Chunk: 3 | WER=33.333333 | S=0 D=0 I=1
2026-01-27 18:53:00,758 | INFO | Chunk: 4 | WER=25.000000 | S=0 D=0 I=1
2026-01-27 18:53:00,759 | INFO | Chunk: 5 | WER=14.285714 | S=1 D=0 I=0
2026-01-27 18:53:00,759 | INFO | Chunk: 6 | WER=70.588235 | S=8 D=1 I=3
2026-01-27 18:53:00,759 | INFO | Chunk: 7 | WER=0.000000 | S=0 D=0 I=0
2026-01-27 18:53:00,759 | INFO | Chunk: 8 | WER=33.333333 | S=2 D=1 I=0
2026-01-27 18:53:00,760 | INFO | Chunk: 9 | WER=100.000000 | S=2 D=4 I=0
2026-01-27 18:53:00,764 | INFO | File: MO_H_AV19_2016_04_18_ModuleDescription_description.wav | WER=38.888889 | S=14 D=7 I=7
2026-01-27 18:53:00,764 | INFO | ------------------------------
2026-01-27 18:53:00,765 | INFO |  File duration: 76.74195011337868 seconds
2026-01-27 18:53:02,832 | INFO | Using rVAD model
2026-01-27 18:53:06,112 | INFO | Number of chunks: 7
2026-01-27 18:53:46,328 | INFO | Chunk: 0 | WER=24.561404 | S=8 D=4 I=2
2026-01-27 18:53:46,329 | INFO | Chunk: 1 | WER=12.903226 | S=3 D=1 I=0
2026-01-27 18:53:46,329 | INFO | Chunk: 2 | WER=0.000000 | S=0 D=0 I=0
2026-01-27 18:53:46,329 | INFO | Chunk: 3 | WER=0.000000 | S=0 D=0 I=0
2026-01-27 18:53:46,330 | INFO | Chunk: 4 | WER=37.500000 | S=5 D=0 I=1
2026-01-27 18:53:46,330 | INFO | Chunk: 5 | WER=16.666667 | S=1 D=0 I=0
2026-01-27 18:53:46,330 | INFO | Chunk: 6 | WER=17.647059 | S=3 D=0 I=0
2026-01-27 18:53:46,343 | INFO | File: MO_H_AV22_2016_04_19_ModuleDescription_description.wav | WER=18.300654 | S=20 D=5 I=3
2026-01-27 18:53:46,343 | INFO | ------------------------------
2026-01-27 18:53:46,343 | INFO |  File duration: 109.3427664399093 seconds
2026-01-27 18:53:48,959 | INFO | Using rVAD model
2026-01-27 18:53:53,842 | INFO | Number of chunks: 14
2026-01-27 18:54:58,067 | INFO | Chunk: 0 | WER=16.666667 | S=3 D=0 I=0
2026-01-27 18:54:58,068 | INFO | Chunk: 1 | WER=21.428571 | S=7 D=1 I=1
2026-01-27 18:54:58,069 | INFO | Chunk: 2 | WER=16.129032 | S=4 D=1 I=0
2026-01-27 18:54:58,069 | INFO | Chunk: 3 | WER=28.571429 | S=1 D=1 I=0
2026-01-27 18:54:58,070 | INFO | Chunk: 4 | WER=13.043478 | S=2 D=0 I=1
2026-01-27 18:54:58,070 | INFO | Chunk: 5 | WER=52.380952 | S=6 D=2 I=3
2026-01-27 18:54:58,071 | INFO | Chunk: 6 | WER=27.272727 | S=2 D=0 I=1
2026-01-27 18:54:58,071 | INFO | Chunk: 7 | WER=13.636364 | S=2 D=0 I=1
2026-01-27 18:54:58,071 | INFO | Chunk: 8 | WER=80.000000 | S=2 D=0 I=2
2026-01-27 18:54:58,071 | INFO | Chunk: 9 | WER=33.333333 | S=2 D=0 I=1
2026-01-27 18:54:58,072 | INFO | Chunk: 10 | WER=0.000000 | S=0 D=0 I=0
2026-01-27 18:54:58,072 | INFO | Chunk: 11 | WER=10.000000 | S=0 D=0 I=1
2026-01-27 18:54:58,072 | INFO | Chunk: 12 | WER=0.000000 | S=0 D=0 I=0
2026-01-27 18:54:58,073 | INFO | Chunk: 13 | WER=13.043478 | S=2 D=0 I=1
2026-01-27 18:54:58,098 | INFO | File: MO_H_AV22_2016_06_09_ModuleDescription_description.wav | WER=22.026432 | S=33 D=5 I=12
2026-01-27 18:54:58,098 | INFO | ------------------------------
2026-01-27 18:54:58,098 | INFO |  File duration: 31.346938775510203 seconds
2026-01-27 18:54:58,889 | INFO | Using rVAD model
2026-01-27 18:55:00,195 | INFO | Number of chunks: 2
2026-01-27 18:55:13,244 | INFO | Chunk: 0 | WER=9.756098 | S=3 D=1 I=0
2026-01-27 18:55:13,246 | INFO | Chunk: 1 | WER=13.636364 | S=4 D=2 I=0
2026-01-27 18:55:13,251 | INFO | File: MO_H_AV24_2016_05_14_ModuleDescription_description.wav | WER=11.764706 | S=7 D=3 I=0
2026-01-27 18:55:13,251 | INFO | ------------------------------
2026-01-27 18:55:13,251 | INFO |  File duration: 61.37034013605442 seconds
2026-01-27 18:55:14,766 | INFO | Using rVAD model
2026-01-27 18:55:17,376 | INFO | Number of chunks: 13
2026-01-27 18:55:55,159 | INFO | Chunk: 0 | WER=100.000000 | S=1 D=0 I=0
2026-01-27 18:55:55,160 | INFO | Chunk: 1 | WER=100.000000 | S=1 D=0 I=0
2026-01-27 18:55:55,160 | INFO | Chunk: 2 | WER=0.000000 | S=0 D=0 I=0
2026-01-27 18:55:55,160 | INFO | Chunk: 3 | WER=37.500000 | S=0 D=3 I=0
2026-01-27 18:55:55,161 | INFO | Chunk: 5 | WER=9.090909 | S=2 D=1 I=0
2026-01-27 18:55:55,161 | INFO | Chunk: 6 | WER=35.294118 | S=5 D=1 I=0
2026-01-27 18:55:55,162 | INFO | Chunk: 7 | WER=15.384615 | S=1 D=0 I=1
2026-01-27 18:55:55,162 | INFO | Chunk: 8 | WER=0.000000 | S=0 D=0 I=0
2026-01-27 18:55:55,162 | INFO | Chunk: 9 | WER=16.666667 | S=2 D=0 I=0
2026-01-27 18:55:55,162 | INFO | Chunk: 10 | WER=0.000000 | S=0 D=0 I=0
2026-01-27 18:55:55,162 | INFO | Chunk: 11 | WER=0.000000 | S=0 D=0 I=0
2026-01-27 18:55:55,163 | INFO | Chunk: 12 | WER=20.000000 | S=1 D=0 I=0
2026-01-27 18:55:55,170 | INFO | File: MO_H_AV30_2016_06_05_ModuleDescription_description.wav | WER=17.757009 | S=11 D=7 I=1
2026-01-27 18:55:55,170 | INFO | ------------------------------
2026-01-27 18:55:55,170 | INFO |  File duration: 47.972426303854874 seconds
2026-01-27 18:55:56,289 | INFO | Using rVAD model
2026-01-27 18:55:58,319 | INFO | Number of chunks: 4
2026-01-27 18:56:23,397 | INFO | Chunk: 1 | WER=18.918919 | S=5 D=2 I=0
2026-01-27 18:56:23,398 | INFO | Chunk: 2 | WER=14.285714 | S=0 D=0 I=2
2026-01-27 18:56:23,401 | INFO | Chunk: 3 | WER=28.395062 | S=17 D=5 I=1
2026-01-27 18:56:23,411 | INFO | File: MO_H_AV33_2016_06_06_ModuleDescription_description.wav | WER=27.272727 | S=22 D=7 I=7
2026-01-27 18:56:23,411 | INFO | ------------------------------
2026-01-27 18:56:23,412 | INFO |  File duration: 36.6875283446712 seconds
2026-01-27 18:56:24,365 | INFO | Using rVAD model
2026-01-27 18:56:26,002 | INFO | Number of chunks: 3
2026-01-27 18:56:43,831 | INFO | Chunk: 0 | WER=21.428571 | S=5 D=9 I=1
2026-01-27 18:56:43,832 | INFO | Chunk: 1 | WER=11.111111 | S=0 D=0 I=1
2026-01-27 18:56:43,832 | INFO | Chunk: 2 | WER=12.903226 | S=1 D=2 I=1
2026-01-27 18:56:43,840 | INFO | File: MO_H_AV37_2016_06_08_ModuleDescription_description.wav | WER=17.272727 | S=7 D=10 I=2
2026-01-27 18:56:43,840 | INFO | ------------------------------
2026-01-27 18:56:43,840 | INFO |  File duration: 33.065215419501136 seconds
2026-01-27 18:56:44,656 | INFO | Using rVAD model
2026-01-27 18:56:46,041 | INFO | Number of chunks: 2
2026-01-27 18:57:01,179 | INFO | Chunk: 0 | WER=25.454545 | S=9 D=5 I=0
2026-01-27 18:57:01,180 | INFO | Chunk: 1 | WER=20.000000 | S=3 D=1 I=0
2026-01-27 18:57:01,187 | INFO | File: MO_H_AV38_2016_06_10_ModuleDescription_description.wav | WER=24.000000 | S=12 D=6 I=0
2026-01-27 18:57:01,187 | INFO | ------------------------------
2026-01-27 18:57:01,188 | INFO |  File duration: 66.20009070294785 seconds
2026-01-27 18:57:02,893 | INFO | Using rVAD model
2026-01-27 18:57:05,745 | INFO | Number of chunks: 4
2026-01-27 18:57:41,730 | INFO | Chunk: 0 | WER=29.629630 | S=8 D=4 I=4
2026-01-27 18:57:41,733 | INFO | Chunk: 1 | WER=14.754098 | S=6 D=1 I=2
2026-01-27 18:57:41,733 | INFO | Chunk: 2 | WER=18.181818 | S=1 D=1 I=0
2026-01-27 18:57:41,733 | INFO | Chunk: 3 | WER=200.000000 | S=1 D=0 I=1
2026-01-27 18:57:41,743 | INFO | File: MO_H_ER09_2016_04_07_ModuleDescription_description.wav | WER=22.834646 | S=16 D=6 I=7
2026-01-27 18:57:41,743 | INFO | ------------------------------
2026-01-27 18:57:41,743 | INFO |  File duration: 56.447709750566894 seconds
2026-01-27 18:57:43,223 | INFO | Using rVAD model
2026-01-27 18:57:45,622 | INFO | Number of chunks: 3
2026-01-27 18:58:12,971 | INFO | Chunk: 0 | WER=14.285714 | S=1 D=0 I=0
2026-01-27 18:58:12,973 | INFO | Chunk: 1 | WER=11.864407 | S=5 D=2 I=0
2026-01-27 18:58:12,976 | INFO | Chunk: 2 | WER=14.516129 | S=5 D=3 I=1
2026-01-27 18:58:12,984 | INFO | File: MO_H_ER09_2016_06_08_ModuleDescription_description.wav | WER=13.281250 | S=11 D=5 I=1
2026-01-27 18:58:12,985 | INFO | ------------------------------
2026-01-27 18:58:12,985 | INFO |  File duration: 65.57315192743764 seconds
2026-01-27 18:58:14,696 | INFO | Using rVAD model
2026-01-27 18:58:17,508 | INFO | Number of chunks: 12
2026-01-27 18:59:04,908 | INFO | Chunk: 0 | WER=0.000000 | S=0 D=0 I=0
2026-01-27 18:59:04,909 | INFO | Chunk: 1 | WER=29.411765 | S=3 D=1 I=1
2026-01-27 18:59:04,911 | INFO | Chunk: 2 | WER=8.510638 | S=1 D=1 I=2
2026-01-27 18:59:04,911 | INFO | Chunk: 3 | WER=23.809524 | S=3 D=2 I=0
2026-01-27 18:59:04,911 | INFO | Chunk: 4 | WER=0.000000 | S=0 D=0 I=0
2026-01-27 18:59:04,912 | INFO | Chunk: 5 | WER=29.411765 | S=1 D=1 I=3
2026-01-27 18:59:04,912 | INFO | Chunk: 6 | WER=25.000000 | S=1 D=2 I=0
2026-01-27 18:59:04,912 | INFO | Chunk: 7 | WER=166.666667 | S=2 D=0 I=3
2026-01-27 18:59:04,912 | INFO | Chunk: 8 | WER=11.764706 | S=1 D=0 I=1
2026-01-27 18:59:04,913 | INFO | Chunk: 9 | WER=25.000000 | S=0 D=0 I=2
2026-01-27 18:59:04,913 | INFO | Chunk: 10 | WER=0.000000 | S=0 D=0 I=0
2026-01-27 18:59:04,913 | INFO | Chunk: 11 | WER=33.333333 | S=0 D=1 I=0
2026-01-27 18:59:04,926 | INFO | File: MO_H_ER17_2016_04_08_ModuleDescription_description.wav | WER=20.382166 | S=12 D=8 I=12
2026-01-27 18:59:04,927 | INFO | ------------------------------
2026-01-27 18:59:04,927 | INFO |  File duration: 67.17532879818594 seconds
2026-01-27 18:59:06,593 | INFO | Using rVAD model
2026-01-27 18:59:09,540 | INFO | Number of chunks: 4
2026-01-27 18:59:48,132 | INFO | Chunk: 0 | WER=40.298507 | S=15 D=9 I=3
2026-01-27 18:59:48,135 | INFO | Chunk: 1 | WER=21.875000 | S=5 D=6 I=3
2026-01-27 18:59:48,135 | INFO | Chunk: 2 | WER=14.814815 | S=3 D=1 I=0
2026-01-27 18:59:48,135 | INFO | Chunk: 3 | WER=25.000000 | S=1 D=0 I=0
2026-01-27 18:59:48,148 | INFO | File: MO_H_ER23_2016_04_14_ModuleDescription_description.wav | WER=28.395062 | S=24 D=16 I=6
2026-01-27 18:59:48,148 | INFO | ------------------------------
2026-01-27 18:59:48,149 | INFO |  File duration: 91.9742403628118 seconds
2026-01-27 18:59:50,463 | INFO | Using rVAD model
2026-01-27 18:59:54,435 | INFO | Number of chunks: 8
2026-01-27 19:01:04,271 | INFO | Chunk: 0 | WER=34.090909 | S=12 D=2 I=1
2026-01-27 19:01:04,272 | INFO | Chunk: 1 | WER=45.454545 | S=12 D=1 I=2
2026-01-27 19:01:04,272 | INFO | Chunk: 2 | WER=41.176471 | S=5 D=1 I=1
2026-01-27 19:01:04,272 | INFO | Chunk: 3 | WER=36.363636 | S=1 D=2 I=1
2026-01-27 19:01:04,273 | INFO | Chunk: 4 | WER=14.285714 | S=0 D=0 I=1
2026-01-27 19:01:04,274 | INFO | Chunk: 5 | WER=56.756757 | S=17 D=2 I=2
2026-01-27 19:01:04,274 | INFO | Chunk: 6 | WER=66.666667 | S=3 D=0 I=1
2026-01-27 19:01:04,274 | INFO | Chunk: 7 | WER=20.000000 | S=0 D=0 I=1
2026-01-27 19:01:04,288 | INFO | File: MO_H_ER24_2016_04_15_ModuleDescription_description.wav | WER=42.500000 | S=50 D=8 I=10
2026-01-27 19:01:04,288 | INFO | ------------------------------
2026-01-27 19:01:04,288 | INFO |  File duration: 88.46802721088436 seconds
2026-01-27 19:01:06,527 | INFO | Using rVAD model
2026-01-27 19:01:10,278 | INFO | Number of chunks: 18
2026-01-27 19:02:14,307 | INFO | Chunk: 0 | WER=37.500000 | S=2 D=1 I=0
2026-01-27 19:02:14,307 | INFO | Chunk: 1 | WER=0.000000 | S=0 D=0 I=0
2026-01-27 19:02:14,307 | INFO | Chunk: 2 | WER=12.500000 | S=1 D=0 I=0
2026-01-27 19:02:14,307 | INFO | Chunk: 3 | WER=14.285714 | S=1 D=0 I=0
2026-01-27 19:02:14,307 | INFO | Chunk: 4 | WER=50.000000 | S=3 D=0 I=0
2026-01-27 19:02:14,308 | INFO | Chunk: 5 | WER=0.000000 | S=0 D=0 I=0
2026-01-27 19:02:14,308 | INFO | Chunk: 6 | WER=0.000000 | S=0 D=0 I=0
2026-01-27 19:02:14,308 | INFO | Chunk: 7 | WER=22.222222 | S=1 D=1 I=0
2026-01-27 19:02:14,308 | INFO | Chunk: 8 | WER=60.000000 | S=2 D=1 I=0
2026-01-27 19:02:14,308 | INFO | Chunk: 9 | WER=50.000000 | S=1 D=0 I=0
2026-01-27 19:02:14,309 | INFO | Chunk: 10 | WER=10.000000 | S=1 D=0 I=0
2026-01-27 19:02:14,309 | INFO | Chunk: 11 | WER=5.882353 | S=0 D=0 I=1
2026-01-27 19:02:14,309 | INFO | Chunk: 12 | WER=0.000000 | S=0 D=0 I=0
2026-01-27 19:02:14,309 | INFO | Chunk: 13 | WER=0.000000 | S=0 D=0 I=0
2026-01-27 19:02:14,311 | INFO | Chunk: 14 | WER=14.000000 | S=5 D=1 I=1
2026-01-27 19:02:14,311 | INFO | Chunk: 15 | WER=30.769231 | S=4 D=0 I=0
2026-01-27 19:02:14,324 | INFO | File: MO_H_ER27_2016_04_18_ModuleDescription_description.wav | WER=18.300654 | S=21 D=4 I=3
2026-01-27 19:02:14,324 | INFO | ------------------------------
2026-01-27 19:02:14,324 | INFO |  File duration: 24.589931972789117 seconds
2026-01-27 19:02:14,920 | INFO | Using rVAD model
2026-01-27 19:02:15,949 | INFO | Number of chunks: 3
2026-01-27 19:02:28,999 | INFO | Chunk: 1 | WER=24.074074 | S=4 D=7 I=2
2026-01-27 19:02:29,000 | INFO | Chunk: 2 | WER=300.000000 | S=1 D=0 I=2
2026-01-27 19:02:29,003 | INFO | File: MO_H_ER40_2017_01_24_ModuleDescription_description.wav | WER=29.090909 | S=5 D=7 I=4
2026-01-27 19:02:29,003 | INFO | ------------------------------
2026-01-27 19:02:29,003 | INFO |  File duration: 54.102494331065756 seconds
2026-01-27 19:02:30,354 | INFO | Using rVAD model
2026-01-27 19:02:32,814 | INFO | Number of chunks: 2
2026-01-27 19:03:05,605 | INFO | Chunk: 0 | WER=32.911392 | S=16 D=5 I=5
2026-01-27 19:03:05,607 | INFO | Chunk: 1 | WER=38.888889 | S=6 D=14 I=1
2026-01-27 19:03:05,616 | INFO | File: MO_H_ER40_2017_05_23_ModuleDescription_description.wav | WER=35.338346 | S=22 D=19 I=6
2026-01-27 19:03:05,616 | INFO | ------------------------------
2026-01-27 19:03:05,616 | INFO |  File duration: 102.02848072562358 seconds
2026-01-27 19:03:08,108 | INFO | Using rVAD model
2026-01-27 19:03:12,487 | INFO | Number of chunks: 22
2026-01-27 19:04:38,395 | INFO | Chunk: 1 | WER=30.000000 | S=2 D=1 I=0
2026-01-27 19:04:38,396 | INFO | Chunk: 2 | WER=54.545455 | S=4 D=2 I=0
2026-01-27 19:04:38,396 | INFO | Chunk: 3 | WER=57.142857 | S=4 D=0 I=0
2026-01-27 19:04:38,396 | INFO | Chunk: 4 | WER=0.000000 | S=0 D=0 I=0
2026-01-27 19:04:38,397 | INFO | Chunk: 6 | WER=21.428571 | S=6 D=0 I=0
2026-01-27 19:04:38,397 | INFO | Chunk: 7 | WER=50.000000 | S=0 D=3 I=0
2026-01-27 19:04:38,397 | INFO | Chunk: 8 | WER=25.000000 | S=2 D=1 I=0
2026-01-27 19:04:38,397 | INFO | Chunk: 9 | WER=75.000000 | S=5 D=4 I=0
2026-01-27 19:04:38,398 | INFO | Chunk: 10 | WER=100.000000 | S=3 D=0 I=0
2026-01-27 19:04:38,398 | INFO | Chunk: 11 | WER=0.000000 | S=0 D=0 I=0
2026-01-27 19:04:38,398 | INFO | Chunk: 12 | WER=88.888889 | S=4 D=4 I=0
2026-01-27 19:04:38,398 | INFO | Chunk: 13 | WER=25.000000 | S=4 D=0 I=0
2026-01-27 19:04:38,398 | INFO | Chunk: 14 | WER=0.000000 | S=0 D=0 I=0
2026-01-27 19:04:38,399 | INFO | Chunk: 15 | WER=0.000000 | S=0 D=0 I=0
2026-01-27 19:04:38,399 | INFO | Chunk: 16 | WER=100.000000 | S=2 D=1 I=0
2026-01-27 19:04:38,399 | INFO | Chunk: 17 | WER=0.000000 | S=0 D=0 I=0
2026-01-27 19:04:38,399 | INFO | Chunk: 18 | WER=50.000000 | S=4 D=0 I=1
2026-01-27 19:04:38,399 | INFO | Chunk: 19 | WER=16.666667 | S=1 D=0 I=0
2026-01-27 19:04:38,399 | INFO | Chunk: 20 | WER=0.000000 | S=0 D=0 I=0
2026-01-27 19:04:38,412 | INFO | File: MO_H_ER41_2017_01_24_ModuleDescription_description.wav | WER=36.942675 | S=41 D=16 I=1
2026-01-27 19:04:38,412 | INFO | ------------------------------
2026-01-27 19:04:38,412 | INFO |  File duration: 74.60571428571428 seconds
2026-01-27 19:04:40,563 | INFO | Using rVAD model
2026-01-27 19:04:43,697 | INFO | Number of chunks: 14
2026-01-27 19:05:33,634 | INFO | Chunk: 0 | WER=50.000000 | S=3 D=1 I=1
2026-01-27 19:05:33,635 | INFO | Chunk: 1 | WER=22.222222 | S=2 D=0 I=0
2026-01-27 19:05:33,635 | INFO | Chunk: 2 | WER=60.000000 | S=2 D=1 I=0
2026-01-27 19:05:33,635 | INFO | Chunk: 3 | WER=0.000000 | S=0 D=0 I=0
2026-01-27 19:05:33,636 | INFO | Chunk: 4 | WER=33.333333 | S=5 D=1 I=2
2026-01-27 19:05:33,636 | INFO | Chunk: 5 | WER=80.000000 | S=2 D=0 I=2
2026-01-27 19:05:33,636 | INFO | Chunk: 6 | WER=30.000000 | S=2 D=0 I=1
2026-01-27 19:05:33,636 | INFO | Chunk: 7 | WER=28.571429 | S=2 D=0 I=0
2026-01-27 19:05:33,636 | INFO | Chunk: 8 | WER=0.000000 | S=0 D=0 I=0
2026-01-27 19:05:33,637 | INFO | Chunk: 9 | WER=20.000000 | S=1 D=0 I=0
2026-01-27 19:05:33,637 | INFO | Chunk: 10 | WER=0.000000 | S=0 D=0 I=0
2026-01-27 19:05:33,637 | INFO | Chunk: 11 | WER=50.000000 | S=1 D=1 I=0
2026-01-27 19:05:33,637 | INFO | Chunk: 12 | WER=12.500000 | S=1 D=0 I=0
2026-01-27 19:05:33,644 | INFO | File: MO_H_ER41_2017_05_29_ModuleDescription_description.wav | WER=30.097087 | S=21 D=4 I=6
2026-01-27 19:05:33,644 | INFO | ------------------------------
2026-01-27 19:05:33,645 | INFO |  File duration: 64.66757369614513 seconds
2026-01-27 19:05:35,268 | INFO | Using rVAD model
2026-01-27 19:05:38,102 | INFO | Number of chunks: 8
2026-01-27 19:06:18,204 | INFO | Chunk: 0 | WER=28.301887 | S=8 D=3 I=4
2026-01-27 19:06:18,204 | INFO | Chunk: 1 | WER=28.571429 | S=2 D=0 I=0
2026-01-27 19:06:18,205 | INFO | Chunk: 2 | WER=28.571429 | S=1 D=0 I=1
2026-01-27 19:06:18,205 | INFO | Chunk: 3 | WER=14.285714 | S=1 D=0 I=0
2026-01-27 19:06:18,205 | INFO | Chunk: 4 | WER=20.000000 | S=1 D=0 I=0
2026-01-27 19:06:18,205 | INFO | Chunk: 5 | WER=14.285714 | S=1 D=0 I=0
2026-01-27 19:06:18,206 | INFO | Chunk: 6 | WER=6.250000 | S=1 D=0 I=0
2026-01-27 19:06:18,206 | INFO | Chunk: 7 | WER=16.666667 | S=0 D=0 I=1
2026-01-27 19:06:18,213 | INFO | File: MO_H_ER43_2017_01_24_ModuleDescription_description.wav | WER=22.222222 | S=15 D=3 I=6
2026-01-27 19:06:18,213 | INFO | ------------------------------
2026-01-27 19:06:18,214 | INFO |  File duration: 79.55156462585035 seconds
2026-01-27 19:06:20,444 | INFO | Using rVAD model
2026-01-27 19:06:23,849 | INFO | Number of chunks: 6
2026-01-27 19:07:22,089 | INFO | Chunk: 0 | WER=33.333333 | S=1 D=0 I=0
2026-01-27 19:07:22,090 | INFO | Chunk: 1 | WER=62.068966 | S=12 D=5 I=1
2026-01-27 19:07:22,091 | INFO | Chunk: 2 | WER=51.724138 | S=8 D=5 I=2
2026-01-27 19:07:22,091 | INFO | Chunk: 3 | WER=100.000000 | S=3 D=0 I=0
2026-01-27 19:07:22,093 | INFO | Chunk: 4 | WER=36.231884 | S=13 D=10 I=2
2026-01-27 19:07:22,095 | INFO | Chunk: 5 | WER=54.000000 | S=18 D=7 I=2
2026-01-27 19:07:22,110 | INFO | File: MO_H_ER43_2017_05_23_ModuleDescription_description.wav | WER=48.633880 | S=55 D=27 I=7
2026-01-27 19:07:22,110 | INFO | ------------------------------
2026-01-27 19:07:22,111 | INFO |  File duration: 85.2172335600907 seconds
2026-01-27 19:07:24,245 | INFO | Using rVAD model
2026-01-27 19:07:27,835 | INFO | Number of chunks: 20
2026-01-27 19:08:30,946 | INFO | Chunk: 0 | WER=50.000000 | S=1 D=0 I=1
2026-01-27 19:08:30,947 | INFO | Chunk: 1 | WER=0.000000 | S=0 D=0 I=0
2026-01-27 19:08:30,947 | INFO | Chunk: 2 | WER=40.000000 | S=1 D=4 I=1
2026-01-27 19:08:30,947 | INFO | Chunk: 3 | WER=22.222222 | S=2 D=0 I=0
2026-01-27 19:08:30,948 | INFO | Chunk: 4 | WER=25.000000 | S=2 D=2 I=0
2026-01-27 19:08:30,948 | INFO | Chunk: 5 | WER=22.222222 | S=2 D=0 I=0
2026-01-27 19:08:30,948 | INFO | Chunk: 6 | WER=0.000000 | S=0 D=0 I=0
2026-01-27 19:08:30,948 | INFO | Chunk: 7 | WER=33.333333 | S=1 D=1 I=1
2026-01-27 19:08:30,948 | INFO | Chunk: 8 | WER=100.000000 | S=1 D=0 I=0
2026-01-27 19:08:30,949 | INFO | Chunk: 9 | WER=35.714286 | S=2 D=2 I=1
2026-01-27 19:08:30,949 | INFO | Chunk: 11 | WER=62.500000 | S=1 D=1 I=3
2026-01-27 19:08:30,949 | INFO | Chunk: 12 | WER=40.000000 | S=4 D=4 I=0
2026-01-27 19:08:30,950 | INFO | Chunk: 13 | WER=21.428571 | S=2 D=1 I=0
2026-01-27 19:08:30,950 | INFO | Chunk: 14 | WER=50.000000 | S=6 D=10 I=0
2026-01-27 19:08:30,951 | INFO | Chunk: 15 | WER=50.000000 | S=2 D=2 I=0
2026-01-27 19:08:30,951 | INFO | Chunk: 16 | WER=14.285714 | S=1 D=0 I=0
2026-01-27 19:08:30,951 | INFO | Chunk: 17 | WER=22.222222 | S=2 D=0 I=0
2026-01-27 19:08:30,967 | INFO | File: MO_H_ER47_2017_01_27_ModuleDescription_description.wav | WER=35.106383 | S=29 D=28 I=9
2026-01-27 19:08:30,967 | INFO | ------------------------------
2026-01-27 19:08:30,968 | INFO |  File duration: 93.71573696145124 seconds
2026-01-27 19:08:33,447 | INFO | Using rVAD model
2026-01-27 19:08:37,436 | INFO | Number of chunks: 23
2026-01-27 19:09:56,464 | INFO | Chunk: 1 | WER=20.000000 | S=1 D=1 I=0
2026-01-27 19:09:56,464 | INFO | Chunk: 2 | WER=10.000000 | S=0 D=0 I=1
2026-01-27 19:09:56,465 | INFO | Chunk: 3 | WER=30.000000 | S=3 D=2 I=1
2026-01-27 19:09:56,465 | INFO | Chunk: 4 | WER=9.090909 | S=0 D=1 I=0
2026-01-27 19:09:56,465 | INFO | Chunk: 5 | WER=26.666667 | S=3 D=1 I=0
2026-01-27 19:09:56,465 | INFO | Chunk: 6 | WER=46.153846 | S=5 D=1 I=0
2026-01-27 19:09:56,466 | INFO | Chunk: 7 | WER=15.384615 | S=0 D=1 I=1
2026-01-27 19:09:56,466 | INFO | Chunk: 8 | WER=17.391304 | S=2 D=2 I=0
2026-01-27 19:09:56,466 | INFO | Chunk: 9 | WER=14.285714 | S=0 D=0 I=1
2026-01-27 19:09:56,467 | INFO | Chunk: 10 | WER=40.000000 | S=1 D=2 I=1
2026-01-27 19:09:56,467 | INFO | Chunk: 11 | WER=11.111111 | S=1 D=0 I=0
2026-01-27 19:09:56,467 | INFO | Chunk: 12 | WER=42.307692 | S=6 D=2 I=3
2026-01-27 19:09:56,468 | INFO | Chunk: 14 | WER=9.090909 | S=1 D=0 I=0
2026-01-27 19:09:56,468 | INFO | Chunk: 15 | WER=0.000000 | S=0 D=0 I=0
2026-01-27 19:09:56,468 | INFO | Chunk: 16 | WER=66.666667 | S=7 D=2 I=1
2026-01-27 19:09:56,468 | INFO | Chunk: 17 | WER=16.666667 | S=1 D=0 I=0
2026-01-27 19:09:56,469 | INFO | Chunk: 20 | WER=33.333333 | S=4 D=2 I=0
2026-01-27 19:09:56,469 | INFO | Chunk: 21 | WER=0.000000 | S=0 D=0 I=0
2026-01-27 19:09:56,493 | INFO | File: MO_H_ER47_2017_03_31_ModuleDescription_description.wav | WER=31.718062 | S=36 D=16 I=20
2026-01-27 19:09:56,493 | INFO | ------------------------------
2026-01-27 19:09:56,494 | INFO |  File duration: 63.15827664399093 seconds
2026-01-27 19:09:58,057 | INFO | Using rVAD model
2026-01-27 19:10:00,713 | INFO | Number of chunks: 8
2026-01-27 19:10:39,208 | INFO | Chunk: 0 | WER=0.000000 | S=0 D=0 I=0
2026-01-27 19:10:39,209 | INFO | Chunk: 1 | WER=15.384615 | S=3 D=3 I=0
2026-01-27 19:10:39,209 | INFO | Chunk: 2 | WER=22.222222 | S=5 D=0 I=1
2026-01-27 19:10:39,210 | INFO | Chunk: 3 | WER=77.777778 | S=6 D=0 I=1
2026-01-27 19:10:39,210 | INFO | Chunk: 4 | WER=66.666667 | S=2 D=2 I=0
2026-01-27 19:10:39,210 | INFO | Chunk: 5 | WER=25.000000 | S=1 D=0 I=1
2026-01-27 19:10:39,210 | INFO | Chunk: 6 | WER=28.571429 | S=2 D=1 I=1
2026-01-27 19:10:39,211 | INFO | Chunk: 7 | WER=33.333333 | S=1 D=2 I=0
2026-01-27 19:10:39,219 | INFO | File: MO_H_ER48_2017_01_28_ModuleDescription_description.wav | WER=27.586207 | S=20 D=8 I=4
2026-01-27 19:10:39,219 | INFO | ------------------------------
2026-01-27 19:10:39,219 | INFO |  File duration: 57.79446712018141 seconds
2026-01-27 19:10:40,592 | INFO | Using rVAD model
2026-01-27 19:10:43,012 | INFO | Number of chunks: 5
2026-01-27 19:11:17,505 | INFO | Chunk: 0 | WER=48.275862 | S=6 D=8 I=0
2026-01-27 19:11:17,506 | INFO | Chunk: 1 | WER=13.043478 | S=1 D=2 I=0
2026-01-27 19:11:17,506 | INFO | Chunk: 2 | WER=33.333333 | S=3 D=3 I=0
2026-01-27 19:11:17,507 | INFO | Chunk: 3 | WER=32.000000 | S=6 D=2 I=0
2026-01-27 19:11:17,507 | INFO | Chunk: 4 | WER=11.764706 | S=1 D=0 I=1
2026-01-27 19:11:17,514 | INFO | File: MO_H_ER48_2017_04_08_ModuleDescription_description.wav | WER=29.464286 | S=17 D=15 I=1
2026-01-27 19:11:17,515 | INFO | ------------------------------
2026-01-27 19:11:17,515 | INFO |  File duration: 40.61170068027211 seconds
2026-01-27 19:11:18,483 | INFO | Using rVAD model
2026-01-27 19:11:20,194 | INFO | Number of chunks: 8
2026-01-27 19:11:57,727 | INFO | Chunk: 1 | WER=35.714286 | S=4 D=2 I=4
2026-01-27 19:11:57,728 | INFO | Chunk: 2 | WER=43.478261 | S=5 D=5 I=0
2026-01-27 19:11:57,729 | INFO | Chunk: 3 | WER=33.333333 | S=8 D=2 I=1
2026-01-27 19:11:57,729 | INFO | Chunk: 4 | WER=50.000000 | S=3 D=0 I=0
2026-01-27 19:11:57,729 | INFO | Chunk: 5 | WER=100.000000 | S=3 D=0 I=1
2026-01-27 19:11:57,729 | INFO | Chunk: 6 | WER=100.000000 | S=3 D=1 I=0
2026-01-27 19:11:57,736 | INFO | File: MO_H_ER49_2017_01_28_ModuleDescription_description.wav | WER=48.979592 | S=27 D=9 I=12
2026-01-27 19:11:57,736 | INFO | ------------------------------
2026-01-27 19:11:57,736 | INFO |  File duration: 38.91664399092971 seconds
2026-01-27 19:11:58,692 | INFO | Using rVAD model
2026-01-27 19:12:00,299 | INFO | Number of chunks: 5
2026-01-27 19:12:34,460 | INFO | Chunk: 1 | WER=14.285714 | S=1 D=1 I=0
2026-01-27 19:12:34,463 | INFO | Chunk: 2 | WER=43.283582 | S=18 D=8 I=3
2026-01-27 19:12:34,463 | INFO | Chunk: 3 | WER=18.750000 | S=3 D=0 I=0
2026-01-27 19:12:34,470 | INFO | File: MO_H_ER49_2017_06_08_ModuleDescription_description.wav | WER=40.206186 | S=22 D=9 I=8
2026-01-27 19:12:34,470 | INFO | ------------------------------
2026-01-27 19:12:34,470 | INFO |  File duration: 36.6875283446712 seconds
2026-01-27 19:12:35,355 | INFO | Using rVAD model
2026-01-27 19:12:36,895 | INFO | Number of chunks: 5
2026-01-27 19:12:59,459 | INFO | Chunk: 0 | WER=30.769231 | S=7 D=5 I=0
2026-01-27 19:12:59,460 | INFO | Chunk: 1 | WER=29.166667 | S=4 D=1 I=2
2026-01-27 19:12:59,460 | INFO | Chunk: 3 | WER=75.000000 | S=3 D=0 I=0
2026-01-27 19:12:59,460 | INFO | Chunk: 4 | WER=40.000000 | S=2 D=0 I=0
2026-01-27 19:12:59,464 | INFO | File: MO_H_SD07_2016_04_22_ModuleDescription_description.wav | WER=34.722222 | S=16 D=6 I=3
2026-01-27 19:12:59,465 | INFO | ------------------------------
2026-01-27 19:12:59,465 | INFO |  File duration: 107.67092970521541 seconds
2026-01-27 19:13:02,137 | INFO | Using rVAD model
2026-01-27 19:13:06,793 | INFO | Number of chunks: 22
2026-01-27 19:14:22,865 | INFO | Chunk: 0 | WER=15.384615 | S=2 D=1 I=1
2026-01-27 19:14:22,865 | INFO | Chunk: 1 | WER=6.666667 | S=1 D=0 I=0
2026-01-27 19:14:22,866 | INFO | Chunk: 2 | WER=100.000000 | S=1 D=0 I=0
2026-01-27 19:14:22,866 | INFO | Chunk: 3 | WER=28.571429 | S=2 D=0 I=0
2026-01-27 19:14:22,866 | INFO | Chunk: 4 | WER=33.333333 | S=1 D=0 I=1
2026-01-27 19:14:22,866 | INFO | Chunk: 5 | WER=50.000000 | S=1 D=0 I=1
2026-01-27 19:14:22,867 | INFO | Chunk: 6 | WER=10.526316 | S=1 D=0 I=1
2026-01-27 19:14:22,867 | INFO | Chunk: 7 | WER=16.666667 | S=0 D=1 I=0
2026-01-27 19:14:22,867 | INFO | Chunk: 8 | WER=20.000000 | S=1 D=0 I=0
2026-01-27 19:14:22,867 | INFO | Chunk: 9 | WER=33.333333 | S=2 D=0 I=1
2026-01-27 19:14:22,867 | INFO | Chunk: 10 | WER=33.333333 | S=2 D=1 I=1
2026-01-27 19:14:22,868 | INFO | Chunk: 11 | WER=0.000000 | S=0 D=0 I=0
2026-01-27 19:14:22,868 | INFO | Chunk: 12 | WER=0.000000 | S=0 D=0 I=0
2026-01-27 19:14:22,868 | INFO | Chunk: 13 | WER=40.000000 | S=2 D=0 I=0
2026-01-27 19:14:22,868 | INFO | Chunk: 14 | WER=23.076923 | S=3 D=0 I=0
2026-01-27 19:14:22,869 | INFO | Chunk: 15 | WER=0.000000 | S=0 D=0 I=0
2026-01-27 19:14:22,869 | INFO | Chunk: 16 | WER=5.882353 | S=0 D=0 I=1
2026-01-27 19:14:22,869 | INFO | Chunk: 17 | WER=38.461538 | S=2 D=0 I=3
2026-01-27 19:14:22,870 | INFO | Chunk: 18 | WER=14.285714 | S=1 D=0 I=0
2026-01-27 19:14:22,870 | INFO | Chunk: 19 | WER=33.333333 | S=1 D=1 I=0
2026-01-27 19:14:22,870 | INFO | Chunk: 20 | WER=11.111111 | S=0 D=1 I=0
2026-01-27 19:14:22,870 | INFO | Chunk: 21 | WER=15.384615 | S=1 D=1 I=0
2026-01-27 19:14:22,893 | INFO | File: MO_H_SD11_2016_04_25_ModuleDescription_description.wav | WER=17.857143 | S=24 D=6 I=10
2026-01-27 19:14:22,893 | INFO | ------------------------------
2026-01-27 19:14:22,894 | INFO |  File duration: 196.76589569160998 seconds
2026-01-27 19:14:27,620 | INFO | Using rVAD model
2026-01-27 19:14:36,336 | INFO | Number of chunks: 20
2026-01-27 19:16:16,949 | INFO | Chunk: 0 | WER=0.000000 | S=0 D=0 I=0
2026-01-27 19:16:16,950 | INFO | Chunk: 1 | WER=14.285714 | S=2 D=1 I=0
2026-01-27 19:16:16,950 | INFO | Chunk: 2 | WER=8.333333 | S=1 D=0 I=0
2026-01-27 19:16:16,951 | INFO | Chunk: 3 | WER=5.000000 | S=1 D=0 I=1
2026-01-27 19:16:16,952 | INFO | Chunk: 4 | WER=9.677419 | S=2 D=0 I=1
2026-01-27 19:16:16,953 | INFO | Chunk: 5 | WER=9.375000 | S=1 D=2 I=0
2026-01-27 19:16:16,953 | INFO | Chunk: 6 | WER=34.782609 | S=2 D=1 I=5
2026-01-27 19:16:16,954 | INFO | Chunk: 7 | WER=25.000000 | S=2 D=1 I=1
2026-01-27 19:16:16,954 | INFO | Chunk: 8 | WER=18.518519 | S=2 D=0 I=3
2026-01-27 19:16:16,955 | INFO | Chunk: 9 | WER=0.000000 | S=0 D=0 I=0
2026-01-27 19:16:16,955 | INFO | Chunk: 10 | WER=0.000000 | S=0 D=0 I=0
2026-01-27 19:16:16,955 | INFO | Chunk: 11 | WER=27.777778 | S=2 D=0 I=3
2026-01-27 19:16:16,956 | INFO | Chunk: 12 | WER=19.047619 | S=2 D=1 I=1
2026-01-27 19:16:16,956 | INFO | Chunk: 13 | WER=30.769231 | S=4 D=0 I=0
2026-01-27 19:16:16,956 | INFO | Chunk: 14 | WER=15.384615 | S=0 D=0 I=2
2026-01-27 19:16:16,957 | INFO | Chunk: 15 | WER=20.833333 | S=3 D=0 I=2
2026-01-27 19:16:16,957 | INFO | Chunk: 17 | WER=16.666667 | S=1 D=0 I=0
2026-01-27 19:16:16,957 | INFO | Chunk: 18 | WER=0.000000 | S=0 D=0 I=0
2026-01-27 19:16:16,957 | INFO | Chunk: 19 | WER=100.000000 | S=1 D=0 I=0
2026-01-27 19:16:17,010 | INFO | File: MO_H_SD13_2016_04_25_ModuleDescription_description.wav | WER=14.868805 | S=26 D=6 I=19
2026-01-27 19:16:17,011 | INFO | ------------------------------
2026-01-27 19:16:17,011 | INFO |  File duration: 221.5183673469388 seconds
2026-01-27 19:16:22,329 | INFO | Using rVAD model
2026-01-27 19:16:31,999 | INFO | Number of chunks: 15
2026-01-27 19:18:21,796 | INFO | Chunk: 0 | WER=15.555556 | S=4 D=0 I=3
2026-01-27 19:18:21,797 | INFO | Chunk: 1 | WER=28.947368 | S=3 D=3 I=5
2026-01-27 19:18:21,798 | INFO | Chunk: 2 | WER=18.421053 | S=2 D=1 I=4
2026-01-27 19:18:21,799 | INFO | Chunk: 3 | WER=26.923077 | S=3 D=3 I=1
2026-01-27 19:18:21,799 | INFO | Chunk: 4 | WER=0.000000 | S=0 D=0 I=0
2026-01-27 19:18:21,801 | INFO | Chunk: 5 | WER=20.408163 | S=5 D=3 I=2
2026-01-27 19:18:21,801 | INFO | Chunk: 6 | WER=16.666667 | S=1 D=1 I=0
2026-01-27 19:18:21,801 | INFO | Chunk: 7 | WER=26.666667 | S=3 D=0 I=1
2026-01-27 19:18:21,802 | INFO | Chunk: 8 | WER=8.333333 | S=0 D=0 I=1
2026-01-27 19:18:21,804 | INFO | Chunk: 9 | WER=10.344828 | S=3 D=0 I=3
2026-01-27 19:18:21,804 | INFO | Chunk: 10 | WER=0.000000 | S=0 D=0 I=0
2026-01-27 19:18:21,804 | INFO | Chunk: 11 | WER=0.000000 | S=0 D=0 I=0
2026-01-27 19:18:21,805 | INFO | Chunk: 12 | WER=20.000000 | S=1 D=0 I=1
2026-01-27 19:18:21,806 | INFO | Chunk: 13 | WER=26.923077 | S=8 D=3 I=3
2026-01-27 19:18:21,807 | INFO | Chunk: 14 | WER=14.285714 | S=3 D=2 I=0
2026-01-27 19:18:21,884 | INFO | File: MO_H_SD13_2016_08_13_ModuleDescription_description.wav | WER=18.313253 | S=36 D=16 I=24
2026-01-27 19:18:21,884 | INFO | ------------------------------
2026-01-27 19:18:21,884 | INFO |  File duration: 77.99582766439909 seconds
2026-01-27 19:18:23,856 | INFO | Using rVAD model
2026-01-27 19:18:27,168 | INFO | Number of chunks: 6
2026-01-27 19:19:01,915 | INFO | Chunk: 0 | WER=29.268293 | S=7 D=3 I=2
2026-01-27 19:19:01,919 | INFO | Chunk: 1 | WER=9.302326 | S=5 D=2 I=1
2026-01-27 19:19:01,922 | INFO | Chunk: 2 | WER=14.666667 | S=7 D=4 I=0
2026-01-27 19:19:01,923 | INFO | Chunk: 3 | WER=30.000000 | S=6 D=3 I=0
2026-01-27 19:19:01,923 | INFO | Chunk: 4 | WER=100.000000 | S=1 D=2 I=0
2026-01-27 19:19:01,923 | INFO | Chunk: 5 | WER=0.000000 | S=0 D=0 I=0
2026-01-27 19:19:01,948 | INFO | File: MO_H_SD25_2016_05_12_ModuleDescription_description.wav | WER=18.220339 | S=25 D=15 I=3
2026-01-27 19:19:01,948 | INFO | ------------------------------
2026-01-27 19:19:01,948 | INFO |  File duration: 64.92299319727891 seconds
2026-01-27 19:19:03,555 | INFO | Using rVAD model
2026-01-27 19:19:06,332 | INFO | Number of chunks: 9
2026-01-27 19:19:44,609 | INFO | Chunk: 0 | WER=12.790698 | S=4 D=6 I=1
2026-01-27 19:19:44,610 | INFO | Chunk: 1 | WER=15.384615 | S=1 D=1 I=0
2026-01-27 19:19:44,610 | INFO | Chunk: 2 | WER=20.000000 | S=0 D=0 I=1
2026-01-27 19:19:44,610 | INFO | Chunk: 3 | WER=33.333333 | S=4 D=2 I=0
2026-01-27 19:19:44,611 | INFO | Chunk: 4 | WER=32.000000 | S=2 D=2 I=4
2026-01-27 19:19:44,611 | INFO | Chunk: 5 | WER=0.000000 | S=0 D=0 I=0
2026-01-27 19:19:44,611 | INFO | Chunk: 7 | WER=700.000000 | S=1 D=0 I=6
2026-01-27 19:19:44,611 | INFO | Chunk: 8 | WER=50.000000 | S=0 D=1 I=0
2026-01-27 19:19:44,623 | INFO | File: MO_H_SD30_2016_05_21_ModuleDescription_description.wav | WER=23.026316 | S=12 D=11 I=12
2026-01-27 19:19:44,623 | INFO | ------------------------------
2026-01-27 19:19:44,624 | INFO |  File duration: 86.98195011337869 seconds
2026-01-27 19:19:46,862 | INFO | Using rVAD model
2026-01-27 19:19:50,548 | INFO | Number of chunks: 14
2026-01-27 19:20:46,674 | INFO | Chunk: 0 | WER=0.000000 | S=0 D=0 I=0
2026-01-27 19:20:46,675 | INFO | Chunk: 1 | WER=18.181818 | S=1 D=0 I=1
2026-01-27 19:20:46,675 | INFO | Chunk: 2 | WER=45.454545 | S=4 D=0 I=1
2026-01-27 19:20:46,675 | INFO | Chunk: 3 | WER=0.000000 | S=0 D=0 I=0
2026-01-27 19:20:46,676 | INFO | Chunk: 4 | WER=14.285714 | S=1 D=1 I=0
2026-01-27 19:20:46,676 | INFO | Chunk: 5 | WER=0.000000 | S=0 D=0 I=0
2026-01-27 19:20:46,676 | INFO | Chunk: 6 | WER=0.000000 | S=0 D=0 I=0
2026-01-27 19:20:46,676 | INFO | Chunk: 7 | WER=0.000000 | S=0 D=0 I=0
2026-01-27 19:20:46,676 | INFO | Chunk: 8 | WER=7.692308 | S=0 D=1 I=0
2026-01-27 19:20:46,677 | INFO | Chunk: 9 | WER=44.444444 | S=1 D=3 I=0
2026-01-27 19:20:46,677 | INFO | Chunk: 10 | WER=16.666667 | S=2 D=0 I=0
2026-01-27 19:20:46,677 | INFO | Chunk: 11 | WER=6.250000 | S=0 D=0 I=1
2026-01-27 19:20:46,678 | INFO | Chunk: 12 | WER=14.285714 | S=0 D=0 I=1
2026-01-27 19:20:46,678 | INFO | Chunk: 13 | WER=0.000000 | S=0 D=0 I=0
2026-01-27 19:20:46,689 | INFO | File: MO_H_SD36_2016_06_23_ModuleDescription_description.wav | WER=12.587413 | S=9 D=5 I=4
2026-01-27 19:20:46,689 | INFO | ------------------------------
2026-01-27 19:20:46,689 | INFO | ===================== GLOBAL WER ======================
2026-01-27 19:20:46,689 | INFO | The number of files is 68
2026-01-27 19:20:46,689 | INFO | WER: 26.87%
2026-01-27 19:20:46,690 | INFO | =============================================================
