2026-01-27 19:53:11,544 | INFO |  File duration: 51.82693877551021 seconds
2026-01-27 19:53:13,377 | INFO | Using rVAD model
2026-01-27 19:53:15,601 | INFO | Number of chunks: 2
2026-01-27 19:53:51,509 | INFO | Chunk: 0 | WER=36.585366 | S=14 D=8 I=8
2026-01-27 19:53:51,514 | INFO | Chunk: 1 | WER=48.543689 | S=33 D=17 I=0
2026-01-27 19:53:51,530 | INFO | File: CCM-001773-01_L01.wav | WER=43.243243 | S=47 D=25 I=8
2026-01-27 19:53:51,530 | INFO | ------------------------------
2026-01-27 19:53:51,531 | INFO |  File duration: 76.16145124716553 seconds
2026-01-27 19:53:53,380 | INFO | Using rVAD model
2026-01-27 19:53:56,741 | INFO | Number of chunks: 14
2026-01-27 19:55:21,595 | INFO | Chunk: 0 | WER=27.777778 | S=3 D=2 I=0
2026-01-27 19:55:21,596 | INFO | Chunk: 1 | WER=42.857143 | S=3 D=1 I=2
2026-01-27 19:55:21,596 | INFO | Chunk: 2 | WER=11.111111 | S=1 D=0 I=0
2026-01-27 19:55:21,596 | INFO | Chunk: 3 | WER=38.888889 | S=4 D=2 I=1
2026-01-27 19:55:21,597 | INFO | Chunk: 4 | WER=25.000000 | S=2 D=1 I=0
2026-01-27 19:55:21,597 | INFO | Chunk: 5 | WER=35.294118 | S=5 D=1 I=0
2026-01-27 19:55:21,598 | INFO | Chunk: 6 | WER=46.153846 | S=4 D=2 I=0
2026-01-27 19:55:21,598 | INFO | Chunk: 7 | WER=84.615385 | S=8 D=3 I=0
2026-01-27 19:55:21,598 | INFO | Chunk: 8 | WER=66.666667 | S=1 D=0 I=1
2026-01-27 19:55:21,598 | INFO | Chunk: 9 | WER=120.000000 | S=5 D=0 I=1
2026-01-27 19:55:21,599 | INFO | Chunk: 10 | WER=64.285714 | S=8 D=1 I=0
2026-01-27 19:55:21,600 | INFO | Chunk: 11 | WER=70.370370 | S=18 D=1 I=0
2026-01-27 19:55:21,600 | INFO | Chunk: 12 | WER=116.666667 | S=4 D=0 I=3
2026-01-27 19:55:21,600 | INFO | Chunk: 13 | WER=100.000000 | S=5 D=3 I=0
2026-01-27 19:55:21,616 | INFO | File: CCM-003130-01_L01.wav | WER=53.142857 | S=76 D=12 I=5
2026-01-27 19:55:21,616 | INFO | ------------------------------
2026-01-27 19:55:21,616 | INFO |  File duration: 69.47410430839003 seconds
2026-01-27 19:55:23,299 | INFO | Using rVAD model
2026-01-27 19:55:26,437 | INFO | Number of chunks: 5
2026-01-27 19:56:14,952 | INFO | Chunk: 0 | WER=29.069767 | S=15 D=10 I=0
2026-01-27 19:56:14,952 | INFO | Chunk: 1 | WER=37.500000 | S=2 D=1 I=0
2026-01-27 19:56:14,955 | INFO | Chunk: 2 | WER=64.864865 | S=35 D=6 I=7
2026-01-27 19:56:14,956 | INFO | Chunk: 3 | WER=46.666667 | S=3 D=4 I=0
2026-01-27 19:56:14,956 | INFO | Chunk: 4 | WER=33.333333 | S=1 D=1 I=1
2026-01-27 19:56:14,972 | INFO | File: CCM-003148-01_L01.wav | WER=42.045455 | S=52 D=10 I=12
2026-01-27 19:56:14,972 | INFO | ------------------------------
2026-01-27 19:56:14,973 | INFO |  File duration: 63.15827664399093 seconds
2026-01-27 19:56:16,561 | INFO | Using rVAD model
2026-01-27 19:56:19,433 | INFO | Number of chunks: 4
2026-01-27 19:56:58,677 | INFO | Chunk: 0 | WER=24.390244 | S=4 D=4 I=2
2026-01-27 19:56:58,679 | INFO | Chunk: 1 | WER=25.531915 | S=9 D=3 I=0
2026-01-27 19:56:58,684 | INFO | Chunk: 2 | WER=48.453608 | S=29 D=16 I=2
2026-01-27 19:56:58,685 | INFO | Chunk: 3 | WER=40.000000 | S=1 D=1 I=0
2026-01-27 19:56:58,700 | INFO | File: CCM-003346-01_L01.wav | WER=32.163743 | S=40 D=8 I=7
2026-01-27 19:56:58,700 | INFO | ------------------------------
2026-01-27 19:56:58,700 | INFO |  File duration: 84.14911564625851 seconds
2026-01-27 19:57:00,775 | INFO | Using rVAD model
2026-01-27 19:57:04,348 | INFO | Number of chunks: 7
2026-01-27 19:57:56,014 | INFO | Chunk: 0 | WER=12.500000 | S=0 D=1 I=0
2026-01-27 19:57:56,014 | INFO | Chunk: 1 | WER=11.764706 | S=2 D=0 I=0
2026-01-27 19:57:56,016 | INFO | Chunk: 2 | WER=24.324324 | S=6 D=1 I=2
2026-01-27 19:57:56,017 | INFO | Chunk: 3 | WER=33.333333 | S=10 D=1 I=1
2026-01-27 19:57:56,018 | INFO | Chunk: 4 | WER=34.782609 | S=5 D=2 I=1
2026-01-27 19:57:56,019 | INFO | Chunk: 5 | WER=50.000000 | S=11 D=3 I=0
2026-01-27 19:57:56,020 | INFO | Chunk: 6 | WER=39.024390 | S=13 D=2 I=1
2026-01-27 19:57:56,036 | INFO | File: CCM-003557-01_L01.wav | WER=31.638418 | S=38 D=5 I=13
2026-01-27 19:57:56,036 | INFO | ------------------------------
2026-01-27 19:57:56,037 | INFO |  File duration: 124.83047619047619 seconds
2026-01-27 19:57:59,067 | INFO | Using rVAD model
2026-01-27 19:58:04,539 | INFO | Number of chunks: 27
2026-01-27 20:00:26,560 | INFO | Chunk: 0 | WER=35.294118 | S=3 D=2 I=1
2026-01-27 20:00:26,560 | INFO | Chunk: 1 | WER=100.000000 | S=2 D=0 I=0
2026-01-27 20:00:26,560 | INFO | Chunk: 2 | WER=61.538462 | S=5 D=0 I=3
2026-01-27 20:00:26,561 | INFO | Chunk: 3 | WER=77.777778 | S=4 D=0 I=3
2026-01-27 20:00:26,561 | INFO | Chunk: 4 | WER=100.000000 | S=2 D=0 I=1
2026-01-27 20:00:26,561 | INFO | Chunk: 5 | WER=75.000000 | S=6 D=1 I=2
2026-01-27 20:00:26,561 | INFO | Chunk: 6 | WER=66.666667 | S=1 D=1 I=0
2026-01-27 20:00:26,561 | INFO | Chunk: 7 | WER=100.000000 | S=2 D=1 I=0
2026-01-27 20:00:26,562 | INFO | Chunk: 8 | WER=46.153846 | S=6 D=6 I=0
2026-01-27 20:00:26,562 | INFO | Chunk: 9 | WER=71.428571 | S=4 D=0 I=1
2026-01-27 20:00:26,562 | INFO | Chunk: 10 | WER=20.000000 | S=1 D=0 I=0
2026-01-27 20:00:26,563 | INFO | Chunk: 11 | WER=25.000000 | S=1 D=1 I=0
2026-01-27 20:00:26,563 | INFO | Chunk: 12 | WER=100.000000 | S=5 D=5 I=0
2026-01-27 20:00:26,563 | INFO | Chunk: 13 | WER=100.000000 | S=2 D=1 I=0
2026-01-27 20:00:26,563 | INFO | Chunk: 14 | WER=100.000000 | S=2 D=1 I=0
2026-01-27 20:00:26,563 | INFO | Chunk: 15 | WER=100.000000 | S=1 D=0 I=0
2026-01-27 20:00:26,563 | INFO | Chunk: 16 | WER=50.000000 | S=2 D=0 I=0
2026-01-27 20:00:26,564 | INFO | Chunk: 17 | WER=200.000000 | S=1 D=0 I=1
2026-01-27 20:00:26,564 | INFO | Chunk: 18 | WER=100.000000 | S=2 D=2 I=0
2026-01-27 20:00:26,564 | INFO | Chunk: 19 | WER=120.000000 | S=4 D=0 I=2
2026-01-27 20:00:26,564 | INFO | Chunk: 20 | WER=83.333333 | S=6 D=3 I=1
2026-01-27 20:00:26,564 | INFO | Chunk: 21 | WER=200.000000 | S=1 D=0 I=1
2026-01-27 20:00:26,565 | INFO | Chunk: 22 | WER=62.500000 | S=2 D=2 I=1
2026-01-27 20:00:26,565 | INFO | Chunk: 23 | WER=133.333333 | S=2 D=0 I=2
2026-01-27 20:00:26,565 | INFO | Chunk: 24 | WER=100.000000 | S=12 D=1 I=0
2026-01-27 20:00:26,565 | INFO | Chunk: 25 | WER=57.142857 | S=4 D=0 I=0
2026-01-27 20:00:26,566 | INFO | Chunk: 26 | WER=60.000000 | S=6 D=3 I=0
2026-01-27 20:00:26,582 | INFO | File: CCM-003733-01_L01.wav | WER=70.833333 | S=82 D=9 I=28
2026-01-27 20:00:26,582 | INFO | ------------------------------
2026-01-27 20:00:26,582 | INFO |  File duration: 73.3750566893424 seconds
2026-01-27 20:00:28,322 | INFO | Using rVAD model
2026-01-27 20:00:31,580 | INFO | Number of chunks: 11
2026-01-27 20:01:32,964 | INFO | Chunk: 0 | WER=3.125000 | S=1 D=0 I=0
2026-01-27 20:01:32,964 | INFO | Chunk: 1 | WER=0.000000 | S=0 D=0 I=0
2026-01-27 20:01:32,965 | INFO | Chunk: 2 | WER=25.000000 | S=0 D=0 I=3
2026-01-27 20:01:32,965 | INFO | Chunk: 3 | WER=40.000000 | S=5 D=1 I=0
2026-01-27 20:01:32,966 | INFO | Chunk: 4 | WER=18.181818 | S=4 D=0 I=0
2026-01-27 20:01:32,966 | INFO | Chunk: 5 | WER=80.000000 | S=4 D=0 I=0
2026-01-27 20:01:32,967 | INFO | Chunk: 6 | WER=33.333333 | S=3 D=3 I=0
2026-01-27 20:01:32,967 | INFO | Chunk: 7 | WER=41.666667 | S=4 D=1 I=0
2026-01-27 20:01:32,968 | INFO | Chunk: 8 | WER=31.250000 | S=4 D=1 I=0
2026-01-27 20:01:32,968 | INFO | Chunk: 9 | WER=27.272727 | S=3 D=0 I=0
2026-01-27 20:01:32,969 | INFO | Chunk: 10 | WER=17.241379 | S=4 D=1 I=0
2026-01-27 20:01:32,986 | INFO | File: CCM-003734-01_L01.wav | WER=24.293785 | S=31 D=6 I=6
2026-01-27 20:01:32,986 | INFO | ------------------------------
2026-01-27 20:01:32,986 | INFO |  File duration: 68.89360544217688 seconds
2026-01-27 20:01:34,613 | INFO | Using rVAD model
2026-01-27 20:01:37,529 | INFO | Number of chunks: 8
2026-01-27 20:02:43,607 | INFO | Chunk: 0 | WER=31.250000 | S=4 D=3 I=3
2026-01-27 20:02:43,607 | INFO | Chunk: 1 | WER=50.000000 | S=3 D=2 I=0
2026-01-27 20:02:43,608 | INFO | Chunk: 2 | WER=100.000000 | S=1 D=8 I=0
2026-01-27 20:02:43,609 | INFO | Chunk: 3 | WER=34.146341 | S=6 D=8 I=0
2026-01-27 20:02:43,610 | INFO | Chunk: 4 | WER=57.142857 | S=4 D=0 I=0
2026-01-27 20:02:43,610 | INFO | Chunk: 5 | WER=62.857143 | S=14 D=5 I=3
2026-01-27 20:02:43,611 | INFO | Chunk: 6 | WER=52.941176 | S=7 D=2 I=0
2026-01-27 20:02:43,612 | INFO | Chunk: 7 | WER=47.619048 | S=17 D=3 I=0
2026-01-27 20:02:43,627 | INFO | File: CCM-003848-01_L01.wav | WER=45.197740 | S=52 D=19 I=9
2026-01-27 20:02:43,627 | INFO | ------------------------------
2026-01-27 20:02:43,628 | INFO | ===================== GLOBAL WER ======================
2026-01-27 20:02:43,628 | INFO | The number of files is 8
2026-01-27 20:02:43,628 | INFO | WER: 42.82%
2026-01-27 20:02:43,628 | INFO | =============================================================
