2026-01-23 16:38:32,769 | INFO |  File duration: 68.39650793650793 seconds
2026-01-23 16:38:56,507 | INFO | File: AEX-CAB000-02_L01.wav | WER=14.689266 | S=21 D=4 I=1
2026-01-23 16:38:56,507 | INFO | ------------------------------
2026-01-23 16:38:56,508 | INFO |  File duration: 71.22968253968254 seconds
2026-01-23 16:39:27,140 | INFO | File: AEX-CAC000-02_L01.wav | WER=27.840909 | S=25 D=8 I=16
2026-01-23 16:39:27,140 | INFO | ------------------------------
2026-01-23 16:39:27,140 | INFO |  File duration: 70.09696145124717 seconds
2026-01-23 16:39:52,953 | INFO | File: AEX-CAG000-01_L01.wav | WER=21.022727 | S=24 D=8 I=5
2026-01-23 16:39:52,954 | INFO | ------------------------------
2026-01-23 16:39:52,954 | INFO |  File duration: 75.73018140589569 seconds
2026-01-23 16:40:22,507 | INFO | File: AEX-CLJ000-02_L01.wav | WER=28.977273 | S=22 D=4 I=25
2026-01-23 16:40:22,507 | INFO | ------------------------------
2026-01-23 16:40:22,508 | INFO |  File duration: 58.55369614512472 seconds
2026-01-23 16:40:43,429 | INFO | File: AEX-CML000-01_L01.wav | WER=18.750000 | S=24 D=5 I=4
2026-01-23 16:40:43,429 | INFO | ------------------------------
2026-01-23 16:40:43,430 | INFO |  File duration: 76.21907029478459 seconds
2026-01-23 16:41:16,534 | INFO | File: AEX-CSR000-01_L01.wav | WER=20.338983 | S=29 D=3 I=4
2026-01-23 16:41:16,534 | INFO | ------------------------------
2026-01-23 16:41:16,535 | INFO |  File duration: 86.34117913832199 seconds
2026-01-23 16:41:48,632 | INFO | File: BEX-CDB000-01_L01.wav | WER=17.514124 | S=25 D=4 I=2
2026-01-23 16:41:48,632 | INFO | ------------------------------
2026-01-23 16:41:48,632 | INFO |  File duration: 72.99619047619048 seconds
2026-01-23 16:42:21,147 | INFO | File: BEX-CEB000-01_L01.wav | WER=25.568182 | S=28 D=11 I=6
2026-01-23 16:42:21,147 | INFO | ------------------------------
2026-01-23 16:42:21,148 | INFO |  File duration: 60.74340136054422 seconds
2026-01-23 16:42:45,924 | INFO | File: BEX-CHE000-01_L01.wav | WER=18.079096 | S=25 D=6 I=1
2026-01-23 16:42:45,924 | INFO | ------------------------------
2026-01-23 16:42:45,925 | INFO |  File duration: 77.60358276643991 seconds
2026-01-23 16:43:11,636 | INFO | File: BEX-CKN000-01_L01.wav | WER=14.689266 | S=20 D=3 I=3
2026-01-23 16:43:11,636 | INFO | ------------------------------
2026-01-23 16:43:11,636 | INFO |  File duration: 80.38402083333334 seconds
2026-01-23 16:43:39,225 | INFO | File: BEX-CMB000-01_L01.wav | WER=19.774011 | S=23 D=2 I=10
2026-01-23 16:43:39,225 | INFO | ------------------------------
2026-01-23 16:43:39,226 | INFO |  File duration: 77.83328798185941 seconds
2026-01-23 16:44:15,364 | INFO | File: BEX-CNKN00-01_L01.wav | WER=26.553672 | S=29 D=13 I=5
2026-01-23 16:44:15,364 | INFO | ------------------------------
2026-01-23 16:44:15,364 | INFO | ===================== GLOBAL WER ======================
2026-01-23 16:44:15,364 | INFO | The number of files is 12
2026-01-23 16:44:15,364 | INFO | WER: 21.15%
2026-01-23 16:44:15,365 | INFO | =============================================================
