2026-01-16 08:11:32,817 | INFO | Fetch hyperparams.yaml: Using file found at '/vol/experiments3/imbenamor/TAPAS-FRAIS/models/asr-whisper-medium-commonvoice-fr/hyperparams.yaml'
2026-01-16 08:11:32,817 | DEBUG | Fetch: Source and destination '/vol/experiments3/imbenamor/TAPAS-FRAIS/models/asr-whisper-medium-commonvoice-fr/custom.py' are identical, returning assuming this is intended
2026-01-16 08:11:35,429 | WARNING | speechbrain.lobes.models.huggingface_transformers.huggingface - WhisperModel is frozen.
2026-01-16 08:11:35,430 | WARNING | speechbrain.lobes.models.huggingface_transformers.whisper - whisper encoder-decoder is frozen.
2026-01-16 08:11:35,548 | DEBUG | Collecting files (or symlinks) for pretraining in /vol/experiments3/imbenamor/TAPAS-FRAIS/models/asr-whisper-medium-commonvoice-fr.
2026-01-16 08:11:35,548 | INFO | Fetch whisper.ckpt: Using file found at '/vol/experiments3/imbenamor/TAPAS-FRAIS/models/asr-whisper-medium-commonvoice-fr/whisper.ckpt'
2026-01-16 08:11:35,548 | DEBUG | Set local path in self.paths["whisper"] = /vol/experiments3/imbenamor/TAPAS-FRAIS/models/asr-whisper-medium-commonvoice-fr/whisper.ckpt
2026-01-16 08:11:35,548 | INFO | Loading pretrained files for: whisper
2026-01-16 08:11:35,548 | DEBUG | Redirecting (loading from local path): whisper -> /vol/experiments3/imbenamor/TAPAS-FRAIS/models/asr-whisper-medium-commonvoice-fr/whisper.ckpt
2026-01-16 08:11:40,940 | INFO |  File duration: 78.42133333333334 seconds
2026-01-16 08:11:52,272 | INFO | Chunk: 0 | WER=21.052632 | S=3 D=1 I=0
2026-01-16 08:11:52,273 | INFO | Chunk: 1 | WER=37.500000 | S=3 D=0 I=0
2026-01-16 08:11:52,273 | INFO | Chunk: 2 | WER=33.333333 | S=2 D=0 I=0
2026-01-16 08:11:52,273 | INFO | Chunk: 3 | WER=55.555556 | S=5 D=0 I=0
2026-01-16 08:11:52,273 | INFO | Chunk: 4 | WER=11.764706 | S=2 D=0 I=0
2026-01-16 08:11:52,274 | INFO | Chunk: 5 | WER=28.571429 | S=1 D=1 I=0
2026-01-16 08:11:52,274 | INFO | Chunk: 6 | WER=37.500000 | S=1 D=2 I=0
2026-01-16 08:11:52,274 | INFO | Chunk: 7 | WER=50.000000 | S=7 D=2 I=0
2026-01-16 08:11:52,274 | INFO | Chunk: 8 | WER=57.142857 | S=4 D=3 I=1
2026-01-16 08:11:52,275 | INFO | Chunk: 9 | WER=20.000000 | S=1 D=0 I=1
2026-01-16 08:11:52,275 | INFO | Chunk: 10 | WER=61.538462 | S=4 D=4 I=0
2026-01-16 08:11:52,275 | INFO | Chunk: 11 | WER=40.000000 | S=4 D=2 I=0
2026-01-16 08:11:52,276 | INFO | Chunk: 12 | WER=50.000000 | S=8 D=0 I=1
2026-01-16 08:11:52,276 | INFO | Chunk: 13 | WER=150.000000 | S=2 D=0 I=1
2026-01-16 08:11:52,276 | INFO | Chunk: 14 | WER=41.666667 | S=5 D=0 I=0
2026-01-16 08:11:52,276 | INFO | Chunk: 15 | WER=75.000000 | S=6 D=0 I=0
2026-01-16 08:11:52,276 | INFO | ------------------------------
2026-01-16 08:11:52,276 | INFO | ------------------------------
2026-01-16 08:11:52,289 | INFO | File: /vol/corpora/TAPAS_FRAIS/Data_partagees_ParisTypaloc-TapasFrais/12-SLA/PHO-000024-01_L01.wav | WER=41.304348 | S=59 D=14 I=3
2026-01-16 08:11:52,289 | INFO | ------------------------------
2026-01-16 08:11:52,289 | INFO | ------------------------------
2026-01-16 08:11:52,289 | INFO |  File duration: 217.77066666666667 seconds
2026-01-16 08:12:06,442 | INFO | Chunk: 0 | WER=100.000000 | S=1 D=1 I=0
2026-01-16 08:12:06,442 | INFO | Chunk: 1 | WER=27.272727 | S=2 D=1 I=0
2026-01-16 08:12:06,443 | INFO | Chunk: 2 | WER=100.000000 | S=4 D=1 I=0
2026-01-16 08:12:06,443 | INFO | Chunk: 3 | WER=0.000000 | S=0 D=0 I=0
2026-01-16 08:12:06,443 | INFO | Chunk: 4 | WER=150.000000 | S=2 D=0 I=1
2026-01-16 08:12:06,443 | INFO | Chunk: 5 | WER=16.666667 | S=0 D=1 I=0
2026-01-16 08:12:06,443 | INFO | Chunk: 6 | WER=40.000000 | S=3 D=1 I=0
2026-01-16 08:12:06,444 | INFO | Chunk: 7 | WER=28.571429 | S=2 D=0 I=0
2026-01-16 08:12:06,444 | INFO | Chunk: 8 | WER=30.000000 | S=3 D=0 I=0
2026-01-16 08:12:06,444 | INFO | Chunk: 9 | WER=50.000000 | S=1 D=2 I=0
2026-01-16 08:12:06,444 | INFO | Chunk: 10 | WER=100.000000 | S=2 D=4 I=0
2026-01-16 08:12:06,444 | INFO | Chunk: 11 | WER=0.000000 | S=0 D=0 I=0
2026-01-16 08:12:06,444 | INFO | Chunk: 12 | WER=66.666667 | S=1 D=0 I=1
2026-01-16 08:12:06,445 | INFO | Chunk: 13 | WER=90.909091 | S=9 D=1 I=0
2026-01-16 08:12:06,445 | INFO | Chunk: 14 | WER=100.000000 | S=6 D=2 I=0
2026-01-16 08:12:06,445 | INFO | Chunk: 15 | WER=133.333333 | S=3 D=0 I=1
2026-01-16 08:12:06,445 | INFO | Chunk: 16 | WER=50.000000 | S=1 D=0 I=1
2026-01-16 08:12:06,445 | INFO | Chunk: 17 | WER=80.000000 | S=7 D=1 I=0
2026-01-16 08:12:06,446 | INFO | Chunk: 18 | WER=25.000000 | S=1 D=0 I=0
2026-01-16 08:12:06,446 | INFO | Chunk: 19 | WER=20.000000 | S=2 D=0 I=0
2026-01-16 08:12:06,446 | INFO | Chunk: 20 | WER=166.666667 | S=3 D=0 I=2
2026-01-16 08:12:06,446 | INFO | Chunk: 21 | WER=66.666667 | S=2 D=0 I=0
2026-01-16 08:12:06,446 | INFO | Chunk: 22 | WER=80.000000 | S=3 D=1 I=0
2026-01-16 08:12:06,446 | INFO | Chunk: 23 | WER=100.000000 | S=3 D=0 I=0
2026-01-16 08:12:06,446 | INFO | Chunk: 24 | WER=100.000000 | S=5 D=0 I=0
2026-01-16 08:12:06,447 | INFO | Chunk: 25 | WER=50.000000 | S=3 D=0 I=0
2026-01-16 08:12:06,447 | INFO | Chunk: 26 | WER=85.714286 | S=5 D=0 I=1
2026-01-16 08:12:06,447 | INFO | Chunk: 27 | WER=125.000000 | S=4 D=0 I=1
2026-01-16 08:12:06,447 | INFO | Chunk: 28 | WER=14.285714 | S=1 D=0 I=0
2026-01-16 08:12:06,447 | INFO | Chunk: 29 | WER=100.000000 | S=1 D=1 I=0
2026-01-16 08:12:06,447 | INFO | Chunk: 30 | WER=66.666667 | S=1 D=0 I=1
2026-01-16 08:12:06,448 | INFO | Chunk: 31 | WER=0.000000 | S=0 D=0 I=0
2026-01-16 08:12:06,448 | INFO | Chunk: 32 | WER=125.000000 | S=3 D=0 I=2
2026-01-16 08:12:06,448 | INFO | Chunk: 33 | WER=0.000000 | S=0 D=0 I=0
2026-01-16 08:12:06,448 | INFO | Chunk: 34 | WER=75.000000 | S=3 D=2 I=1
2026-01-16 08:12:06,448 | INFO | ------------------------------
2026-01-16 08:12:06,448 | INFO | ------------------------------
2026-01-16 08:12:06,462 | INFO | File: /vol/corpora/TAPAS_FRAIS/Data_partagees_ParisTypaloc-TapasFrais/12-SLA/PHO-000566-01_L01.wav | WER=60.621762 | S=90 D=17 I=10
2026-01-16 08:12:06,462 | INFO | ------------------------------
2026-01-16 08:12:06,462 | INFO | ------------------------------
2026-01-16 08:12:06,463 | INFO |  File duration: 142.57052154195011 seconds
2026-01-16 08:12:16,641 | INFO | Chunk: 0 | WER=15.000000 | S=1 D=2 I=0
2026-01-16 08:12:16,642 | INFO | Chunk: 1 | WER=41.176471 | S=4 D=3 I=0
2026-01-16 08:12:16,642 | INFO | Chunk: 2 | WER=66.666667 | S=6 D=0 I=0
2026-01-16 08:12:16,642 | INFO | Chunk: 3 | WER=38.888889 | S=5 D=2 I=0
2026-01-16 08:12:16,643 | INFO | Chunk: 4 | WER=28.571429 | S=1 D=1 I=0
2026-01-16 08:12:16,643 | INFO | Chunk: 5 | WER=0.000000 | S=0 D=0 I=0
2026-01-16 08:12:16,643 | INFO | Chunk: 6 | WER=18.181818 | S=1 D=0 I=1
2026-01-16 08:12:16,643 | INFO | Chunk: 7 | WER=14.285714 | S=1 D=0 I=0
2026-01-16 08:12:16,644 | INFO | Chunk: 8 | WER=28.000000 | S=4 D=2 I=1
2026-01-16 08:12:16,644 | INFO | Chunk: 9 | WER=50.000000 | S=5 D=1 I=0
2026-01-16 08:12:16,644 | INFO | Chunk: 10 | WER=28.571429 | S=4 D=0 I=0
2026-01-16 08:12:16,645 | INFO | Chunk: 11 | WER=45.454545 | S=5 D=0 I=0
2026-01-16 08:12:16,645 | INFO | Chunk: 12 | WER=0.000000 | S=0 D=0 I=0
2026-01-16 08:12:16,645 | INFO | Chunk: 13 | WER=150.000000 | S=2 D=0 I=1
2026-01-16 08:12:16,645 | INFO | Chunk: 14 | WER=0.000000 | S=0 D=0 I=0
2026-01-16 08:12:16,646 | INFO | Chunk: 15 | WER=100.000000 | S=6 D=3 I=0
2026-01-16 08:12:16,646 | INFO | Chunk: 16 | WER=200.000000 | S=1 D=0 I=1
2026-01-16 08:12:16,646 | INFO | ------------------------------
2026-01-16 08:12:16,646 | INFO | ------------------------------
2026-01-16 08:12:16,659 | INFO | File: /vol/corpora/TAPAS_FRAIS/Data_partagees_ParisTypaloc-TapasFrais/12-SLA/PHO-000814-01_L01.wav | WER=33.333333 | S=47 D=13 I=3
2026-01-16 08:12:16,659 | INFO | ------------------------------
2026-01-16 08:12:16,659 | INFO | ------------------------------
2026-01-16 08:12:16,680 | INFO |  File duration: 97.96266666666666 seconds
2026-01-16 08:12:23,934 | INFO | Chunk: 0 | WER=800.000000 | S=1 D=0 I=7
2026-01-16 08:12:23,934 | INFO | Chunk: 1 | WER=30.000000 | S=3 D=3 I=0
2026-01-16 08:12:23,935 | INFO | Chunk: 2 | WER=53.333333 | S=7 D=8 I=1
2026-01-16 08:12:23,935 | INFO | Chunk: 3 | WER=66.666667 | S=6 D=7 I=1
2026-01-16 08:12:23,936 | INFO | Chunk: 4 | WER=25.000000 | S=1 D=3 I=0
2026-01-16 08:12:23,936 | INFO | Chunk: 5 | WER=15.000000 | S=1 D=2 I=0
2026-01-16 08:12:23,937 | INFO | Chunk: 6 | WER=57.692308 | S=11 D=4 I=0
2026-01-16 08:12:23,937 | INFO | Chunk: 7 | WER=55.555556 | S=2 D=3 I=0
2026-01-16 08:12:23,937 | INFO | Chunk: 8 | WER=83.333333 | S=4 D=1 I=0
2026-01-16 08:12:23,937 | INFO | Chunk: 9 | WER=72.222222 | S=8 D=5 I=0
2026-01-16 08:12:23,938 | INFO | ------------------------------
2026-01-16 08:12:23,938 | INFO | ------------------------------
2026-01-16 08:12:23,947 | INFO | File: /vol/corpora/TAPAS_FRAIS/Data_partagees_ParisTypaloc-TapasFrais/12-SLA/PHO-001070-01_L01.wav | WER=53.293413 | S=44 D=36 I=9
2026-01-16 08:12:23,947 | INFO | ------------------------------
2026-01-16 08:12:23,947 | INFO | ------------------------------
2026-01-16 08:12:23,973 | INFO |  File duration: 80.43392290249433 seconds
2026-01-16 08:12:31,362 | INFO | Chunk: 0 | WER=5.263158 | S=0 D=1 I=0
2026-01-16 08:12:31,363 | INFO | Chunk: 1 | WER=25.000000 | S=4 D=2 I=0
2026-01-16 08:12:31,363 | INFO | Chunk: 2 | WER=11.764706 | S=0 D=4 I=0
2026-01-16 08:12:31,364 | INFO | Chunk: 3 | WER=20.000000 | S=1 D=1 I=0
2026-01-16 08:12:31,364 | INFO | Chunk: 4 | WER=22.222222 | S=0 D=2 I=0
2026-01-16 08:12:31,364 | INFO | Chunk: 5 | WER=14.285714 | S=1 D=1 I=0
2026-01-16 08:12:31,364 | INFO | Chunk: 6 | WER=33.333333 | S=0 D=2 I=2
2026-01-16 08:12:31,366 | INFO | Chunk: 7 | WER=56.451613 | S=6 D=29 I=0
2026-01-16 08:12:31,366 | INFO | Chunk: 8 | WER=0.000000 | S=0 D=0 I=0
2026-01-16 08:12:31,366 | INFO | Chunk: 9 | WER=50.000000 | S=2 D=1 I=0
2026-01-16 08:12:31,366 | INFO | ------------------------------
2026-01-16 08:12:31,366 | INFO | ------------------------------
2026-01-16 08:12:31,377 | INFO | File: /vol/corpora/TAPAS_FRAIS/Data_partagees_ParisTypaloc-TapasFrais/12-SLA/PHO-001329-01_L01.wav | WER=30.890052 | S=14 D=43 I=2
2026-01-16 08:12:31,378 | INFO | ------------------------------
2026-01-16 08:12:31,378 | INFO | ------------------------------
2026-01-16 08:12:31,407 | INFO |  File duration: 93.78133333333334 seconds
2026-01-16 08:12:38,225 | INFO | Chunk: 0 | WER=20.833333 | S=4 D=1 I=0
2026-01-16 08:12:38,225 | INFO | Chunk: 1 | WER=71.428571 | S=3 D=1 I=1
2026-01-16 08:12:38,225 | INFO | Chunk: 2 | WER=11.111111 | S=0 D=1 I=0
2026-01-16 08:12:38,226 | INFO | Chunk: 3 | WER=25.000000 | S=1 D=2 I=0
2026-01-16 08:12:38,226 | INFO | Chunk: 4 | WER=80.000000 | S=4 D=0 I=0
2026-01-16 08:12:38,226 | INFO | Chunk: 5 | WER=15.384615 | S=2 D=0 I=0
2026-01-16 08:12:38,227 | INFO | Chunk: 6 | WER=21.052632 | S=3 D=1 I=0
2026-01-16 08:12:38,227 | INFO | Chunk: 7 | WER=23.076923 | S=3 D=3 I=0
2026-01-16 08:12:38,227 | INFO | Chunk: 8 | WER=66.666667 | S=1 D=0 I=1
2026-01-16 08:12:38,227 | INFO | Chunk: 9 | WER=50.000000 | S=1 D=1 I=0
2026-01-16 08:12:38,228 | INFO | Chunk: 10 | WER=57.142857 | S=1 D=3 I=0
2026-01-16 08:12:38,228 | INFO | ------------------------------
2026-01-16 08:12:38,228 | INFO | ------------------------------
2026-01-16 08:12:38,234 | INFO | File: /vol/corpora/TAPAS_FRAIS/Data_partagees_ParisTypaloc-TapasFrais/12-SLA/PHO-001473-01_L01.wav | WER=29.457364 | S=23 D=13 I=2
2026-01-16 08:12:38,234 | INFO | ------------------------------
2026-01-16 08:12:38,234 | INFO | ------------------------------
2026-01-16 08:12:38,250 | INFO |  File duration: 116.65066666666667 seconds
2026-01-16 08:12:47,774 | INFO | Chunk: 0 | WER=0.000000 | S=0 D=0 I=0
2026-01-16 08:12:47,774 | INFO | Chunk: 1 | WER=0.000000 | S=0 D=0 I=0
2026-01-16 08:12:47,775 | INFO | Chunk: 2 | WER=35.714286 | S=4 D=0 I=1
2026-01-16 08:12:47,775 | INFO | Chunk: 3 | WER=30.000000 | S=2 D=1 I=0
2026-01-16 08:12:47,776 | INFO | Chunk: 4 | WER=25.000000 | S=4 D=0 I=0
2026-01-16 08:12:47,776 | INFO | Chunk: 5 | WER=0.000000 | S=0 D=0 I=0
2026-01-16 08:12:47,777 | INFO | Chunk: 6 | WER=0.000000 | S=0 D=0 I=0
2026-01-16 08:12:47,777 | INFO | Chunk: 7 | WER=0.000000 | S=0 D=0 I=0
2026-01-16 08:12:47,777 | INFO | Chunk: 8 | WER=0.000000 | S=0 D=0 I=0
2026-01-16 08:12:47,778 | INFO | Chunk: 9 | WER=25.000000 | S=2 D=0 I=0
2026-01-16 08:12:47,778 | INFO | Chunk: 10 | WER=30.000000 | S=2 D=0 I=1
2026-01-16 08:12:47,778 | INFO | Chunk: 11 | WER=50.000000 | S=2 D=5 I=0
2026-01-16 08:12:47,779 | INFO | Chunk: 12 | WER=31.250000 | S=3 D=2 I=0
2026-01-16 08:12:47,779 | INFO | Chunk: 13 | WER=23.076923 | S=2 D=1 I=0
2026-01-16 08:12:47,779 | INFO | Chunk: 14 | WER=25.000000 | S=1 D=1 I=0
2026-01-16 08:12:47,779 | INFO | Chunk: 15 | WER=100.000000 | S=1 D=1 I=0
2026-01-16 08:12:47,779 | INFO | Chunk: 16 | WER=16.666667 | S=1 D=0 I=0
2026-01-16 08:12:47,780 | INFO | Chunk: 17 | WER=33.333333 | S=1 D=1 I=0
2026-01-16 08:12:47,780 | INFO | Chunk: 18 | WER=66.666667 | S=3 D=3 I=0
2026-01-16 08:12:47,780 | INFO | ------------------------------
2026-01-16 08:12:47,780 | INFO | ------------------------------
2026-01-16 08:12:47,792 | INFO | File: /vol/corpora/TAPAS_FRAIS/Data_partagees_ParisTypaloc-TapasFrais/12-SLA/PHO-001499-01_L01.wav | WER=24.193548 | S=28 D=15 I=2
2026-01-16 08:12:47,792 | INFO | ------------------------------
2026-01-16 08:12:47,792 | INFO | ------------------------------
2026-01-16 08:12:47,793 | INFO |  File duration: 165.20533333333333 seconds
2026-01-16 08:12:58,693 | INFO | Chunk: 0 | WER=56.603774 | S=9 D=21 I=0
2026-01-16 08:12:58,694 | INFO | Chunk: 1 | WER=63.265306 | S=5 D=26 I=0
2026-01-16 08:12:58,694 | INFO | Chunk: 2 | WER=55.555556 | S=4 D=6 I=0
2026-01-16 08:12:58,694 | INFO | Chunk: 3 | WER=66.666667 | S=1 D=5 I=0
2026-01-16 08:12:58,695 | INFO | Chunk: 4 | WER=55.000000 | S=12 D=8 I=2
2026-01-16 08:12:58,696 | INFO | Chunk: 5 | WER=75.000000 | S=6 D=0 I=0
2026-01-16 08:12:58,696 | INFO | Chunk: 6 | WER=300.000000 | S=1 D=0 I=2
2026-01-16 08:12:58,696 | INFO | Chunk: 7 | WER=90.909091 | S=6 D=4 I=0
2026-01-16 08:12:58,697 | INFO | Chunk: 8 | WER=65.853659 | S=11 D=16 I=0
2026-01-16 08:12:58,697 | INFO | Chunk: 9 | WER=45.000000 | S=3 D=6 I=0
2026-01-16 08:12:58,697 | INFO | ------------------------------
2026-01-16 08:12:58,697 | INFO | ------------------------------
2026-01-16 08:12:58,713 | INFO | File: /vol/corpora/TAPAS_FRAIS/Data_partagees_ParisTypaloc-TapasFrais/12-SLA/PHO-001522-01_L01.wav | WER=60.800000 | S=60 D=90 I=2
2026-01-16 08:12:58,713 | INFO | ------------------------------
2026-01-16 08:12:58,713 | INFO | ------------------------------
2026-01-16 08:12:58,713 | INFO |  File duration: 89.088 seconds
2026-01-16 08:13:06,795 | INFO | Chunk: 0 | WER=11.764706 | S=2 D=0 I=0
2026-01-16 08:13:06,796 | INFO | Chunk: 1 | WER=71.428571 | S=4 D=1 I=0
2026-01-16 08:13:06,796 | INFO | Chunk: 2 | WER=100.000000 | S=3 D=2 I=0
2026-01-16 08:13:06,796 | INFO | Chunk: 3 | WER=100.000000 | S=7 D=2 I=0
2026-01-16 08:13:06,796 | INFO | Chunk: 4 | WER=44.444444 | S=3 D=0 I=1
2026-01-16 08:13:06,797 | INFO | Chunk: 5 | WER=90.909091 | S=7 D=3 I=0
2026-01-16 08:13:06,797 | INFO | Chunk: 6 | WER=14.285714 | S=1 D=0 I=0
2026-01-16 08:13:06,797 | INFO | Chunk: 7 | WER=61.904762 | S=8 D=5 I=0
2026-01-16 08:13:06,797 | INFO | Chunk: 8 | WER=91.666667 | S=8 D=3 I=0
2026-01-16 08:13:06,798 | INFO | Chunk: 9 | WER=100.000000 | S=3 D=7 I=0
2026-01-16 08:13:06,798 | INFO | Chunk: 10 | WER=100.000000 | S=9 D=0 I=0
2026-01-16 08:13:06,798 | INFO | Chunk: 11 | WER=85.714286 | S=10 D=2 I=0
2026-01-16 08:13:06,798 | INFO | Chunk: 12 | WER=100.000000 | S=6 D=6 I=0
2026-01-16 08:13:06,799 | INFO | Chunk: 13 | WER=85.714286 | S=6 D=0 I=0
2026-01-16 08:13:06,799 | INFO | Chunk: 14 | WER=66.666667 | S=3 D=1 I=0
2026-01-16 08:13:06,799 | INFO | Chunk: 15 | WER=50.000000 | S=2 D=1 I=0
2026-01-16 08:13:06,799 | INFO | Chunk: 16 | WER=100.000000 | S=6 D=1 I=0
2026-01-16 08:13:06,799 | INFO | ------------------------------
2026-01-16 08:13:06,799 | INFO | ------------------------------
2026-01-16 08:13:06,809 | INFO | File: /vol/corpora/TAPAS_FRAIS/Data_partagees_ParisTypaloc-TapasFrais/12-SLA/PHO-001594-01_L01.wav | WER=72.781065 | S=88 D=34 I=1
2026-01-16 08:13:06,809 | INFO | ------------------------------
2026-01-16 08:13:06,809 | INFO | ------------------------------
2026-01-16 08:13:06,809 | INFO |  File duration: 85.35655328798185 seconds
2026-01-16 08:13:15,557 | INFO | Chunk: 0 | WER=5.263158 | S=0 D=1 I=0
2026-01-16 08:13:15,558 | INFO | Chunk: 1 | WER=70.000000 | S=6 D=1 I=0
2026-01-16 08:13:15,558 | INFO | Chunk: 2 | WER=50.000000 | S=2 D=2 I=0
2026-01-16 08:13:15,558 | INFO | Chunk: 3 | WER=63.636364 | S=5 D=2 I=0
2026-01-16 08:13:15,559 | INFO | Chunk: 4 | WER=40.000000 | S=4 D=4 I=0
2026-01-16 08:13:15,559 | INFO | Chunk: 5 | WER=40.000000 | S=3 D=3 I=0
2026-01-16 08:13:15,559 | INFO | Chunk: 6 | WER=54.545455 | S=5 D=1 I=0
2026-01-16 08:13:15,559 | INFO | Chunk: 7 | WER=42.857143 | S=3 D=0 I=0
2026-01-16 08:13:15,560 | INFO | Chunk: 8 | WER=64.285714 | S=9 D=0 I=0
2026-01-16 08:13:15,560 | INFO | Chunk: 9 | WER=100.000000 | S=1 D=5 I=0
2026-01-16 08:13:15,560 | INFO | Chunk: 10 | WER=100.000000 | S=4 D=3 I=0
2026-01-16 08:13:15,560 | INFO | Chunk: 11 | WER=46.153846 | S=4 D=2 I=0
2026-01-16 08:13:15,560 | INFO | Chunk: 12 | WER=100.000000 | S=3 D=2 I=0
2026-01-16 08:13:15,561 | INFO | Chunk: 13 | WER=61.538462 | S=6 D=2 I=0
2026-01-16 08:13:15,561 | INFO | Chunk: 14 | WER=100.000000 | S=2 D=2 I=0
2026-01-16 08:13:15,561 | INFO | Chunk: 15 | WER=100.000000 | S=5 D=2 I=3
2026-01-16 08:13:15,562 | INFO | Chunk: 16 | WER=34.782609 | S=6 D=2 I=0
2026-01-16 08:13:15,562 | INFO | Chunk: 17 | WER=87.500000 | S=3 D=4 I=0
2026-01-16 08:13:15,562 | INFO | ------------------------------
2026-01-16 08:13:15,562 | INFO | ------------------------------
2026-01-16 08:13:15,575 | INFO | File: /vol/corpora/TAPAS_FRAIS/Data_partagees_ParisTypaloc-TapasFrais/12-SLA/PHO-001670-01_L01.wav | WER=54.901961 | S=71 D=38 I=3
2026-01-16 08:13:15,575 | INFO | ------------------------------
2026-01-16 08:13:15,575 | INFO | ------------------------------
2026-01-16 08:13:15,597 | INFO |  File duration: 129.2887074829932 seconds
2026-01-16 08:13:27,337 | INFO | Chunk: 0 | WER=51.515152 | S=7 D=10 I=0
2026-01-16 08:13:27,337 | INFO | Chunk: 1 | WER=100.000000 | S=7 D=1 I=0
2026-01-16 08:13:27,337 | INFO | Chunk: 2 | WER=100.000000 | S=10 D=1 I=0
2026-01-16 08:13:27,338 | INFO | Chunk: 3 | WER=34.482759 | S=8 D=2 I=0
2026-01-16 08:13:27,339 | INFO | Chunk: 4 | WER=78.723404 | S=30 D=7 I=0
2026-01-16 08:13:27,339 | INFO | Chunk: 5 | WER=125.000000 | S=4 D=0 I=1
2026-01-16 08:13:27,339 | INFO | Chunk: 6 | WER=100.000000 | S=1 D=0 I=0
2026-01-16 08:13:27,340 | INFO | Chunk: 7 | WER=100.000000 | S=2 D=1 I=0
2026-01-16 08:13:27,340 | INFO | Chunk: 8 | WER=83.333333 | S=5 D=0 I=0
2026-01-16 08:13:27,340 | INFO | Chunk: 9 | WER=85.714286 | S=5 D=1 I=0
2026-01-16 08:13:27,340 | INFO | Chunk: 10 | WER=57.692308 | S=11 D=4 I=0
2026-01-16 08:13:27,341 | INFO | Chunk: 11 | WER=100.000000 | S=12 D=2 I=1
2026-01-16 08:13:27,341 | INFO | Chunk: 12 | WER=100.000000 | S=1 D=0 I=0
2026-01-16 08:13:27,341 | INFO | ------------------------------
2026-01-16 08:13:27,341 | INFO | ------------------------------
2026-01-16 08:13:27,353 | INFO | File: /vol/corpora/TAPAS_FRAIS/Data_partagees_ParisTypaloc-TapasFrais/12-SLA/PHO-001836-01_L01.wav | WER=68.586387 | S=102 D=28 I=1
2026-01-16 08:13:27,353 | INFO | ------------------------------
2026-01-16 08:13:27,353 | INFO | ------------------------------
2026-01-16 08:13:27,378 | INFO |  File duration: 67.15210884353742 seconds
2026-01-16 08:13:35,222 | INFO | Chunk: 0 | WER=59.375000 | S=4 D=15 I=0
2026-01-16 08:13:35,222 | INFO | Chunk: 1 | WER=40.000000 | S=7 D=3 I=0
2026-01-16 08:13:35,223 | INFO | Chunk: 2 | WER=37.500000 | S=8 D=3 I=1
2026-01-16 08:13:35,223 | INFO | Chunk: 3 | WER=73.684211 | S=9 D=5 I=0
2026-01-16 08:13:35,224 | INFO | Chunk: 4 | WER=60.000000 | S=3 D=30 I=0
2026-01-16 08:13:35,225 | INFO | Chunk: 5 | WER=63.157895 | S=9 D=3 I=0
2026-01-16 08:13:35,225 | INFO | ------------------------------
2026-01-16 08:13:35,225 | INFO | ------------------------------
2026-01-16 08:13:35,234 | INFO | File: /vol/corpora/TAPAS_FRAIS/Data_partagees_ParisTypaloc-TapasFrais/12-SLA/PHO-307175-01_L01.wav | WER=54.945055 | S=40 D=59 I=1
2026-01-16 08:13:35,234 | INFO | ------------------------------
2026-01-16 08:13:35,234 | INFO | ------------------------------
2026-01-16 08:13:35,234 | INFO | ===================== GLOBAL WER ======================
2026-01-16 08:13:35,234 | INFO | WER: 48.76%
2026-01-16 08:13:35,234 | INFO | =============================================================
