2026-01-21 13:23:42,610 | INFO | Fetch hyperparams.yaml: Using file found at '/vol/experiments3/imbenamor/TAPAS-FRAIS/models/asr-whisper-medium-commonvoice-fr/hyperparams.yaml'
2026-01-21 13:23:42,611 | DEBUG | Fetch: Source and destination '/vol/experiments3/imbenamor/TAPAS-FRAIS/models/asr-whisper-medium-commonvoice-fr/custom.py' are identical, returning assuming this is intended
2026-01-21 13:23:43,809 | WARNING | speechbrain.lobes.models.huggingface_transformers.huggingface - WhisperModel is frozen.
2026-01-21 13:23:43,810 | WARNING | speechbrain.lobes.models.huggingface_transformers.whisper - whisper encoder-decoder is frozen.
2026-01-21 13:23:43,918 | DEBUG | Collecting files (or symlinks) for pretraining in /vol/experiments3/imbenamor/TAPAS-FRAIS/models/asr-whisper-medium-commonvoice-fr.
2026-01-21 13:23:43,919 | INFO | Fetch whisper.ckpt: Using file found at '/vol/experiments3/imbenamor/TAPAS-FRAIS/models/asr-whisper-medium-commonvoice-fr/whisper.ckpt'
2026-01-21 13:23:43,919 | DEBUG | Set local path in self.paths["whisper"] = /vol/experiments3/imbenamor/TAPAS-FRAIS/models/asr-whisper-medium-commonvoice-fr/whisper.ckpt
2026-01-21 13:23:43,919 | INFO | Loading pretrained files for: whisper
2026-01-21 13:23:43,919 | DEBUG | Redirecting (loading from local path): whisper -> /vol/experiments3/imbenamor/TAPAS-FRAIS/models/asr-whisper-medium-commonvoice-fr/whisper.ckpt
2026-01-21 13:23:48,167 | INFO |  File duration: 68.39650793650793 seconds
2026-01-21 13:23:56,414 | INFO | Number of chunks: 11
2026-01-21 13:24:03,152 | INFO | Chunk: 0 | WER=43.750000 | S=0 D=14 I=0
2026-01-21 13:24:03,152 | INFO | Chunk: 1 | WER=33.333333 | S=3 D=0 I=0
2026-01-21 13:24:03,153 | INFO | Chunk: 2 | WER=0.000000 | S=0 D=0 I=0
2026-01-21 13:24:03,154 | INFO | Chunk: 3 | WER=4.347826 | S=0 D=1 I=0
2026-01-21 13:24:03,154 | INFO | Chunk: 4 | WER=0.000000 | S=0 D=0 I=0
2026-01-21 13:24:03,154 | INFO | Chunk: 5 | WER=4.347826 | S=1 D=0 I=0
2026-01-21 13:24:03,155 | INFO | Chunk: 6 | WER=9.090909 | S=1 D=0 I=0
2026-01-21 13:24:03,155 | INFO | Chunk: 7 | WER=28.571429 | S=3 D=1 I=0
2026-01-21 13:24:03,155 | INFO | Chunk: 8 | WER=9.090909 | S=1 D=0 I=0
2026-01-21 13:24:03,155 | INFO | Chunk: 9 | WER=6.666667 | S=1 D=0 I=0
2026-01-21 13:24:03,156 | INFO | Chunk: 10 | WER=28.571429 | S=1 D=3 I=0
2026-01-21 13:24:03,156 | INFO | ------------------------------
2026-01-21 13:24:03,156 | INFO | ------------------------------
2026-01-21 13:24:03,168 | INFO | File: AEX-CAB000-02_L01.wav | WER=17.045455 | S=11 D=19 I=0
2026-01-21 13:24:03,168 | INFO | ------------------------------
2026-01-21 13:24:03,169 | INFO |  File duration: 71.22968253968254 seconds
2026-01-21 13:24:09,634 | INFO | Number of chunks: 15
2026-01-21 13:24:17,368 | INFO | Chunk: 0 | WER=0.000000 | S=0 D=0 I=0
2026-01-21 13:24:17,368 | INFO | Chunk: 1 | WER=50.000000 | S=5 D=0 I=1
2026-01-21 13:24:17,369 | INFO | Chunk: 2 | WER=33.333333 | S=2 D=0 I=0
2026-01-21 13:24:17,369 | INFO | Chunk: 3 | WER=33.333333 | S=3 D=0 I=0
2026-01-21 13:24:17,369 | INFO | Chunk: 4 | WER=5.882353 | S=1 D=0 I=0
2026-01-21 13:24:17,369 | INFO | Chunk: 5 | WER=7.692308 | S=1 D=0 I=0
2026-01-21 13:24:17,370 | INFO | Chunk: 6 | WER=11.111111 | S=0 D=2 I=0
2026-01-21 13:24:17,370 | INFO | Chunk: 7 | WER=0.000000 | S=0 D=0 I=0
2026-01-21 13:24:17,370 | INFO | Chunk: 8 | WER=20.000000 | S=2 D=0 I=0
2026-01-21 13:24:17,371 | INFO | Chunk: 9 | WER=9.090909 | S=0 D=1 I=0
2026-01-21 13:24:17,371 | INFO | Chunk: 10 | WER=40.000000 | S=2 D=6 I=0
2026-01-21 13:24:17,371 | INFO | Chunk: 11 | WER=150.000000 | S=2 D=0 I=1
2026-01-21 13:24:17,371 | INFO | Chunk: 12 | WER=22.222222 | S=1 D=0 I=1
2026-01-21 13:24:17,372 | INFO | Chunk: 13 | WER=4.761905 | S=1 D=0 I=0
2026-01-21 13:24:17,372 | INFO | Chunk: 14 | WER=12.500000 | S=1 D=0 I=0
2026-01-21 13:24:17,372 | INFO | ------------------------------
2026-01-21 13:24:17,372 | INFO | ------------------------------
2026-01-21 13:24:17,386 | INFO | File: AEX-CAC000-02_L01.wav | WER=15.909091 | S=17 D=3 I=8
2026-01-21 13:24:17,386 | INFO | ------------------------------
2026-01-21 13:24:17,387 | INFO |  File duration: 70.09696145124717 seconds
2026-01-21 13:24:23,241 | INFO | Number of chunks: 12
2026-01-21 13:24:30,513 | INFO | Chunk: 0 | WER=0.000000 | S=0 D=0 I=0
2026-01-21 13:24:30,514 | INFO | Chunk: 1 | WER=14.285714 | S=2 D=0 I=0
2026-01-21 13:24:30,514 | INFO | Chunk: 2 | WER=0.000000 | S=0 D=0 I=0
2026-01-21 13:24:30,515 | INFO | Chunk: 3 | WER=0.000000 | S=0 D=0 I=0
2026-01-21 13:24:30,515 | INFO | Chunk: 4 | WER=14.285714 | S=1 D=0 I=0
2026-01-21 13:24:30,515 | INFO | Chunk: 5 | WER=50.000000 | S=1 D=0 I=0
2026-01-21 13:24:30,515 | INFO | Chunk: 6 | WER=0.000000 | S=0 D=0 I=0
2026-01-21 13:24:30,516 | INFO | Chunk: 7 | WER=8.695652 | S=2 D=0 I=0
2026-01-21 13:24:30,516 | INFO | Chunk: 8 | WER=9.090909 | S=1 D=0 I=0
2026-01-21 13:24:30,516 | INFO | Chunk: 9 | WER=56.250000 | S=7 D=2 I=0
2026-01-21 13:24:30,517 | INFO | Chunk: 10 | WER=0.000000 | S=0 D=0 I=0
2026-01-21 13:24:30,517 | INFO | Chunk: 11 | WER=20.000000 | S=5 D=1 I=0
2026-01-21 13:24:30,517 | INFO | ------------------------------
2026-01-21 13:24:30,517 | INFO | ------------------------------
2026-01-21 13:24:30,531 | INFO | File: AEX-CAG000-01_L01.wav | WER=12.643678 | S=19 D=2 I=1
2026-01-21 13:24:30,531 | INFO | ------------------------------
2026-01-21 13:24:30,531 | INFO |  File duration: 75.73018140589569 seconds
2026-01-21 13:24:36,821 | INFO | Number of chunks: 11
2026-01-21 13:24:45,038 | INFO | Chunk: 0 | WER=0.000000 | S=0 D=0 I=0
2026-01-21 13:24:45,038 | INFO | Chunk: 1 | WER=280.000000 | S=5 D=0 I=9
2026-01-21 13:24:45,038 | INFO | Chunk: 2 | WER=14.285714 | S=2 D=0 I=0
2026-01-21 13:24:45,039 | INFO | Chunk: 3 | WER=33.333333 | S=3 D=0 I=0
2026-01-21 13:24:45,039 | INFO | Chunk: 4 | WER=0.000000 | S=0 D=0 I=0
2026-01-21 13:24:45,039 | INFO | Chunk: 5 | WER=66.666667 | S=3 D=0 I=3
2026-01-21 13:24:45,040 | INFO | Chunk: 6 | WER=3.846154 | S=0 D=1 I=0
2026-01-21 13:24:45,040 | INFO | Chunk: 7 | WER=8.695652 | S=2 D=0 I=0
2026-01-21 13:24:45,041 | INFO | Chunk: 8 | WER=12.000000 | S=2 D=0 I=1
2026-01-21 13:24:45,041 | INFO | Chunk: 9 | WER=36.363636 | S=3 D=1 I=0
2026-01-21 13:24:45,042 | INFO | Chunk: 10 | WER=13.793103 | S=4 D=0 I=0
2026-01-21 13:24:45,042 | INFO | ------------------------------
2026-01-21 13:24:45,042 | INFO | ------------------------------
2026-01-21 13:24:45,057 | INFO | File: AEX-CLJ000-02_L01.wav | WER=22.159091 | S=16 D=1 I=22
2026-01-21 13:24:45,057 | INFO | ------------------------------
2026-01-21 13:24:45,057 | INFO |  File duration: 58.55369614512472 seconds
2026-01-21 13:24:50,482 | INFO | Number of chunks: 5
2026-01-21 13:24:56,170 | INFO | Chunk: 0 | WER=43.750000 | S=0 D=14 I=0
2026-01-21 13:24:56,171 | INFO | Chunk: 1 | WER=33.333333 | S=3 D=0 I=0
2026-01-21 13:24:56,172 | INFO | Chunk: 2 | WER=6.250000 | S=1 D=2 I=0
2026-01-21 13:24:56,173 | INFO | Chunk: 3 | WER=37.288136 | S=1 D=21 I=0
2026-01-21 13:24:56,174 | INFO | Chunk: 4 | WER=6.666667 | S=1 D=1 I=0
2026-01-21 13:24:56,174 | INFO | ------------------------------
2026-01-21 13:24:56,174 | INFO | ------------------------------
2026-01-21 13:24:56,186 | INFO | File: AEX-CML000-01_L01.wav | WER=25.000000 | S=6 D=37 I=1
2026-01-21 13:24:56,186 | INFO | ------------------------------
2026-01-21 13:24:56,186 | INFO |  File duration: 76.21907029478459 seconds
2026-01-21 13:25:02,946 | INFO | Number of chunks: 12
2026-01-21 13:25:10,024 | INFO | Chunk: 0 | WER=5.555556 | S=1 D=0 I=0
2026-01-21 13:25:10,025 | INFO | Chunk: 1 | WER=14.285714 | S=2 D=0 I=0
2026-01-21 13:25:10,025 | INFO | Chunk: 2 | WER=22.222222 | S=2 D=0 I=0
2026-01-21 13:25:10,025 | INFO | Chunk: 3 | WER=5.882353 | S=1 D=0 I=0
2026-01-21 13:25:10,026 | INFO | Chunk: 4 | WER=50.000000 | S=1 D=11 I=0
2026-01-21 13:25:10,026 | INFO | Chunk: 5 | WER=0.000000 | S=0 D=0 I=0
2026-01-21 13:25:10,026 | INFO | Chunk: 6 | WER=15.384615 | S=2 D=0 I=0
2026-01-21 13:25:10,026 | INFO | Chunk: 7 | WER=0.000000 | S=0 D=0 I=0
2026-01-21 13:25:10,026 | INFO | Chunk: 8 | WER=18.181818 | S=0 D=2 I=0
2026-01-21 13:25:10,027 | INFO | Chunk: 9 | WER=14.285714 | S=2 D=0 I=0
2026-01-21 13:25:10,027 | INFO | Chunk: 10 | WER=100.000000 | S=2 D=0 I=0
2026-01-21 13:25:10,028 | INFO | Chunk: 11 | WER=24.390244 | S=4 D=6 I=0
2026-01-21 13:25:10,028 | INFO | ------------------------------
2026-01-21 13:25:10,028 | INFO | ------------------------------
2026-01-21 13:25:10,041 | INFO | File: AEX-CSR000-01_L01.wav | WER=18.644068 | S=17 D=16 I=0
2026-01-21 13:25:10,041 | INFO | ------------------------------
2026-01-21 13:25:10,041 | INFO |  File duration: 86.34117913832199 seconds
2026-01-21 13:25:17,527 | INFO | Number of chunks: 17
2026-01-21 13:25:25,269 | INFO | Chunk: 0 | WER=100.000000 | S=2 D=0 I=0
2026-01-21 13:25:25,270 | INFO | Chunk: 1 | WER=0.000000 | S=0 D=0 I=0
2026-01-21 13:25:25,270 | INFO | Chunk: 2 | WER=14.285714 | S=2 D=0 I=0
2026-01-21 13:25:25,270 | INFO | Chunk: 3 | WER=33.333333 | S=3 D=0 I=0
2026-01-21 13:25:25,271 | INFO | Chunk: 4 | WER=5.882353 | S=1 D=0 I=0
2026-01-21 13:25:25,271 | INFO | Chunk: 5 | WER=0.000000 | S=0 D=0 I=0
2026-01-21 13:25:25,271 | INFO | Chunk: 6 | WER=0.000000 | S=0 D=0 I=0
2026-01-21 13:25:25,272 | INFO | Chunk: 7 | WER=0.000000 | S=0 D=0 I=0
2026-01-21 13:25:25,272 | INFO | Chunk: 8 | WER=0.000000 | S=0 D=0 I=0
2026-01-21 13:25:25,272 | INFO | Chunk: 9 | WER=20.000000 | S=2 D=0 I=0
2026-01-21 13:25:25,272 | INFO | Chunk: 10 | WER=0.000000 | S=0 D=0 I=0
2026-01-21 13:25:25,273 | INFO | Chunk: 11 | WER=7.142857 | S=1 D=0 I=0
2026-01-21 13:25:25,273 | INFO | Chunk: 12 | WER=50.000000 | S=1 D=0 I=0
2026-01-21 13:25:25,273 | INFO | Chunk: 13 | WER=0.000000 | S=0 D=0 I=0
2026-01-21 13:25:25,273 | INFO | Chunk: 14 | WER=4.761905 | S=1 D=0 I=0
2026-01-21 13:25:25,273 | INFO | Chunk: 15 | WER=0.000000 | S=0 D=0 I=0
2026-01-21 13:25:25,274 | INFO | Chunk: 16 | WER=0.000000 | S=0 D=0 I=0
2026-01-21 13:25:25,274 | INFO | ------------------------------
2026-01-21 13:25:25,274 | INFO | ------------------------------
2026-01-21 13:25:25,287 | INFO | File: BEX-CDB000-01_L01.wav | WER=7.428571 | S=11 D=0 I=2
2026-01-21 13:25:25,288 | INFO | ------------------------------
2026-01-21 13:25:25,288 | INFO |  File duration: 72.99619047619048 seconds
2026-01-21 13:25:31,434 | INFO | Number of chunks: 7
2026-01-21 13:25:37,168 | INFO | Chunk: 0 | WER=58.139535 | S=2 D=23 I=0
2026-01-21 13:25:37,169 | INFO | Chunk: 1 | WER=21.951220 | S=5 D=2 I=2
2026-01-21 13:25:37,170 | INFO | Chunk: 2 | WER=0.000000 | S=0 D=0 I=0
2026-01-21 13:25:37,170 | INFO | Chunk: 3 | WER=47.222222 | S=4 D=13 I=0
2026-01-21 13:25:37,171 | INFO | Chunk: 4 | WER=20.000000 | S=3 D=2 I=0
2026-01-21 13:25:37,171 | INFO | Chunk: 5 | WER=18.181818 | S=3 D=1 I=0
2026-01-21 13:25:37,172 | INFO | Chunk: 6 | WER=50.000000 | S=2 D=2 I=0
2026-01-21 13:25:37,172 | INFO | ------------------------------
2026-01-21 13:25:37,172 | INFO | ------------------------------
2026-01-21 13:25:37,183 | INFO | File: BEX-CEB000-01_L01.wav | WER=34.090909 | S=15 D=40 I=5
2026-01-21 13:25:37,183 | INFO | ------------------------------
2026-01-21 13:25:37,183 | INFO |  File duration: 60.74340136054422 seconds
2026-01-21 13:25:43,037 | INFO | Number of chunks: 4
2026-01-21 13:25:47,997 | INFO | Chunk: 0 | WER=68.965517 | S=0 D=40 I=0
2026-01-21 13:25:47,998 | INFO | Chunk: 1 | WER=3.225806 | S=0 D=1 I=0
2026-01-21 13:25:47,999 | INFO | Chunk: 2 | WER=0.000000 | S=0 D=0 I=0
2026-01-21 13:25:48,000 | INFO | Chunk: 3 | WER=48.148148 | S=4 D=22 I=0
2026-01-21 13:25:48,000 | INFO | ------------------------------
2026-01-21 13:25:48,000 | INFO | ------------------------------
2026-01-21 13:25:48,010 | INFO | File: BEX-CHE000-01_L01.wav | WER=37.853107 | S=4 D=63 I=0
2026-01-21 13:25:48,010 | INFO | ------------------------------
2026-01-21 13:25:48,011 | INFO |  File duration: 77.60358276643991 seconds
2026-01-21 13:25:55,376 | INFO | Number of chunks: 15
2026-01-21 13:26:03,058 | INFO | Chunk: 0 | WER=100.000000 | S=2 D=0 I=0
2026-01-21 13:26:03,059 | INFO | Chunk: 1 | WER=0.000000 | S=0 D=0 I=0
2026-01-21 13:26:03,059 | INFO | Chunk: 2 | WER=14.285714 | S=2 D=0 I=0
2026-01-21 13:26:03,059 | INFO | Chunk: 3 | WER=33.333333 | S=3 D=0 I=0
2026-01-21 13:26:03,060 | INFO | Chunk: 4 | WER=0.000000 | S=0 D=0 I=0
2026-01-21 13:26:03,060 | INFO | Chunk: 5 | WER=0.000000 | S=0 D=0 I=0
2026-01-21 13:26:03,060 | INFO | Chunk: 6 | WER=0.000000 | S=0 D=0 I=0
2026-01-21 13:26:03,060 | INFO | Chunk: 7 | WER=0.000000 | S=0 D=0 I=0
2026-01-21 13:26:03,061 | INFO | Chunk: 8 | WER=0.000000 | S=0 D=0 I=0
2026-01-21 13:26:03,061 | INFO | Chunk: 9 | WER=18.181818 | S=0 D=2 I=0
2026-01-21 13:26:03,061 | INFO | Chunk: 10 | WER=14.285714 | S=2 D=0 I=0
2026-01-21 13:26:03,062 | INFO | Chunk: 11 | WER=100.000000 | S=1 D=1 I=0
2026-01-21 13:26:03,062 | INFO | Chunk: 12 | WER=22.222222 | S=2 D=0 I=0
2026-01-21 13:26:03,062 | INFO | Chunk: 13 | WER=19.047619 | S=3 D=1 I=0
2026-01-21 13:26:03,062 | INFO | Chunk: 14 | WER=12.500000 | S=1 D=0 I=0
2026-01-21 13:26:03,063 | INFO | ------------------------------
2026-01-21 13:26:03,063 | INFO | ------------------------------
2026-01-21 13:26:03,076 | INFO | File: BEX-CKN000-01_L01.wav | WER=11.299435 | S=14 D=4 I=2
2026-01-21 13:26:03,076 | INFO | ------------------------------
2026-01-21 13:26:03,077 | INFO |  File duration: 80.38402083333334 seconds
2026-01-21 13:26:10,581 | INFO | Number of chunks: 16
2026-01-21 13:26:17,861 | INFO | Chunk: 0 | WER=10.000000 | S=2 D=0 I=0
2026-01-21 13:26:17,862 | INFO | Chunk: 1 | WER=21.428571 | S=2 D=1 I=0
2026-01-21 13:26:17,862 | INFO | Chunk: 2 | WER=33.333333 | S=3 D=0 I=0
2026-01-21 13:26:17,862 | INFO | Chunk: 3 | WER=17.647059 | S=1 D=2 I=0
2026-01-21 13:26:17,863 | INFO | Chunk: 4 | WER=0.000000 | S=0 D=0 I=0
2026-01-21 13:26:17,863 | INFO | Chunk: 5 | WER=26.666667 | S=1 D=3 I=0
2026-01-21 13:26:17,863 | INFO | Chunk: 6 | WER=14.285714 | S=0 D=1 I=0
2026-01-21 13:26:17,863 | INFO | Chunk: 7 | WER=5.555556 | S=1 D=0 I=0
2026-01-21 13:26:17,864 | INFO | Chunk: 8 | WER=35.714286 | S=0 D=5 I=0
2026-01-21 13:26:17,864 | INFO | Chunk: 9 | WER=25.000000 | S=2 D=0 I=0
2026-01-21 13:26:17,864 | INFO | Chunk: 10 | WER=0.000000 | S=0 D=0 I=0
2026-01-21 13:26:17,864 | INFO | Chunk: 11 | WER=50.000000 | S=1 D=0 I=0
2026-01-21 13:26:17,865 | INFO | Chunk: 12 | WER=9.523810 | S=2 D=0 I=0
2026-01-21 13:26:17,865 | INFO | Chunk: 13 | WER=0.000000 | S=0 D=0 I=0
2026-01-21 13:26:17,865 | INFO | Chunk: 14 | WER=0.000000 | S=0 D=0 I=0
2026-01-21 13:26:17,865 | INFO | Chunk: 15 | WER=37.500000 | S=0 D=3 I=0
2026-01-21 13:26:17,865 | INFO | ------------------------------
2026-01-21 13:26:17,865 | INFO | ------------------------------
2026-01-21 13:26:17,878 | INFO | File: BEX-CMB000-01_L01.wav | WER=18.713450 | S=12 D=15 I=5
2026-01-21 13:26:17,878 | INFO | ------------------------------
2026-01-21 13:26:17,878 | INFO |  File duration: 77.83328798185941 seconds
2026-01-21 13:26:25,566 | INFO | Number of chunks: 11
2026-01-21 13:26:32,591 | INFO | Chunk: 0 | WER=0.000000 | S=1 D=0 I=0
2026-01-21 13:26:32,591 | INFO | Chunk: 1 | WER=100.000000 | S=2 D=0 I=0
2026-01-21 13:26:32,591 | INFO | Chunk: 2 | WER=0.000000 | S=0 D=0 I=0
2026-01-21 13:26:32,591 | INFO | Chunk: 3 | WER=7.142857 | S=1 D=0 I=0
2026-01-21 13:26:32,592 | INFO | Chunk: 4 | WER=44.444444 | S=4 D=0 I=0
2026-01-21 13:26:32,592 | INFO | Chunk: 5 | WER=17.647059 | S=2 D=1 I=0
2026-01-21 13:26:32,592 | INFO | Chunk: 6 | WER=0.000000 | S=0 D=0 I=0
2026-01-21 13:26:32,593 | INFO | Chunk: 7 | WER=11.111111 | S=0 D=2 I=0
2026-01-21 13:26:32,594 | INFO | Chunk: 8 | WER=35.416667 | S=3 D=14 I=0
2026-01-21 13:26:32,595 | INFO | Chunk: 9 | WER=25.000000 | S=8 D=1 I=0
2026-01-21 13:26:32,595 | INFO | Chunk: 10 | WER=12.500000 | S=1 D=0 I=0
2026-01-21 13:26:32,595 | INFO | ------------------------------
2026-01-21 13:26:32,595 | INFO | ------------------------------
2026-01-21 13:26:32,608 | INFO | File: BEX-CNKN00-01_L01.wav | WER=20.338983 | S=19 D=14 I=3
2026-01-21 13:26:32,608 | INFO | ------------------------------
2026-01-21 13:26:32,608 | INFO | ===================== GLOBAL WER ======================
2026-01-21 13:26:32,608 | INFO | The number of files is 12
2026-01-21 13:26:32,608 | INFO | WER: 20.09%
2026-01-21 13:26:32,609 | INFO | =============================================================
