2026-01-23 10:24:27,719 | INFO | config file: /home/rouas/experiments/SpeechRecognition/saved_models/espnet2-conformer-FR/asr_conformer_config.yaml
2026-01-23 10:24:27,740 | INFO | Vocabulary size: 47
2026-01-23 10:24:28,306 | INFO | Gradient checkpoint layers: []
2026-01-23 10:24:30,653 | INFO | BatchBeamSearch implementation is selected.
2026-01-23 10:24:30,656 | INFO | Beam_search: BatchBeamSearch(
  (nn_dict): ModuleDict(
    (decoder): TransformerDecoder(
      (embed): Sequential(
        (0): Embedding(47, 512)
        (1): PositionalEncoding(
          (dropout): Dropout(p=0.1, inplace=False)
        )
      )
      (after_norm): LayerNorm((512,), eps=1e-12, elementwise_affine=True)
      (output_layer): Linear(in_features=512, out_features=47, bias=True)
      (decoders): MultiSequential(
        (0): DecoderLayer(
          (self_attn): MultiHeadedAttention(
            (linear_q): Linear(in_features=512, out_features=512, bias=True)
            (linear_k): Linear(in_features=512, out_features=512, bias=True)
            (linear_v): Linear(in_features=512, out_features=512, bias=True)
            (linear_out): Linear(in_features=512, out_features=512, bias=True)
            (dropout): Dropout(p=0.1, inplace=False)
            (q_norm): Identity()
            (k_norm): Identity()
          )
          (src_attn): MultiHeadedAttention(
            (linear_q): Linear(in_features=512, out_features=512, bias=True)
            (linear_k): Linear(in_features=512, out_features=512, bias=True)
            (linear_v): Linear(in_features=512, out_features=512, bias=True)
            (linear_out): Linear(in_features=512, out_features=512, bias=True)
            (dropout): Dropout(p=0.1, inplace=False)
            (q_norm): Identity()
            (k_norm): Identity()
          )
          (feed_forward): PositionwiseFeedForward(
            (w_1): Linear(in_features=512, out_features=2048, bias=True)
            (w_2): Linear(in_features=2048, out_features=512, bias=True)
            (dropout): Dropout(p=0.1, inplace=False)
            (activation): ReLU()
          )
          (norm1): LayerNorm((512,), eps=1e-12, elementwise_affine=True)
          (norm2): LayerNorm((512,), eps=1e-12, elementwise_affine=True)
          (norm3): LayerNorm((512,), eps=1e-12, elementwise_affine=True)
          (dropout): Dropout(p=0.1, inplace=False)
        )
        (1): DecoderLayer(
          (self_attn): MultiHeadedAttention(
            (linear_q): Linear(in_features=512, out_features=512, bias=True)
            (linear_k): Linear(in_features=512, out_features=512, bias=True)
            (linear_v): Linear(in_features=512, out_features=512, bias=True)
            (linear_out): Linear(in_features=512, out_features=512, bias=True)
            (dropout): Dropout(p=0.1, inplace=False)
            (q_norm): Identity()
            (k_norm): Identity()
          )
          (src_attn): MultiHeadedAttention(
            (linear_q): Linear(in_features=512, out_features=512, bias=True)
            (linear_k): Linear(in_features=512, out_features=512, bias=True)
            (linear_v): Linear(in_features=512, out_features=512, bias=True)
            (linear_out): Linear(in_features=512, out_features=512, bias=True)
            (dropout): Dropout(p=0.1, inplace=False)
            (q_norm): Identity()
            (k_norm): Identity()
          )
          (feed_forward): PositionwiseFeedForward(
            (w_1): Linear(in_features=512, out_features=2048, bias=True)
            (w_2): Linear(in_features=2048, out_features=512, bias=True)
            (dropout): Dropout(p=0.1, inplace=False)
            (activation): ReLU()
          )
          (norm1): LayerNorm((512,), eps=1e-12, elementwise_affine=True)
          (norm2): LayerNorm((512,), eps=1e-12, elementwise_affine=True)
          (norm3): LayerNorm((512,), eps=1e-12, elementwise_affine=True)
          (dropout): Dropout(p=0.1, inplace=False)
        )
        (2): DecoderLayer(
          (self_attn): MultiHeadedAttention(
            (linear_q): Linear(in_features=512, out_features=512, bias=True)
            (linear_k): Linear(in_features=512, out_features=512, bias=True)
            (linear_v): Linear(in_features=512, out_features=512, bias=True)
            (linear_out): Linear(in_features=512, out_features=512, bias=True)
            (dropout): Dropout(p=0.1, inplace=False)
            (q_norm): Identity()
            (k_norm): Identity()
          )
          (src_attn): MultiHeadedAttention(
            (linear_q): Linear(in_features=512, out_features=512, bias=True)
            (linear_k): Linear(in_features=512, out_features=512, bias=True)
            (linear_v): Linear(in_features=512, out_features=512, bias=True)
            (linear_out): Linear(in_features=512, out_features=512, bias=True)
            (dropout): Dropout(p=0.1, inplace=False)
            (q_norm): Identity()
            (k_norm): Identity()
          )
          (feed_forward): PositionwiseFeedForward(
            (w_1): Linear(in_features=512, out_features=2048, bias=True)
            (w_2): Linear(in_features=2048, out_features=512, bias=True)
            (dropout): Dropout(p=0.1, inplace=False)
            (activation): ReLU()
          )
          (norm1): LayerNorm((512,), eps=1e-12, elementwise_affine=True)
          (norm2): LayerNorm((512,), eps=1e-12, elementwise_affine=True)
          (norm3): LayerNorm((512,), eps=1e-12, elementwise_affine=True)
          (dropout): Dropout(p=0.1, inplace=False)
        )
        (3): DecoderLayer(
          (self_attn): MultiHeadedAttention(
            (linear_q): Linear(in_features=512, out_features=512, bias=True)
            (linear_k): Linear(in_features=512, out_features=512, bias=True)
            (linear_v): Linear(in_features=512, out_features=512, bias=True)
            (linear_out): Linear(in_features=512, out_features=512, bias=True)
            (dropout): Dropout(p=0.1, inplace=False)
            (q_norm): Identity()
            (k_norm): Identity()
          )
          (src_attn): MultiHeadedAttention(
            (linear_q): Linear(in_features=512, out_features=512, bias=True)
            (linear_k): Linear(in_features=512, out_features=512, bias=True)
            (linear_v): Linear(in_features=512, out_features=512, bias=True)
            (linear_out): Linear(in_features=512, out_features=512, bias=True)
            (dropout): Dropout(p=0.1, inplace=False)
            (q_norm): Identity()
            (k_norm): Identity()
          )
          (feed_forward): PositionwiseFeedForward(
            (w_1): Linear(in_features=512, out_features=2048, bias=True)
            (w_2): Linear(in_features=2048, out_features=512, bias=True)
            (dropout): Dropout(p=0.1, inplace=False)
            (activation): ReLU()
          )
          (norm1): LayerNorm((512,), eps=1e-12, elementwise_affine=True)
          (norm2): LayerNorm((512,), eps=1e-12, elementwise_affine=True)
          (norm3): LayerNorm((512,), eps=1e-12, elementwise_affine=True)
          (dropout): Dropout(p=0.1, inplace=False)
        )
        (4): DecoderLayer(
          (self_attn): MultiHeadedAttention(
            (linear_q): Linear(in_features=512, out_features=512, bias=True)
            (linear_k): Linear(in_features=512, out_features=512, bias=True)
            (linear_v): Linear(in_features=512, out_features=512, bias=True)
            (linear_out): Linear(in_features=512, out_features=512, bias=True)
            (dropout): Dropout(p=0.1, inplace=False)
            (q_norm): Identity()
            (k_norm): Identity()
          )
          (src_attn): MultiHeadedAttention(
            (linear_q): Linear(in_features=512, out_features=512, bias=True)
            (linear_k): Linear(in_features=512, out_features=512, bias=True)
            (linear_v): Linear(in_features=512, out_features=512, bias=True)
            (linear_out): Linear(in_features=512, out_features=512, bias=True)
            (dropout): Dropout(p=0.1, inplace=False)
            (q_norm): Identity()
            (k_norm): Identity()
          )
          (feed_forward): PositionwiseFeedForward(
            (w_1): Linear(in_features=512, out_features=2048, bias=True)
            (w_2): Linear(in_features=2048, out_features=512, bias=True)
            (dropout): Dropout(p=0.1, inplace=False)
            (activation): ReLU()
          )
          (norm1): LayerNorm((512,), eps=1e-12, elementwise_affine=True)
          (norm2): LayerNorm((512,), eps=1e-12, elementwise_affine=True)
          (norm3): LayerNorm((512,), eps=1e-12, elementwise_affine=True)
          (dropout): Dropout(p=0.1, inplace=False)
        )
        (5): DecoderLayer(
          (self_attn): MultiHeadedAttention(
            (linear_q): Linear(in_features=512, out_features=512, bias=True)
            (linear_k): Linear(in_features=512, out_features=512, bias=True)
            (linear_v): Linear(in_features=512, out_features=512, bias=True)
            (linear_out): Linear(in_features=512, out_features=512, bias=True)
            (dropout): Dropout(p=0.1, inplace=False)
            (q_norm): Identity()
            (k_norm): Identity()
          )
          (src_attn): MultiHeadedAttention(
            (linear_q): Linear(in_features=512, out_features=512, bias=True)
            (linear_k): Linear(in_features=512, out_features=512, bias=True)
            (linear_v): Linear(in_features=512, out_features=512, bias=True)
            (linear_out): Linear(in_features=512, out_features=512, bias=True)
            (dropout): Dropout(p=0.1, inplace=False)
            (q_norm): Identity()
            (k_norm): Identity()
          )
          (feed_forward): PositionwiseFeedForward(
            (w_1): Linear(in_features=512, out_features=2048, bias=True)
            (w_2): Linear(in_features=2048, out_features=512, bias=True)
            (dropout): Dropout(p=0.1, inplace=False)
            (activation): ReLU()
          )
          (norm1): LayerNorm((512,), eps=1e-12, elementwise_affine=True)
          (norm2): LayerNorm((512,), eps=1e-12, elementwise_affine=True)
          (norm3): LayerNorm((512,), eps=1e-12, elementwise_affine=True)
          (dropout): Dropout(p=0.1, inplace=False)
        )
      )
    )
  )
)
2026-01-23 10:24:30,656 | INFO | Decoding device=cuda, dtype=float32
2026-01-23 10:24:30,657 | INFO | Text tokenizer: CharTokenizer(space_symbol="<space>"non_linguistic_symbols="set()"nonsplit_symbols="set()")
2026-01-23 10:24:30,657 | INFO |  File duration: 68.39650793650793 seconds
2026-01-23 10:24:30,666 | WARNING | This version of torchaudio is old. SpeechBrain no longer tries using the torchaudio global backend mechanism in recipes, so if you encounter issues, update torchaudio to >=2.1.0.
2026-01-23 10:24:30,668 | DEBUG | Registered checkpoint save hook for _speechbrain_save
2026-01-23 10:24:30,668 | DEBUG | Registered checkpoint load hook for _speechbrain_load
2026-01-23 10:24:30,668 | DEBUG | Registered checkpoint save hook for save
2026-01-23 10:24:30,669 | DEBUG | Registered checkpoint load hook for load
2026-01-23 10:24:30,868 | INFO | Applied quirks (see `speechbrain.utils.quirks`): [disable_jit_profiling, allow_tf32]
2026-01-23 10:24:30,868 | INFO | Excluded quirks specified by the `SB_DISABLE_QUIRKS` environment (comma-separated list): []
2026-01-23 10:24:30,869 | DEBUG | Registered checkpoint save hook for _save
2026-01-23 10:24:30,869 | DEBUG | Registered checkpoint load hook for _recover
2026-01-23 10:24:30,881 | INFO | File: AEX-CAB000-02_L01.wav | WER=12.994350 | S=19 D=4 I=0
2026-01-23 10:24:30,881 | INFO | ------------------------------
2026-01-23 10:24:30,882 | INFO |  File duration: 71.22968253968254 seconds
2026-01-23 10:24:30,898 | INFO | File: AEX-CAC000-02_L01.wav | WER=20.454545 | S=17 D=4 I=15
2026-01-23 10:24:30,898 | INFO | ------------------------------
2026-01-23 10:24:30,898 | INFO |  File duration: 70.09696145124717 seconds
2026-01-23 10:24:30,913 | INFO | File: AEX-CAG000-01_L01.wav | WER=20.454545 | S=27 D=3 I=6
2026-01-23 10:24:30,913 | INFO | ------------------------------
2026-01-23 10:24:30,913 | INFO |  File duration: 75.73018140589569 seconds
2026-01-23 10:24:30,930 | INFO | File: AEX-CLJ000-02_L01.wav | WER=29.545455 | S=24 D=3 I=25
2026-01-23 10:24:30,930 | INFO | ------------------------------
2026-01-23 10:24:30,930 | INFO |  File duration: 58.55369614512472 seconds
2026-01-23 10:24:30,945 | INFO | File: AEX-CML000-01_L01.wav | WER=17.613636 | S=26 D=3 I=2
2026-01-23 10:24:30,945 | INFO | ------------------------------
2026-01-23 10:24:30,945 | INFO |  File duration: 76.21907029478459 seconds
2026-01-23 10:24:30,960 | INFO | File: AEX-CSR000-01_L01.wav | WER=17.514124 | S=25 D=3 I=3
2026-01-23 10:24:30,960 | INFO | ------------------------------
2026-01-23 10:24:30,960 | INFO |  File duration: 86.34117913832199 seconds
2026-01-23 10:24:30,975 | INFO | File: BEX-CDB000-01_L01.wav | WER=11.864407 | S=16 D=3 I=2
2026-01-23 10:24:30,975 | INFO | ------------------------------
2026-01-23 10:24:30,975 | INFO |  File duration: 72.99619047619048 seconds
2026-01-23 10:24:30,991 | INFO | File: BEX-CEB000-01_L01.wav | WER=19.886364 | S=26 D=3 I=6
2026-01-23 10:24:30,991 | INFO | ------------------------------
2026-01-23 10:24:30,991 | INFO |  File duration: 60.74340136054422 seconds
2026-01-23 10:24:31,005 | INFO | File: BEX-CHE000-01_L01.wav | WER=19.209040 | S=25 D=8 I=1
2026-01-23 10:24:31,005 | INFO | ------------------------------
2026-01-23 10:24:31,005 | INFO |  File duration: 77.60358276643991 seconds
2026-01-23 10:24:31,020 | INFO | File: BEX-CKN000-01_L01.wav | WER=17.514124 | S=23 D=5 I=3
2026-01-23 10:24:31,020 | INFO | ------------------------------
2026-01-23 10:24:31,020 | INFO |  File duration: 80.38402083333334 seconds
2026-01-23 10:24:37,075 | INFO | speech length: 92481
2026-01-23 10:24:37,465 | INFO | decoder input length: 144
2026-01-23 10:24:37,465 | INFO | max output length: 144
2026-01-23 10:24:37,465 | INFO | min output length: 14
2026-01-23 10:24:43,446 | INFO | end detected at 87
2026-01-23 10:24:43,448 | INFO |  -6.42 * 0.5 =  -3.21 for decoder
2026-01-23 10:24:43,448 | INFO |  -4.35 * 0.5 =  -2.18 for ctc
2026-01-23 10:24:43,448 | INFO | total log probability: -5.39
2026-01-23 10:24:43,448 | INFO | normalized log probability: -0.07
2026-01-23 10:24:43,448 | INFO | total number of ended hypotheses: 193
2026-01-23 10:24:43,449 | INFO | best hypo: le<space>cordonnier<space>dans<space>un<space>petit<space>village<space>de<space>la<space>montagne<space>il<space>y<space>a<space>un<space>pauvre<space>cordonnier

2026-01-23 10:24:43,452 | INFO | speech length: 90241
2026-01-23 10:24:43,484 | INFO | decoder input length: 140
2026-01-23 10:24:43,484 | INFO | max output length: 140
2026-01-23 10:24:43,485 | INFO | min output length: 14
2026-01-23 10:24:51,478 | INFO | end detected at 86
2026-01-23 10:24:51,479 | INFO |  -6.42 * 0.5 =  -3.21 for decoder
2026-01-23 10:24:51,479 | INFO |  -0.17 * 0.5 =  -0.08 for ctc
2026-01-23 10:24:51,480 | INFO | total log probability: -3.29
2026-01-23 10:24:51,480 | INFO | normalized log probability: -0.04
2026-01-23 10:24:51,480 | INFO | total number of ended hypotheses: 176
2026-01-23 10:24:51,481 | INFO | best hypo: tout<space>vieux<space>est<space>tout<space>cassé<space>les<space>villageois<space>lui<space>apportent<space>des<space>chaussures<space>à<space>réparer

2026-01-23 10:24:51,483 | INFO | speech length: 79041
2026-01-23 10:24:51,514 | INFO | decoder input length: 123
2026-01-23 10:24:51,514 | INFO | max output length: 123
2026-01-23 10:24:51,514 | INFO | min output length: 12
2026-01-23 10:24:59,751 | INFO | end detected at 92
2026-01-23 10:24:59,753 | INFO |  -7.35 * 0.5 =  -3.67 for decoder
2026-01-23 10:24:59,753 | INFO |  -4.18 * 0.5 =  -2.09 for ctc
2026-01-23 10:24:59,753 | INFO | total log probability: -5.77
2026-01-23 10:24:59,753 | INFO | normalized log probability: -0.07
2026-01-23 10:24:59,753 | INFO | total number of ended hypotheses: 199
2026-01-23 10:24:59,755 | INFO | best hypo: mais<space>il<space>ne<space>travaille<space>pas<space>vite<space>tous<space>les<space>soirs<space>il<space>mange<space>tout<space>seul<space>bien<space>tristement

2026-01-23 10:24:59,757 | INFO | speech length: 76481
2026-01-23 10:24:59,789 | INFO | decoder input length: 119
2026-01-23 10:24:59,789 | INFO | max output length: 119
2026-01-23 10:24:59,789 | INFO | min output length: 11
2026-01-23 10:25:06,970 | INFO | end detected at 76
2026-01-23 10:25:06,972 | INFO |  -6.75 * 0.5 =  -3.37 for decoder
2026-01-23 10:25:06,973 | INFO |  -3.89 * 0.5 =  -1.95 for ctc
2026-01-23 10:25:06,973 | INFO | total log probability: -5.32
2026-01-23 10:25:06,973 | INFO | normalized log probability: -0.08
2026-01-23 10:25:06,973 | INFO | total number of ended hypotheses: 186
2026-01-23 10:25:06,974 | INFO | best hypo: ce<space>soir<space>il<space>y<space>a<space>devant<space>lui<space>un<space>gros<space>totsoulier<space>et<space>de<space>quêtre<space>à<space>recoudre

2026-01-23 10:25:06,977 | INFO | speech length: 83521
2026-01-23 10:25:07,013 | INFO | decoder input length: 130
2026-01-23 10:25:07,013 | INFO | max output length: 130
2026-01-23 10:25:07,013 | INFO | min output length: 13
2026-01-23 10:25:13,942 | INFO | end detected at 72
2026-01-23 10:25:13,944 | INFO |  -6.01 * 0.5 =  -3.00 for decoder
2026-01-23 10:25:13,944 | INFO |  -0.14 * 0.5 =  -0.07 for ctc
2026-01-23 10:25:13,944 | INFO | total log probability: -3.07
2026-01-23 10:25:13,944 | INFO | normalized log probability: -0.05
2026-01-23 10:25:13,944 | INFO | total number of ended hypotheses: 163
2026-01-23 10:25:13,945 | INFO | best hypo: jamais<space>je<space>ne<space>pourrais<space>les<space>réparer<space>je<space>suis<space>trop<space>âgé<space>et<space>trop<space>malade

2026-01-23 10:25:13,948 | INFO | speech length: 42561
2026-01-23 10:25:13,985 | INFO | decoder input length: 66
2026-01-23 10:25:13,985 | INFO | max output length: 66
2026-01-23 10:25:13,985 | INFO | min output length: 6
2026-01-23 10:25:18,058 | INFO | end detected at 45
2026-01-23 10:25:18,060 | INFO |  -3.71 * 0.5 =  -1.85 for decoder
2026-01-23 10:25:18,060 | INFO |  -0.57 * 0.5 =  -0.28 for ctc
2026-01-23 10:25:18,060 | INFO | total log probability: -2.14
2026-01-23 10:25:18,060 | INFO | normalized log probability: -0.05
2026-01-23 10:25:18,060 | INFO | total number of ended hypotheses: 163
2026-01-23 10:25:18,061 | INFO | best hypo: près<space>de<space>lui<space>la<space>grosse<space>horloge<space>fait<space>été

2026-01-23 10:25:18,063 | INFO | speech length: 59521
2026-01-23 10:25:18,095 | INFO | decoder input length: 92
2026-01-23 10:25:18,095 | INFO | max output length: 92
2026-01-23 10:25:18,095 | INFO | min output length: 9
2026-01-23 10:25:23,174 | INFO | end detected at 56
2026-01-23 10:25:23,177 | INFO |  -5.14 * 0.5 =  -2.57 for decoder
2026-01-23 10:25:23,177 | INFO | -11.33 * 0.5 =  -5.66 for ctc
2026-01-23 10:25:23,177 | INFO | total log probability: -8.23
2026-01-23 10:25:23,177 | INFO | normalized log probability: -0.17
2026-01-23 10:25:23,177 | INFO | total number of ended hypotheses: 206
2026-01-23 10:25:23,178 | INFO | best hypo: tiktak<space>le<space>pauvre<space>vieux<space>tout<space>découragé<space>s'endort

2026-01-23 10:25:23,180 | INFO | speech length: 73281
2026-01-23 10:25:23,209 | INFO | decoder input length: 114
2026-01-23 10:25:23,209 | INFO | max output length: 114
2026-01-23 10:25:23,209 | INFO | min output length: 11
2026-01-23 10:25:27,924 | INFO | end detected at 81
2026-01-23 10:25:27,926 | INFO |  -5.81 * 0.5 =  -2.91 for decoder
2026-01-23 10:25:27,927 | INFO |  -3.82 * 0.5 =  -1.91 for ctc
2026-01-23 10:25:27,927 | INFO | total log probability: -4.81
2026-01-23 10:25:27,927 | INFO | normalized log probability: -0.07
2026-01-23 10:25:27,927 | INFO | total number of ended hypotheses: 197
2026-01-23 10:25:27,928 | INFO | best hypo: aussitôt<space>l'horloge<space>s'ouvre<space>et<space>deux<space>petits<space>lutins<space>sautent<space>sur<space>le<space>plancher

2026-01-23 10:25:27,931 | INFO | speech length: 51201
2026-01-23 10:25:27,962 | INFO | decoder input length: 79
2026-01-23 10:25:27,962 | INFO | max output length: 79
2026-01-23 10:25:27,962 | INFO | min output length: 7
2026-01-23 10:25:30,105 | INFO | end detected at 53
2026-01-23 10:25:30,107 | INFO |  -8.26 * 0.5 =  -4.13 for decoder
2026-01-23 10:25:30,108 | INFO |  -8.94 * 0.5 =  -4.47 for ctc
2026-01-23 10:25:30,108 | INFO | total log probability: -8.60
2026-01-23 10:25:30,108 | INFO | normalized log probability: -0.20
2026-01-23 10:25:30,108 | INFO | total number of ended hypotheses: 235
2026-01-23 10:25:30,108 | INFO | best hypo: là<space>elle<space>s'appelle<space>tick<space>le<space>tr<space>s'appelle<space>tac

2026-01-23 10:25:30,110 | INFO | speech length: 70401
2026-01-23 10:25:30,139 | INFO | decoder input length: 109
2026-01-23 10:25:30,139 | INFO | max output length: 109
2026-01-23 10:25:30,139 | INFO | min output length: 10
2026-01-23 10:25:34,782 | INFO | end detected at 68
2026-01-23 10:25:34,783 | INFO |  -5.21 * 0.5 =  -2.61 for decoder
2026-01-23 10:25:34,784 | INFO |  -0.34 * 0.5 =  -0.17 for ctc
2026-01-23 10:25:34,784 | INFO | total log probability: -2.78
2026-01-23 10:25:34,784 | INFO | normalized log probability: -0.04
2026-01-23 10:25:34,784 | INFO | total number of ended hypotheses: 151
2026-01-23 10:25:34,785 | INFO | best hypo: rangeant<space>les<space>étagères<space>réparons<space>les<space>souliers<space>recousant<space>le<space>linge

2026-01-23 10:25:34,786 | INFO | speech length: 76801
2026-01-23 10:25:34,814 | INFO | decoder input length: 119
2026-01-23 10:25:34,814 | INFO | max output length: 119
2026-01-23 10:25:34,814 | INFO | min output length: 11
2026-01-23 10:25:40,548 | INFO | end detected at 61
2026-01-23 10:25:40,551 | INFO |  -7.37 * 0.5 =  -3.68 for decoder
2026-01-23 10:25:40,551 | INFO |  -7.75 * 0.5 =  -3.88 for ctc
2026-01-23 10:25:40,551 | INFO | total log probability: -7.56
2026-01-23 10:25:40,551 | INFO | normalized log probability: -0.14
2026-01-23 10:25:40,551 | INFO | total number of ended hypotheses: 198
2026-01-23 10:25:40,552 | INFO | best hypo: dit<space>tic<space>préparant<space>un<space>gâteau<space>mettons<space>du<space>guy<space>au<space>plafond

2026-01-23 10:25:40,555 | INFO | speech length: 33921
2026-01-23 10:25:40,592 | INFO | decoder input length: 52
2026-01-23 10:25:40,592 | INFO | max output length: 52
2026-01-23 10:25:40,592 | INFO | min output length: 5
2026-01-23 10:25:44,119 | INFO | end detected at 41
2026-01-23 10:25:44,121 | INFO |  -3.50 * 0.5 =  -1.75 for decoder
2026-01-23 10:25:44,121 | INFO |  -0.69 * 0.5 =  -0.34 for ctc
2026-01-23 10:25:44,121 | INFO | total log probability: -2.09
2026-01-23 10:25:44,121 | INFO | normalized log probability: -0.06
2026-01-23 10:25:44,121 | INFO | total number of ended hypotheses: 169
2026-01-23 10:25:44,122 | INFO | best hypo: changeons<space>ses<space>vieux<space>rideaux<space>ajoute

2026-01-23 10:25:44,123 | INFO | speech length: 37761
2026-01-23 10:25:44,153 | INFO | decoder input length: 58
2026-01-23 10:25:44,154 | INFO | max output length: 58
2026-01-23 10:25:44,154 | INFO | min output length: 5
2026-01-23 10:25:46,521 | INFO | end detected at 27
2026-01-23 10:25:46,523 | INFO |  -1.92 * 0.5 =  -0.96 for decoder
2026-01-23 10:25:46,524 | INFO |  -1.57 * 0.5 =  -0.79 for ctc
2026-01-23 10:25:46,524 | INFO | total log probability: -1.75
2026-01-23 10:25:46,524 | INFO | normalized log probability: -0.09
2026-01-23 10:25:46,524 | INFO | total number of ended hypotheses: 193
2026-01-23 10:25:46,524 | INFO | best hypo: taque<space>minuit<space>sonne

2026-01-23 10:25:46,526 | INFO | speech length: 53120
2026-01-23 10:25:46,555 | INFO | decoder input length: 82
2026-01-23 10:25:46,555 | INFO | max output length: 82
2026-01-23 10:25:46,555 | INFO | min output length: 8
2026-01-23 10:25:52,438 | INFO | end detected at 64
2026-01-23 10:25:52,440 | INFO |  -4.59 * 0.5 =  -2.30 for decoder
2026-01-23 10:25:52,440 | INFO |  -0.98 * 0.5 =  -0.49 for ctc
2026-01-23 10:25:52,440 | INFO | total log probability: -2.78
2026-01-23 10:25:52,440 | INFO | normalized log probability: -0.05
2026-01-23 10:25:52,440 | INFO | total number of ended hypotheses: 176
2026-01-23 10:25:52,441 | INFO | best hypo: les<space>deux<space>vaillants<space>petits<space>lutins<space>rentrent<space>dans<space>la<space>pendule

2026-01-23 10:25:52,443 | INFO | speech length: 41601
2026-01-23 10:25:52,473 | INFO | decoder input length: 64
2026-01-23 10:25:52,473 | INFO | max output length: 64
2026-01-23 10:25:52,473 | INFO | min output length: 6
2026-01-23 10:25:57,168 | INFO | end detected at 54
2026-01-23 10:25:57,170 | INFO |  -7.80 * 0.5 =  -3.90 for decoder
2026-01-23 10:25:57,171 | INFO |  -3.33 * 0.5 =  -1.67 for ctc
2026-01-23 10:25:57,171 | INFO | total log probability: -5.57
2026-01-23 10:25:57,171 | INFO | normalized log probability: -0.12
2026-01-23 10:25:57,171 | INFO | total number of ended hypotheses: 208
2026-01-23 10:25:57,171 | INFO | best hypo: le<space>lendemain<space>le<space>pauvre<space>cordonnier<space>est<space>s'évahi

2026-01-23 10:25:57,174 | INFO | speech length: 39681
2026-01-23 10:25:57,204 | INFO | decoder input length: 61
2026-01-23 10:25:57,204 | INFO | max output length: 61
2026-01-23 10:25:57,204 | INFO | min output length: 6
2026-01-23 10:25:59,754 | INFO | end detected at 29
2026-01-23 10:25:59,756 | INFO |  -2.17 * 0.5 =  -1.08 for decoder
2026-01-23 10:25:59,756 | INFO |  -1.26 * 0.5 =  -0.63 for ctc
2026-01-23 10:25:59,756 | INFO | total log probability: -1.71
2026-01-23 10:25:59,756 | INFO | normalized log probability: -0.07
2026-01-23 10:25:59,756 | INFO | total number of ended hypotheses: 189
2026-01-23 10:25:59,756 | INFO | best hypo: aux<space>joies<space>qui<space>a<space>réparé

2026-01-23 10:25:59,758 | INFO | speech length: 37121
2026-01-23 10:25:59,788 | INFO | decoder input length: 57
2026-01-23 10:25:59,788 | INFO | max output length: 57
2026-01-23 10:25:59,788 | INFO | min output length: 5
2026-01-23 10:26:02,859 | INFO | end detected at 35
2026-01-23 10:26:02,861 | INFO |  -2.30 * 0.5 =  -1.15 for decoder
2026-01-23 10:26:02,861 | INFO |  -0.02 * 0.5 =  -0.01 for ctc
2026-01-23 10:26:02,861 | INFO | total log probability: -1.16
2026-01-23 10:26:02,861 | INFO | normalized log probability: -0.04
2026-01-23 10:26:02,861 | INFO | total number of ended hypotheses: 169
2026-01-23 10:26:02,861 | INFO | best hypo: qui<space>a<space>préparé<space>ce<space>beau<space>gâteau

2026-01-23 10:26:02,864 | INFO | speech length: 79361
2026-01-23 10:26:02,903 | INFO | decoder input length: 123
2026-01-23 10:26:02,903 | INFO | max output length: 123
2026-01-23 10:26:02,903 | INFO | min output length: 12
2026-01-23 10:26:09,770 | INFO | end detected at 73
2026-01-23 10:26:09,773 | INFO |  -8.83 * 0.5 =  -4.42 for decoder
2026-01-23 10:26:09,773 | INFO |  -7.10 * 0.5 =  -3.55 for ctc
2026-01-23 10:26:09,773 | INFO | total log probability: -7.97
2026-01-23 10:26:09,773 | INFO | normalized log probability: -0.12
2026-01-23 10:26:09,773 | INFO | total number of ended hypotheses: 190
2026-01-23 10:26:09,774 | INFO | best hypo: qui<space>donc<space>a<space>rangé<space>la<space>maison<space>dit<space>tac<space>ticktac<space>dit<space>la<space>vieille<space>horloge

2026-01-23 10:26:09,791 | INFO | File: BEX-CMB000-01_L01.wav | WER=18.644068 | S=22 D=5 I=6
2026-01-23 10:26:09,791 | INFO | ------------------------------
2026-01-23 10:26:09,791 | INFO |  File duration: 77.83328798185941 seconds
2026-01-23 10:26:13,796 | INFO | speech length: 68801
2026-01-23 10:26:13,827 | INFO | decoder input length: 107
2026-01-23 10:26:13,828 | INFO | max output length: 107
2026-01-23 10:26:13,828 | INFO | min output length: 10
2026-01-23 10:26:17,638 | INFO | end detected at 59
2026-01-23 10:26:17,640 | INFO |  -7.72 * 0.5 =  -3.86 for decoder
2026-01-23 10:26:17,640 | INFO |  -4.54 * 0.5 =  -2.27 for ctc
2026-01-23 10:26:17,640 | INFO | total log probability: -6.13
2026-01-23 10:26:17,640 | INFO | normalized log probability: -0.12
2026-01-23 10:26:17,640 | INFO | total number of ended hypotheses: 196
2026-01-23 10:26:17,641 | INFO | best hypo: le<space>cordonnier<space>dans<space>un<space>petit<space>village<space>de<space>la<space>montagne

2026-01-23 10:26:17,645 | INFO | speech length: 47681
2026-01-23 10:26:17,677 | INFO | decoder input length: 74
2026-01-23 10:26:17,677 | INFO | max output length: 74
2026-01-23 10:26:17,677 | INFO | min output length: 7
2026-01-23 10:26:19,537 | INFO | end detected at 59
2026-01-23 10:26:19,538 | INFO |  -4.51 * 0.5 =  -2.25 for decoder
2026-01-23 10:26:19,538 | INFO |  -0.68 * 0.5 =  -0.34 for ctc
2026-01-23 10:26:19,538 | INFO | total log probability: -2.59
2026-01-23 10:26:19,538 | INFO | normalized log probability: -0.05
2026-01-23 10:26:19,538 | INFO | total number of ended hypotheses: 175
2026-01-23 10:26:19,539 | INFO | best hypo: il<space>y<space>a<space>un<space>pauvre<space>cordonnier<space>tout<space>vieux<space>et<space>tout<space>cassé

2026-01-23 10:26:19,542 | INFO | speech length: 62081
2026-01-23 10:26:19,569 | INFO | decoder input length: 96
2026-01-23 10:26:19,569 | INFO | max output length: 96
2026-01-23 10:26:19,569 | INFO | min output length: 9
2026-01-23 10:26:22,352 | INFO | end detected at 91
2026-01-23 10:26:22,354 | INFO |  -6.73 * 0.5 =  -3.37 for decoder
2026-01-23 10:26:22,354 | INFO |  -0.91 * 0.5 =  -0.45 for ctc
2026-01-23 10:26:22,354 | INFO | total log probability: -3.82
2026-01-23 10:26:22,354 | INFO | normalized log probability: -0.04
2026-01-23 10:26:22,354 | INFO | total number of ended hypotheses: 189
2026-01-23 10:26:22,355 | INFO | best hypo: les<space>villageois<space>lui<space>apportent<space>des<space>chaussures<space>à<space>réparer<space>mais<space>il<space>ne<space>travaille<space>pas<space>vite

2026-01-23 10:26:22,358 | INFO | speech length: 42241
2026-01-23 10:26:22,385 | INFO | decoder input length: 65
2026-01-23 10:26:22,385 | INFO | max output length: 65
2026-01-23 10:26:22,385 | INFO | min output length: 6
2026-01-23 10:26:25,351 | INFO | end detected at 58
2026-01-23 10:26:25,352 | INFO |  -4.72 * 0.5 =  -2.36 for decoder
2026-01-23 10:26:25,353 | INFO |  -1.81 * 0.5 =  -0.90 for ctc
2026-01-23 10:26:25,353 | INFO | total log probability: -3.26
2026-01-23 10:26:25,353 | INFO | normalized log probability: -0.06
2026-01-23 10:26:25,353 | INFO | total number of ended hypotheses: 154
2026-01-23 10:26:25,353 | INFO | best hypo: tous<space>les<space>soirs<space>ils<space>mangent<space>tout<space>seul<space>bien<space>tristement

2026-01-23 10:26:25,356 | INFO | speech length: 72641
2026-01-23 10:26:25,383 | INFO | decoder input length: 113
2026-01-23 10:26:25,383 | INFO | max output length: 113
2026-01-23 10:26:25,384 | INFO | min output length: 11
2026-01-23 10:26:31,747 | INFO | end detected at 79
2026-01-23 10:26:31,748 | INFO |  -7.87 * 0.5 =  -3.94 for decoder
2026-01-23 10:26:31,749 | INFO |  -7.49 * 0.5 =  -3.74 for ctc
2026-01-23 10:26:31,749 | INFO | total log probability: -7.68
2026-01-23 10:26:31,749 | INFO | normalized log probability: -0.11
2026-01-23 10:26:31,749 | INFO | total number of ended hypotheses: 190
2026-01-23 10:26:31,750 | INFO | best hypo: ce<space>soir<space>il<space>y<space>a<space>devant<space>lui<space>un<space>gros<space>tas<space>de<space>souliers<space>de<space>guêtres<space>à<space>recoudre

2026-01-23 10:26:31,752 | INFO | speech length: 33921
2026-01-23 10:26:31,775 | INFO | decoder input length: 52
2026-01-23 10:26:31,775 | INFO | max output length: 52
2026-01-23 10:26:31,775 | INFO | min output length: 5
2026-01-23 10:26:34,794 | INFO | end detected at 39
2026-01-23 10:26:34,795 | INFO |  -3.22 * 0.5 =  -1.61 for decoder
2026-01-23 10:26:34,796 | INFO |  -0.01 * 0.5 =  -0.00 for ctc
2026-01-23 10:26:34,796 | INFO | total log probability: -1.62
2026-01-23 10:26:34,796 | INFO | normalized log probability: -0.05
2026-01-23 10:26:34,796 | INFO | total number of ended hypotheses: 149
2026-01-23 10:26:34,796 | INFO | best hypo: jamais<space>je<space>ne<space>pourrais<space>les<space>réparer

2026-01-23 10:26:34,799 | INFO | speech length: 38401
2026-01-23 10:26:34,832 | INFO | decoder input length: 59
2026-01-23 10:26:34,832 | INFO | max output length: 59
2026-01-23 10:26:34,832 | INFO | min output length: 5
2026-01-23 10:26:37,825 | INFO | end detected at 38
2026-01-23 10:26:37,826 | INFO |  -3.28 * 0.5 =  -1.64 for decoder
2026-01-23 10:26:37,826 | INFO |  -0.66 * 0.5 =  -0.33 for ctc
2026-01-23 10:26:37,826 | INFO | total log probability: -1.97
2026-01-23 10:26:37,826 | INFO | normalized log probability: -0.06
2026-01-23 10:26:37,826 | INFO | total number of ended hypotheses: 172
2026-01-23 10:26:37,827 | INFO | best hypo: je<space>suis<space>trop<space>âgé<space>et<space>trop<space>malade

2026-01-23 10:26:37,829 | INFO | speech length: 42561
2026-01-23 10:26:37,850 | INFO | decoder input length: 66
2026-01-23 10:26:37,850 | INFO | max output length: 66
2026-01-23 10:26:37,850 | INFO | min output length: 6
2026-01-23 10:26:41,066 | INFO | end detected at 41
2026-01-23 10:26:41,067 | INFO |  -2.79 * 0.5 =  -1.39 for decoder
2026-01-23 10:26:41,067 | INFO |  -0.46 * 0.5 =  -0.23 for ctc
2026-01-23 10:26:41,067 | INFO | total log probability: -1.62
2026-01-23 10:26:41,067 | INFO | normalized log probability: -0.05
2026-01-23 10:26:41,067 | INFO | total number of ended hypotheses: 168
2026-01-23 10:26:41,067 | INFO | best hypo: près<space>de<space>lui<space>la<space>grosse<space>horloge<space>fait

2026-01-23 10:26:41,070 | INFO | speech length: 65601
2026-01-23 10:26:41,097 | INFO | decoder input length: 102
2026-01-23 10:26:41,097 | INFO | max output length: 102
2026-01-23 10:26:41,097 | INFO | min output length: 10
2026-01-23 10:26:45,947 | INFO | end detected at 61
2026-01-23 10:26:45,948 | INFO |  -9.49 * 0.5 =  -4.74 for decoder
2026-01-23 10:26:45,948 | INFO |  -5.14 * 0.5 =  -2.57 for ctc
2026-01-23 10:26:45,948 | INFO | total log probability: -7.31
2026-01-23 10:26:45,948 | INFO | normalized log probability: -0.13
2026-01-23 10:26:45,948 | INFO | total number of ended hypotheses: 175
2026-01-23 10:26:45,949 | INFO | best hypo: diktac<space>diktac<space>le<space>pauvre<space>vieux<space>tout<space>découragé<space>s'en<space>dort

2026-01-23 10:26:45,950 | INFO | speech length: 73601
2026-01-23 10:26:45,976 | INFO | decoder input length: 114
2026-01-23 10:26:45,976 | INFO | max output length: 114
2026-01-23 10:26:45,976 | INFO | min output length: 11
2026-01-23 10:26:52,418 | INFO | end detected at 79
2026-01-23 10:26:52,419 | INFO |  -7.05 * 0.5 =  -3.53 for decoder
2026-01-23 10:26:52,419 | INFO |  -3.38 * 0.5 =  -1.69 for ctc
2026-01-23 10:26:52,419 | INFO | total log probability: -5.22
2026-01-23 10:26:52,419 | INFO | normalized log probability: -0.07
2026-01-23 10:26:52,419 | INFO | total number of ended hypotheses: 179
2026-01-23 10:26:52,420 | INFO | best hypo: aussitôt<space>l'horloge<space>s'ouvre<space>et<space>deux<space>petits<space>lutins<space>saute<space>sur<space>le<space>plancher

2026-01-23 10:26:52,422 | INFO | speech length: 108161
2026-01-23 10:26:52,451 | INFO | decoder input length: 168
2026-01-23 10:26:52,451 | INFO | max output length: 168
2026-01-23 10:26:52,451 | INFO | min output length: 16
2026-01-23 10:27:03,256 | INFO | end detected at 124
2026-01-23 10:27:03,259 | INFO | -20.03 * 0.5 = -10.02 for decoder
2026-01-23 10:27:03,259 | INFO | -10.34 * 0.5 =  -5.17 for ctc
2026-01-23 10:27:03,259 | INFO | total log probability: -15.19
2026-01-23 10:27:03,259 | INFO | normalized log probability: -0.13
2026-01-23 10:27:03,259 | INFO | total number of ended hypotheses: 232
2026-01-23 10:27:03,260 | INFO | best hypo: l'un<space>s'appelle<space>tique<space>l'autre<space>s'appelle<space>tac<space>rangeons<space>les<space>étagères<space>réparons<space>les<space>souliers<space>recousons<space>le<space>linge<space>d'été

2026-01-23 10:27:03,263 | INFO | speech length: 56961
2026-01-23 10:27:03,291 | INFO | decoder input length: 88
2026-01-23 10:27:03,291 | INFO | max output length: 88
2026-01-23 10:27:03,291 | INFO | min output length: 8
2026-01-23 10:27:09,728 | INFO | end detected at 82
2026-01-23 10:27:09,729 | INFO |  -8.54 * 0.5 =  -4.27 for decoder
2026-01-23 10:27:09,729 | INFO |  -7.64 * 0.5 =  -3.82 for ctc
2026-01-23 10:27:09,729 | INFO | total log probability: -8.09
2026-01-23 10:27:09,729 | INFO | normalized log probability: -0.10
2026-01-23 10:27:09,729 | INFO | total number of ended hypotheses: 176
2026-01-23 10:27:09,730 | INFO | best hypo: préparant<space>un<space>gâteau<space>mettons<space>du<space>guille<space>au<space>plafond<space>changeons<space>ses<space>vieux<space>rideaux

2026-01-23 10:27:09,732 | INFO | speech length: 44801
2026-01-23 10:27:09,768 | INFO | decoder input length: 69
2026-01-23 10:27:09,768 | INFO | max output length: 69
2026-01-23 10:27:09,768 | INFO | min output length: 6
2026-01-23 10:27:12,151 | INFO | end detected at 30
2026-01-23 10:27:12,152 | INFO |  -7.87 * 0.5 =  -3.94 for decoder
2026-01-23 10:27:12,152 | INFO |  -4.70 * 0.5 =  -2.35 for ctc
2026-01-23 10:27:12,152 | INFO | total log probability: -6.29
2026-01-23 10:27:12,152 | INFO | normalized log probability: -0.29
2026-01-23 10:27:12,153 | INFO | total number of ended hypotheses: 217
2026-01-23 10:27:12,153 | INFO | best hypo: ajoute<space>tac<space>minuissan

2026-01-23 10:27:12,155 | INFO | speech length: 49921
2026-01-23 10:27:12,181 | INFO | decoder input length: 77
2026-01-23 10:27:12,181 | INFO | max output length: 77
2026-01-23 10:27:12,181 | INFO | min output length: 7
2026-01-23 10:27:17,159 | INFO | end detected at 65
2026-01-23 10:27:17,160 | INFO |  -4.69 * 0.5 =  -2.35 for decoder
2026-01-23 10:27:17,160 | INFO |  -2.16 * 0.5 =  -1.08 for ctc
2026-01-23 10:27:17,160 | INFO | total log probability: -3.42
2026-01-23 10:27:17,160 | INFO | normalized log probability: -0.06
2026-01-23 10:27:17,160 | INFO | total number of ended hypotheses: 167
2026-01-23 10:27:17,161 | INFO | best hypo: les<space>tout<space>petits<space>vaillants<space>les<space>deux<space>vaillants<space>petits<space>lutins

2026-01-23 10:27:17,163 | INFO | speech length: 42561
2026-01-23 10:27:17,185 | INFO | decoder input length: 66
2026-01-23 10:27:17,185 | INFO | max output length: 66
2026-01-23 10:27:17,185 | INFO | min output length: 6
2026-01-23 10:27:18,872 | INFO | end detected at 44
2026-01-23 10:27:18,873 | INFO |  -3.69 * 0.5 =  -1.85 for decoder
2026-01-23 10:27:18,874 | INFO |  -5.33 * 0.5 =  -2.66 for ctc
2026-01-23 10:27:18,874 | INFO | total log probability: -4.51
2026-01-23 10:27:18,874 | INFO | normalized log probability: -0.12
2026-01-23 10:27:18,874 | INFO | total number of ended hypotheses: 169
2026-01-23 10:27:18,874 | INFO | best hypo: rentrent<space>dans<space>la<space>pendule<space>le<space>lendemain

2026-01-23 10:27:18,876 | INFO | speech length: 52801
2026-01-23 10:27:18,903 | INFO | decoder input length: 82
2026-01-23 10:27:18,903 | INFO | max output length: 82
2026-01-23 10:27:18,903 | INFO | min output length: 8
2026-01-23 10:27:20,350 | INFO | end detected at 45
2026-01-23 10:27:20,351 | INFO |  -3.14 * 0.5 =  -1.57 for decoder
2026-01-23 10:27:20,351 | INFO |  -6.92 * 0.5 =  -3.46 for ctc
2026-01-23 10:27:20,351 | INFO | total log probability: -5.03
2026-01-23 10:27:20,351 | INFO | normalized log probability: -0.13
2026-01-23 10:27:20,351 | INFO | total number of ended hypotheses: 168
2026-01-23 10:27:20,352 | INFO | best hypo: le<space>pauvre<space>cordonné<space>s'éveille<space>au<space>choix

2026-01-23 10:27:20,354 | INFO | speech length: 58241
2026-01-23 10:27:20,379 | INFO | decoder input length: 90
2026-01-23 10:27:20,379 | INFO | max output length: 90
2026-01-23 10:27:20,379 | INFO | min output length: 9
2026-01-23 10:27:22,407 | INFO | end detected at 63
2026-01-23 10:27:22,408 | INFO |  -4.75 * 0.5 =  -2.37 for decoder
2026-01-23 10:27:22,408 | INFO |  -2.92 * 0.5 =  -1.46 for ctc
2026-01-23 10:27:22,408 | INFO | total log probability: -3.84
2026-01-23 10:27:22,408 | INFO | normalized log probability: -0.07
2026-01-23 10:27:22,408 | INFO | total number of ended hypotheses: 173
2026-01-23 10:27:22,409 | INFO | best hypo: qui<space>a<space>préparé<space>ce<space>beau<space>gâteau<space>qui<space>donc<space>arrangé<space>la<space>maison

2026-01-23 10:27:22,411 | INFO | speech length: 54401
2026-01-23 10:27:22,440 | INFO | decoder input length: 84
2026-01-23 10:27:22,440 | INFO | max output length: 84
2026-01-23 10:27:22,440 | INFO | min output length: 8
2026-01-23 10:27:23,977 | INFO | end detected at 44
2026-01-23 10:27:23,978 | INFO |  -7.42 * 0.5 =  -3.71 for decoder
2026-01-23 10:27:23,978 | INFO |  -4.38 * 0.5 =  -2.19 for ctc
2026-01-23 10:27:23,978 | INFO | total log probability: -5.90
2026-01-23 10:27:23,978 | INFO | normalized log probability: -0.16
2026-01-23 10:27:23,978 | INFO | total number of ended hypotheses: 174
2026-01-23 10:27:23,979 | INFO | best hypo: kiktac<space>diktac<space>dit<space>la<space>vieille<space>horloge

2026-01-23 10:27:23,995 | INFO | File: BEX-CNKN00-01_L01.wav | WER=18.644068 | S=21 D=6 I=6
2026-01-23 10:27:23,995 | INFO | ------------------------------
2026-01-23 10:27:23,995 | INFO | ===================== GLOBAL WER ======================
2026-01-23 10:27:23,995 | INFO | The number of files is 12
2026-01-23 10:27:23,995 | INFO | WER: 18.69%
2026-01-23 10:27:23,996 | INFO | =============================================================
