2026-01-23 10:27:32,792 | INFO | config file: /home/rouas/experiments/SpeechRecognition/saved_models/espnet2-conformer-FR/asr_conformer_config.yaml
2026-01-23 10:27:32,812 | INFO | Vocabulary size: 47
2026-01-23 10:27:33,390 | INFO | Gradient checkpoint layers: []
2026-01-23 10:27:35,726 | INFO | BatchBeamSearch implementation is selected.
2026-01-23 10:27:35,730 | INFO | Beam_search: BatchBeamSearch(
  (nn_dict): ModuleDict(
    (decoder): TransformerDecoder(
      (embed): Sequential(
        (0): Embedding(47, 512)
        (1): PositionalEncoding(
          (dropout): Dropout(p=0.1, inplace=False)
        )
      )
      (after_norm): LayerNorm((512,), eps=1e-12, elementwise_affine=True)
      (output_layer): Linear(in_features=512, out_features=47, bias=True)
      (decoders): MultiSequential(
        (0): DecoderLayer(
          (self_attn): MultiHeadedAttention(
            (linear_q): Linear(in_features=512, out_features=512, bias=True)
            (linear_k): Linear(in_features=512, out_features=512, bias=True)
            (linear_v): Linear(in_features=512, out_features=512, bias=True)
            (linear_out): Linear(in_features=512, out_features=512, bias=True)
            (dropout): Dropout(p=0.1, inplace=False)
            (q_norm): Identity()
            (k_norm): Identity()
          )
          (src_attn): MultiHeadedAttention(
            (linear_q): Linear(in_features=512, out_features=512, bias=True)
            (linear_k): Linear(in_features=512, out_features=512, bias=True)
            (linear_v): Linear(in_features=512, out_features=512, bias=True)
            (linear_out): Linear(in_features=512, out_features=512, bias=True)
            (dropout): Dropout(p=0.1, inplace=False)
            (q_norm): Identity()
            (k_norm): Identity()
          )
          (feed_forward): PositionwiseFeedForward(
            (w_1): Linear(in_features=512, out_features=2048, bias=True)
            (w_2): Linear(in_features=2048, out_features=512, bias=True)
            (dropout): Dropout(p=0.1, inplace=False)
            (activation): ReLU()
          )
          (norm1): LayerNorm((512,), eps=1e-12, elementwise_affine=True)
          (norm2): LayerNorm((512,), eps=1e-12, elementwise_affine=True)
          (norm3): LayerNorm((512,), eps=1e-12, elementwise_affine=True)
          (dropout): Dropout(p=0.1, inplace=False)
        )
        (1): DecoderLayer(
          (self_attn): MultiHeadedAttention(
            (linear_q): Linear(in_features=512, out_features=512, bias=True)
            (linear_k): Linear(in_features=512, out_features=512, bias=True)
            (linear_v): Linear(in_features=512, out_features=512, bias=True)
            (linear_out): Linear(in_features=512, out_features=512, bias=True)
            (dropout): Dropout(p=0.1, inplace=False)
            (q_norm): Identity()
            (k_norm): Identity()
          )
          (src_attn): MultiHeadedAttention(
            (linear_q): Linear(in_features=512, out_features=512, bias=True)
            (linear_k): Linear(in_features=512, out_features=512, bias=True)
            (linear_v): Linear(in_features=512, out_features=512, bias=True)
            (linear_out): Linear(in_features=512, out_features=512, bias=True)
            (dropout): Dropout(p=0.1, inplace=False)
            (q_norm): Identity()
            (k_norm): Identity()
          )
          (feed_forward): PositionwiseFeedForward(
            (w_1): Linear(in_features=512, out_features=2048, bias=True)
            (w_2): Linear(in_features=2048, out_features=512, bias=True)
            (dropout): Dropout(p=0.1, inplace=False)
            (activation): ReLU()
          )
          (norm1): LayerNorm((512,), eps=1e-12, elementwise_affine=True)
          (norm2): LayerNorm((512,), eps=1e-12, elementwise_affine=True)
          (norm3): LayerNorm((512,), eps=1e-12, elementwise_affine=True)
          (dropout): Dropout(p=0.1, inplace=False)
        )
        (2): DecoderLayer(
          (self_attn): MultiHeadedAttention(
            (linear_q): Linear(in_features=512, out_features=512, bias=True)
            (linear_k): Linear(in_features=512, out_features=512, bias=True)
            (linear_v): Linear(in_features=512, out_features=512, bias=True)
            (linear_out): Linear(in_features=512, out_features=512, bias=True)
            (dropout): Dropout(p=0.1, inplace=False)
            (q_norm): Identity()
            (k_norm): Identity()
          )
          (src_attn): MultiHeadedAttention(
            (linear_q): Linear(in_features=512, out_features=512, bias=True)
            (linear_k): Linear(in_features=512, out_features=512, bias=True)
            (linear_v): Linear(in_features=512, out_features=512, bias=True)
            (linear_out): Linear(in_features=512, out_features=512, bias=True)
            (dropout): Dropout(p=0.1, inplace=False)
            (q_norm): Identity()
            (k_norm): Identity()
          )
          (feed_forward): PositionwiseFeedForward(
            (w_1): Linear(in_features=512, out_features=2048, bias=True)
            (w_2): Linear(in_features=2048, out_features=512, bias=True)
            (dropout): Dropout(p=0.1, inplace=False)
            (activation): ReLU()
          )
          (norm1): LayerNorm((512,), eps=1e-12, elementwise_affine=True)
          (norm2): LayerNorm((512,), eps=1e-12, elementwise_affine=True)
          (norm3): LayerNorm((512,), eps=1e-12, elementwise_affine=True)
          (dropout): Dropout(p=0.1, inplace=False)
        )
        (3): DecoderLayer(
          (self_attn): MultiHeadedAttention(
            (linear_q): Linear(in_features=512, out_features=512, bias=True)
            (linear_k): Linear(in_features=512, out_features=512, bias=True)
            (linear_v): Linear(in_features=512, out_features=512, bias=True)
            (linear_out): Linear(in_features=512, out_features=512, bias=True)
            (dropout): Dropout(p=0.1, inplace=False)
            (q_norm): Identity()
            (k_norm): Identity()
          )
          (src_attn): MultiHeadedAttention(
            (linear_q): Linear(in_features=512, out_features=512, bias=True)
            (linear_k): Linear(in_features=512, out_features=512, bias=True)
            (linear_v): Linear(in_features=512, out_features=512, bias=True)
            (linear_out): Linear(in_features=512, out_features=512, bias=True)
            (dropout): Dropout(p=0.1, inplace=False)
            (q_norm): Identity()
            (k_norm): Identity()
          )
          (feed_forward): PositionwiseFeedForward(
            (w_1): Linear(in_features=512, out_features=2048, bias=True)
            (w_2): Linear(in_features=2048, out_features=512, bias=True)
            (dropout): Dropout(p=0.1, inplace=False)
            (activation): ReLU()
          )
          (norm1): LayerNorm((512,), eps=1e-12, elementwise_affine=True)
          (norm2): LayerNorm((512,), eps=1e-12, elementwise_affine=True)
          (norm3): LayerNorm((512,), eps=1e-12, elementwise_affine=True)
          (dropout): Dropout(p=0.1, inplace=False)
        )
        (4): DecoderLayer(
          (self_attn): MultiHeadedAttention(
            (linear_q): Linear(in_features=512, out_features=512, bias=True)
            (linear_k): Linear(in_features=512, out_features=512, bias=True)
            (linear_v): Linear(in_features=512, out_features=512, bias=True)
            (linear_out): Linear(in_features=512, out_features=512, bias=True)
            (dropout): Dropout(p=0.1, inplace=False)
            (q_norm): Identity()
            (k_norm): Identity()
          )
          (src_attn): MultiHeadedAttention(
            (linear_q): Linear(in_features=512, out_features=512, bias=True)
            (linear_k): Linear(in_features=512, out_features=512, bias=True)
            (linear_v): Linear(in_features=512, out_features=512, bias=True)
            (linear_out): Linear(in_features=512, out_features=512, bias=True)
            (dropout): Dropout(p=0.1, inplace=False)
            (q_norm): Identity()
            (k_norm): Identity()
          )
          (feed_forward): PositionwiseFeedForward(
            (w_1): Linear(in_features=512, out_features=2048, bias=True)
            (w_2): Linear(in_features=2048, out_features=512, bias=True)
            (dropout): Dropout(p=0.1, inplace=False)
            (activation): ReLU()
          )
          (norm1): LayerNorm((512,), eps=1e-12, elementwise_affine=True)
          (norm2): LayerNorm((512,), eps=1e-12, elementwise_affine=True)
          (norm3): LayerNorm((512,), eps=1e-12, elementwise_affine=True)
          (dropout): Dropout(p=0.1, inplace=False)
        )
        (5): DecoderLayer(
          (self_attn): MultiHeadedAttention(
            (linear_q): Linear(in_features=512, out_features=512, bias=True)
            (linear_k): Linear(in_features=512, out_features=512, bias=True)
            (linear_v): Linear(in_features=512, out_features=512, bias=True)
            (linear_out): Linear(in_features=512, out_features=512, bias=True)
            (dropout): Dropout(p=0.1, inplace=False)
            (q_norm): Identity()
            (k_norm): Identity()
          )
          (src_attn): MultiHeadedAttention(
            (linear_q): Linear(in_features=512, out_features=512, bias=True)
            (linear_k): Linear(in_features=512, out_features=512, bias=True)
            (linear_v): Linear(in_features=512, out_features=512, bias=True)
            (linear_out): Linear(in_features=512, out_features=512, bias=True)
            (dropout): Dropout(p=0.1, inplace=False)
            (q_norm): Identity()
            (k_norm): Identity()
          )
          (feed_forward): PositionwiseFeedForward(
            (w_1): Linear(in_features=512, out_features=2048, bias=True)
            (w_2): Linear(in_features=2048, out_features=512, bias=True)
            (dropout): Dropout(p=0.1, inplace=False)
            (activation): ReLU()
          )
          (norm1): LayerNorm((512,), eps=1e-12, elementwise_affine=True)
          (norm2): LayerNorm((512,), eps=1e-12, elementwise_affine=True)
          (norm3): LayerNorm((512,), eps=1e-12, elementwise_affine=True)
          (dropout): Dropout(p=0.1, inplace=False)
        )
      )
    )
  )
)
2026-01-23 10:27:35,730 | INFO | Decoding device=cuda, dtype=float32
2026-01-23 10:27:35,731 | INFO | Text tokenizer: CharTokenizer(space_symbol="<space>"non_linguistic_symbols="set()"nonsplit_symbols="set()")
2026-01-23 10:27:35,732 | INFO |  File duration: 68.39650793650793 seconds
2026-01-23 10:27:35,743 | WARNING | This version of torchaudio is old. SpeechBrain no longer tries using the torchaudio global backend mechanism in recipes, so if you encounter issues, update torchaudio to >=2.1.0.
2026-01-23 10:27:35,746 | DEBUG | Registered checkpoint save hook for _speechbrain_save
2026-01-23 10:27:35,746 | DEBUG | Registered checkpoint load hook for _speechbrain_load
2026-01-23 10:27:35,746 | DEBUG | Registered checkpoint save hook for save
2026-01-23 10:27:35,746 | DEBUG | Registered checkpoint load hook for load
2026-01-23 10:27:35,969 | INFO | Applied quirks (see `speechbrain.utils.quirks`): [allow_tf32, disable_jit_profiling]
2026-01-23 10:27:35,969 | INFO | Excluded quirks specified by the `SB_DISABLE_QUIRKS` environment (comma-separated list): []
2026-01-23 10:27:35,969 | DEBUG | Registered checkpoint save hook for _save
2026-01-23 10:27:35,970 | DEBUG | Registered checkpoint load hook for _recover
2026-01-23 10:27:35,983 | INFO | File: AEX-CAB000-02_L01.wav | WER=12.994350 | S=17 D=5 I=1
2026-01-23 10:27:35,984 | INFO | ------------------------------
2026-01-23 10:27:35,984 | INFO |  File duration: 71.22968253968254 seconds
2026-01-23 10:27:36,001 | INFO | File: AEX-CAC000-02_L01.wav | WER=25.568182 | S=19 D=9 I=17
2026-01-23 10:27:36,001 | INFO | ------------------------------
2026-01-23 10:27:36,001 | INFO |  File duration: 70.09696145124717 seconds
2026-01-23 10:27:36,017 | INFO | File: AEX-CAG000-01_L01.wav | WER=20.454545 | S=27 D=3 I=6
2026-01-23 10:27:36,017 | INFO | ------------------------------
2026-01-23 10:27:36,017 | INFO |  File duration: 75.73018140589569 seconds
2026-01-23 10:27:36,034 | INFO | File: AEX-CLJ000-02_L01.wav | WER=31.818182 | S=29 D=2 I=25
2026-01-23 10:27:36,035 | INFO | ------------------------------
2026-01-23 10:27:36,035 | INFO |  File duration: 58.55369614512472 seconds
2026-01-23 10:27:36,050 | INFO | File: AEX-CML000-01_L01.wav | WER=17.613636 | S=23 D=6 I=2
2026-01-23 10:27:36,050 | INFO | ------------------------------
2026-01-23 10:27:36,050 | INFO |  File duration: 76.21907029478459 seconds
2026-01-23 10:27:36,065 | INFO | File: AEX-CSR000-01_L01.wav | WER=17.514124 | S=24 D=4 I=3
2026-01-23 10:27:36,065 | INFO | ------------------------------
2026-01-23 10:27:36,065 | INFO |  File duration: 86.34117913832199 seconds
2026-01-23 10:27:36,080 | INFO | File: BEX-CDB000-01_L01.wav | WER=15.254237 | S=20 D=5 I=2
2026-01-23 10:27:36,080 | INFO | ------------------------------
2026-01-23 10:27:36,080 | INFO |  File duration: 72.99619047619048 seconds
2026-01-23 10:27:36,095 | INFO | File: BEX-CEB000-01_L01.wav | WER=20.454545 | S=26 D=5 I=5
2026-01-23 10:27:36,095 | INFO | ------------------------------
2026-01-23 10:27:36,096 | INFO |  File duration: 60.74340136054422 seconds
2026-01-23 10:27:36,109 | INFO | File: BEX-CHE000-01_L01.wav | WER=25.423729 | S=30 D=14 I=1
2026-01-23 10:27:36,109 | INFO | ------------------------------
2026-01-23 10:27:36,109 | INFO |  File duration: 77.60358276643991 seconds
2026-01-23 10:27:36,124 | INFO | File: BEX-CKN000-01_L01.wav | WER=17.514124 | S=20 D=8 I=3
2026-01-23 10:27:36,124 | INFO | ------------------------------
2026-01-23 10:27:36,124 | INFO |  File duration: 80.38402083333334 seconds
2026-01-23 10:27:42,011 | INFO | speech length: 61921
2026-01-23 10:27:44,440 | INFO | decoder input length: 96
2026-01-23 10:27:44,440 | INFO | max output length: 96
2026-01-23 10:27:44,440 | INFO | min output length: 9
2026-01-23 10:27:49,342 | INFO | end detected at 58
2026-01-23 10:27:49,343 | INFO |  -4.13 * 0.5 =  -2.06 for decoder
2026-01-23 10:27:49,343 | INFO |  -2.58 * 0.5 =  -1.29 for ctc
2026-01-23 10:27:49,343 | INFO | total log probability: -3.35
2026-01-23 10:27:49,343 | INFO | normalized log probability: -0.06
2026-01-23 10:27:49,343 | INFO | total number of ended hypotheses: 171
2026-01-23 10:27:49,344 | INFO | best hypo: le<space>cordonnier<space>dans<space>un<space>petit<space>village<space>de<space>la<space>montagne

2026-01-23 10:27:49,349 | INFO | speech length: 55841
2026-01-23 10:27:49,379 | INFO | decoder input length: 86
2026-01-23 10:27:49,379 | INFO | max output length: 86
2026-01-23 10:27:49,379 | INFO | min output length: 8
2026-01-23 10:27:52,399 | INFO | end detected at 60
2026-01-23 10:27:52,401 | INFO |  -4.55 * 0.5 =  -2.28 for decoder
2026-01-23 10:27:52,401 | INFO |  -1.37 * 0.5 =  -0.69 for ctc
2026-01-23 10:27:52,401 | INFO | total log probability: -2.96
2026-01-23 10:27:52,401 | INFO | normalized log probability: -0.05
2026-01-23 10:27:52,401 | INFO | total number of ended hypotheses: 190
2026-01-23 10:27:52,402 | INFO | best hypo: il<space>y<space>a<space>un<space>pauvre<space>cordonnier<space>tout<space>vieux<space>et<space>tout<space>cassé

2026-01-23 10:27:52,404 | INFO | speech length: 50721
2026-01-23 10:27:52,437 | INFO | decoder input length: 78
2026-01-23 10:27:52,438 | INFO | max output length: 78
2026-01-23 10:27:52,438 | INFO | min output length: 7
2026-01-23 10:27:54,147 | INFO | end detected at 55
2026-01-23 10:27:54,148 | INFO |  -3.88 * 0.5 =  -1.94 for decoder
2026-01-23 10:27:54,148 | INFO |  -0.53 * 0.5 =  -0.27 for ctc
2026-01-23 10:27:54,148 | INFO | total log probability: -2.20
2026-01-23 10:27:54,148 | INFO | normalized log probability: -0.04
2026-01-23 10:27:54,148 | INFO | total number of ended hypotheses: 176
2026-01-23 10:27:54,148 | INFO | best hypo: villageois<space>lui<space>apporte<space>des<space>chaussures<space>à<space>réparer

2026-01-23 10:27:54,151 | INFO | speech length: 77761
2026-01-23 10:27:54,182 | INFO | decoder input length: 121
2026-01-23 10:27:54,182 | INFO | max output length: 121
2026-01-23 10:27:54,182 | INFO | min output length: 12
2026-01-23 10:27:57,413 | INFO | end detected at 92
2026-01-23 10:27:57,414 | INFO |  -7.31 * 0.5 =  -3.66 for decoder
2026-01-23 10:27:57,414 | INFO |  -3.81 * 0.5 =  -1.91 for ctc
2026-01-23 10:27:57,414 | INFO | total log probability: -5.56
2026-01-23 10:27:57,415 | INFO | normalized log probability: -0.07
2026-01-23 10:27:57,415 | INFO | total number of ended hypotheses: 202
2026-01-23 10:27:57,416 | INFO | best hypo: mais<space>il<space>ne<space>travaille<space>pas<space>vite<space>tous<space>les<space>soirs<space>il<space>mange<space>tout<space>seul<space>bien<space>tristement

2026-01-23 10:27:57,418 | INFO | speech length: 47361
2026-01-23 10:27:57,447 | INFO | decoder input length: 73
2026-01-23 10:27:57,447 | INFO | max output length: 73
2026-01-23 10:27:57,447 | INFO | min output length: 7
2026-01-23 10:27:59,049 | INFO | end detected at 54
2026-01-23 10:27:59,051 | INFO |  -4.48 * 0.5 =  -2.24 for decoder
2026-01-23 10:27:59,051 | INFO |  -3.27 * 0.5 =  -1.63 for ctc
2026-01-23 10:27:59,051 | INFO | total log probability: -3.87
2026-01-23 10:27:59,051 | INFO | normalized log probability: -0.08
2026-01-23 10:27:59,051 | INFO | total number of ended hypotheses: 208
2026-01-23 10:27:59,052 | INFO | best hypo: ce<space>soir<space>il<space>y<space>a<space>devant<space>lui<space>un<space>gros<space>totsoulier

2026-01-23 10:27:59,054 | INFO | speech length: 63681
2026-01-23 10:27:59,084 | INFO | decoder input length: 99
2026-01-23 10:27:59,084 | INFO | max output length: 99
2026-01-23 10:27:59,084 | INFO | min output length: 9
2026-01-23 10:28:01,301 | INFO | end detected at 64
2026-01-23 10:28:01,302 | INFO |  -5.06 * 0.5 =  -2.53 for decoder
2026-01-23 10:28:01,302 | INFO |  -0.19 * 0.5 =  -0.09 for ctc
2026-01-23 10:28:01,302 | INFO | total log probability: -2.62
2026-01-23 10:28:01,302 | INFO | normalized log probability: -0.04
2026-01-23 10:28:01,302 | INFO | total number of ended hypotheses: 146
2026-01-23 10:28:01,303 | INFO | best hypo: et<space>de<space>qu'être<space>à<space>recoudre<space>jamais<space>je<space>ne<space>pourrais<space>les<space>réparer

2026-01-23 10:28:01,305 | INFO | speech length: 37281
2026-01-23 10:28:01,334 | INFO | decoder input length: 57
2026-01-23 10:28:01,334 | INFO | max output length: 57
2026-01-23 10:28:01,335 | INFO | min output length: 5
2026-01-23 10:28:02,448 | INFO | end detected at 38
2026-01-23 10:28:02,449 | INFO |  -2.68 * 0.5 =  -1.34 for decoder
2026-01-23 10:28:02,458 | INFO |  -0.11 * 0.5 =  -0.06 for ctc
2026-01-23 10:28:02,458 | INFO | total log probability: -1.40
2026-01-23 10:28:02,458 | INFO | normalized log probability: -0.04
2026-01-23 10:28:02,458 | INFO | total number of ended hypotheses: 167
2026-01-23 10:28:02,459 | INFO | best hypo: je<space>suis<space>trop<space>âgé<space>et<space>trop<space>malade

2026-01-23 10:28:02,463 | INFO | speech length: 113921
2026-01-23 10:28:02,493 | INFO | decoder input length: 177
2026-01-23 10:28:02,493 | INFO | max output length: 177
2026-01-23 10:28:02,493 | INFO | min output length: 17
2026-01-23 10:28:06,618 | INFO | end detected at 104
2026-01-23 10:28:06,620 | INFO | -10.16 * 0.5 =  -5.08 for decoder
2026-01-23 10:28:06,620 | INFO | -15.15 * 0.5 =  -7.58 for ctc
2026-01-23 10:28:06,620 | INFO | total log probability: -12.66
2026-01-23 10:28:06,620 | INFO | normalized log probability: -0.13
2026-01-23 10:28:06,620 | INFO | total number of ended hypotheses: 218
2026-01-23 10:28:06,621 | INFO | best hypo: près<space>de<space>lui<space>la<space>grosse<space>horloge<space>fait<space>des<space>tactiques<space>tacs<space>le<space>pauvre<space>vieux<space>tout<space>découragé<space>s'endort

2026-01-23 10:28:06,624 | INFO | speech length: 59361
2026-01-23 10:28:06,655 | INFO | decoder input length: 92
2026-01-23 10:28:06,655 | INFO | max output length: 92
2026-01-23 10:28:06,655 | INFO | min output length: 9
2026-01-23 10:28:09,038 | INFO | end detected at 72
2026-01-23 10:28:09,039 | INFO |  -5.24 * 0.5 =  -2.62 for decoder
2026-01-23 10:28:09,039 | INFO |  -1.24 * 0.5 =  -0.62 for ctc
2026-01-23 10:28:09,039 | INFO | total log probability: -3.24
2026-01-23 10:28:09,039 | INFO | normalized log probability: -0.05
2026-01-23 10:28:09,039 | INFO | total number of ended hypotheses: 199
2026-01-23 10:28:09,040 | INFO | best hypo: aussitôt<space>l'horloge<space>s'ouvre<space>et<space>deux<space>petits<space>lutins<space>sautent<space>sur<space>le

2026-01-23 10:28:09,043 | INFO | speech length: 38561
2026-01-23 10:28:09,071 | INFO | decoder input length: 59
2026-01-23 10:28:09,071 | INFO | max output length: 59
2026-01-23 10:28:09,071 | INFO | min output length: 5
2026-01-23 10:28:10,293 | INFO | end detected at 38
2026-01-23 10:28:10,295 | INFO |  -6.47 * 0.5 =  -3.24 for decoder
2026-01-23 10:28:10,295 | INFO |  -6.42 * 0.5 =  -3.21 for ctc
2026-01-23 10:28:10,295 | INFO | total log probability: -6.45
2026-01-23 10:28:10,295 | INFO | normalized log probability: -0.22
2026-01-23 10:28:10,295 | INFO | total number of ended hypotheses: 211
2026-01-23 10:28:10,295 | INFO | best hypo: plancher<space>là<space>i<space>s'appelle<space>tic

2026-01-23 10:28:10,298 | INFO | speech length: 84481
2026-01-23 10:28:10,328 | INFO | decoder input length: 131
2026-01-23 10:28:10,328 | INFO | max output length: 131
2026-01-23 10:28:10,328 | INFO | min output length: 13
2026-01-23 10:28:12,906 | INFO | end detected at 75
2026-01-23 10:28:12,908 | INFO |  -5.53 * 0.5 =  -2.77 for decoder
2026-01-23 10:28:12,908 | INFO |  -2.30 * 0.5 =  -1.15 for ctc
2026-01-23 10:28:12,908 | INFO | total log probability: -3.92
2026-01-23 10:28:12,908 | INFO | normalized log probability: -0.06
2026-01-23 10:28:12,908 | INFO | total number of ended hypotheses: 194
2026-01-23 10:28:12,909 | INFO | best hypo: tac<space>rangeant<space>les<space>étagères<space>réparons<space>les<space>souliers<space>recousant<space>le<space>linge

2026-01-23 10:28:12,911 | INFO | speech length: 42241
2026-01-23 10:28:12,939 | INFO | decoder input length: 65
2026-01-23 10:28:12,939 | INFO | max output length: 65
2026-01-23 10:28:12,939 | INFO | min output length: 6
2026-01-23 10:28:14,496 | INFO | end detected at 50
2026-01-23 10:28:14,498 | INFO |  -4.44 * 0.5 =  -2.22 for decoder
2026-01-23 10:28:14,498 | INFO |  -2.84 * 0.5 =  -1.42 for ctc
2026-01-23 10:28:14,498 | INFO | total log probability: -3.64
2026-01-23 10:28:14,498 | INFO | normalized log probability: -0.08
2026-01-23 10:28:14,498 | INFO | total number of ended hypotheses: 178
2026-01-23 10:28:14,498 | INFO | best hypo: préparant<space>un<space>gâteau<space>mettons<space>du<space>guy<space>au<space>plat

2026-01-23 10:28:14,501 | INFO | speech length: 35841
2026-01-23 10:28:14,534 | INFO | decoder input length: 55
2026-01-23 10:28:14,534 | INFO | max output length: 55
2026-01-23 10:28:14,534 | INFO | min output length: 5
2026-01-23 10:28:15,778 | INFO | end detected at 41
2026-01-23 10:28:15,779 | INFO |  -3.35 * 0.5 =  -1.68 for decoder
2026-01-23 10:28:15,779 | INFO |  -0.87 * 0.5 =  -0.44 for ctc
2026-01-23 10:28:15,779 | INFO | total log probability: -2.11
2026-01-23 10:28:15,779 | INFO | normalized log probability: -0.06
2026-01-23 10:28:15,779 | INFO | total number of ended hypotheses: 169
2026-01-23 10:28:15,779 | INFO | best hypo: changeons<space>ses<space>vieux<space>rideaux<space>ajoute

2026-01-23 10:28:15,781 | INFO | speech length: 79041
2026-01-23 10:28:15,810 | INFO | decoder input length: 123
2026-01-23 10:28:15,810 | INFO | max output length: 123
2026-01-23 10:28:15,810 | INFO | min output length: 12
2026-01-23 10:28:18,489 | INFO | end detected at 78
2026-01-23 10:28:18,490 | INFO |  -5.73 * 0.5 =  -2.86 for decoder
2026-01-23 10:28:18,490 | INFO |  -2.21 * 0.5 =  -1.10 for ctc
2026-01-23 10:28:18,490 | INFO | total log probability: -3.97
2026-01-23 10:28:18,490 | INFO | normalized log probability: -0.06
2026-01-23 10:28:18,490 | INFO | total number of ended hypotheses: 182
2026-01-23 10:28:18,491 | INFO | best hypo: minuit<space>sonne<space>les<space>deux<space>vaillants<space>petits<space>lutins<space>rentrent<space>dans<space>la<space>pendule

2026-01-23 10:28:18,493 | INFO | speech length: 40961
2026-01-23 10:28:18,524 | INFO | decoder input length: 63
2026-01-23 10:28:18,524 | INFO | max output length: 63
2026-01-23 10:28:18,524 | INFO | min output length: 6
2026-01-23 10:28:20,239 | INFO | end detected at 53
2026-01-23 10:28:20,240 | INFO |  -6.22 * 0.5 =  -3.11 for decoder
2026-01-23 10:28:20,240 | INFO |  -7.02 * 0.5 =  -3.51 for ctc
2026-01-23 10:28:20,240 | INFO | total log probability: -6.62
2026-01-23 10:28:20,241 | INFO | normalized log probability: -0.15
2026-01-23 10:28:20,241 | INFO | total number of ended hypotheses: 210
2026-01-23 10:28:20,241 | INFO | best hypo: le<space>lendemain<space>le<space>pauvre<space>cordonnier<space>s'évahi

2026-01-23 10:28:20,244 | INFO | speech length: 40961
2026-01-23 10:28:20,269 | INFO | decoder input length: 63
2026-01-23 10:28:20,269 | INFO | max output length: 63
2026-01-23 10:28:20,269 | INFO | min output length: 6
2026-01-23 10:28:21,217 | INFO | end detected at 29
2026-01-23 10:28:21,218 | INFO |  -2.23 * 0.5 =  -1.12 for decoder
2026-01-23 10:28:21,218 | INFO |  -1.61 * 0.5 =  -0.81 for ctc
2026-01-23 10:28:21,219 | INFO | total log probability: -1.92
2026-01-23 10:28:21,219 | INFO | normalized log probability: -0.08
2026-01-23 10:28:21,219 | INFO | total number of ended hypotheses: 191
2026-01-23 10:28:21,219 | INFO | best hypo: aux<space>joies<space>qui<space>a<space>réparé

2026-01-23 10:28:21,221 | INFO | speech length: 36641
2026-01-23 10:28:21,251 | INFO | decoder input length: 56
2026-01-23 10:28:21,252 | INFO | max output length: 56
2026-01-23 10:28:21,252 | INFO | min output length: 5
2026-01-23 10:28:22,361 | INFO | end detected at 35
2026-01-23 10:28:22,362 | INFO |  -2.30 * 0.5 =  -1.15 for decoder
2026-01-23 10:28:22,362 | INFO |  -0.02 * 0.5 =  -0.01 for ctc
2026-01-23 10:28:22,362 | INFO | total log probability: -1.16
2026-01-23 10:28:22,362 | INFO | normalized log probability: -0.04
2026-01-23 10:28:22,362 | INFO | total number of ended hypotheses: 169
2026-01-23 10:28:22,363 | INFO | best hypo: qui<space>a<space>préparé<space>ce<space>beau<space>gâteau

2026-01-23 10:28:22,365 | INFO | speech length: 47681
2026-01-23 10:28:22,399 | INFO | decoder input length: 74
2026-01-23 10:28:22,399 | INFO | max output length: 74
2026-01-23 10:28:22,399 | INFO | min output length: 7
2026-01-23 10:28:24,153 | INFO | end detected at 53
2026-01-23 10:28:24,155 | INFO |  -9.59 * 0.5 =  -4.79 for decoder
2026-01-23 10:28:24,155 | INFO | -11.18 * 0.5 =  -5.59 for ctc
2026-01-23 10:28:24,155 | INFO | total log probability: -10.38
2026-01-23 10:28:24,155 | INFO | normalized log probability: -0.25
2026-01-23 10:28:24,155 | INFO | total number of ended hypotheses: 238
2026-01-23 10:28:24,156 | INFO | best hypo: qui<space>donc<space>a<space>rangé<space>la<space>maison<space>di<space>tac<space>diktac

2026-01-23 10:28:24,158 | INFO | speech length: 27521
2026-01-23 10:28:24,188 | INFO | decoder input length: 42
2026-01-23 10:28:24,188 | INFO | max output length: 42
2026-01-23 10:28:24,188 | INFO | min output length: 4
2026-01-23 10:28:24,986 | INFO | end detected at 28
2026-01-23 10:28:24,987 | INFO |  -1.82 * 0.5 =  -0.91 for decoder
2026-01-23 10:28:24,987 | INFO |  -0.03 * 0.5 =  -0.02 for ctc
2026-01-23 10:28:24,987 | INFO | total log probability: -0.92
2026-01-23 10:28:24,987 | INFO | normalized log probability: -0.04
2026-01-23 10:28:24,987 | INFO | total number of ended hypotheses: 136
2026-01-23 10:28:24,987 | INFO | best hypo: dit<space>la<space>vieille<space>horloge

2026-01-23 10:28:25,002 | INFO | File: BEX-CMB000-01_L01.wav | WER=21.468927 | S=20 D=12 I=6
2026-01-23 10:28:25,002 | INFO | ------------------------------
2026-01-23 10:28:25,002 | INFO |  File duration: 77.83328798185941 seconds
2026-01-23 10:28:30,306 | INFO | speech length: 33441
2026-01-23 10:28:30,336 | INFO | decoder input length: 51
2026-01-23 10:28:30,336 | INFO | max output length: 51
2026-01-23 10:28:30,336 | INFO | min output length: 5
2026-01-23 10:28:31,012 | INFO | end detected at 22
2026-01-23 10:28:31,013 | INFO |  -2.68 * 0.5 =  -1.34 for decoder
2026-01-23 10:28:31,014 | INFO |  -9.18 * 0.5 =  -4.59 for ctc
2026-01-23 10:28:31,014 | INFO | total log probability: -5.93
2026-01-23 10:28:31,014 | INFO | normalized log probability: -0.37
2026-01-23 10:28:31,014 | INFO | total number of ended hypotheses: 209
2026-01-23 10:28:31,014 | INFO | best hypo: le<space>corps<space>donné

2026-01-23 10:28:31,016 | INFO | speech length: 33761
2026-01-23 10:28:31,045 | INFO | decoder input length: 52
2026-01-23 10:28:31,045 | INFO | max output length: 52
2026-01-23 10:28:31,045 | INFO | min output length: 5
2026-01-23 10:28:32,228 | INFO | end detected at 42
2026-01-23 10:28:32,229 | INFO |  -3.00 * 0.5 =  -1.50 for decoder
2026-01-23 10:28:32,229 | INFO |  -0.00 * 0.5 =  -0.00 for ctc
2026-01-23 10:28:32,229 | INFO | total log probability: -1.50
2026-01-23 10:28:32,229 | INFO | normalized log probability: -0.04
2026-01-23 10:28:32,229 | INFO | total number of ended hypotheses: 142
2026-01-23 10:28:32,230 | INFO | best hypo: dans<space>un<space>petit<space>village<space>de<space>la<space>montagne

2026-01-23 10:28:32,231 | INFO | speech length: 47201
2026-01-23 10:28:32,259 | INFO | decoder input length: 73
2026-01-23 10:28:32,259 | INFO | max output length: 73
2026-01-23 10:28:32,259 | INFO | min output length: 7
2026-01-23 10:28:34,116 | INFO | end detected at 59
2026-01-23 10:28:34,117 | INFO |  -4.53 * 0.5 =  -2.26 for decoder
2026-01-23 10:28:34,117 | INFO |  -0.86 * 0.5 =  -0.43 for ctc
2026-01-23 10:28:34,118 | INFO | total log probability: -2.69
2026-01-23 10:28:34,118 | INFO | normalized log probability: -0.05
2026-01-23 10:28:34,118 | INFO | total number of ended hypotheses: 174
2026-01-23 10:28:34,118 | INFO | best hypo: il<space>y<space>a<space>un<space>pauvre<space>cordonnier<space>tout<space>vieux<space>et<space>tout<space>cassé

2026-01-23 10:28:34,120 | INFO | speech length: 61761
2026-01-23 10:28:34,149 | INFO | decoder input length: 96
2026-01-23 10:28:34,149 | INFO | max output length: 96
2026-01-23 10:28:34,149 | INFO | min output length: 9
2026-01-23 10:28:36,832 | INFO | end detected at 89
2026-01-23 10:28:36,833 | INFO |  -7.50 * 0.5 =  -3.75 for decoder
2026-01-23 10:28:36,834 | INFO |  -0.21 * 0.5 =  -0.10 for ctc
2026-01-23 10:28:36,834 | INFO | total log probability: -3.85
2026-01-23 10:28:36,834 | INFO | normalized log probability: -0.05
2026-01-23 10:28:36,834 | INFO | total number of ended hypotheses: 178
2026-01-23 10:28:36,835 | INFO | best hypo: les<space>villageois<space>lui<space>apportent<space>des<space>chaussures<space>à<space>réparer<space>mais<space>il<space>ne<space>travaille<space>pas<space>vie

2026-01-23 10:28:36,837 | INFO | speech length: 37441
2026-01-23 10:28:36,866 | INFO | decoder input length: 58
2026-01-23 10:28:36,866 | INFO | max output length: 58
2026-01-23 10:28:36,866 | INFO | min output length: 5
2026-01-23 10:28:38,361 | INFO | end detected at 53
2026-01-23 10:28:38,363 | INFO |  -4.11 * 0.5 =  -2.05 for decoder
2026-01-23 10:28:38,363 | INFO |  -2.66 * 0.5 =  -1.33 for ctc
2026-01-23 10:28:38,363 | INFO | total log probability: -3.39
2026-01-23 10:28:38,363 | INFO | normalized log probability: -0.08
2026-01-23 10:28:38,363 | INFO | total number of ended hypotheses: 196
2026-01-23 10:28:38,363 | INFO | best hypo: tous<space>les<space>soirs<space>il<space>mange<space>tout<space>seul<space>bientrice

2026-01-23 10:28:38,365 | INFO | speech length: 67361
2026-01-23 10:28:38,395 | INFO | decoder input length: 104
2026-01-23 10:28:38,395 | INFO | max output length: 104
2026-01-23 10:28:38,395 | INFO | min output length: 10
2026-01-23 10:28:40,814 | INFO | end detected at 77
2026-01-23 10:28:40,815 | INFO |  -7.35 * 0.5 =  -3.67 for decoder
2026-01-23 10:28:40,815 | INFO |  -8.46 * 0.5 =  -4.23 for ctc
2026-01-23 10:28:40,815 | INFO | total log probability: -7.90
2026-01-23 10:28:40,815 | INFO | normalized log probability: -0.11
2026-01-23 10:28:40,815 | INFO | total number of ended hypotheses: 180
2026-01-23 10:28:40,816 | INFO | best hypo: ce<space>soir<space>il<space>y<space>a<space>devant<space>lui<space>un<space>gros<space>tas<space>de<space>souliers<space>de<space>guêtres<space>à<space>recours

2026-01-23 10:28:40,819 | INFO | speech length: 33281
2026-01-23 10:28:40,844 | INFO | decoder input length: 51
2026-01-23 10:28:40,844 | INFO | max output length: 51
2026-01-23 10:28:40,844 | INFO | min output length: 5
2026-01-23 10:28:41,972 | INFO | end detected at 40
2026-01-23 10:28:41,973 | INFO |  -3.19 * 0.5 =  -1.60 for decoder
2026-01-23 10:28:41,973 | INFO |  -0.01 * 0.5 =  -0.00 for ctc
2026-01-23 10:28:41,973 | INFO | total log probability: -1.60
2026-01-23 10:28:41,973 | INFO | normalized log probability: -0.05
2026-01-23 10:28:41,973 | INFO | total number of ended hypotheses: 176
2026-01-23 10:28:41,973 | INFO | best hypo: jamais<space>je<space>ne<space>pourrais<space>les<space>réparer

2026-01-23 10:28:41,975 | INFO | speech length: 39681
2026-01-23 10:28:42,003 | INFO | decoder input length: 61
2026-01-23 10:28:42,003 | INFO | max output length: 61
2026-01-23 10:28:42,003 | INFO | min output length: 6
2026-01-23 10:28:43,132 | INFO | end detected at 38
2026-01-23 10:28:43,133 | INFO |  -3.12 * 0.5 =  -1.56 for decoder
2026-01-23 10:28:43,133 | INFO |  -0.54 * 0.5 =  -0.27 for ctc
2026-01-23 10:28:43,133 | INFO | total log probability: -1.83
2026-01-23 10:28:43,133 | INFO | normalized log probability: -0.06
2026-01-23 10:28:43,133 | INFO | total number of ended hypotheses: 171
2026-01-23 10:28:43,134 | INFO | best hypo: je<space>suis<space>trop<space>âgé<space>et<space>trop<space>malade

2026-01-23 10:28:43,135 | INFO | speech length: 44640
2026-01-23 10:28:43,164 | INFO | decoder input length: 69
2026-01-23 10:28:43,164 | INFO | max output length: 69
2026-01-23 10:28:43,164 | INFO | min output length: 6
2026-01-23 10:28:44,402 | INFO | end detected at 41
2026-01-23 10:28:44,403 | INFO |  -2.78 * 0.5 =  -1.39 for decoder
2026-01-23 10:28:44,403 | INFO |  -0.61 * 0.5 =  -0.30 for ctc
2026-01-23 10:28:44,403 | INFO | total log probability: -1.69
2026-01-23 10:28:44,403 | INFO | normalized log probability: -0.05
2026-01-23 10:28:44,403 | INFO | total number of ended hypotheses: 168
2026-01-23 10:28:44,403 | INFO | best hypo: près<space>de<space>lui<space>la<space>grosse<space>horloge<space>fait

2026-01-23 10:28:44,405 | INFO | speech length: 63201
2026-01-23 10:28:44,434 | INFO | decoder input length: 98
2026-01-23 10:28:44,434 | INFO | max output length: 98
2026-01-23 10:28:44,435 | INFO | min output length: 9
2026-01-23 10:28:46,588 | INFO | end detected at 62
2026-01-23 10:28:46,590 | INFO |  -9.12 * 0.5 =  -4.56 for decoder
2026-01-23 10:28:46,590 | INFO |  -8.34 * 0.5 =  -4.17 for ctc
2026-01-23 10:28:46,590 | INFO | total log probability: -8.73
2026-01-23 10:28:46,590 | INFO | normalized log probability: -0.16
2026-01-23 10:28:46,590 | INFO | total number of ended hypotheses: 191
2026-01-23 10:28:46,591 | INFO | best hypo: diktac<space>diktac<space>le<space>pauvre<space>vieux<space>tout<space>découragé<space>s'endort

2026-01-23 10:28:46,593 | INFO | speech length: 74561
2026-01-23 10:28:46,624 | INFO | decoder input length: 116
2026-01-23 10:28:46,624 | INFO | max output length: 116
2026-01-23 10:28:46,624 | INFO | min output length: 11
2026-01-23 10:28:49,167 | INFO | end detected at 78
2026-01-23 10:28:49,168 | INFO |  -6.55 * 0.5 =  -3.28 for decoder
2026-01-23 10:28:49,168 | INFO |  -2.72 * 0.5 =  -1.36 for ctc
2026-01-23 10:28:49,168 | INFO | total log probability: -4.64
2026-01-23 10:28:49,168 | INFO | normalized log probability: -0.06
2026-01-23 10:28:49,168 | INFO | total number of ended hypotheses: 174
2026-01-23 10:28:49,169 | INFO | best hypo: aussitôt<space>l'horloge<space>s'ouvre<space>et<space>deux<space>petits<space>lutins<space>saute<space>sur<space>le<space>plancher

2026-01-23 10:28:49,171 | INFO | speech length: 33121
2026-01-23 10:28:49,197 | INFO | decoder input length: 51
2026-01-23 10:28:49,197 | INFO | max output length: 51
2026-01-23 10:28:49,197 | INFO | min output length: 5
2026-01-23 10:28:50,501 | INFO | end detected at 48
2026-01-23 10:28:50,501 | INFO |  -9.44 * 0.5 =  -4.72 for decoder
2026-01-23 10:28:50,502 | INFO |  -4.49 * 0.5 =  -2.24 for ctc
2026-01-23 10:28:50,502 | INFO | total log probability: -6.96
2026-01-23 10:28:50,502 | INFO | normalized log probability: -0.16
2026-01-23 10:28:50,502 | INFO | total number of ended hypotheses: 146
2026-01-23 10:28:50,502 | INFO | best hypo: l'un<space>s'appelle<space>t<space>ique<space>l'autre<space>s'appelle<space>ta

2026-01-23 10:28:50,504 | INFO | speech length: 71521
2026-01-23 10:28:50,533 | INFO | decoder input length: 111
2026-01-23 10:28:50,533 | INFO | max output length: 111
2026-01-23 10:28:50,533 | INFO | min output length: 11
2026-01-23 10:28:53,534 | INFO | end detected at 82
2026-01-23 10:28:53,536 | INFO | -10.25 * 0.5 =  -5.13 for decoder
2026-01-23 10:28:53,536 | INFO |  -6.16 * 0.5 =  -3.08 for ctc
2026-01-23 10:28:53,536 | INFO | total log probability: -8.21
2026-01-23 10:28:53,536 | INFO | normalized log probability: -0.11
2026-01-23 10:28:53,536 | INFO | total number of ended hypotheses: 246
2026-01-23 10:28:53,537 | INFO | best hypo: rangeant<space>les<space>étagères<space>réparons<space>les<space>souliers<space>recousons<space>le<space>linge<space>des<space>thés

2026-01-23 10:28:53,539 | INFO | speech length: 72641
2026-01-23 10:28:53,568 | INFO | decoder input length: 113
2026-01-23 10:28:53,568 | INFO | max output length: 113
2026-01-23 10:28:53,568 | INFO | min output length: 11
2026-01-23 10:28:56,546 | INFO | end detected at 94
2026-01-23 10:28:56,547 | INFO | -13.13 * 0.5 =  -6.56 for decoder
2026-01-23 10:28:56,547 | INFO |  -8.34 * 0.5 =  -4.17 for ctc
2026-01-23 10:28:56,547 | INFO | total log probability: -10.74
2026-01-23 10:28:56,548 | INFO | normalized log probability: -0.12
2026-01-23 10:28:56,548 | INFO | total number of ended hypotheses: 191
2026-01-23 10:28:56,549 | INFO | best hypo: préparons<space>un<space>gâteau<space>mettons<space>du<space>guille<space>au<space>plafond<space>changeons<space>ses<space>vieux<space>rideaux<space>ajoute<space>t<space>a

2026-01-23 10:28:56,551 | INFO | speech length: 48961
2026-01-23 10:28:56,583 | INFO | decoder input length: 76
2026-01-23 10:28:56,583 | INFO | max output length: 76
2026-01-23 10:28:56,583 | INFO | min output length: 7
2026-01-23 10:28:58,011 | INFO | end detected at 42
2026-01-23 10:28:58,013 | INFO |  -3.57 * 0.5 =  -1.79 for decoder
2026-01-23 10:28:58,013 | INFO |  -3.74 * 0.5 =  -1.87 for ctc
2026-01-23 10:28:58,013 | INFO | total log probability: -3.66
2026-01-23 10:28:58,013 | INFO | normalized log probability: -0.10
2026-01-23 10:28:58,013 | INFO | total number of ended hypotheses: 178
2026-01-23 10:28:58,014 | INFO | best hypo: minuson<space>les<space>tout<space>petits<space>vaillants

2026-01-23 10:28:58,016 | INFO | speech length: 55361
2026-01-23 10:28:58,045 | INFO | decoder input length: 86
2026-01-23 10:28:58,045 | INFO | max output length: 86
2026-01-23 10:28:58,045 | INFO | min output length: 8
2026-01-23 10:29:00,100 | INFO | end detected at 64
2026-01-23 10:29:00,101 | INFO |  -4.81 * 0.5 =  -2.40 for decoder
2026-01-23 10:29:00,101 | INFO |  -2.21 * 0.5 =  -1.11 for ctc
2026-01-23 10:29:00,101 | INFO | total log probability: -3.51
2026-01-23 10:29:00,101 | INFO | normalized log probability: -0.06
2026-01-23 10:29:00,101 | INFO | total number of ended hypotheses: 168
2026-01-23 10:29:00,102 | INFO | best hypo: les<space>deux<space>vaillants<space>petits<space>lutins<space>rentrent<space>dans<space>la<space>pendule

2026-01-23 10:29:00,104 | INFO | speech length: 51041
2026-01-23 10:29:00,132 | INFO | decoder input length: 79
2026-01-23 10:29:00,132 | INFO | max output length: 79
2026-01-23 10:29:00,132 | INFO | min output length: 7
2026-01-23 10:29:01,603 | INFO | end detected at 48
2026-01-23 10:29:01,604 | INFO |  -3.48 * 0.5 =  -1.74 for decoder
2026-01-23 10:29:01,604 | INFO |  -1.43 * 0.5 =  -0.72 for ctc
2026-01-23 10:29:01,604 | INFO | total log probability: -2.46
2026-01-23 10:29:01,604 | INFO | normalized log probability: -0.06
2026-01-23 10:29:01,604 | INFO | total number of ended hypotheses: 156
2026-01-23 10:29:01,605 | INFO | best hypo: le<space>lendemain<space>le<space>pauvre<space>cordonné<space>s'éveille

2026-01-23 10:29:01,607 | INFO | speech length: 55201
2026-01-23 10:29:01,635 | INFO | decoder input length: 85
2026-01-23 10:29:01,635 | INFO | max output length: 85
2026-01-23 10:29:01,635 | INFO | min output length: 8
2026-01-23 10:29:03,021 | INFO | end detected at 44
2026-01-23 10:29:03,022 | INFO |  -3.00 * 0.5 =  -1.50 for decoder
2026-01-23 10:29:03,022 | INFO |  -0.33 * 0.5 =  -0.17 for ctc
2026-01-23 10:29:03,022 | INFO | total log probability: -1.67
2026-01-23 10:29:03,022 | INFO | normalized log probability: -0.04
2026-01-23 10:29:03,022 | INFO | total number of ended hypotheses: 173
2026-01-23 10:29:03,023 | INFO | best hypo: au<space>choix<space>qui<space>a<space>préparé<space>ce<space>beau<space>gâteau

2026-01-23 10:29:03,025 | INFO | speech length: 50881
2026-01-23 10:29:03,049 | INFO | decoder input length: 79
2026-01-23 10:29:03,049 | INFO | max output length: 79
2026-01-23 10:29:03,049 | INFO | min output length: 7
2026-01-23 10:29:04,420 | INFO | end detected at 44
2026-01-23 10:29:04,422 | INFO |  -6.27 * 0.5 =  -3.14 for decoder
2026-01-23 10:29:04,422 | INFO |  -6.00 * 0.5 =  -3.00 for ctc
2026-01-23 10:29:04,422 | INFO | total log probability: -6.14
2026-01-23 10:29:04,422 | INFO | normalized log probability: -0.18
2026-01-23 10:29:04,422 | INFO | total number of ended hypotheses: 233
2026-01-23 10:29:04,423 | INFO | best hypo: qui<space>donc<space>arrangé<space>la<space>maison<space>tickta

2026-01-23 10:29:04,425 | INFO | speech length: 30241
2026-01-23 10:29:04,452 | INFO | decoder input length: 46
2026-01-23 10:29:04,452 | INFO | max output length: 46
2026-01-23 10:29:04,452 | INFO | min output length: 4
2026-01-23 10:29:05,520 | INFO | end detected at 37
2026-01-23 10:29:05,521 | INFO |  -9.39 * 0.5 =  -4.69 for decoder
2026-01-23 10:29:05,521 | INFO |  -6.14 * 0.5 =  -3.07 for ctc
2026-01-23 10:29:05,521 | INFO | total log probability: -7.76
2026-01-23 10:29:05,522 | INFO | normalized log probability: -0.25
2026-01-23 10:29:05,522 | INFO | total number of ended hypotheses: 198
2026-01-23 10:29:05,522 | INFO | best hypo: spectacle<space>dit<space>la<space>vieilleor<space>la

2026-01-23 10:29:05,538 | INFO | File: BEX-CNKN00-01_L01.wav | WER=22.598870 | S=25 D=7 I=8
2026-01-23 10:29:05,539 | INFO | ------------------------------
2026-01-23 10:29:05,539 | INFO | ===================== GLOBAL WER ======================
2026-01-23 10:29:05,539 | INFO | The number of files is 12
2026-01-23 10:29:05,539 | INFO | WER: 20.72%
2026-01-23 10:29:05,539 | INFO | =============================================================
