2026-01-23 12:54:47,152 | INFO | config file: /home/rouas/experiments/SpeechRecognition/saved_models/espnet2-conformer-FR/asr_conformer_config.yaml
2026-01-23 12:54:47,171 | INFO | Vocabulary size: 47
2026-01-23 12:54:47,735 | INFO | Gradient checkpoint layers: []
2026-01-23 12:54:50,120 | INFO | BatchBeamSearch implementation is selected.
2026-01-23 12:54:50,123 | INFO | Beam_search: BatchBeamSearch(
  (nn_dict): ModuleDict(
    (decoder): TransformerDecoder(
      (embed): Sequential(
        (0): Embedding(47, 512)
        (1): PositionalEncoding(
          (dropout): Dropout(p=0.1, inplace=False)
        )
      )
      (after_norm): LayerNorm((512,), eps=1e-12, elementwise_affine=True)
      (output_layer): Linear(in_features=512, out_features=47, bias=True)
      (decoders): MultiSequential(
        (0): DecoderLayer(
          (self_attn): MultiHeadedAttention(
            (linear_q): Linear(in_features=512, out_features=512, bias=True)
            (linear_k): Linear(in_features=512, out_features=512, bias=True)
            (linear_v): Linear(in_features=512, out_features=512, bias=True)
            (linear_out): Linear(in_features=512, out_features=512, bias=True)
            (dropout): Dropout(p=0.1, inplace=False)
            (q_norm): Identity()
            (k_norm): Identity()
          )
          (src_attn): MultiHeadedAttention(
            (linear_q): Linear(in_features=512, out_features=512, bias=True)
            (linear_k): Linear(in_features=512, out_features=512, bias=True)
            (linear_v): Linear(in_features=512, out_features=512, bias=True)
            (linear_out): Linear(in_features=512, out_features=512, bias=True)
            (dropout): Dropout(p=0.1, inplace=False)
            (q_norm): Identity()
            (k_norm): Identity()
          )
          (feed_forward): PositionwiseFeedForward(
            (w_1): Linear(in_features=512, out_features=2048, bias=True)
            (w_2): Linear(in_features=2048, out_features=512, bias=True)
            (dropout): Dropout(p=0.1, inplace=False)
            (activation): ReLU()
          )
          (norm1): LayerNorm((512,), eps=1e-12, elementwise_affine=True)
          (norm2): LayerNorm((512,), eps=1e-12, elementwise_affine=True)
          (norm3): LayerNorm((512,), eps=1e-12, elementwise_affine=True)
          (dropout): Dropout(p=0.1, inplace=False)
        )
        (1): DecoderLayer(
          (self_attn): MultiHeadedAttention(
            (linear_q): Linear(in_features=512, out_features=512, bias=True)
            (linear_k): Linear(in_features=512, out_features=512, bias=True)
            (linear_v): Linear(in_features=512, out_features=512, bias=True)
            (linear_out): Linear(in_features=512, out_features=512, bias=True)
            (dropout): Dropout(p=0.1, inplace=False)
            (q_norm): Identity()
            (k_norm): Identity()
          )
          (src_attn): MultiHeadedAttention(
            (linear_q): Linear(in_features=512, out_features=512, bias=True)
            (linear_k): Linear(in_features=512, out_features=512, bias=True)
            (linear_v): Linear(in_features=512, out_features=512, bias=True)
            (linear_out): Linear(in_features=512, out_features=512, bias=True)
            (dropout): Dropout(p=0.1, inplace=False)
            (q_norm): Identity()
            (k_norm): Identity()
          )
          (feed_forward): PositionwiseFeedForward(
            (w_1): Linear(in_features=512, out_features=2048, bias=True)
            (w_2): Linear(in_features=2048, out_features=512, bias=True)
            (dropout): Dropout(p=0.1, inplace=False)
            (activation): ReLU()
          )
          (norm1): LayerNorm((512,), eps=1e-12, elementwise_affine=True)
          (norm2): LayerNorm((512,), eps=1e-12, elementwise_affine=True)
          (norm3): LayerNorm((512,), eps=1e-12, elementwise_affine=True)
          (dropout): Dropout(p=0.1, inplace=False)
        )
        (2): DecoderLayer(
          (self_attn): MultiHeadedAttention(
            (linear_q): Linear(in_features=512, out_features=512, bias=True)
            (linear_k): Linear(in_features=512, out_features=512, bias=True)
            (linear_v): Linear(in_features=512, out_features=512, bias=True)
            (linear_out): Linear(in_features=512, out_features=512, bias=True)
            (dropout): Dropout(p=0.1, inplace=False)
            (q_norm): Identity()
            (k_norm): Identity()
          )
          (src_attn): MultiHeadedAttention(
            (linear_q): Linear(in_features=512, out_features=512, bias=True)
            (linear_k): Linear(in_features=512, out_features=512, bias=True)
            (linear_v): Linear(in_features=512, out_features=512, bias=True)
            (linear_out): Linear(in_features=512, out_features=512, bias=True)
            (dropout): Dropout(p=0.1, inplace=False)
            (q_norm): Identity()
            (k_norm): Identity()
          )
          (feed_forward): PositionwiseFeedForward(
            (w_1): Linear(in_features=512, out_features=2048, bias=True)
            (w_2): Linear(in_features=2048, out_features=512, bias=True)
            (dropout): Dropout(p=0.1, inplace=False)
            (activation): ReLU()
          )
          (norm1): LayerNorm((512,), eps=1e-12, elementwise_affine=True)
          (norm2): LayerNorm((512,), eps=1e-12, elementwise_affine=True)
          (norm3): LayerNorm((512,), eps=1e-12, elementwise_affine=True)
          (dropout): Dropout(p=0.1, inplace=False)
        )
        (3): DecoderLayer(
          (self_attn): MultiHeadedAttention(
            (linear_q): Linear(in_features=512, out_features=512, bias=True)
            (linear_k): Linear(in_features=512, out_features=512, bias=True)
            (linear_v): Linear(in_features=512, out_features=512, bias=True)
            (linear_out): Linear(in_features=512, out_features=512, bias=True)
            (dropout): Dropout(p=0.1, inplace=False)
            (q_norm): Identity()
            (k_norm): Identity()
          )
          (src_attn): MultiHeadedAttention(
            (linear_q): Linear(in_features=512, out_features=512, bias=True)
            (linear_k): Linear(in_features=512, out_features=512, bias=True)
            (linear_v): Linear(in_features=512, out_features=512, bias=True)
            (linear_out): Linear(in_features=512, out_features=512, bias=True)
            (dropout): Dropout(p=0.1, inplace=False)
            (q_norm): Identity()
            (k_norm): Identity()
          )
          (feed_forward): PositionwiseFeedForward(
            (w_1): Linear(in_features=512, out_features=2048, bias=True)
            (w_2): Linear(in_features=2048, out_features=512, bias=True)
            (dropout): Dropout(p=0.1, inplace=False)
            (activation): ReLU()
          )
          (norm1): LayerNorm((512,), eps=1e-12, elementwise_affine=True)
          (norm2): LayerNorm((512,), eps=1e-12, elementwise_affine=True)
          (norm3): LayerNorm((512,), eps=1e-12, elementwise_affine=True)
          (dropout): Dropout(p=0.1, inplace=False)
        )
        (4): DecoderLayer(
          (self_attn): MultiHeadedAttention(
            (linear_q): Linear(in_features=512, out_features=512, bias=True)
            (linear_k): Linear(in_features=512, out_features=512, bias=True)
            (linear_v): Linear(in_features=512, out_features=512, bias=True)
            (linear_out): Linear(in_features=512, out_features=512, bias=True)
            (dropout): Dropout(p=0.1, inplace=False)
            (q_norm): Identity()
            (k_norm): Identity()
          )
          (src_attn): MultiHeadedAttention(
            (linear_q): Linear(in_features=512, out_features=512, bias=True)
            (linear_k): Linear(in_features=512, out_features=512, bias=True)
            (linear_v): Linear(in_features=512, out_features=512, bias=True)
            (linear_out): Linear(in_features=512, out_features=512, bias=True)
            (dropout): Dropout(p=0.1, inplace=False)
            (q_norm): Identity()
            (k_norm): Identity()
          )
          (feed_forward): PositionwiseFeedForward(
            (w_1): Linear(in_features=512, out_features=2048, bias=True)
            (w_2): Linear(in_features=2048, out_features=512, bias=True)
            (dropout): Dropout(p=0.1, inplace=False)
            (activation): ReLU()
          )
          (norm1): LayerNorm((512,), eps=1e-12, elementwise_affine=True)
          (norm2): LayerNorm((512,), eps=1e-12, elementwise_affine=True)
          (norm3): LayerNorm((512,), eps=1e-12, elementwise_affine=True)
          (dropout): Dropout(p=0.1, inplace=False)
        )
        (5): DecoderLayer(
          (self_attn): MultiHeadedAttention(
            (linear_q): Linear(in_features=512, out_features=512, bias=True)
            (linear_k): Linear(in_features=512, out_features=512, bias=True)
            (linear_v): Linear(in_features=512, out_features=512, bias=True)
            (linear_out): Linear(in_features=512, out_features=512, bias=True)
            (dropout): Dropout(p=0.1, inplace=False)
            (q_norm): Identity()
            (k_norm): Identity()
          )
          (src_attn): MultiHeadedAttention(
            (linear_q): Linear(in_features=512, out_features=512, bias=True)
            (linear_k): Linear(in_features=512, out_features=512, bias=True)
            (linear_v): Linear(in_features=512, out_features=512, bias=True)
            (linear_out): Linear(in_features=512, out_features=512, bias=True)
            (dropout): Dropout(p=0.1, inplace=False)
            (q_norm): Identity()
            (k_norm): Identity()
          )
          (feed_forward): PositionwiseFeedForward(
            (w_1): Linear(in_features=512, out_features=2048, bias=True)
            (w_2): Linear(in_features=2048, out_features=512, bias=True)
            (dropout): Dropout(p=0.1, inplace=False)
            (activation): ReLU()
          )
          (norm1): LayerNorm((512,), eps=1e-12, elementwise_affine=True)
          (norm2): LayerNorm((512,), eps=1e-12, elementwise_affine=True)
          (norm3): LayerNorm((512,), eps=1e-12, elementwise_affine=True)
          (dropout): Dropout(p=0.1, inplace=False)
        )
      )
    )
  )
)
2026-01-23 12:54:50,123 | INFO | Decoding device=cuda, dtype=float32
2026-01-23 12:54:50,124 | INFO | Text tokenizer: CharTokenizer(space_symbol="<space>"non_linguistic_symbols="set()"nonsplit_symbols="set()")
2026-01-23 12:54:50,125 | INFO |  File duration: 116.70349206349206 seconds
2026-01-23 12:54:50,153 | WARNING | This version of torchaudio is old. SpeechBrain no longer tries using the torchaudio global backend mechanism in recipes, so if you encounter issues, update torchaudio to >=2.1.0.
2026-01-23 12:54:50,156 | DEBUG | Registered checkpoint save hook for _speechbrain_save
2026-01-23 12:54:50,156 | DEBUG | Registered checkpoint load hook for _speechbrain_load
2026-01-23 12:54:50,156 | DEBUG | Registered checkpoint save hook for save
2026-01-23 12:54:50,156 | DEBUG | Registered checkpoint load hook for load
2026-01-23 12:54:50,371 | INFO | Applied quirks (see `speechbrain.utils.quirks`): [allow_tf32, disable_jit_profiling]
2026-01-23 12:54:50,371 | INFO | Excluded quirks specified by the `SB_DISABLE_QUIRKS` environment (comma-separated list): []
2026-01-23 12:54:50,372 | DEBUG | Registered checkpoint save hook for _save
2026-01-23 12:54:50,372 | DEBUG | Registered checkpoint load hook for _recover
2026-01-23 12:54:50,398 | INFO | File: MO_F_AV01_2016_04_08_ModuleDescription_description.wav | WER=14.693878 | S=23 D=1 I=12
2026-01-23 12:54:50,398 | INFO | ------------------------------
2026-01-23 12:54:50,399 | INFO |  File duration: 27.353106575963718 seconds
2026-01-23 12:54:50,407 | INFO | File: MO_F_AV06_2016_04_13_ModuleDescription_description.wav | WER=57.377049 | S=20 D=10 I=5
2026-01-23 12:54:50,407 | INFO | ------------------------------
2026-01-23 12:54:50,407 | INFO |  File duration: 90.53460317460318 seconds
2026-01-23 12:54:50,462 | INFO | File: MO_F_AV09_2016_04_15_ModuleDescription_description.wav | WER=16.981132 | S=25 D=14 I=6
2026-01-23 12:54:50,462 | INFO | ------------------------------
2026-01-23 12:54:50,462 | INFO |  File duration: 75.62739229024943 seconds
2026-01-23 12:54:50,474 | INFO | File: MO_F_AV14_2016_04_18_ModuleDescription_description.wav | WER=59.375000 | S=20 D=5 I=13
2026-01-23 12:54:50,474 | INFO | ------------------------------
2026-01-23 12:54:50,474 | INFO |  File duration: 58.28208616780045 seconds
2026-01-23 12:54:50,491 | INFO | File: MO_F_AV17_2016_04_18_ModuleDescription_description.wav | WER=25.000000 | S=11 D=6 I=7
2026-01-23 12:54:50,491 | INFO | ------------------------------
2026-01-23 12:54:50,491 | INFO |  File duration: 70.37968253968253 seconds
2026-01-23 12:54:50,516 | INFO | File: MO_F_AV21_2016_04_18_ModuleDescription_description.wav | WER=34.285714 | S=22 D=9 I=17
2026-01-23 12:54:50,516 | INFO | ------------------------------
2026-01-23 12:54:50,516 | INFO |  File duration: 94.57487528344672 seconds
2026-01-23 12:54:50,545 | INFO | File: MO_F_AV23_2016_04_19_ModuleDescription_description.wav | WER=31.325301 | S=29 D=14 I=9
2026-01-23 12:54:50,545 | INFO | ------------------------------
2026-01-23 12:54:50,546 | INFO |  File duration: 65.15519274376418 seconds
2026-01-23 12:54:50,566 | INFO | File: MO_F_AV25_2016_05_14_ModuleDescription_description.wav | WER=8.130081 | S=8 D=0 I=2
2026-01-23 12:54:50,566 | INFO | ------------------------------
2026-01-23 12:54:50,566 | INFO |  File duration: 75.67383219954648 seconds
2026-01-23 12:54:50,596 | INFO | File: MO_F_AV26_2016_05_14_ModuleDescription_description.wav | WER=14.364641 | S=17 D=5 I=4
2026-01-23 12:54:50,596 | INFO | ------------------------------
2026-01-23 12:54:50,596 | INFO |  File duration: 84.31165532879818 seconds
2026-01-23 12:54:50,631 | INFO | File: MO_F_AV27_2016_05_14_ModuleDescription_description.wav | WER=30.582524 | S=45 D=11 I=7
2026-01-23 12:54:50,631 | INFO | ------------------------------
2026-01-23 12:54:50,631 | INFO |  File duration: 299.5374149659864 seconds
2026-01-23 12:54:51,190 | INFO | File: MO_F_AV36_2016_06_07_ModuleDescription_description.wav | WER=17.941176 | S=111 D=13 I=59
2026-01-23 12:54:51,190 | INFO | ------------------------------
2026-01-23 12:54:51,190 | INFO |  File duration: 42.44607709750567 seconds
2026-01-23 12:54:51,197 | INFO | File: MO_F_ER02_2016_04_04_ModuleDescription_description.wav | WER=55.813953 | S=20 D=1 I=3
2026-01-23 12:54:51,197 | INFO | ------------------------------
2026-01-23 12:54:51,197 | INFO |  File duration: 30.30204081632653 seconds
2026-01-23 12:54:51,203 | INFO | File: MO_F_ER02_2016_06_08_ModuleDescription_description.wav | WER=25.714286 | S=5 D=4 I=0
2026-01-23 12:54:51,203 | INFO | ------------------------------
2026-01-23 12:54:51,203 | INFO |  File duration: 33.50639455782313 seconds
2026-01-23 12:54:51,211 | INFO | File: MO_F_ER06_2016_04_06_ModuleDescription_description.wav | WER=41.666667 | S=14 D=4 I=2
2026-01-23 12:54:51,211 | INFO | ------------------------------
2026-01-23 12:54:51,211 | INFO |  File duration: 92.13678004535147 seconds
2026-01-23 12:54:51,239 | INFO | File: MO_F_ER08_2016_04_07_ModuleDescription_description.wav | WER=23.270440 | S=23 D=9 I=5
2026-01-23 12:54:51,239 | INFO | ------------------------------
2026-01-23 12:54:51,239 | INFO |  File duration: 68.0344671201814 seconds
2026-01-23 12:54:51,264 | INFO | File: MO_F_ER08_2016_06_08_ModuleDescription_description.wav | WER=27.210884 | S=34 D=2 I=4
2026-01-23 12:54:51,264 | INFO | ------------------------------
2026-01-23 12:54:51,264 | INFO |  File duration: 88.53768707482993 seconds
2026-01-23 12:54:51,300 | INFO | File: MO_F_ER10_2016_04_07_ModuleDescription_description.wav | WER=24.365482 | S=27 D=10 I=11
2026-01-23 12:54:51,300 | INFO | ------------------------------
2026-01-23 12:54:51,300 | INFO |  File duration: 36.45532879818594 seconds
2026-01-23 12:54:51,312 | INFO | File: MO_F_ER16_2016_04_08_ModuleDescription_description.wav | WER=31.250000 | S=11 D=5 I=9
2026-01-23 12:54:51,312 | INFO | ------------------------------
2026-01-23 12:54:51,312 | INFO |  File duration: 165.51183673469387 seconds
2026-01-23 12:54:51,386 | INFO | File: MO_F_ER18_2016_04_08_ModuleDescription_description.wav | WER=16.225166 | S=27 D=5 I=17
2026-01-23 12:54:51,386 | INFO | ------------------------------
2026-01-23 12:54:51,387 | INFO |  File duration: 48.042086167800456 seconds
2026-01-23 12:54:51,399 | INFO | File: MO_F_ER19_2016_04_10_ModuleDescription_description.wav | WER=21.621622 | S=14 D=0 I=2
2026-01-23 12:54:51,399 | INFO | ------------------------------
2026-01-23 12:54:51,399 | INFO |  File duration: 37.70920634920635 seconds
2026-01-23 12:54:51,417 | INFO | File: MO_F_ER22_2016_04_12_ModuleDescription_description.wav | WER=22.764228 | S=12 D=12 I=4
2026-01-23 12:54:51,417 | INFO | ------------------------------
2026-01-23 12:54:51,417 | INFO |  File duration: 66.26975056689342 seconds
2026-01-23 12:54:51,441 | INFO | File: MO_F_ER26_2016_04_18_ModuleDescription_description.wav | WER=21.768707 | S=19 D=8 I=5
2026-01-23 12:54:51,441 | INFO | ------------------------------
2026-01-23 12:54:51,441 | INFO |  File duration: 82.38439909297053 seconds
2026-01-23 12:54:51,463 | INFO | File: MO_F_SD08_2016_04_22_ModuleDescription_description.wav | WER=24.409449 | S=19 D=3 I=9
2026-01-23 12:54:51,463 | INFO | ------------------------------
2026-01-23 12:54:51,463 | INFO |  File duration: 251.1238095238095 seconds
2026-01-23 12:54:51,669 | INFO | File: MO_F_SD12_2016_04_25_ModuleDescription_description.wav | WER=21.769912 | S=79 D=7 I=37
2026-01-23 12:54:51,669 | INFO | ------------------------------
2026-01-23 12:54:51,669 | INFO |  File duration: 73.53759637188209 seconds
2026-01-23 12:54:51,698 | INFO | File: MO_F_SD18_2016_05_02_ModuleDescription_description.wav | WER=8.928571 | S=11 D=2 I=2
2026-01-23 12:54:51,698 | INFO | ------------------------------
2026-01-23 12:54:51,699 | INFO |  File duration: 33.274195011337866 seconds
2026-01-23 12:54:51,712 | INFO | File: MO_F_SD19_2016_05_02_ModuleDescription_description.wav | WER=19.540230 | S=7 D=2 I=8
2026-01-23 12:54:51,712 | INFO | ------------------------------
2026-01-23 12:54:51,712 | INFO |  File duration: 52.964716553287985 seconds
2026-01-23 12:54:51,724 | INFO | File: MO_F_SD22_2016_05_03_ModuleDescription_description.wav | WER=15.662651 | S=8 D=1 I=4
2026-01-23 12:54:51,725 | INFO | ------------------------------
2026-01-23 12:54:51,725 | INFO |  File duration: 73.74657596371883 seconds
2026-01-23 12:54:51,758 | INFO | File: MO_F_SD24_2016_05_03_ModuleDescription_description.wav | WER=12.365591 | S=8 D=3 I=12
2026-01-23 12:54:51,758 | INFO | ------------------------------
2026-01-23 12:54:51,758 | INFO |  File duration: 92.39219954648526 seconds
2026-01-23 12:54:51,789 | INFO | File: MO_F_SD28_2016_05_20_ModuleDescription_description.wav | WER=21.505376 | S=21 D=12 I=7
2026-01-23 12:54:51,789 | INFO | ------------------------------
2026-01-23 12:54:51,789 | INFO |  File duration: 117.0053514739229 seconds
2026-01-23 12:54:51,820 | INFO | File: MO_F_SD32_2016_06_16_ModuleDescription_description.wav | WER=23.163842 | S=28 D=4 I=9
2026-01-23 12:54:51,820 | INFO | ------------------------------
2026-01-23 12:54:51,820 | INFO |  File duration: 299.5374149659864 seconds
2026-01-23 12:54:52,098 | INFO | File: MO_F_SD33_2016_06_22_ModuleDescription_description.wav | WER=29.046243 | S=96 D=37 I=68
2026-01-23 12:54:52,098 | INFO | ------------------------------
2026-01-23 12:54:52,098 | INFO |  File duration: 81.36272108843538 seconds
2026-01-23 12:54:52,150 | INFO | File: MO_F_SD35_2016_06_23_ModuleDescription_description.wav | WER=20.229008 | S=28 D=15 I=10
2026-01-23 12:54:52,150 | INFO | ------------------------------
2026-01-23 12:54:52,150 | INFO |  File duration: 90.9990022675737 seconds
2026-01-23 12:54:52,188 | INFO | File: MO_F_SD38_2016_06_28_ModuleDescription_description.wav | WER=20.689655 | S=27 D=8 I=7
2026-01-23 12:54:52,188 | INFO | ------------------------------
2026-01-23 12:54:52,189 | INFO |  File duration: 41.98167800453515 seconds
2026-01-23 12:54:52,203 | INFO | File: MO_H_AV10_2016_04_15_ModuleDescription_description.wav | WER=14.893617 | S=10 D=0 I=4
2026-01-23 12:54:52,203 | INFO | ------------------------------
2026-01-23 12:54:52,203 | INFO |  File duration: 39.450702947845805 seconds
2026-01-23 12:54:52,216 | INFO | File: MO_H_AV18_2016_04_18_ModuleDescription_description.wav | WER=20.253165 | S=5 D=7 I=4
2026-01-23 12:54:52,216 | INFO | ------------------------------
2026-01-23 12:54:52,216 | INFO |  File duration: 44.860952380952384 seconds
2026-01-23 12:54:52,227 | INFO | File: MO_H_AV19_2016_04_18_ModuleDescription_description.wav | WER=40.277778 | S=14 D=3 I=12
2026-01-23 12:54:52,227 | INFO | ------------------------------
2026-01-23 12:54:52,227 | INFO |  File duration: 76.74195011337868 seconds
2026-01-23 12:54:52,254 | INFO | File: MO_H_AV22_2016_04_19_ModuleDescription_description.wav | WER=15.384615 | S=13 D=5 I=6
2026-01-23 12:54:52,255 | INFO | ------------------------------
2026-01-23 12:54:52,255 | INFO |  File duration: 109.3427664399093 seconds
2026-01-23 12:54:52,299 | INFO | File: MO_H_AV22_2016_06_09_ModuleDescription_description.wav | WER=22.466960 | S=37 D=7 I=7
2026-01-23 12:54:52,299 | INFO | ------------------------------
2026-01-23 12:54:52,299 | INFO |  File duration: 31.346938775510203 seconds
2026-01-23 12:54:52,311 | INFO | File: MO_H_AV24_2016_05_14_ModuleDescription_description.wav | WER=10.588235 | S=4 D=4 I=1
2026-01-23 12:54:52,311 | INFO | ------------------------------
2026-01-23 12:54:52,311 | INFO |  File duration: 61.37034013605442 seconds
2026-01-23 12:54:52,335 | INFO | File: MO_H_AV30_2016_06_05_ModuleDescription_description.wav | WER=27.142857 | S=22 D=11 I=5
2026-01-23 12:54:52,335 | INFO | ------------------------------
2026-01-23 12:54:52,335 | INFO |  File duration: 47.972426303854874 seconds
2026-01-23 12:54:52,357 | INFO | File: MO_H_AV33_2016_06_06_ModuleDescription_description.wav | WER=20.454545 | S=14 D=3 I=10
2026-01-23 12:54:52,357 | INFO | ------------------------------
2026-01-23 12:54:52,358 | INFO |  File duration: 36.6875283446712 seconds
2026-01-23 12:54:52,374 | INFO | File: MO_H_AV37_2016_06_08_ModuleDescription_description.wav | WER=21.621622 | S=11 D=10 I=3
2026-01-23 12:54:52,374 | INFO | ------------------------------
2026-01-23 12:54:52,374 | INFO |  File duration: 33.065215419501136 seconds
2026-01-23 12:54:52,386 | INFO | File: MO_H_AV38_2016_06_10_ModuleDescription_description.wav | WER=33.333333 | S=16 D=5 I=4
2026-01-23 12:54:52,386 | INFO | ------------------------------
2026-01-23 12:54:52,386 | INFO |  File duration: 66.20009070294785 seconds
2026-01-23 12:54:52,409 | INFO | File: MO_H_ER09_2016_04_07_ModuleDescription_description.wav | WER=23.846154 | S=17 D=3 I=11
2026-01-23 12:54:52,409 | INFO | ------------------------------
2026-01-23 12:54:52,409 | INFO |  File duration: 56.447709750566894 seconds
2026-01-23 12:54:52,431 | INFO | File: MO_H_ER09_2016_06_08_ModuleDescription_description.wav | WER=10.937500 | S=5 D=3 I=6
2026-01-23 12:54:52,431 | INFO | ------------------------------
2026-01-23 12:54:52,431 | INFO |  File duration: 65.57315192743764 seconds
2026-01-23 12:54:52,458 | INFO | File: MO_H_ER17_2016_04_08_ModuleDescription_description.wav | WER=15.723270 | S=14 D=3 I=8
2026-01-23 12:54:52,458 | INFO | ------------------------------
2026-01-23 12:54:52,458 | INFO |  File duration: 67.17532879818594 seconds
2026-01-23 12:54:52,487 | INFO | File: MO_H_ER23_2016_04_14_ModuleDescription_description.wav | WER=24.390244 | S=18 D=9 I=13
2026-01-23 12:54:52,487 | INFO | ------------------------------
2026-01-23 12:54:52,487 | INFO |  File duration: 91.9742403628118 seconds
2026-01-23 12:54:52,515 | INFO | File: MO_H_ER24_2016_04_15_ModuleDescription_description.wav | WER=31.875000 | S=28 D=7 I=16
2026-01-23 12:54:52,515 | INFO | ------------------------------
2026-01-23 12:54:52,515 | INFO |  File duration: 88.46802721088436 seconds
2026-01-23 12:54:52,541 | INFO | File: MO_H_ER27_2016_04_18_ModuleDescription_description.wav | WER=13.725490 | S=13 D=3 I=5
2026-01-23 12:54:52,541 | INFO | ------------------------------
2026-01-23 12:54:52,541 | INFO |  File duration: 24.589931972789117 seconds
2026-01-23 12:54:52,549 | INFO | File: MO_H_ER40_2017_01_24_ModuleDescription_description.wav | WER=30.357143 | S=7 D=3 I=7
2026-01-23 12:54:52,549 | INFO | ------------------------------
2026-01-23 12:54:52,549 | INFO |  File duration: 54.102494331065756 seconds
2026-01-23 12:54:52,571 | INFO | File: MO_H_ER40_2017_05_23_ModuleDescription_description.wav | WER=18.656716 | S=13 D=4 I=8
2026-01-23 12:54:52,571 | INFO | ------------------------------
2026-01-23 12:54:52,571 | INFO |  File duration: 102.02848072562358 seconds
2026-01-23 12:54:52,598 | INFO | File: MO_H_ER41_2017_01_24_ModuleDescription_description.wav | WER=29.936306 | S=36 D=9 I=2
2026-01-23 12:54:52,598 | INFO | ------------------------------
2026-01-23 12:54:52,598 | INFO |  File duration: 74.60571428571428 seconds
2026-01-23 12:54:52,615 | INFO | File: MO_H_ER41_2017_05_29_ModuleDescription_description.wav | WER=22.330097 | S=15 D=2 I=6
2026-01-23 12:54:52,615 | INFO | ------------------------------
2026-01-23 12:54:52,615 | INFO |  File duration: 64.66757369614513 seconds
2026-01-23 12:54:52,633 | INFO | File: MO_H_ER43_2017_01_24_ModuleDescription_description.wav | WER=20.353982 | S=16 D=4 I=3
2026-01-23 12:54:52,633 | INFO | ------------------------------
2026-01-23 12:54:52,633 | INFO |  File duration: 79.55156462585035 seconds
2026-01-23 12:54:52,663 | INFO | File: MO_H_ER43_2017_05_23_ModuleDescription_description.wav | WER=29.508197 | S=33 D=12 I=9
2026-01-23 12:54:52,663 | INFO | ------------------------------
2026-01-23 12:54:52,664 | INFO |  File duration: 85.2172335600907 seconds
2026-01-23 12:54:52,699 | INFO | File: MO_H_ER47_2017_01_27_ModuleDescription_description.wav | WER=37.799043 | S=44 D=21 I=14
2026-01-23 12:54:52,699 | INFO | ------------------------------
2026-01-23 12:54:52,699 | INFO |  File duration: 93.71573696145124 seconds
2026-01-23 12:54:52,741 | INFO | File: MO_H_ER47_2017_03_31_ModuleDescription_description.wav | WER=28.193833 | S=28 D=8 I=28
2026-01-23 12:54:52,741 | INFO | ------------------------------
2026-01-23 12:54:52,741 | INFO |  File duration: 63.15827664399093 seconds
2026-01-23 12:54:52,758 | INFO | File: MO_H_ER48_2017_01_28_ModuleDescription_description.wav | WER=14.529915 | S=7 D=2 I=8
2026-01-23 12:54:52,758 | INFO | ------------------------------
2026-01-23 12:54:52,758 | INFO |  File duration: 57.79446712018141 seconds
2026-01-23 12:54:52,775 | INFO | File: MO_H_ER48_2017_04_08_ModuleDescription_description.wav | WER=26.785714 | S=17 D=3 I=10
2026-01-23 12:54:52,775 | INFO | ------------------------------
2026-01-23 12:54:52,775 | INFO |  File duration: 40.61170068027211 seconds
2026-01-23 12:54:52,789 | INFO | File: MO_H_ER49_2017_01_28_ModuleDescription_description.wav | WER=43.434343 | S=22 D=5 I=16
2026-01-23 12:54:52,789 | INFO | ------------------------------
2026-01-23 12:54:52,789 | INFO |  File duration: 38.91664399092971 seconds
2026-01-23 12:54:52,803 | INFO | File: MO_H_ER49_2017_06_08_ModuleDescription_description.wav | WER=42.268041 | S=22 D=6 I=13
2026-01-23 12:54:52,803 | INFO | ------------------------------
2026-01-23 12:54:52,803 | INFO |  File duration: 36.6875283446712 seconds
2026-01-23 12:54:52,813 | INFO | File: MO_H_SD07_2016_04_22_ModuleDescription_description.wav | WER=36.111111 | S=19 D=4 I=3
2026-01-23 12:54:52,813 | INFO | ------------------------------
2026-01-23 12:54:52,813 | INFO |  File duration: 107.67092970521541 seconds
2026-01-23 12:54:52,855 | INFO | File: MO_H_SD11_2016_04_25_ModuleDescription_description.wav | WER=14.912281 | S=18 D=3 I=13
2026-01-23 12:54:52,855 | INFO | ------------------------------
2026-01-23 12:54:52,855 | INFO |  File duration: 196.76589569160998 seconds
2026-01-23 12:54:52,937 | INFO | File: MO_H_SD13_2016_04_25_ModuleDescription_description.wav | WER=22.448980 | S=30 D=3 I=44
2026-01-23 12:54:52,937 | INFO | ------------------------------
2026-01-23 12:54:52,937 | INFO |  File duration: 221.5183673469388 seconds
2026-01-23 12:54:53,051 | INFO | File: MO_H_SD13_2016_08_13_ModuleDescription_description.wav | WER=25.542169 | S=36 D=5 I=65
2026-01-23 12:54:53,051 | INFO | ------------------------------
2026-01-23 12:54:53,051 | INFO |  File duration: 77.99582766439909 seconds
2026-01-23 12:54:53,094 | INFO | File: MO_H_SD25_2016_05_12_ModuleDescription_description.wav | WER=14.754098 | S=21 D=7 I=8
2026-01-23 12:54:53,094 | INFO | ------------------------------
2026-01-23 12:54:53,094 | INFO |  File duration: 64.92299319727891 seconds
2026-01-23 12:54:53,118 | INFO | File: MO_H_SD30_2016_05_21_ModuleDescription_description.wav | WER=25.657895 | S=13 D=6 I=20
2026-01-23 12:54:53,118 | INFO | ------------------------------
2026-01-23 12:54:53,118 | INFO |  File duration: 86.98195011337869 seconds
2026-01-23 12:54:53,141 | INFO | File: MO_H_SD36_2016_06_23_ModuleDescription_description.wav | WER=16.083916 | S=15 D=4 I=4
2026-01-23 12:54:53,141 | INFO | ------------------------------
2026-01-23 12:54:53,141 | INFO | ===================== GLOBAL WER ======================
2026-01-23 12:54:53,141 | INFO | The number of files is 68
2026-01-23 12:54:53,141 | INFO | WER: 24.79%
2026-01-23 12:54:53,141 | INFO | =============================================================
