2026-01-29 14:18:01,819 | INFO | Fetch hyperparams.yaml: Using file found at '/vol/experiments3/imbenamor/TAPAS-FRAIS/models/asr-whisper-large-v2-commonvoice-fr/hyperparams.yaml'
2026-01-29 14:18:01,819 | DEBUG | Fetch: Source and destination '/vol/experiments3/imbenamor/TAPAS-FRAIS/models/asr-whisper-large-v2-commonvoice-fr/custom.py' are identical, returning assuming this is intended
2026-01-29 14:18:03,885 | WARNING | speechbrain.lobes.models.huggingface_transformers.huggingface - WhisperModel is frozen.
2026-01-29 14:18:03,885 | WARNING | speechbrain.lobes.models.huggingface_transformers.whisper - whisper encoder-decoder is frozen.
2026-01-29 14:18:04,317 | DEBUG | Collecting files (or symlinks) for pretraining in /vol/experiments3/imbenamor/TAPAS-FRAIS/models/asr-whisper-large-v2-commonvoice-fr.
2026-01-29 14:18:04,318 | INFO | Fetch whisper.ckpt: Using file found at '/vol/experiments3/imbenamor/TAPAS-FRAIS/models/asr-whisper-large-v2-commonvoice-fr/whisper.ckpt'
2026-01-29 14:18:04,318 | DEBUG | Set local path in self.paths["whisper"] = /vol/experiments3/imbenamor/TAPAS-FRAIS/models/asr-whisper-large-v2-commonvoice-fr/whisper.ckpt
2026-01-29 14:18:04,318 | INFO | Loading pretrained files for: whisper
2026-01-29 14:18:04,318 | DEBUG | Redirecting (loading from local path): whisper -> /vol/experiments3/imbenamor/TAPAS-FRAIS/models/asr-whisper-large-v2-commonvoice-fr/whisper.ckpt
2026-01-29 14:18:11,267 | INFO |  File duration: 48.074666666666666 seconds
2026-01-29 14:18:12,871 | INFO | Using rVAD model
2026-01-29 14:18:14,928 | INFO | Number of chunks: 7
2026-01-29 14:18:24,342 | INFO | ------------------------------
2026-01-29 14:18:24,342 | INFO | ------------------------------
2026-01-29 14:18:24,350 | INFO | File: 1HC-ACBC-image.wav | WER=19.130435 | S=6 D=16 I=0
2026-01-29 14:18:24,350 | INFO | ------------------------------
2026-01-29 14:18:24,350 | INFO |  File duration: 103.43733333333333 seconds
2026-01-29 14:18:26,418 | INFO | Using rVAD model
2026-01-29 14:18:31,003 | INFO | Number of chunks: 7
2026-01-29 14:18:46,418 | INFO | ------------------------------
2026-01-29 14:18:46,418 | INFO | ------------------------------
2026-01-29 14:18:46,444 | INFO | File: 1HC-AQAC-image.wav | WER=34.873950 | S=49 D=25 I=9
2026-01-29 14:18:46,444 | INFO | ------------------------------
2026-01-29 14:18:46,444 | INFO |  File duration: 72.93466666666667 seconds
2026-01-29 14:18:47,941 | INFO | Using rVAD model
2026-01-29 14:18:51,030 | INFO | Number of chunks: 3
2026-01-29 14:19:03,595 | INFO | ------------------------------
2026-01-29 14:19:03,595 | INFO | ------------------------------
2026-01-29 14:19:03,615 | INFO | File: 1HC-AVGE-image.wav | WER=45.783133 | S=24 D=87 I=3
2026-01-29 14:19:03,616 | INFO | ------------------------------
2026-01-29 14:19:03,616 | INFO |  File duration: 80.624 seconds
2026-01-29 14:19:05,259 | INFO | Using rVAD model
2026-01-29 14:19:08,734 | INFO | Number of chunks: 11
2026-01-29 14:19:20,712 | INFO | ------------------------------
2026-01-29 14:19:20,713 | INFO | ------------------------------
2026-01-29 14:19:20,727 | INFO | File: 1HC-ECKC-image.wav | WER=4.571429 | S=5 D=3 I=0
2026-01-29 14:19:20,727 | INFO | ------------------------------
2026-01-29 14:19:20,728 | INFO |  File duration: 40.05733333333333 seconds
2026-01-29 14:19:21,524 | INFO | Using rVAD model
2026-01-29 14:19:23,193 | INFO | Number of chunks: 7
2026-01-29 14:19:28,139 | INFO | ------------------------------
2026-01-29 14:19:28,139 | INFO | ------------------------------
2026-01-29 14:19:28,143 | INFO | File: 1HC-FXRA-image.wav | WER=17.808219 | S=1 D=9 I=3
2026-01-29 14:19:28,143 | INFO | ------------------------------
2026-01-29 14:19:28,143 | INFO |  File duration: 59.4 seconds
2026-01-29 14:19:29,393 | INFO | Using rVAD model
2026-01-29 14:19:31,962 | INFO | Number of chunks: 5
2026-01-29 14:19:41,132 | INFO | ------------------------------
2026-01-29 14:19:41,132 | INFO | ------------------------------
2026-01-29 14:19:41,142 | INFO | File: 1HC-GDZI-image.wav | WER=21.705426 | S=14 D=13 I=1
2026-01-29 14:19:41,142 | INFO | ------------------------------
2026-01-29 14:19:41,142 | INFO |  File duration: 89.03733333333334 seconds
2026-01-29 14:19:42,939 | INFO | Using rVAD model
2026-01-29 14:19:46,728 | INFO | Number of chunks: 10
2026-01-29 14:19:59,779 | INFO | ------------------------------
2026-01-29 14:19:59,779 | INFO | ------------------------------
2026-01-29 14:19:59,793 | INFO | File: 1HC-IAJC-image.wav | WER=6.432749 | S=3 D=4 I=4
2026-01-29 14:19:59,794 | INFO | ------------------------------
2026-01-29 14:19:59,794 | WARNING | The file /vol/corpora/Daoudi/Data/Monologue/HC/1HC-IAJC_éléments_extralinguisitiques-image.wav does not exist
2026-01-29 14:19:59,794 | INFO |  File duration: 92.12533333333333 seconds
2026-01-29 14:20:01,692 | INFO | Using rVAD model
2026-01-29 14:20:05,605 | INFO | Number of chunks: 5
2026-01-29 14:20:18,523 | INFO | ------------------------------
2026-01-29 14:20:18,523 | INFO | ------------------------------
2026-01-29 14:20:18,539 | INFO | File: 1HC-IQKL-image.wav | WER=25.380711 | S=13 D=33 I=4
2026-01-29 14:20:18,539 | INFO | ------------------------------
2026-01-29 14:20:18,540 | INFO |  File duration: 28.00529166666667 seconds
2026-01-29 14:20:19,099 | INFO | Using rVAD model
2026-01-29 14:20:20,299 | INFO | Number of chunks: 1
2026-01-29 14:20:23,350 | INFO | ------------------------------
2026-01-29 14:20:23,350 | INFO | ------------------------------
2026-01-29 14:20:23,354 | INFO | File: 1HC-KGAP-image.wav | WER=30.357143 | S=4 D=13 I=0
2026-01-29 14:20:23,354 | INFO | ------------------------------
2026-01-29 14:20:23,354 | INFO |  File duration: 45.268 seconds
2026-01-29 14:20:24,269 | INFO | Using rVAD model
2026-01-29 14:20:26,148 | INFO | Number of chunks: 8
2026-01-29 14:20:32,140 | INFO | ------------------------------
2026-01-29 14:20:32,140 | INFO | ------------------------------
2026-01-29 14:20:32,145 | INFO | File: 1HC-KWZA-image.wav | WER=4.761905 | S=1 D=2 I=1
2026-01-29 14:20:32,145 | INFO | ------------------------------
2026-01-29 14:20:32,145 | INFO |  File duration: 82.65866666666666 seconds
2026-01-29 14:20:33,787 | INFO | Using rVAD model
2026-01-29 14:20:37,238 | INFO | Number of chunks: 9
2026-01-29 14:20:45,996 | INFO | ------------------------------
2026-01-29 14:20:45,997 | INFO | ------------------------------
2026-01-29 14:20:46,008 | INFO | File: 1HC-KXRA-image.wav | WER=42.045455 | S=5 D=62 I=7
2026-01-29 14:20:46,008 | INFO | ------------------------------
2026-01-29 14:20:46,008 | INFO |  File duration: 66.812 seconds
2026-01-29 14:20:47,322 | INFO | Using rVAD model
2026-01-29 14:20:50,113 | INFO | Number of chunks: 9
2026-01-29 14:21:01,394 | INFO | ------------------------------
2026-01-29 14:21:01,394 | INFO | ------------------------------
2026-01-29 14:21:01,407 | INFO | File: 1HC-LKZT-image.wav | WER=7.284768 | S=6 D=3 I=2
2026-01-29 14:21:01,407 | INFO | ------------------------------
2026-01-29 14:21:01,408 | INFO |  File duration: 47.06 seconds
2026-01-29 14:21:02,353 | INFO | Using rVAD model
2026-01-29 14:21:04,368 | INFO | Number of chunks: 2
2026-01-29 14:21:11,337 | INFO | ------------------------------
2026-01-29 14:21:11,337 | INFO | ------------------------------
2026-01-29 14:21:11,343 | INFO | File: 1HC-MLSV-image.wav | WER=24.509804 | S=4 D=20 I=1
2026-01-29 14:21:11,343 | INFO | ------------------------------
2026-01-29 14:21:11,343 | INFO |  File duration: 18.528 seconds
2026-01-29 14:21:11,709 | INFO | Using rVAD model
2026-01-29 14:21:12,494 | INFO | Number of chunks: 2
2026-01-29 14:21:15,612 | INFO | ------------------------------
2026-01-29 14:21:15,612 | INFO | ------------------------------
2026-01-29 14:21:15,616 | INFO | File: 1HC-MZQO-image.wav | WER=22.916667 | S=6 D=5 I=0
2026-01-29 14:21:15,616 | INFO | ------------------------------
2026-01-29 14:21:15,616 | INFO |  File duration: 66.94533333333334 seconds
2026-01-29 14:21:16,960 | INFO | Using rVAD model
2026-01-29 14:21:19,826 | INFO | Number of chunks: 6
2026-01-29 14:21:31,458 | INFO | ------------------------------
2026-01-29 14:21:31,459 | INFO | ------------------------------
2026-01-29 14:21:31,473 | INFO | File: 1HC-OZUD-image.wav | WER=23.976608 | S=22 D=14 I=5
2026-01-29 14:21:31,473 | INFO | ------------------------------
2026-01-29 14:21:31,473 | INFO |  File duration: 97.16533333333334 seconds
2026-01-29 14:21:33,397 | INFO | Using rVAD model
2026-01-29 14:21:37,452 | INFO | Number of chunks: 14
2026-01-29 14:21:56,303 | INFO | ------------------------------
2026-01-29 14:21:56,303 | INFO | ------------------------------
2026-01-29 14:21:56,330 | INFO | File: 1HC-PLIQ-image.wav | WER=7.786885 | S=12 D=6 I=1
2026-01-29 14:21:56,330 | INFO | ------------------------------
2026-01-29 14:21:56,330 | INFO |  File duration: 62.62266666666667 seconds
2026-01-29 14:21:57,605 | INFO | Using rVAD model
2026-01-29 14:22:00,226 | INFO | Number of chunks: 4
2026-01-29 14:22:09,288 | INFO | ------------------------------
2026-01-29 14:22:09,288 | INFO | ------------------------------
2026-01-29 14:22:09,300 | INFO | File: 1HC-PVSZ-image.wav | WER=32.558140 | S=8 D=47 I=1
2026-01-29 14:22:09,300 | INFO | ------------------------------
2026-01-29 14:22:09,300 | INFO |  File duration: 107.196 seconds
2026-01-29 14:22:11,400 | INFO | Using rVAD model
2026-01-29 14:22:15,954 | INFO | Number of chunks: 4
2026-01-29 14:22:29,983 | INFO | ------------------------------
2026-01-29 14:22:29,983 | INFO | ------------------------------
2026-01-29 14:22:30,009 | INFO | File: 1HC-ZANM-image.wav | WER=50.986842 | S=28 D=126 I=1
2026-01-29 14:22:30,009 | INFO | ------------------------------
2026-01-29 14:22:30,010 | INFO |  File duration: 60.6208 seconds
2026-01-29 14:22:30,674 | INFO | Using rVAD model
2026-01-29 14:22:33,306 | INFO | Number of chunks: 5
2026-01-29 14:22:43,530 | INFO | ------------------------------
2026-01-29 14:22:43,530 | INFO | ------------------------------
2026-01-29 14:22:43,541 | INFO | File: 1HC2-AEOW-image.wav | WER=27.848101 | S=8 D=33 I=3
2026-01-29 14:22:43,541 | INFO | ------------------------------
2026-01-29 14:22:43,542 | INFO |  File duration: 22.186666666666667 seconds
2026-01-29 14:22:44,007 | INFO | Using rVAD model
2026-01-29 14:22:44,940 | INFO | Number of chunks: 1
2026-01-29 14:22:48,923 | INFO | ------------------------------
2026-01-29 14:22:48,923 | INFO | ------------------------------
2026-01-29 14:22:48,927 | INFO | File: 1HC2-CEZE-image.wav | WER=24.590164 | S=7 D=5 I=3
2026-01-29 14:22:48,927 | INFO | ------------------------------
2026-01-29 14:22:48,927 | INFO |  File duration: 58.24512 seconds
2026-01-29 14:22:49,578 | INFO | Using rVAD model
2026-01-29 14:22:52,041 | INFO | Number of chunks: 6
2026-01-29 14:23:00,828 | INFO | ------------------------------
2026-01-29 14:23:00,829 | INFO | ------------------------------
2026-01-29 14:23:00,847 | INFO | File: 1HC2-DWWQ-image.wav | WER=16.239316 | S=7 D=11 I=1
2026-01-29 14:23:00,847 | INFO | ------------------------------
2026-01-29 14:23:00,848 | INFO |  File duration: 48.66048 seconds
2026-01-29 14:23:01,617 | INFO | Using rVAD model
2026-01-29 14:23:03,728 | INFO | Number of chunks: 2
2026-01-29 14:23:09,885 | INFO | ------------------------------
2026-01-29 14:23:09,885 | INFO | ------------------------------
2026-01-29 14:23:09,891 | INFO | File: 1HC2-FCSY-image.wav | WER=31.932773 | S=4 D=34 I=0
2026-01-29 14:23:09,892 | INFO | ------------------------------
2026-01-29 14:23:09,892 | INFO |  File duration: 53.373333333333335 seconds
2026-01-29 14:23:11,001 | INFO | Using rVAD model
2026-01-29 14:23:13,356 | INFO | Number of chunks: 4
2026-01-29 14:23:19,339 | INFO | ------------------------------
2026-01-29 14:23:19,339 | INFO | ------------------------------
2026-01-29 14:23:19,345 | INFO | File: 1HC2-GJTD-image.wav | WER=31.250000 | S=5 D=25 I=0
2026-01-29 14:23:19,345 | INFO | ------------------------------
2026-01-29 14:23:19,345 | INFO |  File duration: 81.56133333333334 seconds
2026-01-29 14:23:21,115 | INFO | Using rVAD model
2026-01-29 14:23:24,569 | INFO | Number of chunks: 17
2026-01-29 14:23:35,441 | INFO | ------------------------------
2026-01-29 14:23:35,442 | INFO | ------------------------------
2026-01-29 14:23:35,453 | INFO | File: 1HC2-IWVU-image.wav | WER=35.802469 | S=12 D=44 I=2
2026-01-29 14:23:35,453 | INFO | ------------------------------
2026-01-29 14:23:35,454 | INFO |  File duration: 72.74496 seconds
2026-01-29 14:23:36,215 | INFO | Using rVAD model
2026-01-29 14:23:39,446 | INFO | Number of chunks: 12
2026-01-29 14:23:51,251 | INFO | ------------------------------
2026-01-29 14:23:51,251 | INFO | ------------------------------
2026-01-29 14:23:51,262 | INFO | File: 1HC2-ODZI-image.wav | WER=21.656051 | S=10 D=23 I=1
2026-01-29 14:23:51,262 | INFO | ------------------------------
2026-01-29 14:23:51,263 | INFO |  File duration: 97.97733333333333 seconds
2026-01-29 14:23:53,394 | INFO | Using rVAD model
2026-01-29 14:23:57,562 | INFO | Number of chunks: 5
2026-01-29 14:24:09,114 | INFO | ------------------------------
2026-01-29 14:24:09,114 | INFO | ------------------------------
2026-01-29 14:24:09,130 | INFO | File: 1HC2-OZTK-image.wav | WER=34.123223 | S=12 D=58 I=2
2026-01-29 14:24:09,130 | INFO | ------------------------------
2026-01-29 14:24:09,130 | INFO |  File duration: 43.17184 seconds
2026-01-29 14:24:09,658 | INFO | Using rVAD model
2026-01-29 14:24:11,468 | INFO | Number of chunks: 6
2026-01-29 14:24:17,745 | INFO | ------------------------------
2026-01-29 14:24:17,746 | INFO | ------------------------------
2026-01-29 14:24:17,752 | INFO | File: 1HC2-RKHI-image.wav | WER=39.215686 | S=3 D=30 I=7
2026-01-29 14:24:17,752 | INFO | ------------------------------
2026-01-29 14:24:17,753 | INFO |  File duration: 103.55466666666666 seconds
2026-01-29 14:24:19,962 | INFO | Using rVAD model
2026-01-29 14:24:24,303 | INFO | Number of chunks: 12
2026-01-29 14:24:39,922 | INFO | ------------------------------
2026-01-29 14:24:39,922 | INFO | ------------------------------
2026-01-29 14:24:39,944 | INFO | File: 1HC2-TATW-image.wav | WER=27.500000 | S=20 D=43 I=3
2026-01-29 14:24:39,944 | INFO | ------------------------------
2026-01-29 14:24:39,944 | INFO |  File duration: 56.70133333333333 seconds
2026-01-29 14:24:41,120 | INFO | Using rVAD model
2026-01-29 14:24:43,497 | INFO | Number of chunks: 4
2026-01-29 14:24:51,471 | INFO | ------------------------------
2026-01-29 14:24:51,471 | INFO | ------------------------------
2026-01-29 14:24:51,480 | INFO | File: 1HC2-YSZL-image.wav | WER=20.000000 | S=3 D=21 I=3
2026-01-29 14:24:51,480 | INFO | ------------------------------
2026-01-29 14:24:51,481 | INFO |  File duration: 45.75389583333333 seconds
2026-01-29 14:24:52,376 | INFO | Using rVAD model
2026-01-29 14:24:54,419 | INFO | Number of chunks: 6
2026-01-29 14:25:01,139 | INFO | ------------------------------
2026-01-29 14:25:01,140 | INFO | ------------------------------
2026-01-29 14:25:01,146 | INFO | File: 2HC-IWHW-image.wav | WER=13.402062 | S=3 D=9 I=1
2026-01-29 14:25:01,146 | INFO | ------------------------------
2026-01-29 14:25:01,146 | INFO |  File duration: 77.97377083333333 seconds
2026-01-29 14:25:02,665 | INFO | Using rVAD model
2026-01-29 14:25:05,985 | INFO | Number of chunks: 4
2026-01-29 14:25:17,619 | INFO | ------------------------------
2026-01-29 14:25:17,620 | INFO | ------------------------------
2026-01-29 14:25:17,639 | INFO | File: 2HC-MLLK-image.wav | WER=33.187773 | S=16 D=56 I=4
2026-01-29 14:25:17,639 | INFO | ------------------------------
2026-01-29 14:25:17,639 | INFO | ===================== GLOBAL WER ======================
2026-01-29 14:25:17,639 | INFO | The number of files is 31
2026-01-29 14:25:17,639 | INFO | WER: 25.15%
2026-01-29 14:25:17,639 | INFO | =============================================================
