2026-01-29 14:05:50,519 | INFO | Fetch hyperparams.yaml: Using file found at '/vol/experiments3/imbenamor/TAPAS-FRAIS/models/asr-whisper-medium-commonvoice-fr/hyperparams.yaml'
2026-01-29 14:05:50,519 | DEBUG | Fetch: Source and destination '/vol/experiments3/imbenamor/TAPAS-FRAIS/models/asr-whisper-medium-commonvoice-fr/custom.py' are identical, returning assuming this is intended
2026-01-29 14:05:53,379 | WARNING | speechbrain.lobes.models.huggingface_transformers.huggingface - WhisperModel is frozen.
2026-01-29 14:05:53,380 | WARNING | speechbrain.lobes.models.huggingface_transformers.whisper - whisper encoder-decoder is frozen.
2026-01-29 14:05:53,540 | DEBUG | Collecting files (or symlinks) for pretraining in /vol/experiments3/imbenamor/TAPAS-FRAIS/models/asr-whisper-medium-commonvoice-fr.
2026-01-29 14:05:53,540 | INFO | Fetch whisper.ckpt: Using file found at '/vol/experiments3/imbenamor/TAPAS-FRAIS/models/asr-whisper-medium-commonvoice-fr/whisper.ckpt'
2026-01-29 14:05:53,540 | DEBUG | Set local path in self.paths["whisper"] = /vol/experiments3/imbenamor/TAPAS-FRAIS/models/asr-whisper-medium-commonvoice-fr/whisper.ckpt
2026-01-29 14:05:53,540 | INFO | Loading pretrained files for: whisper
2026-01-29 14:05:53,540 | DEBUG | Redirecting (loading from local path): whisper -> /vol/experiments3/imbenamor/TAPAS-FRAIS/models/asr-whisper-medium-commonvoice-fr/whisper.ckpt
2026-01-29 14:05:58,237 | INFO |  File duration: 48.074666666666666 seconds
2026-01-29 14:05:59,874 | INFO | Using rVAD model
2026-01-29 14:06:01,974 | INFO | Number of chunks: 7
2026-01-29 14:06:10,679 | INFO | ------------------------------
2026-01-29 14:06:10,679 | INFO | ------------------------------
2026-01-29 14:06:10,687 | INFO | File: 1HC-ACBC-image.wav | WER=17.391304 | S=9 D=11 I=0
2026-01-29 14:06:10,687 | INFO | ------------------------------
2026-01-29 14:06:10,687 | INFO |  File duration: 103.43733333333333 seconds
2026-01-29 14:06:12,797 | INFO | Using rVAD model
2026-01-29 14:06:17,504 | INFO | Number of chunks: 7
2026-01-29 14:06:27,780 | INFO | ------------------------------
2026-01-29 14:06:27,780 | INFO | ------------------------------
2026-01-29 14:06:27,802 | INFO | File: 1HC-AQAC-image.wav | WER=32.352941 | S=18 D=55 I=4
2026-01-29 14:06:27,802 | INFO | ------------------------------
2026-01-29 14:06:27,803 | INFO |  File duration: 72.93466666666667 seconds
2026-01-29 14:06:29,280 | INFO | Using rVAD model
2026-01-29 14:06:32,541 | INFO | Number of chunks: 3
2026-01-29 14:06:41,122 | INFO | ------------------------------
2026-01-29 14:06:41,123 | INFO | ------------------------------
2026-01-29 14:06:41,140 | INFO | File: 1HC-AVGE-image.wav | WER=56.626506 | S=22 D=115 I=4
2026-01-29 14:06:41,140 | INFO | ------------------------------
2026-01-29 14:06:41,140 | INFO |  File duration: 80.624 seconds
2026-01-29 14:06:42,843 | INFO | Using rVAD model
2026-01-29 14:06:46,472 | INFO | Number of chunks: 11
2026-01-29 14:06:56,410 | INFO | ------------------------------
2026-01-29 14:06:56,410 | INFO | ------------------------------
2026-01-29 14:06:56,425 | INFO | File: 1HC-ECKC-image.wav | WER=5.142857 | S=5 D=3 I=1
2026-01-29 14:06:56,426 | INFO | ------------------------------
2026-01-29 14:06:56,426 | INFO |  File duration: 40.05733333333333 seconds
2026-01-29 14:06:57,224 | INFO | Using rVAD model
2026-01-29 14:06:59,014 | INFO | Number of chunks: 7
2026-01-29 14:07:02,875 | INFO | ------------------------------
2026-01-29 14:07:02,875 | INFO | ------------------------------
2026-01-29 14:07:02,880 | INFO | File: 1HC-FXRA-image.wav | WER=20.547945 | S=2 D=11 I=2
2026-01-29 14:07:02,880 | INFO | ------------------------------
2026-01-29 14:07:02,880 | INFO |  File duration: 59.4 seconds
2026-01-29 14:07:04,059 | INFO | Using rVAD model
2026-01-29 14:07:06,714 | INFO | Number of chunks: 5
2026-01-29 14:07:13,309 | INFO | ------------------------------
2026-01-29 14:07:13,309 | INFO | ------------------------------
2026-01-29 14:07:13,318 | INFO | File: 1HC-GDZI-image.wav | WER=28.682171 | S=17 D=18 I=2
2026-01-29 14:07:13,318 | INFO | ------------------------------
2026-01-29 14:07:13,318 | INFO |  File duration: 89.03733333333334 seconds
2026-01-29 14:07:15,078 | INFO | Using rVAD model
2026-01-29 14:07:19,135 | INFO | Number of chunks: 10
2026-01-29 14:07:28,283 | INFO | ------------------------------
2026-01-29 14:07:28,283 | INFO | ------------------------------
2026-01-29 14:07:28,298 | INFO | File: 1HC-IAJC-image.wav | WER=14.035088 | S=6 D=15 I=3
2026-01-29 14:07:28,298 | INFO | ------------------------------
2026-01-29 14:07:28,298 | WARNING | The file /vol/corpora/Daoudi/Data/Monologue/HC/1HC-IAJC_éléments_extralinguisitiques-image.wav does not exist
2026-01-29 14:07:28,298 | INFO |  File duration: 92.12533333333333 seconds
2026-01-29 14:07:30,108 | INFO | Using rVAD model
2026-01-29 14:07:34,276 | INFO | Number of chunks: 5
2026-01-29 14:07:45,393 | INFO | ------------------------------
2026-01-29 14:07:45,393 | INFO | ------------------------------
2026-01-29 14:07:45,411 | INFO | File: 1HC-IQKL-image.wav | WER=47.208122 | S=27 D=39 I=27
2026-01-29 14:07:45,411 | INFO | ------------------------------
2026-01-29 14:07:45,411 | INFO |  File duration: 28.00529166666667 seconds
2026-01-29 14:07:45,971 | INFO | Using rVAD model
2026-01-29 14:07:47,253 | INFO | Number of chunks: 1
2026-01-29 14:07:49,229 | INFO | ------------------------------
2026-01-29 14:07:49,229 | INFO | ------------------------------
2026-01-29 14:07:49,232 | INFO | File: 1HC-KGAP-image.wav | WER=42.857143 | S=0 D=24 I=0
2026-01-29 14:07:49,232 | INFO | ------------------------------
2026-01-29 14:07:49,232 | INFO |  File duration: 45.268 seconds
2026-01-29 14:07:50,136 | INFO | Using rVAD model
2026-01-29 14:07:52,148 | INFO | Number of chunks: 8
2026-01-29 14:07:56,919 | INFO | ------------------------------
2026-01-29 14:07:56,919 | INFO | ------------------------------
2026-01-29 14:07:56,924 | INFO | File: 1HC-KWZA-image.wav | WER=7.142857 | S=4 D=1 I=1
2026-01-29 14:07:56,925 | INFO | ------------------------------
2026-01-29 14:07:56,925 | INFO |  File duration: 82.65866666666666 seconds
2026-01-29 14:07:58,575 | INFO | Using rVAD model
2026-01-29 14:08:02,283 | INFO | Number of chunks: 9
2026-01-29 14:08:10,211 | INFO | ------------------------------
2026-01-29 14:08:10,211 | INFO | ------------------------------
2026-01-29 14:08:10,225 | INFO | File: 1HC-KXRA-image.wav | WER=27.840909 | S=6 D=37 I=6
2026-01-29 14:08:10,225 | INFO | ------------------------------
2026-01-29 14:08:10,225 | INFO |  File duration: 66.812 seconds
2026-01-29 14:08:11,556 | INFO | Using rVAD model
2026-01-29 14:08:14,565 | INFO | Number of chunks: 9
2026-01-29 14:08:23,329 | INFO | ------------------------------
2026-01-29 14:08:23,329 | INFO | ------------------------------
2026-01-29 14:08:23,341 | INFO | File: 1HC-LKZT-image.wav | WER=11.258278 | S=7 D=8 I=2
2026-01-29 14:08:23,341 | INFO | ------------------------------
2026-01-29 14:08:23,341 | INFO |  File duration: 47.06 seconds
2026-01-29 14:08:24,316 | INFO | Using rVAD model
2026-01-29 14:08:26,402 | INFO | Number of chunks: 2
2026-01-29 14:08:31,570 | INFO | ------------------------------
2026-01-29 14:08:31,570 | INFO | ------------------------------
2026-01-29 14:08:31,576 | INFO | File: 1HC-MLSV-image.wav | WER=28.431373 | S=7 D=21 I=1
2026-01-29 14:08:31,576 | INFO | ------------------------------
2026-01-29 14:08:31,577 | INFO |  File duration: 18.528 seconds
2026-01-29 14:08:31,964 | INFO | Using rVAD model
2026-01-29 14:08:32,784 | INFO | Number of chunks: 2
2026-01-29 14:08:34,913 | INFO | ------------------------------
2026-01-29 14:08:34,913 | INFO | ------------------------------
2026-01-29 14:08:34,916 | INFO | File: 1HC-MZQO-image.wav | WER=22.916667 | S=4 D=7 I=0
2026-01-29 14:08:34,916 | INFO | ------------------------------
2026-01-29 14:08:34,916 | INFO |  File duration: 66.94533333333334 seconds
2026-01-29 14:08:36,297 | INFO | Using rVAD model
2026-01-29 14:08:39,300 | INFO | Number of chunks: 6
2026-01-29 14:08:46,099 | INFO | ------------------------------
2026-01-29 14:08:46,099 | INFO | ------------------------------
2026-01-29 14:08:46,111 | INFO | File: 1HC-OZUD-image.wav | WER=35.087719 | S=14 D=45 I=1
2026-01-29 14:08:46,111 | INFO | ------------------------------
2026-01-29 14:08:46,111 | INFO |  File duration: 97.16533333333334 seconds
2026-01-29 14:08:48,061 | INFO | Using rVAD model
2026-01-29 14:08:52,390 | INFO | Number of chunks: 14
2026-01-29 14:09:06,017 | INFO | ------------------------------
2026-01-29 14:09:06,017 | INFO | ------------------------------
2026-01-29 14:09:06,042 | INFO | File: 1HC-PLIQ-image.wav | WER=14.344262 | S=19 D=16 I=0
2026-01-29 14:09:06,043 | INFO | ------------------------------
2026-01-29 14:09:06,043 | INFO |  File duration: 62.62266666666667 seconds
2026-01-29 14:09:07,409 | INFO | Using rVAD model
2026-01-29 14:09:10,219 | INFO | Number of chunks: 4
2026-01-29 14:09:16,421 | INFO | ------------------------------
2026-01-29 14:09:16,422 | INFO | ------------------------------
2026-01-29 14:09:16,433 | INFO | File: 1HC-PVSZ-image.wav | WER=41.279070 | S=5 D=66 I=0
2026-01-29 14:09:16,433 | INFO | ------------------------------
2026-01-29 14:09:16,433 | INFO |  File duration: 107.196 seconds
2026-01-29 14:09:18,574 | INFO | Using rVAD model
2026-01-29 14:09:23,518 | INFO | Number of chunks: 4
2026-01-29 14:09:33,206 | INFO | ------------------------------
2026-01-29 14:09:33,206 | INFO | ------------------------------
2026-01-29 14:09:33,230 | INFO | File: 1HC-ZANM-image.wav | WER=57.236842 | S=20 D=144 I=10
2026-01-29 14:09:33,230 | INFO | ------------------------------
2026-01-29 14:09:33,230 | INFO |  File duration: 60.6208 seconds
2026-01-29 14:09:33,876 | INFO | Using rVAD model
2026-01-29 14:09:36,588 | INFO | Number of chunks: 5
2026-01-29 14:09:42,532 | INFO | ------------------------------
2026-01-29 14:09:42,532 | INFO | ------------------------------
2026-01-29 14:09:42,542 | INFO | File: 1HC2-AEOW-image.wav | WER=42.405063 | S=5 D=60 I=2
2026-01-29 14:09:42,542 | INFO | ------------------------------
2026-01-29 14:09:42,543 | INFO |  File duration: 22.186666666666667 seconds
2026-01-29 14:09:43,041 | INFO | Using rVAD model
2026-01-29 14:09:44,009 | INFO | Number of chunks: 1
2026-01-29 14:09:45,834 | INFO | ------------------------------
2026-01-29 14:09:45,835 | INFO | ------------------------------
2026-01-29 14:09:45,838 | INFO | File: 1HC2-CEZE-image.wav | WER=42.622951 | S=0 D=26 I=0
2026-01-29 14:09:45,838 | INFO | ------------------------------
2026-01-29 14:09:45,838 | INFO |  File duration: 58.24512 seconds
2026-01-29 14:09:46,453 | INFO | Using rVAD model
2026-01-29 14:09:48,967 | INFO | Number of chunks: 6
2026-01-29 14:09:55,347 | INFO | ------------------------------
2026-01-29 14:09:55,347 | INFO | ------------------------------
2026-01-29 14:09:55,354 | INFO | File: 1HC2-DWWQ-image.wav | WER=17.948718 | S=5 D=16 I=0
2026-01-29 14:09:55,355 | INFO | ------------------------------
2026-01-29 14:09:55,355 | INFO |  File duration: 48.66048 seconds
2026-01-29 14:09:55,865 | INFO | Using rVAD model
2026-01-29 14:09:58,029 | INFO | Number of chunks: 2
2026-01-29 14:10:02,253 | INFO | ------------------------------
2026-01-29 14:10:02,253 | INFO | ------------------------------
2026-01-29 14:10:02,259 | INFO | File: 1HC2-FCSY-image.wav | WER=41.176471 | S=4 D=45 I=0
2026-01-29 14:10:02,259 | INFO | ------------------------------
2026-01-29 14:10:02,259 | INFO |  File duration: 53.373333333333335 seconds
2026-01-29 14:10:03,363 | INFO | Using rVAD model
2026-01-29 14:10:05,685 | INFO | Number of chunks: 4
2026-01-29 14:10:10,765 | INFO | ------------------------------
2026-01-29 14:10:10,765 | INFO | ------------------------------
2026-01-29 14:10:10,771 | INFO | File: 1HC2-GJTD-image.wav | WER=23.958333 | S=12 D=11 I=0
2026-01-29 14:10:10,771 | INFO | ------------------------------
2026-01-29 14:10:10,771 | INFO |  File duration: 81.56133333333334 seconds
2026-01-29 14:10:12,467 | INFO | Using rVAD model
2026-01-29 14:10:16,152 | INFO | Number of chunks: 17
2026-01-29 14:10:23,865 | INFO | ------------------------------
2026-01-29 14:10:23,865 | INFO | ------------------------------
2026-01-29 14:10:23,877 | INFO | File: 1HC2-IWVU-image.wav | WER=35.185185 | S=17 D=39 I=1
2026-01-29 14:10:23,877 | INFO | ------------------------------
2026-01-29 14:10:23,877 | INFO |  File duration: 72.74496 seconds
2026-01-29 14:10:24,648 | INFO | Using rVAD model
2026-01-29 14:10:27,900 | INFO | Number of chunks: 12
2026-01-29 14:10:36,849 | INFO | ------------------------------
2026-01-29 14:10:36,849 | INFO | ------------------------------
2026-01-29 14:10:36,861 | INFO | File: 1HC2-ODZI-image.wav | WER=22.292994 | S=11 D=22 I=2
2026-01-29 14:10:36,862 | INFO | ------------------------------
2026-01-29 14:10:36,862 | INFO |  File duration: 97.97733333333333 seconds
2026-01-29 14:10:38,929 | INFO | Using rVAD model
2026-01-29 14:10:43,313 | INFO | Number of chunks: 5
2026-01-29 14:10:52,509 | INFO | ------------------------------
2026-01-29 14:10:52,509 | INFO | ------------------------------
2026-01-29 14:10:52,525 | INFO | File: 1HC2-OZTK-image.wav | WER=40.758294 | S=12 D=68 I=6
2026-01-29 14:10:52,525 | INFO | ------------------------------
2026-01-29 14:10:52,525 | INFO |  File duration: 43.17184 seconds
2026-01-29 14:10:52,968 | INFO | Using rVAD model
2026-01-29 14:10:54,848 | INFO | Number of chunks: 6
2026-01-29 14:10:58,716 | INFO | ------------------------------
2026-01-29 14:10:58,716 | INFO | ------------------------------
2026-01-29 14:10:58,721 | INFO | File: 1HC2-RKHI-image.wav | WER=53.921569 | S=2 D=45 I=8
2026-01-29 14:10:58,721 | INFO | ------------------------------
2026-01-29 14:10:58,721 | INFO |  File duration: 103.55466666666666 seconds
2026-01-29 14:11:00,867 | INFO | Using rVAD model
2026-01-29 14:11:05,524 | INFO | Number of chunks: 12
2026-01-29 14:11:16,618 | INFO | ------------------------------
2026-01-29 14:11:16,618 | INFO | ------------------------------
2026-01-29 14:11:16,639 | INFO | File: 1HC2-TATW-image.wav | WER=33.333333 | S=16 D=62 I=2
2026-01-29 14:11:16,639 | INFO | ------------------------------
2026-01-29 14:11:16,640 | INFO |  File duration: 56.70133333333333 seconds
2026-01-29 14:11:17,841 | INFO | Using rVAD model
2026-01-29 14:11:20,429 | INFO | Number of chunks: 4
2026-01-29 14:11:26,414 | INFO | ------------------------------
2026-01-29 14:11:26,414 | INFO | ------------------------------
2026-01-29 14:11:26,422 | INFO | File: 1HC2-YSZL-image.wav | WER=34.814815 | S=10 D=36 I=1
2026-01-29 14:11:26,423 | INFO | ------------------------------
2026-01-29 14:11:26,423 | INFO |  File duration: 45.75389583333333 seconds
2026-01-29 14:11:27,337 | INFO | Using rVAD model
2026-01-29 14:11:29,359 | INFO | Number of chunks: 6
2026-01-29 14:11:35,115 | INFO | ------------------------------
2026-01-29 14:11:35,115 | INFO | ------------------------------
2026-01-29 14:11:35,121 | INFO | File: 2HC-IWHW-image.wav | WER=10.309278 | S=3 D=6 I=1
2026-01-29 14:11:35,122 | INFO | ------------------------------
2026-01-29 14:11:35,122 | INFO |  File duration: 77.97377083333333 seconds
2026-01-29 14:11:36,732 | INFO | Using rVAD model
2026-01-29 14:11:40,213 | INFO | Number of chunks: 4
2026-01-29 14:11:44,570 | INFO | ------------------------------
2026-01-29 14:11:44,571 | INFO | ------------------------------
2026-01-29 14:11:44,581 | INFO | File: 2HC-MLLK-image.wav | WER=66.812227 | S=6 D=147 I=0
2026-01-29 14:11:44,581 | INFO | ------------------------------
2026-01-29 14:11:44,582 | INFO | ===================== GLOBAL WER ======================
2026-01-29 14:11:44,582 | INFO | The number of files is 31
2026-01-29 14:11:44,582 | INFO | WER: 31.48%
2026-01-29 14:11:44,582 | INFO | =============================================================
