2026-01-27 12:18:41,221 | INFO | Fetch hyperparams.yaml: Using file found at '/vol/experiments3/imbenamor/TAPAS-FRAIS/models/asr-wav2vec2-commonvoice-fr/hyperparams.yaml'
2026-01-27 12:18:41,222 | DEBUG | Fetch: Source and destination '/vol/experiments3/imbenamor/TAPAS-FRAIS/models/asr-wav2vec2-commonvoice-fr/custom.py' are identical, returning assuming this is intended
2026-01-27 12:18:41,255 | WARNING | This version of torchaudio is old. SpeechBrain no longer tries using the torchaudio global backend mechanism in recipes, so if you encounter issues, update torchaudio to >=2.1.0.
2026-01-27 12:18:41,799 | WARNING | speechbrain.lobes.models.huggingface_transformers.huggingface - Wav2Vec2Model is frozen.
2026-01-27 12:18:41,811 | DEBUG | Collecting files (or symlinks) for pretraining in /vol/experiments3/imbenamor/TAPAS-FRAIS/models/asr-wav2vec2-commonvoice-fr.
2026-01-27 12:18:41,812 | INFO | Fetch wav2vec2.ckpt: Using file found at '/vol/experiments3/imbenamor/TAPAS-FRAIS/models/asr-wav2vec2-commonvoice-fr/wav2vec2.ckpt'
2026-01-27 12:18:41,812 | DEBUG | Set local path in self.paths["wav2vec2"] = /vol/experiments3/imbenamor/TAPAS-FRAIS/models/asr-wav2vec2-commonvoice-fr/wav2vec2.ckpt
2026-01-27 12:18:41,812 | INFO | Fetch asr.ckpt: Using file found at '/vol/experiments3/imbenamor/TAPAS-FRAIS/models/asr-wav2vec2-commonvoice-fr/asr.ckpt'
2026-01-27 12:18:41,812 | DEBUG | Set local path in self.paths["asr"] = /vol/experiments3/imbenamor/TAPAS-FRAIS/models/asr-wav2vec2-commonvoice-fr/asr.ckpt
2026-01-27 12:18:41,812 | INFO | Fetch tokenizer.ckpt: Using file found at '/vol/experiments3/imbenamor/TAPAS-FRAIS/models/asr-wav2vec2-commonvoice-fr/tokenizer.ckpt'
2026-01-27 12:18:41,812 | DEBUG | Set local path in self.paths["tokenizer"] = /vol/experiments3/imbenamor/TAPAS-FRAIS/models/asr-wav2vec2-commonvoice-fr/tokenizer.ckpt
2026-01-27 12:18:41,812 | INFO | Loading pretrained files for: wav2vec2, asr, tokenizer
2026-01-27 12:18:41,812 | DEBUG | Redirecting (loading from local path): wav2vec2 -> /vol/experiments3/imbenamor/TAPAS-FRAIS/models/asr-wav2vec2-commonvoice-fr/wav2vec2.ckpt
2026-01-27 12:18:41,812 | DEBUG | Redirecting (loading from local path): asr -> /vol/experiments3/imbenamor/TAPAS-FRAIS/models/asr-wav2vec2-commonvoice-fr/asr.ckpt
2026-01-27 12:18:41,812 | DEBUG | Redirecting (loading from local path): tokenizer -> /vol/experiments3/imbenamor/TAPAS-FRAIS/models/asr-wav2vec2-commonvoice-fr/tokenizer.ckpt
2026-01-27 12:18:44,389 | INFO |  File duration: 51.82693877551021 seconds
2026-01-27 12:18:46,501 | INFO | Using rVAD model
2026-01-27 12:18:48,908 | INFO | Number of chunks: 2
2026-01-27 12:18:50,473 | INFO | Created a temporary directory at /tmp/tmphf42bk11
2026-01-27 12:18:50,474 | INFO | Writing /tmp/tmphf42bk11/_remote_module_non_scriptable.py
2026-01-27 12:18:50,780 | DEBUG | Registered checkpoint save hook for save
2026-01-27 12:18:50,781 | DEBUG | Registered checkpoint load hook for load_if_possible
2026-01-27 12:18:50,909 | INFO | Chunk: 0 | WER=19.512195 | S=4 D=5 I=7
2026-01-27 12:18:50,914 | INFO | Chunk: 1 | WER=36.893204 | S=17 D=21 I=0
2026-01-27 12:18:50,914 | INFO | ------------------------------
2026-01-27 12:18:50,914 | INFO | ------------------------------
2026-01-27 12:18:50,914 | INFO | ['deux', 'vaillant', 'petits', 'lutrins', 'grand', 'mere', 'raconte', 'dans', 'un', 'petit', 'village', 'de', 'la', 'montagne', 'il', 'y', 'a', 'un', 'pauvre', 'cordonnier', 'tout', 'vieux', 'et', 'tout', 'casse', 'les', 'villageois', 'lui', 'apportent', 'des', 'chaussures', 'a', 'reparer', 'mais', 'il', 'ne', 'travaille', 'pas', 'vite', 'tous', 'les', 'soirs', 'il', 'mange', 'tout', 'seul', 'bien', 'tristement', 'ce', 'soir', 'il', 'y', 'a', 'devant', 'lui', 'un', 'gros', 'tas', 'de', 'souliers', 'de', 'guai', 'par', 'goudre', 'jamais', 'je', 'ne', 'pourrait', 'les', 'reparer', 'je', 'suis', 'trop', 'age', 'et', 'trop', 'malade', 'pres', 'de', 'lui', 'la', 'grosse', 'horloge', 'fait', 'iktac', 'le', 'pauvre', 'vieux', 'tout', 'decourage', 's', 'endort', 'aussitot', 'l', 'horloge', 's', 'ouvre', 'et', 'deux', 'petits', 'lutinsautet', 'sur', 'le', 'blancher', 'l', 'un', 'sappelle', 'tic', 'l', 'autre', 'apiltac', 'rangeons', 'les', 'etageres', 'reparons', 'les', 'souliers', 'recousons', 'le', 'linge', 'di', 'tic', 'preparons', 'un', 'gateau', 'metauduqueet', 'aut', 'plafond', 'changeons', 'ces', 'vieux', 'rideau', 'ajoutac', 'minuit', 'sonne', 'les', 'deux', 'vaillants', 'petits', 'lutins', 'rontent', 'dans', 'la', 'pendule', 'le', 'lendemain', 'le', 'pauvre', 'cordonnier', 's', 'eveille', 'rougeois', 'qui', 'a', 'prepare', 'ce', 'bougateau', 'qui', 'donc', 'arrange', 'la', 'maison', 'tictatictac', 'di', 'la', 'viedorloge']
2026-01-27 12:18:50,915 | INFO | ['dans', 'un', 'petit', 'village', 'de', 'la', 'montagne', 'il', 'y', 'a', 'un', 'pauvre', 'cordonnier', 'tout', 'vieux', 'et', 'tout', 'casse', 'les', 'villageois', 'lui', 'apportent', 'des', 'chaussures', 'a', 'reparer', 'mais', 'il', 'ne', 'travaille', 'pas', 'vite', 'tous', 'les', 'soirs', 'il', 'mange', 'tout', 'seul', 'bien', 'tristement', 'ce', 'soir', 'il', 'y', 'a', 'devant', 'lui', 'un', 'gros', 'tas', 'de', 'souliers', 'et', 'de', 'guetres', 'a', 'recoudre', 'jamais', 'je', 'ne', 'pourrai', 'les', 'reparer', 'je', 'suis', 'trop', 'age', 'et', 'trop', 'malade', 'pres', 'de', 'lui', 'la', 'grosse', 'horloge', 'fait', 'tic', 'tac', 'tic', 'tac', 'la', 'grosse', 'horloge', 'fait', 'tic', 'tac', 'tic', 'tac', 'le', 'pauvre', 'vieux', 'tout', 'decourage', 's', 'endort', 'aussitot', 'l', 'horloge', 's', 'ouvre', 'et', 'deux', 'petits', 'lutins', 'sautent', 'sur', 'le', 'plancher', 'l', 'un', 's', 'appelle', 'tic', 'l', 'autre', 's', 'appelle', 'tac', 'rangeons', 'les', 'etageres', 'reparons', 'les', 'souliers', 'recousons', 'le', 'linge', 'dit', 'tic', 'preparons', 'un', 'gateau', 'mettons', 'du', 'gui', 'au', 'plafond', 'changeons', 'ces', 'vieux', 'rideaux', 'ajoute', 'tac', 'minuit', 'sonne', 'les', 'deux', 'vaillants', 'petits', 'lutins', 'rentrent', 'dans', 'la', 'pendule', 'le', 'lendemain', 'le', 'pauvre', 'cordonnier', 's', 'eveille', 'o', 'joie', 'qui', 'a', 'prepare', 'ce', 'beau', 'gateau', 'qui', 'donc', 'a', 'range', 'la', 'maison', 'tic', 'tac', 'tic', 'tac', 'dit', 'la', 'vieille', 'horloge']
2026-01-27 12:18:50,928 | INFO | File: CCM-001773-01_L01.wav | WER=29.189189 | S=21 D=26 I=7
2026-01-27 12:18:50,929 | INFO | ------------------------------
2026-01-27 12:18:50,929 | WARNING | The file /vol/corpora/TAPAS_FRAIS/Data_partagees_ParisTypaloc-TapasFrais/8-PARK/CCM-001773-01_L01_pr_analyse.wav does not exist
2026-01-27 12:18:50,929 | INFO |  File duration: 76.16145124716553 seconds
2026-01-27 12:18:52,891 | INFO | Using rVAD model
2026-01-27 12:18:56,516 | INFO | Number of chunks: 14
2026-01-27 12:18:57,218 | INFO | Chunk: 0 | WER=33.333333 | S=3 D=3 I=0
2026-01-27 12:18:57,218 | INFO | Chunk: 1 | WER=42.857143 | S=4 D=1 I=1
2026-01-27 12:18:57,218 | INFO | Chunk: 2 | WER=11.111111 | S=1 D=0 I=0
2026-01-27 12:18:57,219 | INFO | Chunk: 3 | WER=27.777778 | S=4 D=1 I=0
2026-01-27 12:18:57,219 | INFO | Chunk: 4 | WER=16.666667 | S=2 D=0 I=0
2026-01-27 12:18:57,219 | INFO | Chunk: 5 | WER=41.176471 | S=5 D=2 I=0
2026-01-27 12:18:57,220 | INFO | Chunk: 6 | WER=30.769231 | S=4 D=0 I=0
2026-01-27 12:18:57,220 | INFO | Chunk: 7 | WER=92.307692 | S=7 D=4 I=1
2026-01-27 12:18:57,220 | INFO | Chunk: 8 | WER=66.666667 | S=2 D=0 I=0
2026-01-27 12:18:57,220 | INFO | Chunk: 9 | WER=60.000000 | S=3 D=0 I=0
2026-01-27 12:18:57,221 | INFO | Chunk: 10 | WER=71.428571 | S=4 D=6 I=0
2026-01-27 12:18:57,221 | INFO | Chunk: 11 | WER=48.148148 | S=11 D=2 I=0
2026-01-27 12:18:57,222 | INFO | Chunk: 12 | WER=50.000000 | S=3 D=0 I=0
2026-01-27 12:18:57,222 | INFO | Chunk: 13 | WER=87.500000 | S=5 D=2 I=0
2026-01-27 12:18:57,222 | INFO | ------------------------------
2026-01-27 12:18:57,222 | INFO | ------------------------------
2026-01-27 12:18:57,222 | INFO | ['dans', 'un', 'petit', 'village', 'de', 'la', 'montagne', 'ily', 'un', 'pauvre', 'cordonnier', 'toutvieux', 'et', 'tout', 'cache', 'le', 'villavois', 'lui', 'apporte', 'des', 'chaussures', 'a', 'reparer', 'mais', 'ne', 't', 'arrive', 'pas', 'vite', 'tous', 'les', 'soirs', 'il', 'mangen', 'tout', 'seul', 'bien', 'tristement', 'ce', 'soir', 'il', 'il', 'y', 'a', 'devant', 'lui', 'un', 'grod', 'tas', 'de', 'chouliers', 'et', 'daguets', 'a', 'recoudre', 'jamais', 'je', 'ne', 'pourrai', 'le', 'reparer', 'suis', 'trop', 'agie', 'et', 'trop', 'malade', 'pres', 'de', 'lui', 'la', 'gros', 'charlot', 'fait', 'dictaptictac', 'le', 'pauvre', 'vieux', 'tout', 'decove', 's', 'endort', 'aussitot', 'l', 'horloge', 's', 'ouvre', 'let', 'deux', 'petits', 'luletins', 'sout', 'sur', 'le', 'blancher', 'l', 'inchapelle', 'tiqi', 'atre', 'appelle', 'tuk', 'rangeant', 'lus', 'ette', 'ajaire', 'reparant', 'les', 'choulier', 'recougedans', 'la', 'linge', 'dit', 'tique', 'papaon', 'un', 'gateau', 'metandugui', 'au', 'plafond', 'frncevirilo', 'ajouttac', 'minuit', 'sonne', 'les', 'de', 'veillants', 'petits', 'lutins', 'entrent', 'dans', 'la', 'pendule', 'nondemain', 'le', 'pauvre', 'cordenier', 's', 'eveillent', 'au', 'joie', 'oui', 'apres', 'paris', 'ce', 'bau', 'gateau', 'quil', 'a', 'donc', 'revu', 'la', 'meison', 'ta', 'tiktop', 'de', 'la', 'meilleure', 'louvre']
2026-01-27 12:18:57,223 | INFO | ['dans', 'un', 'petit', 'village', 'de', 'la', 'montagne', 'il', 'y', 'a', 'un', 'pauvre', 'cordonnier', 'tout', 'vieux', 'et', 'tout', 'casse', 'les', 'villageois', 'lui', 'apportent', 'des', 'chaussures', 'a', 'reparer', 'mais', 'il', 'ne', 'travaille', 'pas', 'vite', 'tous', 'les', 'soirs', 'il', 'mange', 'tout', 'seul', 'bien', 'tristement', 'ce', 'soir', 'il', 'y', 'a', 'devant', 'lui', 'un', 'gros', 'tas', 'de', 'souliers', 'et', 'de', 'guetres', 'a', 'recoudre', 'jamais', 'je', 'ne', 'pourrai', 'les', 'reparer', 'suis', 'trop', 'age', 'et', 'trop', 'malade', 'pres', 'de', 'lui', 'la', 'grosse', 'horloge', 'fait', 'tic', 'tac', 'tic', 'tac', 'pauvre', 'vieux', 'tout', 'decourage', 's', 'endort', 'aussitot', 'l', 'horloge', 's', 'ouvre', 'et', 'deux', 'petits', 'lutins', 'sautent', 'sur', 'le', 'plancher', 'l', 'un', 's', 'appelle', 'tic', 'l', 'autre', 's', 'appelle', 'tac', 'rangeons', 'les', 'etageres', 'reparons', 'les', 'souliers', 'recousons', 'le', 'linge', 'dit', 'tic', 'preparons', 'un', 'gateau', 'mettons', 'du', 'gui', 'au', 'plafond', 'changeons', 'ces', 'vieux', 'rideaux', 'ajoute', 'tac', 'minuit', 'sonne', 'les', 'deux', 'vaillants', 'petits', 'lutins', 'rentrent', 'dans', 'la', 'dans', 'la', 'pendule', 'lendemain', 'le', 'pauvre', 'cordonnier', 's', 'eveille', 'o', 'joie', 'wi', 'a', 'prepare', 'ce', 'beau', 'gateau', 'qui', 'donc', 'range', 'la', 'maison', 'tic', 'tac', 'tic', 'tac', 'dit', 'la', 'vieille', 'horloge']
2026-01-27 12:18:57,236 | INFO | File: CCM-003130-01_L01.wav | WER=46.857143 | S=57 D=21 I=4
2026-01-27 12:18:57,236 | INFO | ------------------------------
2026-01-27 12:18:57,236 | WARNING | The file /vol/corpora/TAPAS_FRAIS/Data_partagees_ParisTypaloc-TapasFrais/8-PARK/CCM-003130-01_L01_pr_analyse.wav does not exist
2026-01-27 12:18:57,237 | INFO |  File duration: 69.47410430839003 seconds
2026-01-27 12:18:59,082 | INFO | Using rVAD model
2026-01-27 12:19:02,370 | INFO | Number of chunks: 5
2026-01-27 12:19:02,801 | INFO | Chunk: 0 | WER=23.255814 | S=10 D=10 I=0
2026-01-27 12:19:02,802 | INFO | Chunk: 1 | WER=12.500000 | S=0 D=1 I=0
2026-01-27 12:19:02,804 | INFO | Chunk: 2 | WER=55.405405 | S=28 D=13 I=0
2026-01-27 12:19:02,805 | INFO | Chunk: 3 | WER=60.000000 | S=4 D=4 I=1
2026-01-27 12:19:02,805 | INFO | Chunk: 4 | WER=55.555556 | S=4 D=1 I=0
2026-01-27 12:19:02,805 | INFO | ------------------------------
2026-01-27 12:19:02,805 | INFO | ------------------------------
2026-01-27 12:19:02,805 | INFO | ['dans', 'un', 'petit', 'village', 'de', 'la', 'montagne', 'il', 'y', 'a', 'un', 'pauvre', 'cordonnier', 'tout', 'vieux', 'et', 'toutcasse', 'les', 'villageois', 'lui', 'apporte', 'des', 'chaussures', 'a', 'reparer', 'mais', 'il', 'ne', 'travaille', 'pas', 'vite', 'tous', 'les', 'soirs', 'il', 'manche', 'tout', 'seul', 'bien', 'tristement', 'ce', 'soir', 'il', 'y', 'a', 'devant', 'lui', 'un', 'gros', 'tas', 'dessus', 'lide', 'guet', 'a', 'recoudre', 'jamais', 'je', 'ne', 'pourrai', 'les', 'reparer', 'je', 'suis', 'trop', 'age', 'et', 'trop', 'malade', 'pres', 'de', 'lui', 'la', 'grosse', 'horloge', 'fe', 'tiqetaqe', 'le', 'pauvre', 'vieux', 'tout', 'decourage', 's', 'endort', 'aussitot', 'l', 'horloge', 's', 'ouvre', 'deux', 'petites', 'etincees', 'sur', 'le', 'plancher', 'sur', 'le', 'plancher', 'l', 'un', 'sappelle', 'tige', 'l', 'autre', 's', 'appelle', 'tack', 'rangeant', 'les', 'etageres', 'eparant', 'les', 'soulier', 'recousant', 'le', 'linge', 'destique', 'preparant', 'l', 'un', 'gatometo', 'dugui', 'au', 'plafond', 'changeant', 'ses', 'vieux', 'rideaux', 'ajouttak', 'ni', 'sonne', 'les', 'deux', 'vaillants', 'petit', 'hutin', 'rentre', 'dans', 'la', 'penduledorma', 'e', 'pauvres', 'cordonniers', 's', 'eveillet', 'joaki', 'a', 'prepare', 'ce', 'boug', 'd', 'eau', 'qui', 'donc', 'arrange', 'la', 'maison', 'tik', 'tak', 'tic', 'tak', 'dit', 'la', 'vieille', 'horle']
2026-01-27 12:19:02,806 | INFO | ['dans', 'un', 'petit', 'village', 'de', 'la', 'montagne', 'il', 'y', 'a', 'un', 'pauvre', 'cordonnier', 'tout', 'vieux', 'et', 'tout', 'casse', 'viz', 'zwa', 'lui', 'apportent', 'des', 'chaussures', 'a', 'reparer', 'mais', 'il', 'ne', 'travaille', 'pas', 'vite', 'tous', 'les', 'soirs', 'il', 'mange', 'tout', 'seul', 'bien', 'tristement', 'ce', 'soir', 'il', 'y', 'a', 'devant', 'lui', 'un', 'gros', 'tas', 'de', 'souliers', 'et', 'de', 'guetres', 'a', 'recoudre', 'jamais', 'je', 'ne', 'pourrai', 'les', 'reparer', 'je', 'suis', 'trop', 'age', 'et', 'trop', 'malade', 'pres', 'de', 'lui', 'la', 'grosse', 'horloge', 'fait', 'tic', 'tac', 'respiration', 'respiration', 'le', 'pauvre', 'vieux', 'tout', 'decourage', 's', 'endort', 'aussitot', 'l', 'horloge', 's', 'ouvre', 'deux', 'petits', 'dete', 'sautent', 'sur', 'le', 'plancher', 'l', 'un', 's', 'appelle', 'tic', 'l', 'autre', 's', 'appelle', 'tac', 'rangeons', 'les', 'etageres', 'reparons', 'les', 'souliers', 'recousons', 'le', 'linge', 'dit', 'tic', 'preparons', 'un', 'gateau', 'mettons', 'du', 'gui', 'au', 'plafond', 'changeons', 'ces', 'vieux', 'rideaux', 'ajoute', 'tac', 'minuit', 'sonne', 'les', 'deux', 'vaillants', 'petits', 'lutins', 'rentrent', 'dans', 'la', 'pendule', 'le', 'ta', 'me', 'le', 'pauvre', 'cordonnier', 's', 'eveille', 'joie', 'qui', 'a', 'prepare', 'ce', 'beau', 'gateau', 'qui', 'donc', 'a', 'range', 'la', 'maison', 'tic', 'tac', 'tic', 'tac', 'dit', 'la', 'vieille', 'horloge']
2026-01-27 12:19:02,819 | INFO | File: CCM-003148-01_L01.wav | WER=35.795455 | S=45 D=15 I=3
2026-01-27 12:19:02,819 | INFO | ------------------------------
2026-01-27 12:19:02,819 | WARNING | The file /vol/corpora/TAPAS_FRAIS/Data_partagees_ParisTypaloc-TapasFrais/8-PARK/CCM-003148-01_L01_pr_analyse.wav does not exist
2026-01-27 12:19:02,819 | INFO |  File duration: 63.15827664399093 seconds
2026-01-27 12:19:04,484 | INFO | Using rVAD model
2026-01-27 12:19:07,260 | INFO | Number of chunks: 4
2026-01-27 12:19:07,668 | INFO | Chunk: 0 | WER=21.951220 | S=1 D=6 I=2
2026-01-27 12:19:07,670 | INFO | Chunk: 1 | WER=34.042553 | S=8 D=7 I=1
2026-01-27 12:19:07,674 | INFO | Chunk: 2 | WER=47.422680 | S=25 D=21 I=0
2026-01-27 12:19:07,674 | INFO | Chunk: 3 | WER=20.000000 | S=0 D=1 I=0
2026-01-27 12:19:07,674 | INFO | ------------------------------
2026-01-27 12:19:07,674 | INFO | ------------------------------
2026-01-27 12:19:07,675 | INFO | ['dans', 'un', 'petit', 'village', 'de', 'la', 'montagne', 'un', 'cordonnier', 'tout', 'vieux', 'et', 'tout', 'casse', 'les', 'villageois', 'le', 'supportent', 'des', 'chauporte', 'de', 'chaussures', 'a', 'reparer', 'mais', 'il', 'ne', 'travaille', 'pas', 'vite', 'tous', 'les', 'soirs', 'il', 'mange', 'tout', 'seul', 'bien', 'tristement', 'ce', 'soir', 'il', 'a', 'devant', 'lui', 'un', 'gros', 'tate', 'soulier', 'des', 'gatacoute', 'jamais', 'je', 'pourrai', 'les', 'reparer', 'je', 'suis', 'trop', 'ange', 'e', 'trop', 'malade', 'pres', 'de', 'lui', 'la', 'grosse', 'horloge', 'fectique', 'tac', 'tictacle', 'pauvre', 'vieux', 'tout', 'decourager', 's', 'endort', 'aussitot', 'l', 'horloge', 'souvre', 'et', 'deux', 'petits', 'luletins', 'sautent', 'sur', 'le', 'plancher', 'l', 'un', 's', 'appelle', 'ticlaude', 's', 'appelle', 'tack', 'rangeant', 'les', 'etageres', 'reparant', 'les', 'soulier', 'recousont', 'le', 'linge', 'dit', 'tip', 'preparant', 'un', 'gateau', 'mettant', 'du', 'guis', 'au', 'plafond', 'changeant', 'ses', 'vieux', 'rideaux', 'ajoutet', 'tax', 'minuison', 'les', 'deux', 'vaillants', 'petits', 'lutin', 'rendrent', 'dans', 'la', 'pendule', 'le', 'lendemain', 'le', 'pauvre', 'qui', 'cordonnier', 's', 'eveillet', 'aujoie', 'qui', 'a', 'prepare', 'ce', 'beau', 'cateau', 'qui', 'donc', 'arrange', 'la', 'maison', 'diaitac', 'dit', 'la', 'vieille', 'horloge']
2026-01-27 12:19:07,675 | INFO | ['dans', 'un', 'petit', 'village', 'de', 'la', 'montagne', 'un', 'cordonnier', 'tout', 'vieux', 'et', 'tout', 'casse', 'les', 'villageois', 'le', 'syport', 'desosyport', 'des', 'chaussures', 'a', 'reparer', 'mais', 'il', 'ne', 'travaille', 'pas', 'vite', 'tous', 'les', 'soirs', 'il', 'mange', 'tout', 'seul', 'bien', 'tristement', 'ce', 'soir', 'il', 'a', 'devant', 'lui', 'un', 'gros', 'tas', 'de', 'souliers', 'et', 'de', 'guetres', 'a', 'kudr', 'jamais', 'je', 'pourrai', 'les', 'reparer', 'je', 'suis', 'trop', 'age', 'trop', 'malade', 'pres', 'de', 'lui', 'la', 'grosse', 'horloge', 'fait', 'tic', 'tac', 'tic', 'tac', 'le', 'pauvre', 'vieux', 'tout', 'decourage', 's', 'endort', 'aussitot', 'l', 'horloge', 's', 'ouvre', 'et', 'deux', 'petits', 'lutins', 'sautent', 'sur', 'le', 'plancher', 'l', 'un', 's', 'appelle', 'tic', 'l', 'autre', 's', 'appelle', 'tac', 'rangeons', 'les', 'etageres', 'reparons', 'les', 'souliers', 'recousons', 'le', 'linge', 'dit', 'tic', 'preparons', 'un', 'gateau', 'mettons', 'du', 'gui', 'au', 'plafond', 'changeons', 'ces', 'vieux', 'rideaux', 'ajoute', 'tac', 'minuit', 'sonne', 'les', 'deux', 'vaillants', 'petits', 'lutins', 'rentrent', 'dans', 'la', 'pendule', 'le', 'lendemain', 'le', 'pauvre', 'cordonnier', 's', 'eveille', 'o', 'joie', 'qui', 'a', 'prepare', 'ce', 'beau', 'gateau', 'qui', 'donc', 'a', 'range', 'la', 'maison', 'tic', 'tac', 'tic', 'tac', 'dit', 'la', 'vieille', 'horloge']
2026-01-27 12:19:07,688 | INFO | File: CCM-003346-01_L01.wav | WER=31.578947 | S=33 D=17 I=4
2026-01-27 12:19:07,688 | INFO | ------------------------------
2026-01-27 12:19:07,688 | WARNING | The file /vol/corpora/TAPAS_FRAIS/Data_partagees_ParisTypaloc-TapasFrais/8-PARK/CCM-003346-01_L01_pr_analyse.wav does not exist
2026-01-27 12:19:07,688 | INFO |  File duration: 84.14911564625851 seconds
2026-01-27 12:19:09,899 | INFO | Using rVAD model
2026-01-27 12:19:13,934 | INFO | Number of chunks: 7
2026-01-27 12:19:14,518 | INFO | Chunk: 0 | WER=12.500000 | S=0 D=1 I=0
2026-01-27 12:19:14,518 | INFO | Chunk: 1 | WER=0.000000 | S=0 D=0 I=0
2026-01-27 12:19:14,519 | INFO | Chunk: 2 | WER=18.918919 | S=3 D=3 I=1
2026-01-27 12:19:14,520 | INFO | Chunk: 3 | WER=36.111111 | S=3 D=10 I=0
2026-01-27 12:19:14,521 | INFO | Chunk: 4 | WER=17.391304 | S=3 D=0 I=1
2026-01-27 12:19:14,522 | INFO | Chunk: 5 | WER=35.714286 | S=7 D=3 I=0
2026-01-27 12:19:14,523 | INFO | Chunk: 6 | WER=29.268293 | S=10 D=2 I=0
2026-01-27 12:19:14,523 | INFO | ------------------------------
2026-01-27 12:19:14,523 | INFO | ------------------------------
2026-01-27 12:19:14,523 | INFO | ['dans', 'un', 'petit', 'village', 'de', 'la', 'montagne', 'il', 'y', 'a', 'un', 'pauvre', 'cordonnier', 'tout', 'vieux', 'et', 'tout', 'casse', 'les', 'villageois', 'lui', 'apportent', 'des', 'chaussures', 'a', 'reparer', 'mais', 'il', 'ne', 'travaille', 'pas', 'vitre', 'tous', 'les', 'soir', 'il', 'mange', 'tout', 'seul', 'bien', 'tristement', 'ce', 'soir', 'il', 'y', 'a', 'devant', 'lui', 'un', 'gros', 'tas', 'de', 'souliers', 'et', 'de', 'guettes', 'a', 'recommoder', 'recoudre', 'jamais', 'je', 'ne', 'pourrai', 'les', 'reparer', 'je', 'suis', 'trop', 'age', 'et', 'trop', 'maladepres', 'de', 'lui', 'la', 'grosse', 'horloge', 'fait', 'tictatiqetocle', 'pauvre', 'vieux', 'tout', 'decourage', 's', 'endeuvrent', 'aussitot', 'l', 'horloge', 's', 'ouvre', 'et', 'deux', 'petits', 'lutins', 's', 'autent', 'sur', 'le', 'plancher', 'l', 'un', 's', 'appelle', 'tick', 'l', 'autre', 's', 'appelle', 'tuck', 'rongeons', 'les', 'etageres', 'reparez', 'les', 'soulier', 'recousons', 'le', 'linge', 'dit', 'tic', 'prepar', 'preparons', 'un', 'gateau', 'mettnt', 'du', 'guid', 'au', 'plafond', 'changeons', 'ces', 'vieux', 'rideaux', 'ajoutetac', 'minuit', 'sonnent', 'les', 'deux', 'voillants', 'petit', 'lutin', 'rentrent', 'dans', 'la', 'pendule', 'le', 'lendemain', 'le', 'pauvre', 'cordonnier', 's', 'eveillent', 'ou', 'jouie', 'qui', 'a', 'prepare', 'ce', 'beau', 'gateau', 'qui', 'donc', 'arrange', 'la', 'maison', 'tiq', 'tac', 'tique', 'tac', 'dit', 'la', 'vieille', 'horloge']
2026-01-27 12:19:14,524 | INFO | ['dans', 'un', 'petit', 'village', 'de', 'la', 'montagne', 'il', 'y', 'a', 'un', 'pauvre', 'cordonnier', 'tout', 'vieux', 'et', 'tout', 'casse', 'les', 'villageois', 'lui', 'apportent', 'des', 'chaussures', 'a', 'reparer', 'mais', 'il', 'ne', 'travaille', 'pas', 'vite', 'tous', 'les', 'soirs', 'il', 'mange', 'tout', 'seul', 'bien', 'tristement', 'ce', 'soir', 'il', 'y', 'a', 'devant', 'lui', 'un', 'gros', 'tas', 'de', 'souliers', 'et', 'de', 'guetres', 'a', 'recoudre', 'jamais', 'je', 'ne', 'pourrai', 'les', 'reparer', 'je', 'suis', 'trop', 'age', 'et', 'trop', 'malade', 'pres', 'de', 'lui', 'la', 'grosse', 'horloge', 'fait', 'tic', 'tac', 'tic', 'tac', 'le', 'pauvre', 'vieux', 'tout', 'decourage', 's', 'endort', 'aussitot', 'l', 'horloge', 's', 'ouvre', 'et', 'deux', 'petits', 'lutins', 'sautent', 'sur', 'le', 'plancher', 'l', 'un', 's', 'appelle', 'tic', 'l', 'autre', 's', 'appelle', 'tac', 'rangeons', 'les', 'etageres', 'reparons', 'les', 'souliers', 'recousons', 'le', 'linge', 'dit', 'tic', 'preparons', 'un', 'gateau', 'mettons', 'du', 'gui', 'au', 'plafond', 'changeons', 'ces', 'vieux', 'rideaux', 'ajoute', 'tac', 'minuit', 'sonne', 'les', 'deux', 'vaillants', 'petits', 'lutins', 'rentrent', 'dans', 'la', 'pendule', 'le', 'lendemain', 'le', 'pauvre', 'cordonnier', 's', 'eveille', 'o', 'joie', 'qui', 'a', 'prepare', 'ce', 'beau', 'gateau', 'qui', 'donc', 'a', 'range', 'la', 'maison', 'tic', 'tac', 'tic', 'tac', 'dit', 'la', 'vieille', 'horloge']
2026-01-27 12:19:14,539 | INFO | File: CCM-003557-01_L01.wav | WER=19.774011 | S=25 D=7 I=3
2026-01-27 12:19:14,539 | INFO | ------------------------------
2026-01-27 12:19:14,539 | WARNING | The file /vol/corpora/TAPAS_FRAIS/Data_partagees_ParisTypaloc-TapasFrais/8-PARK/CCM-003557-01_L01_pr_analyse.wav does not exist
2026-01-27 12:19:14,540 | INFO |  File duration: 124.83047619047619 seconds
2026-01-27 12:19:17,915 | INFO | Using rVAD model
2026-01-27 12:19:23,978 | INFO | Number of chunks: 27
2026-01-27 12:19:25,471 | INFO | Chunk: 0 | WER=35.294118 | S=4 D=1 I=1
2026-01-27 12:19:25,471 | INFO | Chunk: 1 | WER=50.000000 | S=1 D=0 I=0
2026-01-27 12:19:25,472 | INFO | Chunk: 2 | WER=38.461538 | S=5 D=0 I=0
2026-01-27 12:19:25,472 | INFO | Chunk: 3 | WER=22.222222 | S=2 D=0 I=0
2026-01-27 12:19:25,472 | INFO | Chunk: 4 | WER=66.666667 | S=1 D=1 I=0
2026-01-27 12:19:25,472 | INFO | Chunk: 5 | WER=41.666667 | S=3 D=2 I=0
2026-01-27 12:19:25,473 | INFO | Chunk: 6 | WER=66.666667 | S=1 D=1 I=0
2026-01-27 12:19:25,473 | INFO | Chunk: 7 | WER=100.000000 | S=1 D=2 I=0
2026-01-27 12:19:25,473 | INFO | Chunk: 8 | WER=57.692308 | S=6 D=9 I=0
2026-01-27 12:19:25,474 | INFO | Chunk: 9 | WER=57.142857 | S=3 D=0 I=1
2026-01-27 12:19:25,474 | INFO | Chunk: 10 | WER=20.000000 | S=1 D=0 I=0
2026-01-27 12:19:25,474 | INFO | Chunk: 11 | WER=37.500000 | S=3 D=0 I=0
2026-01-27 12:19:25,474 | INFO | Chunk: 12 | WER=30.000000 | S=2 D=1 I=0
2026-01-27 12:19:25,474 | INFO | Chunk: 13 | WER=100.000000 | S=1 D=2 I=0
2026-01-27 12:19:25,475 | INFO | Chunk: 14 | WER=100.000000 | S=2 D=1 I=0
2026-01-27 12:19:25,475 | INFO | Chunk: 15 | WER=200.000000 | S=1 D=0 I=1
2026-01-27 12:19:25,475 | INFO | Chunk: 16 | WER=50.000000 | S=2 D=0 I=0
2026-01-27 12:19:25,475 | INFO | Chunk: 17 | WER=200.000000 | S=1 D=0 I=1
2026-01-27 12:19:25,475 | INFO | Chunk: 18 | WER=75.000000 | S=3 D=0 I=0
2026-01-27 12:19:25,476 | INFO | Chunk: 19 | WER=120.000000 | S=5 D=0 I=1
2026-01-27 12:19:25,476 | INFO | Chunk: 20 | WER=66.666667 | S=6 D=2 I=0
2026-01-27 12:19:25,476 | INFO | Chunk: 21 | WER=100.000000 | S=1 D=0 I=0
2026-01-27 12:19:25,476 | INFO | Chunk: 22 | WER=62.500000 | S=3 D=1 I=1
2026-01-27 12:19:25,476 | INFO | Chunk: 23 | WER=0.000000 | S=0 D=0 I=0
2026-01-27 12:19:25,477 | INFO | Chunk: 24 | WER=76.923077 | S=9 D=1 I=0
2026-01-27 12:19:25,477 | INFO | Chunk: 25 | WER=57.142857 | S=4 D=0 I=0
2026-01-27 12:19:25,477 | INFO | Chunk: 26 | WER=26.666667 | S=2 D=2 I=0
2026-01-27 12:19:25,477 | INFO | ------------------------------
2026-01-27 12:19:25,477 | INFO | ------------------------------
2026-01-27 12:19:25,478 | INFO | ['dans', 'le', 'petit', 'village', 'de', 'montagne', 'de', 'la', 'montagne', 'il', 'y', 'a', 'un', 'pauvre', 'cordonnier', 'qui', 'veut', 'tout', 'corseit', 'les', 'villageoirs', 'lui', 'apportent', 'les', 'chaussures', 'a', 'reparer', 'mais', 'il', 'tavaille', 'trop', 'vite', 'tous', 'les', 'soirs', 'il', 'mange', 'tout', 'seul', 'et', 'attistament', 'ce', 'soiri', 'il', 'a', 'devant', 'lui', 'un', 'go', 'tor', 'de', 'souliers', 'e', 'de', 'fait', 'avecoude', 'jamais', 'je', 'ne', 'pourrai', 'reparer', 'je', 'suis', 'co', 'oger', 'etun', 'malade', 'pres', 'de', 'lui', 'lagosse', 'horlogeva', 'dictactitac', 'le', 'pauvre', 'vieux', 'tout', 'de', 'couleure', 'sans', 'doigt', 'aussitot', 'l', 'artlage', 's', 'ouvre', 'les', 'deux', 'petits', 'lutin', 'sourtnt', 'sur', 'le', 'plancher', 'l', 'un', 's', 'appelle', 'stick', 'l', 'autre', 'appelle', 'tak', 'mangeons', 'les', 'etrangers', 'rul', 'darien', 're', 'graneront', 'les', 'souliers', 'arede', 'couvion', 'le', 'linve', 'du', 'tik', 'vas', 'parents', 'encore', 'tomete', 'mai', 'tous', 'tu', 'dis', 'au', 'plafond', 'mangeons', 'ses', 'vieux', 'rizauds', 'ajoute', 'tuc', 'minute', 'nous', 'sommes', 'les', 'deux', 'vaillants', 'petits', 'lutin', 'ent', 'dans', 'la', 'pendule', 'le', 'lendemain', 'la', 'pauvre', 'rone', 'ne', 'peuveabsdonner', 'se', 'veille', 'on', 'choix', 'aussi', 'qui', 'a', 'repare', 'se', 'beaucoup', 'se', 'bogoto', 'qui', 'donc', 'a', 'range', 'la', 'maison', 'dictac', 'tictak', 'dit', 'il', 'la', 'vieille', 'horloge']
2026-01-27 12:19:25,478 | INFO | ['dans', 'un', 'petit', 'village', 'de', 'la', 'montagne', 'il', 'y', 'a', 'un', 'pauvre', 'cordonnier', 'tout', 'casse', 'des', 'villageois', 'lui', 'apportent', 'des', 'chaussures', 'a', 'reparer', 'mais', 'il', 'travaille', 'pas', 'vite', 'tous', 'les', 'soirs', 'il', 'mange', 'tout', 'seul', 'bien', 'tristement', 'ce', 'soir', 'il', 'a', 'devant', 'lui', 'un', 'gros', 'tas', 'de', 'souliers', 'et', 'et', 'de', 'kret', 'a', 'recoudre', 'jamais', 'je', 'ne', 'pourrai', 'les', 'reparer', 'je', 'suis', 'trop', 'age', 'et', 'trop', 'malade', 'pres', 'de', 'lui', 'la', 'grosse', 'horloge', 'fait', 'tic', 'tac', 'tic', 'tac', 'le', 'pauvre', 'vieux', 'tout', 'decourage', 's', 'endort', 'aussitot', 'l', 'horloge', 's', 'ouvre', 'et', 'deux', 'petits', 'lutins', 'sautent', 'sur', 'le', 'plancher', 'l', 'un', 's', 'appelle', 'tic', 'l', 'autre', 's', 'appelle', 'tac', 'les', 'souliers', 'recousons', 'le', 'linge', 'dit', 'tic', 'preparons', 'un', 'gateau', 'mettons', 'du', 'gui', 'au', 'plafond', 'ma', 'zo', 'ces', 'vieux', 'rideaux', 'ajoute', 'tac', 'les', 'deux', 'vaillants', 'petits', 'lutins', 'rentrent', 'dans', 'la', 'pendule', 'le', 'lendemain', 'le', 'pauvre', 'cordonnier', 's', 'eveille', 'o', 'joie', 'qui', 'a', 'repare', 'ce', 'beau', 'gateau', 'qui', 'donc', 'a', 'range', 'la', 'maison', 'tic', 'tac', 'tic', 'tac', 'dit', 'la', 'vieille', 'horloge']
2026-01-27 12:19:25,492 | INFO | File: CCM-003733-01_L01.wav | WER=55.357143 | S=57 D=13 I=23
2026-01-27 12:19:25,492 | INFO | ------------------------------
2026-01-27 12:19:25,492 | WARNING | The file /vol/corpora/TAPAS_FRAIS/Data_partagees_ParisTypaloc-TapasFrais/8-PARK/CCM-003733-01_L01_pr_analyse.wav does not exist
2026-01-27 12:19:25,492 | INFO |  File duration: 73.3750566893424 seconds
2026-01-27 12:19:27,346 | INFO | Using rVAD model
2026-01-27 12:19:30,850 | INFO | Number of chunks: 11
2026-01-27 12:19:31,442 | INFO | Chunk: 0 | WER=9.375000 | S=3 D=0 I=0
2026-01-27 12:19:31,442 | INFO | Chunk: 1 | WER=11.111111 | S=1 D=0 I=0
2026-01-27 12:19:31,442 | INFO | Chunk: 2 | WER=0.000000 | S=0 D=0 I=0
2026-01-27 12:19:31,443 | INFO | Chunk: 3 | WER=13.333333 | S=1 D=1 I=0
2026-01-27 12:19:31,443 | INFO | Chunk: 4 | WER=27.272727 | S=4 D=2 I=0
2026-01-27 12:19:31,443 | INFO | Chunk: 5 | WER=0.000000 | S=0 D=0 I=0
2026-01-27 12:19:31,444 | INFO | Chunk: 6 | WER=11.111111 | S=2 D=0 I=0
2026-01-27 12:19:31,444 | INFO | Chunk: 7 | WER=25.000000 | S=1 D=2 I=0
2026-01-27 12:19:31,445 | INFO | Chunk: 8 | WER=12.500000 | S=1 D=1 I=0
2026-01-27 12:19:31,445 | INFO | Chunk: 9 | WER=9.090909 | S=1 D=0 I=0
2026-01-27 12:19:31,446 | INFO | Chunk: 10 | WER=27.586207 | S=5 D=3 I=0
2026-01-27 12:19:31,446 | INFO | ------------------------------
2026-01-27 12:19:31,446 | INFO | ------------------------------
2026-01-27 12:19:31,446 | INFO | ['dans', 'un', 'petit', 'village', 'de', 'la', 'montagne', 'il', 'y', 'a', 'un', 'pauvre', 'cordonnier', 'tout', 'vieux', 'et', 'tout', 'corce', 'les', 'villageois', 'lui', 'apporte', 'des', 'chaussures', 'a', 'reparer', 'mais', 'il', 'ne', 'travillet', 'pas', 'vite', 'tous', 'les', 'soirs', 'il', 'manche', 'tout', 'seul', 'bien', 'tristement', 'ce', 'soir', 'il', 'y', 'a', 'devant', 'lui', 'un', 'gros', 'tas', 'de', 'souliers', 'et', 'deguete', 'a', 'recoudre', 'jamais', 'je', 'ne', 'pourrai', 'les', 'reparer', 'je', 'suis', 'trop', 'age', 'et', 'trop', 'malade', 'pres', 'de', 'l', 'huile', 'la', 'grosse', 'horloge', 'fait', 'dictace', 'dictace', 'le', 'pauvre', 'vieux', 'tout', 'decourage', 's', 'endort', 'aussitot', 'l', 'horloge', 's', 'ouvre', 'et', 'deux', 'petits', 'lutins', 'sautent', 'sur', 'le', 'plancher', 'l', 'un', 's', 'appelle', 'tick', 'l', 'autre', 's', 'appelle', 'tack', 'rangeons', 'les', 'etageres', 'reparons', 'les', 'souliers', 'recousons', 'le', 'linge', 'dictique', 'preparons', 'un', 'gateau', 'mettons', 'du', 'gui', 'au', 'plafond', 'cha', 'changeons', 'ces', 'vieux', 'rideaux', 'ajoute', 'tac', 'minuit', 'sonne', 'les', 'deux', 'vaillants', 'petits', 'lutins', 'rentent', 'dans', 'la', 'pendule', 'le', 'lendemain', 'le', 'pauvre', 'cordonnier', 's', 'eveille', 'o', 'joi', 'qui', 'a', 'prepare', 'ce', 'beau', 'goteau', 'qui', 'donc', 'arrange', 'la', 'maison', 'tictac', 'tictaqe', 'dit', 'la', 'vieille', 'horloge']
2026-01-27 12:19:31,447 | INFO | ['dans', 'un', 'petit', 'village', 'de', 'la', 'montagne', 'il', 'y', 'a', 'un', 'pauvre', 'cordonnier', 'tout', 'vieux', 'et', 'tout', 'casse', 'les', 'villageois', 'lui', 'apportent', 'des', 'chaussures', 'a', 'reparer', 'mais', 'il', 'ne', 'travaille', 'pas', 'vite', 'tous', 'les', 'soirs', 'il', 'mange', 'tout', 'seul', 'bien', 'tristement', 'ce', 'soir', 'il', 'y', 'a', 'devant', 'lui', 'un', 'gros', 'tas', 'de', 'souliers', 'et', 'de', 'guetres', 'a', 'recoudre', 'jamais', 'je', 'ne', 'pourrai', 'les', 'reparer', 'je', 'suis', 'trop', 'age', 'et', 'trop', 'malade', 'pres', 'de', 'lui', 'la', 'grosse', 'horloge', 'fait', 'tic', 'tac', 'tic', 'tac', 'le', 'pauvre', 'vieux', 'tout', 'decourage', 's', 'endort', 'aussitot', 'l', 'horloge', 's', 'ouvre', 'et', 'deux', 'petits', 'lutins', 'sautent', 'sur', 'le', 'plancher', 'l', 'un', 's', 'appelle', 'tic', 'l', 'autre', 's', 'appelle', 'tac', 'rangeons', 'les', 'etageres', 'reparons', 'les', 'souliers', 'recousons', 'le', 'linge', 'dit', 'tic', 'preparons', 'un', 'gateau', 'mettons', 'du', 'gui', 'au', 'plafond', 'changeons', 'ces', 'vieux', 'rideaux', 'ajoute', 'tac', 'minuit', 'sonne', 'les', 'deux', 'vaillants', 'petits', 'lutins', 'rentrent', 'dans', 'la', 'pendule', 'le', 'lendemain', 'le', 'pauvre', 'cordonnier', 's', 'eveille', 'o', 'joie', 'qui', 'a', 'prepare', 'ce', 'beau', 'gateau', 'qui', 'donc', 'a', 'range', 'la', 'maison', 'tic', 'tac', 'tic', 'tac', 'dit', 'la', 'vieille', 'horloge']
2026-01-27 12:19:31,464 | INFO | File: CCM-003734-01_L01.wav | WER=14.689266 | S=17 D=7 I=2
2026-01-27 12:19:31,464 | INFO | ------------------------------
2026-01-27 12:19:31,464 | WARNING | The file /vol/corpora/TAPAS_FRAIS/Data_partagees_ParisTypaloc-TapasFrais/8-PARK/CCM-003734-01_L01_pr_analyse.wav does not exist
2026-01-27 12:19:31,465 | INFO |  File duration: 68.89360544217688 seconds
2026-01-27 12:19:33,383 | INFO | Using rVAD model
2026-01-27 12:19:36,867 | INFO | Number of chunks: 8
2026-01-27 12:19:37,343 | INFO | Chunk: 0 | WER=37.500000 | S=6 D=4 I=2
2026-01-27 12:19:37,343 | INFO | Chunk: 1 | WER=50.000000 | S=4 D=1 I=0
2026-01-27 12:19:37,343 | INFO | Chunk: 2 | WER=100.000000 | S=1 D=8 I=0
2026-01-27 12:19:37,345 | INFO | Chunk: 3 | WER=26.829268 | S=5 D=6 I=0
2026-01-27 12:19:37,345 | INFO | Chunk: 4 | WER=42.857143 | S=3 D=0 I=0
2026-01-27 12:19:37,346 | INFO | Chunk: 5 | WER=45.714286 | S=9 D=5 I=2
2026-01-27 12:19:37,346 | INFO | Chunk: 6 | WER=82.352941 | S=9 D=5 I=0
2026-01-27 12:19:37,347 | INFO | Chunk: 7 | WER=47.619048 | S=14 D=6 I=0
2026-01-27 12:19:37,347 | INFO | ------------------------------
2026-01-27 12:19:37,347 | INFO | ------------------------------
2026-01-27 12:19:37,348 | INFO | ['grandmer', 'raconte', 'dans', 'un', 'petit', 'village', 'de', 'la', 'montagne', 'et', 'apobre', 'codonier', 'tout', 'vieux', 'et', 'tut', 'casse', 'les', 'villageois', 'lui', 'apporte', 'des', 'chaussures', 'repares', 'mais', 'il', 'ne', 'travaille', 'pas', 'vite', 'tous', 'les', 'soirs', 'il', 'manche', 'tousca', 'le', 'bient', 'tristement', 'donne', 'ce', 'soir', 'il', 'a', 'devant', 'lui', 'un', 'grotte', 'absouli', 'et', 'des', 'guetres', 'a', 'recoudre', 'jamais', 'je', 'ne', 'pourrai', 'les', 'reparer', 'je', 'suis', 'trop', 'age', 'et', 'trop', 'malade', 'pres', 'de', 'lui', 'la', 'grosse', 'horloge', 'vait', 'dictaqe', 'de', 'pauvres', 'yeux', 'tout', 'decourage', 's', 'endort', 'aussitot', 'l', 'horloge', 's', 'ouvre', 'udeu', 'petit', 'luta', 'saute', 'sur', 'le', 'plancher', 'l', 'un', 'sapeltique', 'l', 'autre', 's', 'appelle', 'tac', 'rangeant', 'les', 'etageres', 'et', 'barrant', 'les', 'souliers', 'augous', 'ou', 'le', 'linge', 'lyptique', 'preparant', 'preparant', 'u', 'gateau', 'betaudugy', 'au', 'plafond', 'changean', 'ce', 'virideau', 'rajout', 'dac', 'milt', 'minnilson', 'les', 'deux', 'vaillants', 'betit', 'lutan', 'rentre', 'dans', 'la', 'pendule', 'le', 'lenma', 'lebor', 'regorde', 'ly', 'seveille', 'o', 'joie', 'qui', 'a', 'prepare', 'ce', 'beau', 'gateau', 'qui', 'donc', 'arrange', 'la', 'maison', 'dictac', 'dicaqe', 'dit', 'la', 'vieille', 'vorle']
2026-01-27 12:19:37,348 | INFO | ['dans', 'un', 'petit', 'village', 'de', 'la', 'montagne', 'il', 'y', 'a', 'un', 'pauvre', 'cordonnier', 'tout', 'vieux', 'et', 'tout', 'casse', 'les', 'villageois', 'lui', 'apportent', 'des', 'chaussures', 'a', 'reparer', 'mais', 'il', 'ne', 'travaille', 'pas', 'vite', 'tous', 'les', 'soirs', 'il', 'mange', 'tout', 'seul', 'bien', 'tristement', 'ce', 'soir', 'il', 'y', 'a', 'devant', 'lui', 'un', 'gros', 'tas', 'de', 'souliers', 'et', 'de', 'guetres', 'a', 'recoudre', 'jamais', 'je', 'ne', 'pourrai', 'les', 'reparer', 'je', 'suis', 'trop', 'age', 'et', 'trop', 'malade', 'pres', 'de', 'lui', 'la', 'grosse', 'horloge', 'fait', 'tic', 'tac', 'tic', 'tac', 'le', 'pauvre', 'vieux', 'tout', 'decourage', 's', 'endort', 'aussitot', 'l', 'horloge', 's', 'ouvre', 'et', 'deux', 'petits', 'lutins', 'sautent', 'sur', 'le', 'plancher', 'l', 'un', 's', 'appelle', 'tic', 'l', 'autre', 's', 'appelle', 'tac', 'rangeons', 'les', 'etageres', 'reparons', 'les', 'souliers', 'recousons', 'le', 'linge', 'dit', 'tic', 'preparons', 'un', 'gateau', 'mettons', 'du', 'gui', 'au', 'plafond', 'changeons', 'ces', 'vieux', 'rideaux', 'ajoute', 'tac', 'minuit', 'sonne', 'les', 'deux', 'vaillants', 'petits', 'lutins', 'rentrent', 'dans', 'la', 'pendule', 'le', 'lendemain', 'le', 'pauvre', 'cordonnier', 's', 'eveille', 'o', 'joie', 'qui', 'a', 'prepare', 'ce', 'beau', 'gateau', 'qui', 'donc', 'a', 'range', 'la', 'maison', 'tic', 'tac', 'tic', 'tac', 'dit', 'la', 'vieille', 'horloge']
2026-01-27 12:19:37,363 | INFO | File: CCM-003848-01_L01.wav | WER=42.372881 | S=50 D=20 I=5
2026-01-27 12:19:37,363 | INFO | ------------------------------
2026-01-27 12:19:37,363 | WARNING | The file /vol/corpora/TAPAS_FRAIS/Data_partagees_ParisTypaloc-TapasFrais/8-PARK/CCM-003848-01_L01_pr_analyse.wav does not exist
2026-01-27 12:19:37,363 | INFO | ===================== GLOBAL WER ======================
2026-01-27 12:19:37,363 | INFO | The number of files is 8
2026-01-27 12:19:37,363 | INFO | WER: 34.45%
2026-01-27 12:19:37,363 | INFO | =============================================================
