2026-01-27 12:21:48,849 | INFO | Fetch hyperparams.yaml: Using file found at '/vol/experiments3/imbenamor/TAPAS-FRAIS/models/asr-wav2vec2-commonvoice-fr/hyperparams.yaml'
2026-01-27 12:21:48,850 | DEBUG | Fetch: Source and destination '/vol/experiments3/imbenamor/TAPAS-FRAIS/models/asr-wav2vec2-commonvoice-fr/custom.py' are identical, returning assuming this is intended
2026-01-27 12:21:48,885 | WARNING | This version of torchaudio is old. SpeechBrain no longer tries using the torchaudio global backend mechanism in recipes, so if you encounter issues, update torchaudio to >=2.1.0.
2026-01-27 12:21:49,406 | WARNING | speechbrain.lobes.models.huggingface_transformers.huggingface - Wav2Vec2Model is frozen.
2026-01-27 12:21:49,418 | DEBUG | Collecting files (or symlinks) for pretraining in /vol/experiments3/imbenamor/TAPAS-FRAIS/models/asr-wav2vec2-commonvoice-fr.
2026-01-27 12:21:49,418 | INFO | Fetch wav2vec2.ckpt: Using file found at '/vol/experiments3/imbenamor/TAPAS-FRAIS/models/asr-wav2vec2-commonvoice-fr/wav2vec2.ckpt'
2026-01-27 12:21:49,418 | DEBUG | Set local path in self.paths["wav2vec2"] = /vol/experiments3/imbenamor/TAPAS-FRAIS/models/asr-wav2vec2-commonvoice-fr/wav2vec2.ckpt
2026-01-27 12:21:49,418 | INFO | Fetch asr.ckpt: Using file found at '/vol/experiments3/imbenamor/TAPAS-FRAIS/models/asr-wav2vec2-commonvoice-fr/asr.ckpt'
2026-01-27 12:21:49,418 | DEBUG | Set local path in self.paths["asr"] = /vol/experiments3/imbenamor/TAPAS-FRAIS/models/asr-wav2vec2-commonvoice-fr/asr.ckpt
2026-01-27 12:21:49,418 | INFO | Fetch tokenizer.ckpt: Using file found at '/vol/experiments3/imbenamor/TAPAS-FRAIS/models/asr-wav2vec2-commonvoice-fr/tokenizer.ckpt'
2026-01-27 12:21:49,418 | DEBUG | Set local path in self.paths["tokenizer"] = /vol/experiments3/imbenamor/TAPAS-FRAIS/models/asr-wav2vec2-commonvoice-fr/tokenizer.ckpt
2026-01-27 12:21:49,418 | INFO | Loading pretrained files for: wav2vec2, asr, tokenizer
2026-01-27 12:21:49,418 | DEBUG | Redirecting (loading from local path): wav2vec2 -> /vol/experiments3/imbenamor/TAPAS-FRAIS/models/asr-wav2vec2-commonvoice-fr/wav2vec2.ckpt
2026-01-27 12:21:49,418 | DEBUG | Redirecting (loading from local path): asr -> /vol/experiments3/imbenamor/TAPAS-FRAIS/models/asr-wav2vec2-commonvoice-fr/asr.ckpt
2026-01-27 12:21:49,418 | DEBUG | Redirecting (loading from local path): tokenizer -> /vol/experiments3/imbenamor/TAPAS-FRAIS/models/asr-wav2vec2-commonvoice-fr/tokenizer.ckpt
2026-01-27 12:21:52,045 | INFO |  File duration: 68.39650793650793 seconds
2026-01-27 12:21:54,464 | INFO | Using rVAD model
2026-01-27 12:21:57,702 | INFO | Number of chunks: 9
2026-01-27 12:21:59,417 | INFO | Created a temporary directory at /tmp/tmpillkdd42
2026-01-27 12:21:59,418 | INFO | Writing /tmp/tmpillkdd42/_remote_module_non_scriptable.py
2026-01-27 12:21:59,799 | DEBUG | Registered checkpoint save hook for save
2026-01-27 12:21:59,799 | DEBUG | Registered checkpoint load hook for load_if_possible
2026-01-27 12:22:00,085 | INFO | Chunk: 0 | WER=0.000000 | S=0 D=0 I=0
2026-01-27 12:22:00,086 | INFO | Chunk: 1 | WER=11.111111 | S=1 D=0 I=0
2026-01-27 12:22:00,086 | INFO | Chunk: 2 | WER=5.882353 | S=1 D=0 I=0
2026-01-27 12:22:00,087 | INFO | Chunk: 3 | WER=13.043478 | S=1 D=2 I=0
2026-01-27 12:22:00,087 | INFO | Chunk: 4 | WER=0.000000 | S=0 D=0 I=0
2026-01-27 12:22:00,088 | INFO | Chunk: 5 | WER=8.823529 | S=3 D=0 I=0
2026-01-27 12:22:00,088 | INFO | Chunk: 6 | WER=16.000000 | S=2 D=2 I=0
2026-01-27 12:22:00,089 | INFO | Chunk: 7 | WER=0.000000 | S=0 D=0 I=0
2026-01-27 12:22:00,089 | INFO | Chunk: 8 | WER=21.428571 | S=3 D=0 I=0
2026-01-27 12:22:00,089 | INFO | ------------------------------
2026-01-27 12:22:00,089 | INFO | ------------------------------
2026-01-27 12:22:00,090 | INFO | ['dans', 'un', 'petit', 'village', 'de', 'la', 'montagne', 'il', 'y', 'a', 'un', 'pauvre', 'cordonnier', 'tout', 'vieux', 'et', 'tout', 'casse', 'les', 'villageois', 'lui', 'apportent', 'des', 'chaussures', 'a', 'reparer', 'mais', 'il', 'ne', 'travaille', 'pas', 'vite', 'tous', 'les', 'soirs', 'il', 'manche', 'tout', 'seul', 'bien', 'tristement', 'ce', 'soir', 'il', 'y', 'a', 'devant', 'lui', 'un', 'gros', 'tas', 'de', 'souliers', 'et', 'de', 'guettres', 'a', 'recoudre', 'jamais', 'je', 'ne', 'pourrai', 'les', 'reparer', 'je', 'suis', 'trop', 'age', 'et', 'trop', 'malade', 'pres', 'de', 'lui', 'la', 'grosse', 'horloge', 'fait', 'tictac', 'le', 'pauvre', 'vieux', 'tout', 'decourage', 's', 'endort', 'aussitot', 'l', 'horloge', 's', 'ouvre', 'et', 'deux', 'petits', 'lutins', 'sautent', 'sur', 'le', 'plancher', 'l', 'un', 's', 'appelle', 'tick', 'l', 'autre', 's', 'appelle', 'tack', 'rangeons', 'les', 'etageres', 'reparons', 'les', 'souliers', 'recousons', 'le', 'linge', 'dit', 'il', 'preparons', 'un', 'gateau', 'mettons', 'dugui', 'au', 'plafond', 'changeons', 'ces', 'vieux', 'rideaux', 'ajoutetak', 'minuit', 'sonne', 'les', 'deux', 'vaillants', 'petits', 'lutins', 'rentrent', 'dans', 'la', 'pendule', 'le', 'lendemain', 'le', 'pauvre', 'cordonnier', 's', 'eveille', 'o', 'joie', 'qui', 'a', 'prepare', 'ce', 'beau', 'gateau', 'qui', 'donc', 'a', 'range', 'la', 'maison', 'tik', 'tak', 'tik', 'tac', 'dit', 'la', 'vieille', 'horloge']
2026-01-27 12:22:00,090 | INFO | ['dans', 'un', 'petit', 'village', 'de', 'la', 'montagne', 'il', 'y', 'a', 'un', 'pauvre', 'cordonnier', 'tout', 'vieux', 'et', 'tout', 'casse', 'les', 'villageois', 'lui', 'apportent', 'des', 'chaussures', 'a', 'reparer', 'mais', 'il', 'ne', 'travaille', 'pas', 'vite', 'tous', 'les', 'soirs', 'il', 'mange', 'tout', 'seul', 'bien', 'tristement', 'ce', 'soir', 'il', 'y', 'a', 'devant', 'lui', 'un', 'gros', 'tas', 'de', 'souliers', 'et', 'de', 'guetres', 'a', 'recoudre', 'jamais', 'je', 'ne', 'pourrai', 'les', 'reparer', 'je', 'suis', 'trop', 'age', 'et', 'trop', 'malade', 'pres', 'de', 'lui', 'la', 'grosse', 'horloge', 'fait', 'tic', 'tac', 'tic', 'le', 'pauvre', 'vieux', 'tout', 'decourage', 's', 'endort', 'aussitot', 'l', 'horloge', 's', 'ouvre', 'et', 'deux', 'petits', 'lutins', 'sautent', 'sur', 'le', 'plancher', 'l', 'un', 's', 'appelle', 'tic', 'l', 'autre', 's', 'appelle', 'tac', 'rangeons', 'les', 'etageres', 'reparons', 'les', 'souliers', 'recousons', 'le', 'linge', 'dit', 'tic', 'preparons', 'un', 'gateau', 'mettons', 'du', 'gui', 'au', 'plafond', 'changeons', 'ces', 'vieux', 'rideaux', 'ajoute', 'tac', 'minuit', 'sonne', 'les', 'deux', 'vaillants', 'petits', 'lutins', 'rentrent', 'dans', 'la', 'pendule', 'le', 'lendemain', 'le', 'pauvre', 'cordonnier', 's', 'eveille', 'o', 'joie', 'qui', 'a', 'prepare', 'ce', 'beau', 'gateau', 'qui', 'donc', 'a', 'range', 'la', 'maison', 'tic', 'tac', 'tic', 'tac', 'dit', 'la', 'vieille', 'horloge']
2026-01-27 12:22:00,106 | INFO | File: AEX-CAB000-02_L01.wav | WER=8.522727 | S=11 D=4 I=0
2026-01-27 12:22:00,106 | INFO | ------------------------------
2026-01-27 12:22:00,106 | WARNING | The file /vol/corpora/TAPAS_FRAIS/Data_partagees_ParisTypaloc-TapasFrais/12-CTRL/AEX-CAB000-02_L01_pr_analyse.wav does not exist
2026-01-27 12:22:00,107 | INFO |  File duration: 71.22968253968254 seconds
2026-01-27 12:22:01,972 | INFO | Using rVAD model
2026-01-27 12:22:05,417 | INFO | Number of chunks: 15
2026-01-27 12:22:06,208 | INFO | Chunk: 0 | WER=0.000000 | S=0 D=0 I=0
2026-01-27 12:22:06,209 | INFO | Chunk: 1 | WER=83.333333 | S=4 D=0 I=6
2026-01-27 12:22:06,209 | INFO | Chunk: 2 | WER=0.000000 | S=0 D=0 I=0
2026-01-27 12:22:06,209 | INFO | Chunk: 3 | WER=22.222222 | S=2 D=0 I=0
2026-01-27 12:22:06,210 | INFO | Chunk: 4 | WER=11.764706 | S=2 D=0 I=0
2026-01-27 12:22:06,210 | INFO | Chunk: 5 | WER=0.000000 | S=0 D=0 I=0
2026-01-27 12:22:06,210 | INFO | Chunk: 6 | WER=22.222222 | S=2 D=2 I=0
2026-01-27 12:22:06,211 | INFO | Chunk: 7 | WER=0.000000 | S=0 D=0 I=0
2026-01-27 12:22:06,211 | INFO | Chunk: 8 | WER=20.000000 | S=2 D=0 I=0
2026-01-27 12:22:06,211 | INFO | Chunk: 9 | WER=36.363636 | S=3 D=1 I=0
2026-01-27 12:22:06,212 | INFO | Chunk: 10 | WER=35.000000 | S=2 D=5 I=0
2026-01-27 12:22:06,212 | INFO | Chunk: 11 | WER=0.000000 | S=0 D=0 I=0
2026-01-27 12:22:06,212 | INFO | Chunk: 12 | WER=0.000000 | S=0 D=0 I=0
2026-01-27 12:22:06,213 | INFO | Chunk: 13 | WER=0.000000 | S=0 D=0 I=0
2026-01-27 12:22:06,213 | INFO | Chunk: 14 | WER=25.000000 | S=2 D=0 I=0
2026-01-27 12:22:06,213 | INFO | ------------------------------
2026-01-27 12:22:06,213 | INFO | ------------------------------
2026-01-27 12:22:06,214 | INFO | ['dans', 'un', 'petit', 'village', 'de', 'la', 'montagne', 'il', 'y', 'a', 'un', 'pauvre', 'cordonnier', 'tout', 'vieux', 'et', 'tout', 'casse', 'les', 'villageois', 'lui', 'apportent', 'des', 'chaussures', 'a', 'reparer', 'mais', 'il', 'ne', 'travaille', 'pa', 'mais', 'il', 'ne', 'travaille', 'pas', 'mais', 'il', 'ne', 'travaille', 'pas', 'vite', 'tous', 'les', 'soirs', 'ils', 'mangent', 'tout', 'seul', 'bien', 'tristement', 'ce', 'soir', 'il', 'y', 'a', 'devant', 'lui', 'un', 'gros', 'tas', 'de', 'souliers', 'et', 'de', 'guetes', 'a', 'roque', 'jamais', 'je', 'ne', 'pourrai', 'les', 'reparer', 'je', 'suis', 'trop', 'age', 'et', 'trop', 'malade', 'pres', 'de', 'lui', 'la', 'grosse', 'horloge', 'fait', 'tictac', 'tiquetac', 'le', 'pauvre', 'vieux', 'tout', 'decourage', 's', 'endort', 'aussitot', 'l', 'horloge', 's', 'ouvre', 'et', 'deux', 'petits', 'lutins', 'sautent', 'sur', 'le', 'plancher', 'l', 'un', 's', 'appelle', 'tik', 'l', 'autre', 's', 'appelle', 'ta', 'rangeons', 'les', 'etageres', 'reparant', 'les', 'souliers', 'recousont', 'le', 'linge', 'di', 'preparons', 'un', 'gateau', 'mettons', 'du', 'guid', 'au', 'plafond', 'changeons', 'changeons', 'ces', 'vieux', 'rideaux', 'ajoute', 'tac', 'minuit', 'sonne', 'les', 'deux', 'vaillants', 'petits', 'lutins', 'rentrent', 'dans', 'la', 'pendule', 'le', 'lendemain', 'le', 'pauvre', 'cordonnier', 's', 'eveille', 'o', 'joie', 'qui', 'a', 'prepare', 'ce', 'beau', 'gateau', 'qui', 'a', 'donc', 'range', 'la', 'maison', 'chic', 'tac', 'ti', 'tac', 'dit', 'la', 'vieille', 'horloge']
2026-01-27 12:22:06,214 | INFO | ['dans', 'un', 'petit', 'village', 'de', 'la', 'montagne', 'il', 'y', 'a', 'un', 'pauvre', 'cordonnier', 'tout', 'vieux', 'et', 'tout', 'casse', 'les', 'villageois', 'lui', 'apportent', 'des', 'chaussures', 'a', 'reparer', 'mais', 'il', 'ne', 'travaille', 'pas', 'vite', 'tous', 'les', 'soirs', 'il', 'mange', 'tout', 'seul', 'bien', 'tristement', 'ce', 'soir', 'il', 'y', 'a', 'devant', 'lui', 'un', 'gros', 'tas', 'de', 'souliers', 'et', 'de', 'guetres', 'a', 'recoudre', 'jamais', 'je', 'ne', 'pourrai', 'les', 'reparer', 'je', 'suis', 'trop', 'age', 'et', 'trop', 'malade', 'pres', 'de', 'lui', 'la', 'grosse', 'horloge', 'fait', 'tic', 'tac', 'tic', 'tac', 'le', 'pauvre', 'vieux', 'tout', 'decourage', 's', 'endort', 'aussitot', 'l', 'horloge', 's', 'ouvre', 'et', 'deux', 'petits', 'lutins', 'sautent', 'sur', 'le', 'plancher', 'l', 'un', 's', 'appelle', 'tic', 'l', 'autre', 's', 'appelle', 'tac', 'rangeons', 'les', 'etageres', 'reparons', 'les', 'souliers', 'recousons', 'le', 'linge', 'dit', 'tic', 'preparons', 'un', 'gateau', 'mettons', 'du', 'gui', 'au', 'plafond', 'changeons', 'ces', 'vieux', 'rideaux', 'ajoute', 'tac', 'minuit', 'sonne', 'les', 'deux', 'vaillants', 'petits', 'lutins', 'rentrent', 'dans', 'la', 'pendule', 'le', 'lendemain', 'le', 'pauvre', 'cordonnier', 's', 'eveille', 'o', 'joie', 'qui', 'a', 'prepare', 'ce', 'beau', 'gateau', 'qui', 'donc', 'range', 'la', 'maison', 'tic', 'tac', 'tic', 'tac', 'dit', 'la', 'vieille', 'horloge']
2026-01-27 12:22:06,229 | INFO | File: AEX-CAC000-02_L01.wav | WER=16.477273 | S=14 D=3 I=12
2026-01-27 12:22:06,230 | INFO | ------------------------------
2026-01-27 12:22:06,230 | WARNING | The file /vol/corpora/TAPAS_FRAIS/Data_partagees_ParisTypaloc-TapasFrais/12-CTRL/AEX-CAC000-02_L01_pr_analyse.wav does not exist
2026-01-27 12:22:06,230 | INFO |  File duration: 70.09696145124717 seconds
2026-01-27 12:22:08,048 | INFO | Using rVAD model
2026-01-27 12:22:11,524 | INFO | Number of chunks: 12
2026-01-27 12:22:12,071 | INFO | Chunk: 0 | WER=0.000000 | S=0 D=0 I=0
2026-01-27 12:22:12,071 | INFO | Chunk: 1 | WER=0.000000 | S=0 D=0 I=0
2026-01-27 12:22:12,072 | INFO | Chunk: 2 | WER=0.000000 | S=0 D=0 I=0
2026-01-27 12:22:12,072 | INFO | Chunk: 3 | WER=0.000000 | S=0 D=0 I=0
2026-01-27 12:22:12,072 | INFO | Chunk: 4 | WER=14.285714 | S=1 D=0 I=0
2026-01-27 12:22:12,072 | INFO | Chunk: 5 | WER=100.000000 | S=2 D=0 I=0
2026-01-27 12:22:12,073 | INFO | Chunk: 6 | WER=0.000000 | S=0 D=0 I=0
2026-01-27 12:22:12,073 | INFO | Chunk: 7 | WER=13.043478 | S=3 D=0 I=0
2026-01-27 12:22:12,074 | INFO | Chunk: 8 | WER=9.090909 | S=1 D=0 I=0
2026-01-27 12:22:12,074 | INFO | Chunk: 9 | WER=25.000000 | S=4 D=0 I=0
2026-01-27 12:22:12,074 | INFO | Chunk: 10 | WER=0.000000 | S=0 D=0 I=0
2026-01-27 12:22:12,075 | INFO | Chunk: 11 | WER=30.000000 | S=6 D=0 I=3
2026-01-27 12:22:12,075 | INFO | ------------------------------
2026-01-27 12:22:12,075 | INFO | ------------------------------
2026-01-27 12:22:12,076 | INFO | ['dans', 'un', 'petit', 'village', 'de', 'la', 'montagne', 'il', 'y', 'a', 'un', 'pauvre', 'cordonnier', 'tout', 'vieux', 'et', 'tout', 'casse', 'les', 'villageois', 'lui', 'apportent', 'des', 'chaussures', 'a', 'reparer', 'mais', 'il', 'ne', 'travaille', 'pas', 'vite', 'tous', 'les', 'soirs', 'il', 'mange', 'tout', 'seul', 'bien', 'tristement', 'ce', 'soir', 'il', 'y', 'a', 'devant', 'lui', 'un', 'gros', 'tas', 'de', 'souliers', 'et', 'de', 'guetres', 'a', 'recoudre', 'jamais', 'je', 'ne', 'pourrai', 'les', 'reparer', 'je', 'suis', 'trop', 'age', 'et', 'trop', 'malade', 'pres', 'de', 'lui', 'la', 'grosse', 'horloge', 'fit', 'tik', 'pak', 'le', 'pauvre', 'vieux', 'tout', 'decourage', 's', 'endort', 'aussitot', 'l', 'horloge', 's', 'ouvre', 'et', 'deux', 'petits', 'luetins', 'sautent', 'sur', 'le', 'plancher', 'l', 'un', 's', 'appelle', 'tick', 'l', 'autre', 's', 'appelle', 'tak', 'rangeons', 'les', 'etageres', 'reparons', 'les', 'souliers', 'recousons', 'le', 'linge', 'dit', 'il', 'preparens', 'un', 'gateau', 'mettans', 'du', 'gui', 'au', 'plafond', 'changeons', 'ces', 'vieux', 'rideaux', 'ajoute', 'tack', 'minuit', 'sonn', 'les', 'deux', 'vaillants', 'petits', 'lutins', 'rentrent', 'dans', 'la', 'pendule', 'le', 'lendemain', 'le', 'pauvre', 'cordonnier', 's', 'eveille', 'o', 'joye', 'qui', 'a', 'repare', 'ce', 'qui', 'a', 'prepare', 'ce', 'beau', 'gateau', 'qui', 'a', 'donc', 'range', 'la', 'maison', 'tik', 'tak', 'tik', 'tac', 'dit', 'la', 'vieille', 'horloge']
2026-01-27 12:22:12,076 | INFO | ['dans', 'un', 'petit', 'village', 'de', 'la', 'montagne', 'il', 'y', 'a', 'un', 'pauvre', 'cordonnier', 'tout', 'vieux', 'et', 'tout', 'casse', 'les', 'villageois', 'lui', 'apportent', 'des', 'chaussures', 'a', 'reparer', 'mais', 'il', 'ne', 'travaille', 'pas', 'vite', 'tous', 'les', 'soirs', 'il', 'mange', 'tout', 'seul', 'bien', 'tristement', 'ce', 'soir', 'il', 'y', 'a', 'devant', 'lui', 'un', 'gros', 'tas', 'de', 'souliers', 'et', 'de', 'guetres', 'a', 'recoudre', 'jamais', 'je', 'ne', 'pourrai', 'les', 'reparer', 'je', 'suis', 'trop', 'age', 'et', 'trop', 'malade', 'pres', 'de', 'lui', 'la', 'grosse', 'horloge', 'fait', 'tic', 'tac', 'le', 'pauvre', 'vieux', 'tout', 'decourage', 's', 'endort', 'aussitot', 'l', 'horloge', 's', 'ouvre', 'et', 'deux', 'petits', 'lutins', 'sautent', 'sur', 'le', 'plancher', 'l', 'un', 's', 'appelle', 'tic', 'l', 'autre', 's', 'appelle', 'tac', 'rangeons', 'les', 'etageres', 'reparons', 'les', 'souliers', 'recousons', 'le', 'linge', 'dit', 'tic', 'preparons', 'un', 'gateau', 'mettons', 'du', 'gui', 'au', 'plafond', 'changeons', 'ces', 'vieux', 'rideaux', 'ajoute', 'tac', 'minuit', 'sonne', 'les', 'deux', 'vaillants', 'petits', 'lutins', 'rentrent', 'dans', 'la', 'pendule', 'le', 'lendemain', 'le', 'pauvre', 'cordonnier', 's', 'eveille', 'u', 'joie', 'qui', 'a', 'prepare', 'ce', 'beau', 'gateau', 'qui', 'donc', 'range', 'la', 'maison', 'tic', 'tac', 'tic', 'tac', 'dit', 'la', 'vieille', 'horloge']
2026-01-27 12:22:12,091 | INFO | File: AEX-CAG000-01_L01.wav | WER=12.068966 | S=16 D=0 I=5
2026-01-27 12:22:12,091 | INFO | ------------------------------
2026-01-27 12:22:12,091 | WARNING | The file /vol/corpora/TAPAS_FRAIS/Data_partagees_ParisTypaloc-TapasFrais/12-CTRL/AEX-CAG000-01_L01_pr_analyse.wav does not exist
2026-01-27 12:22:12,092 | INFO |  File duration: 75.73018140589569 seconds
2026-01-27 12:22:14,143 | INFO | Using rVAD model
2026-01-27 12:22:17,987 | INFO | Number of chunks: 11
2026-01-27 12:22:18,637 | INFO | Chunk: 0 | WER=0.000000 | S=0 D=0 I=0
2026-01-27 12:22:18,638 | INFO | Chunk: 1 | WER=280.000000 | S=5 D=0 I=9
2026-01-27 12:22:18,638 | INFO | Chunk: 2 | WER=0.000000 | S=0 D=0 I=0
2026-01-27 12:22:18,638 | INFO | Chunk: 3 | WER=0.000000 | S=0 D=0 I=0
2026-01-27 12:22:18,639 | INFO | Chunk: 4 | WER=11.764706 | S=2 D=0 I=0
2026-01-27 12:22:18,639 | INFO | Chunk: 5 | WER=66.666667 | S=3 D=0 I=3
2026-01-27 12:22:18,640 | INFO | Chunk: 6 | WER=23.076923 | S=1 D=5 I=0
2026-01-27 12:22:18,640 | INFO | Chunk: 7 | WER=8.695652 | S=2 D=0 I=0
2026-01-27 12:22:18,641 | INFO | Chunk: 8 | WER=28.000000 | S=6 D=1 I=0
2026-01-27 12:22:18,641 | INFO | Chunk: 9 | WER=0.000000 | S=0 D=0 I=0
2026-01-27 12:22:18,642 | INFO | Chunk: 10 | WER=13.793103 | S=4 D=0 I=0
2026-01-27 12:22:18,642 | INFO | ------------------------------
2026-01-27 12:22:18,642 | INFO | ------------------------------
2026-01-27 12:22:18,643 | INFO | ['dans', 'un', 'petit', 'village', 'de', 'la', 'montagne', 'il', 'y', 'a', 'un', 'pauvre', 'cordonnier', 'tout', 'vieux', 'et', 'tout', 'casse', 'les', 'villageois', 'lui', 'apportent', 'des', 'chaussures', 'a', 'reparer', 'mais', 'i', 'ne', 'travaille', 'pas', 'vite', 'les', 'villageois', 'lui', 'apportent', 'des', 'chaussures', 'a', 'reparer', 'mais', 'il', 'ne', 'travaille', 'pas', 'vite', 'tous', 'les', 'soirs', 'il', 'mange', 'tout', 'seul', 'bien', 'tristement', 'ce', 'soir', 'il', 'y', 'a', 'devant', 'lui', 'un', 'gros', 'tas', 'de', 'souliers', 'et', 'deux', 'guettres', 'a', 'recoudre', 'jamais', 'je', 'ne', 'pourrai', 'les', 'reparer', 'je', 'suis', 'trop', 'age', 'et', 'trop', 'je', 'suis', 'trop', 'age', 'et', 'trop', 'malade', 'pres', 'de', 'lui', 'la', 'grosse', 'horloge', 'fitictactictac', 'le', 'pauvre', 'vieux', 'tout', 'decourage', 's', 'endort', 'aussitot', 'l', 'horloge', 's', 'ouvre', 'et', 'deux', 'petits', 'lutins', 'sautent', 'sur', 'le', 'plancher', 'l', 'un', 's', 'appelle', 'tick', 'l', 'autre', 's', 'appelle', 't', 'rangeons', 'les', 'etageres', 'reparons', 'les', 'souliers', 'recouzons', 'le', 'linge', 'dit', 'tick', 'preparons', 'un', 'gateau', 'mettons', 'du', 'gui', 'au', 'plafond', 'changeont', 'ses', 'vieux', 'rizeaux', 'achouttac', 'minuit', 'sonne', 'les', 'deux', 'vaillants', 'petits', 'lutins', 'rentrent', 'dans', 'la', 'pendule', 'le', 'lendemain', 'le', 'pauvre', 'cordonnier', 's', 'eveille', 'o', 'joie', 'qui', 'a', 'prepare', 'ce', 'beau', 'gateau', 'qui', 'a', 'donc', 'range', 'la', 'maison', 'tik', 'ta', 'tik', 'tak', 'dit', 'la', 'vieille', 'horloge']
2026-01-27 12:22:18,643 | INFO | ['dans', 'un', 'petit', 'village', 'de', 'la', 'montagne', 'il', 'y', 'a', 'un', 'pauvre', 'cordonnier', 'tout', 'vieux', 'et', 'tout', 'casse', 'les', 'villageois', 'lui', 'apportent', 'des', 'chaussures', 'a', 'reparer', 'mais', 'il', 'ne', 'travaille', 'pas', 'vite', 'tous', 'les', 'soirs', 'il', 'mange', 'tout', 'seul', 'bien', 'tristement', 'ce', 'soir', 'il', 'y', 'a', 'devant', 'lui', 'un', 'gros', 'tas', 'de', 'souliers', 'et', 'de', 'guetres', 'a', 'recoudre', 'jamais', 'je', 'ne', 'pourrai', 'les', 'reparer', 'je', 'suis', 'trop', 'age', 'et', 'trop', 'malade', 'pres', 'de', 'lui', 'la', 'grosse', 'horloge', 'fait', 'tic', 'tac', 'tic', 'tac', 'le', 'pauvre', 'vieux', 'tout', 'decourage', 's', 'endort', 'aussitot', 'l', 'horloge', 's', 'ouvre', 'et', 'deux', 'petits', 'lutins', 'sautent', 'sur', 'le', 'plancher', 'l', 'un', 's', 'appelle', 'tic', 'l', 'autre', 's', 'appelle', 'tac', 'rangeons', 'les', 'etageres', 'reparons', 'les', 'souliers', 'recousons', 'le', 'linge', 'dit', 'tic', 'preparons', 'un', 'gateau', 'mettons', 'du', 'gui', 'au', 'plafond', 'changeons', 'ces', 'vieux', 'rideaux', 'ajoute', 'tac', 'minuit', 'sonne', 'les', 'deux', 'vaillants', 'petits', 'lutins', 'rentrent', 'dans', 'la', 'pendule', 'le', 'lendemain', 'le', 'pauvre', 'cordonnier', 's', 'eveille', 'o', 'joie', 'qui', 'a', 'prepare', 'ce', 'beau', 'gateau', 'qui', 'donc', 'range', 'la', 'maison', 'tic', 'tac', 'tic', 'tac', 'dit', 'la', 'vieille', 'horloge']
2026-01-27 12:22:18,658 | INFO | File: AEX-CLJ000-02_L01.wav | WER=23.295455 | S=15 D=5 I=21
2026-01-27 12:22:18,659 | INFO | ------------------------------
2026-01-27 12:22:18,659 | WARNING | The file /vol/corpora/TAPAS_FRAIS/Data_partagees_ParisTypaloc-TapasFrais/12-CTRL/AEX-CLJ000-02_L01_pr_analyse.wav does not exist
2026-01-27 12:22:18,659 | INFO |  File duration: 58.55369614512472 seconds
2026-01-27 12:22:20,218 | INFO | Using rVAD model
2026-01-27 12:22:23,169 | INFO | Number of chunks: 5
2026-01-27 12:22:23,565 | INFO | Chunk: 0 | WER=3.125000 | S=1 D=0 I=0
2026-01-27 12:22:23,566 | INFO | Chunk: 1 | WER=0.000000 | S=0 D=0 I=0
2026-01-27 12:22:23,567 | INFO | Chunk: 2 | WER=10.416667 | S=2 D=3 I=0
2026-01-27 12:22:23,570 | INFO | Chunk: 3 | WER=11.864407 | S=7 D=0 I=0
2026-01-27 12:22:23,570 | INFO | Chunk: 4 | WER=20.000000 | S=4 D=2 I=0
2026-01-27 12:22:23,570 | INFO | ------------------------------
2026-01-27 12:22:23,571 | INFO | ------------------------------
2026-01-27 12:22:23,571 | INFO | ['dans', 'un', 'petit', 'village', 'de', 'la', 'montagne', 'il', 'y', 'a', 'un', 'pauvre', 'cordonnier', 'tout', 'vieux', 'et', 'tout', 'casse', 'les', 'villageois', 'lui', 'apporte', 'des', 'chaussures', 'a', 'reparer', 'mais', 'il', 'ne', 'travaille', 'pas', 'vite', 'tous', 'les', 'soirs', 'il', 'mange', 'tout', 'seul', 'bien', 'tristement', 'ce', 'soir', 'il', 'y', 'a', 'devant', 'lui', 'un', 'gros', 'tas', 'de', 'souliers', 'et', 'de', 'guetres', 'a', 'recoudre', 'jamais', 'je', 'ne', 'pourrai', 'les', 'reparer', 'je', 'suis', 'trop', 'age', 'et', 'trop', 'malade', 'pres', 'de', 'lui', 'la', 'grosse', 'horloge', 'faittictac', 'tictac', 'le', 'pauvre', 'vieux', 'tout', 'decourage', 's', 'endort', 'aussitot', 'l', 'horloge', 's', 'ouvre', 'et', 'deux', 'petits', 'lutins', 'sautent', 'sur', 'le', 'plancher', 'l', 'un', 's', 'appelle', 'tic', 'l', 'autre', 's', 'appelle', 'tack', 'rangeant', 'les', 'etageres', 'reparant', 'les', 'souliers', 'recousons', 'le', 'linge', 'dit', 'tic', 'preparant', 'un', 'gateau', 'mettons', 'du', 'guy', 'au', 'plafond', 'changeant', 'ses', 'vieux', 'rideaux', 'ajoute', 'tac', 'minuit', 'sonne', 'les', 'deux', 'vaillants', 'petits', 'lutins', 'rentrent', 'dans', 'la', 'pendule', 'le', 'lendemain', 'le', 'pauvre', 'cordonnier', 's', 'eveille', 'o', 'joye', 'qui', 'a', 'prepare', 'ce', 'beau', 'gateau', 'qui', 'a', 'donc', 'range', 'la', 'maison', 'ticta', 'tictac', 'i', 'dit', 'la', 'vieille', 'horloge']
2026-01-27 12:22:23,571 | INFO | ['dans', 'un', 'petit', 'village', 'de', 'la', 'montagne', 'il', 'y', 'a', 'un', 'pauvre', 'cordonnier', 'tout', 'vieux', 'et', 'tout', 'casse', 'les', 'villageois', 'lui', 'apportent', 'des', 'chaussures', 'a', 'reparer', 'mais', 'il', 'ne', 'travaille', 'pas', 'vite', 'tous', 'les', 'soirs', 'il', 'mange', 'tout', 'seul', 'bien', 'tristement', 'ce', 'soir', 'il', 'y', 'a', 'devant', 'lui', 'un', 'gros', 'tas', 'de', 'souliers', 'et', 'de', 'guetres', 'a', 'recoudre', 'jamais', 'je', 'ne', 'pourrai', 'les', 'reparer', 'je', 'suis', 'trop', 'age', 'et', 'trop', 'malade', 'pres', 'de', 'lui', 'la', 'grosse', 'horloge', 'fait', 'tic', 'tac', 'tic', 'tac', 'le', 'pauvre', 'vieux', 'tout', 'decourage', 's', 'endort', 'aussitot', 'l', 'horloge', 's', 'ouvre', 'et', 'deux', 'petits', 'lutins', 'sautent', 'sur', 'le', 'plancher', 'l', 'un', 's', 'appelle', 'tic', 'l', 'autre', 's', 'appelle', 'tac', 'rangeons', 'les', 'etageres', 'reparons', 'les', 'souliers', 'recousons', 'le', 'linge', 'dit', 'tic', 'preparons', 'un', 'gateau', 'mettons', 'du', 'gui', 'au', 'plafond', 'changeons', 'ces', 'vieux', 'rideaux', 'ajoute', 'tac', 'minuit', 'sonne', 'les', 'deux', 'vaillants', 'petits', 'lutins', 'rentrent', 'dans', 'la', 'pendule', 'le', 'lendemain', 'le', 'pauvre', 'cordonnier', 's', 'eveille', 'o', 'joie', 'qui', 'a', 'prepare', 'ce', 'beau', 'gateau', 'qui', 'donc', 'range', 'la', 'maison', 'tic', 'tac', 'tic', 'tac', 'dit', 'la', 'vieille', 'horloge']
2026-01-27 12:22:23,585 | INFO | File: AEX-CML000-01_L01.wav | WER=10.795455 | S=14 D=4 I=1
2026-01-27 12:22:23,585 | INFO | ------------------------------
2026-01-27 12:22:23,585 | WARNING | The file /vol/corpora/TAPAS_FRAIS/Data_partagees_ParisTypaloc-TapasFrais/12-CTRL/AEX-CML000-01_L01_pr_analyse.wav does not exist
2026-01-27 12:22:23,586 | INFO |  File duration: 76.21907029478459 seconds
2026-01-27 12:22:25,558 | INFO | Using rVAD model
2026-01-27 12:22:29,372 | INFO | Number of chunks: 12
2026-01-27 12:22:30,063 | INFO | Chunk: 0 | WER=5.555556 | S=1 D=0 I=0
2026-01-27 12:22:30,064 | INFO | Chunk: 1 | WER=0.000000 | S=0 D=0 I=0
2026-01-27 12:22:30,064 | INFO | Chunk: 2 | WER=0.000000 | S=0 D=0 I=0
2026-01-27 12:22:30,064 | INFO | Chunk: 3 | WER=5.882353 | S=1 D=0 I=0
2026-01-27 12:22:30,065 | INFO | Chunk: 4 | WER=16.666667 | S=1 D=3 I=0
2026-01-27 12:22:30,065 | INFO | Chunk: 5 | WER=0.000000 | S=0 D=0 I=0
2026-01-27 12:22:30,065 | INFO | Chunk: 6 | WER=7.692308 | S=1 D=0 I=0
2026-01-27 12:22:30,066 | INFO | Chunk: 7 | WER=20.000000 | S=2 D=0 I=0
2026-01-27 12:22:30,066 | INFO | Chunk: 8 | WER=18.181818 | S=0 D=2 I=0
2026-01-27 12:22:30,066 | INFO | Chunk: 9 | WER=21.428571 | S=3 D=0 I=0
2026-01-27 12:22:30,066 | INFO | Chunk: 10 | WER=0.000000 | S=0 D=0 I=0
2026-01-27 12:22:30,068 | INFO | Chunk: 11 | WER=19.512195 | S=5 D=3 I=0
2026-01-27 12:22:30,068 | INFO | ------------------------------
2026-01-27 12:22:30,068 | INFO | ------------------------------
2026-01-27 12:22:30,068 | INFO | ['dans', 'un', 'petit', 'village', 'de', 'la', 'montagne', 'il', 'y', 'avait', 'un', 'pauvre', 'cordonnier', 'tout', 'vieux', 'et', 'tout', 'casse', 'les', 'villageois', 'lui', 'apportent', 'des', 'chaussures', 'a', 'reparer', 'mais', 'il', 'ne', 'travaille', 'pas', 'vite', 'tous', 'les', 'soirs', 'il', 'mange', 'tout', 'seul', 'bien', 'tristement', 'ce', 'soir', 'il', 'y', 'a', 'devant', 'lui', 'un', 'gros', 'tas', 'de', 'souliers', 'et', 'de', 'guetres', 'a', 'rocou', 'jamais', 'je', 'ne', 'pourrai', 'les', 'reparer', 'je', 'suis', 'trop', 'age', 'et', 'trop', 'malade', 'pres', 'de', 'lui', 'la', 'grosse', 'horloge', 'fait', 'tictacticta', 'le', 'pauvre', 'vieux', 'tout', 'decourage', 's', 'endort', 'aussitot', 'l', 'horloge', 's', 'ouvre', 'et', 'deux', 'petits', 'lulletins', 'sautent', 'sur', 'le', 'plancher', 'l', 'un', 's', 'appelle', 'tick', 'l', 'autre', 's', 'appelle', 'tak', 'rangeons', 'les', 'etageres', 'reparons', 'les', 'souliers', 'recousons', 'le', 'linge', 'preparons', 'un', 'gateau', 'mettons', 'du', 'guis', 'au', 'plafond', 'changeons', 'ces', 'vieux', 'rideaux', 'rajoute', 'tak', 'minuit', 'sonne', 'les', 'deux', 'vaillants', 'petits', 'lutins', 'rentrent', 'dans', 'la', 'pendule', 'le', 'lendemain', 'le', 'pauvre', 'cordonnier', 's', 'eveille', 'o', 'joye', 'qui', 'qui', 'a', 'prepare', 'ce', 'beau', 'gateau', 'qui', 'donc', 'arrange', 'la', 'maison', 'ti', 'tac', 'ti', 'tac', 'dit', 'la', 'vieille', 'horloge']
2026-01-27 12:22:30,069 | INFO | ['dans', 'un', 'petit', 'village', 'de', 'la', 'montagne', 'il', 'y', 'ave', 'un', 'pauvre', 'cordonnier', 'tout', 'vieux', 'et', 'tout', 'casse', 'les', 'villageois', 'lui', 'apportent', 'des', 'chaussures', 'a', 'reparer', 'mais', 'il', 'ne', 'travaille', 'pas', 'vite', 'tous', 'les', 'soirs', 'il', 'mange', 'tout', 'seul', 'bien', 'tristement', 'ce', 'soir', 'il', 'y', 'a', 'devant', 'lui', 'un', 'gros', 'tas', 'de', 'souliers', 'et', 'de', 'guetres', 'a', 'recoudre', 'jamais', 'je', 'ne', 'pourrai', 'les', 'reparer', 'je', 'suis', 'trop', 'age', 'et', 'trop', 'malade', 'pres', 'de', 'lui', 'la', 'grosse', 'horloge', 'fait', 'tic', 'tac', 'tic', 'tac', 'le', 'pauvre', 'vieux', 'tout', 'decourage', 's', 'endort', 'aussitot', 'l', 'horloge', 's', 'ouvre', 'et', 'deux', 'petits', 'lutins', 'sautent', 'sur', 'le', 'plancher', 'l', 'un', 's', 'appelle', 'tic', 'l', 'autre', 's', 'appelle', 'tac', 'rangeons', 'les', 'etageres', 'reparons', 'les', 'souliers', 'recousons', 'le', 'linge', 'dit', 'tic', 'preparons', 'un', 'gateau', 'mettons', 'du', 'gui', 'au', 'plafond', 'changeons', 'ces', 'vieux', 'rideaux', 'ajoute', 'tac', 'minuit', 'sonne', 'les', 'deux', 'vaillants', 'petits', 'lutins', 'rentrent', 'dans', 'la', 'pendule', 'le', 'lendemain', 'le', 'pauvre', 'cordonnier', 's', 'eveille', 'o', 'joie', 'qui', 'a', 'prepare', 'ce', 'beau', 'gateau', 'qui', 'donc', 'a', 'range', 'la', 'maison', 'tic', 'tac', 'tic', 'tac', 'dit', 'la', 'vieille', 'horloge']
2026-01-27 12:22:30,082 | INFO | File: AEX-CSR000-01_L01.wav | WER=11.299435 | S=13 D=6 I=1
2026-01-27 12:22:30,082 | INFO | ------------------------------
2026-01-27 12:22:30,082 | WARNING | The file /vol/corpora/TAPAS_FRAIS/Data_partagees_ParisTypaloc-TapasFrais/12-CTRL/AEX-CSR000-01_L01_pr_analyse.wav does not exist
2026-01-27 12:22:30,082 | INFO |  File duration: 86.34117913832199 seconds
2026-01-27 12:22:31,238 | INFO | Using rVAD model
2026-01-27 12:22:35,388 | INFO | Number of chunks: 17
2026-01-27 12:22:36,213 | INFO | Chunk: 0 | WER=100.000000 | S=2 D=0 I=0
2026-01-27 12:22:36,214 | INFO | Chunk: 1 | WER=0.000000 | S=0 D=0 I=0
2026-01-27 12:22:36,214 | INFO | Chunk: 2 | WER=0.000000 | S=0 D=0 I=0
2026-01-27 12:22:36,214 | INFO | Chunk: 3 | WER=0.000000 | S=0 D=0 I=0
2026-01-27 12:22:36,215 | INFO | Chunk: 4 | WER=5.882353 | S=1 D=0 I=0
2026-01-27 12:22:36,215 | INFO | Chunk: 5 | WER=0.000000 | S=0 D=0 I=0
2026-01-27 12:22:36,215 | INFO | Chunk: 6 | WER=36.363636 | S=2 D=2 I=0
2026-01-27 12:22:36,215 | INFO | Chunk: 7 | WER=0.000000 | S=0 D=0 I=0
2026-01-27 12:22:36,216 | INFO | Chunk: 8 | WER=0.000000 | S=0 D=0 I=0
2026-01-27 12:22:36,216 | INFO | Chunk: 9 | WER=20.000000 | S=2 D=0 I=0
2026-01-27 12:22:36,216 | INFO | Chunk: 10 | WER=9.090909 | S=1 D=0 I=0
2026-01-27 12:22:36,217 | INFO | Chunk: 11 | WER=7.142857 | S=1 D=0 I=0
2026-01-27 12:22:36,217 | INFO | Chunk: 12 | WER=0.000000 | S=0 D=0 I=0
2026-01-27 12:22:36,217 | INFO | Chunk: 13 | WER=0.000000 | S=0 D=0 I=0
2026-01-27 12:22:36,218 | INFO | Chunk: 14 | WER=4.761905 | S=1 D=0 I=0
2026-01-27 12:22:36,218 | INFO | Chunk: 15 | WER=100.000000 | S=1 D=0 I=0
2026-01-27 12:22:36,218 | INFO | Chunk: 16 | WER=20.000000 | S=1 D=0 I=0
2026-01-27 12:22:36,218 | INFO | ------------------------------
2026-01-27 12:22:36,218 | INFO | ------------------------------
2026-01-27 12:22:36,219 | INFO | ['le', 'cordonnier', 'dans', 'un', 'petit', 'village', 'de', 'la', 'montagne', 'il', 'y', 'a', 'un', 'pauvre', 'cordonnier', 'tout', 'vieux', 'et', 'tout', 'casse', 'les', 'villageois', 'lui', 'apportent', 'des', 'chaussures', 'a', 'reparer', 'mais', 'il', 'ne', 'travaille', 'pas', 'vite', 'tous', 'les', 'soirs', 'il', 'mange', 'tout', 'seul', 'bien', 'tristement', 'ce', 'soir', 'il', 'y', 'a', 'devant', 'lui', 'un', 'gros', 'tas', 'de', 'souliers', 'et', 'de', 'guetres', 'a', 'recouds', 'jamais', 'je', 'ne', 'pourrai', 'les', 'reparer', 'je', 'suis', 'trop', 'age', 'et', 'trop', 'malade', 'pres', 'de', 'lui', 'la', 'grosse', 'horloge', 'fait', 'titak', 'tictak', 'le', 'pauvre', 'vieux', 'tout', 'decourage', 's', 'endort', 'aussitot', 'l', 'horloge', 's', 'ouvre', 'et', 'deux', 'petits', 'lutins', 'sautent', 'sur', 'le', 'plancher', 'l', 'un', 's', 'appelle', 'tik', 'l', 'autre', 's', 'appelle', 'tak', 'rangeons', 'les', 'etageres', 'reparons', 'les', 'souliers', 'recousons', 'le', 'linge', 'dit', 'tique', 'preparons', 'un', 'gateau', 'mettons', 'du', 'gui', 'au', 'plafond', 'changeons', 'ces', 'vieux', 'rideaux', 'ajoute', 'tack', 'minuit', 'sonne', 'les', 'deux', 'vaillants', 'petits', 'lutins', 'rentrent', 'dans', 'la', 'pendule', 'le', 'lendemain', 'le', 'pauvre', 'cordonnier', 's', 'eveille', 'o', 'joueur', 'qui', 'a', 'prepare', 'ce', 'beau', 'gateau', 'qui', 'donc', 'a', 'range', 'la', 'maison', 'tak', 'tak', 'dit', 'la', 'vieille', 'horloge']
2026-01-27 12:22:36,219 | INFO | ['dans', 'un', 'petit', 'village', 'de', 'la', 'montagne', 'il', 'y', 'a', 'un', 'pauvre', 'cordonnier', 'tout', 'vieux', 'et', 'tout', 'casse', 'les', 'villageois', 'lui', 'apportent', 'des', 'chaussures', 'a', 'reparer', 'mais', 'il', 'ne', 'travaille', 'pas', 'vite', 'tous', 'les', 'soirs', 'il', 'mange', 'tout', 'seul', 'bien', 'tristement', 'ce', 'soir', 'il', 'y', 'a', 'devant', 'lui', 'un', 'gros', 'tas', 'de', 'souliers', 'et', 'de', 'guetres', 'a', 'recoudre', 'jamais', 'je', 'ne', 'pourrai', 'les', 'reparer', 'je', 'suis', 'trop', 'age', 'et', 'trop', 'malade', 'pres', 'de', 'lui', 'la', 'grosse', 'horloge', 'fait', 'tic', 'tac', 'tic', 'tac', 'le', 'pauvre', 'vieux', 'tout', 'decourage', 's', 'endort', 'aussitot', 'l', 'horloge', 's', 'ouvre', 'et', 'deux', 'petits', 'lutins', 'sautent', 'sur', 'le', 'plancher', 'l', 'un', 's', 'appelle', 'tic', 'l', 'autre', 's', 'appelle', 'tac', 'rangeons', 'les', 'etageres', 'reparons', 'les', 'souliers', 'recousons', 'le', 'linge', 'dit', 'tic', 'preparons', 'un', 'gateau', 'mettons', 'du', 'gui', 'au', 'plafond', 'changeons', 'ces', 'vieux', 'rideaux', 'ajoute', 'tac', 'minuit', 'sonne', 'les', 'deux', 'vaillants', 'petits', 'lutins', 'rentrent', 'dans', 'la', 'pendule', 'le', 'lendemain', 'le', 'pauvre', 'cordonnier', 's', 'eveille', 'o', 'joie', 'qui', 'a', 'prepare', 'ce', 'beau', 'gateau', 'qui', 'donc', 'a', 'range', 'la', 'maison', 'tac', 'tac', 'dit', 'la', 'vieille', 'horloge']
2026-01-27 12:22:36,234 | INFO | File: BEX-CDB000-01_L01.wav | WER=8.000000 | S=10 D=2 I=2
2026-01-27 12:22:36,234 | INFO | ------------------------------
2026-01-27 12:22:36,234 | WARNING | The file /vol/corpora/TAPAS_FRAIS/Data_partagees_ParisTypaloc-TapasFrais/12-CTRL/BEX-CDB000-01_L01_pr_analyse.wav does not exist
2026-01-27 12:22:36,234 | INFO |  File duration: 72.99619047619048 seconds
2026-01-27 12:22:38,142 | INFO | Using rVAD model
2026-01-27 12:22:41,695 | INFO | Number of chunks: 7
2026-01-27 12:22:42,195 | INFO | Chunk: 0 | WER=9.302326 | S=4 D=0 I=0
2026-01-27 12:22:42,197 | INFO | Chunk: 1 | WER=26.829268 | S=5 D=6 I=0
2026-01-27 12:22:42,197 | INFO | Chunk: 2 | WER=0.000000 | S=0 D=0 I=0
2026-01-27 12:22:42,198 | INFO | Chunk: 3 | WER=19.444444 | S=5 D=2 I=0
2026-01-27 12:22:42,199 | INFO | Chunk: 4 | WER=36.000000 | S=8 D=1 I=0
2026-01-27 12:22:42,199 | INFO | Chunk: 5 | WER=18.181818 | S=2 D=2 I=0
2026-01-27 12:22:42,199 | INFO | Chunk: 6 | WER=37.500000 | S=2 D=1 I=0
2026-01-27 12:22:42,199 | INFO | ------------------------------
2026-01-27 12:22:42,199 | INFO | ------------------------------
2026-01-27 12:22:42,200 | INFO | ['le', 'cordonnier', 'dans', 'un', 'petit', 'village', 'de', 'la', 'montagne', 'il', 'y', 'a', 'un', 'pauvre', 'cordonnier', 'tout', 'vieux', 'et', 'tout', 'casse', 'les', 'villageois', 'lui', 'apporte', 'des', 'chaussures', 'a', 'reparer', 'mais', 'il', 'ne', 'travaille', 'pas', 'vite', 'tous', 'les', 'soirs', 'il', 'mangent', 'tout', 'seul', 'bien', 'tristement', 'ce', 'soir', 'il', 'y', 'a', 'devant', 'lui', 'un', 'gros', 'tate', 'soulier', 'de', 'guettres', 'a', 'recoudre', 'jamais', 'je', 'ne', 'pourrai', 'les', 'reparer', 'je', 'suis', 'trop', 'age', 'et', 'trop', 'malade', 'pres', 'de', 'lui', 'la', 'grosse', 'loge', 'fhœtitatiqueta', 'le', 'pauvre', 'vieux', 'tout', 'decourage', 's', 'endort', 'aussitot', 'l', 'horloge', 's', 'ouvre', 'et', 'deux', 'petits', 'lutins', 'sautent', 'sur', 'le', 'plancher', 'l', 'un', 's', 'appelle', 'tick', 'l', 'autre', 's', 'appelle', 'tak', 'rangeant', 'les', 'etageres', 'reparant', 'les', 'souliers', 'recousons', 'le', 'linge', 'dit', 'ticq', 'reparents', 'un', 'gateau', 'mettant', 'dugui', 'au', 'plafond', 'changeant', 'ses', 'vieux', 'rideaux', 'ajouta', 'que', 'minuit', 'sonne', 'les', 'deux', 'vaillants', 'petits', 'lutin', 'rentrent', 'dans', 'la', 'pendule', 'le', 'lendemain', 'le', 'pauvre', 'cordonnier', 's', 'eveille', 'ojoa', 'qui', 'a', 'prepare', 'ce', 'beau', 'gateau', 'qui', 'a', 'donc', 'range', 'la', 'maison', 'ak', 'tic', 'cak', 'dit', 'la', 'vieille', 'horloge']
2026-01-27 12:22:42,200 | INFO | ['dans', 'un', 'petit', 'village', 'de', 'la', 'montagne', 'il', 'y', 'a', 'un', 'pauvre', 'cordonnier', 'tout', 'vieux', 'et', 'tout', 'casse', 'les', 'villageois', 'lui', 'apportent', 'des', 'chaussures', 'a', 'reparer', 'mais', 'il', 'ne', 'travaille', 'pas', 'vite', 'tous', 'les', 'soirs', 'il', 'mange', 'tout', 'seul', 'bien', 'tristement', 'ce', 'soir', 'il', 'y', 'a', 'devant', 'lui', 'un', 'gros', 'tas', 'de', 'souliers', 'et', 'de', 'guetres', 'a', 'recoudre', 'jamais', 'je', 'ne', 'pourrai', 'les', 'reparer', 'je', 'suis', 'trop', 'age', 'et', 'trop', 'malade', 'pres', 'de', 'lui', 'la', 'grosse', 'horloge', 'fait', 'tic', 'tac', 'tic', 'tac', 'le', 'pauvre', 'vieux', 'tout', 'decourage', 's', 'endort', 'aussitot', 'l', 'horloge', 's', 'ouvre', 'et', 'deux', 'petits', 'lutins', 'sautent', 'sur', 'le', 'plancher', 'l', 'un', 's', 'appelle', 'tic', 'l', 'autre', 's', 'appelle', 'tac', 'rangeons', 'les', 'etageres', 'reparons', 'les', 'souliers', 'recousons', 'le', 'linge', 'dit', 'tic', 'preparons', 'un', 'gateau', 'mettons', 'du', 'gui', 'au', 'plafond', 'changeons', 'ces', 'vieux', 'rideaux', 'ajoute', 'tac', 'minuit', 'sonne', 'les', 'deux', 'vaillants', 'petits', 'lutins', 'rentrent', 'dans', 'la', 'pendule', 'le', 'lendemain', 'le', 'pauvre', 'cordonnier', 's', 'eveille', 'o', 'joie', 'qui', 'a', 'prepare', 'ce', 'beau', 'gateau', 'qui', 'a', 'range', 'la', 'maison', 'tic', 'tac', 'tic', 'tac', 'dit', 'la', 'vieille', 'horloge']
2026-01-27 12:22:42,215 | INFO | File: BEX-CEB000-01_L01.wav | WER=19.886364 | S=23 D=9 I=3
2026-01-27 12:22:42,215 | INFO | ------------------------------
2026-01-27 12:22:42,215 | WARNING | The file /vol/corpora/TAPAS_FRAIS/Data_partagees_ParisTypaloc-TapasFrais/12-CTRL/BEX-CEB000-01_L01_pr_analyse.wav does not exist
2026-01-27 12:22:42,216 | INFO |  File duration: 60.74340136054422 seconds
2026-01-27 12:22:43,854 | INFO | Using rVAD model
2026-01-27 12:22:46,680 | INFO | Number of chunks: 4
2026-01-27 12:22:47,014 | INFO | Chunk: 0 | WER=12.068966 | S=3 D=4 I=0
2026-01-27 12:22:47,015 | INFO | Chunk: 1 | WER=35.483871 | S=4 D=6 I=1
2026-01-27 12:22:47,016 | INFO | Chunk: 2 | WER=14.705882 | S=5 D=0 I=0
2026-01-27 12:22:47,018 | INFO | Chunk: 3 | WER=29.629630 | S=12 D=4 I=0
2026-01-27 12:22:47,018 | INFO | ------------------------------
2026-01-27 12:22:47,018 | INFO | ------------------------------
2026-01-27 12:22:47,018 | INFO | ['dans', 'un', 'petit', 'village', 'de', 'la', 'montagne', 'il', 'y', 'a', 'un', 'pauvre', 'cordonnier', 'tout', 'vieux', 'et', 'tout', 'casse', 'les', 'villageois', 'lui', 'apportent', 'des', 'chaussures', 'a', 'reparer', 'mais', 'il', 'ne', 'travaille', 'pas', 'vite', 'tous', 'les', 'soirs', 'il', 'mange', 'tout', 'seul', 'bien', 'tristement', 'ce', 'soir', 'il', 'y', 'a', 'devant', 'lui', 'un', 'gros', 'tate', 'soulier', 'de', 'gretaroq', 'ja', 'mais', 'je', 'ne', 'pourrai', 'les', 'reparer', 'je', 'suis', 'trop', 'agee', 'trop', 'malade', 'pres', 'de', 'lui', 'la', 'grosse', 'horloge', 'fait', 'tictactictacle', 'pauvre', 'vieux', 'tout', 'decourage', 'sende', 'aussitot', 'l', 'horloge', 's', 'ouvre', 'et', 'deux', 'petits', 'luletins', 'sautent', 'sur', 'le', 'plancher', 'l', 'un', 's', 'appelle', 'tick', 'l', 'autre', 's', 'appelle', 'tak', 'rangeons', 'les', 'etageres', 'reparons', 'les', 'souliers', 'recousant', 'le', 'linge', 'dit', 'ti', 'preparons', 'un', 'gateau', 'mettons', 'du', 'guit', 'au', 'plafond', 'changeont', 'ses', 'vieux', 'rideaux', 'ajoutta', 'qu', 'minuit', 'sonne', 'les', 'deux', 'vaillants', 'petit', 'lutin', 'rentret', 'dans', 'la', 'pendule', 'le', 'lendemain', 'le', 'pauvre', 'cordonnier', 's', 'eveille', 'oh', 'joa', 'qui', 'a', 'prepare', 'ce', 'beau', 'gateau', 'qui', 'donc', 'arrange', 'la', 'maison', 'tictactictac', 'dit', 'la', 'vieille', 'horloge']
2026-01-27 12:22:47,019 | INFO | ['dans', 'un', 'petit', 'village', 'de', 'la', 'montagne', 'il', 'y', 'a', 'un', 'pauvre', 'cordonnier', 'tout', 'vieux', 'et', 'tout', 'casse', 'les', 'villageois', 'lui', 'apportent', 'des', 'chaussures', 'a', 'reparer', 'mais', 'il', 'ne', 'travaille', 'pas', 'vite', 'tous', 'les', 'soirs', 'il', 'mange', 'tout', 'seul', 'bien', 'tristement', 'ce', 'soir', 'il', 'y', 'a', 'devant', 'lui', 'un', 'gros', 'tas', 'de', 'souliers', 'et', 'de', 'guetres', 'a', 'recoudre', 'jamais', 'je', 'ne', 'pourrai', 'les', 'reparer', 'je', 'suis', 'trop', 'age', 'et', 'trop', 'malade', 'pres', 'de', 'lui', 'la', 'grosse', 'horloge', 'fait', 'tic', 'tac', 'tic', 'tac', 'le', 'pauvre', 'vieux', 'tout', 'decourage', 's', 'endort', 'aussitot', 'l', 'horloge', 's', 'ouvre', 'et', 'deux', 'petits', 'lutins', 'sautent', 'sur', 'le', 'plancher', 'l', 'un', 's', 'appelle', 'tic', 'l', 'autre', 's', 'appelle', 'tac', 'rangeons', 'les', 'etageres', 'reparons', 'les', 'souliers', 'recousons', 'le', 'linge', 'dit', 'tic', 'preparons', 'un', 'gateau', 'mettons', 'du', 'gui', 'au', 'plafond', 'changeons', 'ces', 'vieux', 'rideaux', 'ajoute', 'tac', 'minuit', 'sonne', 'les', 'deux', 'vaillants', 'petits', 'lutins', 'rentrent', 'dans', 'la', 'pendule', 'le', 'lendemain', 'le', 'pauvre', 'cordonnier', 's', 'eveille', 'o', 'joie', 'qui', 'a', 'prepare', 'ce', 'beau', 'gateau', 'qui', 'donc', 'a', 'range', 'la', 'maison', 'tic', 'tac', 'tic', 'tac', 'dit', 'la', 'vieille', 'horloge']
2026-01-27 12:22:47,032 | INFO | File: BEX-CHE000-01_L01.wav | WER=21.468927 | S=25 D=13 I=0
2026-01-27 12:22:47,032 | INFO | ------------------------------
2026-01-27 12:22:47,032 | WARNING | The file /vol/corpora/TAPAS_FRAIS/Data_partagees_ParisTypaloc-TapasFrais/12-CTRL/BEX-CHE000-01_L01_pr_analyse.wav does not exist
2026-01-27 12:22:47,033 | INFO |  File duration: 77.60358276643991 seconds
2026-01-27 12:22:48,000 | INFO | Using rVAD model
2026-01-27 12:22:51,821 | INFO | Number of chunks: 14
2026-01-27 12:22:52,462 | INFO | Chunk: 0 | WER=100.000000 | S=2 D=0 I=0
2026-01-27 12:22:52,463 | INFO | Chunk: 1 | WER=0.000000 | S=0 D=0 I=0
2026-01-27 12:22:52,463 | INFO | Chunk: 2 | WER=0.000000 | S=0 D=0 I=0
2026-01-27 12:22:52,463 | INFO | Chunk: 3 | WER=0.000000 | S=0 D=0 I=0
2026-01-27 12:22:52,464 | INFO | Chunk: 4 | WER=0.000000 | S=0 D=0 I=0
2026-01-27 12:22:52,464 | INFO | Chunk: 5 | WER=0.000000 | S=0 D=0 I=0
2026-01-27 12:22:52,465 | INFO | Chunk: 6 | WER=22.222222 | S=2 D=2 I=0
2026-01-27 12:22:52,465 | INFO | Chunk: 7 | WER=13.043478 | S=3 D=0 I=0
2026-01-27 12:22:52,465 | INFO | Chunk: 8 | WER=18.181818 | S=0 D=2 I=0
2026-01-27 12:22:52,466 | INFO | Chunk: 9 | WER=28.571429 | S=3 D=1 I=0
2026-01-27 12:22:52,466 | INFO | Chunk: 10 | WER=0.000000 | S=0 D=0 I=0
2026-01-27 12:22:52,466 | INFO | Chunk: 11 | WER=11.111111 | S=1 D=0 I=0
2026-01-27 12:22:52,467 | INFO | Chunk: 12 | WER=9.523810 | S=1 D=1 I=0
2026-01-27 12:22:52,467 | INFO | Chunk: 13 | WER=50.000000 | S=2 D=2 I=0
2026-01-27 12:22:52,467 | INFO | ------------------------------
2026-01-27 12:22:52,467 | INFO | ------------------------------
2026-01-27 12:22:52,467 | INFO | ['le', 'cordonnier', 'dans', 'un', 'petit', 'village', 'de', 'la', 'montagne', 'il', 'y', 'a', 'un', 'pauvre', 'cordonnier', 'tout', 'vieux', 'et', 'tout', 'casse', 'les', 'villageois', 'lui', 'apportent', 'des', 'chaussures', 'a', 'reparer', 'mais', 'il', 'ne', 'travaille', 'pas', 'vite', 'tous', 'les', 'soirs', 'il', 'mange', 'tout', 'seul', 'bien', 'tristement', 'ce', 'soir', 'il', 'y', 'a', 'devant', 'lui', 'un', 'gros', 'tas', 'de', 'souliers', 'et', 'de', 'guetres', 'a', 'recoudre', 'jamais', 'je', 'ne', 'pourrai', 'les', 'reparer', 'je', 'suis', 'trop', 'age', 'et', 'trop', 'malade', 'pres', 'de', 'lui', 'la', 'grosse', 'horloge', 'fait', 'ticac', 'tidac', 'le', 'pauvre', 'vieux', 'tout', 'decourage', 's', 'endort', 'aussitot', 'l', 'horloge', 's', 'ouvre', 'et', 'deux', 'petits', 'lulletins', 'sautent', 'sur', 'le', 'plancher', 'l', 'un', 's', 'appelle', 'tik', 'l', 'autre', 's', 'appelle', 'tak', 'rangeons', 'les', 'etageres', 'reparons', 'les', 'souliers', 'recousons', 'le', 'linge', 'preparons', 'un', 'gateau', 'mettons', 'du', 'guid', 'au', 'plafond', 'changeons', 'ses', 'vieux', 'rideaux', 'ajoutetac', 'minuit', 'sonne', 'les', 'deux', 'vaillants', 'petits', 'lutain', 'rentrent', 'dans', 'la', 'pendule', 'le', 'lendemain', 'le', 'pauvre', 'cordonnier', 's', 'eveille', 'o', 'joie', 'qui', 'a', 'prepare', 'ce', 'beau', 'gateau', 'qui', 'donc', 'arrange', 'la', 'maison', 'tictac', 'tictac', 'dit', 'la', 'vieille', 'horloge']
2026-01-27 12:22:52,468 | INFO | ['dans', 'un', 'petit', 'village', 'de', 'la', 'montagne', 'il', 'y', 'a', 'un', 'pauvre', 'cordonnier', 'tout', 'vieux', 'et', 'tout', 'casse', 'les', 'villageois', 'lui', 'apportent', 'des', 'chaussures', 'a', 'reparer', 'mais', 'il', 'ne', 'travaille', 'pas', 'vite', 'tous', 'les', 'soirs', 'il', 'mange', 'tout', 'seul', 'bien', 'tristement', 'ce', 'soir', 'il', 'y', 'a', 'devant', 'lui', 'un', 'gros', 'tas', 'de', 'souliers', 'et', 'de', 'guetres', 'a', 'recoudre', 'jamais', 'je', 'ne', 'pourrai', 'les', 'reparer', 'je', 'suis', 'trop', 'age', 'et', 'trop', 'malade', 'pres', 'de', 'lui', 'la', 'grosse', 'horloge', 'fait', 'tic', 'tac', 'tic', 'tac', 'le', 'pauvre', 'vieux', 'tout', 'decourage', 's', 'endort', 'aussitot', 'l', 'horloge', 's', 'ouvre', 'et', 'deux', 'petits', 'lutins', 'sautent', 'sur', 'le', 'plancher', 'l', 'un', 's', 'appelle', 'tic', 'l', 'autre', 's', 'appelle', 'tac', 'rangeons', 'les', 'etageres', 'reparons', 'les', 'souliers', 'recousons', 'le', 'linge', 'dit', 'tic', 'preparons', 'un', 'gateau', 'mettons', 'du', 'gui', 'au', 'plafond', 'changeons', 'ces', 'vieux', 'rideaux', 'ajoute', 'tac', 'minuit', 'sonne', 'les', 'deux', 'vaillants', 'petits', 'lutins', 'rentrent', 'dans', 'la', 'pendule', 'le', 'lendemain', 'le', 'pauvre', 'cordonnier', 's', 'eveille', 'o', 'joie', 'qui', 'a', 'prepare', 'ce', 'beau', 'gateau', 'qui', 'donc', 'a', 'range', 'la', 'maison', 'tic', 'tac', 'tic', 'tac', 'dit', 'la', 'vieille', 'horloge']
2026-01-27 12:22:52,485 | INFO | File: BEX-CKN000-01_L01.wav | WER=12.429379 | S=12 D=8 I=2
2026-01-27 12:22:52,485 | INFO | ------------------------------
2026-01-27 12:22:52,485 | WARNING | The file /vol/corpora/TAPAS_FRAIS/Data_partagees_ParisTypaloc-TapasFrais/12-CTRL/BEX-CKN000-01_L01_pr_analyse.wav does not exist
2026-01-27 12:22:52,485 | INFO |  File duration: 80.38402083333334 seconds
2026-01-27 12:22:54,321 | INFO | Using rVAD model
2026-01-27 12:22:58,176 | INFO | Number of chunks: 14
2026-01-27 12:22:58,886 | INFO | Chunk: 0 | WER=10.000000 | S=2 D=0 I=0
2026-01-27 12:22:58,887 | INFO | Chunk: 1 | WER=14.285714 | S=1 D=1 I=0
2026-01-27 12:22:58,887 | INFO | Chunk: 2 | WER=0.000000 | S=0 D=0 I=0
2026-01-27 12:22:58,887 | INFO | Chunk: 3 | WER=13.043478 | S=1 D=2 I=0
2026-01-27 12:22:58,888 | INFO | Chunk: 4 | WER=26.666667 | S=2 D=2 I=0
2026-01-27 12:22:58,888 | INFO | Chunk: 5 | WER=42.857143 | S=2 D=1 I=0
2026-01-27 12:22:58,888 | INFO | Chunk: 6 | WER=0.000000 | S=0 D=0 I=0
2026-01-27 12:22:58,889 | INFO | Chunk: 7 | WER=35.714286 | S=1 D=4 I=0
2026-01-27 12:22:58,889 | INFO | Chunk: 8 | WER=37.500000 | S=3 D=0 I=0
2026-01-27 12:22:58,889 | INFO | Chunk: 9 | WER=0.000000 | S=0 D=0 I=0
2026-01-27 12:22:58,889 | INFO | Chunk: 10 | WER=0.000000 | S=0 D=0 I=0
2026-01-27 12:22:58,890 | INFO | Chunk: 11 | WER=7.407407 | S=2 D=0 I=0
2026-01-27 12:22:58,890 | INFO | Chunk: 12 | WER=0.000000 | S=0 D=0 I=0
2026-01-27 12:22:58,890 | INFO | Chunk: 13 | WER=50.000000 | S=0 D=4 I=0
2026-01-27 12:22:58,890 | INFO | ------------------------------
2026-01-27 12:22:58,890 | INFO | ------------------------------
2026-01-27 12:22:58,891 | INFO | ['le', 'cordonnier', 'dans', 'un', 'petit', 'village', 'de', 'la', 'montagne', 'il', 'y', 'a', 'un', 'pauvre', 'cordonnier', 'tout', 'vieux', 'et', 'tout', 'casse', 'villageois', 'lui', 'apporte', 'des', 'chaussures', 'a', 'reparer', 'mais', 'il', 'ne', 'travaille', 'pas', 'vite', 'tous', 'les', 'soirs', 'il', 'mange', 'tout', 'seul', 'bien', 'tristement', 'ce', 'soir', 'il', 'y', 'a', 'devant', 'lui', 'un', 'gros', 'tatoulier', 'et', 'de', 'guetres', 'a', 'recoudre', 'jamais', 'je', 'ne', 'pourrai', 'les', 'reparer', 'je', 'ui', 'trop', 'agee', 'et', 'trop', 'malade', 'pres', 'de', 'lui', 'la', 'grosse', 'horloge', 'pauvre', 'vieux', 'tout', 'decourage', 'sens', 'dort', 'aussitot', 'l', 'horloge', 's', 'ouvre', 'et', 'deux', 'petits', 'lutins', 'sautent', 'sur', 'le', 'plancher', 'l', 'un', 's', 'appelle', 'tic', 'tak', 'rangeons', 'les', 'etageres', 'reparons', 'les', 'souliers', 'recousons', 'le', 'linge', 'preparont', 'un', 'gateau', 'mettons', 'du', 'guy', 'au', 'plat', 'changeons', 'ces', 'vieux', 'rideaux', 'ajoute', 'minuit', 'sonne', 'les', 'deux', 'vaillants', 'petits', 'lutins', 'rentrent', 'dans', 'la', 'pendule', 'le', 'lendemain', 'le', 'pauvre', 'cordonnier', 's', 'evailli', 'o', 'joie', 'qui', 'a', 'repare', 'qui', 'a', 'prepare', 'ce', 'beau', 'gateau', 'qui', 'donc', 'a', 'range', 'la', 'maison', 'dit', 'la', 'vieille', 'horloge']
2026-01-27 12:22:58,891 | INFO | ['dans', 'un', 'petit', 'village', 'de', 'la', 'montagne', 'il', 'y', 'a', 'un', 'pauvre', 'cordonnier', 'tout', 'vieux', 'et', 'tout', 'casse', 'les', 'villageois', 'lui', 'apportent', 'des', 'chaussures', 'a', 'reparer', 'mais', 'il', 'ne', 'travaille', 'pas', 'vite', 'tous', 'les', 'soirs', 'il', 'mange', 'tout', 'seul', 'bien', 'tristement', 'ce', 'soir', 'il', 'y', 'a', 'devant', 'lui', 'un', 'gros', 'tas', 'de', 'souliers', 'et', 'de', 'guetres', 'a', 'recoudre', 'jamais', 'je', 'ne', 'pourrai', 'les', 'reparer', 'je', 'suis', 'trop', 'age', 'et', 'trop', 'malade', 'pres', 'de', 'lui', 'la', 'grosse', 'horloge', 'fait', 'tic', 'le', 'pauvre', 'vieux', 'tout', 'decourage', 's', 'endort', 'aussitot', 'l', 'horloge', 's', 'ouvre', 'et', 'deux', 'petits', 'lutins', 'sautent', 'sur', 'le', 'plancher', 'l', 'un', 's', 'appelle', 'tic', 'l', 'autre', 's', 'appelle', 'tac', 'rangeons', 'les', 'etageres', 'reparons', 'les', 'souliers', 'recousons', 'le', 'linge', 'preparons', 'un', 'gateau', 'mettons', 'du', 'gui', 'au', 'plafond', 'changeons', 'ces', 'vieux', 'rideaux', 'ajoute', 'minuit', 'sonne', 'les', 'deux', 'vaillants', 'petits', 'lutins', 'rentrent', 'dans', 'la', 'pendule', 'le', 'lendemain', 'le', 'pauvre', 'cordonnier', 's', 'eveille', 'o', 'joie', 'qui', 'a', 'prepare', 'ce', 'beau', 'gateau', 'qui', 'donc', 'a', 'range', 'la', 'maison', 'tic', 'tac', 'tic', 'tac', 'dit', 'la', 'vieille', 'horloge']
2026-01-27 12:22:58,903 | INFO | File: BEX-CMB000-01_L01.wav | WER=17.543860 | S=11 D=14 I=5
2026-01-27 12:22:58,903 | INFO | ------------------------------
2026-01-27 12:22:58,903 | WARNING | The file /vol/corpora/TAPAS_FRAIS/Data_partagees_ParisTypaloc-TapasFrais/12-CTRL/BEX-CMB000-01_L01_pr_analyse.wav does not exist
2026-01-27 12:22:58,923 | INFO |  File duration: 77.83328798185941 seconds
2026-01-27 12:23:01,023 | INFO | Using rVAD model
2026-01-27 12:23:04,689 | INFO | Number of chunks: 11
2026-01-27 12:23:05,272 | INFO | Chunk: 0 | WER=0.000000 | S=1 D=0 I=0
2026-01-27 12:23:05,272 | INFO | Chunk: 1 | WER=100.000000 | S=2 D=0 I=0
2026-01-27 12:23:05,272 | INFO | Chunk: 2 | WER=0.000000 | S=0 D=0 I=0
2026-01-27 12:23:05,273 | INFO | Chunk: 3 | WER=0.000000 | S=0 D=0 I=0
2026-01-27 12:23:05,273 | INFO | Chunk: 4 | WER=11.111111 | S=1 D=0 I=0
2026-01-27 12:23:05,273 | INFO | Chunk: 5 | WER=11.764706 | S=1 D=1 I=0
2026-01-27 12:23:05,274 | INFO | Chunk: 6 | WER=0.000000 | S=0 D=0 I=0
2026-01-27 12:23:05,274 | INFO | Chunk: 7 | WER=22.222222 | S=2 D=2 I=0
2026-01-27 12:23:05,276 | INFO | Chunk: 8 | WER=12.500000 | S=5 D=1 I=0
2026-01-27 12:23:05,277 | INFO | Chunk: 9 | WER=30.555556 | S=9 D=2 I=0
2026-01-27 12:23:05,277 | INFO | Chunk: 10 | WER=37.500000 | S=2 D=1 I=0
2026-01-27 12:23:05,277 | INFO | ------------------------------
2026-01-27 12:23:05,277 | INFO | ------------------------------
2026-01-27 12:23:05,278 | INFO | ['cc', 'le', 'cordonnier', 'dans', 'un', 'petit', 'village', 'de', 'la', 'montagne', 'il', 'y', 'a', 'un', 'pauvre', 'cordonnier', 'tout', 'vieux', 'et', 'tout', 'casse', 'les', 'villageois', 'lui', 'apportent', 'des', 'chaussures', 'a', 'reparer', 'mais', 'il', 'ne', 'travaille', 'pas', 'vite', 'tous', 'les', 'soirs', 'il', 'mange', 'tout', 'seul', 'bien', 'triste', 'ce', 'soir', 'il', 'y', 'a', 'devant', 'lui', 'un', 'gros', 'tas', 'de', 'souliers', 'de', 'guetres', 'a', 'recous', 'jamais', 'je', 'ne', 'pourrai', 'les', 'reparer', 'je', 'suis', 'trop', 'age', 'et', 'trop', 'malade', 'pres', 'de', 'lui', 'la', 'grosse', 'horloge', 'fait', 'tictac', 'tictac', 'le', 'pauvre', 'vieux', 'tout', 'decourage', 's', 'endort', 'aussitot', 'l', 'horloge', 's', 'ouvre', 'et', 'deux', 'petits', 'lutins', 'sautet', 'sur', 'le', 'plancher', 'l', 'un', 's', 'appelle', 'ticque', 'l', 'autre', 's', 'appelle', 'tac', 'rangeons', 'les', 'etageres', 'reparons', 'les', 'souliers', 'recougons', 'le', 'linge', 'dit', 'il', 'preparons', 'un', 'gateau', 'mettons', 'du', 'gui', 'au', 'plafond', 'changeons', 'ces', 'vieux', 'rideaux', 'ajoutta', 'minuisone', 'les', 'tout', 'petits', 'vaillants', 'les', 'deux', 'vaillants', 'petits', 'lutins', 'rentret', 'dans', 'la', 'pendule', 'le', 'lendemain', 'le', 'pauvre', 'cordonnier', 's', 'eveillent', 'o', 'joa', 'qui', 'a', 'prepare', 'ce', 'beau', 'gateau', 'qui', 'donc', 'arrange', 'la', 'maison', 'tiqutaq', 'tique', 'tac', 'dit', 'la', 'vieille', 'horloge']
2026-01-27 12:23:05,278 | INFO | ['dans', 'un', 'petit', 'village', 'de', 'la', 'montagne', 'il', 'y', 'a', 'un', 'pauvre', 'cordonnier', 'tout', 'vieux', 'et', 'tout', 'casse', 'les', 'villageois', 'lui', 'apportent', 'des', 'chaussures', 'a', 'reparer', 'mais', 'il', 'ne', 'travaille', 'pas', 'vite', 'tous', 'les', 'soirs', 'il', 'mange', 'tout', 'seul', 'bien', 'tristement', 'ce', 'soir', 'il', 'y', 'a', 'devant', 'lui', 'un', 'gros', 'tas', 'de', 'souliers', 'et', 'de', 'guetres', 'a', 'recoudre', 'jamais', 'je', 'ne', 'pourrai', 'les', 'reparer', 'je', 'suis', 'trop', 'age', 'et', 'trop', 'malade', 'pres', 'de', 'lui', 'la', 'grosse', 'horloge', 'fait', 'tic', 'tac', 'tic', 'tac', 'le', 'pauvre', 'vieux', 'tout', 'decourage', 's', 'endort', 'aussitot', 'l', 'horloge', 's', 'ouvre', 'et', 'deux', 'petits', 'lutins', 'sautent', 'sur', 'le', 'plancher', 'l', 'un', 's', 'appelle', 'tic', 'l', 'autre', 's', 'appelle', 'tac', 'rangeons', 'les', 'etageres', 'reparons', 'les', 'souliers', 'recousons', 'le', 'linge', 'dit', 'tic', 'preparons', 'un', 'gateau', 'mettons', 'du', 'gui', 'au', 'plafond', 'changeons', 'ces', 'vieux', 'rideaux', 'ajoute', 'tac', 'minuit', 'sonne', 'les', 'deux', 'vaillants', 'petits', 'lutins', 'rentrent', 'dans', 'la', 'pendule', 'le', 'lendemain', 'le', 'pauvre', 'cordonnier', 's', 'eveille', 'o', 'joie', 'qui', 'a', 'prepare', 'ce', 'beau', 'gateau', 'qui', 'donc', 'a', 'range', 'la', 'maison', 'tic', 'tac', 'tic', 'tac', 'dit', 'la', 'vieille', 'horloge']
2026-01-27 12:23:05,294 | INFO | File: BEX-CNKN00-01_L01.wav | WER=15.819209 | S=18 D=5 I=5
2026-01-27 12:23:05,294 | INFO | ------------------------------
2026-01-27 12:23:05,294 | WARNING | The file /vol/corpora/TAPAS_FRAIS/Data_partagees_ParisTypaloc-TapasFrais/12-CTRL/BEX-CNKN00-01_L01_pr_analyse.wav does not exist
2026-01-27 12:23:05,294 | INFO | ===================== GLOBAL WER ======================
2026-01-27 12:23:05,294 | INFO | The number of files is 12
2026-01-27 12:23:05,294 | INFO | WER: 14.80%
2026-01-27 12:23:05,294 | INFO | =============================================================
