2026-01-21 11:36:34,488 | INFO | Fetch hyperparams.yaml: Using file found at '/vol/experiments3/imbenamor/TAPAS-FRAIS/models/asr-whisper-medium-commonvoice-fr/hyperparams.yaml'
2026-01-21 11:36:34,488 | DEBUG | Fetch: Source and destination '/vol/experiments3/imbenamor/TAPAS-FRAIS/models/asr-whisper-medium-commonvoice-fr/custom.py' are identical, returning assuming this is intended
2026-01-21 11:36:36,314 | WARNING | speechbrain.lobes.models.huggingface_transformers.huggingface - WhisperModel is frozen.
2026-01-21 11:36:36,316 | WARNING | speechbrain.lobes.models.huggingface_transformers.whisper - whisper encoder-decoder is frozen.
2026-01-21 11:36:36,437 | DEBUG | Collecting files (or symlinks) for pretraining in /vol/experiments3/imbenamor/TAPAS-FRAIS/models/asr-whisper-medium-commonvoice-fr.
2026-01-21 11:36:36,437 | INFO | Fetch whisper.ckpt: Using file found at '/vol/experiments3/imbenamor/TAPAS-FRAIS/models/asr-whisper-medium-commonvoice-fr/whisper.ckpt'
2026-01-21 11:36:36,437 | DEBUG | Set local path in self.paths["whisper"] = /vol/experiments3/imbenamor/TAPAS-FRAIS/models/asr-whisper-medium-commonvoice-fr/whisper.ckpt
2026-01-21 11:36:36,437 | INFO | Loading pretrained files for: whisper
2026-01-21 11:36:36,437 | DEBUG | Redirecting (loading from local path): whisper -> /vol/experiments3/imbenamor/TAPAS-FRAIS/models/asr-whisper-medium-commonvoice-fr/whisper.ckpt
2026-01-21 11:36:41,684 | INFO |  File duration: 121.48680272108844 seconds
2026-01-21 11:36:53,478 | INFO | Number of chunks: 19
2026-01-21 11:37:00,873 | INFO | Chunk: 0 | WER=0.000000 | S=1 D=0 I=0
2026-01-21 11:37:00,874 | INFO | Chunk: 1 | WER=0.000000 | S=1 D=0 I=1
2026-01-21 11:37:00,874 | INFO | Chunk: 2 | WER=0.000000 | S=1 D=0 I=0
2026-01-21 11:37:00,874 | INFO | Chunk: 3 | WER=0.000000 | S=1 D=0 I=2
2026-01-21 11:37:00,874 | INFO | Chunk: 4 | WER=45.000000 | S=4 D=5 I=0
2026-01-21 11:37:00,875 | INFO | Chunk: 5 | WER=77.777778 | S=6 D=1 I=0
2026-01-21 11:37:00,875 | INFO | Chunk: 6 | WER=17.647059 | S=1 D=2 I=0
2026-01-21 11:37:00,876 | INFO | Chunk: 7 | WER=69.565217 | S=3 D=29 I=0
2026-01-21 11:37:00,876 | INFO | Chunk: 8 | WER=80.000000 | S=3 D=4 I=1
2026-01-21 11:37:00,876 | INFO | Chunk: 9 | WER=86.666667 | S=10 D=3 I=0
2026-01-21 11:37:00,876 | INFO | Chunk: 10 | WER=100.000000 | S=6 D=2 I=1
2026-01-21 11:37:00,877 | INFO | Chunk: 11 | WER=92.857143 | S=10 D=3 I=0
2026-01-21 11:37:00,877 | INFO | Chunk: 12 | WER=0.000000 | S=1 D=0 I=6
2026-01-21 11:37:00,877 | INFO | Chunk: 13 | WER=87.500000 | S=8 D=6 I=0
2026-01-21 11:37:00,877 | INFO | Chunk: 14 | WER=100.000000 | S=2 D=2 I=0
2026-01-21 11:37:00,878 | INFO | Chunk: 15 | WER=90.909091 | S=8 D=1 I=1
2026-01-21 11:37:00,878 | INFO | Chunk: 16 | WER=55.555556 | S=2 D=3 I=0
2026-01-21 11:37:00,878 | INFO | Chunk: 17 | WER=43.750000 | S=6 D=1 I=0
2026-01-21 11:37:00,878 | INFO | Chunk: 18 | WER=100.000000 | S=6 D=2 I=0
2026-01-21 11:37:00,878 | INFO | ------------------------------
2026-01-21 11:37:00,879 | INFO | ------------------------------
2026-01-21 11:37:00,891 | INFO | File: CCM-002710-01_L01.wav | WER=69.714286 | S=86 D=27 I=9
2026-01-21 11:37:00,891 | INFO | ------------------------------
2026-01-21 11:37:00,892 | INFO |  File duration: 127.0595918367347 seconds
2026-01-21 11:37:11,476 | INFO | Number of chunks: 24
2026-01-21 11:37:21,901 | INFO | Chunk: 0 | WER=0.000000 | S=0 D=0 I=0
2026-01-21 11:37:21,901 | INFO | Chunk: 1 | WER=16.666667 | S=0 D=1 I=0
2026-01-21 11:37:21,901 | INFO | Chunk: 2 | WER=26.666667 | S=3 D=1 I=0
2026-01-21 11:37:21,902 | INFO | Chunk: 3 | WER=40.000000 | S=2 D=0 I=0
2026-01-21 11:37:21,902 | INFO | Chunk: 4 | WER=25.000000 | S=1 D=0 I=0
2026-01-21 11:37:21,902 | INFO | Chunk: 5 | WER=6.666667 | S=1 D=0 I=0
2026-01-21 11:37:21,902 | INFO | Chunk: 6 | WER=200.000000 | S=1 D=0 I=1
2026-01-21 11:37:21,902 | INFO | Chunk: 7 | WER=100.000000 | S=3 D=0 I=0
2026-01-21 11:37:21,903 | INFO | Chunk: 8 | WER=20.000000 | S=2 D=1 I=0
2026-01-21 11:37:21,903 | INFO | Chunk: 9 | WER=16.666667 | S=0 D=1 I=0
2026-01-21 11:37:21,903 | INFO | Chunk: 10 | WER=33.333333 | S=2 D=0 I=0
2026-01-21 11:37:21,903 | INFO | Chunk: 11 | WER=28.571429 | S=2 D=0 I=0
2026-01-21 11:37:21,904 | INFO | Chunk: 12 | WER=43.750000 | S=4 D=3 I=0
2026-01-21 11:37:21,904 | INFO | Chunk: 13 | WER=42.857143 | S=1 D=2 I=0
2026-01-21 11:37:21,904 | INFO | Chunk: 14 | WER=33.333333 | S=1 D=0 I=0
2026-01-21 11:37:21,904 | INFO | Chunk: 15 | WER=33.333333 | S=1 D=0 I=0
2026-01-21 11:37:21,904 | INFO | Chunk: 16 | WER=25.000000 | S=2 D=0 I=0
2026-01-21 11:37:21,904 | INFO | Chunk: 17 | WER=0.000000 | S=0 D=0 I=0
2026-01-21 11:37:21,905 | INFO | Chunk: 18 | WER=40.000000 | S=2 D=0 I=0
2026-01-21 11:37:21,905 | INFO | Chunk: 19 | WER=75.000000 | S=3 D=2 I=1
2026-01-21 11:37:21,905 | INFO | Chunk: 20 | WER=100.000000 | S=2 D=0 I=0
2026-01-21 11:37:21,905 | INFO | Chunk: 21 | WER=44.444444 | S=4 D=0 I=0
2026-01-21 11:37:21,905 | INFO | Chunk: 22 | WER=33.333333 | S=3 D=0 I=0
2026-01-21 11:37:21,906 | INFO | Chunk: 23 | WER=15.000000 | S=2 D=1 I=0
2026-01-21 11:37:21,906 | INFO | ------------------------------
2026-01-21 11:37:21,906 | INFO | ------------------------------
2026-01-21 11:37:21,921 | INFO | File: CCM-003094-01_L01.wav | WER=26.285714 | S=38 D=2 I=6
2026-01-21 11:37:21,921 | INFO | ------------------------------
2026-01-21 11:37:21,921 | INFO |  File duration: 91.39374149659864 seconds
2026-01-21 11:37:29,174 | INFO | Number of chunks: 9
2026-01-21 11:37:37,283 | INFO | Chunk: 0 | WER=21.428571 | S=1 D=2 I=0
2026-01-21 11:37:37,283 | INFO | Chunk: 1 | WER=66.666667 | S=1 D=3 I=0
2026-01-21 11:37:37,284 | INFO | Chunk: 2 | WER=34.615385 | S=6 D=3 I=0
2026-01-21 11:37:37,284 | INFO | Chunk: 3 | WER=10.526316 | S=0 D=2 I=0
2026-01-21 11:37:37,284 | INFO | Chunk: 4 | WER=13.333333 | S=0 D=2 I=0
2026-01-21 11:37:37,285 | INFO | Chunk: 5 | WER=26.315789 | S=2 D=3 I=0
2026-01-21 11:37:37,285 | INFO | Chunk: 6 | WER=8.333333 | S=1 D=1 I=0
2026-01-21 11:37:37,286 | INFO | Chunk: 7 | WER=23.076923 | S=4 D=2 I=0
2026-01-21 11:37:37,287 | INFO | Chunk: 8 | WER=37.209302 | S=6 D=8 I=2
2026-01-21 11:37:37,287 | INFO | ------------------------------
2026-01-21 11:37:37,287 | INFO | ------------------------------
2026-01-21 11:37:37,301 | INFO | File: CCM-003110-01_L01.wav | WER=20.224719 | S=20 D=13 I=3
2026-01-21 11:37:37,301 | INFO | ------------------------------
2026-01-21 11:37:37,301 | INFO |  File duration: 122.32272108843537 seconds
2026-01-21 11:37:49,246 | INFO | Number of chunks: 10
2026-01-21 11:37:57,844 | INFO | Chunk: 0 | WER=59.090909 | S=0 D=26 I=0
2026-01-21 11:37:57,845 | INFO | Chunk: 1 | WER=13.888889 | S=5 D=0 I=0
2026-01-21 11:37:57,847 | INFO | Chunk: 2 | WER=32.075472 | S=12 D=5 I=0
2026-01-21 11:37:57,847 | INFO | Chunk: 3 | WER=25.000000 | S=3 D=3 I=0
2026-01-21 11:37:57,847 | INFO | Chunk: 4 | WER=80.000000 | S=2 D=2 I=0
2026-01-21 11:37:57,847 | INFO | Chunk: 5 | WER=100.000000 | S=4 D=4 I=0
2026-01-21 11:37:57,848 | INFO | Chunk: 6 | WER=100.000000 | S=1 D=0 I=0
2026-01-21 11:37:57,848 | INFO | Chunk: 7 | WER=400.000000 | S=1 D=0 I=3
2026-01-21 11:37:57,848 | INFO | Chunk: 8 | WER=16.666667 | S=1 D=3 I=0
2026-01-21 11:37:57,848 | INFO | Chunk: 9 | WER=70.000000 | S=5 D=2 I=0
2026-01-21 11:37:57,848 | INFO | ------------------------------
2026-01-21 11:37:57,848 | INFO | ------------------------------
2026-01-21 11:37:57,862 | INFO | File: CCM-003493-01_L01.wav | WER=35.955056 | S=26 D=26 I=12
2026-01-21 11:37:57,862 | INFO | ------------------------------
2026-01-21 11:37:57,862 | INFO |  File duration: 142.47764172335602 seconds
2026-01-21 11:38:09,582 | INFO | Number of chunks: 32
2026-01-21 11:38:18,903 | INFO | Chunk: 0 | WER=0.000000 | S=0 D=0 I=0
2026-01-21 11:38:18,903 | INFO | Chunk: 1 | WER=0.000000 | S=0 D=0 I=0
2026-01-21 11:38:18,903 | INFO | Chunk: 2 | WER=100.000000 | S=1 D=0 I=0
2026-01-21 11:38:18,904 | INFO | Chunk: 3 | WER=100.000000 | S=2 D=2 I=0
2026-01-21 11:38:18,904 | INFO | Chunk: 4 | WER=114.285714 | S=5 D=1 I=2
2026-01-21 11:38:18,904 | INFO | Chunk: 5 | WER=500.000000 | S=1 D=0 I=4
2026-01-21 11:38:18,904 | INFO | Chunk: 6 | WER=55.555556 | S=4 D=1 I=0
2026-01-21 11:38:18,904 | INFO | Chunk: 7 | WER=0.000000 | S=0 D=0 I=0
2026-01-21 11:38:18,904 | INFO | Chunk: 8 | WER=42.857143 | S=3 D=0 I=0
2026-01-21 11:38:18,905 | INFO | Chunk: 9 | WER=200.000000 | S=1 D=0 I=1
2026-01-21 11:38:18,905 | INFO | Chunk: 10 | WER=100.000000 | S=1 D=0 I=0
2026-01-21 11:38:18,905 | INFO | Chunk: 11 | WER=8.333333 | S=1 D=0 I=0
2026-01-21 11:38:18,905 | INFO | Chunk: 12 | WER=71.428571 | S=3 D=2 I=0
2026-01-21 11:38:18,905 | INFO | Chunk: 13 | WER=0.000000 | S=0 D=0 I=0
2026-01-21 11:38:18,905 | INFO | Chunk: 14 | WER=0.000000 | S=0 D=0 I=0
2026-01-21 11:38:18,906 | INFO | Chunk: 15 | WER=36.363636 | S=2 D=2 I=0
2026-01-21 11:38:18,906 | INFO | Chunk: 16 | WER=40.000000 | S=2 D=0 I=0
2026-01-21 11:38:18,906 | INFO | Chunk: 17 | WER=100.000000 | S=3 D=0 I=1
2026-01-21 11:38:18,906 | INFO | Chunk: 18 | WER=40.000000 | S=2 D=0 I=0
2026-01-21 11:38:18,906 | INFO | Chunk: 19 | WER=12.500000 | S=1 D=0 I=0
2026-01-21 11:38:18,907 | INFO | Chunk: 20 | WER=80.000000 | S=2 D=2 I=0
2026-01-21 11:38:18,907 | INFO | Chunk: 21 | WER=20.000000 | S=1 D=0 I=0
2026-01-21 11:38:18,907 | INFO | Chunk: 22 | WER=46.153846 | S=5 D=1 I=0
2026-01-21 11:38:18,907 | INFO | Chunk: 23 | WER=0.000000 | S=0 D=0 I=0
2026-01-21 11:38:18,907 | INFO | Chunk: 24 | WER=66.666667 | S=3 D=1 I=0
2026-01-21 11:38:18,907 | INFO | Chunk: 25 | WER=66.666667 | S=2 D=1 I=1
2026-01-21 11:38:18,908 | INFO | Chunk: 26 | WER=150.000000 | S=2 D=0 I=1
2026-01-21 11:38:18,908 | INFO | Chunk: 27 | WER=33.333333 | S=2 D=0 I=1
2026-01-21 11:38:18,908 | INFO | Chunk: 28 | WER=0.000000 | S=0 D=0 I=0
2026-01-21 11:38:18,908 | INFO | Chunk: 29 | WER=25.000000 | S=2 D=0 I=0
2026-01-21 11:38:18,908 | INFO | Chunk: 30 | WER=75.000000 | S=4 D=2 I=0
2026-01-21 11:38:18,909 | INFO | Chunk: 31 | WER=25.000000 | S=0 D=2 I=0
2026-01-21 11:38:18,909 | INFO | ------------------------------
2026-01-21 11:38:18,909 | INFO | ------------------------------
2026-01-21 11:38:18,923 | INFO | File: CCM-003998-01_L01.wav | WER=39.548023 | S=51 D=4 I=15
2026-01-21 11:38:18,923 | INFO | ------------------------------
2026-01-21 11:38:18,924 | INFO |  File duration: 94.87673469387755 seconds
2026-01-21 11:38:25,364 | INFO | Number of chunks: 16
2026-01-21 11:38:33,196 | INFO | Chunk: 0 | WER=5.555556 | S=1 D=0 I=0
2026-01-21 11:38:33,196 | INFO | Chunk: 1 | WER=21.428571 | S=3 D=0 I=0
2026-01-21 11:38:33,196 | INFO | Chunk: 2 | WER=22.222222 | S=2 D=0 I=0
2026-01-21 11:38:33,197 | INFO | Chunk: 3 | WER=5.882353 | S=1 D=0 I=0
2026-01-21 11:38:33,197 | INFO | Chunk: 4 | WER=0.000000 | S=0 D=0 I=0
2026-01-21 11:38:33,197 | INFO | Chunk: 5 | WER=33.333333 | S=4 D=2 I=0
2026-01-21 11:38:33,198 | INFO | Chunk: 6 | WER=21.739130 | S=3 D=2 I=0
2026-01-21 11:38:33,198 | INFO | Chunk: 7 | WER=42.857143 | S=4 D=2 I=0
2026-01-21 11:38:33,198 | INFO | Chunk: 8 | WER=18.181818 | S=1 D=1 I=0
2026-01-21 11:38:33,198 | INFO | Chunk: 9 | WER=400.000000 | S=1 D=0 I=3
2026-01-21 11:38:33,199 | INFO | Chunk: 10 | WER=100.000000 | S=2 D=1 I=0
2026-01-21 11:38:33,199 | INFO | Chunk: 11 | WER=33.333333 | S=3 D=0 I=0
2026-01-21 11:38:33,199 | INFO | Chunk: 12 | WER=14.285714 | S=1 D=0 I=0
2026-01-21 11:38:33,199 | INFO | Chunk: 13 | WER=12.500000 | S=1 D=0 I=0
2026-01-21 11:38:33,199 | INFO | Chunk: 14 | WER=0.000000 | S=0 D=0 I=0
2026-01-21 11:38:33,200 | INFO | Chunk: 15 | WER=37.500000 | S=2 D=1 I=0
2026-01-21 11:38:33,200 | INFO | ------------------------------
2026-01-21 11:38:33,200 | INFO | ------------------------------
2026-01-21 11:38:33,213 | INFO | File: CCM-004523-01_L01.wav | WER=22.222222 | S=26 D=5 I=7
2026-01-21 11:38:33,213 | INFO | ------------------------------
2026-01-21 11:38:33,214 | INFO |  File duration: 74.86113378684807 seconds
2026-01-21 11:38:40,947 | INFO | Number of chunks: 8
2026-01-21 11:38:48,128 | INFO | Chunk: 0 | WER=10.000000 | S=0 D=2 I=0
2026-01-21 11:38:48,129 | INFO | Chunk: 1 | WER=50.000000 | S=7 D=5 I=1
2026-01-21 11:38:48,129 | INFO | Chunk: 2 | WER=36.842105 | S=3 D=4 I=0
2026-01-21 11:38:48,129 | INFO | Chunk: 3 | WER=29.411765 | S=1 D=4 I=0
2026-01-21 11:38:48,130 | INFO | Chunk: 4 | WER=26.315789 | S=1 D=4 I=0
2026-01-21 11:38:48,130 | INFO | Chunk: 5 | WER=60.714286 | S=8 D=9 I=0
2026-01-21 11:38:48,131 | INFO | Chunk: 6 | WER=66.666667 | S=4 D=4 I=0
2026-01-21 11:38:48,132 | INFO | Chunk: 7 | WER=71.641791 | S=18 D=26 I=4
2026-01-21 11:38:48,132 | INFO | ------------------------------
2026-01-21 11:38:48,132 | INFO | ------------------------------
2026-01-21 11:38:48,145 | INFO | File: CCM-004538-01_L01.wav | WER=45.505618 | S=40 D=32 I=9
2026-01-21 11:38:48,145 | INFO | ------------------------------
2026-01-21 11:38:48,145 | WARNING | The file /vol/corpora/TAPAS_FRAIS/Data_partagees_ParisTypaloc-TapasFrais/8-CEREB/CCM-004773-01_L01.wav does not exist
2026-01-21 11:38:48,145 | INFO | ===================== GLOBAL WER ======================
2026-01-21 11:38:48,145 | INFO | The number of files is 7
2026-01-21 11:38:48,145 | INFO | WER: 37.07%
2026-01-21 11:38:48,145 | INFO | =============================================================
