2026-01-12 15:32:30,931 | INFO | File: MO_H_ER48_2017_01_28_ModuleDescription_description | WER=23.076923 | S=16 D=9 I=2
2026-01-12 15:32:30,931 | INFO | ------------------------------
2026-01-12 15:32:30,979 | INFO | File: MO_F_ER19_2016_04_10_ModuleDescription_description | WER=32.432432 | S=15 D=3 I=6
2026-01-12 15:32:30,979 | INFO | ------------------------------
2026-01-12 15:32:31,081 | INFO | File: MO_H_SD36_2016_06_23_ModuleDescription_description | WER=13.986014 | S=14 D=5 I=1
2026-01-12 15:32:31,081 | INFO | ------------------------------
2026-01-12 15:32:31,126 | INFO | File: MO_H_SD11_2016_04_25_ModuleDescription_description | WER=18.859649 | S=25 D=9 I=9
2026-01-12 15:32:31,127 | INFO | ------------------------------
2026-01-12 15:32:31,139 | INFO | File: MO_H_AV18_2016_04_18_ModuleDescription_description | WER=22.784810 | S=10 D=6 I=2
2026-01-12 15:32:31,139 | INFO | ------------------------------
2026-01-12 15:32:31,153 | INFO | File: MO_F_ER02_2016_04_04_ModuleDescription_description | WER=51.162791 | S=16 D=4 I=2
2026-01-12 15:32:31,153 | INFO | ------------------------------
2026-01-12 15:32:31,190 | INFO | File: MO_F_SD24_2016_05_03_ModuleDescription_description | WER=16.129032 | S=17 D=4 I=9
2026-01-12 15:32:31,190 | INFO | ------------------------------
2026-01-12 15:32:31,220 | INFO | File: MO_H_ER24_2016_04_15_ModuleDescription_description | WER=42.500000 | S=49 D=11 I=8
2026-01-12 15:32:31,220 | INFO | ------------------------------
2026-01-12 15:32:31,259 | INFO | File: MO_F_AV27_2016_05_14_ModuleDescription_description | WER=18.446602 | S=27 D=8 I=3
2026-01-12 15:32:31,259 | INFO | ------------------------------
2026-01-12 15:32:31,281 | INFO | File: MO_F_SD22_2016_05_03_ModuleDescription_description | WER=19.277108 | S=10 D=4 I=2
2026-01-12 15:32:31,281 | INFO | ------------------------------
2026-01-12 15:32:31,517 | INFO | File: MO_F_SD33_2016_06_22_ModuleDescription_description | WER=35.838150 | S=143 D=82 I=23
2026-01-12 15:32:31,517 | INFO | ------------------------------
2026-01-12 15:32:31,562 | INFO | File: MO_F_AV09_2016_04_15_ModuleDescription_description | WER=26.792453 | S=38 D=26 I=7
2026-01-12 15:32:31,562 | INFO | ------------------------------
2026-01-12 15:32:31,580 | INFO | File: MO_H_ER09_2016_04_07_ModuleDescription_description | WER=23.076923 | S=18 D=6 I=6
2026-01-12 15:32:31,580 | INFO | ------------------------------
2026-01-12 15:32:31,603 | INFO | File: MO_F_AV25_2016_05_14_ModuleDescription_description | WER=20.325203 | S=19 D=3 I=3
2026-01-12 15:32:31,603 | INFO | ------------------------------
2026-01-12 15:32:31,639 | INFO | File: MO_H_ER47_2017_03_31_ModuleDescription_description | WER=37.444934 | S=43 D=14 I=28
2026-01-12 15:32:31,639 | INFO | ------------------------------
2026-01-12 15:32:31,746 | INFO | File: MO_H_SD13_2016_08_13_ModuleDescription_description | WER=18.313253 | S=36 D=17 I=23
2026-01-12 15:32:31,746 | INFO | ------------------------------
2026-01-12 15:32:31,778 | INFO | File: MO_H_ER47_2017_01_27_ModuleDescription_description | WER=39.234450 | S=44 D=35 I=3
2026-01-12 15:32:31,778 | INFO | ------------------------------
2026-01-12 15:32:31,799 | INFO | File: MO_F_ER08_2016_06_08_ModuleDescription_description | WER=32.653061 | S=32 D=14 I=2
2026-01-12 15:32:31,799 | INFO | ------------------------------
2026-01-12 15:32:31,849 | INFO | File: MO_F_AV01_2016_04_08_ModuleDescription_description | WER=14.285714 | S=18 D=10 I=7
2026-01-12 15:32:31,849 | INFO | ------------------------------
2026-01-12 15:32:31,858 | INFO | File: MO_H_ER40_2017_01_24_ModuleDescription_description | WER=33.928571 | S=8 D=9 I=2
2026-01-12 15:32:31,858 | INFO | ------------------------------
2026-01-12 15:32:31,870 | INFO | File: MO_H_AV10_2016_04_15_ModuleDescription_description | WER=11.702128 | S=10 D=0 I=1
2026-01-12 15:32:31,870 | INFO | ------------------------------
2026-01-12 15:32:31,879 | INFO | File: MO_H_AV24_2016_05_14_ModuleDescription_description | WER=8.235294 | S=4 D=2 I=1
2026-01-12 15:32:31,879 | INFO | ------------------------------
2026-01-12 15:32:31,903 | INFO | File: MO_F_SD18_2016_05_02_ModuleDescription_description | WER=11.309524 | S=13 D=3 I=3
2026-01-12 15:32:31,903 | INFO | ------------------------------
2026-01-12 15:32:31,926 | INFO | File: MO_F_ER08_2016_04_07_ModuleDescription_description | WER=31.446541 | S=36 D=5 I=9
2026-01-12 15:32:31,926 | INFO | ------------------------------
2026-01-12 15:32:31,937 | INFO | File: MO_F_AV14_2016_04_18_ModuleDescription_description | WER=54.687500 | S=21 D=5 I=9
2026-01-12 15:32:31,937 | INFO | ------------------------------
2026-01-12 15:32:31,969 | INFO | File: MO_H_ER48_2017_04_08_ModuleDescription_description | WER=28.571429 | S=15 D=16 I=1
2026-01-12 15:32:31,969 | INFO | ------------------------------
2026-01-12 15:32:31,994 | INFO | File: MO_H_ER23_2016_04_14_ModuleDescription_description | WER=33.536585 | S=26 D=21 I=8
2026-01-12 15:32:31,994 | INFO | ------------------------------
2026-01-12 15:32:32,016 | INFO | File: MO_H_AV22_2016_04_19_ModuleDescription_description | WER=23.076923 | S=23 D=8 I=5
2026-01-12 15:32:32,016 | INFO | ------------------------------
2026-01-12 15:32:32,038 | INFO | File: MO_H_ER17_2016_04_08_ModuleDescription_description | WER=26.415094 | S=18 D=12 I=12
2026-01-12 15:32:32,038 | INFO | ------------------------------
2026-01-12 15:32:32,072 | INFO | File: MO_F_SD28_2016_05_20_ModuleDescription_description | WER=28.494624 | S=33 D=15 I=5
2026-01-12 15:32:32,072 | INFO | ------------------------------
2026-01-12 15:32:32,089 | INFO | File: MO_H_AV33_2016_06_06_ModuleDescription_description | WER=25.757576 | S=22 D=6 I=6
2026-01-12 15:32:32,089 | INFO | ------------------------------
2026-01-12 15:32:32,114 | INFO | File: MO_F_AV26_2016_05_14_ModuleDescription_description | WER=19.337017 | S=12 D=14 I=9
2026-01-12 15:32:32,115 | INFO | ------------------------------
2026-01-12 15:32:32,123 | INFO | File: MO_H_AV38_2016_06_10_ModuleDescription_description | WER=25.333333 | S=11 D=7 I=1
2026-01-12 15:32:32,123 | INFO | ------------------------------
2026-01-12 15:32:32,146 | INFO | File: MO_F_AV23_2016_04_19_ModuleDescription_description | WER=34.337349 | S=28 D=20 I=9
2026-01-12 15:32:32,146 | INFO | ------------------------------
2026-01-12 15:32:32,184 | INFO | File: MO_F_SD32_2016_06_16_ModuleDescription_description | WER=23.728814 | S=28 D=7 I=7
2026-01-12 15:32:32,184 | INFO | ------------------------------
2026-01-12 15:32:32,192 | INFO | File: MO_F_ER16_2016_04_08_ModuleDescription_description | WER=23.750000 | S=10 D=9 I=0
2026-01-12 15:32:32,192 | INFO | ------------------------------
2026-01-12 15:32:32,205 | INFO | File: MO_H_ER49_2017_06_08_ModuleDescription_description | WER=41.237113 | S=25 D=7 I=8
2026-01-12 15:32:32,205 | INFO | ------------------------------
2026-01-12 15:32:32,209 | INFO | File: MO_F_ER02_2016_06_08_ModuleDescription_description | WER=54.285714 | S=8 D=11 I=0
2026-01-12 15:32:32,209 | INFO | ------------------------------
2026-01-12 15:32:32,228 | INFO | File: MO_H_AV30_2016_06_05_ModuleDescription_description | WER=17.857143 | S=14 D=10 I=1
2026-01-12 15:32:32,228 | INFO | ------------------------------
2026-01-12 15:32:32,392 | INFO | File: MO_F_SD12_2016_04_25_ModuleDescription_description | WER=25.840708 | S=83 D=39 I=24
2026-01-12 15:32:32,392 | INFO | ------------------------------
2026-01-12 15:32:32,430 | INFO | File: MO_H_SD25_2016_05_12_ModuleDescription_description | WER=21.721311 | S=33 D=17 I=3
2026-01-12 15:32:32,430 | INFO | ------------------------------
2026-01-12 15:32:32,503 | INFO | File: MO_H_SD13_2016_04_25_ModuleDescription_description | WER=17.201166 | S=26 D=7 I=26
2026-01-12 15:32:32,503 | INFO | ------------------------------
2026-01-12 15:32:32,533 | INFO | File: MO_F_SD38_2016_06_28_ModuleDescription_description | WER=26.600985 | S=33 D=16 I=5
2026-01-12 15:32:32,533 | INFO | ------------------------------
2026-01-12 15:32:32,591 | INFO | File: MO_F_ER18_2016_04_08_ModuleDescription_description | WER=14.238411 | S=26 D=7 I=10
2026-01-12 15:32:32,592 | INFO | ------------------------------
2026-01-12 15:32:32,597 | INFO | File: MO_F_ER06_2016_04_06_ModuleDescription_description | WER=39.583333 | S=8 D=9 I=2
2026-01-12 15:32:32,597 | INFO | ------------------------------
2026-01-12 15:32:32,610 | INFO | File: MO_F_ER22_2016_04_12_ModuleDescription_description | WER=39.837398 | S=22 D=21 I=6
2026-01-12 15:32:32,610 | INFO | ------------------------------
2026-01-12 15:32:32,642 | INFO | File: MO_H_ER27_2016_04_18_ModuleDescription_description | WER=20.915033 | S=23 D=5 I=4
2026-01-12 15:32:32,642 | INFO | ------------------------------
2026-01-12 15:32:32,659 | INFO | File: MO_H_ER40_2017_05_23_ModuleDescription_description | WER=35.820896 | S=21 D=22 I=5
2026-01-12 15:32:32,659 | INFO | ------------------------------
2026-01-12 15:32:32,669 | INFO | File: MO_F_SD19_2016_05_02_ModuleDescription_description | WER=19.540230 | S=9 D=6 I=2
2026-01-12 15:32:32,669 | INFO | ------------------------------
2026-01-12 15:32:32,697 | INFO | File: MO_F_ER10_2016_04_07_ModuleDescription_description | WER=22.335025 | S=28 D=11 I=5
2026-01-12 15:32:32,697 | INFO | ------------------------------
2026-01-12 15:32:32,720 | INFO | File: MO_H_ER41_2017_01_24_ModuleDescription_description | WER=28.025478 | S=36 D=7 I=1
2026-01-12 15:32:32,720 | INFO | ------------------------------
2026-01-12 15:32:32,757 | INFO | File: MO_H_AV22_2016_06_09_ModuleDescription_description | WER=20.704846 | S=29 D=8 I=10
2026-01-12 15:32:32,757 | INFO | ------------------------------
2026-01-12 15:32:32,798 | INFO | File: MO_F_SD35_2016_06_23_ModuleDescription_description | WER=30.152672 | S=47 D=28 I=4
2026-01-12 15:32:32,798 | INFO | ------------------------------
2026-01-12 15:32:32,806 | INFO | File: MO_H_SD07_2016_04_22_ModuleDescription_description | WER=34.722222 | S=13 D=10 I=2
2026-01-12 15:32:32,806 | INFO | ------------------------------
2026-01-12 15:32:33,273 | INFO | File: MO_F_AV36_2016_06_07_ModuleDescription_description | WER=20.000000 | S=106 D=55 I=43
2026-01-12 15:32:33,274 | INFO | ------------------------------
2026-01-12 15:32:33,287 | INFO | File: MO_H_ER41_2017_05_29_ModuleDescription_description | WER=33.980583 | S=22 D=7 I=6
2026-01-12 15:32:33,287 | INFO | ------------------------------
2026-01-12 15:32:33,295 | INFO | File: MO_H_AV19_2016_04_18_ModuleDescription_description | WER=40.277778 | S=17 D=7 I=5
2026-01-12 15:32:33,295 | INFO | ------------------------------
2026-01-12 15:32:33,312 | INFO | File: MO_F_SD08_2016_04_22_ModuleDescription_description | WER=22.834646 | S=14 D=5 I=10
2026-01-12 15:32:33,312 | INFO | ------------------------------
2026-01-12 15:32:33,330 | INFO | File: MO_F_ER26_2016_04_18_ModuleDescription_description | WER=27.891156 | S=21 D=19 I=1
2026-01-12 15:32:33,330 | INFO | ------------------------------
2026-01-12 15:32:33,349 | INFO | File: MO_H_AV37_2016_06_08_ModuleDescription_description | WER=15.315315 | S=5 D=10 I=2
2026-01-12 15:32:33,349 | INFO | ------------------------------
2026-01-12 15:32:33,366 | INFO | File: MO_H_ER09_2016_06_08_ModuleDescription_description | WER=17.187500 | S=13 D=6 I=3
2026-01-12 15:32:33,366 | INFO | ------------------------------
2026-01-12 15:32:33,380 | INFO | File: MO_H_ER43_2017_01_24_ModuleDescription_description | WER=35.398230 | S=20 D=12 I=8
2026-01-12 15:32:33,380 | INFO | ------------------------------
2026-01-12 15:32:33,393 | INFO | File: MO_F_AV06_2016_04_13_ModuleDescription_description | WER=52.459016 | S=19 D=11 I=2
2026-01-12 15:32:33,393 | INFO | ------------------------------
2026-01-12 15:32:33,418 | INFO | File: MO_H_ER43_2017_05_23_ModuleDescription_description | WER=49.726776 | S=63 D=21 I=7
2026-01-12 15:32:33,418 | INFO | ------------------------------
2026-01-12 15:32:33,429 | INFO | File: MO_F_AV17_2016_04_18_ModuleDescription_description | WER=22.916667 | S=12 D=10 I=0
2026-01-12 15:32:33,429 | INFO | ------------------------------
2026-01-12 15:32:33,450 | INFO | File: MO_H_SD30_2016_05_21_ModuleDescription_description | WER=25.000000 | S=14 D=10 I=14
2026-01-12 15:32:33,450 | INFO | ------------------------------
2026-01-12 15:32:33,469 | INFO | File: MO_F_AV21_2016_04_18_ModuleDescription_description | WER=31.428571 | S=26 D=4 I=14
2026-01-12 15:32:33,469 | INFO | ------------------------------
2026-01-12 15:32:33,480 | INFO | File: MO_H_ER49_2017_01_28_ModuleDescription_description | WER=45.454545 | S=23 D=9 I=13
2026-01-12 15:32:33,480 | INFO | ------------------------------
2026-01-12 15:32:33,480 | INFO | ===================== GLOBAL WER ======================
2026-01-12 15:32:33,480 | INFO | WER: 27.95%
2026-01-12 15:32:33,480 | INFO | =============================================================
