2026-01-12 15:36:43,893 | INFO | File: MO_H_ER48_2017_01_28_ModuleDescription_description | WER=34.188034 | S=22 D=13 I=5
2026-01-12 15:36:43,893 | INFO | ------------------------------
2026-01-12 15:36:43,910 | INFO | File: MO_F_ER19_2016_04_10_ModuleDescription_description | WER=28.378378 | S=16 D=4 I=1
2026-01-12 15:36:43,910 | INFO | ------------------------------
2026-01-12 15:36:44,000 | INFO | File: MO_H_SD36_2016_06_23_ModuleDescription_description | WER=18.181818 | S=17 D=4 I=5
2026-01-12 15:36:44,000 | INFO | ------------------------------
2026-01-12 15:36:44,038 | INFO | File: MO_H_SD11_2016_04_25_ModuleDescription_description | WER=20.175439 | S=23 D=13 I=10
2026-01-12 15:36:44,038 | INFO | ------------------------------
2026-01-12 15:36:44,053 | INFO | File: MO_H_AV18_2016_04_18_ModuleDescription_description | WER=32.911392 | S=13 D=9 I=4
2026-01-12 15:36:44,053 | INFO | ------------------------------
2026-01-12 15:36:44,058 | INFO | File: MO_F_ER02_2016_04_04_ModuleDescription_description | WER=51.162791 | S=19 D=2 I=1
2026-01-12 15:36:44,058 | INFO | ------------------------------
2026-01-12 15:36:44,086 | INFO | File: MO_F_SD24_2016_05_03_ModuleDescription_description | WER=17.741935 | S=14 D=5 I=14
2026-01-12 15:36:44,087 | INFO | ------------------------------
2026-01-12 15:36:44,110 | INFO | File: MO_H_ER24_2016_04_15_ModuleDescription_description | WER=43.750000 | S=46 D=9 I=15
2026-01-12 15:36:44,110 | INFO | ------------------------------
2026-01-12 15:36:44,141 | INFO | File: MO_F_AV27_2016_05_14_ModuleDescription_description | WER=23.786408 | S=31 D=13 I=5
2026-01-12 15:36:44,142 | INFO | ------------------------------
2026-01-12 15:36:44,152 | INFO | File: MO_F_SD22_2016_05_03_ModuleDescription_description | WER=36.144578 | S=19 D=5 I=6
2026-01-12 15:36:44,152 | INFO | ------------------------------
2026-01-12 15:36:44,393 | INFO | File: MO_F_SD33_2016_06_22_ModuleDescription_description | WER=35.115607 | S=122 D=56 I=65
2026-01-12 15:36:44,393 | INFO | ------------------------------
2026-01-12 15:36:44,440 | INFO | File: MO_F_AV09_2016_04_15_ModuleDescription_description | WER=26.415094 | S=42 D=20 I=8
2026-01-12 15:36:44,440 | INFO | ------------------------------
2026-01-12 15:36:44,467 | INFO | File: MO_H_ER09_2016_04_07_ModuleDescription_description | WER=36.153846 | S=28 D=9 I=10
2026-01-12 15:36:44,467 | INFO | ------------------------------
2026-01-12 15:36:44,483 | INFO | File: MO_F_AV25_2016_05_14_ModuleDescription_description | WER=17.073171 | S=13 D=6 I=2
2026-01-12 15:36:44,484 | INFO | ------------------------------
2026-01-12 15:36:44,519 | INFO | File: MO_H_ER47_2017_03_31_ModuleDescription_description | WER=37.444934 | S=46 D=17 I=22
2026-01-12 15:36:44,519 | INFO | ------------------------------
2026-01-12 15:36:44,625 | INFO | File: MO_H_SD13_2016_08_13_ModuleDescription_description | WER=31.084337 | S=62 D=13 I=54
2026-01-12 15:36:44,625 | INFO | ------------------------------
2026-01-12 15:36:44,654 | INFO | File: MO_H_ER47_2017_01_27_ModuleDescription_description | WER=40.669856 | S=38 D=44 I=3
2026-01-12 15:36:44,655 | INFO | ------------------------------
2026-01-12 15:36:44,674 | INFO | File: MO_F_ER08_2016_06_08_ModuleDescription_description | WER=48.979592 | S=52 D=16 I=4
2026-01-12 15:36:44,674 | INFO | ------------------------------
2026-01-12 15:36:44,715 | INFO | File: MO_F_AV01_2016_04_08_ModuleDescription_description | WER=22.857143 | S=34 D=9 I=13
2026-01-12 15:36:44,715 | INFO | ------------------------------
2026-01-12 15:36:44,738 | INFO | File: MO_H_ER40_2017_01_24_ModuleDescription_description | WER=35.714286 | S=12 D=4 I=4
2026-01-12 15:36:44,738 | INFO | ------------------------------
2026-01-12 15:36:44,753 | INFO | File: MO_H_AV10_2016_04_15_ModuleDescription_description | WER=30.851064 | S=21 D=5 I=3
2026-01-12 15:36:44,754 | INFO | ------------------------------
2026-01-12 15:36:44,763 | INFO | File: MO_H_AV24_2016_05_14_ModuleDescription_description | WER=11.764706 | S=7 D=2 I=1
2026-01-12 15:36:44,763 | INFO | ------------------------------
2026-01-12 15:36:44,786 | INFO | File: MO_F_SD18_2016_05_02_ModuleDescription_description | WER=23.214286 | S=24 D=8 I=7
2026-01-12 15:36:44,786 | INFO | ------------------------------
2026-01-12 15:36:44,808 | INFO | File: MO_F_ER08_2016_04_07_ModuleDescription_description | WER=43.396226 | S=50 D=14 I=5
2026-01-12 15:36:44,808 | INFO | ------------------------------
2026-01-12 15:36:44,824 | INFO | File: MO_F_AV14_2016_04_18_ModuleDescription_description | WER=75.000000 | S=24 D=6 I=18
2026-01-12 15:36:44,824 | INFO | ------------------------------
2026-01-12 15:36:44,838 | INFO | File: MO_H_ER48_2017_04_08_ModuleDescription_description | WER=33.928571 | S=26 D=5 I=7
2026-01-12 15:36:44,838 | INFO | ------------------------------
2026-01-12 15:36:44,871 | INFO | File: MO_H_ER23_2016_04_14_ModuleDescription_description | WER=33.536585 | S=35 D=10 I=10
2026-01-12 15:36:44,871 | INFO | ------------------------------
2026-01-12 15:36:44,893 | INFO | File: MO_H_AV22_2016_04_19_ModuleDescription_description | WER=26.282051 | S=26 D=6 I=9
2026-01-12 15:36:44,893 | INFO | ------------------------------
2026-01-12 15:36:44,915 | INFO | File: MO_H_ER17_2016_04_08_ModuleDescription_description | WER=30.188679 | S=26 D=10 I=12
2026-01-12 15:36:44,915 | INFO | ------------------------------
2026-01-12 15:36:44,940 | INFO | File: MO_F_SD28_2016_05_20_ModuleDescription_description | WER=27.419355 | S=30 D=18 I=3
2026-01-12 15:36:44,941 | INFO | ------------------------------
2026-01-12 15:36:44,957 | INFO | File: MO_H_AV33_2016_06_06_ModuleDescription_description | WER=34.848485 | S=30 D=8 I=8
2026-01-12 15:36:44,958 | INFO | ------------------------------
2026-01-12 15:36:44,980 | INFO | File: MO_F_AV26_2016_05_14_ModuleDescription_description | WER=42.541436 | S=18 D=49 I=10
2026-01-12 15:36:44,980 | INFO | ------------------------------
2026-01-12 15:36:44,989 | INFO | File: MO_H_AV38_2016_06_10_ModuleDescription_description | WER=37.333333 | S=18 D=8 I=2
2026-01-12 15:36:44,989 | INFO | ------------------------------
2026-01-12 15:36:45,021 | INFO | File: MO_F_AV23_2016_04_19_ModuleDescription_description | WER=42.168675 | S=42 D=17 I=11
2026-01-12 15:36:45,021 | INFO | ------------------------------
2026-01-12 15:36:45,049 | INFO | File: MO_F_SD32_2016_06_16_ModuleDescription_description | WER=36.723164 | S=41 D=3 I=21
2026-01-12 15:36:45,050 | INFO | ------------------------------
2026-01-12 15:36:45,058 | INFO | File: MO_F_ER16_2016_04_08_ModuleDescription_description | WER=38.750000 | S=16 D=10 I=5
2026-01-12 15:36:45,058 | INFO | ------------------------------
2026-01-12 15:36:45,070 | INFO | File: MO_H_ER49_2017_06_08_ModuleDescription_description | WER=58.762887 | S=32 D=8 I=17
2026-01-12 15:36:45,070 | INFO | ------------------------------
2026-01-12 15:36:45,074 | INFO | File: MO_F_ER02_2016_06_08_ModuleDescription_description | WER=37.142857 | S=9 D=3 I=1
2026-01-12 15:36:45,074 | INFO | ------------------------------
2026-01-12 15:36:45,093 | INFO | File: MO_H_AV30_2016_06_05_ModuleDescription_description | WER=18.571429 | S=18 D=5 I=3
2026-01-12 15:36:45,093 | INFO | ------------------------------
2026-01-12 15:36:45,261 | INFO | File: MO_F_SD12_2016_04_25_ModuleDescription_description | WER=27.256637 | S=104 D=21 I=29
2026-01-12 15:36:45,261 | INFO | ------------------------------
2026-01-12 15:36:45,299 | INFO | File: MO_H_SD25_2016_05_12_ModuleDescription_description | WER=21.311475 | S=32 D=15 I=5
2026-01-12 15:36:45,300 | INFO | ------------------------------
2026-01-12 15:36:45,375 | INFO | File: MO_H_SD13_2016_04_25_ModuleDescription_description | WER=28.862974 | S=42 D=8 I=49
2026-01-12 15:36:45,375 | INFO | ------------------------------
2026-01-12 15:36:45,405 | INFO | File: MO_F_SD38_2016_06_28_ModuleDescription_description | WER=35.467980 | S=41 D=20 I=11
2026-01-12 15:36:45,405 | INFO | ------------------------------
2026-01-12 15:36:45,465 | INFO | File: MO_F_ER18_2016_04_08_ModuleDescription_description | WER=22.516556 | S=46 D=6 I=16
2026-01-12 15:36:45,465 | INFO | ------------------------------
2026-01-12 15:36:45,470 | INFO | File: MO_F_ER06_2016_04_06_ModuleDescription_description | WER=56.250000 | S=18 D=9 I=0
2026-01-12 15:36:45,470 | INFO | ------------------------------
2026-01-12 15:36:45,483 | INFO | File: MO_F_ER22_2016_04_12_ModuleDescription_description | WER=46.341463 | S=27 D=25 I=5
2026-01-12 15:36:45,483 | INFO | ------------------------------
2026-01-12 15:36:45,505 | INFO | File: MO_H_ER27_2016_04_18_ModuleDescription_description | WER=18.300654 | S=20 D=7 I=1
2026-01-12 15:36:45,505 | INFO | ------------------------------
2026-01-12 15:36:45,522 | INFO | File: MO_H_ER40_2017_05_23_ModuleDescription_description | WER=35.074627 | S=26 D=13 I=8
2026-01-12 15:36:45,522 | INFO | ------------------------------
2026-01-12 15:36:45,532 | INFO | File: MO_F_SD19_2016_05_02_ModuleDescription_description | WER=26.436782 | S=15 D=1 I=7
2026-01-12 15:36:45,532 | INFO | ------------------------------
2026-01-12 15:36:45,560 | INFO | File: MO_F_ER10_2016_04_07_ModuleDescription_description | WER=34.517766 | S=38 D=18 I=12
2026-01-12 15:36:45,560 | INFO | ------------------------------
2026-01-12 15:36:45,589 | INFO | File: MO_H_ER41_2017_01_24_ModuleDescription_description | WER=38.216561 | S=47 D=10 I=3
2026-01-12 15:36:45,589 | INFO | ------------------------------
2026-01-12 15:36:45,628 | INFO | File: MO_H_AV22_2016_06_09_ModuleDescription_description | WER=27.312775 | S=40 D=4 I=18
2026-01-12 15:36:45,628 | INFO | ------------------------------
2026-01-12 15:36:45,670 | INFO | File: MO_F_SD35_2016_06_23_ModuleDescription_description | WER=31.297710 | S=56 D=19 I=7
2026-01-12 15:36:45,671 | INFO | ------------------------------
2026-01-12 15:36:45,678 | INFO | File: MO_H_SD07_2016_04_22_ModuleDescription_description | WER=48.611111 | S=25 D=9 I=1
2026-01-12 15:36:45,679 | INFO | ------------------------------
2026-01-12 15:36:46,157 | INFO | File: MO_F_AV36_2016_06_07_ModuleDescription_description | WER=23.235294 | S=119 D=52 I=66
2026-01-12 15:36:46,158 | INFO | ------------------------------
2026-01-12 15:36:46,172 | INFO | File: MO_H_ER41_2017_05_29_ModuleDescription_description | WER=34.951456 | S=25 D=4 I=7
2026-01-12 15:36:46,172 | INFO | ------------------------------
2026-01-12 15:36:46,180 | INFO | File: MO_H_AV19_2016_04_18_ModuleDescription_description | WER=47.222222 | S=18 D=4 I=12
2026-01-12 15:36:46,180 | INFO | ------------------------------
2026-01-12 15:36:46,197 | INFO | File: MO_F_SD08_2016_04_22_ModuleDescription_description | WER=28.346457 | S=16 D=5 I=15
2026-01-12 15:36:46,197 | INFO | ------------------------------
2026-01-12 15:36:46,216 | INFO | File: MO_F_ER26_2016_04_18_ModuleDescription_description | WER=36.734694 | S=29 D=18 I=7
2026-01-12 15:36:46,216 | INFO | ------------------------------
2026-01-12 15:36:46,229 | INFO | File: MO_H_AV37_2016_06_08_ModuleDescription_description | WER=21.621622 | S=17 D=6 I=1
2026-01-12 15:36:46,229 | INFO | ------------------------------
2026-01-12 15:36:46,246 | INFO | File: MO_H_ER09_2016_06_08_ModuleDescription_description | WER=32.812500 | S=26 D=9 I=7
2026-01-12 15:36:46,246 | INFO | ------------------------------
2026-01-12 15:36:46,261 | INFO | File: MO_H_ER43_2017_01_24_ModuleDescription_description | WER=24.778761 | S=17 D=6 I=5
2026-01-12 15:36:46,261 | INFO | ------------------------------
2026-01-12 15:36:46,267 | INFO | File: MO_F_AV06_2016_04_13_ModuleDescription_description | WER=49.180328 | S=17 D=6 I=7
2026-01-12 15:36:46,267 | INFO | ------------------------------
2026-01-12 15:36:46,315 | INFO | File: MO_H_ER43_2017_05_23_ModuleDescription_description | WER=45.901639 | S=54 D=23 I=7
2026-01-12 15:36:46,315 | INFO | ------------------------------
2026-01-12 15:36:46,327 | INFO | File: MO_F_AV17_2016_04_18_ModuleDescription_description | WER=31.250000 | S=14 D=11 I=5
2026-01-12 15:36:46,327 | INFO | ------------------------------
2026-01-12 15:36:46,347 | INFO | File: MO_H_SD30_2016_05_21_ModuleDescription_description | WER=28.947368 | S=20 D=10 I=14
2026-01-12 15:36:46,347 | INFO | ------------------------------
2026-01-12 15:36:46,366 | INFO | File: MO_F_AV21_2016_04_18_ModuleDescription_description | WER=33.571429 | S=26 D=8 I=13
2026-01-12 15:36:46,366 | INFO | ------------------------------
2026-01-12 15:36:46,378 | INFO | File: MO_H_ER49_2017_01_28_ModuleDescription_description | WER=61.616162 | S=40 D=3 I=18
2026-01-12 15:36:46,378 | INFO | ------------------------------
2026-01-12 15:36:46,378 | INFO | ===================== GLOBAL WER ======================
2026-01-12 15:36:46,378 | INFO | WER: 34.09%
2026-01-12 15:36:46,378 | INFO | =============================================================
