2026-01-16 15:30:10,663 | INFO | Fetch hyperparams.yaml: Using file found at '/vol/experiments3/imbenamor/TAPAS-FRAIS/models/asr-whisper-large-v2-commonvoice-fr/hyperparams.yaml'
2026-01-16 15:30:10,663 | DEBUG | Fetch: Source and destination '/vol/experiments3/imbenamor/TAPAS-FRAIS/models/asr-whisper-large-v2-commonvoice-fr/custom.py' are identical, returning assuming this is intended
2026-01-16 15:30:12,917 | WARNING | speechbrain.lobes.models.huggingface_transformers.huggingface - WhisperModel is frozen.
2026-01-16 15:30:12,918 | WARNING | speechbrain.lobes.models.huggingface_transformers.whisper - whisper encoder-decoder is frozen.
2026-01-16 15:30:14,332 | DEBUG | Collecting files (or symlinks) for pretraining in /vol/experiments3/imbenamor/TAPAS-FRAIS/models/asr-whisper-large-v2-commonvoice-fr.
2026-01-16 15:30:14,332 | INFO | Fetch whisper.ckpt: Using file found at '/vol/experiments3/imbenamor/TAPAS-FRAIS/models/asr-whisper-large-v2-commonvoice-fr/whisper.ckpt'
2026-01-16 15:30:14,332 | DEBUG | Set local path in self.paths["whisper"] = /vol/experiments3/imbenamor/TAPAS-FRAIS/models/asr-whisper-large-v2-commonvoice-fr/whisper.ckpt
2026-01-16 15:30:14,332 | INFO | Loading pretrained files for: whisper
2026-01-16 15:30:14,332 | DEBUG | Redirecting (loading from local path): whisper -> /vol/experiments3/imbenamor/TAPAS-FRAIS/models/asr-whisper-large-v2-commonvoice-fr/whisper.ckpt
2026-01-16 15:30:21,928 | INFO |  File duration: 78.42133333333334 seconds
2026-01-16 15:30:30,393 | INFO | Number of chunks: 16
2026-01-16 15:30:41,384 | INFO | Chunk: 0 | WER=31.578947 | S=4 D=2 I=0
2026-01-16 15:30:41,384 | INFO | Chunk: 1 | WER=12.500000 | S=1 D=0 I=0
2026-01-16 15:30:41,384 | INFO | Chunk: 2 | WER=0.000000 | S=0 D=0 I=0
2026-01-16 15:30:41,384 | INFO | Chunk: 3 | WER=33.333333 | S=3 D=0 I=0
2026-01-16 15:30:41,385 | INFO | Chunk: 4 | WER=23.529412 | S=4 D=0 I=0
2026-01-16 15:30:41,385 | INFO | Chunk: 5 | WER=14.285714 | S=0 D=1 I=0
2026-01-16 15:30:41,385 | INFO | Chunk: 6 | WER=12.500000 | S=0 D=1 I=0
2026-01-16 15:30:41,386 | INFO | Chunk: 7 | WER=38.888889 | S=7 D=0 I=0
2026-01-16 15:30:41,386 | INFO | Chunk: 8 | WER=50.000000 | S=5 D=1 I=1
2026-01-16 15:30:41,386 | INFO | Chunk: 9 | WER=20.000000 | S=1 D=0 I=1
2026-01-16 15:30:41,386 | INFO | Chunk: 10 | WER=46.153846 | S=4 D=2 I=0
2026-01-16 15:30:41,387 | INFO | Chunk: 11 | WER=40.000000 | S=4 D=2 I=0
2026-01-16 15:30:41,387 | INFO | Chunk: 12 | WER=38.888889 | S=7 D=0 I=0
2026-01-16 15:30:41,387 | INFO | Chunk: 13 | WER=100.000000 | S=1 D=1 I=0
2026-01-16 15:30:41,388 | INFO | Chunk: 14 | WER=58.333333 | S=6 D=1 I=0
2026-01-16 15:30:41,388 | INFO | Chunk: 15 | WER=87.500000 | S=6 D=1 I=0
2026-01-16 15:30:41,388 | INFO | ------------------------------
2026-01-16 15:30:41,388 | INFO | ------------------------------
2026-01-16 15:30:41,403 | INFO | File: PHO-000024-01_L01.wav | WER=36.413043 | S=53 D=12 I=2
2026-01-16 15:30:41,403 | INFO | ------------------------------
2026-01-16 15:30:41,403 | INFO |  File duration: 217.77066666666667 seconds
2026-01-16 15:30:53,309 | INFO | Number of chunks: 35
2026-01-16 15:31:05,370 | INFO | Chunk: 0 | WER=100.000000 | S=1 D=1 I=0
2026-01-16 15:31:05,370 | INFO | Chunk: 1 | WER=27.272727 | S=2 D=1 I=0
2026-01-16 15:31:05,370 | INFO | Chunk: 2 | WER=20.000000 | S=1 D=0 I=0
2026-01-16 15:31:05,371 | INFO | Chunk: 3 | WER=0.000000 | S=0 D=0 I=0
2026-01-16 15:31:05,371 | INFO | Chunk: 4 | WER=100.000000 | S=2 D=0 I=0
2026-01-16 15:31:05,371 | INFO | Chunk: 5 | WER=16.666667 | S=1 D=0 I=0
2026-01-16 15:31:05,371 | INFO | Chunk: 6 | WER=60.000000 | S=4 D=2 I=0
2026-01-16 15:31:05,371 | INFO | Chunk: 7 | WER=0.000000 | S=0 D=0 I=0
2026-01-16 15:31:05,372 | INFO | Chunk: 8 | WER=50.000000 | S=5 D=0 I=0
2026-01-16 15:31:05,372 | INFO | Chunk: 9 | WER=50.000000 | S=1 D=2 I=0
2026-01-16 15:31:05,372 | INFO | Chunk: 10 | WER=100.000000 | S=3 D=3 I=0
2026-01-16 15:31:05,372 | INFO | Chunk: 11 | WER=25.000000 | S=1 D=0 I=0
2026-01-16 15:31:05,372 | INFO | Chunk: 12 | WER=133.333333 | S=3 D=0 I=1
2026-01-16 15:31:05,372 | INFO | Chunk: 13 | WER=90.909091 | S=6 D=3 I=1
2026-01-16 15:31:05,373 | INFO | Chunk: 14 | WER=100.000000 | S=2 D=6 I=0
2026-01-16 15:31:05,373 | INFO | Chunk: 15 | WER=100.000000 | S=2 D=0 I=1
2026-01-16 15:31:05,373 | INFO | Chunk: 16 | WER=125.000000 | S=3 D=0 I=2
2026-01-16 15:31:05,373 | INFO | Chunk: 17 | WER=40.000000 | S=2 D=2 I=0
2026-01-16 15:31:05,373 | INFO | Chunk: 18 | WER=100.000000 | S=4 D=0 I=0
2026-01-16 15:31:05,373 | INFO | Chunk: 19 | WER=20.000000 | S=2 D=0 I=0
2026-01-16 15:31:05,374 | INFO | Chunk: 20 | WER=133.333333 | S=2 D=0 I=2
2026-01-16 15:31:05,374 | INFO | Chunk: 21 | WER=200.000000 | S=3 D=0 I=3
2026-01-16 15:31:05,374 | INFO | Chunk: 22 | WER=160.000000 | S=5 D=0 I=3
2026-01-16 15:31:05,374 | INFO | Chunk: 23 | WER=133.333333 | S=2 D=0 I=2
2026-01-16 15:31:05,374 | INFO | Chunk: 24 | WER=40.000000 | S=2 D=0 I=0
2026-01-16 15:31:05,374 | INFO | Chunk: 25 | WER=16.666667 | S=1 D=0 I=0
2026-01-16 15:31:05,375 | INFO | Chunk: 26 | WER=42.857143 | S=2 D=0 I=1
2026-01-16 15:31:05,375 | INFO | Chunk: 27 | WER=100.000000 | S=3 D=0 I=1
2026-01-16 15:31:05,375 | INFO | Chunk: 28 | WER=14.285714 | S=1 D=0 I=0
2026-01-16 15:31:05,375 | INFO | Chunk: 29 | WER=100.000000 | S=2 D=0 I=0
2026-01-16 15:31:05,375 | INFO | Chunk: 30 | WER=100.000000 | S=3 D=0 I=0
2026-01-16 15:31:05,375 | INFO | Chunk: 31 | WER=66.666667 | S=1 D=1 I=0
2026-01-16 15:31:05,375 | INFO | Chunk: 32 | WER=100.000000 | S=2 D=2 I=0
2026-01-16 15:31:05,376 | INFO | Chunk: 33 | WER=50.000000 | S=1 D=0 I=0
2026-01-16 15:31:05,376 | INFO | Chunk: 34 | WER=100.000000 | S=5 D=3 I=0
2026-01-16 15:31:05,376 | INFO | ------------------------------
2026-01-16 15:31:05,376 | INFO | ------------------------------
2026-01-16 15:31:05,392 | INFO | File: PHO-000566-01_L01.wav | WER=62.176166 | S=81 D=24 I=15
2026-01-16 15:31:05,392 | INFO | ------------------------------
2026-01-16 15:31:05,392 | INFO |  File duration: 142.57052154195011 seconds
2026-01-16 15:31:12,490 | INFO | Number of chunks: 17
2026-01-16 15:31:23,494 | INFO | Chunk: 0 | WER=10.000000 | S=0 D=2 I=0
2026-01-16 15:31:23,495 | INFO | Chunk: 1 | WER=52.941176 | S=7 D=2 I=0
2026-01-16 15:31:23,495 | INFO | Chunk: 2 | WER=66.666667 | S=6 D=0 I=0
2026-01-16 15:31:23,496 | INFO | Chunk: 3 | WER=33.333333 | S=5 D=1 I=0
2026-01-16 15:31:23,496 | INFO | Chunk: 4 | WER=14.285714 | S=0 D=1 I=0
2026-01-16 15:31:23,496 | INFO | Chunk: 5 | WER=28.571429 | S=2 D=0 I=0
2026-01-16 15:31:23,496 | INFO | Chunk: 6 | WER=18.181818 | S=1 D=0 I=1
2026-01-16 15:31:23,496 | INFO | Chunk: 7 | WER=28.571429 | S=2 D=0 I=0
2026-01-16 15:31:23,497 | INFO | Chunk: 8 | WER=20.000000 | S=3 D=2 I=0
2026-01-16 15:31:23,497 | INFO | Chunk: 9 | WER=41.666667 | S=3 D=1 I=1
2026-01-16 15:31:23,498 | INFO | Chunk: 10 | WER=14.285714 | S=2 D=0 I=0
2026-01-16 15:31:23,498 | INFO | Chunk: 11 | WER=45.454545 | S=4 D=0 I=1
2026-01-16 15:31:23,498 | INFO | Chunk: 12 | WER=0.000000 | S=0 D=0 I=0
2026-01-16 15:31:23,498 | INFO | Chunk: 13 | WER=100.000000 | S=2 D=0 I=0
2026-01-16 15:31:23,498 | INFO | Chunk: 14 | WER=16.666667 | S=1 D=1 I=0
2026-01-16 15:31:23,499 | INFO | Chunk: 15 | WER=100.000000 | S=4 D=5 I=0
2026-01-16 15:31:23,499 | INFO | Chunk: 16 | WER=200.000000 | S=1 D=0 I=1
2026-01-16 15:31:23,499 | INFO | ------------------------------
2026-01-16 15:31:23,499 | INFO | ------------------------------
2026-01-16 15:31:23,514 | INFO | File: PHO-000814-01_L01.wav | WER=32.275132 | S=44 D=14 I=3
2026-01-16 15:31:23,514 | INFO | ------------------------------
2026-01-16 15:31:23,514 | INFO |  File duration: 97.96266666666666 seconds
2026-01-16 15:31:30,368 | INFO | Number of chunks: 10
2026-01-16 15:31:38,635 | INFO | Chunk: 0 | WER=800.000000 | S=1 D=0 I=7
2026-01-16 15:31:38,636 | INFO | Chunk: 1 | WER=25.000000 | S=3 D=1 I=1
2026-01-16 15:31:38,636 | INFO | Chunk: 2 | WER=60.000000 | S=12 D=6 I=0
2026-01-16 15:31:38,637 | INFO | Chunk: 3 | WER=33.333333 | S=3 D=4 I=0
2026-01-16 15:31:38,637 | INFO | Chunk: 4 | WER=18.750000 | S=0 D=3 I=0
2026-01-16 15:31:38,638 | INFO | Chunk: 5 | WER=55.000000 | S=6 D=2 I=3
2026-01-16 15:31:38,638 | INFO | Chunk: 6 | WER=42.307692 | S=5 D=3 I=3
2026-01-16 15:31:38,638 | INFO | Chunk: 7 | WER=55.555556 | S=2 D=3 I=0
2026-01-16 15:31:38,639 | INFO | Chunk: 8 | WER=83.333333 | S=5 D=0 I=0
2026-01-16 15:31:38,639 | INFO | Chunk: 9 | WER=55.555556 | S=7 D=3 I=0
2026-01-16 15:31:38,639 | INFO | ------------------------------
2026-01-16 15:31:38,639 | INFO | ------------------------------
2026-01-16 15:31:38,651 | INFO | File: PHO-001070-01_L01.wav | WER=49.700599 | S=44 D=25 I=14
2026-01-16 15:31:38,651 | INFO | ------------------------------
2026-01-16 15:31:38,652 | INFO |  File duration: 80.43392290249433 seconds
2026-01-16 15:31:43,523 | INFO | Number of chunks: 10
2026-01-16 15:31:53,400 | INFO | Chunk: 0 | WER=5.263158 | S=0 D=1 I=0
2026-01-16 15:31:53,400 | INFO | Chunk: 1 | WER=20.833333 | S=2 D=3 I=0
2026-01-16 15:31:53,401 | INFO | Chunk: 2 | WER=14.705882 | S=1 D=4 I=0
2026-01-16 15:31:53,401 | INFO | Chunk: 3 | WER=30.000000 | S=1 D=1 I=1
2026-01-16 15:31:53,402 | INFO | Chunk: 4 | WER=33.333333 | S=1 D=2 I=0
2026-01-16 15:31:53,402 | INFO | Chunk: 5 | WER=14.285714 | S=1 D=1 I=0
2026-01-16 15:31:53,402 | INFO | Chunk: 6 | WER=33.333333 | S=0 D=2 I=2
2026-01-16 15:31:53,404 | INFO | Chunk: 7 | WER=51.612903 | S=20 D=10 I=2
2026-01-16 15:31:53,404 | INFO | Chunk: 8 | WER=400.000000 | S=1 D=0 I=3
2026-01-16 15:31:53,405 | INFO | Chunk: 9 | WER=100.000000 | S=5 D=1 I=0
2026-01-16 15:31:53,405 | INFO | ------------------------------
2026-01-16 15:31:53,405 | INFO | ------------------------------
2026-01-16 15:31:53,419 | INFO | File: PHO-001329-01_L01.wav | WER=32.460733 | S=35 D=22 I=5
2026-01-16 15:31:53,419 | INFO | ------------------------------
2026-01-16 15:31:53,420 | INFO |  File duration: 93.78133333333334 seconds
2026-01-16 15:32:01,978 | INFO | Number of chunks: 11
2026-01-16 15:32:08,930 | INFO | Chunk: 0 | WER=29.166667 | S=5 D=1 I=1
2026-01-16 15:32:08,930 | INFO | Chunk: 1 | WER=42.857143 | S=2 D=1 I=0
2026-01-16 15:32:08,930 | INFO | Chunk: 2 | WER=22.222222 | S=1 D=1 I=0
2026-01-16 15:32:08,930 | INFO | Chunk: 3 | WER=8.333333 | S=1 D=0 I=0
2026-01-16 15:32:08,931 | INFO | Chunk: 4 | WER=80.000000 | S=4 D=0 I=0
2026-01-16 15:32:08,931 | INFO | Chunk: 5 | WER=0.000000 | S=0 D=0 I=0
2026-01-16 15:32:08,931 | INFO | Chunk: 6 | WER=10.526316 | S=1 D=1 I=0
2026-01-16 15:32:08,932 | INFO | Chunk: 7 | WER=23.076923 | S=2 D=4 I=0
2026-01-16 15:32:08,932 | INFO | Chunk: 8 | WER=0.000000 | S=0 D=0 I=0
2026-01-16 15:32:08,932 | INFO | Chunk: 9 | WER=50.000000 | S=1 D=1 I=0
2026-01-16 15:32:08,932 | INFO | Chunk: 10 | WER=71.428571 | S=2 D=3 I=0
2026-01-16 15:32:08,932 | INFO | ------------------------------
2026-01-16 15:32:08,932 | INFO | ------------------------------
2026-01-16 15:32:08,941 | INFO | File: PHO-001473-01_L01.wav | WER=24.806202 | S=19 D=12 I=1
2026-01-16 15:32:08,941 | INFO | ------------------------------
2026-01-16 15:32:08,941 | INFO |  File duration: 116.65066666666667 seconds
2026-01-16 15:32:20,185 | INFO | Number of chunks: 19
2026-01-16 15:32:30,912 | INFO | Chunk: 0 | WER=0.000000 | S=0 D=0 I=0
2026-01-16 15:32:30,912 | INFO | Chunk: 1 | WER=0.000000 | S=0 D=0 I=0
2026-01-16 15:32:30,913 | INFO | Chunk: 2 | WER=14.285714 | S=1 D=0 I=1
2026-01-16 15:32:30,913 | INFO | Chunk: 3 | WER=30.000000 | S=2 D=1 I=0
2026-01-16 15:32:30,913 | INFO | Chunk: 4 | WER=18.750000 | S=3 D=0 I=0
2026-01-16 15:32:30,913 | INFO | Chunk: 5 | WER=0.000000 | S=0 D=0 I=0
2026-01-16 15:32:30,914 | INFO | Chunk: 6 | WER=0.000000 | S=0 D=0 I=0
2026-01-16 15:32:30,914 | INFO | Chunk: 7 | WER=0.000000 | S=0 D=0 I=0
2026-01-16 15:32:30,914 | INFO | Chunk: 8 | WER=0.000000 | S=0 D=0 I=0
2026-01-16 15:32:30,914 | INFO | Chunk: 9 | WER=12.500000 | S=1 D=0 I=0
2026-01-16 15:32:30,914 | INFO | Chunk: 10 | WER=0.000000 | S=0 D=0 I=0
2026-01-16 15:32:30,915 | INFO | Chunk: 11 | WER=42.857143 | S=3 D=3 I=0
2026-01-16 15:32:30,915 | INFO | Chunk: 12 | WER=25.000000 | S=2 D=2 I=0
2026-01-16 15:32:30,915 | INFO | Chunk: 13 | WER=30.769231 | S=2 D=2 I=0
2026-01-16 15:32:30,916 | INFO | Chunk: 14 | WER=12.500000 | S=0 D=1 I=0
2026-01-16 15:32:30,916 | INFO | Chunk: 15 | WER=100.000000 | S=1 D=1 I=0
2026-01-16 15:32:30,916 | INFO | Chunk: 16 | WER=33.333333 | S=2 D=0 I=0
2026-01-16 15:32:30,916 | INFO | Chunk: 17 | WER=33.333333 | S=1 D=1 I=0
2026-01-16 15:32:30,916 | INFO | Chunk: 18 | WER=22.222222 | S=1 D=1 I=0
2026-01-16 15:32:30,916 | INFO | ------------------------------
2026-01-16 15:32:30,916 | INFO | ------------------------------
2026-01-16 15:32:30,931 | INFO | File: PHO-001499-01_L01.wav | WER=17.204301 | S=19 D=12 I=1
2026-01-16 15:32:30,931 | INFO | ------------------------------
2026-01-16 15:32:30,931 | INFO |  File duration: 165.20533333333333 seconds
2026-01-16 15:32:43,238 | INFO | Number of chunks: 10
2026-01-16 15:32:52,854 | INFO | Chunk: 0 | WER=47.169811 | S=9 D=16 I=0
2026-01-16 15:32:52,855 | INFO | Chunk: 1 | WER=59.183673 | S=4 D=25 I=0
2026-01-16 15:32:52,856 | INFO | Chunk: 2 | WER=61.111111 | S=5 D=6 I=0
2026-01-16 15:32:52,856 | INFO | Chunk: 3 | WER=88.888889 | S=2 D=5 I=1
2026-01-16 15:32:52,857 | INFO | Chunk: 4 | WER=47.500000 | S=7 D=12 I=0
2026-01-16 15:32:52,857 | INFO | Chunk: 5 | WER=12.500000 | S=1 D=0 I=0
2026-01-16 15:32:52,857 | INFO | Chunk: 6 | WER=300.000000 | S=1 D=0 I=2
2026-01-16 15:32:52,857 | INFO | Chunk: 7 | WER=81.818182 | S=4 D=5 I=0
2026-01-16 15:32:52,858 | INFO | Chunk: 8 | WER=58.536585 | S=10 D=14 I=0
2026-01-16 15:32:52,859 | INFO | Chunk: 9 | WER=70.000000 | S=5 D=9 I=0
2026-01-16 15:32:52,859 | INFO | ------------------------------
2026-01-16 15:32:52,859 | INFO | ------------------------------
2026-01-16 15:32:52,876 | INFO | File: PHO-001522-01_L01.wav | WER=56.400000 | S=50 D=90 I=1
2026-01-16 15:32:52,876 | INFO | ------------------------------
2026-01-16 15:32:52,877 | INFO |  File duration: 89.088 seconds
2026-01-16 15:32:58,906 | INFO | Number of chunks: 17
2026-01-16 15:33:07,896 | INFO | Chunk: 0 | WER=23.529412 | S=2 D=0 I=2
2026-01-16 15:33:07,896 | INFO | Chunk: 1 | WER=85.714286 | S=5 D=0 I=1
2026-01-16 15:33:07,896 | INFO | Chunk: 2 | WER=60.000000 | S=1 D=2 I=0
2026-01-16 15:33:07,897 | INFO | Chunk: 3 | WER=100.000000 | S=2 D=7 I=0
2026-01-16 15:33:07,897 | INFO | Chunk: 4 | WER=88.888889 | S=4 D=4 I=0
2026-01-16 15:33:07,897 | INFO | Chunk: 5 | WER=90.909091 | S=7 D=3 I=0
2026-01-16 15:33:07,897 | INFO | Chunk: 6 | WER=100.000000 | S=5 D=1 I=1
2026-01-16 15:33:07,898 | INFO | Chunk: 7 | WER=52.380952 | S=6 D=5 I=0
2026-01-16 15:33:07,898 | INFO | Chunk: 8 | WER=75.000000 | S=5 D=4 I=0
2026-01-16 15:33:07,898 | INFO | Chunk: 9 | WER=100.000000 | S=3 D=7 I=0
2026-01-16 15:33:07,898 | INFO | Chunk: 10 | WER=100.000000 | S=6 D=3 I=0
2026-01-16 15:33:07,899 | INFO | Chunk: 11 | WER=71.428571 | S=8 D=2 I=0
2026-01-16 15:33:07,899 | INFO | Chunk: 12 | WER=91.666667 | S=6 D=4 I=1
2026-01-16 15:33:07,899 | INFO | Chunk: 13 | WER=85.714286 | S=5 D=0 I=1
2026-01-16 15:33:07,899 | INFO | Chunk: 14 | WER=83.333333 | S=4 D=1 I=0
2026-01-16 15:33:07,899 | INFO | Chunk: 15 | WER=33.333333 | S=1 D=1 I=0
2026-01-16 15:33:07,900 | INFO | Chunk: 16 | WER=100.000000 | S=6 D=1 I=0
2026-01-16 15:33:07,900 | INFO | ------------------------------
2026-01-16 15:33:07,900 | INFO | ------------------------------
2026-01-16 15:33:07,910 | INFO | File: PHO-001594-01_L01.wav | WER=72.781065 | S=80 D=41 I=2
2026-01-16 15:33:07,910 | INFO | ------------------------------
2026-01-16 15:33:07,911 | INFO |  File duration: 85.35655328798185 seconds
2026-01-16 15:33:14,919 | INFO | Number of chunks: 18
2026-01-16 15:33:25,831 | INFO | Chunk: 0 | WER=5.263158 | S=0 D=1 I=0
2026-01-16 15:33:25,831 | INFO | Chunk: 1 | WER=30.000000 | S=1 D=2 I=0
2026-01-16 15:33:25,831 | INFO | Chunk: 2 | WER=50.000000 | S=1 D=3 I=0
2026-01-16 15:33:25,832 | INFO | Chunk: 3 | WER=45.454545 | S=4 D=1 I=0
2026-01-16 15:33:25,832 | INFO | Chunk: 4 | WER=45.000000 | S=5 D=4 I=0
2026-01-16 15:33:25,832 | INFO | Chunk: 5 | WER=46.666667 | S=4 D=2 I=1
2026-01-16 15:33:25,833 | INFO | Chunk: 6 | WER=45.454545 | S=2 D=2 I=1
2026-01-16 15:33:25,833 | INFO | Chunk: 7 | WER=28.571429 | S=1 D=0 I=1
2026-01-16 15:33:25,833 | INFO | Chunk: 8 | WER=21.428571 | S=2 D=1 I=0
2026-01-16 15:33:25,833 | INFO | Chunk: 9 | WER=100.000000 | S=1 D=5 I=0
2026-01-16 15:33:25,834 | INFO | Chunk: 10 | WER=85.714286 | S=3 D=3 I=0
2026-01-16 15:33:25,834 | INFO | Chunk: 11 | WER=38.461538 | S=3 D=2 I=0
2026-01-16 15:33:25,834 | INFO | Chunk: 12 | WER=80.000000 | S=3 D=1 I=0
2026-01-16 15:33:25,834 | INFO | Chunk: 13 | WER=69.230769 | S=5 D=3 I=1
2026-01-16 15:33:25,834 | INFO | Chunk: 14 | WER=100.000000 | S=1 D=3 I=0
2026-01-16 15:33:25,835 | INFO | Chunk: 15 | WER=30.000000 | S=2 D=1 I=0
2026-01-16 15:33:25,835 | INFO | Chunk: 16 | WER=34.782609 | S=4 D=3 I=1
2026-01-16 15:33:25,835 | INFO | Chunk: 17 | WER=100.000000 | S=2 D=6 I=0
2026-01-16 15:33:25,835 | INFO | ------------------------------
2026-01-16 15:33:25,835 | INFO | ------------------------------
2026-01-16 15:33:25,851 | INFO | File: PHO-001670-01_L01.wav | WER=45.098039 | S=44 D=43 I=5
2026-01-16 15:33:25,851 | INFO | ------------------------------
2026-01-16 15:33:25,852 | INFO |  File duration: 129.2887074829932 seconds
2026-01-16 15:33:35,066 | INFO | Number of chunks: 13
2026-01-16 15:33:44,093 | INFO | Chunk: 0 | WER=48.484848 | S=13 D=2 I=1
2026-01-16 15:33:44,093 | INFO | Chunk: 1 | WER=100.000000 | S=8 D=0 I=0
2026-01-16 15:33:44,094 | INFO | Chunk: 2 | WER=100.000000 | S=9 D=2 I=0
2026-01-16 15:33:44,094 | INFO | Chunk: 3 | WER=65.517241 | S=4 D=15 I=0
2026-01-16 15:33:44,095 | INFO | Chunk: 4 | WER=80.851064 | S=18 D=20 I=0
2026-01-16 15:33:44,095 | INFO | Chunk: 5 | WER=150.000000 | S=3 D=0 I=3
2026-01-16 15:33:44,095 | INFO | Chunk: 6 | WER=100.000000 | S=1 D=0 I=0
2026-01-16 15:33:44,095 | INFO | Chunk: 7 | WER=100.000000 | S=3 D=0 I=0
2026-01-16 15:33:44,096 | INFO | Chunk: 8 | WER=100.000000 | S=6 D=0 I=0
2026-01-16 15:33:44,096 | INFO | Chunk: 9 | WER=114.285714 | S=7 D=0 I=1
2026-01-16 15:33:44,096 | INFO | Chunk: 10 | WER=84.615385 | S=6 D=15 I=1
2026-01-16 15:33:44,096 | INFO | Chunk: 11 | WER=100.000000 | S=12 D=3 I=0
2026-01-16 15:33:44,097 | INFO | Chunk: 12 | WER=100.000000 | S=1 D=0 I=0
2026-01-16 15:33:44,097 | INFO | ------------------------------
2026-01-16 15:33:44,097 | INFO | ------------------------------
2026-01-16 15:33:44,109 | INFO | File: PHO-001836-01_L01.wav | WER=78.010471 | S=96 D=52 I=1
2026-01-16 15:33:44,109 | INFO | ------------------------------
2026-01-16 15:33:44,110 | INFO |  File duration: 67.15210884353742 seconds
2026-01-16 15:33:50,537 | INFO | Number of chunks: 6
2026-01-16 15:33:59,512 | INFO | Chunk: 0 | WER=59.375000 | S=3 D=15 I=1
2026-01-16 15:33:59,513 | INFO | Chunk: 1 | WER=24.000000 | S=3 D=3 I=0
2026-01-16 15:33:59,514 | INFO | Chunk: 2 | WER=40.625000 | S=7 D=4 I=2
2026-01-16 15:33:59,515 | INFO | Chunk: 3 | WER=68.421053 | S=6 D=5 I=2
2026-01-16 15:33:59,516 | INFO | Chunk: 4 | WER=38.181818 | S=8 D=13 I=0
2026-01-16 15:33:59,517 | INFO | Chunk: 5 | WER=52.631579 | S=7 D=2 I=1
2026-01-16 15:33:59,517 | INFO | ------------------------------
2026-01-16 15:33:59,517 | INFO | ------------------------------
2026-01-16 15:33:59,530 | INFO | File: PHO-307175-01_L01.wav | WER=45.054945 | S=34 D=42 I=6
2026-01-16 15:33:59,531 | INFO | ------------------------------
2026-01-16 15:33:59,531 | INFO | ===================== GLOBAL WER ======================
2026-01-16 15:33:59,531 | INFO | The number of files is 12
2026-01-16 15:33:59,531 | INFO | WER: 46.03%
2026-01-16 15:33:59,531 | INFO | =============================================================
