2026-01-20 14:35:34,401 | INFO | Fetch hyperparams.yaml: Using file found at '/vol/experiments3/imbenamor/TAPAS-FRAIS/models/asr-whisper-large-v2-commonvoice-fr/hyperparams.yaml'
2026-01-20 14:35:34,401 | DEBUG | Fetch: Source and destination '/vol/experiments3/imbenamor/TAPAS-FRAIS/models/asr-whisper-large-v2-commonvoice-fr/custom.py' are identical, returning assuming this is intended
2026-01-20 14:35:36,151 | WARNING | speechbrain.lobes.models.huggingface_transformers.huggingface - WhisperModel is frozen.
2026-01-20 14:35:36,151 | WARNING | speechbrain.lobes.models.huggingface_transformers.whisper - whisper encoder-decoder is frozen.
2026-01-20 14:35:36,532 | DEBUG | Collecting files (or symlinks) for pretraining in /vol/experiments3/imbenamor/TAPAS-FRAIS/models/asr-whisper-large-v2-commonvoice-fr.
2026-01-20 14:35:36,532 | INFO | Fetch whisper.ckpt: Using file found at '/vol/experiments3/imbenamor/TAPAS-FRAIS/models/asr-whisper-large-v2-commonvoice-fr/whisper.ckpt'
2026-01-20 14:35:36,532 | DEBUG | Set local path in self.paths["whisper"] = /vol/experiments3/imbenamor/TAPAS-FRAIS/models/asr-whisper-large-v2-commonvoice-fr/whisper.ckpt
2026-01-20 14:35:36,532 | INFO | Loading pretrained files for: whisper
2026-01-20 14:35:36,532 | DEBUG | Redirecting (loading from local path): whisper -> /vol/experiments3/imbenamor/TAPAS-FRAIS/models/asr-whisper-large-v2-commonvoice-fr/whisper.ckpt
2026-01-20 14:35:44,731 | INFO |  File duration: 80.89832199546485 seconds
2026-01-20 14:35:57,724 | INFO | Number of chunks: 8
2026-01-20 14:36:08,345 | INFO | Chunk: 0 | WER=6.250000 | S=0 D=0 I=1
2026-01-20 14:36:08,346 | INFO | Chunk: 1 | WER=20.000000 | S=1 D=0 I=1
2026-01-20 14:36:08,347 | INFO | Chunk: 2 | WER=12.244898 | S=2 D=4 I=0
2026-01-20 14:36:08,347 | INFO | Chunk: 3 | WER=25.000000 | S=0 D=3 I=0
2026-01-20 14:36:08,348 | INFO | Chunk: 4 | WER=29.032258 | S=1 D=7 I=1
2026-01-20 14:36:08,349 | INFO | Chunk: 5 | WER=18.750000 | S=2 D=4 I=0
2026-01-20 14:36:08,349 | INFO | Chunk: 6 | WER=53.846154 | S=3 D=4 I=0
2026-01-20 14:36:08,350 | INFO | Chunk: 7 | WER=22.222222 | S=6 D=2 I=0
2026-01-20 14:36:08,350 | INFO | ------------------------------
2026-01-20 14:36:08,350 | INFO | ------------------------------
2026-01-20 14:36:08,367 | INFO | File: MO_F_AV04_2016_04_12_ModuleDescription_description.wav | WER=21.105528 | S=15 D=24 I=3
2026-01-20 14:36:08,367 | INFO | ------------------------------
2026-01-20 14:36:08,367 | INFO |  File duration: 91.32408163265306 seconds
2026-01-20 14:36:22,845 | INFO | Number of chunks: 9
2026-01-20 14:36:37,305 | INFO | Chunk: 0 | WER=20.370370 | S=6 D=5 I=0
2026-01-20 14:36:37,305 | INFO | Chunk: 1 | WER=0.000000 | S=0 D=0 I=0
2026-01-20 14:36:37,306 | INFO | Chunk: 2 | WER=0.000000 | S=0 D=0 I=0
2026-01-20 14:36:37,306 | INFO | Chunk: 3 | WER=3.448276 | S=1 D=0 I=0
2026-01-20 14:36:37,307 | INFO | Chunk: 4 | WER=28.571429 | S=1 D=2 I=1
2026-01-20 14:36:37,308 | INFO | Chunk: 5 | WER=9.302326 | S=1 D=3 I=0
2026-01-20 14:36:37,308 | INFO | Chunk: 6 | WER=0.000000 | S=0 D=0 I=0
2026-01-20 14:36:37,309 | INFO | Chunk: 7 | WER=22.857143 | S=1 D=7 I=0
2026-01-20 14:36:37,309 | INFO | Chunk: 8 | WER=25.000000 | S=0 D=0 I=2
2026-01-20 14:36:37,309 | INFO | ------------------------------
2026-01-20 14:36:37,309 | INFO | ------------------------------
2026-01-20 14:36:37,330 | INFO | File: MO_F_AV07_2016_04_13_ModuleDescription_description.wav | WER=12.987013 | S=10 D=17 I=3
2026-01-20 14:36:37,330 | INFO | ------------------------------
2026-01-20 14:36:37,330 | INFO |  File duration: 72.05151927437642 seconds
2026-01-20 14:36:49,002 | INFO | Number of chunks: 11
2026-01-20 14:37:02,916 | INFO | Chunk: 0 | WER=18.421053 | S=4 D=3 I=0
2026-01-20 14:37:02,916 | INFO | Chunk: 1 | WER=75.000000 | S=1 D=0 I=2
2026-01-20 14:37:02,917 | INFO | Chunk: 2 | WER=27.777778 | S=5 D=5 I=0
2026-01-20 14:37:02,917 | INFO | Chunk: 3 | WER=0.000000 | S=0 D=0 I=0
2026-01-20 14:37:02,918 | INFO | Chunk: 4 | WER=4.761905 | S=1 D=0 I=0
2026-01-20 14:37:02,918 | INFO | Chunk: 5 | WER=21.052632 | S=1 D=3 I=0
2026-01-20 14:37:02,919 | INFO | Chunk: 6 | WER=4.761905 | S=1 D=0 I=0
2026-01-20 14:37:02,919 | INFO | Chunk: 7 | WER=5.263158 | S=1 D=0 I=0
2026-01-20 14:37:02,919 | INFO | Chunk: 8 | WER=11.111111 | S=0 D=0 I=1
2026-01-20 14:37:02,920 | INFO | Chunk: 9 | WER=8.000000 | S=1 D=0 I=1
2026-01-20 14:37:02,920 | INFO | Chunk: 10 | WER=15.384615 | S=1 D=1 I=0
2026-01-20 14:37:02,920 | INFO | ------------------------------
2026-01-20 14:37:02,920 | INFO | ------------------------------
2026-01-20 14:37:02,938 | INFO | File: MO_F_AV07_2016_06_07_ModuleDescription_description.wav | WER=14.150943 | S=18 D=10 I=2
2026-01-20 14:37:02,938 | INFO | ------------------------------
2026-01-20 14:37:02,938 | INFO |  File duration: 84.12589569160998 seconds
2026-01-20 14:37:13,196 | INFO | Number of chunks: 9
2026-01-20 14:37:24,465 | INFO | Chunk: 0 | WER=40.000000 | S=1 D=0 I=1
2026-01-20 14:37:24,466 | INFO | Chunk: 1 | WER=10.526316 | S=3 D=1 I=0
2026-01-20 14:37:24,466 | INFO | Chunk: 2 | WER=0.000000 | S=0 D=0 I=0
2026-01-20 14:37:24,467 | INFO | Chunk: 3 | WER=18.604651 | S=0 D=7 I=1
2026-01-20 14:37:24,469 | INFO | Chunk: 4 | WER=29.508197 | S=4 D=12 I=2
2026-01-20 14:37:24,469 | INFO | Chunk: 5 | WER=66.666667 | S=2 D=1 I=1
2026-01-20 14:37:24,469 | INFO | Chunk: 6 | WER=0.000000 | S=0 D=0 I=0
2026-01-20 14:37:24,470 | INFO | Chunk: 7 | WER=14.285714 | S=1 D=1 I=0
2026-01-20 14:37:24,470 | INFO | Chunk: 8 | WER=50.000000 | S=1 D=2 I=0
2026-01-20 14:37:24,470 | INFO | ------------------------------
2026-01-20 14:37:24,470 | INFO | ------------------------------
2026-01-20 14:37:24,483 | INFO | File: MO_F_AV08_2016_04_13_ModuleDescription_description.wav | WER=22.162162 | S=12 D=24 I=5
2026-01-20 14:37:24,483 | INFO | ------------------------------
2026-01-20 14:37:24,483 | INFO |  File duration: 144.63709750566895 seconds
2026-01-20 14:37:41,105 | INFO | Number of chunks: 11
2026-01-20 14:37:56,507 | INFO | Chunk: 0 | WER=2.941176 | S=1 D=0 I=0
2026-01-20 14:37:56,508 | INFO | Chunk: 1 | WER=2.702703 | S=0 D=0 I=1
2026-01-20 14:37:56,509 | INFO | Chunk: 2 | WER=0.000000 | S=0 D=0 I=0
2026-01-20 14:37:56,509 | INFO | Chunk: 3 | WER=10.000000 | S=2 D=1 I=0
2026-01-20 14:37:56,510 | INFO | Chunk: 4 | WER=0.000000 | S=0 D=0 I=0
2026-01-20 14:37:56,511 | INFO | Chunk: 5 | WER=40.322581 | S=2 D=22 I=1
2026-01-20 14:37:56,512 | INFO | Chunk: 6 | WER=87.012987 | S=4 D=63 I=0
2026-01-20 14:37:56,513 | INFO | Chunk: 7 | WER=0.000000 | S=0 D=0 I=0
2026-01-20 14:37:56,513 | INFO | Chunk: 8 | WER=14.285714 | S=1 D=0 I=0
2026-01-20 14:37:56,513 | INFO | Chunk: 9 | WER=20.000000 | S=0 D=4 I=0
2026-01-20 14:37:56,513 | INFO | Chunk: 10 | WER=20.000000 | S=0 D=0 I=1
2026-01-20 14:37:56,513 | INFO | ------------------------------
2026-01-20 14:37:56,513 | INFO | ------------------------------
2026-01-20 14:37:56,543 | INFO | File: MO_F_AV13_2016_04_18_ModuleDescription_description.wav | WER=31.888545 | S=10 D=90 I=3
2026-01-20 14:37:56,543 | INFO | ------------------------------
2026-01-20 14:37:56,544 | INFO |  File duration: 53.91673469387755 seconds
2026-01-20 14:38:06,232 | INFO | Number of chunks: 9
2026-01-20 14:38:16,627 | INFO | Chunk: 0 | WER=10.000000 | S=2 D=0 I=1
2026-01-20 14:38:16,627 | INFO | Chunk: 1 | WER=11.538462 | S=2 D=0 I=1
2026-01-20 14:38:16,628 | INFO | Chunk: 2 | WER=8.333333 | S=1 D=0 I=0
2026-01-20 14:38:16,628 | INFO | Chunk: 3 | WER=84.615385 | S=2 D=7 I=2
2026-01-20 14:38:16,628 | INFO | Chunk: 4 | WER=36.000000 | S=2 D=6 I=1
2026-01-20 14:38:16,629 | INFO | Chunk: 5 | WER=0.000000 | S=0 D=0 I=0
2026-01-20 14:38:16,629 | INFO | Chunk: 6 | WER=7.142857 | S=1 D=0 I=0
2026-01-20 14:38:16,629 | INFO | Chunk: 7 | WER=7.142857 | S=0 D=0 I=1
2026-01-20 14:38:16,630 | INFO | Chunk: 8 | WER=0.000000 | S=0 D=0 I=0
2026-01-20 14:38:16,630 | INFO | ------------------------------
2026-01-20 14:38:16,630 | INFO | ------------------------------
2026-01-20 14:38:16,642 | INFO | File: MO_F_AV16_2016_04_18_ModuleDescription_description.wav | WER=17.469880 | S=10 D=13 I=6
2026-01-20 14:38:16,642 | INFO | ------------------------------
2026-01-20 14:38:16,642 | INFO |  File duration: 34.73705215419501 seconds
2026-01-20 14:38:21,537 | INFO | Number of chunks: 2
2026-01-20 14:38:26,451 | INFO | Chunk: 0 | WER=24.590164 | S=5 D=9 I=1
2026-01-20 14:38:26,452 | INFO | Chunk: 1 | WER=16.666667 | S=1 D=2 I=1
2026-01-20 14:38:26,452 | INFO | ------------------------------
2026-01-20 14:38:26,452 | INFO | ------------------------------
2026-01-20 14:38:26,456 | INFO | File: MO_F_AV29_2016_05_25_ModuleDescription_description.wav | WER=22.352941 | S=6 D=11 I=2
2026-01-20 14:38:26,456 | INFO | ------------------------------
2026-01-20 14:38:26,456 | INFO |  File duration: 178.93297052154196 seconds
2026-01-20 14:38:51,507 | INFO | Number of chunks: 85
2026-01-20 14:39:38,200 | INFO | Chunk: 0 | WER=100.000000 | S=1 D=1 I=0
2026-01-20 14:39:38,200 | INFO | Chunk: 1 | WER=66.666667 | S=1 D=1 I=0
2026-01-20 14:39:38,200 | INFO | Chunk: 2 | WER=400.000000 | S=1 D=0 I=3
2026-01-20 14:39:38,201 | INFO | Chunk: 3 | WER=400.000000 | S=1 D=0 I=3
2026-01-20 14:39:38,201 | INFO | Chunk: 4 | WER=0.000000 | S=0 D=0 I=0
2026-01-20 14:39:38,201 | INFO | Chunk: 6 | WER=0.000000 | S=0 D=0 I=0
2026-01-20 14:39:38,201 | INFO | Chunk: 7 | WER=300.000000 | S=1 D=0 I=2
2026-01-20 14:39:38,201 | INFO | Chunk: 8 | WER=400.000000 | S=1 D=0 I=3
2026-01-20 14:39:38,201 | INFO | Chunk: 9 | WER=100.000000 | S=1 D=0 I=0
2026-01-20 14:39:38,201 | INFO | Chunk: 10 | WER=0.000000 | S=0 D=0 I=0
2026-01-20 14:39:38,201 | INFO | Chunk: 11 | WER=400.000000 | S=1 D=0 I=3
2026-01-20 14:39:38,202 | INFO | Chunk: 13 | WER=400.000000 | S=1 D=0 I=3
2026-01-20 14:39:38,202 | INFO | Chunk: 14 | WER=100.000000 | S=1 D=0 I=0
2026-01-20 14:39:38,202 | INFO | Chunk: 15 | WER=500.000000 | S=1 D=0 I=4
2026-01-20 14:39:38,202 | INFO | Chunk: 18 | WER=400.000000 | S=1 D=0 I=3
2026-01-20 14:39:38,202 | INFO | Chunk: 21 | WER=400.000000 | S=1 D=0 I=3
2026-01-20 14:39:38,202 | INFO | Chunk: 22 | WER=0.000000 | S=0 D=0 I=0
2026-01-20 14:39:38,202 | INFO | Chunk: 23 | WER=400.000000 | S=1 D=0 I=3
2026-01-20 14:39:38,203 | INFO | Chunk: 25 | WER=100.000000 | S=1 D=0 I=0
2026-01-20 14:39:38,203 | INFO | Chunk: 26 | WER=600.000000 | S=1 D=0 I=5
2026-01-20 14:39:38,203 | INFO | Chunk: 29 | WER=2800.000000 | S=1 D=0 I=27
2026-01-20 14:39:38,203 | INFO | Chunk: 31 | WER=150.000000 | S=0 D=1 I=2
2026-01-20 14:39:38,203 | INFO | Chunk: 33 | WER=500.000000 | S=1 D=0 I=4
2026-01-20 14:39:38,203 | INFO | Chunk: 34 | WER=200.000000 | S=1 D=0 I=1
2026-01-20 14:39:38,204 | INFO | Chunk: 43 | WER=400.000000 | S=1 D=0 I=3
2026-01-20 14:39:38,204 | INFO | Chunk: 45 | WER=400.000000 | S=1 D=0 I=3
2026-01-20 14:39:38,204 | INFO | Chunk: 47 | WER=133.333333 | S=1 D=1 I=2
2026-01-20 14:39:38,204 | INFO | Chunk: 48 | WER=33.333333 | S=1 D=0 I=0
2026-01-20 14:39:38,204 | INFO | Chunk: 49 | WER=300.000000 | S=1 D=0 I=2
2026-01-20 14:39:38,204 | INFO | Chunk: 51 | WER=400.000000 | S=1 D=0 I=3
2026-01-20 14:39:38,205 | INFO | Chunk: 53 | WER=400.000000 | S=1 D=0 I=3
2026-01-20 14:39:38,205 | INFO | Chunk: 54 | WER=400.000000 | S=1 D=0 I=3
2026-01-20 14:39:38,205 | INFO | Chunk: 55 | WER=400.000000 | S=1 D=0 I=3
2026-01-20 14:39:38,205 | INFO | Chunk: 56 | WER=100.000000 | S=1 D=1 I=0
2026-01-20 14:39:38,205 | INFO | Chunk: 57 | WER=400.000000 | S=1 D=0 I=3
2026-01-20 14:39:38,205 | INFO | Chunk: 58 | WER=33.333333 | S=0 D=1 I=0
2026-01-20 14:39:38,205 | INFO | Chunk: 59 | WER=1000.000000 | S=1 D=0 I=9
2026-01-20 14:39:38,206 | INFO | Chunk: 60 | WER=100.000000 | S=0 D=1 I=2
2026-01-20 14:39:38,206 | INFO | Chunk: 61 | WER=400.000000 | S=1 D=0 I=3
2026-01-20 14:39:38,206 | INFO | Chunk: 62 | WER=400.000000 | S=1 D=0 I=3
2026-01-20 14:39:38,206 | INFO | Chunk: 64 | WER=400.000000 | S=1 D=0 I=3
2026-01-20 14:39:38,206 | INFO | Chunk: 65 | WER=50.000000 | S=1 D=0 I=0
2026-01-20 14:39:38,206 | INFO | Chunk: 66 | WER=400.000000 | S=1 D=0 I=3
2026-01-20 14:39:38,206 | INFO | Chunk: 68 | WER=0.000000 | S=0 D=0 I=0
2026-01-20 14:39:38,206 | INFO | Chunk: 70 | WER=400.000000 | S=1 D=0 I=3
2026-01-20 14:39:38,207 | INFO | Chunk: 71 | WER=400.000000 | S=1 D=0 I=3
2026-01-20 14:39:38,207 | INFO | Chunk: 72 | WER=100.000000 | S=1 D=1 I=0
2026-01-20 14:39:38,207 | INFO | Chunk: 73 | WER=400.000000 | S=1 D=0 I=3
2026-01-20 14:39:38,207 | INFO | Chunk: 74 | WER=400.000000 | S=1 D=0 I=3
2026-01-20 14:39:38,207 | INFO | Chunk: 75 | WER=400.000000 | S=1 D=0 I=3
2026-01-20 14:39:38,207 | INFO | Chunk: 77 | WER=400.000000 | S=1 D=0 I=3
2026-01-20 14:39:38,207 | INFO | Chunk: 78 | WER=400.000000 | S=1 D=0 I=3
2026-01-20 14:39:38,208 | INFO | Chunk: 79 | WER=400.000000 | S=1 D=0 I=3
2026-01-20 14:39:38,208 | INFO | Chunk: 80 | WER=400.000000 | S=1 D=0 I=3
2026-01-20 14:39:38,208 | INFO | Chunk: 82 | WER=1800.000000 | S=2 D=0 I=34
2026-01-20 14:39:38,208 | INFO | Chunk: 83 | WER=400.000000 | S=1 D=0 I=3
2026-01-20 14:39:38,208 | INFO | Chunk: 84 | WER=600.000000 | S=1 D=0 I=5
2026-01-20 14:39:38,208 | INFO | ------------------------------
2026-01-20 14:39:38,208 | INFO | ------------------------------
2026-01-20 14:39:38,223 | INFO | File: MO_F_AV40_2016_06_11_ModuleDescription_description.wav | WER=464.102564 | S=56 D=1 I=305
2026-01-20 14:39:38,223 | INFO | ------------------------------
2026-01-20 14:39:38,223 | INFO |  File duration: 75.30231292517007 seconds
2026-01-20 14:39:49,753 | INFO | Number of chunks: 12
2026-01-20 14:40:02,762 | INFO | Chunk: 0 | WER=4.651163 | S=1 D=1 I=0
2026-01-20 14:40:02,763 | INFO | Chunk: 1 | WER=6.666667 | S=1 D=1 I=1
2026-01-20 14:40:02,764 | INFO | Chunk: 2 | WER=6.250000 | S=1 D=0 I=0
2026-01-20 14:40:02,764 | INFO | Chunk: 3 | WER=0.000000 | S=0 D=0 I=0
2026-01-20 14:40:02,764 | INFO | Chunk: 4 | WER=50.000000 | S=2 D=0 I=0
2026-01-20 14:40:02,764 | INFO | Chunk: 5 | WER=7.692308 | S=1 D=0 I=0
2026-01-20 14:40:02,765 | INFO | Chunk: 6 | WER=7.692308 | S=1 D=0 I=0
2026-01-20 14:40:02,765 | INFO | Chunk: 7 | WER=0.000000 | S=0 D=0 I=0
2026-01-20 14:40:02,765 | INFO | Chunk: 8 | WER=13.043478 | S=2 D=1 I=0
2026-01-20 14:40:02,766 | INFO | Chunk: 9 | WER=22.222222 | S=0 D=0 I=2
2026-01-20 14:40:02,766 | INFO | Chunk: 10 | WER=400.000000 | S=1 D=0 I=3
2026-01-20 14:40:02,766 | INFO | ------------------------------
2026-01-20 14:40:02,766 | INFO | ------------------------------
2026-01-20 14:40:02,780 | INFO | File: MO_F_ER03_2016_04_05_ModuleDescription_description.wav | WER=12.921348 | S=10 D=3 I=10
2026-01-20 14:40:02,780 | INFO | ------------------------------
2026-01-20 14:40:02,780 | INFO |  File duration: 70.05460317460317 seconds
2026-01-20 14:40:13,609 | INFO | Number of chunks: 8
2026-01-20 14:40:25,743 | INFO | Chunk: 1 | WER=9.259259 | S=0 D=5 I=0
2026-01-20 14:40:25,743 | INFO | Chunk: 2 | WER=19.230769 | S=2 D=2 I=1
2026-01-20 14:40:25,744 | INFO | Chunk: 3 | WER=2.631579 | S=0 D=0 I=1
2026-01-20 14:40:25,745 | INFO | Chunk: 4 | WER=0.000000 | S=0 D=0 I=0
2026-01-20 14:40:25,745 | INFO | Chunk: 5 | WER=5.000000 | S=1 D=0 I=0
2026-01-20 14:40:25,746 | INFO | Chunk: 6 | WER=4.166667 | S=0 D=0 I=1
2026-01-20 14:40:25,746 | INFO | Chunk: 7 | WER=30.769231 | S=2 D=0 I=2
2026-01-20 14:40:25,746 | INFO | ------------------------------
2026-01-20 14:40:25,746 | INFO | ------------------------------
2026-01-20 14:40:25,761 | INFO | File: MO_F_ER04_2016_04_05_ModuleDescription_description.wav | WER=9.947644 | S=5 D=7 I=7
2026-01-20 14:40:25,762 | INFO | ------------------------------
2026-01-20 14:40:25,762 | INFO |  File duration: 64.83011337868481 seconds
2026-01-20 14:40:37,190 | INFO | Number of chunks: 3
2026-01-20 14:40:46,673 | INFO | Chunk: 0 | WER=44.791667 | S=9 D=34 I=0
2026-01-20 14:40:46,675 | INFO | Chunk: 1 | WER=49.411765 | S=15 D=27 I=0
2026-01-20 14:40:46,676 | INFO | Chunk: 2 | WER=0.000000 | S=0 D=0 I=0
2026-01-20 14:40:46,676 | INFO | ------------------------------
2026-01-20 14:40:46,676 | INFO | ------------------------------
2026-01-20 14:40:46,688 | INFO | File: MO_F_ER05_2016_04_06_ModuleDescription_description.wav | WER=43.367347 | S=24 D=61 I=0
2026-01-20 14:40:46,688 | INFO | ------------------------------
2026-01-20 14:40:46,688 | INFO |  File duration: 91.5330612244898 seconds
2026-01-20 14:41:01,122 | INFO | Number of chunks: 11
2026-01-20 14:41:15,058 | INFO | Chunk: 0 | WER=32.835821 | S=10 D=12 I=0
2026-01-20 14:41:15,058 | INFO | Chunk: 1 | WER=15.000000 | S=2 D=0 I=1
2026-01-20 14:41:15,059 | INFO | Chunk: 2 | WER=7.142857 | S=0 D=0 I=1
2026-01-20 14:41:15,059 | INFO | Chunk: 3 | WER=26.923077 | S=3 D=4 I=0
2026-01-20 14:41:15,059 | INFO | Chunk: 4 | WER=7.692308 | S=1 D=0 I=0
2026-01-20 14:41:15,060 | INFO | Chunk: 5 | WER=16.666667 | S=0 D=1 I=0
2026-01-20 14:41:15,060 | INFO | Chunk: 6 | WER=2.941176 | S=0 D=1 I=0
2026-01-20 14:41:15,061 | INFO | Chunk: 7 | WER=0.000000 | S=0 D=0 I=0
2026-01-20 14:41:15,061 | INFO | Chunk: 8 | WER=19.047619 | S=1 D=1 I=2
2026-01-20 14:41:15,061 | INFO | Chunk: 9 | WER=250.000000 | S=2 D=0 I=3
2026-01-20 14:41:15,061 | INFO | ------------------------------
2026-01-20 14:41:15,061 | INFO | ------------------------------
2026-01-20 14:41:15,079 | INFO | File: MO_F_ER12_2016_04_07_ModuleDescription_description.wav | WER=22.380952 | S=17 D=19 I=11
2026-01-20 14:41:15,079 | INFO | ------------------------------
2026-01-20 14:41:15,079 | INFO |  File duration: 43.723174603174606 seconds
2026-01-20 14:41:21,952 | INFO | Number of chunks: 9
2026-01-20 14:41:29,407 | INFO | Chunk: 0 | WER=100.000000 | S=1 D=1 I=0
2026-01-20 14:41:29,408 | INFO | Chunk: 1 | WER=17.391304 | S=2 D=0 I=2
2026-01-20 14:41:29,408 | INFO | Chunk: 2 | WER=15.384615 | S=2 D=0 I=0
2026-01-20 14:41:29,409 | INFO | Chunk: 3 | WER=0.000000 | S=0 D=0 I=0
2026-01-20 14:41:29,409 | INFO | Chunk: 4 | WER=33.333333 | S=0 D=0 I=2
2026-01-20 14:41:29,409 | INFO | Chunk: 5 | WER=21.428571 | S=2 D=1 I=0
2026-01-20 14:41:29,409 | INFO | Chunk: 6 | WER=20.000000 | S=1 D=0 I=0
2026-01-20 14:41:29,410 | INFO | Chunk: 7 | WER=0.000000 | S=0 D=0 I=0
2026-01-20 14:41:29,410 | INFO | Chunk: 8 | WER=22.222222 | S=0 D=0 I=2
2026-01-20 14:41:29,410 | INFO | ------------------------------
2026-01-20 14:41:29,410 | INFO | ------------------------------
2026-01-20 14:41:29,416 | INFO | File: MO_F_ER14_2016_04_08_ModuleDescription_description.wav | WER=10.377358 | S=7 D=0 I=4
2026-01-20 14:41:29,416 | INFO | ------------------------------
2026-01-20 14:41:29,416 | INFO |  File duration: 94.2962358276644 seconds
2026-01-20 14:41:42,541 | INFO | Number of chunks: 7
2026-01-20 14:41:56,585 | INFO | Chunk: 0 | WER=32.098765 | S=3 D=23 I=0
2026-01-20 14:41:56,586 | INFO | Chunk: 1 | WER=19.047619 | S=3 D=1 I=0
2026-01-20 14:41:56,589 | INFO | Chunk: 2 | WER=42.857143 | S=12 D=23 I=1
2026-01-20 14:41:56,589 | INFO | Chunk: 3 | WER=0.000000 | S=0 D=0 I=0
2026-01-20 14:41:56,590 | INFO | Chunk: 4 | WER=3.448276 | S=0 D=1 I=0
2026-01-20 14:41:56,590 | INFO | Chunk: 5 | WER=30.434783 | S=4 D=2 I=1
2026-01-20 14:41:56,590 | INFO | ------------------------------
2026-01-20 14:41:56,590 | INFO | ------------------------------
2026-01-20 14:41:56,612 | INFO | File: MO_F_ER20_2016_04_11_ModuleDescription_description.wav | WER=28.571429 | S=23 D=49 I=2
2026-01-20 14:41:56,612 | INFO | ------------------------------
2026-01-20 14:41:56,613 | INFO |  File duration: 167.69451247165532 seconds
2026-01-20 14:42:20,041 | INFO | Number of chunks: 13
2026-01-20 14:42:48,575 | INFO | Chunk: 0 | WER=3.125000 | S=1 D=0 I=0
2026-01-20 14:42:48,577 | INFO | Chunk: 1 | WER=30.303030 | S=11 D=2 I=7
2026-01-20 14:42:48,579 | INFO | Chunk: 2 | WER=36.666667 | S=8 D=1 I=13
2026-01-20 14:42:48,581 | INFO | Chunk: 3 | WER=16.666667 | S=4 D=4 I=0
2026-01-20 14:42:48,581 | INFO | Chunk: 4 | WER=23.809524 | S=3 D=2 I=0
2026-01-20 14:42:48,582 | INFO | Chunk: 5 | WER=23.076923 | S=0 D=2 I=1
2026-01-20 14:42:48,582 | INFO | Chunk: 6 | WER=14.285714 | S=1 D=0 I=0
2026-01-20 14:42:48,582 | INFO | Chunk: 7 | WER=17.241379 | S=4 D=1 I=0
2026-01-20 14:42:48,584 | INFO | Chunk: 8 | WER=29.411765 | S=1 D=14 I=0
2026-01-20 14:42:48,586 | INFO | Chunk: 9 | WER=48.717949 | S=17 D=14 I=7
2026-01-20 14:42:48,587 | INFO | Chunk: 10 | WER=4.166667 | S=0 D=1 I=0
2026-01-20 14:42:48,587 | INFO | ------------------------------
2026-01-20 14:42:48,587 | INFO | ------------------------------
2026-01-20 14:42:48,658 | INFO | File: MO_F_ER20_2016_06_08_ModuleDescription_description.wav | WER=29.137529 | S=53 D=38 I=34
2026-01-20 14:42:48,658 | INFO | ------------------------------
2026-01-20 14:42:48,658 | INFO |  File duration: 102.16780045351474 seconds
2026-01-20 14:43:03,398 | INFO | Number of chunks: 14
2026-01-20 14:43:18,419 | INFO | Chunk: 0 | WER=200.000000 | S=1 D=0 I=1
2026-01-20 14:43:18,420 | INFO | Chunk: 1 | WER=10.000000 | S=2 D=0 I=1
2026-01-20 14:43:18,420 | INFO | Chunk: 2 | WER=13.333333 | S=0 D=0 I=2
2026-01-20 14:43:18,421 | INFO | Chunk: 3 | WER=0.000000 | S=0 D=0 I=0
2026-01-20 14:43:18,421 | INFO | Chunk: 4 | WER=0.000000 | S=0 D=0 I=0
2026-01-20 14:43:18,421 | INFO | Chunk: 5 | WER=12.500000 | S=2 D=1 I=0
2026-01-20 14:43:18,422 | INFO | Chunk: 6 | WER=0.000000 | S=0 D=0 I=0
2026-01-20 14:43:18,422 | INFO | Chunk: 7 | WER=100.000000 | S=1 D=0 I=0
2026-01-20 14:43:18,422 | INFO | Chunk: 8 | WER=0.000000 | S=0 D=0 I=0
2026-01-20 14:43:18,422 | INFO | Chunk: 9 | WER=0.000000 | S=0 D=0 I=0
2026-01-20 14:43:18,422 | INFO | Chunk: 10 | WER=57.142857 | S=1 D=3 I=0
2026-01-20 14:43:18,422 | INFO | Chunk: 11 | WER=0.000000 | S=0 D=0 I=0
2026-01-20 14:43:18,424 | INFO | Chunk: 12 | WER=28.000000 | S=5 D=0 I=9
2026-01-20 14:43:18,424 | INFO | Chunk: 13 | WER=0.000000 | S=0 D=0 I=0
2026-01-20 14:43:18,424 | INFO | ------------------------------
2026-01-20 14:43:18,424 | INFO | ------------------------------
2026-01-20 14:43:18,442 | INFO | File: MO_F_SD04_2016_04_15_ModuleDescription_description.wav | WER=13.930348 | S=11 D=4 I=13
2026-01-20 14:43:18,442 | INFO | ------------------------------
2026-01-20 14:43:18,442 | INFO |  File duration: 98.98666666666666 seconds
2026-01-20 14:43:34,742 | INFO | Number of chunks: 7
2026-01-20 14:43:49,735 | INFO | Chunk: 0 | WER=44.318182 | S=6 D=33 I=0
2026-01-20 14:43:49,736 | INFO | Chunk: 1 | WER=4.651163 | S=1 D=0 I=1
2026-01-20 14:43:49,737 | INFO | Chunk: 2 | WER=2.702703 | S=0 D=0 I=1
2026-01-20 14:43:49,738 | INFO | Chunk: 3 | WER=7.692308 | S=2 D=0 I=1
2026-01-20 14:43:49,739 | INFO | Chunk: 4 | WER=2.777778 | S=0 D=0 I=1
2026-01-20 14:43:49,739 | INFO | Chunk: 5 | WER=50.000000 | S=0 D=1 I=0
2026-01-20 14:43:49,739 | INFO | Chunk: 6 | WER=100.000000 | S=1 D=2 I=0
2026-01-20 14:43:49,739 | INFO | ------------------------------
2026-01-20 14:43:49,739 | INFO | ------------------------------
2026-01-20 14:43:49,762 | INFO | File: MO_F_SD04_2016_08_22_ModuleDescription_description.wav | WER=18.548387 | S=10 D=34 I=2
2026-01-20 14:43:49,762 | INFO | ------------------------------
2026-01-20 14:43:49,762 | INFO |  File duration: 36.17668934240363 seconds
2026-01-20 14:43:54,552 | INFO | Number of chunks: 4
2026-01-20 14:44:01,226 | INFO | Chunk: 0 | WER=13.235294 | S=4 D=5 I=0
2026-01-20 14:44:01,227 | INFO | Chunk: 1 | WER=11.904762 | S=3 D=1 I=1
2026-01-20 14:44:01,227 | INFO | Chunk: 3 | WER=75.000000 | S=0 D=1 I=2
2026-01-20 14:44:01,227 | INFO | ------------------------------
2026-01-20 14:44:01,227 | INFO | ------------------------------
2026-01-20 14:44:01,234 | INFO | File: MO_F_SD06_2016_04_18_ModuleDescription_description.wav | WER=18.421053 | S=7 D=7 I=7
2026-01-20 14:44:01,234 | INFO | ------------------------------
2026-01-20 14:44:01,234 | INFO |  File duration: 118.88616780045352 seconds
2026-01-20 14:44:17,276 | INFO | Number of chunks: 13
2026-01-20 14:44:30,758 | INFO | Chunk: 0 | WER=300.000000 | S=1 D=0 I=2
2026-01-20 14:44:30,759 | INFO | Chunk: 1 | WER=3.703704 | S=1 D=0 I=0
2026-01-20 14:44:30,760 | INFO | Chunk: 2 | WER=0.000000 | S=0 D=0 I=0
2026-01-20 14:44:30,760 | INFO | Chunk: 3 | WER=7.142857 | S=0 D=1 I=0
2026-01-20 14:44:30,760 | INFO | Chunk: 4 | WER=42.857143 | S=0 D=1 I=2
2026-01-20 14:44:30,760 | INFO | Chunk: 5 | WER=12.500000 | S=0 D=2 I=0
2026-01-20 14:44:30,761 | INFO | Chunk: 6 | WER=7.142857 | S=1 D=1 I=0
2026-01-20 14:44:30,761 | INFO | Chunk: 7 | WER=13.043478 | S=2 D=1 I=0
2026-01-20 14:44:30,762 | INFO | Chunk: 8 | WER=4.166667 | S=0 D=1 I=0
2026-01-20 14:44:30,762 | INFO | Chunk: 9 | WER=25.000000 | S=0 D=0 I=1
2026-01-20 14:44:30,764 | INFO | Chunk: 10 | WER=16.666667 | S=4 D=2 I=3
2026-01-20 14:44:30,764 | INFO | Chunk: 11 | WER=35.714286 | S=0 D=3 I=2
2026-01-20 14:44:30,764 | INFO | Chunk: 12 | WER=100.000000 | S=1 D=1 I=0
2026-01-20 14:44:30,764 | INFO | ------------------------------
2026-01-20 14:44:30,764 | INFO | ------------------------------
2026-01-20 14:44:30,787 | INFO | File: MO_F_SD14_2016_04_25_ModuleDescription_description.wav | WER=9.958506 | S=9 D=9 I=6
2026-01-20 14:44:30,787 | INFO | ------------------------------
2026-01-20 14:44:30,787 | WARNING | The file /vol/corpora/TAPAS_FRAIS/Data_Partagees_Mons/Data_Mons/Description/MO_F_SD14_2016_08_13_ModuleDescription_description_2.wav does not exist
2026-01-20 14:44:30,787 | INFO |  File duration: 102.16780045351474 seconds
2026-01-20 14:44:43,306 | INFO | Number of chunks: 8
2026-01-20 14:44:54,008 | INFO | Chunk: 0 | WER=39.285714 | S=1 D=32 I=0
2026-01-20 14:44:54,009 | INFO | Chunk: 1 | WER=6.451613 | S=2 D=0 I=0
2026-01-20 14:44:54,009 | INFO | Chunk: 2 | WER=4.545455 | S=0 D=0 I=1
2026-01-20 14:44:54,010 | INFO | Chunk: 3 | WER=6.451613 | S=2 D=0 I=0
2026-01-20 14:44:54,010 | INFO | Chunk: 4 | WER=16.666667 | S=2 D=1 I=0
2026-01-20 14:44:54,012 | INFO | Chunk: 5 | WER=72.527473 | S=0 D=66 I=0
2026-01-20 14:44:54,012 | INFO | Chunk: 6 | WER=66.666667 | S=0 D=0 I=2
2026-01-20 14:44:54,012 | INFO | ------------------------------
2026-01-20 14:44:54,012 | INFO | ------------------------------
2026-01-20 14:44:54,033 | INFO | File: MO_F_SD17_2016_05_02_ModuleDescription_description.wav | WER=38.571429 | S=9 D=97 I=2
2026-01-20 14:44:54,033 | INFO | ------------------------------
2026-01-20 14:44:54,033 | INFO |  File duration: 53.98639455782313 seconds
2026-01-20 14:45:01,587 | INFO | Number of chunks: 6
2026-01-20 14:45:07,239 | INFO | Chunk: 0 | WER=14.285714 | S=0 D=2 I=0
2026-01-20 14:45:07,241 | INFO | Chunk: 1 | WER=16.363636 | S=4 D=5 I=0
2026-01-20 14:45:07,241 | INFO | Chunk: 2 | WER=0.000000 | S=0 D=0 I=0
2026-01-20 14:45:07,242 | INFO | Chunk: 3 | WER=11.111111 | S=1 D=0 I=1
2026-01-20 14:45:07,242 | INFO | Chunk: 4 | WER=0.000000 | S=0 D=0 I=0
2026-01-20 14:45:07,242 | INFO | Chunk: 5 | WER=0.000000 | S=0 D=0 I=0
2026-01-20 14:45:07,242 | INFO | ------------------------------
2026-01-20 14:45:07,242 | INFO | ------------------------------
2026-01-20 14:45:07,248 | INFO | File: MO_F_SD17_2016_05_03_ModuleDescription_description.wav | WER=12.621359 | S=5 D=7 I=1
2026-01-20 14:45:07,248 | INFO | ------------------------------
2026-01-20 14:45:07,248 | INFO |  File duration: 44.535873015873015 seconds
2026-01-20 14:45:13,872 | INFO | Number of chunks: 4
2026-01-20 14:45:17,627 | INFO | Chunk: 1 | WER=12.000000 | S=0 D=1 I=2
2026-01-20 14:45:17,628 | INFO | Chunk: 2 | WER=73.913043 | S=0 D=68 I=0
2026-01-20 14:45:17,628 | INFO | Chunk: 3 | WER=11.111111 | S=0 D=0 I=1
2026-01-20 14:45:17,628 | INFO | ------------------------------
2026-01-20 14:45:17,628 | INFO | ------------------------------
2026-01-20 14:45:17,633 | INFO | File: MO_F_SD20_2016_05_02_ModuleDescription_description.wav | WER=58.730159 | S=0 D=69 I=5
2026-01-20 14:45:17,633 | INFO | ------------------------------
2026-01-20 14:45:17,634 | INFO |  File duration: 52.964716553287985 seconds
2026-01-20 14:45:23,511 | INFO | Number of chunks: 13
2026-01-20 14:45:29,148 | INFO | Chunk: 0 | WER=0.000000 | S=0 D=0 I=0
2026-01-20 14:45:29,148 | INFO | Chunk: 1 | WER=50.000000 | S=2 D=1 I=0
2026-01-20 14:45:29,149 | INFO | Chunk: 2 | WER=16.666667 | S=1 D=0 I=0
2026-01-20 14:45:29,150 | INFO | Chunk: 3 | WER=14.285714 | S=0 D=0 I=1
2026-01-20 14:45:29,150 | INFO | Chunk: 4 | WER=33.333333 | S=1 D=2 I=0
2026-01-20 14:45:29,150 | INFO | Chunk: 5 | WER=25.000000 | S=0 D=0 I=1
2026-01-20 14:45:29,150 | INFO | Chunk: 6 | WER=28.571429 | S=2 D=0 I=0
2026-01-20 14:45:29,150 | INFO | Chunk: 7 | WER=100.000000 | S=2 D=0 I=0
2026-01-20 14:45:29,151 | INFO | Chunk: 8 | WER=0.000000 | S=0 D=0 I=0
2026-01-20 14:45:29,151 | INFO | Chunk: 9 | WER=0.000000 | S=0 D=0 I=0
2026-01-20 14:45:29,151 | INFO | Chunk: 10 | WER=37.500000 | S=0 D=1 I=2
2026-01-20 14:45:29,151 | INFO | Chunk: 11 | WER=0.000000 | S=0 D=0 I=0
2026-01-20 14:45:29,151 | INFO | Chunk: 12 | WER=16.666667 | S=1 D=0 I=1
2026-01-20 14:45:29,151 | INFO | ------------------------------
2026-01-20 14:45:29,151 | INFO | ------------------------------
2026-01-20 14:45:29,156 | INFO | File: MO_F_SD22_2016_05_03_ModuleDescription_description.wav | WER=22.222222 | S=9 D=4 I=5
2026-01-20 14:45:29,156 | INFO | ------------------------------
2026-01-20 14:45:29,156 | INFO |  File duration: 130.70512471655329 seconds
2026-01-20 14:45:43,227 | INFO | Number of chunks: 20
2026-01-20 14:45:59,932 | INFO | Chunk: 0 | WER=23.076923 | S=1 D=4 I=1
2026-01-20 14:45:59,934 | INFO | Chunk: 1 | WER=13.725490 | S=4 D=3 I=0
2026-01-20 14:45:59,934 | INFO | Chunk: 2 | WER=150.000000 | S=2 D=0 I=1
2026-01-20 14:45:59,934 | INFO | Chunk: 3 | WER=18.181818 | S=1 D=1 I=0
2026-01-20 14:45:59,934 | INFO | Chunk: 4 | WER=10.000000 | S=1 D=0 I=0
2026-01-20 14:45:59,935 | INFO | Chunk: 5 | WER=10.344828 | S=2 D=1 I=0
2026-01-20 14:45:59,935 | INFO | Chunk: 6 | WER=0.000000 | S=0 D=0 I=0
2026-01-20 14:45:59,935 | INFO | Chunk: 7 | WER=0.000000 | S=0 D=0 I=0
2026-01-20 14:45:59,935 | INFO | Chunk: 8 | WER=400.000000 | S=1 D=0 I=3
2026-01-20 14:45:59,935 | INFO | Chunk: 9 | WER=7.142857 | S=1 D=0 I=0
2026-01-20 14:45:59,936 | INFO | Chunk: 10 | WER=23.076923 | S=1 D=1 I=1
2026-01-20 14:45:59,936 | INFO | Chunk: 11 | WER=11.111111 | S=1 D=0 I=0
2026-01-20 14:45:59,936 | INFO | Chunk: 12 | WER=0.000000 | S=0 D=0 I=0
2026-01-20 14:45:59,937 | INFO | Chunk: 13 | WER=11.764706 | S=3 D=1 I=0
2026-01-20 14:45:59,937 | INFO | Chunk: 14 | WER=0.000000 | S=0 D=0 I=0
2026-01-20 14:45:59,938 | INFO | Chunk: 15 | WER=11.538462 | S=2 D=0 I=1
2026-01-20 14:45:59,938 | INFO | Chunk: 16 | WER=0.000000 | S=0 D=0 I=0
2026-01-20 14:45:59,938 | INFO | Chunk: 17 | WER=11.111111 | S=0 D=1 I=0
2026-01-20 14:45:59,938 | INFO | Chunk: 18 | WER=30.769231 | S=1 D=2 I=1
2026-01-20 14:45:59,938 | INFO | Chunk: 19 | WER=20.000000 | S=0 D=0 I=1
2026-01-20 14:45:59,939 | INFO | ------------------------------
2026-01-20 14:45:59,939 | INFO | ------------------------------
2026-01-20 14:45:59,969 | INFO | File: MO_H_AV03_2016_04_10_ModuleDescription_description.wav | WER=13.780919 | S=22 D=11 I=6
2026-01-20 14:45:59,969 | INFO | ------------------------------
2026-01-20 14:45:59,970 | INFO |  File duration: 169.13414965986394 seconds
2026-01-20 14:46:21,057 | INFO | Number of chunks: 30
2026-01-20 14:46:41,254 | INFO | Chunk: 0 | WER=50.000000 | S=1 D=1 I=0
2026-01-20 14:46:41,254 | INFO | Chunk: 1 | WER=25.000000 | S=2 D=3 I=0
2026-01-20 14:46:41,255 | INFO | Chunk: 2 | WER=3.703704 | S=0 D=1 I=0
2026-01-20 14:46:41,255 | INFO | Chunk: 3 | WER=20.000000 | S=0 D=0 I=2
2026-01-20 14:46:41,256 | INFO | Chunk: 4 | WER=7.142857 | S=2 D=0 I=0
2026-01-20 14:46:41,256 | INFO | Chunk: 5 | WER=14.285714 | S=1 D=1 I=0
2026-01-20 14:46:41,257 | INFO | Chunk: 6 | WER=10.526316 | S=2 D=0 I=0
2026-01-20 14:46:41,257 | INFO | Chunk: 7 | WER=40.000000 | S=1 D=1 I=0
2026-01-20 14:46:41,257 | INFO | Chunk: 8 | WER=14.285714 | S=1 D=1 I=0
2026-01-20 14:46:41,257 | INFO | Chunk: 9 | WER=12.500000 | S=0 D=1 I=0
2026-01-20 14:46:41,258 | INFO | Chunk: 10 | WER=13.333333 | S=2 D=0 I=0
2026-01-20 14:46:41,258 | INFO | Chunk: 11 | WER=33.333333 | S=2 D=0 I=0
2026-01-20 14:46:41,258 | INFO | Chunk: 12 | WER=0.000000 | S=0 D=0 I=0
2026-01-20 14:46:41,258 | INFO | Chunk: 13 | WER=20.000000 | S=1 D=2 I=0
2026-01-20 14:46:41,258 | INFO | Chunk: 14 | WER=16.666667 | S=0 D=0 I=2
2026-01-20 14:46:41,259 | INFO | Chunk: 15 | WER=0.000000 | S=0 D=0 I=0
2026-01-20 14:46:41,259 | INFO | Chunk: 16 | WER=5.882353 | S=1 D=0 I=0
2026-01-20 14:46:41,259 | INFO | Chunk: 17 | WER=0.000000 | S=0 D=0 I=0
2026-01-20 14:46:41,259 | INFO | Chunk: 18 | WER=7.142857 | S=0 D=0 I=1
2026-01-20 14:46:41,259 | INFO | Chunk: 19 | WER=0.000000 | S=0 D=0 I=0
2026-01-20 14:46:41,260 | INFO | Chunk: 20 | WER=40.000000 | S=0 D=0 I=2
2026-01-20 14:46:41,260 | INFO | Chunk: 21 | WER=0.000000 | S=0 D=0 I=0
2026-01-20 14:46:41,260 | INFO | Chunk: 22 | WER=13.043478 | S=2 D=0 I=1
2026-01-20 14:46:41,261 | INFO | Chunk: 23 | WER=7.692308 | S=0 D=1 I=0
2026-01-20 14:46:41,261 | INFO | Chunk: 24 | WER=0.000000 | S=0 D=0 I=0
2026-01-20 14:46:41,261 | INFO | Chunk: 25 | WER=14.285714 | S=0 D=1 I=0
2026-01-20 14:46:41,261 | INFO | Chunk: 26 | WER=57.142857 | S=2 D=2 I=0
2026-01-20 14:46:41,261 | INFO | Chunk: 27 | WER=0.000000 | S=0 D=0 I=0
2026-01-20 14:46:41,261 | INFO | Chunk: 29 | WER=26.666667 | S=1 D=1 I=2
2026-01-20 14:46:41,262 | INFO | ------------------------------
2026-01-20 14:46:41,262 | INFO | ------------------------------
2026-01-20 14:46:41,305 | INFO | File: MO_H_AV03_2016_06_12_ModuleDescription_description.wav | WER=13.690476 | S=22 D=13 I=11
2026-01-20 14:46:41,305 | INFO | ------------------------------
2026-01-20 14:46:41,305 | INFO |  File duration: 53.661315192743764 seconds
2026-01-20 14:46:51,554 | INFO | Number of chunks: 2
2026-01-20 14:46:59,539 | INFO | Chunk: 0 | WER=45.631068 | S=11 D=34 I=2
2026-01-20 14:46:59,542 | INFO | Chunk: 1 | WER=40.579710 | S=21 D=4 I=3
2026-01-20 14:46:59,542 | INFO | ------------------------------
2026-01-20 14:46:59,542 | INFO | ------------------------------
2026-01-20 14:46:59,553 | INFO | File: MO_H_AV12_2016_04_15_ModuleDescription_description.wav | WER=43.604651 | S=32 D=38 I=5
2026-01-20 14:46:59,553 | INFO | ------------------------------
2026-01-20 14:46:59,553 | INFO |  File duration: 17.020226757369613 seconds
2026-01-20 14:47:02,872 | INFO | Number of chunks: 2
2026-01-20 14:47:05,562 | INFO | Chunk: 0 | WER=3.703704 | S=1 D=0 I=0
2026-01-20 14:47:05,562 | INFO | Chunk: 1 | WER=16.666667 | S=1 D=2 I=0
2026-01-20 14:47:05,562 | INFO | ------------------------------
2026-01-20 14:47:05,562 | INFO | ------------------------------
2026-01-20 14:47:05,565 | INFO | File: MO_H_AV34_2016_06_07_ModuleDescription_description.wav | WER=8.888889 | S=2 D=2 I=0
2026-01-20 14:47:05,565 | INFO | ------------------------------
2026-01-20 14:47:05,565 | INFO |  File duration: 31.045079365079363 seconds
2026-01-20 14:47:10,619 | INFO | Number of chunks: 7
2026-01-20 14:47:15,756 | INFO | Chunk: 0 | WER=42.857143 | S=4 D=3 I=2
2026-01-20 14:47:15,756 | INFO | Chunk: 3 | WER=400.000000 | S=1 D=0 I=3
2026-01-20 14:47:15,757 | INFO | Chunk: 4 | WER=12.500000 | S=0 D=4 I=0
2026-01-20 14:47:15,757 | INFO | Chunk: 5 | WER=100.000000 | S=1 D=0 I=0
2026-01-20 14:47:15,757 | INFO | Chunk: 6 | WER=400.000000 | S=1 D=0 I=3
2026-01-20 14:47:15,757 | INFO | ------------------------------
2026-01-20 14:47:15,757 | INFO | ------------------------------
2026-01-20 14:47:15,761 | INFO | File: MO_H_AV39_2016_06_11_ModuleDescription_description.wav | WER=67.857143 | S=10 D=4 I=24
2026-01-20 14:47:15,761 | INFO | ------------------------------
2026-01-20 14:47:15,761 | INFO |  File duration: 48.27428571428572 seconds
2026-01-20 14:47:20,577 | INFO | Number of chunks: 5
2026-01-20 14:47:27,080 | INFO | Chunk: 0 | WER=11.538462 | S=2 D=0 I=1
2026-01-20 14:47:27,082 | INFO | Chunk: 1 | WER=26.785714 | S=8 D=4 I=3
2026-01-20 14:47:27,083 | INFO | Chunk: 2 | WER=6.250000 | S=1 D=0 I=0
2026-01-20 14:47:27,083 | INFO | Chunk: 3 | WER=100.000000 | S=5 D=3 I=0
2026-01-20 14:47:27,083 | INFO | Chunk: 4 | WER=200.000000 | S=1 D=0 I=1
2026-01-20 14:47:27,083 | INFO | ------------------------------
2026-01-20 14:47:27,083 | INFO | ------------------------------
2026-01-20 14:47:27,089 | INFO | File: MO_H_ER07_2016_04_06_ModuleDescription_description.wav | WER=26.168224 | S=18 D=6 I=4
2026-01-20 14:47:27,089 | INFO | ------------------------------
2026-01-20 14:47:27,089 | INFO |  File duration: 33.877913832199546 seconds
2026-01-20 14:47:31,297 | INFO | Number of chunks: 5
2026-01-20 14:47:35,598 | INFO | Chunk: 0 | WER=7.142857 | S=0 D=1 I=0
2026-01-20 14:47:35,599 | INFO | Chunk: 1 | WER=0.000000 | S=0 D=0 I=0
2026-01-20 14:47:35,599 | INFO | Chunk: 2 | WER=0.000000 | S=0 D=0 I=0
2026-01-20 14:47:35,600 | INFO | Chunk: 3 | WER=3.846154 | S=1 D=0 I=0
2026-01-20 14:47:35,600 | INFO | ------------------------------
2026-01-20 14:47:35,600 | INFO | ------------------------------
2026-01-20 14:47:35,603 | INFO | File: MO_H_ER11_2016_04_07_ModuleDescription_description.wav | WER=4.285714 | S=1 D=1 I=1
2026-01-20 14:47:35,603 | INFO | ------------------------------
2026-01-20 14:47:35,604 | INFO |  File duration: 36.75718820861678 seconds
2026-01-20 14:47:40,493 | INFO | Number of chunks: 11
2026-01-20 14:47:46,058 | INFO | Chunk: 1 | WER=4.761905 | S=1 D=0 I=0
2026-01-20 14:47:46,059 | INFO | Chunk: 2 | WER=10.526316 | S=1 D=1 I=0
2026-01-20 14:47:46,059 | INFO | Chunk: 3 | WER=100.000000 | S=2 D=2 I=0
2026-01-20 14:47:46,059 | INFO | Chunk: 4 | WER=40.000000 | S=0 D=0 I=2
2026-01-20 14:47:46,059 | INFO | Chunk: 5 | WER=25.000000 | S=1 D=0 I=0
2026-01-20 14:47:46,060 | INFO | Chunk: 6 | WER=100.000000 | S=1 D=0 I=0
2026-01-20 14:47:46,060 | INFO | Chunk: 7 | WER=50.000000 | S=0 D=2 I=2
2026-01-20 14:47:46,060 | INFO | Chunk: 8 | WER=75.000000 | S=1 D=2 I=3
2026-01-20 14:47:46,060 | INFO | Chunk: 9 | WER=0.000000 | S=0 D=0 I=0
2026-01-20 14:47:46,060 | INFO | Chunk: 10 | WER=100.000000 | S=1 D=0 I=0
2026-01-20 14:47:46,060 | INFO | ------------------------------
2026-01-20 14:47:46,060 | INFO | ------------------------------
2026-01-20 14:47:46,065 | INFO | File: MO_H_ER13_2016_04_08_ModuleDescription_description.wav | WER=26.582278 | S=11 D=4 I=6
2026-01-20 14:47:46,065 | INFO | ------------------------------
2026-01-20 14:47:46,065 | INFO |  File duration: 25.031111111111112 seconds
2026-01-20 14:47:50,591 | INFO | Number of chunks: 2
2026-01-20 14:47:53,632 | INFO | Chunk: 0 | WER=19.607843 | S=6 D=4 I=0
2026-01-20 14:47:53,632 | INFO | Chunk: 1 | WER=400.000000 | S=1 D=0 I=3
2026-01-20 14:47:53,632 | INFO | ------------------------------
2026-01-20 14:47:53,632 | INFO | ------------------------------
2026-01-20 14:47:53,635 | INFO | File: MO_H_ER15_2016_04_08_ModuleDescription_description.wav | WER=23.076923 | S=9 D=2 I=1
2026-01-20 14:47:53,635 | INFO | ------------------------------
2026-01-20 14:47:53,635 | INFO |  File duration: 99.75292517006802 seconds
2026-01-20 14:48:05,847 | INFO | Number of chunks: 15
2026-01-20 14:48:19,051 | INFO | Chunk: 0 | WER=200.000000 | S=1 D=0 I=1
2026-01-20 14:48:19,051 | INFO | Chunk: 1 | WER=30.000000 | S=1 D=3 I=2
2026-01-20 14:48:19,053 | INFO | Chunk: 2 | WER=27.868852 | S=6 D=4 I=7
2026-01-20 14:48:19,053 | INFO | Chunk: 3 | WER=42.857143 | S=0 D=2 I=1
2026-01-20 14:48:19,054 | INFO | Chunk: 4 | WER=27.272727 | S=1 D=0 I=2
2026-01-20 14:48:19,054 | INFO | Chunk: 5 | WER=0.000000 | S=0 D=0 I=0
2026-01-20 14:48:19,055 | INFO | Chunk: 6 | WER=19.444444 | S=2 D=5 I=0
2026-01-20 14:48:19,055 | INFO | Chunk: 7 | WER=8.333333 | S=1 D=0 I=0
2026-01-20 14:48:19,055 | INFO | Chunk: 8 | WER=33.333333 | S=0 D=3 I=1
2026-01-20 14:48:19,056 | INFO | Chunk: 9 | WER=0.000000 | S=0 D=0 I=0
2026-01-20 14:48:19,056 | INFO | Chunk: 10 | WER=33.333333 | S=0 D=0 I=1
2026-01-20 14:48:19,056 | INFO | Chunk: 11 | WER=0.000000 | S=0 D=0 I=0
2026-01-20 14:48:19,056 | INFO | Chunk: 12 | WER=50.000000 | S=1 D=1 I=1
2026-01-20 14:48:19,056 | INFO | Chunk: 13 | WER=50.000000 | S=1 D=0 I=1
2026-01-20 14:48:19,056 | INFO | Chunk: 14 | WER=100.000000 | S=2 D=1 I=0
2026-01-20 14:48:19,056 | INFO | ------------------------------
2026-01-20 14:48:19,056 | INFO | ------------------------------
2026-01-20 14:48:19,075 | INFO | File: MO_H_ER21_2016_04_11_ModuleDescription_description.wav | WER=18.807339 | S=15 D=14 I=12
2026-01-20 14:48:19,075 | INFO | ------------------------------
2026-01-20 14:48:19,076 | INFO |  File duration: 64.2031746031746 seconds
2026-01-20 14:48:27,262 | INFO | Number of chunks: 10
2026-01-20 14:48:36,653 | INFO | Chunk: 1 | WER=31.250000 | S=5 D=4 I=1
2026-01-20 14:48:36,654 | INFO | Chunk: 2 | WER=16.666667 | S=0 D=2 I=0
2026-01-20 14:48:36,654 | INFO | Chunk: 3 | WER=10.000000 | S=0 D=0 I=1
2026-01-20 14:48:36,655 | INFO | Chunk: 4 | WER=28.571429 | S=7 D=3 I=0
2026-01-20 14:48:36,655 | INFO | Chunk: 5 | WER=23.529412 | S=0 D=4 I=0
2026-01-20 14:48:36,655 | INFO | Chunk: 6 | WER=8.333333 | S=1 D=0 I=0
2026-01-20 14:48:36,655 | INFO | Chunk: 7 | WER=11.111111 | S=0 D=0 I=1
2026-01-20 14:48:36,655 | INFO | Chunk: 8 | WER=0.000000 | S=0 D=0 I=0
2026-01-20 14:48:36,656 | INFO | Chunk: 9 | WER=6.666667 | S=0 D=2 I=0
2026-01-20 14:48:36,656 | INFO | ------------------------------
2026-01-20 14:48:36,656 | INFO | ------------------------------
2026-01-20 14:48:36,667 | INFO | File: MO_H_ER25_2016_04_16_ModuleDescription_description.wav | WER=20.125786 | S=16 D=12 I=4
2026-01-20 14:48:36,667 | INFO | ------------------------------
2026-01-20 14:48:36,667 | WARNING | The file /vol/corpora/TAPAS_FRAIS/Data_Partagees_Mons/Data_Mons/Description/MO_H_ER25_2016_04_16_ModuleDescription_description_2.wav does not exist
2026-01-20 14:48:36,667 | INFO |  File duration: 30.48780045351474 seconds
2026-01-20 14:48:39,820 | INFO | Number of chunks: 8
2026-01-20 14:48:42,468 | INFO | Chunk: 0 | WER=100.000000 | S=1 D=1 I=0
2026-01-20 14:48:42,468 | INFO | Chunk: 1 | WER=30.769231 | S=2 D=0 I=2
2026-01-20 14:48:42,468 | INFO | Chunk: 2 | WER=16.666667 | S=1 D=0 I=0
2026-01-20 14:48:42,469 | INFO | Chunk: 3 | WER=150.000000 | S=2 D=0 I=1
2026-01-20 14:48:42,469 | INFO | Chunk: 4 | WER=100.000000 | S=2 D=0 I=0
2026-01-20 14:48:42,469 | INFO | Chunk: 5 | WER=100.000000 | S=2 D=0 I=0
2026-01-20 14:48:42,469 | INFO | Chunk: 6 | WER=0.000000 | S=0 D=0 I=0
2026-01-20 14:48:42,469 | INFO | ------------------------------
2026-01-20 14:48:42,469 | INFO | ------------------------------
2026-01-20 14:48:42,471 | INFO | File: MO_H_ER42_2017_01_24_ModuleDescription_description.wav | WER=40.000000 | S=9 D=0 I=3
2026-01-20 14:48:42,471 | INFO | ------------------------------
2026-01-20 14:48:42,472 | INFO |  File duration: 38.568344671201814 seconds
2026-01-20 14:48:46,154 | INFO | Number of chunks: 7
2026-01-20 14:48:49,185 | INFO | Chunk: 0 | WER=0.000000 | S=0 D=0 I=0
2026-01-20 14:48:49,186 | INFO | Chunk: 1 | WER=11.111111 | S=1 D=0 I=0
2026-01-20 14:48:49,186 | INFO | Chunk: 2 | WER=23.076923 | S=2 D=0 I=1
2026-01-20 14:48:49,186 | INFO | Chunk: 3 | WER=133.333333 | S=3 D=0 I=1
2026-01-20 14:48:49,186 | INFO | Chunk: 4 | WER=0.000000 | S=0 D=0 I=0
2026-01-20 14:48:49,186 | INFO | Chunk: 5 | WER=0.000000 | S=0 D=0 I=0
2026-01-20 14:48:49,186 | INFO | ------------------------------
2026-01-20 14:48:49,186 | INFO | ------------------------------
2026-01-20 14:48:49,189 | INFO | File: MO_H_ER42_2017_03_31_ModuleDescription_description.wav | WER=24.324324 | S=6 D=0 I=3
2026-01-20 14:48:49,189 | INFO | ------------------------------
2026-01-20 14:48:49,189 | INFO |  File duration: 89.02530612244898 seconds
2026-01-20 14:49:01,337 | INFO | Number of chunks: 5
2026-01-20 14:49:12,959 | INFO | Chunk: 0 | WER=18.518519 | S=1 D=3 I=1
2026-01-20 14:49:12,959 | INFO | Chunk: 1 | WER=10.000000 | S=0 D=2 I=0
2026-01-20 14:49:12,961 | INFO | Chunk: 2 | WER=52.777778 | S=3 D=33 I=2
2026-01-20 14:49:12,962 | INFO | Chunk: 3 | WER=17.777778 | S=5 D=1 I=2
2026-01-20 14:49:12,965 | INFO | Chunk: 4 | WER=51.612903 | S=20 D=26 I=2
2026-01-20 14:49:12,965 | INFO | ------------------------------
2026-01-20 14:49:12,965 | INFO | ------------------------------
2026-01-20 14:49:12,986 | INFO | File: MO_H_ER44_2017_01_26_ModuleDescription_description.wav | WER=36.964981 | S=31 D=61 I=3
2026-01-20 14:49:12,986 | INFO | ------------------------------
2026-01-20 14:49:12,986 | INFO |  File duration: 58.83936507936508 seconds
2026-01-20 14:49:20,723 | INFO | Number of chunks: 8
2026-01-20 14:49:29,785 | INFO | Chunk: 0 | WER=21.428571 | S=2 D=1 I=0
2026-01-20 14:49:29,786 | INFO | Chunk: 1 | WER=47.058824 | S=5 D=3 I=0
2026-01-20 14:49:29,786 | INFO | Chunk: 2 | WER=400.000000 | S=1 D=0 I=3
2026-01-20 14:49:29,787 | INFO | Chunk: 3 | WER=10.526316 | S=3 D=0 I=1
2026-01-20 14:49:29,787 | INFO | Chunk: 4 | WER=14.285714 | S=0 D=0 I=1
2026-01-20 14:49:29,787 | INFO | Chunk: 5 | WER=0.000000 | S=0 D=0 I=0
2026-01-20 14:49:29,788 | INFO | Chunk: 6 | WER=12.820513 | S=3 D=2 I=0
2026-01-20 14:49:29,789 | INFO | Chunk: 7 | WER=24.000000 | S=2 D=2 I=2
2026-01-20 14:49:29,789 | INFO | ------------------------------
2026-01-20 14:49:29,789 | INFO | ------------------------------
2026-01-20 14:49:29,799 | INFO | File: MO_H_ER46_2017_03_31_ModuleDescription_description.wav | WER=20.408163 | S=15 D=8 I=7
2026-01-20 14:49:29,799 | INFO | ------------------------------
2026-01-20 14:49:29,799 | INFO |  File duration: 31.230839002267572 seconds
2026-01-20 14:49:34,219 | INFO | Number of chunks: 4
2026-01-20 14:49:38,658 | INFO | Chunk: 0 | WER=17.857143 | S=5 D=5 I=0
2026-01-20 14:49:38,658 | INFO | Chunk: 1 | WER=38.461538 | S=1 D=3 I=1
2026-01-20 14:49:38,658 | INFO | Chunk: 2 | WER=25.000000 | S=0 D=0 I=2
2026-01-20 14:49:38,659 | INFO | Chunk: 3 | WER=100.000000 | S=1 D=0 I=0
2026-01-20 14:49:38,659 | INFO | ------------------------------
2026-01-20 14:49:38,659 | INFO | ------------------------------
2026-01-20 14:49:38,663 | INFO | File: MO_H_ER50_2017_05_29_ModuleDescription_description.wav | WER=23.076923 | S=7 D=8 I=3
2026-01-20 14:49:38,663 | INFO | ------------------------------
2026-01-20 14:49:38,663 | INFO |  File duration: 50.991020408163266 seconds
2026-01-20 14:49:45,475 | INFO | Number of chunks: 3
2026-01-20 14:49:51,522 | INFO | Chunk: 0 | WER=25.490196 | S=3 D=10 I=0
2026-01-20 14:49:51,525 | INFO | Chunk: 1 | WER=49.462366 | S=11 D=34 I=1
2026-01-20 14:49:51,525 | INFO | Chunk: 2 | WER=0.000000 | S=0 D=0 I=0
2026-01-20 14:49:51,525 | INFO | ------------------------------
2026-01-20 14:49:51,525 | INFO | ------------------------------
2026-01-20 14:49:51,533 | INFO | File: MO_H_SD05_2016_08_22_ModuleDescription_description.wav | WER=40.136054 | S=14 D=44 I=1
2026-01-20 14:49:51,533 | INFO | ------------------------------
2026-01-20 14:49:51,533 | INFO |  File duration: 43.79283446712018 seconds
2026-01-20 14:49:55,783 | INFO | Number of chunks: 6
2026-01-20 14:50:01,708 | INFO | Chunk: 0 | WER=27.777778 | S=2 D=3 I=0
2026-01-20 14:50:01,709 | INFO | Chunk: 1 | WER=25.000000 | S=3 D=2 I=1
2026-01-20 14:50:01,709 | INFO | Chunk: 2 | WER=53.333333 | S=2 D=4 I=2
2026-01-20 14:50:01,710 | INFO | Chunk: 3 | WER=14.285714 | S=2 D=1 I=0
2026-01-20 14:50:01,710 | INFO | Chunk: 4 | WER=37.931034 | S=0 D=8 I=3
2026-01-20 14:50:01,710 | INFO | Chunk: 5 | WER=33.333333 | S=1 D=2 I=0
2026-01-20 14:50:01,710 | INFO | ------------------------------
2026-01-20 14:50:01,710 | INFO | ------------------------------
2026-01-20 14:50:01,717 | INFO | File: MO_H_SD10_2016_04_22_ModuleDescription_description.wav | WER=25.000000 | S=13 D=15 I=1
2026-01-20 14:50:01,717 | INFO | ------------------------------
2026-01-20 14:50:01,717 | INFO |  File duration: 65.73569160997732 seconds
2026-01-20 14:50:08,456 | INFO | Number of chunks: 14
2026-01-20 14:50:17,228 | INFO | Chunk: 0 | WER=14.285714 | S=1 D=3 I=0
2026-01-20 14:50:17,228 | INFO | Chunk: 1 | WER=12.500000 | S=1 D=0 I=0
2026-01-20 14:50:17,229 | INFO | Chunk: 2 | WER=35.714286 | S=4 D=6 I=0
2026-01-20 14:50:17,229 | INFO | Chunk: 3 | WER=33.333333 | S=2 D=0 I=2
2026-01-20 14:50:17,229 | INFO | Chunk: 4 | WER=40.000000 | S=0 D=0 I=2
2026-01-20 14:50:17,229 | INFO | Chunk: 5 | WER=40.000000 | S=0 D=2 I=0
2026-01-20 14:50:17,229 | INFO | Chunk: 6 | WER=75.000000 | S=1 D=0 I=2
2026-01-20 14:50:17,230 | INFO | Chunk: 7 | WER=33.333333 | S=3 D=1 I=0
2026-01-20 14:50:17,230 | INFO | Chunk: 8 | WER=133.333333 | S=3 D=0 I=1
2026-01-20 14:50:17,230 | INFO | Chunk: 9 | WER=33.333333 | S=0 D=1 I=2
2026-01-20 14:50:17,230 | INFO | Chunk: 10 | WER=0.000000 | S=0 D=0 I=0
2026-01-20 14:50:17,230 | INFO | Chunk: 11 | WER=14.285714 | S=1 D=1 I=0
2026-01-20 14:50:17,231 | INFO | Chunk: 12 | WER=30.000000 | S=1 D=1 I=1
2026-01-20 14:50:17,231 | INFO | Chunk: 13 | WER=0.000000 | S=0 D=0 I=0
2026-01-20 14:50:17,231 | INFO | ------------------------------
2026-01-20 14:50:17,231 | INFO | ------------------------------
2026-01-20 14:50:17,240 | INFO | File: MO_H_SD10_2016_08_24_ModuleDescription_description.wav | WER=28.275862 | S=20 D=13 I=8
2026-01-20 14:50:17,240 | INFO | ------------------------------
2026-01-20 14:50:17,241 | INFO |  File duration: 69.91528344671202 seconds
2026-01-20 14:50:26,203 | INFO | Number of chunks: 5
2026-01-20 14:50:34,314 | INFO | Chunk: 1 | WER=26.315789 | S=8 D=12 I=0
2026-01-20 14:50:34,316 | INFO | Chunk: 2 | WER=54.761905 | S=2 D=44 I=0
2026-01-20 14:50:34,316 | INFO | Chunk: 3 | WER=5.000000 | S=0 D=0 I=1
2026-01-20 14:50:34,316 | INFO | Chunk: 4 | WER=300.000000 | S=1 D=0 I=2
2026-01-20 14:50:34,316 | INFO | ------------------------------
2026-01-20 14:50:34,316 | INFO | ------------------------------
2026-01-20 14:50:34,327 | INFO | File: MO_H_SD16_2016_04_25_ModuleDescription_description.wav | WER=40.883978 | S=10 D=56 I=8
2026-01-20 14:50:34,327 | INFO | ------------------------------
2026-01-20 14:50:34,328 | INFO |  File duration: 74.97723356009071 seconds
2026-01-20 14:50:44,587 | INFO | Number of chunks: 3
2026-01-20 14:50:51,790 | INFO | Chunk: 0 | WER=75.280899 | S=1 D=66 I=0
2026-01-20 14:50:51,793 | INFO | Chunk: 1 | WER=56.179775 | S=9 D=41 I=0
2026-01-20 14:50:51,794 | INFO | Chunk: 2 | WER=6.521739 | S=2 D=1 I=0
2026-01-20 14:50:51,794 | INFO | ------------------------------
2026-01-20 14:50:51,794 | INFO | ------------------------------
2026-01-20 14:50:51,806 | INFO | File: MO_H_SD26_2016_05_13_ModuleDescription_description.wav | WER=53.571429 | S=12 D=108 I=0
2026-01-20 14:50:51,806 | INFO | ------------------------------
2026-01-20 14:50:51,806 | INFO |  File duration: 65.41061224489796 seconds
2026-01-20 14:50:56,339 | INFO | Number of chunks: 15
2026-01-20 14:51:00,766 | INFO | Chunk: 0 | WER=100.000000 | S=1 D=1 I=0
2026-01-20 14:51:00,766 | INFO | Chunk: 1 | WER=133.333333 | S=3 D=0 I=1
2026-01-20 14:51:00,766 | INFO | Chunk: 2 | WER=100.000000 | S=2 D=3 I=0
2026-01-20 14:51:00,766 | INFO | Chunk: 3 | WER=100.000000 | S=3 D=2 I=0
2026-01-20 14:51:00,766 | INFO | Chunk: 4 | WER=66.666667 | S=1 D=7 I=0
2026-01-20 14:51:00,766 | INFO | Chunk: 5 | WER=200.000000 | S=1 D=0 I=1
2026-01-20 14:51:00,766 | INFO | Chunk: 6 | WER=100.000000 | S=0 D=0 I=3
2026-01-20 14:51:00,767 | INFO | Chunk: 7 | WER=100.000000 | S=0 D=0 I=3
2026-01-20 14:51:00,767 | INFO | Chunk: 8 | WER=100.000000 | S=3 D=1 I=0
2026-01-20 14:51:00,767 | INFO | Chunk: 9 | WER=100.000000 | S=1 D=0 I=0
2026-01-20 14:51:00,767 | INFO | Chunk: 10 | WER=100.000000 | S=3 D=1 I=0
2026-01-20 14:51:00,767 | INFO | Chunk: 11 | WER=100.000000 | S=3 D=2 I=0
2026-01-20 14:51:00,767 | INFO | Chunk: 12 | WER=100.000000 | S=1 D=0 I=0
2026-01-20 14:51:00,767 | INFO | Chunk: 13 | WER=133.333333 | S=3 D=0 I=1
2026-01-20 14:51:00,768 | INFO | Chunk: 14 | WER=80.000000 | S=4 D=0 I=0
2026-01-20 14:51:00,768 | INFO | ------------------------------
2026-01-20 14:51:00,768 | INFO | ------------------------------
2026-01-20 14:51:00,770 | INFO | File: MO_H_SD27_2016_05_20_ModuleDescription_description.wav | WER=82.456140 | S=35 D=10 I=2
2026-01-20 14:51:00,771 | INFO | ------------------------------
2026-01-20 14:51:00,771 | INFO |  File duration: 46.23092970521542 seconds
2026-01-20 14:51:05,845 | INFO | Number of chunks: 9
2026-01-20 14:51:12,261 | INFO | Chunk: 0 | WER=50.000000 | S=1 D=0 I=0
2026-01-20 14:51:12,261 | INFO | Chunk: 1 | WER=0.000000 | S=0 D=0 I=0
2026-01-20 14:51:12,262 | INFO | Chunk: 2 | WER=38.888889 | S=3 D=3 I=1
2026-01-20 14:51:12,262 | INFO | Chunk: 3 | WER=29.032258 | S=5 D=4 I=0
2026-01-20 14:51:12,263 | INFO | Chunk: 4 | WER=30.769231 | S=2 D=2 I=0
2026-01-20 14:51:12,263 | INFO | Chunk: 5 | WER=0.000000 | S=0 D=0 I=0
2026-01-20 14:51:12,263 | INFO | Chunk: 6 | WER=34.782609 | S=3 D=5 I=0
2026-01-20 14:51:12,263 | INFO | Chunk: 7 | WER=44.444444 | S=1 D=3 I=0
2026-01-20 14:51:12,264 | INFO | Chunk: 8 | WER=100.000000 | S=1 D=0 I=0
2026-01-20 14:51:12,264 | INFO | ------------------------------
2026-01-20 14:51:12,264 | INFO | ------------------------------
2026-01-20 14:51:12,270 | INFO | File: MO_H_SD29_2016_05_20_ModuleDescription_description.wav | WER=29.565217 | S=16 D=17 I=1
2026-01-20 14:51:12,270 | INFO | ------------------------------
2026-01-20 14:51:12,270 | INFO |  File duration: 299.5374149659864 seconds
2026-01-20 14:51:38,249 | INFO | Number of chunks: 64
2026-01-20 14:52:06,919 | INFO | Chunk: 1 | WER=100.000000 | S=0 D=0 I=1
2026-01-20 14:52:06,919 | INFO | Chunk: 2 | WER=33.333333 | S=2 D=0 I=0
2026-01-20 14:52:06,919 | INFO | Chunk: 3 | WER=11.111111 | S=0 D=1 I=0
2026-01-20 14:52:06,920 | INFO | Chunk: 4 | WER=14.285714 | S=2 D=0 I=0
2026-01-20 14:52:06,920 | INFO | Chunk: 5 | WER=50.000000 | S=0 D=0 I=1
2026-01-20 14:52:06,920 | INFO | Chunk: 6 | WER=50.000000 | S=1 D=1 I=0
2026-01-20 14:52:06,920 | INFO | Chunk: 7 | WER=8.333333 | S=0 D=1 I=0
2026-01-20 14:52:06,920 | INFO | Chunk: 8 | WER=30.000000 | S=1 D=2 I=0
2026-01-20 14:52:06,920 | INFO | Chunk: 9 | WER=100.000000 | S=2 D=0 I=1
2026-01-20 14:52:06,921 | INFO | Chunk: 10 | WER=50.000000 | S=1 D=0 I=0
2026-01-20 14:52:06,921 | INFO | Chunk: 11 | WER=100.000000 | S=1 D=2 I=1
2026-01-20 14:52:06,921 | INFO | Chunk: 12 | WER=100.000000 | S=1 D=0 I=0
2026-01-20 14:52:06,921 | INFO | Chunk: 13 | WER=80.000000 | S=3 D=0 I=1
2026-01-20 14:52:06,921 | INFO | Chunk: 14 | WER=75.000000 | S=1 D=0 I=2
2026-01-20 14:52:06,921 | INFO | Chunk: 15 | WER=60.000000 | S=1 D=1 I=1
2026-01-20 14:52:06,922 | INFO | Chunk: 16 | WER=11.764706 | S=1 D=1 I=0
2026-01-20 14:52:06,922 | INFO | Chunk: 17 | WER=100.000000 | S=1 D=0 I=0
2026-01-20 14:52:06,922 | INFO | Chunk: 18 | WER=25.000000 | S=2 D=0 I=0
2026-01-20 14:52:06,922 | INFO | Chunk: 19 | WER=21.428571 | S=2 D=0 I=1
2026-01-20 14:52:06,922 | INFO | Chunk: 20 | WER=25.000000 | S=1 D=2 I=0
2026-01-20 14:52:06,923 | INFO | Chunk: 21 | WER=25.000000 | S=0 D=0 I=1
2026-01-20 14:52:06,923 | INFO | Chunk: 22 | WER=0.000000 | S=0 D=0 I=0
2026-01-20 14:52:06,923 | INFO | Chunk: 23 | WER=66.666667 | S=1 D=0 I=1
2026-01-20 14:52:06,923 | INFO | Chunk: 24 | WER=14.285714 | S=1 D=0 I=0
2026-01-20 14:52:06,923 | INFO | Chunk: 25 | WER=40.000000 | S=1 D=1 I=0
2026-01-20 14:52:06,923 | INFO | Chunk: 26 | WER=0.000000 | S=0 D=0 I=0
2026-01-20 14:52:06,924 | INFO | Chunk: 27 | WER=50.000000 | S=0 D=0 I=1
2026-01-20 14:52:06,924 | INFO | Chunk: 28 | WER=50.000000 | S=2 D=0 I=0
2026-01-20 14:52:06,924 | INFO | Chunk: 29 | WER=50.000000 | S=1 D=0 I=0
2026-01-20 14:52:06,924 | INFO | Chunk: 30 | WER=0.000000 | S=0 D=0 I=0
2026-01-20 14:52:06,924 | INFO | Chunk: 31 | WER=100.000000 | S=3 D=0 I=1
2026-01-20 14:52:06,924 | INFO | Chunk: 32 | WER=100.000000 | S=1 D=2 I=0
2026-01-20 14:52:06,924 | INFO | Chunk: 33 | WER=0.000000 | S=0 D=0 I=0
2026-01-20 14:52:06,925 | INFO | Chunk: 34 | WER=0.000000 | S=0 D=0 I=0
2026-01-20 14:52:06,925 | INFO | Chunk: 35 | WER=100.000000 | S=1 D=1 I=0
2026-01-20 14:52:06,925 | INFO | Chunk: 36 | WER=45.454545 | S=1 D=1 I=3
2026-01-20 14:52:06,925 | INFO | Chunk: 37 | WER=0.000000 | S=0 D=0 I=0
2026-01-20 14:52:06,925 | INFO | Chunk: 38 | WER=100.000000 | S=1 D=0 I=0
2026-01-20 14:52:06,925 | INFO | Chunk: 39 | WER=33.333333 | S=1 D=1 I=1
2026-01-20 14:52:06,926 | INFO | Chunk: 40 | WER=33.333333 | S=2 D=0 I=0
2026-01-20 14:52:06,926 | INFO | Chunk: 41 | WER=16.666667 | S=0 D=0 I=1
2026-01-20 14:52:06,926 | INFO | Chunk: 42 | WER=0.000000 | S=0 D=0 I=0
2026-01-20 14:52:06,926 | INFO | Chunk: 43 | WER=50.000000 | S=1 D=2 I=0
2026-01-20 14:52:06,926 | INFO | Chunk: 44 | WER=50.000000 | S=1 D=0 I=0
2026-01-20 14:52:06,927 | INFO | Chunk: 45 | WER=42.105263 | S=5 D=3 I=0
2026-01-20 14:52:06,927 | INFO | Chunk: 46 | WER=62.500000 | S=3 D=1 I=1
2026-01-20 14:52:06,927 | INFO | Chunk: 47 | WER=60.000000 | S=2 D=0 I=1
2026-01-20 14:52:06,927 | INFO | Chunk: 48 | WER=60.000000 | S=2 D=0 I=1
2026-01-20 14:52:06,927 | INFO | Chunk: 49 | WER=66.666667 | S=0 D=0 I=2
2026-01-20 14:52:06,927 | INFO | Chunk: 50 | WER=36.363636 | S=1 D=2 I=1
2026-01-20 14:52:06,928 | INFO | Chunk: 51 | WER=60.000000 | S=1 D=5 I=0
2026-01-20 14:52:06,928 | INFO | Chunk: 52 | WER=10.000000 | S=1 D=0 I=0
2026-01-20 14:52:06,928 | INFO | Chunk: 53 | WER=66.666667 | S=0 D=0 I=2
2026-01-20 14:52:06,928 | INFO | Chunk: 54 | WER=83.333333 | S=4 D=1 I=0
2026-01-20 14:52:06,929 | INFO | Chunk: 55 | WER=38.888889 | S=1 D=3 I=3
2026-01-20 14:52:06,929 | INFO | Chunk: 56 | WER=33.333333 | S=0 D=1 I=1
2026-01-20 14:52:06,929 | INFO | Chunk: 57 | WER=0.000000 | S=0 D=0 I=0
2026-01-20 14:52:06,929 | INFO | Chunk: 58 | WER=200.000000 | S=2 D=0 I=2
2026-01-20 14:52:06,929 | INFO | Chunk: 60 | WER=150.000000 | S=1 D=0 I=2
2026-01-20 14:52:06,929 | INFO | Chunk: 61 | WER=14.285714 | S=0 D=0 I=1
2026-01-20 14:52:06,930 | INFO | Chunk: 62 | WER=100.000000 | S=3 D=1 I=1
2026-01-20 14:52:06,930 | INFO | Chunk: 63 | WER=0.000000 | S=0 D=0 I=0
2026-01-20 14:52:06,930 | INFO | ------------------------------
2026-01-20 14:52:06,930 | INFO | ------------------------------
2026-01-20 14:52:06,992 | INFO | File: MO_H_SD31_2016_05_27_ModuleDescription_description.wav | WER=33.838384 | S=69 D=29 I=36
2026-01-20 14:52:06,992 | INFO | ------------------------------
2026-01-20 14:52:06,992 | INFO | ===================== GLOBAL WER ======================
2026-01-20 14:52:06,992 | INFO | The number of files is 47
2026-01-20 14:52:06,992 | INFO | WER: 36.20%
2026-01-20 14:52:06,993 | INFO | =============================================================
