2026-01-16 15:24:12,237 | INFO | Fetch hyperparams.yaml: Using file found at '/vol/experiments3/imbenamor/TAPAS-FRAIS/models/asr-whisper-large-v2-commonvoice-fr/hyperparams.yaml'
2026-01-16 15:24:12,237 | DEBUG | Fetch: Source and destination '/vol/experiments3/imbenamor/TAPAS-FRAIS/models/asr-whisper-large-v2-commonvoice-fr/custom.py' are identical, returning assuming this is intended
2026-01-16 15:24:15,817 | WARNING | speechbrain.lobes.models.huggingface_transformers.huggingface - WhisperModel is frozen.
2026-01-16 15:24:15,818 | WARNING | speechbrain.lobes.models.huggingface_transformers.whisper - whisper encoder-decoder is frozen.
2026-01-16 15:24:18,073 | DEBUG | Collecting files (or symlinks) for pretraining in /vol/experiments3/imbenamor/TAPAS-FRAIS/models/asr-whisper-large-v2-commonvoice-fr.
2026-01-16 15:24:18,074 | INFO | Fetch whisper.ckpt: Using file found at '/vol/experiments3/imbenamor/TAPAS-FRAIS/models/asr-whisper-large-v2-commonvoice-fr/whisper.ckpt'
2026-01-16 15:24:18,074 | DEBUG | Set local path in self.paths["whisper"] = /vol/experiments3/imbenamor/TAPAS-FRAIS/models/asr-whisper-large-v2-commonvoice-fr/whisper.ckpt
2026-01-16 15:24:18,074 | INFO | Loading pretrained files for: whisper
2026-01-16 15:24:18,074 | DEBUG | Redirecting (loading from local path): whisper -> /vol/experiments3/imbenamor/TAPAS-FRAIS/models/asr-whisper-large-v2-commonvoice-fr/whisper.ckpt
2026-01-16 15:24:25,872 | INFO |  File duration: 121.48680272108844 seconds
2026-01-16 15:24:34,376 | INFO | Number of chunks: 20
2026-01-16 15:24:46,392 | INFO | Chunk: 0 | WER=0.000000 | S=1 D=0 I=11
2026-01-16 15:24:46,392 | INFO | Chunk: 1 | WER=0.000000 | S=1 D=0 I=2
2026-01-16 15:24:46,392 | INFO | Chunk: 2 | WER=60.000000 | S=7 D=5 I=0
2026-01-16 15:24:46,393 | INFO | Chunk: 3 | WER=75.000000 | S=6 D=0 I=0
2026-01-16 15:24:46,393 | INFO | Chunk: 4 | WER=14.285714 | S=0 D=1 I=0
2026-01-16 15:24:46,393 | INFO | Chunk: 5 | WER=63.636364 | S=5 D=2 I=0
2026-01-16 15:24:46,393 | INFO | Chunk: 6 | WER=14.285714 | S=1 D=0 I=0
2026-01-16 15:24:46,394 | INFO | Chunk: 7 | WER=78.947368 | S=14 D=16 I=0
2026-01-16 15:24:46,394 | INFO | Chunk: 8 | WER=100.000000 | S=2 D=3 I=0
2026-01-16 15:24:46,394 | INFO | Chunk: 9 | WER=100.000000 | S=3 D=3 I=0
2026-01-16 15:24:46,395 | INFO | Chunk: 10 | WER=75.000000 | S=9 D=3 I=0
2026-01-16 15:24:46,395 | INFO | Chunk: 11 | WER=88.888889 | S=6 D=2 I=0
2026-01-16 15:24:46,395 | INFO | Chunk: 12 | WER=85.714286 | S=11 D=1 I=0
2026-01-16 15:24:46,395 | INFO | Chunk: 13 | WER=0.000000 | S=1 D=0 I=5
2026-01-16 15:24:46,396 | INFO | Chunk: 14 | WER=82.352941 | S=9 D=5 I=0
2026-01-16 15:24:46,396 | INFO | Chunk: 15 | WER=100.000000 | S=1 D=3 I=0
2026-01-16 15:24:46,396 | INFO | Chunk: 16 | WER=90.909091 | S=9 D=1 I=0
2026-01-16 15:24:46,396 | INFO | Chunk: 17 | WER=60.000000 | S=2 D=4 I=0
2026-01-16 15:24:46,397 | INFO | Chunk: 18 | WER=43.750000 | S=4 D=3 I=0
2026-01-16 15:24:46,397 | INFO | Chunk: 19 | WER=75.000000 | S=3 D=3 I=0
2026-01-16 15:24:46,397 | INFO | ------------------------------
2026-01-16 15:24:46,397 | INFO | ------------------------------
2026-01-16 15:24:46,414 | INFO | File: CCM-002710-01_L01.wav | WER=79.710145 | S=99 D=50 I=16
2026-01-16 15:24:46,414 | INFO | ------------------------------
2026-01-16 15:24:46,414 | INFO |  File duration: 127.0595918367347 seconds
2026-01-16 15:24:57,746 | INFO | Number of chunks: 24
2026-01-16 15:25:12,925 | INFO | Chunk: 0 | WER=7.692308 | S=1 D=0 I=0
2026-01-16 15:25:12,925 | INFO | Chunk: 1 | WER=33.333333 | S=1 D=1 I=0
2026-01-16 15:25:12,926 | INFO | Chunk: 2 | WER=20.000000 | S=2 D=1 I=0
2026-01-16 15:25:12,926 | INFO | Chunk: 3 | WER=40.000000 | S=2 D=0 I=0
2026-01-16 15:25:12,926 | INFO | Chunk: 4 | WER=0.000000 | S=0 D=0 I=0
2026-01-16 15:25:12,926 | INFO | Chunk: 5 | WER=200.000000 | S=1 D=0 I=1
2026-01-16 15:25:12,927 | INFO | Chunk: 6 | WER=13.333333 | S=2 D=0 I=0
2026-01-16 15:25:12,927 | INFO | Chunk: 7 | WER=300.000000 | S=1 D=0 I=2
2026-01-16 15:25:12,927 | INFO | Chunk: 8 | WER=100.000000 | S=3 D=0 I=0
2026-01-16 15:25:12,927 | INFO | Chunk: 9 | WER=20.000000 | S=1 D=2 I=0
2026-01-16 15:25:12,927 | INFO | Chunk: 10 | WER=20.000000 | S=1 D=0 I=0
2026-01-16 15:25:12,928 | INFO | Chunk: 11 | WER=50.000000 | S=2 D=0 I=1
2026-01-16 15:25:12,928 | INFO | Chunk: 12 | WER=42.857143 | S=2 D=0 I=1
2026-01-16 15:25:12,928 | INFO | Chunk: 13 | WER=18.750000 | S=0 D=3 I=0
2026-01-16 15:25:12,928 | INFO | Chunk: 14 | WER=42.857143 | S=1 D=2 I=0
2026-01-16 15:25:12,928 | INFO | Chunk: 15 | WER=33.333333 | S=1 D=0 I=0
2026-01-16 15:25:12,929 | INFO | Chunk: 16 | WER=33.333333 | S=1 D=0 I=0
2026-01-16 15:25:12,929 | INFO | Chunk: 17 | WER=50.000000 | S=4 D=0 I=0
2026-01-16 15:25:12,929 | INFO | Chunk: 18 | WER=33.333333 | S=1 D=0 I=0
2026-01-16 15:25:12,929 | INFO | Chunk: 19 | WER=20.000000 | S=1 D=0 I=0
2026-01-16 15:25:12,929 | INFO | Chunk: 20 | WER=37.500000 | S=1 D=2 I=0
2026-01-16 15:25:12,930 | INFO | Chunk: 21 | WER=35.000000 | S=7 D=0 I=0
2026-01-16 15:25:12,930 | INFO | Chunk: 22 | WER=45.454545 | S=2 D=2 I=1
2026-01-16 15:25:12,930 | INFO | Chunk: 23 | WER=55.555556 | S=5 D=0 I=0
2026-01-16 15:25:12,930 | INFO | ------------------------------
2026-01-16 15:25:12,930 | INFO | ------------------------------
2026-01-16 15:25:12,946 | INFO | File: CCM-003094-01_L01.wav | WER=32.804233 | S=41 D=14 I=7
2026-01-16 15:25:12,946 | INFO | ------------------------------
2026-01-16 15:25:12,946 | INFO |  File duration: 91.39374149659864 seconds
2026-01-16 15:25:23,717 | INFO | Number of chunks: 11
2026-01-16 15:25:37,238 | INFO | Chunk: 0 | WER=0.000000 | S=1 D=0 I=3
2026-01-16 15:25:37,239 | INFO | Chunk: 1 | WER=7.142857 | S=0 D=1 I=0
2026-01-16 15:25:37,239 | INFO | Chunk: 2 | WER=30.769231 | S=5 D=3 I=0
2026-01-16 15:25:37,240 | INFO | Chunk: 3 | WER=27.777778 | S=3 D=2 I=0
2026-01-16 15:25:37,240 | INFO | Chunk: 4 | WER=13.333333 | S=0 D=2 I=0
2026-01-16 15:25:37,241 | INFO | Chunk: 5 | WER=10.526316 | S=1 D=1 I=0
2026-01-16 15:25:37,241 | INFO | Chunk: 6 | WER=8.333333 | S=1 D=1 I=0
2026-01-16 15:25:37,241 | INFO | Chunk: 7 | WER=18.181818 | S=2 D=0 I=0
2026-01-16 15:25:37,242 | INFO | Chunk: 8 | WER=31.250000 | S=2 D=3 I=0
2026-01-16 15:25:37,243 | INFO | Chunk: 9 | WER=25.714286 | S=3 D=6 I=0
2026-01-16 15:25:37,243 | INFO | Chunk: 10 | WER=55.555556 | S=4 D=1 I=0
2026-01-16 15:25:37,243 | INFO | ------------------------------
2026-01-16 15:25:37,243 | INFO | ------------------------------
2026-01-16 15:25:37,258 | INFO | File: CCM-003110-01_L01.wav | WER=24.064171 | S=21 D=20 I=4
2026-01-16 15:25:37,258 | INFO | ------------------------------
2026-01-16 15:25:37,258 | INFO |  File duration: 122.32272108843537 seconds
2026-01-16 15:25:50,722 | INFO | Number of chunks: 18
2026-01-16 15:26:05,697 | INFO | Chunk: 0 | WER=5.263158 | S=0 D=1 I=0
2026-01-16 15:26:05,698 | INFO | Chunk: 1 | WER=11.111111 | S=0 D=1 I=0
2026-01-16 15:26:05,698 | INFO | Chunk: 2 | WER=28.571429 | S=1 D=1 I=0
2026-01-16 15:26:05,698 | INFO | Chunk: 3 | WER=30.000000 | S=2 D=1 I=0
2026-01-16 15:26:05,699 | INFO | Chunk: 4 | WER=12.500000 | S=2 D=3 I=0
2026-01-16 15:26:05,699 | INFO | Chunk: 5 | WER=41.666667 | S=2 D=3 I=0
2026-01-16 15:26:05,700 | INFO | Chunk: 6 | WER=8.333333 | S=1 D=1 I=0
2026-01-16 15:26:05,700 | INFO | Chunk: 7 | WER=25.000000 | S=4 D=3 I=0
2026-01-16 15:26:05,701 | INFO | Chunk: 8 | WER=37.500000 | S=3 D=0 I=0
2026-01-16 15:26:05,701 | INFO | Chunk: 9 | WER=50.000000 | S=1 D=1 I=0
2026-01-16 15:26:05,701 | INFO | Chunk: 10 | WER=200.000000 | S=1 D=0 I=1
2026-01-16 15:26:05,701 | INFO | Chunk: 11 | WER=100.000000 | S=1 D=0 I=0
2026-01-16 15:26:05,701 | INFO | Chunk: 12 | WER=100.000000 | S=5 D=3 I=0
2026-01-16 15:26:05,701 | INFO | Chunk: 13 | WER=300.000000 | S=1 D=0 I=2
2026-01-16 15:26:05,702 | INFO | Chunk: 14 | WER=100.000000 | S=1 D=0 I=0
2026-01-16 15:26:05,702 | INFO | Chunk: 15 | WER=400.000000 | S=1 D=0 I=3
2026-01-16 15:26:05,702 | INFO | Chunk: 16 | WER=20.833333 | S=2 D=3 I=0
2026-01-16 15:26:05,702 | INFO | Chunk: 17 | WER=33.333333 | S=2 D=1 I=0
2026-01-16 15:26:05,702 | INFO | ------------------------------
2026-01-16 15:26:05,703 | INFO | ------------------------------
2026-01-16 15:26:05,720 | INFO | File: CCM-003493-01_L01.wav | WER=25.603865 | S=35 D=17 I=1
2026-01-16 15:26:05,720 | INFO | ------------------------------
2026-01-16 15:26:05,720 | INFO |  File duration: 142.47764172335602 seconds
2026-01-16 15:26:17,485 | INFO | Number of chunks: 44
2026-01-16 15:26:34,848 | INFO | Chunk: 0 | WER=0.000000 | S=0 D=0 I=0
2026-01-16 15:26:34,848 | INFO | Chunk: 1 | WER=100.000000 | S=1 D=0 I=0
2026-01-16 15:26:34,848 | INFO | Chunk: 2 | WER=0.000000 | S=0 D=0 I=0
2026-01-16 15:26:34,848 | INFO | Chunk: 3 | WER=100.000000 | S=1 D=0 I=0
2026-01-16 15:26:34,848 | INFO | Chunk: 4 | WER=100.000000 | S=2 D=2 I=0
2026-01-16 15:26:34,848 | INFO | Chunk: 5 | WER=133.333333 | S=2 D=0 I=2
2026-01-16 15:26:34,849 | INFO | Chunk: 6 | WER=100.000000 | S=2 D=0 I=0
2026-01-16 15:26:34,849 | INFO | Chunk: 7 | WER=600.000000 | S=2 D=0 I=10
2026-01-16 15:26:34,849 | INFO | Chunk: 8 | WER=500.000000 | S=1 D=0 I=4
2026-01-16 15:26:34,849 | INFO | Chunk: 9 | WER=44.444444 | S=3 D=1 I=0
2026-01-16 15:26:34,849 | INFO | Chunk: 10 | WER=0.000000 | S=0 D=0 I=0
2026-01-16 15:26:34,849 | INFO | Chunk: 11 | WER=28.571429 | S=2 D=0 I=0
2026-01-16 15:26:34,850 | INFO | Chunk: 12 | WER=0.000000 | S=0 D=0 I=0
2026-01-16 15:26:34,850 | INFO | Chunk: 13 | WER=0.000000 | S=0 D=0 I=0
2026-01-16 15:26:34,850 | INFO | Chunk: 14 | WER=100.000000 | S=4 D=3 I=0
2026-01-16 15:26:34,850 | INFO | Chunk: 15 | WER=0.000000 | S=0 D=0 I=0
2026-01-16 15:26:34,850 | INFO | Chunk: 16 | WER=12.500000 | S=0 D=1 I=0
2026-01-16 15:26:34,851 | INFO | Chunk: 17 | WER=0.000000 | S=0 D=0 I=0
2026-01-16 15:26:34,851 | INFO | Chunk: 18 | WER=100.000000 | S=1 D=0 I=0
2026-01-16 15:26:34,851 | INFO | Chunk: 19 | WER=200.000000 | S=1 D=0 I=1
2026-01-16 15:26:34,851 | INFO | Chunk: 20 | WER=200.000000 | S=1 D=0 I=1
2026-01-16 15:26:34,851 | INFO | Chunk: 21 | WER=300.000000 | S=1 D=0 I=2
2026-01-16 15:26:34,851 | INFO | Chunk: 22 | WER=66.666667 | S=2 D=0 I=0
2026-01-16 15:26:34,851 | INFO | Chunk: 23 | WER=100.000000 | S=3 D=0 I=1
2026-01-16 15:26:34,851 | INFO | Chunk: 24 | WER=0.000000 | S=0 D=0 I=0
2026-01-16 15:26:34,852 | INFO | Chunk: 25 | WER=12.500000 | S=1 D=0 I=0
2026-01-16 15:26:34,852 | INFO | Chunk: 26 | WER=60.000000 | S=2 D=1 I=0
2026-01-16 15:26:34,852 | INFO | Chunk: 27 | WER=80.000000 | S=2 D=2 I=0
2026-01-16 15:26:34,852 | INFO | Chunk: 28 | WER=16.666667 | S=1 D=0 I=0
2026-01-16 15:26:34,852 | INFO | Chunk: 29 | WER=60.000000 | S=2 D=1 I=0
2026-01-16 15:26:34,852 | INFO | Chunk: 30 | WER=100.000000 | S=1 D=1 I=0
2026-01-16 15:26:34,853 | INFO | Chunk: 31 | WER=33.333333 | S=1 D=0 I=0
2026-01-16 15:26:34,853 | INFO | Chunk: 32 | WER=100.000000 | S=3 D=1 I=0
2026-01-16 15:26:34,853 | INFO | Chunk: 33 | WER=0.000000 | S=0 D=0 I=0
2026-01-16 15:26:34,853 | INFO | Chunk: 34 | WER=50.000000 | S=2 D=1 I=0
2026-01-16 15:26:34,853 | INFO | Chunk: 35 | WER=150.000000 | S=2 D=0 I=1
2026-01-16 15:26:34,853 | INFO | Chunk: 36 | WER=20.000000 | S=1 D=0 I=0
2026-01-16 15:26:34,853 | INFO | Chunk: 37 | WER=25.000000 | S=1 D=0 I=0
2026-01-16 15:26:34,854 | INFO | Chunk: 38 | WER=14.285714 | S=1 D=0 I=0
2026-01-16 15:26:34,854 | INFO | Chunk: 39 | WER=12.500000 | S=1 D=0 I=0
2026-01-16 15:26:34,854 | INFO | Chunk: 40 | WER=50.000000 | S=1 D=3 I=0
2026-01-16 15:26:34,854 | INFO | Chunk: 41 | WER=100.000000 | S=2 D=0 I=0
2026-01-16 15:26:34,854 | INFO | Chunk: 42 | WER=100.000000 | S=2 D=0 I=0
2026-01-16 15:26:34,854 | INFO | Chunk: 43 | WER=75.000000 | S=2 D=1 I=0
2026-01-16 15:26:34,855 | INFO | ------------------------------
2026-01-16 15:26:34,855 | INFO | ------------------------------
2026-01-16 15:26:34,872 | INFO | File: CCM-003998-01_L01.wav | WER=47.668394 | S=60 D=14 I=18
2026-01-16 15:26:34,872 | INFO | ------------------------------
2026-01-16 15:26:34,873 | INFO |  File duration: 94.87673469387755 seconds
2026-01-16 15:26:43,406 | INFO | Number of chunks: 17
2026-01-16 15:26:56,425 | INFO | Chunk: 0 | WER=5.555556 | S=1 D=0 I=0
2026-01-16 15:26:56,425 | INFO | Chunk: 1 | WER=0.000000 | S=0 D=0 I=0
2026-01-16 15:26:56,426 | INFO | Chunk: 2 | WER=0.000000 | S=0 D=0 I=0
2026-01-16 15:26:56,426 | INFO | Chunk: 3 | WER=22.222222 | S=2 D=0 I=0
2026-01-16 15:26:56,426 | INFO | Chunk: 4 | WER=5.882353 | S=1 D=0 I=0
2026-01-16 15:26:56,427 | INFO | Chunk: 5 | WER=0.000000 | S=0 D=0 I=0
2026-01-16 15:26:56,427 | INFO | Chunk: 6 | WER=62.500000 | S=4 D=1 I=0
2026-01-16 15:26:56,427 | INFO | Chunk: 7 | WER=44.444444 | S=1 D=2 I=1
2026-01-16 15:26:56,427 | INFO | Chunk: 8 | WER=8.695652 | S=2 D=0 I=0
2026-01-16 15:26:56,428 | INFO | Chunk: 9 | WER=42.857143 | S=3 D=3 I=0
2026-01-16 15:26:56,428 | INFO | Chunk: 10 | WER=27.272727 | S=1 D=2 I=0
2026-01-16 15:26:56,428 | INFO | Chunk: 11 | WER=100.000000 | S=3 D=0 I=0
2026-01-16 15:26:56,428 | INFO | Chunk: 12 | WER=33.333333 | S=3 D=0 I=0
2026-01-16 15:26:56,429 | INFO | Chunk: 13 | WER=14.285714 | S=1 D=0 I=0
2026-01-16 15:26:56,429 | INFO | Chunk: 14 | WER=25.000000 | S=1 D=1 I=0
2026-01-16 15:26:56,429 | INFO | Chunk: 15 | WER=0.000000 | S=0 D=0 I=0
2026-01-16 15:26:56,429 | INFO | Chunk: 16 | WER=75.000000 | S=3 D=3 I=0
2026-01-16 15:26:56,429 | INFO | ------------------------------
2026-01-16 15:26:56,429 | INFO | ------------------------------
2026-01-16 15:26:56,443 | INFO | File: CCM-004523-01_L01.wav | WER=22.033898 | S=26 D=12 I=1
2026-01-16 15:26:56,443 | INFO | ------------------------------
2026-01-16 15:26:56,443 | INFO |  File duration: 74.86113378684807 seconds
2026-01-16 15:27:03,450 | INFO | Number of chunks: 7
2026-01-16 15:27:17,009 | INFO | Chunk: 0 | WER=25.000000 | S=2 D=3 I=0
2026-01-16 15:27:17,010 | INFO | Chunk: 1 | WER=42.307692 | S=7 D=2 I=2
2026-01-16 15:27:17,011 | INFO | Chunk: 2 | WER=25.000000 | S=2 D=7 I=0
2026-01-16 15:27:17,011 | INFO | Chunk: 3 | WER=15.789474 | S=2 D=1 I=0
2026-01-16 15:27:17,012 | INFO | Chunk: 4 | WER=57.142857 | S=6 D=10 I=0
2026-01-16 15:27:17,012 | INFO | Chunk: 5 | WER=53.846154 | S=3 D=4 I=0
2026-01-16 15:27:17,014 | INFO | Chunk: 6 | WER=61.194030 | S=26 D=12 I=3
2026-01-16 15:27:17,014 | INFO | ------------------------------
2026-01-16 15:27:17,014 | INFO | ------------------------------
2026-01-16 15:27:17,030 | INFO | File: CCM-004538-01_L01.wav | WER=44.019139 | S=48 D=39 I=5
2026-01-16 15:27:17,031 | INFO | ------------------------------
2026-01-16 15:27:17,031 | INFO | ===================== GLOBAL WER ======================
2026-01-16 15:27:17,031 | INFO | The number of files is 7
2026-01-16 15:27:17,031 | INFO | WER: 39.41%
2026-01-16 15:27:17,031 | INFO | =============================================================
