2026-01-16 15:27:20,585 | INFO | Fetch hyperparams.yaml: Using file found at '/vol/experiments3/imbenamor/TAPAS-FRAIS/models/asr-whisper-large-v2-commonvoice-fr/hyperparams.yaml'
2026-01-16 15:27:20,585 | DEBUG | Fetch: Source and destination '/vol/experiments3/imbenamor/TAPAS-FRAIS/models/asr-whisper-large-v2-commonvoice-fr/custom.py' are identical, returning assuming this is intended
2026-01-16 15:27:22,471 | WARNING | speechbrain.lobes.models.huggingface_transformers.huggingface - WhisperModel is frozen.
2026-01-16 15:27:22,471 | WARNING | speechbrain.lobes.models.huggingface_transformers.whisper - whisper encoder-decoder is frozen.
2026-01-16 15:27:22,899 | DEBUG | Collecting files (or symlinks) for pretraining in /vol/experiments3/imbenamor/TAPAS-FRAIS/models/asr-whisper-large-v2-commonvoice-fr.
2026-01-16 15:27:22,899 | INFO | Fetch whisper.ckpt: Using file found at '/vol/experiments3/imbenamor/TAPAS-FRAIS/models/asr-whisper-large-v2-commonvoice-fr/whisper.ckpt'
2026-01-16 15:27:22,899 | DEBUG | Set local path in self.paths["whisper"] = /vol/experiments3/imbenamor/TAPAS-FRAIS/models/asr-whisper-large-v2-commonvoice-fr/whisper.ckpt
2026-01-16 15:27:22,899 | INFO | Loading pretrained files for: whisper
2026-01-16 15:27:22,900 | DEBUG | Redirecting (loading from local path): whisper -> /vol/experiments3/imbenamor/TAPAS-FRAIS/models/asr-whisper-large-v2-commonvoice-fr/whisper.ckpt
2026-01-16 15:27:29,816 | INFO |  File duration: 51.82693877551021 seconds
2026-01-16 15:27:37,363 | INFO | Number of chunks: 2
2026-01-16 15:27:42,110 | INFO | Chunk: 0 | WER=87.640449 | S=0 D=71 I=7
2026-01-16 15:27:42,112 | INFO | Chunk: 1 | WER=59.090909 | S=15 D=37 I=0
2026-01-16 15:27:42,112 | INFO | ------------------------------
2026-01-16 15:27:42,112 | INFO | ------------------------------
2026-01-16 15:27:42,120 | INFO | File: CCM-001773-01_L01.wav | WER=73.446328 | S=15 D=108 I=7
2026-01-16 15:27:42,120 | INFO | ------------------------------
2026-01-16 15:27:42,120 | INFO |  File duration: 76.16145124716553 seconds
2026-01-16 15:27:47,906 | INFO | Number of chunks: 20
2026-01-16 15:27:59,122 | INFO | Chunk: 0 | WER=5.555556 | S=1 D=0 I=0
2026-01-16 15:27:59,122 | INFO | Chunk: 1 | WER=21.428571 | S=2 D=1 I=0
2026-01-16 15:27:59,123 | INFO | Chunk: 2 | WER=0.000000 | S=0 D=0 I=0
2026-01-16 15:27:59,123 | INFO | Chunk: 3 | WER=5.555556 | S=0 D=1 I=0
2026-01-16 15:27:59,123 | INFO | Chunk: 4 | WER=16.666667 | S=1 D=0 I=0
2026-01-16 15:27:59,123 | INFO | Chunk: 5 | WER=50.000000 | S=3 D=0 I=0
2026-01-16 15:27:59,124 | INFO | Chunk: 6 | WER=9.090909 | S=1 D=0 I=0
2026-01-16 15:27:59,124 | INFO | Chunk: 7 | WER=100.000000 | S=6 D=0 I=0
2026-01-16 15:27:59,124 | INFO | Chunk: 8 | WER=60.000000 | S=3 D=0 I=0
2026-01-16 15:27:59,124 | INFO | Chunk: 9 | WER=50.000000 | S=3 D=0 I=1
2026-01-16 15:27:59,124 | INFO | Chunk: 10 | WER=70.000000 | S=4 D=3 I=0
2026-01-16 15:27:59,124 | INFO | Chunk: 11 | WER=33.333333 | S=1 D=0 I=0
2026-01-16 15:27:59,125 | INFO | Chunk: 12 | WER=33.333333 | S=1 D=0 I=0
2026-01-16 15:27:59,125 | INFO | Chunk: 13 | WER=60.000000 | S=3 D=0 I=0
2026-01-16 15:27:59,125 | INFO | Chunk: 14 | WER=42.857143 | S=4 D=1 I=1
2026-01-16 15:27:59,125 | INFO | Chunk: 15 | WER=53.846154 | S=6 D=0 I=1
2026-01-16 15:27:59,126 | INFO | Chunk: 16 | WER=66.666667 | S=1 D=1 I=2
2026-01-16 15:27:59,126 | INFO | Chunk: 17 | WER=62.500000 | S=5 D=0 I=0
2026-01-16 15:27:59,126 | INFO | Chunk: 18 | WER=66.666667 | S=3 D=1 I=0
2026-01-16 15:27:59,126 | INFO | Chunk: 19 | WER=62.500000 | S=4 D=1 I=0
2026-01-16 15:27:59,126 | INFO | ------------------------------
2026-01-16 15:27:59,126 | INFO | ------------------------------
2026-01-16 15:27:59,140 | INFO | File: CCM-003130-01_L01.wav | WER=37.288136 | S=52 D=9 I=5
2026-01-16 15:27:59,140 | INFO | ------------------------------
2026-01-16 15:27:59,141 | INFO |  File duration: 69.47410430839003 seconds
2026-01-16 15:28:07,954 | INFO | Number of chunks: 5
2026-01-16 15:28:15,573 | INFO | Chunk: 0 | WER=67.441860 | S=3 D=55 I=0
2026-01-16 15:28:15,574 | INFO | Chunk: 1 | WER=12.500000 | S=0 D=1 I=0
2026-01-16 15:28:15,576 | INFO | Chunk: 2 | WER=62.162162 | S=8 D=37 I=1
2026-01-16 15:28:15,576 | INFO | Chunk: 3 | WER=46.666667 | S=3 D=4 I=0
2026-01-16 15:28:15,576 | INFO | Chunk: 4 | WER=55.555556 | S=4 D=1 I=0
2026-01-16 15:28:15,576 | INFO | ------------------------------
2026-01-16 15:28:15,576 | INFO | ------------------------------
2026-01-16 15:28:15,586 | INFO | File: CCM-003148-01_L01.wav | WER=60.937500 | S=18 D=98 I=1
2026-01-16 15:28:15,586 | INFO | ------------------------------
2026-01-16 15:28:15,586 | INFO |  File duration: 63.15827664399093 seconds
2026-01-16 15:28:25,334 | INFO | Number of chunks: 6
2026-01-16 15:28:36,886 | INFO | Chunk: 0 | WER=12.500000 | S=0 D=2 I=0
2026-01-16 15:28:36,887 | INFO | Chunk: 1 | WER=46.153846 | S=7 D=5 I=0
2026-01-16 15:28:36,888 | INFO | Chunk: 2 | WER=20.689655 | S=2 D=4 I=0
2026-01-16 15:28:36,888 | INFO | Chunk: 3 | WER=11.111111 | S=0 D=2 I=0
2026-01-16 15:28:36,888 | INFO | Chunk: 4 | WER=4.166667 | S=0 D=1 I=0
2026-01-16 15:28:36,891 | INFO | Chunk: 5 | WER=57.142857 | S=16 D=27 I=1
2026-01-16 15:28:36,891 | INFO | ------------------------------
2026-01-16 15:28:36,891 | INFO | ------------------------------
2026-01-16 15:28:36,905 | INFO | File: CCM-003346-01_L01.wav | WER=35.263158 | S=25 D=41 I=1
2026-01-16 15:28:36,905 | INFO | ------------------------------
2026-01-16 15:28:36,905 | INFO |  File duration: 84.14911564625851 seconds
2026-01-16 15:28:47,427 | INFO | Number of chunks: 16
2026-01-16 15:29:01,606 | INFO | Chunk: 0 | WER=12.500000 | S=0 D=1 I=0
2026-01-16 15:29:01,606 | INFO | Chunk: 1 | WER=0.000000 | S=0 D=0 I=0
2026-01-16 15:29:01,607 | INFO | Chunk: 2 | WER=11.764706 | S=1 D=0 I=1
2026-01-16 15:29:01,607 | INFO | Chunk: 3 | WER=20.000000 | S=4 D=0 I=0
2026-01-16 15:29:01,607 | INFO | Chunk: 4 | WER=0.000000 | S=0 D=0 I=0
2026-01-16 15:29:01,608 | INFO | Chunk: 5 | WER=14.285714 | S=1 D=0 I=0
2026-01-16 15:29:01,608 | INFO | Chunk: 6 | WER=34.782609 | S=1 D=5 I=2
2026-01-16 15:29:01,608 | INFO | Chunk: 7 | WER=15.384615 | S=1 D=1 I=0
2026-01-16 15:29:01,609 | INFO | Chunk: 8 | WER=90.000000 | S=5 D=4 I=0
2026-01-16 15:29:01,609 | INFO | Chunk: 9 | WER=36.363636 | S=4 D=0 I=0
2026-01-16 15:29:01,609 | INFO | Chunk: 10 | WER=27.272727 | S=0 D=3 I=0
2026-01-16 15:29:01,609 | INFO | Chunk: 11 | WER=0.000000 | S=0 D=0 I=0
2026-01-16 15:29:01,610 | INFO | Chunk: 12 | WER=36.363636 | S=4 D=0 I=0
2026-01-16 15:29:01,610 | INFO | Chunk: 13 | WER=0.000000 | S=0 D=0 I=0
2026-01-16 15:29:01,610 | INFO | Chunk: 14 | WER=33.333333 | S=3 D=2 I=0
2026-01-16 15:29:01,610 | INFO | Chunk: 15 | WER=0.000000 | S=0 D=0 I=0
2026-01-16 15:29:01,610 | INFO | ------------------------------
2026-01-16 15:29:01,610 | INFO | ------------------------------
2026-01-16 15:29:01,625 | INFO | File: CCM-003557-01_L01.wav | WER=22.872340 | S=24 D=16 I=3
2026-01-16 15:29:01,626 | INFO | ------------------------------
2026-01-16 15:29:01,626 | INFO |  File duration: 124.83047619047619 seconds
2026-01-16 15:29:13,557 | INFO | Number of chunks: 40
2026-01-16 15:29:30,958 | INFO | Chunk: 0 | WER=46.153846 | S=5 D=1 I=0
2026-01-16 15:29:30,959 | INFO | Chunk: 1 | WER=75.000000 | S=2 D=0 I=1
2026-01-16 15:29:30,959 | INFO | Chunk: 2 | WER=50.000000 | S=1 D=0 I=0
2026-01-16 15:29:30,959 | INFO | Chunk: 3 | WER=30.769231 | S=3 D=0 I=1
2026-01-16 15:29:30,959 | INFO | Chunk: 4 | WER=14.285714 | S=1 D=0 I=0
2026-01-16 15:29:30,959 | INFO | Chunk: 5 | WER=150.000000 | S=2 D=0 I=1
2026-01-16 15:29:30,959 | INFO | Chunk: 6 | WER=66.666667 | S=1 D=0 I=1
2026-01-16 15:29:30,960 | INFO | Chunk: 7 | WER=0.000000 | S=0 D=0 I=0
2026-01-16 15:29:30,960 | INFO | Chunk: 8 | WER=30.000000 | S=1 D=2 I=0
2026-01-16 15:29:30,960 | INFO | Chunk: 9 | WER=100.000000 | S=3 D=0 I=0
2026-01-16 15:29:30,960 | INFO | Chunk: 10 | WER=100.000000 | S=2 D=1 I=0
2026-01-16 15:29:30,960 | INFO | Chunk: 11 | WER=33.333333 | S=2 D=2 I=0
2026-01-16 15:29:30,960 | INFO | Chunk: 12 | WER=100.000000 | S=3 D=0 I=0
2026-01-16 15:29:30,961 | INFO | Chunk: 13 | WER=45.454545 | S=4 D=1 I=0
2026-01-16 15:29:30,961 | INFO | Chunk: 14 | WER=0.000000 | S=0 D=0 I=0
2026-01-16 15:29:30,961 | INFO | Chunk: 15 | WER=100.000000 | S=3 D=0 I=1
2026-01-16 15:29:30,961 | INFO | Chunk: 16 | WER=100.000000 | S=3 D=1 I=1
2026-01-16 15:29:30,961 | INFO | Chunk: 17 | WER=40.000000 | S=2 D=0 I=0
2026-01-16 15:29:30,961 | INFO | Chunk: 18 | WER=66.666667 | S=1 D=0 I=1
2026-01-16 15:29:30,962 | INFO | Chunk: 19 | WER=50.000000 | S=3 D=2 I=0
2026-01-16 15:29:30,962 | INFO | Chunk: 20 | WER=100.000000 | S=1 D=2 I=0
2026-01-16 15:29:30,962 | INFO | Chunk: 21 | WER=100.000000 | S=2 D=1 I=0
2026-01-16 15:29:30,962 | INFO | Chunk: 22 | WER=100.000000 | S=1 D=0 I=0
2026-01-16 15:29:30,962 | INFO | Chunk: 23 | WER=200.000000 | S=2 D=0 I=2
2026-01-16 15:29:30,962 | INFO | Chunk: 24 | WER=50.000000 | S=1 D=0 I=0
2026-01-16 15:29:30,962 | INFO | Chunk: 25 | WER=100.000000 | S=1 D=0 I=0
2026-01-16 15:29:30,962 | INFO | Chunk: 26 | WER=75.000000 | S=3 D=0 I=0
2026-01-16 15:29:30,963 | INFO | Chunk: 27 | WER=100.000000 | S=3 D=0 I=1
2026-01-16 15:29:30,963 | INFO | Chunk: 28 | WER=100.000000 | S=1 D=0 I=0
2026-01-16 15:29:30,963 | INFO | Chunk: 29 | WER=60.000000 | S=3 D=3 I=0
2026-01-16 15:29:30,963 | INFO | Chunk: 30 | WER=100.000000 | S=2 D=0 I=0
2026-01-16 15:29:30,963 | INFO | Chunk: 31 | WER=200.000000 | S=1 D=0 I=1
2026-01-16 15:29:30,963 | INFO | Chunk: 32 | WER=62.500000 | S=3 D=1 I=1
2026-01-16 15:29:30,963 | INFO | Chunk: 33 | WER=33.333333 | S=1 D=0 I=0
2026-01-16 15:29:30,964 | INFO | Chunk: 34 | WER=40.000000 | S=2 D=0 I=0
2026-01-16 15:29:30,964 | INFO | Chunk: 35 | WER=100.000000 | S=4 D=1 I=0
2026-01-16 15:29:30,964 | INFO | Chunk: 36 | WER=100.000000 | S=3 D=0 I=0
2026-01-16 15:29:30,964 | INFO | Chunk: 37 | WER=42.857143 | S=1 D=0 I=2
2026-01-16 15:29:30,964 | INFO | Chunk: 38 | WER=33.333333 | S=1 D=1 I=0
2026-01-16 15:29:30,964 | INFO | Chunk: 39 | WER=66.666667 | S=4 D=2 I=0
2026-01-16 15:29:30,964 | INFO | ------------------------------
2026-01-16 15:29:30,965 | INFO | ------------------------------
2026-01-16 15:29:30,981 | INFO | File: CCM-003733-01_L01.wav | WER=57.575758 | S=87 D=17 I=10
2026-01-16 15:29:30,981 | INFO | ------------------------------
2026-01-16 15:29:30,982 | INFO |  File duration: 73.3750566893424 seconds
2026-01-16 15:29:39,953 | INFO | Number of chunks: 12
2026-01-16 15:29:50,750 | INFO | Chunk: 0 | WER=6.250000 | S=1 D=1 I=0
2026-01-16 15:29:50,750 | INFO | Chunk: 1 | WER=0.000000 | S=0 D=0 I=0
2026-01-16 15:29:50,750 | INFO | Chunk: 2 | WER=16.666667 | S=2 D=0 I=0
2026-01-16 15:29:50,751 | INFO | Chunk: 3 | WER=20.000000 | S=3 D=0 I=0
2026-01-16 15:29:50,751 | INFO | Chunk: 4 | WER=9.090909 | S=0 D=1 I=1
2026-01-16 15:29:50,751 | INFO | Chunk: 5 | WER=40.000000 | S=1 D=1 I=0
2026-01-16 15:29:50,752 | INFO | Chunk: 6 | WER=0.000000 | S=0 D=0 I=0
2026-01-16 15:29:50,752 | INFO | Chunk: 7 | WER=60.000000 | S=4 D=2 I=0
2026-01-16 15:29:50,752 | INFO | Chunk: 8 | WER=33.333333 | S=2 D=2 I=0
2026-01-16 15:29:50,752 | INFO | Chunk: 9 | WER=25.000000 | S=2 D=2 I=0
2026-01-16 15:29:50,753 | INFO | Chunk: 10 | WER=9.090909 | S=1 D=0 I=0
2026-01-16 15:29:50,753 | INFO | Chunk: 11 | WER=6.896552 | S=1 D=1 I=0
2026-01-16 15:29:50,753 | INFO | ------------------------------
2026-01-16 15:29:50,754 | INFO | ------------------------------
2026-01-16 15:29:50,768 | INFO | File: CCM-003734-01_L01.wav | WER=15.469613 | S=17 D=10 I=1
2026-01-16 15:29:50,768 | INFO | ------------------------------
2026-01-16 15:29:50,768 | INFO |  File duration: 68.89360544217688 seconds
2026-01-16 15:29:56,459 | INFO | Number of chunks: 6
2026-01-16 15:30:06,989 | INFO | Chunk: 0 | WER=22.222222 | S=0 D=2 I=2
2026-01-16 15:30:06,989 | INFO | Chunk: 1 | WER=6.666667 | S=0 D=1 I=0
2026-01-16 15:30:06,990 | INFO | Chunk: 2 | WER=61.111111 | S=6 D=5 I=0
2026-01-16 15:30:06,991 | INFO | Chunk: 3 | WER=31.250000 | S=8 D=7 I=0
2026-01-16 15:30:06,992 | INFO | Chunk: 4 | WER=34.615385 | S=12 D=6 I=0
2026-01-16 15:30:06,993 | INFO | Chunk: 5 | WER=45.238095 | S=9 D=8 I=2
2026-01-16 15:30:06,993 | INFO | ------------------------------
2026-01-16 15:30:06,993 | INFO | ------------------------------
2026-01-16 15:30:07,008 | INFO | File: CCM-003848-01_L01.wav | WER=35.233161 | S=35 D=29 I=4
2026-01-16 15:30:07,008 | INFO | ------------------------------
2026-01-16 15:30:07,008 | INFO | ===================== GLOBAL WER ======================
2026-01-16 15:30:07,008 | INFO | The number of files is 8
2026-01-16 15:30:07,008 | INFO | WER: 42.26%
2026-01-16 15:30:07,008 | INFO | =============================================================
