2026-01-21 12:46:44,389 | INFO | Fetch hyperparams.yaml: Using file found at '/vol/experiments3/imbenamor/TAPAS-FRAIS/models/asr-whisper-large-v2-commonvoice-fr/hyperparams.yaml'
2026-01-21 12:46:44,390 | DEBUG | Fetch: Source and destination '/vol/experiments3/imbenamor/TAPAS-FRAIS/models/asr-whisper-large-v2-commonvoice-fr/custom.py' are identical, returning assuming this is intended
2026-01-21 12:46:46,613 | WARNING | speechbrain.lobes.models.huggingface_transformers.huggingface - WhisperModel is frozen.
2026-01-21 12:46:46,613 | WARNING | speechbrain.lobes.models.huggingface_transformers.whisper - whisper encoder-decoder is frozen.
2026-01-21 12:46:47,004 | DEBUG | Collecting files (or symlinks) for pretraining in /vol/experiments3/imbenamor/TAPAS-FRAIS/models/asr-whisper-large-v2-commonvoice-fr.
2026-01-21 12:46:47,004 | INFO | Fetch whisper.ckpt: Using file found at '/vol/experiments3/imbenamor/TAPAS-FRAIS/models/asr-whisper-large-v2-commonvoice-fr/whisper.ckpt'
2026-01-21 12:46:47,005 | DEBUG | Set local path in self.paths["whisper"] = /vol/experiments3/imbenamor/TAPAS-FRAIS/models/asr-whisper-large-v2-commonvoice-fr/whisper.ckpt
2026-01-21 12:46:47,005 | INFO | Loading pretrained files for: whisper
2026-01-21 12:46:47,005 | DEBUG | Redirecting (loading from local path): whisper -> /vol/experiments3/imbenamor/TAPAS-FRAIS/models/asr-whisper-large-v2-commonvoice-fr/whisper.ckpt
2026-01-21 12:46:52,994 | INFO |  File duration: 68.39650793650793 seconds
2026-01-21 12:47:00,757 | INFO | Number of chunks: 11
2026-01-21 12:47:12,024 | INFO | Chunk: 0 | WER=6.250000 | S=1 D=1 I=0
2026-01-21 12:47:12,025 | INFO | Chunk: 1 | WER=22.222222 | S=2 D=0 I=0
2026-01-21 12:47:12,025 | INFO | Chunk: 2 | WER=0.000000 | S=0 D=0 I=0
2026-01-21 12:47:12,026 | INFO | Chunk: 3 | WER=8.695652 | S=1 D=1 I=0
2026-01-21 12:47:12,026 | INFO | Chunk: 4 | WER=0.000000 | S=0 D=0 I=0
2026-01-21 12:47:12,026 | INFO | Chunk: 5 | WER=0.000000 | S=0 D=0 I=0
2026-01-21 12:47:12,027 | INFO | Chunk: 6 | WER=9.090909 | S=1 D=0 I=0
2026-01-21 12:47:12,027 | INFO | Chunk: 7 | WER=21.428571 | S=3 D=0 I=0
2026-01-21 12:47:12,027 | INFO | Chunk: 8 | WER=18.181818 | S=1 D=1 I=0
2026-01-21 12:47:12,028 | INFO | Chunk: 9 | WER=6.666667 | S=1 D=0 I=0
2026-01-21 12:47:12,028 | INFO | Chunk: 10 | WER=14.285714 | S=1 D=1 I=0
2026-01-21 12:47:12,029 | INFO | ------------------------------
2026-01-21 12:47:12,029 | INFO | ------------------------------
2026-01-21 12:47:12,042 | INFO | File: AEX-CAB000-02_L01.wav | WER=8.522727 | S=11 D=4 I=0
2026-01-21 12:47:12,042 | INFO | ------------------------------
2026-01-21 12:47:12,043 | INFO |  File duration: 71.22968253968254 seconds
2026-01-21 12:47:20,351 | INFO | Number of chunks: 15
2026-01-21 12:47:33,795 | INFO | Chunk: 0 | WER=0.000000 | S=0 D=0 I=0
2026-01-21 12:47:33,796 | INFO | Chunk: 1 | WER=83.333333 | S=4 D=0 I=6
2026-01-21 12:47:33,796 | INFO | Chunk: 2 | WER=0.000000 | S=0 D=0 I=0
2026-01-21 12:47:33,796 | INFO | Chunk: 3 | WER=22.222222 | S=2 D=0 I=0
2026-01-21 12:47:33,797 | INFO | Chunk: 4 | WER=5.882353 | S=1 D=0 I=0
2026-01-21 12:47:33,797 | INFO | Chunk: 5 | WER=0.000000 | S=0 D=0 I=0
2026-01-21 12:47:33,797 | INFO | Chunk: 6 | WER=0.000000 | S=0 D=0 I=0
2026-01-21 12:47:33,798 | INFO | Chunk: 7 | WER=0.000000 | S=0 D=0 I=0
2026-01-21 12:47:33,798 | INFO | Chunk: 8 | WER=20.000000 | S=2 D=0 I=0
2026-01-21 12:47:33,798 | INFO | Chunk: 9 | WER=9.090909 | S=1 D=0 I=0
2026-01-21 12:47:33,798 | INFO | Chunk: 10 | WER=30.000000 | S=0 D=6 I=0
2026-01-21 12:47:33,799 | INFO | Chunk: 11 | WER=100.000000 | S=1 D=1 I=0
2026-01-21 12:47:33,799 | INFO | Chunk: 12 | WER=0.000000 | S=0 D=0 I=0
2026-01-21 12:47:33,799 | INFO | Chunk: 13 | WER=9.523810 | S=2 D=0 I=0
2026-01-21 12:47:33,799 | INFO | Chunk: 14 | WER=50.000000 | S=4 D=0 I=0
2026-01-21 12:47:33,799 | INFO | ------------------------------
2026-01-21 12:47:33,800 | INFO | ------------------------------
2026-01-21 12:47:33,814 | INFO | File: AEX-CAC000-02_L01.wav | WER=14.204545 | S=13 D=1 I=11
2026-01-21 12:47:33,814 | INFO | ------------------------------
2026-01-21 12:47:33,814 | INFO |  File duration: 70.09696145124717 seconds
2026-01-21 12:47:43,329 | INFO | Number of chunks: 12
2026-01-21 12:47:55,764 | INFO | Chunk: 0 | WER=0.000000 | S=0 D=0 I=0
2026-01-21 12:47:55,765 | INFO | Chunk: 1 | WER=0.000000 | S=0 D=0 I=0
2026-01-21 12:47:55,766 | INFO | Chunk: 2 | WER=0.000000 | S=0 D=0 I=0
2026-01-21 12:47:55,766 | INFO | Chunk: 3 | WER=0.000000 | S=0 D=0 I=0
2026-01-21 12:47:55,766 | INFO | Chunk: 4 | WER=0.000000 | S=0 D=0 I=0
2026-01-21 12:47:55,766 | INFO | Chunk: 5 | WER=100.000000 | S=2 D=0 I=0
2026-01-21 12:47:55,766 | INFO | Chunk: 6 | WER=0.000000 | S=0 D=0 I=0
2026-01-21 12:47:55,767 | INFO | Chunk: 7 | WER=0.000000 | S=0 D=0 I=0
2026-01-21 12:47:55,767 | INFO | Chunk: 8 | WER=18.181818 | S=2 D=0 I=0
2026-01-21 12:47:55,767 | INFO | Chunk: 9 | WER=37.500000 | S=4 D=1 I=1
2026-01-21 12:47:55,768 | INFO | Chunk: 10 | WER=0.000000 | S=0 D=0 I=0
2026-01-21 12:47:55,768 | INFO | Chunk: 11 | WER=13.333333 | S=1 D=3 I=0
2026-01-21 12:47:55,768 | INFO | ------------------------------
2026-01-21 12:47:55,768 | INFO | ------------------------------
2026-01-21 12:47:55,783 | INFO | File: AEX-CAG000-01_L01.wav | WER=8.045977 | S=9 D=3 I=2
2026-01-21 12:47:55,783 | INFO | ------------------------------
2026-01-21 12:47:55,783 | INFO |  File duration: 75.73018140589569 seconds
2026-01-21 12:48:04,208 | INFO | Number of chunks: 11
2026-01-21 12:48:18,174 | INFO | Chunk: 0 | WER=0.000000 | S=0 D=0 I=0
2026-01-21 12:48:18,174 | INFO | Chunk: 1 | WER=280.000000 | S=5 D=0 I=9
2026-01-21 12:48:18,174 | INFO | Chunk: 2 | WER=7.142857 | S=1 D=0 I=0
2026-01-21 12:48:18,175 | INFO | Chunk: 3 | WER=22.222222 | S=2 D=0 I=0
2026-01-21 12:48:18,175 | INFO | Chunk: 4 | WER=0.000000 | S=0 D=0 I=0
2026-01-21 12:48:18,175 | INFO | Chunk: 5 | WER=66.666667 | S=3 D=0 I=3
2026-01-21 12:48:18,176 | INFO | Chunk: 6 | WER=7.692308 | S=0 D=1 I=1
2026-01-21 12:48:18,176 | INFO | Chunk: 7 | WER=0.000000 | S=0 D=0 I=0
2026-01-21 12:48:18,177 | INFO | Chunk: 8 | WER=8.000000 | S=2 D=0 I=0
2026-01-21 12:48:18,177 | INFO | Chunk: 9 | WER=9.090909 | S=1 D=0 I=0
2026-01-21 12:48:18,178 | INFO | Chunk: 10 | WER=3.448276 | S=1 D=0 I=0
2026-01-21 12:48:18,178 | INFO | ------------------------------
2026-01-21 12:48:18,178 | INFO | ------------------------------
2026-01-21 12:48:18,193 | INFO | File: AEX-CLJ000-02_L01.wav | WER=16.477273 | S=7 D=0 I=22
2026-01-21 12:48:18,193 | INFO | ------------------------------
2026-01-21 12:48:18,193 | INFO |  File duration: 58.55369614512472 seconds
2026-01-21 12:48:26,841 | INFO | Number of chunks: 5
2026-01-21 12:48:38,664 | INFO | Chunk: 0 | WER=6.250000 | S=2 D=0 I=0
2026-01-21 12:48:38,664 | INFO | Chunk: 1 | WER=22.222222 | S=2 D=0 I=0
2026-01-21 12:48:38,666 | INFO | Chunk: 2 | WER=4.166667 | S=2 D=0 I=0
2026-01-21 12:48:38,667 | INFO | Chunk: 3 | WER=32.203390 | S=7 D=8 I=4
2026-01-21 12:48:38,668 | INFO | Chunk: 4 | WER=6.666667 | S=1 D=1 I=0
2026-01-21 12:48:38,668 | INFO | ------------------------------
2026-01-21 12:48:38,668 | INFO | ------------------------------
2026-01-21 12:48:38,681 | INFO | File: AEX-CML000-01_L01.wav | WER=15.340909 | S=14 D=8 I=5
2026-01-21 12:48:38,681 | INFO | ------------------------------
2026-01-21 12:48:38,682 | INFO |  File duration: 76.21907029478459 seconds
2026-01-21 12:48:48,330 | INFO | Number of chunks: 12
2026-01-21 12:49:01,118 | INFO | Chunk: 0 | WER=5.555556 | S=1 D=0 I=0
2026-01-21 12:49:01,119 | INFO | Chunk: 1 | WER=14.285714 | S=1 D=1 I=0
2026-01-21 12:49:01,119 | INFO | Chunk: 2 | WER=11.111111 | S=1 D=0 I=0
2026-01-21 12:49:01,119 | INFO | Chunk: 3 | WER=5.882353 | S=1 D=0 I=0
2026-01-21 12:49:01,120 | INFO | Chunk: 4 | WER=0.000000 | S=0 D=0 I=0
2026-01-21 12:49:01,120 | INFO | Chunk: 5 | WER=0.000000 | S=0 D=0 I=0
2026-01-21 12:49:01,120 | INFO | Chunk: 6 | WER=0.000000 | S=0 D=0 I=0
2026-01-21 12:49:01,120 | INFO | Chunk: 7 | WER=0.000000 | S=0 D=0 I=0
2026-01-21 12:49:01,121 | INFO | Chunk: 8 | WER=27.272727 | S=2 D=0 I=1
2026-01-21 12:49:01,121 | INFO | Chunk: 9 | WER=14.285714 | S=1 D=1 I=0
2026-01-21 12:49:01,121 | INFO | Chunk: 10 | WER=0.000000 | S=0 D=0 I=0
2026-01-21 12:49:01,122 | INFO | Chunk: 11 | WER=14.634146 | S=2 D=4 I=0
2026-01-21 12:49:01,122 | INFO | ------------------------------
2026-01-21 12:49:01,122 | INFO | ------------------------------
2026-01-21 12:49:01,136 | INFO | File: AEX-CSR000-01_L01.wav | WER=7.344633 | S=9 D=3 I=1
2026-01-21 12:49:01,136 | INFO | ------------------------------
2026-01-21 12:49:01,136 | INFO |  File duration: 86.34117913832199 seconds
2026-01-21 12:49:09,383 | INFO | Number of chunks: 17
2026-01-21 12:49:22,607 | INFO | Chunk: 0 | WER=100.000000 | S=2 D=0 I=0
2026-01-21 12:49:22,608 | INFO | Chunk: 1 | WER=0.000000 | S=0 D=0 I=0
2026-01-21 12:49:22,608 | INFO | Chunk: 2 | WER=0.000000 | S=0 D=0 I=0
2026-01-21 12:49:22,608 | INFO | Chunk: 3 | WER=22.222222 | S=2 D=0 I=0
2026-01-21 12:49:22,609 | INFO | Chunk: 4 | WER=0.000000 | S=0 D=0 I=0
2026-01-21 12:49:22,609 | INFO | Chunk: 5 | WER=0.000000 | S=0 D=0 I=0
2026-01-21 12:49:22,609 | INFO | Chunk: 6 | WER=0.000000 | S=0 D=0 I=0
2026-01-21 12:49:22,609 | INFO | Chunk: 7 | WER=0.000000 | S=0 D=0 I=0
2026-01-21 12:49:22,610 | INFO | Chunk: 8 | WER=0.000000 | S=0 D=0 I=0
2026-01-21 12:49:22,610 | INFO | Chunk: 9 | WER=0.000000 | S=0 D=0 I=0
2026-01-21 12:49:22,610 | INFO | Chunk: 10 | WER=18.181818 | S=2 D=0 I=0
2026-01-21 12:49:22,610 | INFO | Chunk: 11 | WER=7.142857 | S=1 D=0 I=0
2026-01-21 12:49:22,611 | INFO | Chunk: 12 | WER=0.000000 | S=0 D=0 I=0
2026-01-21 12:49:22,611 | INFO | Chunk: 13 | WER=0.000000 | S=0 D=0 I=0
2026-01-21 12:49:22,611 | INFO | Chunk: 14 | WER=9.523810 | S=2 D=0 I=0
2026-01-21 12:49:22,611 | INFO | Chunk: 15 | WER=0.000000 | S=0 D=0 I=0
2026-01-21 12:49:22,611 | INFO | Chunk: 16 | WER=0.000000 | S=0 D=0 I=0
2026-01-21 12:49:22,612 | INFO | ------------------------------
2026-01-21 12:49:22,612 | INFO | ------------------------------
2026-01-21 12:49:22,625 | INFO | File: BEX-CDB000-01_L01.wav | WER=5.142857 | S=7 D=0 I=2
2026-01-21 12:49:22,625 | INFO | ------------------------------
2026-01-21 12:49:22,625 | INFO |  File duration: 72.99619047619048 seconds
2026-01-21 12:49:31,920 | INFO | Number of chunks: 7
2026-01-21 12:49:44,227 | INFO | Chunk: 0 | WER=18.604651 | S=5 D=3 I=0
2026-01-21 12:49:44,228 | INFO | Chunk: 1 | WER=4.878049 | S=2 D=0 I=0
2026-01-21 12:49:44,228 | INFO | Chunk: 2 | WER=0.000000 | S=0 D=0 I=0
2026-01-21 12:49:44,229 | INFO | Chunk: 3 | WER=5.555556 | S=1 D=1 I=0
2026-01-21 12:49:44,230 | INFO | Chunk: 4 | WER=12.000000 | S=2 D=1 I=0
2026-01-21 12:49:44,230 | INFO | Chunk: 5 | WER=13.636364 | S=2 D=1 I=0
2026-01-21 12:49:44,230 | INFO | Chunk: 6 | WER=50.000000 | S=2 D=2 I=0
2026-01-21 12:49:44,230 | INFO | ------------------------------
2026-01-21 12:49:44,230 | INFO | ------------------------------
2026-01-21 12:49:44,244 | INFO | File: BEX-CEB000-01_L01.wav | WER=11.363636 | S=10 D=6 I=4
2026-01-21 12:49:44,244 | INFO | ------------------------------
2026-01-21 12:49:44,244 | INFO |  File duration: 60.74340136054422 seconds
2026-01-21 12:49:53,495 | INFO | Number of chunks: 4
2026-01-21 12:50:03,664 | INFO | Chunk: 0 | WER=41.379310 | S=6 D=17 I=1
2026-01-21 12:50:03,664 | INFO | Chunk: 1 | WER=6.451613 | S=1 D=1 I=0
2026-01-21 12:50:03,665 | INFO | Chunk: 2 | WER=2.941176 | S=1 D=0 I=0
2026-01-21 12:50:03,667 | INFO | Chunk: 3 | WER=46.296296 | S=2 D=22 I=1
2026-01-21 12:50:03,667 | INFO | ------------------------------
2026-01-21 12:50:03,667 | INFO | ------------------------------
2026-01-21 12:50:03,678 | INFO | File: BEX-CHE000-01_L01.wav | WER=29.378531 | S=10 D=40 I=2
2026-01-21 12:50:03,678 | INFO | ------------------------------
2026-01-21 12:50:03,678 | INFO |  File duration: 77.60358276643991 seconds
2026-01-21 12:50:13,672 | INFO | Number of chunks: 15
2026-01-21 12:50:26,773 | INFO | Chunk: 0 | WER=100.000000 | S=2 D=0 I=0
2026-01-21 12:50:26,773 | INFO | Chunk: 1 | WER=0.000000 | S=0 D=0 I=0
2026-01-21 12:50:26,774 | INFO | Chunk: 2 | WER=0.000000 | S=0 D=0 I=0
2026-01-21 12:50:26,774 | INFO | Chunk: 3 | WER=22.222222 | S=2 D=0 I=0
2026-01-21 12:50:26,774 | INFO | Chunk: 4 | WER=0.000000 | S=0 D=0 I=0
2026-01-21 12:50:26,775 | INFO | Chunk: 5 | WER=0.000000 | S=0 D=0 I=0
2026-01-21 12:50:26,775 | INFO | Chunk: 6 | WER=9.090909 | S=1 D=0 I=0
2026-01-21 12:50:26,775 | INFO | Chunk: 7 | WER=0.000000 | S=0 D=0 I=0
2026-01-21 12:50:26,776 | INFO | Chunk: 8 | WER=0.000000 | S=0 D=0 I=0
2026-01-21 12:50:26,776 | INFO | Chunk: 9 | WER=27.272727 | S=0 D=2 I=1
2026-01-21 12:50:26,776 | INFO | Chunk: 10 | WER=7.142857 | S=1 D=0 I=0
2026-01-21 12:50:26,776 | INFO | Chunk: 11 | WER=0.000000 | S=0 D=0 I=0
2026-01-21 12:50:26,776 | INFO | Chunk: 12 | WER=11.111111 | S=1 D=0 I=0
2026-01-21 12:50:26,777 | INFO | Chunk: 13 | WER=14.285714 | S=2 D=1 I=0
2026-01-21 12:50:26,777 | INFO | Chunk: 14 | WER=50.000000 | S=4 D=0 I=0
2026-01-21 12:50:26,777 | INFO | ------------------------------
2026-01-21 12:50:26,777 | INFO | ------------------------------
2026-01-21 12:50:26,791 | INFO | File: BEX-CKN000-01_L01.wav | WER=9.604520 | S=11 D=3 I=3
2026-01-21 12:50:26,791 | INFO | ------------------------------
2026-01-21 12:50:26,792 | INFO |  File duration: 80.38402083333334 seconds
2026-01-21 12:50:37,137 | INFO | Number of chunks: 16
2026-01-21 12:50:49,647 | INFO | Chunk: 0 | WER=10.000000 | S=2 D=0 I=0
2026-01-21 12:50:49,647 | INFO | Chunk: 1 | WER=7.142857 | S=0 D=1 I=0
2026-01-21 12:50:49,648 | INFO | Chunk: 2 | WER=22.222222 | S=2 D=0 I=0
2026-01-21 12:50:49,648 | INFO | Chunk: 3 | WER=23.529412 | S=2 D=2 I=0
2026-01-21 12:50:49,648 | INFO | Chunk: 4 | WER=0.000000 | S=0 D=0 I=0
2026-01-21 12:50:49,648 | INFO | Chunk: 5 | WER=33.333333 | S=1 D=4 I=0
2026-01-21 12:50:49,649 | INFO | Chunk: 6 | WER=14.285714 | S=0 D=1 I=0
2026-01-21 12:50:49,649 | INFO | Chunk: 7 | WER=0.000000 | S=0 D=0 I=0
2026-01-21 12:50:49,649 | INFO | Chunk: 8 | WER=42.857143 | S=1 D=5 I=0
2026-01-21 12:50:49,650 | INFO | Chunk: 9 | WER=12.500000 | S=1 D=0 I=0
2026-01-21 12:50:49,650 | INFO | Chunk: 10 | WER=0.000000 | S=0 D=0 I=0
2026-01-21 12:50:49,650 | INFO | Chunk: 11 | WER=0.000000 | S=0 D=0 I=0
2026-01-21 12:50:49,650 | INFO | Chunk: 12 | WER=19.047619 | S=4 D=0 I=0
2026-01-21 12:50:49,650 | INFO | Chunk: 13 | WER=0.000000 | S=0 D=0 I=0
2026-01-21 12:50:49,651 | INFO | Chunk: 14 | WER=0.000000 | S=0 D=0 I=0
2026-01-21 12:50:49,651 | INFO | Chunk: 15 | WER=37.500000 | S=0 D=3 I=0
2026-01-21 12:50:49,651 | INFO | ------------------------------
2026-01-21 12:50:49,651 | INFO | ------------------------------
2026-01-21 12:50:49,663 | INFO | File: BEX-CMB000-01_L01.wav | WER=18.128655 | S=10 D=16 I=5
2026-01-21 12:50:49,663 | INFO | ------------------------------
2026-01-21 12:50:49,663 | INFO |  File duration: 77.83328798185941 seconds
2026-01-21 12:50:57,611 | INFO | Number of chunks: 11
2026-01-21 12:51:10,947 | INFO | Chunk: 0 | WER=0.000000 | S=1 D=0 I=3
2026-01-21 12:51:10,947 | INFO | Chunk: 1 | WER=100.000000 | S=2 D=0 I=0
2026-01-21 12:51:10,947 | INFO | Chunk: 2 | WER=0.000000 | S=0 D=0 I=0
2026-01-21 12:51:10,948 | INFO | Chunk: 3 | WER=14.285714 | S=1 D=1 I=0
2026-01-21 12:51:10,948 | INFO | Chunk: 4 | WER=33.333333 | S=3 D=0 I=0
2026-01-21 12:51:10,948 | INFO | Chunk: 5 | WER=23.529412 | S=3 D=1 I=0
2026-01-21 12:51:10,949 | INFO | Chunk: 6 | WER=0.000000 | S=0 D=0 I=0
2026-01-21 12:51:10,949 | INFO | Chunk: 7 | WER=0.000000 | S=0 D=0 I=0
2026-01-21 12:51:10,950 | INFO | Chunk: 8 | WER=10.416667 | S=5 D=0 I=0
2026-01-21 12:51:10,951 | INFO | Chunk: 9 | WER=27.777778 | S=6 D=4 I=0
2026-01-21 12:51:10,951 | INFO | Chunk: 10 | WER=50.000000 | S=4 D=0 I=0
2026-01-21 12:51:10,952 | INFO | ------------------------------
2026-01-21 12:51:10,952 | INFO | ------------------------------
2026-01-21 12:51:10,966 | INFO | File: BEX-CNKN00-01_L01.wav | WER=18.644068 | S=19 D=5 I=9
2026-01-21 12:51:10,966 | INFO | ------------------------------
2026-01-21 12:51:10,966 | INFO | ===================== GLOBAL WER ======================
2026-01-21 12:51:10,966 | INFO | The number of files is 12
2026-01-21 12:51:10,966 | INFO | WER: 13.52%
2026-01-21 12:51:10,966 | INFO | =============================================================
