2026-01-13 14:24:20,428 | INFO | Fetch hyperparams.yaml: Using file found at '/vol/experiments3/imbenamor/TAPAS-FRAIS/models/asr-whisper-medium-commonvoice-fr/hyperparams.yaml'
2026-01-13 14:24:21,768 | WARNING | speechbrain.integrations.huggingface.huggingface - WhisperModel is frozen.
2026-01-13 14:24:21,769 | WARNING | speechbrain.integrations.huggingface.whisper - whisper encoder-decoder is frozen.
2026-01-13 14:24:22,529 | DEBUG | Collecting files (or symlinks) for pretraining in /vol/experiments3/imbenamor/TAPAS-FRAIS/models/asr-whisper-medium-commonvoice-fr.
2026-01-13 14:24:22,529 | INFO | Fetch whisper.ckpt: Using file found at '/vol/experiments3/imbenamor/TAPAS-FRAIS/models/asr-whisper-medium-commonvoice-fr/whisper.ckpt'
2026-01-13 14:24:22,529 | DEBUG | Set local path in self.paths["whisper"] = /vol/experiments3/imbenamor/TAPAS-FRAIS/models/asr-whisper-medium-commonvoice-fr/whisper.ckpt
2026-01-13 14:24:22,529 | INFO | Loading pretrained files for: whisper
2026-01-13 14:24:22,529 | DEBUG | Redirecting (loading from local path): whisper -> /vol/experiments3/imbenamor/TAPAS-FRAIS/models/asr-whisper-medium-commonvoice-fr/whisper.ckpt
2026-01-13 14:24:24,714 | INFO |  File duration: 34.764375
2026-01-13 14:24:35,191 | INFO | File: Rhap-D0020-Pro | WER=64.423077 | S=10 D=55 I=2
2026-01-13 14:24:35,191 | INFO | ------------------------------
2026-01-13 14:24:35,191 | INFO |  File duration: 277.5525
2026-01-13 14:25:23,185 | INFO | File: Rhap-D2002-Pro | WER=81.798246 | S=47 D=699 I=0
2026-01-13 14:25:23,185 | INFO | ------------------------------
2026-01-13 14:25:23,201 | INFO |  File duration: 62.5210625
2026-01-13 14:25:39,785 | INFO | File: Rhap-M0009-Pro | WER=66.046512 | S=17 D=125 I=0
2026-01-13 14:25:39,785 | INFO | ------------------------------
2026-01-13 14:25:39,785 | INFO |  File duration: 46.396625
2026-01-13 14:25:52,483 | INFO | File: Rhap-D0017-Pro | WER=38.181818 | S=5 D=37 I=0
2026-01-13 14:25:52,484 | INFO | ------------------------------
2026-01-13 14:25:52,484 | INFO |  File duration: 127.9681875
2026-01-13 14:26:19,373 | INFO | File: Rhap-D2006-Pro | WER=57.142857 | S=25 D=110 I=1
2026-01-13 14:26:19,373 | INFO | ------------------------------
2026-01-13 14:26:19,393 | INFO |  File duration: 64.085
2026-01-13 14:26:32,827 | INFO | File: Rhap-M0002-Pro | WER=69.696970 | S=11 D=126 I=1
2026-01-13 14:26:32,828 | INFO | ------------------------------
2026-01-13 14:26:32,848 | INFO |  File duration: 306.8026875
2026-01-13 14:27:37,200 | INFO | File: Rhap-D2009-Pro | WER=66.731518 | S=31 D=655 I=0
2026-01-13 14:27:37,200 | INFO | ------------------------------
2026-01-13 14:27:37,221 | INFO |  File duration: 87.821375
2026-01-13 14:27:52,705 | INFO | File: Rhap-M0023-Pro | WER=74.375000 | S=13 D=224 I=1
2026-01-13 14:27:52,705 | INFO | ------------------------------
2026-01-13 14:27:52,705 | WARNING | The file Rhap-D0001-Pro.wav does not exist
2026-01-13 14:27:52,705 | INFO |  File duration: 239.4149375
2026-01-13 14:28:31,497 | INFO | File: Rhap-D0005-Pro | WER=81.847476 | S=35 D=727 I=0
2026-01-13 14:28:31,497 | INFO | ------------------------------
2026-01-13 14:28:31,521 | INFO |  File duration: 82.8571875
2026-01-13 14:28:48,776 | INFO | File: Rhap-M0016-Pro | WER=65.000000 | S=29 D=127 I=0
2026-01-13 14:28:48,776 | INFO | ------------------------------
2026-01-13 14:28:48,787 | INFO |  File duration: 98.2920625
2026-01-13 14:29:08,523 | INFO | File: Rhap-M0003-Pro | WER=71.929825 | S=11 D=235 I=0
2026-01-13 14:29:08,523 | INFO | ------------------------------
2026-01-13 14:29:08,524 | INFO |  File duration: 292.681125
2026-01-13 14:30:04,220 | INFO | File: Rhap-D0004-Pro | WER=76.235906 | S=33 D=843 I=3
2026-01-13 14:30:04,220 | INFO | ------------------------------
2026-01-13 14:30:04,221 | INFO |  File duration: 305.725375
2026-01-13 14:31:08,016 | INFO | File: Rhap-D2005-Pro | WER=68.893320 | S=30 D=659 I=2
2026-01-13 14:31:08,017 | INFO | ------------------------------
2026-01-13 14:31:08,017 | INFO |  File duration: 290.2293125
2026-01-13 14:32:06,393 | INFO | File: Rhap-D0002-Pro | WER=73.520562 | S=43 D=689 I=1
2026-01-13 14:32:06,393 | INFO | ------------------------------
2026-01-13 14:32:06,411 | INFO |  File duration: 26.3569375
2026-01-13 14:32:13,901 | INFO | File: Rhap-M0006-Pro | WER=67.857143 | S=10 D=66 I=0
2026-01-13 14:32:13,901 | INFO | ------------------------------
2026-01-13 14:32:13,901 | INFO |  File duration: 154.0061875
2026-01-13 14:32:45,027 | INFO | File: Rhap-D1002-Pro | WER=69.168357 | S=23 D=316 I=2
2026-01-13 14:32:45,028 | INFO | ------------------------------
2026-01-13 14:32:45,028 | INFO |  File duration: 427.88475
2026-01-13 14:34:08,313 | INFO | File: Rhap-D1001-Pro | WER=58.093347 | S=51 D=534 I=0
2026-01-13 14:34:08,313 | INFO | ------------------------------
2026-01-13 14:34:08,329 | INFO |  File duration: 13.6685625
2026-01-13 14:34:14,773 | INFO | File: Rhap-M0004-Pro | WER=51.111111 | S=13 D=10 I=0
2026-01-13 14:34:14,773 | INFO | ------------------------------
2026-01-13 14:34:14,793 | INFO |  File duration: 293.6138125
2026-01-13 14:35:08,031 | INFO | File: Rhap-D2012-Pro | WER=77.131394 | S=46 D=723 I=0
2026-01-13 14:35:08,031 | INFO | ------------------------------
2026-01-13 14:35:08,050 | INFO |  File duration: 318.8233125
2026-01-13 14:35:52,388 | INFO | File: Rhap-D2010-Pro | WER=83.086876 | S=26 D=873 I=0
2026-01-13 14:35:52,389 | INFO | ------------------------------
2026-01-13 14:35:52,408 | INFO |  File duration: 56.603875
2026-01-13 14:36:08,082 | INFO | File: Rhap-M0019-Pro | WER=59.574468 | S=28 D=82 I=2
2026-01-13 14:36:08,082 | INFO | ------------------------------
2026-01-13 14:36:08,097 | INFO |  File duration: 111.4226875
2026-01-13 14:36:30,884 | INFO | File: Rhap-M2005-Pro | WER=68.194842 | S=11 D=227 I=0
2026-01-13 14:36:30,884 | INFO | ------------------------------
2026-01-13 14:36:30,902 | INFO |  File duration: 87.3476875
2026-01-13 14:36:50,393 | INFO | File: Rhap-M1001-Pro | WER=73.246753 | S=15 D=265 I=2
2026-01-13 14:36:50,393 | INFO | ------------------------------
2026-01-13 14:36:50,409 | INFO |  File duration: 50.2703125
2026-01-13 14:37:01,282 | INFO | File: Rhap-M0007-Pro | WER=70.285714 | S=5 D=118 I=0
2026-01-13 14:37:01,282 | INFO | ------------------------------
2026-01-13 14:37:01,304 | INFO |  File duration: 627.7055625
2026-01-13 14:39:09,984 | INFO | File: Rhap-M2004-Pro | WER=51.002406 | S=89 D=541 I=6
2026-01-13 14:39:09,984 | INFO | ------------------------------
2026-01-13 14:39:10,001 | INFO |  File duration: 307.7885
2026-01-13 14:40:18,221 | INFO | File: Rhap-D2011-Pro | WER=69.134615 | S=61 D=655 I=3
2026-01-13 14:40:18,221 | INFO | ------------------------------
2026-01-13 14:40:18,222 | WARNING | The file Rhap-D1003-Pro.wav does not exist
2026-01-13 14:40:18,222 | INFO |  File duration: 284.962125
2026-01-13 14:41:02,362 | INFO | File: Rhap-D0003-Pro | WER=81.308411 | S=29 D=754 I=0
2026-01-13 14:41:02,362 | INFO | ------------------------------
2026-01-13 14:41:02,386 | INFO |  File duration: 499.3943125
2026-01-13 14:42:38,754 | INFO | File: Rhap-D2008-Pro | WER=76.160843 | S=58 D=1530 I=3
2026-01-13 14:42:38,755 | INFO | ------------------------------
2026-01-13 14:42:38,774 | INFO |  File duration: 87.3930625
2026-01-13 14:42:56,115 | INFO | File: Rhap-M0018-Pro | WER=65.758755 | S=24 D=144 I=1
2026-01-13 14:42:56,115 | INFO | ------------------------------
2026-01-13 14:42:56,115 | INFO |  File duration: 366.684875
2026-01-13 14:43:55,647 | INFO | File: Rhap-D0006-Pro | WER=81.405896 | S=57 D=1019 I=1
2026-01-13 14:43:55,647 | INFO | ------------------------------
2026-01-13 14:43:55,648 | INFO |  File duration: 100.442875
2026-01-13 14:44:15,544 | INFO | File: Rhap-M0022-Pro | WER=54.666667 | S=15 D=108 I=0
2026-01-13 14:44:15,545 | INFO | ------------------------------
2026-01-13 14:44:15,545 | INFO |  File duration: 247.802875
2026-01-13 14:45:03,582 | INFO | File: Rhap-D2004-Pro | WER=77.844311 | S=56 D=724 I=0
2026-01-13 14:45:03,582 | INFO | ------------------------------
2026-01-13 14:45:03,605 | INFO |  File duration: 50.091875
2026-01-13 14:45:16,276 | INFO | File: Rhap-M0001-Pro | WER=47.101449 | S=8 D=56 I=1
2026-01-13 14:45:16,276 | INFO | ------------------------------
2026-01-13 14:45:16,280 | INFO |  File duration: 216.107375
2026-01-13 14:46:00,266 | INFO | File: Rhap-M2001-Pro | WER=58.921933 | S=18 D=298 I=1
2026-01-13 14:46:00,267 | INFO | ------------------------------
2026-01-13 14:46:00,283 | INFO |  File duration: 262.3071875
2026-01-13 14:46:30,822 | INFO | File: Rhap-D2007-Pro | WER=88.288288 | S=15 D=866 I=1
2026-01-13 14:46:30,822 | INFO | ------------------------------
2026-01-13 14:46:30,833 | INFO |  File duration: 48.8660625
2026-01-13 14:46:38,452 | INFO | File: Rhap-M0011-Pro | WER=82.389937 | S=13 D=118 I=0
2026-01-13 14:46:38,453 | INFO | ------------------------------
2026-01-13 14:46:38,472 | INFO |  File duration: 246.5095625
2026-01-13 14:47:28,419 | INFO | File: Rhap-M1003-Pro | WER=70.812808 | S=37 D=538 I=0
2026-01-13 14:47:28,419 | INFO | ------------------------------
2026-01-13 14:47:28,420 | INFO |  File duration: 44.344375
2026-01-13 14:47:40,740 | INFO | File: Rhap-M0024-Pro | WER=45.454545 | S=1 D=58 I=1
2026-01-13 14:47:40,740 | INFO | ------------------------------
2026-01-13 14:47:40,741 | INFO |  File duration: 531.6108125
2026-01-13 14:49:20,836 | INFO | File: Rhap-D2001-Pro | WER=75.465058 | S=91 D=1409 I=1
2026-01-13 14:49:20,836 | INFO | ------------------------------
2026-01-13 14:49:20,857 | INFO |  File duration: 182.155375
2026-01-13 14:50:05,451 | INFO | File: Rhap-D2013-Pro | WER=67.187500 | S=24 D=406 I=0
2026-01-13 14:50:05,451 | INFO | ------------------------------
2026-01-13 14:50:05,474 | INFO |  File duration: 385.5803125
2026-01-13 14:51:22,116 | INFO | File: Rhap-M2002-Pro | WER=70.282659 | S=70 D=849 I=1
2026-01-13 14:51:22,116 | INFO | ------------------------------
2026-01-13 14:51:22,116 | INFO |  File duration: 201.1795625
2026-01-13 14:51:53,941 | INFO | File: Rhap-D0008-Pro | WER=77.121212 | S=15 D=494 I=0
2026-01-13 14:51:53,942 | INFO | ------------------------------
2026-01-13 14:51:53,965 | INFO |  File duration: 293.795
2026-01-13 14:52:49,648 | INFO | File: Rhap-M2003-Pro | WER=62.723521 | S=44 D=412 I=0
2026-01-13 14:52:49,649 | INFO | ------------------------------
2026-01-13 14:52:49,667 | INFO |  File duration: 41.7585625
2026-01-13 14:53:00,361 | INFO | File: Rhap-M0005-Pro | WER=60.283688 | S=6 D=79 I=0
2026-01-13 14:53:00,361 | INFO | ------------------------------
2026-01-13 14:53:00,361 | INFO |  File duration: 310.9541875
2026-01-13 14:53:42,379 | INFO | File: Rhap-D0009-Pro | WER=87.822581 | S=34 D=1052 I=3
2026-01-13 14:53:42,379 | INFO | ------------------------------
2026-01-13 14:53:42,392 | INFO |  File duration: 86.2515625
2026-01-13 14:53:56,742 | INFO | File: Rhap-M0021-Pro | WER=67.415730 | S=7 D=113 I=0
2026-01-13 14:53:56,742 | INFO | ------------------------------
2026-01-13 14:53:56,743 | INFO |  File duration: 355.425
2026-01-13 14:55:08,735 | INFO | File: Rhap-D2003-Pro | WER=78.045113 | S=91 D=945 I=2
2026-01-13 14:55:08,735 | INFO | ------------------------------
2026-01-13 14:55:08,754 | INFO |  File duration: 26.679375
2026-01-13 14:55:15,617 | INFO | File: Rhap-M0014-Pro | WER=47.058824 | S=1 D=38 I=1
2026-01-13 14:55:15,617 | INFO | ------------------------------
2026-01-13 14:55:15,617 | INFO |  File duration: 25.8175
2026-01-13 14:55:21,482 | INFO | File: Rhap-M0015-Pro | WER=60.759494 | S=6 D=42 I=0
2026-01-13 14:55:21,482 | INFO | ------------------------------
2026-01-13 14:55:21,482 | WARNING | The file Rhap-M2006-Pro.wav does not exist
2026-01-13 14:55:21,483 | INFO |  File duration: 41.6643125
2026-01-13 14:55:31,377 | INFO | File: Rhap-D0007-Pro | WER=70.833333 | S=11 D=91 I=0
2026-01-13 14:55:31,377 | INFO | ------------------------------
2026-01-13 14:55:31,397 | INFO |  File duration: 51.89
2026-01-13 14:55:45,377 | INFO | File: Rhap-M0013-Pro | WER=58.522727 | S=22 D=81 I=0
2026-01-13 14:55:45,377 | INFO | ------------------------------
2026-01-13 14:55:45,394 | INFO |  File duration: 17.016
2026-01-13 14:55:52,485 | INFO | File: Rhap-M0012-Pro | WER=40.384615 | S=11 D=10 I=0
2026-01-13 14:55:52,485 | INFO | ------------------------------
2026-01-13 14:55:52,507 | INFO |  File duration: 17.0718125
2026-01-13 14:55:57,749 | INFO | File: Rhap-M0008-Pro | WER=50.877193 | S=1 D=28 I=0
2026-01-13 14:55:57,749 | INFO | ------------------------------
2026-01-13 14:55:57,769 | INFO |  File duration: 16.6030625
2026-01-13 14:56:02,439 | INFO | File: Rhap-M0010-Pro | WER=61.904762 | S=2 D=37 I=0
2026-01-13 14:56:02,440 | INFO | ------------------------------
2026-01-13 14:56:02,440 | INFO | ===================== GLOBAL WER ======================
2026-01-13 14:56:02,440 | INFO | The number of files is 54
2026-01-13 14:56:02,440 | INFO | WER: 67.05%
2026-01-13 14:56:02,440 | INFO | =============================================================
