2026-01-21 12:43:56,945 | INFO | Fetch hyperparams.yaml: Using file found at '/vol/experiments3/imbenamor/TAPAS-FRAIS/models/asr-wav2vec2-commonvoice-fr/hyperparams.yaml'
2026-01-21 12:43:56,945 | DEBUG | Fetch: Source and destination '/vol/experiments3/imbenamor/TAPAS-FRAIS/models/asr-wav2vec2-commonvoice-fr/custom.py' are identical, returning assuming this is intended
2026-01-21 12:43:56,979 | WARNING | This version of torchaudio is old. SpeechBrain no longer tries using the torchaudio global backend mechanism in recipes, so if you encounter issues, update torchaudio to >=2.1.0.
2026-01-21 12:44:00,261 | WARNING | speechbrain.lobes.models.huggingface_transformers.huggingface - Wav2Vec2Model is frozen.
2026-01-21 12:44:00,274 | DEBUG | Collecting files (or symlinks) for pretraining in /vol/experiments3/imbenamor/TAPAS-FRAIS/models/asr-wav2vec2-commonvoice-fr.
2026-01-21 12:44:00,274 | INFO | Fetch wav2vec2.ckpt: Using file found at '/vol/experiments3/imbenamor/TAPAS-FRAIS/models/asr-wav2vec2-commonvoice-fr/wav2vec2.ckpt'
2026-01-21 12:44:00,274 | DEBUG | Set local path in self.paths["wav2vec2"] = /vol/experiments3/imbenamor/TAPAS-FRAIS/models/asr-wav2vec2-commonvoice-fr/wav2vec2.ckpt
2026-01-21 12:44:00,274 | INFO | Fetch asr.ckpt: Using file found at '/vol/experiments3/imbenamor/TAPAS-FRAIS/models/asr-wav2vec2-commonvoice-fr/asr.ckpt'
2026-01-21 12:44:00,274 | DEBUG | Set local path in self.paths["asr"] = /vol/experiments3/imbenamor/TAPAS-FRAIS/models/asr-wav2vec2-commonvoice-fr/asr.ckpt
2026-01-21 12:44:00,274 | INFO | Fetch tokenizer.ckpt: Using file found at '/vol/experiments3/imbenamor/TAPAS-FRAIS/models/asr-wav2vec2-commonvoice-fr/tokenizer.ckpt'
2026-01-21 12:44:00,274 | DEBUG | Set local path in self.paths["tokenizer"] = /vol/experiments3/imbenamor/TAPAS-FRAIS/models/asr-wav2vec2-commonvoice-fr/tokenizer.ckpt
2026-01-21 12:44:00,274 | INFO | Loading pretrained files for: wav2vec2, asr, tokenizer
2026-01-21 12:44:00,274 | DEBUG | Redirecting (loading from local path): wav2vec2 -> /vol/experiments3/imbenamor/TAPAS-FRAIS/models/asr-wav2vec2-commonvoice-fr/wav2vec2.ckpt
2026-01-21 12:44:00,274 | DEBUG | Redirecting (loading from local path): asr -> /vol/experiments3/imbenamor/TAPAS-FRAIS/models/asr-wav2vec2-commonvoice-fr/asr.ckpt
2026-01-21 12:44:00,274 | DEBUG | Redirecting (loading from local path): tokenizer -> /vol/experiments3/imbenamor/TAPAS-FRAIS/models/asr-wav2vec2-commonvoice-fr/tokenizer.ckpt
2026-01-21 12:44:03,594 | INFO |  File duration: 68.39650793650793 seconds
2026-01-21 12:44:05,072 | INFO | Created a temporary directory at /tmp/tmpknj7491e
2026-01-21 12:44:05,072 | INFO | Writing /tmp/tmpknj7491e/_remote_module_non_scriptable.py
2026-01-21 12:44:05,286 | DEBUG | Registered checkpoint save hook for save
2026-01-21 12:44:05,286 | DEBUG | Registered checkpoint load hook for load_if_possible
2026-01-21 12:44:05,301 | INFO | File: AEX-CAB000-02_L01.wav | WER=10.734463 | S=17 D=2 I=0
2026-01-21 12:44:05,301 | INFO | ------------------------------
2026-01-21 12:44:05,302 | INFO |  File duration: 71.22968253968254 seconds
2026-01-21 12:44:05,550 | INFO | File: AEX-CAC000-02_L01.wav | WER=21.022727 | S=21 D=4 I=12
2026-01-21 12:44:05,550 | INFO | ------------------------------
2026-01-21 12:44:05,550 | INFO |  File duration: 70.09696145124717 seconds
2026-01-21 12:44:05,780 | INFO | File: AEX-CAG000-01_L01.wav | WER=15.909091 | S=22 D=1 I=5
2026-01-21 12:44:05,780 | INFO | ------------------------------
2026-01-21 12:44:05,786 | INFO |  File duration: 75.73018140589569 seconds
2026-01-21 12:44:06,074 | INFO | File: AEX-CLJ000-02_L01.wav | WER=24.431818 | S=16 D=5 I=22
2026-01-21 12:44:06,074 | INFO | ------------------------------
2026-01-21 12:44:06,075 | INFO |  File duration: 58.55369614512472 seconds
2026-01-21 12:44:06,252 | INFO | File: AEX-CML000-01_L01.wav | WER=13.068182 | S=17 D=5 I=1
2026-01-21 12:44:06,252 | INFO | ------------------------------
2026-01-21 12:44:06,253 | INFO |  File duration: 76.21907029478459 seconds
2026-01-21 12:44:06,498 | INFO | File: AEX-CSR000-01_L01.wav | WER=19.209040 | S=26 D=7 I=1
2026-01-21 12:44:06,498 | INFO | ------------------------------
2026-01-21 12:44:06,517 | INFO |  File duration: 86.34117913832199 seconds
2026-01-21 12:44:06,802 | INFO | File: BEX-CDB000-01_L01.wav | WER=18.079096 | S=28 D=2 I=2
2026-01-21 12:44:06,802 | INFO | ------------------------------
2026-01-21 12:44:06,803 | INFO |  File duration: 72.99619047619048 seconds
2026-01-21 12:44:07,078 | INFO | File: BEX-CEB000-01_L01.wav | WER=21.590909 | S=26 D=9 I=3
2026-01-21 12:44:07,078 | INFO | ------------------------------
2026-01-21 12:44:07,078 | INFO |  File duration: 60.74340136054422 seconds
2026-01-21 12:44:07,235 | INFO | File: BEX-CHE000-01_L01.wav | WER=21.468927 | S=25 D=12 I=1
2026-01-21 12:44:07,235 | INFO | ------------------------------
2026-01-21 12:44:07,236 | INFO |  File duration: 77.60358276643991 seconds
2026-01-21 12:44:07,494 | INFO | File: BEX-CKN000-01_L01.wav | WER=14.689266 | S=18 D=6 I=2
2026-01-21 12:44:07,494 | INFO | ------------------------------
2026-01-21 12:44:07,514 | INFO |  File duration: 80.38402083333334 seconds
2026-01-21 12:44:07,912 | INFO | File: BEX-CMB000-01_L01.wav | WER=20.903955 | S=24 D=8 I=5
2026-01-21 12:44:07,912 | INFO | ------------------------------
2026-01-21 12:44:07,932 | INFO |  File duration: 77.83328798185941 seconds
2026-01-21 12:44:08,234 | INFO | File: BEX-CNKN00-01_L01.wav | WER=22.598870 | S=28 D=7 I=5
2026-01-21 12:44:08,234 | INFO | ------------------------------
2026-01-21 12:44:08,234 | INFO | ===================== GLOBAL WER ======================
2026-01-21 12:44:08,234 | INFO | The number of files is 12
2026-01-21 12:44:08,234 | INFO | WER: 18.64%
2026-01-21 12:44:08,234 | INFO | =============================================================
