2026-01-09 13:30:13,390 | INFO | Fetch hyperparams.yaml: Using file found at '/vol/experiments3/imbenamor/TAPAS-FRAIS/pretrained_models/asr-wav2vec2-commonvoice-fr/hyperparams.yaml'
2026-01-09 13:30:13,420 | DEBUG | torchaudio 2.9+ detected - audio backend checking skipped (handled by torchcodec)
2026-01-09 13:30:14,300 | WARNING | speechbrain.integrations.huggingface.huggingface - Wav2Vec2Model is frozen.
2026-01-09 13:30:14,314 | DEBUG | Collecting files (or symlinks) for pretraining in /vol/experiments3/imbenamor/TAPAS-FRAIS/pretrained_models/asr-wav2vec2-commonvoice-fr.
2026-01-09 13:30:14,315 | INFO | Fetch wav2vec2.ckpt: Using file found at '/vol/experiments3/imbenamor/TAPAS-FRAIS/pretrained_models/asr-wav2vec2-commonvoice-fr/wav2vec2.ckpt'
2026-01-09 13:30:14,315 | DEBUG | Set local path in self.paths["wav2vec2"] = /vol/experiments3/imbenamor/TAPAS-FRAIS/pretrained_models/asr-wav2vec2-commonvoice-fr/wav2vec2.ckpt
2026-01-09 13:30:14,315 | INFO | Fetch asr.ckpt: Using file found at '/vol/experiments3/imbenamor/TAPAS-FRAIS/pretrained_models/asr-wav2vec2-commonvoice-fr/asr.ckpt'
2026-01-09 13:30:14,315 | DEBUG | Set local path in self.paths["asr"] = /vol/experiments3/imbenamor/TAPAS-FRAIS/pretrained_models/asr-wav2vec2-commonvoice-fr/asr.ckpt
2026-01-09 13:30:14,315 | INFO | Fetch tokenizer.ckpt: Using file found at '/vol/experiments3/imbenamor/TAPAS-FRAIS/pretrained_models/asr-wav2vec2-commonvoice-fr/tokenizer.ckpt'
2026-01-09 13:30:14,315 | DEBUG | Set local path in self.paths["tokenizer"] = /vol/experiments3/imbenamor/TAPAS-FRAIS/pretrained_models/asr-wav2vec2-commonvoice-fr/tokenizer.ckpt
2026-01-09 13:30:14,315 | INFO | Loading pretrained files for: wav2vec2, asr, tokenizer
2026-01-09 13:30:14,315 | DEBUG | Redirecting (loading from local path): wav2vec2 -> /vol/experiments3/imbenamor/TAPAS-FRAIS/pretrained_models/asr-wav2vec2-commonvoice-fr/wav2vec2.ckpt
2026-01-09 13:30:14,315 | DEBUG | Redirecting (loading from local path): asr -> /vol/experiments3/imbenamor/TAPAS-FRAIS/pretrained_models/asr-wav2vec2-commonvoice-fr/asr.ckpt
2026-01-09 13:30:14,315 | DEBUG | Redirecting (loading from local path): tokenizer -> /vol/experiments3/imbenamor/TAPAS-FRAIS/pretrained_models/asr-wav2vec2-commonvoice-fr/tokenizer.ckpt
2026-01-09 13:30:21,659 | DEBUG | Registered checkpoint save hook for save
2026-01-09 13:30:21,660 | DEBUG | Registered checkpoint load hook for load_if_possible
2026-01-09 13:30:21,665 | INFO | File: MO_H_ER48_2017_01_28_ModuleDescription_description | WER=23.076923 | S=12 D=15 I=0
2026-01-09 13:30:21,665 | INFO | ------------------------------
2026-01-09 13:30:25,725 | INFO | File: MO_F_ER19_2016_04_10_ModuleDescription_description | WER=12.162162 | S=7 D=2 I=0
2026-01-09 13:30:25,725 | INFO | ------------------------------
2026-01-09 13:30:34,980 | INFO | File: MO_H_SD36_2016_06_23_ModuleDescription_description | WER=19.580420 | S=17 D=11 I=0
2026-01-09 13:30:34,980 | INFO | ------------------------------
2026-01-09 13:30:50,581 | INFO | File: MO_H_SD11_2016_04_25_ModuleDescription_description | WER=17.543860 | S=27 D=12 I=1
2026-01-09 13:30:50,581 | INFO | ------------------------------
2026-01-09 13:30:52,131 | INFO | File: MO_H_AV18_2016_04_18_ModuleDescription_description | WER=27.848101 | S=10 D=11 I=1
2026-01-09 13:30:52,131 | INFO | ------------------------------
2026-01-09 13:30:53,863 | INFO | File: MO_F_ER02_2016_04_04_ModuleDescription_description | WER=13.953488 | S=4 D=2 I=0
2026-01-09 13:30:53,863 | INFO | ------------------------------
2026-01-09 13:31:00,397 | INFO | File: MO_F_SD24_2016_05_03_ModuleDescription_description | WER=19.892473 | S=18 D=18 I=1
2026-01-09 13:31:00,397 | INFO | ------------------------------
2026-01-09 13:31:10,800 | INFO | File: MO_H_ER24_2016_04_15_ModuleDescription_description | WER=30.625000 | S=24 D=23 I=2
2026-01-09 13:31:10,800 | INFO | ------------------------------
2026-01-09 13:31:19,493 | INFO | File: MO_F_AV27_2016_05_14_ModuleDescription_description | WER=19.902913 | S=18 D=23 I=0
2026-01-09 13:31:19,493 | INFO | ------------------------------
2026-01-09 13:31:22,865 | INFO | File: MO_F_SD22_2016_05_03_ModuleDescription_description | WER=24.096386 | S=13 D=5 I=2
2026-01-09 13:31:22,866 | INFO | ------------------------------
2026-01-09 13:33:36,322 | INFO | File: MO_F_SD33_2016_06_22_ModuleDescription_description | WER=41.618497 | S=137 D=143 I=8
2026-01-09 13:33:36,322 | INFO | ------------------------------
2026-01-09 13:33:47,189 | INFO | File: MO_F_AV09_2016_04_15_ModuleDescription_description | WER=29.433962 | S=37 D=40 I=1
2026-01-09 13:33:47,189 | INFO | ------------------------------
2026-01-09 13:33:52,747 | INFO | File: MO_H_ER09_2016_04_07_ModuleDescription_description | WER=14.615385 | S=8 D=8 I=3
2026-01-09 13:33:52,747 | INFO | ------------------------------
2026-01-09 13:33:58,230 | INFO | File: MO_F_AV25_2016_05_14_ModuleDescription_description | WER=10.569106 | S=9 D=3 I=1
2026-01-09 13:33:58,230 | INFO | ------------------------------
2026-01-09 13:34:09,567 | INFO | File: MO_H_ER47_2017_03_31_ModuleDescription_description | WER=36.563877 | S=33 D=43 I=7
2026-01-09 13:34:09,567 | INFO | ------------------------------
2026-01-09 13:35:17,423 | INFO | File: MO_H_SD13_2016_08_13_ModuleDescription_description | WER=18.795181 | S=44 D=34 I=0
2026-01-09 13:35:17,423 | INFO | ------------------------------
2026-01-09 13:35:27,315 | INFO | File: MO_H_ER47_2017_01_27_ModuleDescription_description | WER=35.885167 | S=26 D=47 I=2
2026-01-09 13:35:27,315 | INFO | ------------------------------
2026-01-09 13:35:33,405 | INFO | File: MO_F_ER08_2016_06_08_ModuleDescription_description | WER=22.448980 | S=22 D=11 I=0
2026-01-09 13:35:33,405 | INFO | ------------------------------
2026-01-09 13:35:50,855 | INFO | File: MO_F_AV01_2016_04_08_ModuleDescription_description | WER=14.285714 | S=25 D=10 I=0
2026-01-09 13:35:50,855 | INFO | ------------------------------
2026-01-09 13:35:51,788 | INFO | File: MO_H_ER40_2017_01_24_ModuleDescription_description | WER=19.642857 | S=3 D=8 I=0
2026-01-09 13:35:51,788 | INFO | ------------------------------
2026-01-09 13:35:54,129 | INFO | File: MO_H_AV10_2016_04_15_ModuleDescription_description | WER=12.765957 | S=10 D=1 I=1
2026-01-09 13:35:54,129 | INFO | ------------------------------
2026-01-09 13:35:55,570 | INFO | File: MO_H_AV24_2016_05_14_ModuleDescription_description | WER=4.705882 | S=2 D=2 I=0
2026-01-09 13:35:55,570 | INFO | ------------------------------
2026-01-09 13:36:02,705 | INFO | File: MO_F_SD18_2016_05_02_ModuleDescription_description | WER=16.071429 | S=16 D=11 I=0
2026-01-09 13:36:02,705 | INFO | ------------------------------
2026-01-09 13:36:13,763 | INFO | File: MO_F_ER08_2016_04_07_ModuleDescription_description | WER=26.415094 | S=28 D=13 I=1
2026-01-09 13:36:13,763 | INFO | ------------------------------
2026-01-09 13:36:21,630 | INFO | File: MO_F_AV14_2016_04_18_ModuleDescription_description | WER=48.437500 | S=20 D=5 I=6
2026-01-09 13:36:21,631 | INFO | ------------------------------
2026-01-09 13:36:26,034 | INFO | File: MO_H_ER48_2017_04_08_ModuleDescription_description | WER=15.178571 | S=8 D=8 I=1
2026-01-09 13:36:26,034 | INFO | ------------------------------
2026-01-09 13:36:32,129 | INFO | File: MO_H_ER23_2016_04_14_ModuleDescription_description | WER=23.780488 | S=16 D=21 I=2
2026-01-09 13:36:32,130 | INFO | ------------------------------
2026-01-09 13:36:40,059 | INFO | File: MO_H_AV22_2016_04_19_ModuleDescription_description | WER=17.307692 | S=17 D=9 I=1
2026-01-09 13:36:40,060 | INFO | ------------------------------
2026-01-09 13:36:45,902 | INFO | File: MO_H_ER17_2016_04_08_ModuleDescription_description | WER=20.754717 | S=17 D=16 I=0
2026-01-09 13:36:45,902 | INFO | ------------------------------
2026-01-09 13:36:57,303 | INFO | File: MO_F_SD28_2016_05_20_ModuleDescription_description | WER=21.505376 | S=16 D=24 I=0
2026-01-09 13:36:57,304 | INFO | ------------------------------
2026-01-09 13:37:00,311 | INFO | File: MO_H_AV33_2016_06_06_ModuleDescription_description | WER=21.969697 | S=17 D=10 I=2
2026-01-09 13:37:00,311 | INFO | ------------------------------
2026-01-09 13:37:08,350 | INFO | File: MO_F_AV26_2016_05_14_ModuleDescription_description | WER=16.022099 | S=17 D=10 I=2
2026-01-09 13:37:08,351 | INFO | ------------------------------
2026-01-09 13:37:09,877 | INFO | File: MO_H_AV38_2016_06_10_ModuleDescription_description | WER=24.000000 | S=10 D=8 I=0
2026-01-09 13:37:09,877 | INFO | ------------------------------
2026-01-09 13:37:22,436 | INFO | File: MO_F_AV23_2016_04_19_ModuleDescription_description | WER=26.506024 | S=26 D=17 I=1
2026-01-09 13:37:22,436 | INFO | ------------------------------
2026-01-09 13:37:41,325 | INFO | File: MO_F_SD32_2016_06_16_ModuleDescription_description | WER=29.378531 | S=22 D=26 I=4
2026-01-09 13:37:41,325 | INFO | ------------------------------
2026-01-09 13:37:43,600 | INFO | File: MO_F_ER16_2016_04_08_ModuleDescription_description | WER=23.750000 | S=8 D=11 I=0
2026-01-09 13:37:43,600 | INFO | ------------------------------
2026-01-09 13:37:46,099 | INFO | File: MO_H_ER49_2017_06_08_ModuleDescription_description | WER=32.989691 | S=15 D=14 I=3
2026-01-09 13:37:46,100 | INFO | ------------------------------
2026-01-09 13:37:47,542 | INFO | File: MO_F_ER02_2016_06_08_ModuleDescription_description | WER=31.428571 | S=4 D=7 I=0
2026-01-09 13:37:47,542 | INFO | ------------------------------
2026-01-09 13:37:53,731 | INFO | File: MO_H_AV30_2016_06_05_ModuleDescription_description | WER=20.000000 | S=8 D=19 I=1
2026-01-09 13:37:53,731 | INFO | ------------------------------
2026-01-09 13:39:14,558 | INFO | File: MO_F_SD12_2016_04_25_ModuleDescription_description | WER=35.044248 | S=106 D=86 I=6
2026-01-09 13:39:14,558 | INFO | ------------------------------
2026-01-09 13:39:23,916 | INFO | File: MO_H_SD25_2016_05_12_ModuleDescription_description | WER=14.344262 | S=21 D=13 I=1
2026-01-09 13:39:23,916 | INFO | ------------------------------
2026-01-09 13:40:16,211 | INFO | File: MO_H_SD13_2016_04_25_ModuleDescription_description | WER=15.160350 | S=31 D=19 I=2
2026-01-09 13:40:16,211 | INFO | ------------------------------
2026-01-09 13:40:28,353 | INFO | File: MO_F_SD38_2016_06_28_ModuleDescription_description | WER=23.152709 | S=25 D=21 I=1
2026-01-09 13:40:28,353 | INFO | ------------------------------
2026-01-09 13:41:07,498 | INFO | File: MO_F_ER18_2016_04_08_ModuleDescription_description | WER=10.927152 | S=26 D=5 I=2
2026-01-09 13:41:07,498 | INFO | ------------------------------
2026-01-09 13:41:09,673 | INFO | File: MO_F_ER06_2016_04_06_ModuleDescription_description | WER=62.500000 | S=12 D=18 I=0
2026-01-09 13:41:09,673 | INFO | ------------------------------
2026-01-09 13:41:12,428 | INFO | File: MO_F_ER22_2016_04_12_ModuleDescription_description | WER=44.715447 | S=20 D=34 I=1
2026-01-09 13:41:12,428 | INFO | ------------------------------
2026-01-09 13:41:24,088 | INFO | File: MO_H_ER27_2016_04_18_ModuleDescription_description | WER=11.764706 | S=12 D=6 I=0
2026-01-09 13:41:24,088 | INFO | ------------------------------
2026-01-09 13:41:29,383 | INFO | File: MO_H_ER40_2017_05_23_ModuleDescription_description | WER=33.582090 | S=16 D=27 I=2
2026-01-09 13:41:29,384 | INFO | ------------------------------
2026-01-09 13:41:31,478 | INFO | File: MO_F_SD19_2016_05_02_ModuleDescription_description | WER=26.436782 | S=10 D=13 I=0
2026-01-09 13:41:31,478 | INFO | ------------------------------
2026-01-09 13:41:43,132 | INFO | File: MO_F_ER10_2016_04_07_ModuleDescription_description | WER=24.873096 | S=28 D=20 I=1
2026-01-09 13:41:43,132 | INFO | ------------------------------
2026-01-09 13:41:58,201 | INFO | File: MO_H_ER41_2017_01_24_ModuleDescription_description | WER=9.554140 | S=15 D=0 I=0
2026-01-09 13:41:58,201 | INFO | ------------------------------
2026-01-09 13:42:15,467 | INFO | File: MO_H_AV22_2016_06_09_ModuleDescription_description | WER=12.775330 | S=22 D=6 I=1
2026-01-09 13:42:15,467 | INFO | ------------------------------
2026-01-09 13:42:25,815 | INFO | File: MO_F_SD35_2016_06_23_ModuleDescription_description | WER=37.786260 | S=38 D=61 I=0
2026-01-09 13:42:25,816 | INFO | ------------------------------
2026-01-09 13:42:28,406 | INFO | File: MO_H_SD07_2016_04_22_ModuleDescription_description | WER=40.277778 | S=15 D=13 I=1
2026-01-09 13:42:28,406 | INFO | ------------------------------
2026-01-09 13:44:23,136 | INFO | File: MO_F_AV36_2016_06_07_ModuleDescription_description | WER=41.078431 | S=233 D=180 I=6
2026-01-09 13:44:23,136 | INFO | ------------------------------
2026-01-09 13:44:32,674 | INFO | File: MO_H_ER41_2017_05_29_ModuleDescription_description | WER=13.592233 | S=11 D=3 I=0
2026-01-09 13:44:32,674 | INFO | ------------------------------
2026-01-09 13:44:36,598 | INFO | File: MO_H_AV19_2016_04_18_ModuleDescription_description | WER=37.500000 | S=14 D=10 I=3
2026-01-09 13:44:36,598 | INFO | ------------------------------
2026-01-09 13:44:47,156 | INFO | File: MO_F_SD08_2016_04_22_ModuleDescription_description | WER=14.960630 | S=9 D=8 I=2
2026-01-09 13:44:47,156 | INFO | ------------------------------
2026-01-09 13:44:54,725 | INFO | File: MO_F_ER26_2016_04_18_ModuleDescription_description | WER=29.931973 | S=19 D=25 I=0
2026-01-09 13:44:54,725 | INFO | ------------------------------
2026-01-09 13:44:57,571 | INFO | File: MO_H_AV37_2016_06_08_ModuleDescription_description | WER=17.117117 | S=9 D=10 I=0
2026-01-09 13:44:57,571 | INFO | ------------------------------
2026-01-09 13:45:03,387 | INFO | File: MO_H_ER09_2016_06_08_ModuleDescription_description | WER=10.937500 | S=7 D=6 I=1
2026-01-09 13:45:03,388 | INFO | ------------------------------
2026-01-09 13:45:10,518 | INFO | File: MO_H_ER43_2017_01_24_ModuleDescription_description | WER=20.353982 | S=11 D=11 I=1
2026-01-09 13:45:10,518 | INFO | ------------------------------
2026-01-09 13:45:12,138 | INFO | File: MO_F_AV06_2016_04_13_ModuleDescription_description | WER=54.098361 | S=11 D=22 I=0
2026-01-09 13:45:12,138 | INFO | ------------------------------
2026-01-09 13:45:22,084 | INFO | File: MO_H_ER43_2017_05_23_ModuleDescription_description | WER=34.972678 | S=36 D=26 I=2
2026-01-09 13:45:22,084 | INFO | ------------------------------
2026-01-09 13:45:28,161 | INFO | File: MO_F_AV17_2016_04_18_ModuleDescription_description | WER=26.041667 | S=12 D=13 I=0
2026-01-09 13:45:28,161 | INFO | ------------------------------
2026-01-09 13:45:35,386 | INFO | File: MO_H_SD30_2016_05_21_ModuleDescription_description | WER=23.684211 | S=15 D=20 I=1
2026-01-09 13:45:35,386 | INFO | ------------------------------
2026-01-09 13:45:43,572 | INFO | File: MO_F_AV21_2016_04_18_ModuleDescription_description | WER=25.000000 | S=23 D=9 I=3
2026-01-09 13:45:43,572 | INFO | ------------------------------
2026-01-09 13:45:46,844 | INFO | File: MO_H_ER49_2017_01_28_ModuleDescription_description | WER=37.373737 | S=19 D=14 I=4
2026-01-09 13:45:46,844 | INFO | ------------------------------
2026-01-09 13:45:46,844 | INFO | ===================== GLOBAL WER ======================
2026-01-09 13:45:46,844 | INFO | WER: 24.63%
2026-01-09 13:45:46,845 | INFO | =============================================================
