2026-01-21 11:55:46,201 | INFO | Fetch hyperparams.yaml: Using file found at '/vol/experiments3/imbenamor/TAPAS-FRAIS/models/asr-whisper-large-v2-commonvoice-fr/hyperparams.yaml'
2026-01-21 11:55:46,201 | DEBUG | Fetch: Source and destination '/vol/experiments3/imbenamor/TAPAS-FRAIS/models/asr-whisper-large-v2-commonvoice-fr/custom.py' are identical, returning assuming this is intended
2026-01-21 11:55:48,481 | WARNING | speechbrain.lobes.models.huggingface_transformers.huggingface - WhisperModel is frozen.
2026-01-21 11:55:48,482 | WARNING | speechbrain.lobes.models.huggingface_transformers.whisper - whisper encoder-decoder is frozen.
2026-01-21 11:55:48,874 | DEBUG | Collecting files (or symlinks) for pretraining in /vol/experiments3/imbenamor/TAPAS-FRAIS/models/asr-whisper-large-v2-commonvoice-fr.
2026-01-21 11:55:48,874 | INFO | Fetch whisper.ckpt: Using file found at '/vol/experiments3/imbenamor/TAPAS-FRAIS/models/asr-whisper-large-v2-commonvoice-fr/whisper.ckpt'
2026-01-21 11:55:48,874 | DEBUG | Set local path in self.paths["whisper"] = /vol/experiments3/imbenamor/TAPAS-FRAIS/models/asr-whisper-large-v2-commonvoice-fr/whisper.ckpt
2026-01-21 11:55:48,874 | INFO | Loading pretrained files for: whisper
2026-01-21 11:55:48,874 | DEBUG | Redirecting (loading from local path): whisper -> /vol/experiments3/imbenamor/TAPAS-FRAIS/models/asr-whisper-large-v2-commonvoice-fr/whisper.ckpt
2026-01-21 11:55:56,358 | INFO |  File duration: 51.82693877551021 seconds
2026-01-21 11:56:05,331 | INFO | Number of chunks: 2
2026-01-21 11:56:09,926 | INFO | Chunk: 0 | WER=86.585366 | S=0 D=64 I=7
2026-01-21 11:56:09,929 | INFO | Chunk: 1 | WER=63.106796 | S=11 D=53 I=1
2026-01-21 11:56:09,930 | INFO | ------------------------------
2026-01-21 11:56:09,930 | INFO | ------------------------------
2026-01-21 11:56:09,937 | INFO | File: CCM-001773-01_L01.wav | WER=73.513514 | S=11 D=117 I=8
2026-01-21 11:56:09,937 | INFO | ------------------------------
2026-01-21 11:56:09,938 | INFO |  File duration: 76.16145124716553 seconds
2026-01-21 11:56:17,268 | INFO | Number of chunks: 14
2026-01-21 11:56:27,961 | INFO | Chunk: 0 | WER=0.000000 | S=0 D=0 I=0
2026-01-21 11:56:27,961 | INFO | Chunk: 1 | WER=21.428571 | S=2 D=0 I=1
2026-01-21 11:56:27,962 | INFO | Chunk: 2 | WER=0.000000 | S=0 D=0 I=0
2026-01-21 11:56:27,962 | INFO | Chunk: 3 | WER=5.555556 | S=0 D=1 I=0
2026-01-21 11:56:27,962 | INFO | Chunk: 4 | WER=16.666667 | S=2 D=0 I=0
2026-01-21 11:56:27,963 | INFO | Chunk: 5 | WER=29.411765 | S=4 D=0 I=1
2026-01-21 11:56:27,963 | INFO | Chunk: 6 | WER=46.153846 | S=5 D=0 I=1
2026-01-21 11:56:27,963 | INFO | Chunk: 7 | WER=30.769231 | S=3 D=0 I=1
2026-01-21 11:56:27,963 | INFO | Chunk: 8 | WER=33.333333 | S=1 D=0 I=0
2026-01-21 11:56:27,963 | INFO | Chunk: 9 | WER=60.000000 | S=3 D=0 I=0
2026-01-21 11:56:27,964 | INFO | Chunk: 10 | WER=50.000000 | S=6 D=1 I=0
2026-01-21 11:56:27,964 | INFO | Chunk: 11 | WER=51.851852 | S=10 D=3 I=1
2026-01-21 11:56:27,965 | INFO | Chunk: 12 | WER=66.666667 | S=4 D=0 I=0
2026-01-21 11:56:27,965 | INFO | Chunk: 13 | WER=75.000000 | S=4 D=2 I=0
2026-01-21 11:56:27,965 | INFO | ------------------------------
2026-01-21 11:56:27,965 | INFO | ------------------------------
2026-01-21 11:56:27,979 | INFO | File: CCM-003130-01_L01.wav | WER=31.428571 | S=43 D=6 I=6
2026-01-21 11:56:27,979 | INFO | ------------------------------
2026-01-21 11:56:27,979 | INFO |  File duration: 69.47410430839003 seconds
2026-01-21 11:56:37,693 | INFO | Number of chunks: 5
2026-01-21 11:56:43,024 | INFO | Chunk: 0 | WER=72.093023 | S=3 D=59 I=0
2026-01-21 11:56:43,024 | INFO | Chunk: 1 | WER=12.500000 | S=0 D=1 I=0
2026-01-21 11:56:43,026 | INFO | Chunk: 2 | WER=62.162162 | S=8 D=37 I=1
2026-01-21 11:56:43,027 | INFO | Chunk: 3 | WER=40.000000 | S=2 D=4 I=0
2026-01-21 11:56:43,027 | INFO | Chunk: 4 | WER=66.666667 | S=5 D=1 I=0
2026-01-21 11:56:43,027 | INFO | ------------------------------
2026-01-21 11:56:43,027 | INFO | ------------------------------
2026-01-21 11:56:43,036 | INFO | File: CCM-003148-01_L01.wav | WER=59.659091 | S=18 D=86 I=1
2026-01-21 11:56:43,036 | INFO | ------------------------------
2026-01-21 11:56:43,037 | INFO |  File duration: 63.15827664399093 seconds
2026-01-21 11:56:51,823 | INFO | Number of chunks: 5
2026-01-21 11:56:59,330 | INFO | Chunk: 0 | WER=31.707317 | S=4 D=9 I=0
2026-01-21 11:56:59,331 | INFO | Chunk: 1 | WER=31.034483 | S=3 D=6 I=0
2026-01-21 11:56:59,331 | INFO | Chunk: 2 | WER=11.111111 | S=1 D=0 I=1
2026-01-21 11:56:59,334 | INFO | Chunk: 3 | WER=62.886598 | S=15 D=45 I=1
2026-01-21 11:56:59,334 | INFO | Chunk: 4 | WER=20.000000 | S=0 D=1 I=0
2026-01-21 11:56:59,334 | INFO | ------------------------------
2026-01-21 11:56:59,334 | INFO | ------------------------------
2026-01-21 11:56:59,345 | INFO | File: CCM-003346-01_L01.wav | WER=39.181287 | S=23 D=42 I=2
2026-01-21 11:56:59,345 | INFO | ------------------------------
2026-01-21 11:56:59,345 | INFO |  File duration: 84.14911564625851 seconds
2026-01-21 11:57:08,979 | INFO | Number of chunks: 7
2026-01-21 11:57:18,818 | INFO | Chunk: 0 | WER=12.500000 | S=0 D=1 I=0
2026-01-21 11:57:18,819 | INFO | Chunk: 1 | WER=0.000000 | S=0 D=0 I=0
2026-01-21 11:57:18,820 | INFO | Chunk: 2 | WER=21.621622 | S=5 D=2 I=1
2026-01-21 11:57:18,820 | INFO | Chunk: 3 | WER=22.222222 | S=1 D=5 I=2
2026-01-21 11:57:18,821 | INFO | Chunk: 4 | WER=8.695652 | S=1 D=1 I=0
2026-01-21 11:57:18,822 | INFO | Chunk: 5 | WER=32.142857 | S=6 D=3 I=0
2026-01-21 11:57:18,823 | INFO | Chunk: 6 | WER=19.512195 | S=6 D=2 I=0
2026-01-21 11:57:18,823 | INFO | ------------------------------
2026-01-21 11:57:18,823 | INFO | ------------------------------
2026-01-21 11:57:18,837 | INFO | File: CCM-003557-01_L01.wav | WER=14.689266 | S=16 D=4 I=6
2026-01-21 11:57:18,837 | INFO | ------------------------------
2026-01-21 11:57:18,837 | INFO |  File duration: 124.83047619047619 seconds
2026-01-21 11:57:31,023 | INFO | Number of chunks: 28
2026-01-21 11:57:43,028 | INFO | Chunk: 0 | WER=47.058824 | S=4 D=3 I=1
2026-01-21 11:57:43,028 | INFO | Chunk: 1 | WER=50.000000 | S=1 D=0 I=0
2026-01-21 11:57:43,029 | INFO | Chunk: 2 | WER=53.846154 | S=5 D=0 I=2
2026-01-21 11:57:43,029 | INFO | Chunk: 3 | WER=33.333333 | S=2 D=1 I=0
2026-01-21 11:57:43,029 | INFO | Chunk: 4 | WER=33.333333 | S=1 D=0 I=0
2026-01-21 11:57:43,029 | INFO | Chunk: 5 | WER=33.333333 | S=2 D=2 I=0
2026-01-21 11:57:43,030 | INFO | Chunk: 6 | WER=100.000000 | S=2 D=1 I=0
2026-01-21 11:57:43,030 | INFO | Chunk: 7 | WER=100.000000 | S=2 D=1 I=0
2026-01-21 11:57:43,030 | INFO | Chunk: 8 | WER=26.923077 | S=3 D=4 I=0
2026-01-21 11:57:43,030 | INFO | Chunk: 9 | WER=42.857143 | S=2 D=0 I=1
2026-01-21 11:57:43,031 | INFO | Chunk: 10 | WER=100.000000 | S=3 D=1 I=1
2026-01-21 11:57:43,031 | INFO | Chunk: 11 | WER=25.000000 | S=2 D=0 I=0
2026-01-21 11:57:43,031 | INFO | Chunk: 12 | WER=50.000000 | S=3 D=2 I=0
2026-01-21 11:57:43,031 | INFO | Chunk: 13 | WER=100.000000 | S=1 D=2 I=0
2026-01-21 11:57:43,031 | INFO | Chunk: 14 | WER=100.000000 | S=2 D=1 I=0
2026-01-21 11:57:43,031 | INFO | Chunk: 15 | WER=100.000000 | S=1 D=0 I=0
2026-01-21 11:57:43,032 | INFO | Chunk: 16 | WER=75.000000 | S=2 D=1 I=0
2026-01-21 11:57:43,032 | INFO | Chunk: 17 | WER=100.000000 | S=1 D=0 I=0
2026-01-21 11:57:43,032 | INFO | Chunk: 18 | WER=75.000000 | S=2 D=0 I=1
2026-01-21 11:57:43,032 | INFO | Chunk: 19 | WER=40.000000 | S=2 D=0 I=0
2026-01-21 11:57:43,032 | INFO | Chunk: 20 | WER=50.000000 | S=3 D=3 I=0
2026-01-21 11:57:43,032 | INFO | Chunk: 21 | WER=100.000000 | S=1 D=0 I=0
2026-01-21 11:57:43,033 | INFO | Chunk: 22 | WER=75.000000 | S=4 D=1 I=1
2026-01-21 11:57:43,033 | INFO | Chunk: 23 | WER=33.333333 | S=1 D=0 I=0
2026-01-21 11:57:43,033 | INFO | Chunk: 24 | WER=40.000000 | S=1 D=3 I=0
2026-01-21 11:57:43,033 | INFO | Chunk: 25 | WER=100.000000 | S=3 D=0 I=0
2026-01-21 11:57:43,033 | INFO | Chunk: 26 | WER=42.857143 | S=2 D=0 I=1
2026-01-21 11:57:43,034 | INFO | Chunk: 27 | WER=20.000000 | S=2 D=1 I=0
2026-01-21 11:57:43,034 | INFO | ------------------------------
2026-01-21 11:57:43,034 | INFO | ------------------------------
2026-01-21 11:57:43,047 | INFO | File: CCM-003733-01_L01.wav | WER=47.619048 | S=49 D=10 I=21
2026-01-21 11:57:43,048 | INFO | ------------------------------
2026-01-21 11:57:43,048 | INFO |  File duration: 73.3750566893424 seconds
2026-01-21 11:57:53,334 | INFO | Number of chunks: 11
2026-01-21 11:58:03,884 | INFO | Chunk: 0 | WER=6.250000 | S=1 D=1 I=0
2026-01-21 11:58:03,884 | INFO | Chunk: 1 | WER=22.222222 | S=2 D=0 I=0
2026-01-21 11:58:03,885 | INFO | Chunk: 2 | WER=16.666667 | S=2 D=0 I=0
2026-01-21 11:58:03,885 | INFO | Chunk: 3 | WER=20.000000 | S=3 D=0 I=0
2026-01-21 11:58:03,885 | INFO | Chunk: 4 | WER=9.090909 | S=0 D=1 I=1
2026-01-21 11:58:03,886 | INFO | Chunk: 5 | WER=20.000000 | S=1 D=0 I=0
2026-01-21 11:58:03,886 | INFO | Chunk: 6 | WER=0.000000 | S=0 D=0 I=0
2026-01-21 11:58:03,886 | INFO | Chunk: 7 | WER=33.333333 | S=2 D=2 I=0
2026-01-21 11:58:03,887 | INFO | Chunk: 8 | WER=18.750000 | S=1 D=2 I=0
2026-01-21 11:58:03,887 | INFO | Chunk: 9 | WER=0.000000 | S=0 D=0 I=0
2026-01-21 11:58:03,888 | INFO | Chunk: 10 | WER=6.896552 | S=1 D=1 I=0
2026-01-21 11:58:03,888 | INFO | ------------------------------
2026-01-21 11:58:03,888 | INFO | ------------------------------
2026-01-21 11:58:03,902 | INFO | File: CCM-003734-01_L01.wav | WER=9.604520 | S=13 D=3 I=1
2026-01-21 11:58:03,902 | INFO | ------------------------------
2026-01-21 11:58:03,902 | INFO |  File duration: 68.89360544217688 seconds
2026-01-21 11:58:11,003 | INFO | Number of chunks: 8
2026-01-21 11:58:21,874 | INFO | Chunk: 0 | WER=12.500000 | S=0 D=1 I=3
2026-01-21 11:58:21,874 | INFO | Chunk: 1 | WER=30.000000 | S=2 D=1 I=0
2026-01-21 11:58:21,875 | INFO | Chunk: 2 | WER=100.000000 | S=7 D=2 I=0
2026-01-21 11:58:21,876 | INFO | Chunk: 3 | WER=34.146341 | S=6 D=8 I=0
2026-01-21 11:58:21,876 | INFO | Chunk: 4 | WER=14.285714 | S=1 D=0 I=0
2026-01-21 11:58:21,877 | INFO | Chunk: 5 | WER=14.285714 | S=4 D=1 I=0
2026-01-21 11:58:21,877 | INFO | Chunk: 6 | WER=35.294118 | S=4 D=2 I=0
2026-01-21 11:58:21,878 | INFO | Chunk: 7 | WER=42.857143 | S=8 D=8 I=2
2026-01-21 11:58:21,878 | INFO | ------------------------------
2026-01-21 11:58:21,878 | INFO | ------------------------------
2026-01-21 11:58:21,892 | INFO | File: CCM-003848-01_L01.wav | WER=29.378531 | S=34 D=10 I=8
2026-01-21 11:58:21,892 | INFO | ------------------------------
2026-01-21 11:58:21,892 | INFO | ===================== GLOBAL WER ======================
2026-01-21 11:58:21,892 | INFO | The number of files is 8
2026-01-21 11:58:21,892 | INFO | WER: 38.13%
2026-01-21 11:58:21,893 | INFO | =============================================================
