2026-01-12 15:39:29,427 | INFO | File: MO_H_ER48_2017_01_28_ModuleDescription_description | WER=21.367521 | S=14 D=9 I=2
2026-01-12 15:39:29,427 | INFO | ------------------------------
2026-01-12 15:39:29,436 | INFO | File: MO_F_ER19_2016_04_10_ModuleDescription_description | WER=10.810811 | S=5 D=1 I=2
2026-01-12 15:39:29,436 | INFO | ------------------------------
2026-01-12 15:39:29,523 | INFO | File: MO_H_SD36_2016_06_23_ModuleDescription_description | WER=14.685315 | S=16 D=5 I=0
2026-01-12 15:39:29,523 | INFO | ------------------------------
2026-01-12 15:39:29,560 | INFO | File: MO_H_SD11_2016_04_25_ModuleDescription_description | WER=18.859649 | S=29 D=7 I=7
2026-01-12 15:39:29,560 | INFO | ------------------------------
2026-01-12 15:39:29,590 | INFO | File: MO_H_AV18_2016_04_18_ModuleDescription_description | WER=26.582278 | S=8 D=11 I=2
2026-01-12 15:39:29,590 | INFO | ------------------------------
2026-01-12 15:39:29,597 | INFO | File: MO_F_ER02_2016_04_04_ModuleDescription_description | WER=25.581395 | S=5 D=1 I=5
2026-01-12 15:39:29,597 | INFO | ------------------------------
2026-01-12 15:39:29,623 | INFO | File: MO_F_SD24_2016_05_03_ModuleDescription_description | WER=18.817204 | S=19 D=13 I=3
2026-01-12 15:39:29,623 | INFO | ------------------------------
2026-01-12 15:39:29,645 | INFO | File: MO_H_ER24_2016_04_15_ModuleDescription_description | WER=26.875000 | S=21 D=13 I=9
2026-01-12 15:39:29,645 | INFO | ------------------------------
2026-01-12 15:39:29,678 | INFO | File: MO_F_AV27_2016_05_14_ModuleDescription_description | WER=20.388350 | S=25 D=15 I=2
2026-01-12 15:39:29,678 | INFO | ------------------------------
2026-01-12 15:39:29,688 | INFO | File: MO_F_SD22_2016_05_03_ModuleDescription_description | WER=21.686747 | S=12 D=3 I=3
2026-01-12 15:39:29,688 | INFO | ------------------------------
2026-01-12 15:39:29,900 | INFO | File: MO_F_SD33_2016_06_22_ModuleDescription_description | WER=36.994220 | S=121 D=108 I=27
2026-01-12 15:39:29,900 | INFO | ------------------------------
2026-01-12 15:39:29,945 | INFO | File: MO_F_AV09_2016_04_15_ModuleDescription_description | WER=31.698113 | S=39 D=39 I=6
2026-01-12 15:39:29,945 | INFO | ------------------------------
2026-01-12 15:39:29,963 | INFO | File: MO_H_ER09_2016_04_07_ModuleDescription_description | WER=23.846154 | S=22 D=4 I=5
2026-01-12 15:39:29,963 | INFO | ------------------------------
2026-01-12 15:39:29,979 | INFO | File: MO_F_AV25_2016_05_14_ModuleDescription_description | WER=13.008130 | S=13 D=2 I=1
2026-01-12 15:39:29,979 | INFO | ------------------------------
2026-01-12 15:39:30,013 | INFO | File: MO_H_ER47_2017_03_31_ModuleDescription_description | WER=41.850220 | S=46 D=33 I=16
2026-01-12 15:39:30,013 | INFO | ------------------------------
2026-01-12 15:39:30,108 | INFO | File: MO_H_SD13_2016_08_13_ModuleDescription_description | WER=15.903614 | S=44 D=16 I=6
2026-01-12 15:39:30,108 | INFO | ------------------------------
2026-01-12 15:39:30,135 | INFO | File: MO_H_ER47_2017_01_27_ModuleDescription_description | WER=41.626794 | S=34 D=50 I=3
2026-01-12 15:39:30,135 | INFO | ------------------------------
2026-01-12 15:39:30,154 | INFO | File: MO_F_ER08_2016_06_08_ModuleDescription_description | WER=31.972789 | S=30 D=16 I=1
2026-01-12 15:39:30,154 | INFO | ------------------------------
2026-01-12 15:39:30,195 | INFO | File: MO_F_AV01_2016_04_08_ModuleDescription_description | WER=13.469388 | S=23 D=8 I=2
2026-01-12 15:39:30,195 | INFO | ------------------------------
2026-01-12 15:39:30,204 | INFO | File: MO_H_ER40_2017_01_24_ModuleDescription_description | WER=21.428571 | S=7 D=3 I=2
2026-01-12 15:39:30,204 | INFO | ------------------------------
2026-01-12 15:39:30,215 | INFO | File: MO_H_AV10_2016_04_15_ModuleDescription_description | WER=18.085106 | S=8 D=3 I=6
2026-01-12 15:39:30,215 | INFO | ------------------------------
2026-01-12 15:39:30,224 | INFO | File: MO_H_AV24_2016_05_14_ModuleDescription_description | WER=14.117647 | S=7 D=5 I=0
2026-01-12 15:39:30,224 | INFO | ------------------------------
2026-01-12 15:39:30,247 | INFO | File: MO_F_SD18_2016_05_02_ModuleDescription_description | WER=16.666667 | S=18 D=7 I=3
2026-01-12 15:39:30,247 | INFO | ------------------------------
2026-01-12 15:39:30,268 | INFO | File: MO_F_ER08_2016_04_07_ModuleDescription_description | WER=25.786164 | S=24 D=15 I=2
2026-01-12 15:39:30,268 | INFO | ------------------------------
2026-01-12 15:39:30,284 | INFO | File: MO_F_AV14_2016_04_18_ModuleDescription_description | WER=59.375000 | S=21 D=4 I=13
2026-01-12 15:39:30,285 | INFO | ------------------------------
2026-01-12 15:39:30,300 | INFO | File: MO_H_ER48_2017_04_08_ModuleDescription_description | WER=21.428571 | S=10 D=8 I=6
2026-01-12 15:39:30,300 | INFO | ------------------------------
2026-01-12 15:39:30,326 | INFO | File: MO_H_ER23_2016_04_14_ModuleDescription_description | WER=25.000000 | S=19 D=18 I=4
2026-01-12 15:39:30,326 | INFO | ------------------------------
2026-01-12 15:39:30,349 | INFO | File: MO_H_AV22_2016_04_19_ModuleDescription_description | WER=22.435897 | S=26 D=6 I=3
2026-01-12 15:39:30,349 | INFO | ------------------------------
2026-01-12 15:39:30,370 | INFO | File: MO_H_ER17_2016_04_08_ModuleDescription_description | WER=27.044025 | S=25 D=14 I=4
2026-01-12 15:39:30,370 | INFO | ------------------------------
2026-01-12 15:39:30,395 | INFO | File: MO_F_SD28_2016_05_20_ModuleDescription_description | WER=31.182796 | S=27 D=28 I=3
2026-01-12 15:39:30,395 | INFO | ------------------------------
2026-01-12 15:39:30,412 | INFO | File: MO_H_AV33_2016_06_06_ModuleDescription_description | WER=27.272727 | S=19 D=10 I=7
2026-01-12 15:39:30,412 | INFO | ------------------------------
2026-01-12 15:39:30,434 | INFO | File: MO_F_AV26_2016_05_14_ModuleDescription_description | WER=43.093923 | S=29 D=49 I=0
2026-01-12 15:39:30,434 | INFO | ------------------------------
2026-01-12 15:39:30,442 | INFO | File: MO_H_AV38_2016_06_10_ModuleDescription_description | WER=20.000000 | S=9 D=5 I=1
2026-01-12 15:39:30,442 | INFO | ------------------------------
2026-01-12 15:39:30,464 | INFO | File: MO_F_AV23_2016_04_19_ModuleDescription_description | WER=30.722892 | S=25 D=22 I=4
2026-01-12 15:39:30,464 | INFO | ------------------------------
2026-01-12 15:39:30,491 | INFO | File: MO_F_SD32_2016_06_16_ModuleDescription_description | WER=28.248588 | S=28 D=8 I=14
2026-01-12 15:39:30,491 | INFO | ------------------------------
2026-01-12 15:39:30,499 | INFO | File: MO_F_ER16_2016_04_08_ModuleDescription_description | WER=22.500000 | S=7 D=10 I=1
2026-01-12 15:39:30,499 | INFO | ------------------------------
2026-01-12 15:39:30,510 | INFO | File: MO_H_ER49_2017_06_08_ModuleDescription_description | WER=24.742268 | S=16 D=4 I=4
2026-01-12 15:39:30,511 | INFO | ------------------------------
2026-01-12 15:39:30,514 | INFO | File: MO_F_ER02_2016_06_08_ModuleDescription_description | WER=51.428571 | S=11 D=4 I=3
2026-01-12 15:39:30,514 | INFO | ------------------------------
2026-01-12 15:39:30,537 | INFO | File: MO_H_AV30_2016_06_05_ModuleDescription_description | WER=20.714286 | S=15 D=11 I=3
2026-01-12 15:39:30,537 | INFO | ------------------------------
2026-01-12 15:39:30,695 | INFO | File: MO_F_SD12_2016_04_25_ModuleDescription_description | WER=26.371681 | S=76 D=49 I=24
2026-01-12 15:39:30,695 | INFO | ------------------------------
2026-01-12 15:39:30,740 | INFO | File: MO_H_SD25_2016_05_12_ModuleDescription_description | WER=13.934426 | S=13 D=19 I=2
2026-01-12 15:39:30,741 | INFO | ------------------------------
2026-01-12 15:39:30,812 | INFO | File: MO_H_SD13_2016_04_25_ModuleDescription_description | WER=16.909621 | S=29 D=7 I=22
2026-01-12 15:39:30,812 | INFO | ------------------------------
2026-01-12 15:39:30,842 | INFO | File: MO_F_SD38_2016_06_28_ModuleDescription_description | WER=30.049261 | S=35 D=21 I=5
2026-01-12 15:39:30,842 | INFO | ------------------------------
2026-01-12 15:39:30,899 | INFO | File: MO_F_ER18_2016_04_08_ModuleDescription_description | WER=13.576159 | S=23 D=12 I=6
2026-01-12 15:39:30,900 | INFO | ------------------------------
2026-01-12 15:39:30,904 | INFO | File: MO_F_ER06_2016_04_06_ModuleDescription_description | WER=68.750000 | S=20 D=11 I=2
2026-01-12 15:39:30,904 | INFO | ------------------------------
2026-01-12 15:39:30,917 | INFO | File: MO_F_ER22_2016_04_12_ModuleDescription_description | WER=53.658537 | S=31 D=33 I=2
2026-01-12 15:39:30,917 | INFO | ------------------------------
2026-01-12 15:39:30,938 | INFO | File: MO_H_ER27_2016_04_18_ModuleDescription_description | WER=11.764706 | S=8 D=8 I=2
2026-01-12 15:39:30,938 | INFO | ------------------------------
2026-01-12 15:39:30,955 | INFO | File: MO_H_ER40_2017_05_23_ModuleDescription_description | WER=28.358209 | S=20 D=16 I=2
2026-01-12 15:39:30,955 | INFO | ------------------------------
2026-01-12 15:39:30,964 | INFO | File: MO_F_SD19_2016_05_02_ModuleDescription_description | WER=28.735632 | S=12 D=12 I=1
2026-01-12 15:39:30,964 | INFO | ------------------------------
2026-01-12 15:39:30,991 | INFO | File: MO_F_ER10_2016_04_07_ModuleDescription_description | WER=21.827411 | S=23 D=16 I=4
2026-01-12 15:39:30,991 | INFO | ------------------------------
2026-01-12 15:39:31,016 | INFO | File: MO_H_ER41_2017_01_24_ModuleDescription_description | WER=14.649682 | S=15 D=1 I=7
2026-01-12 15:39:31,016 | INFO | ------------------------------
2026-01-12 15:39:31,053 | INFO | File: MO_H_AV22_2016_06_09_ModuleDescription_description | WER=17.180617 | S=25 D=11 I=3
2026-01-12 15:39:31,053 | INFO | ------------------------------
2026-01-12 15:39:31,092 | INFO | File: MO_F_SD35_2016_06_23_ModuleDescription_description | WER=35.114504 | S=49 D=42 I=1
2026-01-12 15:39:31,092 | INFO | ------------------------------
2026-01-12 15:39:31,104 | INFO | File: MO_H_SD07_2016_04_22_ModuleDescription_description | WER=44.444444 | S=17 D=15 I=0
2026-01-12 15:39:31,104 | INFO | ------------------------------
2026-01-12 15:39:31,529 | INFO | File: MO_F_AV36_2016_06_07_ModuleDescription_description | WER=28.627451 | S=135 D=140 I=17
2026-01-12 15:39:31,529 | INFO | ------------------------------
2026-01-12 15:39:31,542 | INFO | File: MO_H_ER41_2017_05_29_ModuleDescription_description | WER=11.650485 | S=10 D=2 I=0
2026-01-12 15:39:31,542 | INFO | ------------------------------
2026-01-12 15:39:31,550 | INFO | File: MO_H_AV19_2016_04_18_ModuleDescription_description | WER=36.111111 | S=11 D=7 I=8
2026-01-12 15:39:31,550 | INFO | ------------------------------
2026-01-12 15:39:31,567 | INFO | File: MO_F_SD08_2016_04_22_ModuleDescription_description | WER=31.496063 | S=18 D=8 I=14
2026-01-12 15:39:31,567 | INFO | ------------------------------
2026-01-12 15:39:31,585 | INFO | File: MO_F_ER26_2016_04_18_ModuleDescription_description | WER=26.530612 | S=17 D=19 I=3
2026-01-12 15:39:31,585 | INFO | ------------------------------
2026-01-12 15:39:31,602 | INFO | File: MO_H_AV37_2016_06_08_ModuleDescription_description | WER=26.126126 | S=13 D=13 I=3
2026-01-12 15:39:31,602 | INFO | ------------------------------
2026-01-12 15:39:31,619 | INFO | File: MO_H_ER09_2016_06_08_ModuleDescription_description | WER=14.843750 | S=11 D=7 I=1
2026-01-12 15:39:31,619 | INFO | ------------------------------
2026-01-12 15:39:31,633 | INFO | File: MO_H_ER43_2017_01_24_ModuleDescription_description | WER=23.008850 | S=14 D=9 I=3
2026-01-12 15:39:31,633 | INFO | ------------------------------
2026-01-12 15:39:31,639 | INFO | File: MO_F_AV06_2016_04_13_ModuleDescription_description | WER=68.852459 | S=20 D=16 I=6
2026-01-12 15:39:31,639 | INFO | ------------------------------
2026-01-12 15:39:31,669 | INFO | File: MO_H_ER43_2017_05_23_ModuleDescription_description | WER=30.054645 | S=32 D=18 I=5
2026-01-12 15:39:31,669 | INFO | ------------------------------
2026-01-12 15:39:31,681 | INFO | File: MO_F_AV17_2016_04_18_ModuleDescription_description | WER=20.833333 | S=8 D=10 I=2
2026-01-12 15:39:31,681 | INFO | ------------------------------
2026-01-12 15:39:31,700 | INFO | File: MO_H_SD30_2016_05_21_ModuleDescription_description | WER=25.000000 | S=16 D=14 I=8
2026-01-12 15:39:31,700 | INFO | ------------------------------
2026-01-12 15:39:31,719 | INFO | File: MO_F_AV21_2016_04_18_ModuleDescription_description | WER=30.000000 | S=22 D=10 I=10
2026-01-12 15:39:31,719 | INFO | ------------------------------
2026-01-12 15:39:31,730 | INFO | File: MO_H_ER49_2017_01_28_ModuleDescription_description | WER=28.282828 | S=16 D=6 I=6
2026-01-12 15:39:31,730 | INFO | ------------------------------
2026-01-12 15:39:31,730 | INFO | ===================== GLOBAL WER ======================
2026-01-12 15:39:31,730 | INFO | WER: 26.97%
2026-01-12 15:39:31,730 | INFO | =============================================================
