2026-01-12 14:53:52,783 | INFO | File: Rhap-D0020-Pro | WER=23.076923 | S=15 D=4 I=5
2026-01-12 14:53:52,783 | INFO | ------------------------------
2026-01-12 14:53:53,278 | INFO | File: Rhap-D2002-Pro | WER=30.592105 | S=173 D=72 I=34
2026-01-12 14:53:53,278 | INFO | ------------------------------
2026-01-12 14:53:53,324 | INFO | File: Rhap-M0009-Pro | WER=47.906977 | S=64 D=22 I=17
2026-01-12 14:53:53,324 | INFO | ------------------------------
2026-01-12 14:53:53,346 | INFO | File: Rhap-D0017-Pro | WER=28.181818 | S=20 D=6 I=5
2026-01-12 14:53:53,346 | INFO | ------------------------------
2026-01-12 14:53:53,419 | INFO | File: Rhap-D2006-Pro | WER=49.159664 | S=32 D=8 I=77
2026-01-12 14:53:53,419 | INFO | ------------------------------
2026-01-12 14:53:53,462 | INFO | File: Rhap-M0002-Pro | WER=30.808081 | S=41 D=11 I=9
2026-01-12 14:53:53,462 | INFO | ------------------------------
2026-01-12 14:53:53,996 | INFO | File: Rhap-D2009-Pro | WER=10.311284 | S=55 D=36 I=15
2026-01-12 14:53:53,996 | INFO | ------------------------------
2026-01-12 14:53:54,069 | INFO | File: Rhap-M0023-Pro | WER=40.000000 | S=65 D=56 I=7
2026-01-12 14:53:54,070 | INFO | ------------------------------
2026-01-12 14:53:54,584 | INFO | File: Rhap-D0001-Pro | WER=53.435115 | S=339 D=184 I=37
2026-01-12 14:53:54,584 | INFO | ------------------------------
2026-01-12 14:53:54,997 | INFO | File: Rhap-D0005-Pro | WER=38.775510 | S=165 D=168 I=28
2026-01-12 14:53:54,997 | INFO | ------------------------------
2026-01-12 14:53:55,050 | INFO | File: Rhap-M0016-Pro | WER=32.916667 | S=51 D=20 I=8
2026-01-12 14:53:55,050 | INFO | ------------------------------
2026-01-12 14:53:55,139 | INFO | File: Rhap-M0003-Pro | WER=21.345029 | S=39 D=25 I=9
2026-01-12 14:53:55,139 | INFO | ------------------------------
2026-01-12 14:53:55,787 | INFO | File: Rhap-D0004-Pro | WER=21.162186 | S=113 D=91 I=40
2026-01-12 14:53:55,787 | INFO | ------------------------------
2026-01-12 14:53:56,327 | INFO | File: Rhap-D2005-Pro | WER=18.544367 | S=118 D=41 I=27
2026-01-12 14:53:56,328 | INFO | ------------------------------
2026-01-12 14:53:56,906 | INFO | File: Rhap-D0002-Pro | WER=24.172518 | S=127 D=81 I=33
2026-01-12 14:53:56,906 | INFO | ------------------------------
2026-01-12 14:53:56,926 | INFO | File: Rhap-M0006-Pro | WER=27.678571 | S=23 D=6 I=2
2026-01-12 14:53:56,926 | INFO | ------------------------------
2026-01-12 14:53:57,075 | INFO | File: Rhap-D1002-Pro | WER=24.543611 | S=65 D=48 I=8
2026-01-12 14:53:57,075 | INFO | ------------------------------
2026-01-12 14:53:57,588 | INFO | File: Rhap-D1001-Pro | WER=21.251241 | S=115 D=71 I=28
2026-01-12 14:53:57,588 | INFO | ------------------------------
2026-01-12 14:53:57,596 | INFO | File: Rhap-M0004-Pro | WER=48.888889 | S=16 D=6 I=0
2026-01-12 14:53:57,596 | INFO | ------------------------------
2026-01-12 14:53:58,114 | INFO | File: Rhap-D2012-Pro | WER=24.674022 | S=158 D=47 I=41
2026-01-12 14:53:58,114 | INFO | ------------------------------
2026-01-12 14:53:58,679 | INFO | File: Rhap-D2010-Pro | WER=29.574861 | S=203 D=89 I=28
2026-01-12 14:53:58,679 | INFO | ------------------------------
2026-01-12 14:53:58,719 | INFO | File: Rhap-M0019-Pro | WER=31.382979 | S=34 D=14 I=11
2026-01-12 14:53:58,719 | INFO | ------------------------------
2026-01-12 14:53:58,815 | INFO | File: Rhap-M2005-Pro | WER=16.045845 | S=37 D=10 I=9
2026-01-12 14:53:58,815 | INFO | ------------------------------
2026-01-12 14:53:58,914 | INFO | File: Rhap-M1001-Pro | WER=28.051948 | S=57 D=42 I=9
2026-01-12 14:53:58,914 | INFO | ------------------------------
2026-01-12 14:53:58,951 | INFO | File: Rhap-M0007-Pro | WER=32.000000 | S=28 D=20 I=8
2026-01-12 14:53:58,951 | INFO | ------------------------------
2026-01-12 14:53:59,760 | INFO | File: Rhap-M2004-Pro | WER=7.698476 | S=78 D=7 I=11
2026-01-12 14:53:59,760 | INFO | ------------------------------
2026-01-12 14:54:00,340 | INFO | File: Rhap-D2011-Pro | WER=21.634615 | S=158 D=43 I=24
2026-01-12 14:54:00,340 | INFO | ------------------------------
2026-01-12 14:54:00,530 | INFO | File: Rhap-D1003-Pro | WER=43.760984 | S=166 D=67 I=16
2026-01-12 14:54:00,530 | INFO | ------------------------------
2026-01-12 14:54:01,079 | INFO | File: Rhap-D0003-Pro | WER=31.983385 | S=176 D=106 I=26
2026-01-12 14:54:01,079 | INFO | ------------------------------
2026-01-12 14:54:03,059 | INFO | File: Rhap-D2008-Pro | WER=13.834371 | S=162 D=91 I=36
2026-01-12 14:54:03,059 | INFO | ------------------------------
2026-01-12 14:54:03,121 | INFO | File: Rhap-M0018-Pro | WER=26.459144 | S=43 D=14 I=11
2026-01-12 14:54:03,121 | INFO | ------------------------------
2026-01-12 14:54:03,903 | INFO | File: Rhap-D0006-Pro | WER=33.635676 | S=210 D=204 I=31
2026-01-12 14:54:03,903 | INFO | ------------------------------
2026-01-12 14:54:03,957 | INFO | File: Rhap-M0022-Pro | WER=36.888889 | S=41 D=18 I=24
2026-01-12 14:54:03,957 | INFO | ------------------------------
2026-01-12 14:54:04,391 | INFO | File: Rhap-D2004-Pro | WER=39.820359 | S=114 D=268 I=17
2026-01-12 14:54:04,391 | INFO | ------------------------------
2026-01-12 14:54:04,419 | INFO | File: Rhap-M0001-Pro | WER=40.579710 | S=42 D=9 I=5
2026-01-12 14:54:04,419 | INFO | ------------------------------
2026-01-12 14:54:04,616 | INFO | File: Rhap-M2001-Pro | WER=6.505576 | S=26 D=6 I=3
2026-01-12 14:54:04,616 | INFO | ------------------------------
2026-01-12 14:54:05,166 | INFO | File: Rhap-D2007-Pro | WER=34.534535 | S=215 D=116 I=14
2026-01-12 14:54:05,166 | INFO | ------------------------------
2026-01-12 14:54:05,198 | INFO | File: Rhap-M0011-Pro | WER=22.641509 | S=25 D=4 I=7
2026-01-12 14:54:05,199 | INFO | ------------------------------
2026-01-12 14:54:05,577 | INFO | File: Rhap-M1003-Pro | WER=20.197044 | S=97 D=48 I=19
2026-01-12 14:54:05,577 | INFO | ------------------------------
2026-01-12 14:54:05,603 | INFO | File: Rhap-M0024-Pro | WER=21.212121 | S=18 D=7 I=3
2026-01-12 14:54:05,604 | INFO | ------------------------------
2026-01-12 14:54:07,423 | INFO | File: Rhap-D2001-Pro | WER=19.959779 | S=242 D=90 I=65
2026-01-12 14:54:07,424 | INFO | ------------------------------
2026-01-12 14:54:07,687 | INFO | File: Rhap-D2013-Pro | WER=9.375000 | S=49 D=5 I=6
2026-01-12 14:54:07,687 | INFO | ------------------------------
2026-01-12 14:54:08,496 | INFO | File: Rhap-M2002-Pro | WER=17.265088 | S=122 D=74 I=30
2026-01-12 14:54:08,496 | INFO | ------------------------------
2026-01-12 14:54:08,750 | INFO | File: Rhap-D0008-Pro | WER=22.575758 | S=88 D=47 I=14
2026-01-12 14:54:08,750 | INFO | ------------------------------
2026-01-12 14:54:09,159 | INFO | File: Rhap-M2003-Pro | WER=9.215956 | S=55 D=7 I=5
2026-01-12 14:54:09,160 | INFO | ------------------------------
2026-01-12 14:54:09,188 | INFO | File: Rhap-M0005-Pro | WER=21.276596 | S=17 D=5 I=8
2026-01-12 14:54:09,188 | INFO | ------------------------------
2026-01-12 14:54:09,880 | INFO | File: Rhap-D0009-Pro | WER=44.516129 | S=319 D=194 I=39
2026-01-12 14:54:09,880 | INFO | ------------------------------
2026-01-12 14:54:09,922 | INFO | File: Rhap-M0021-Pro | WER=33.146067 | S=37 D=6 I=16
2026-01-12 14:54:09,922 | INFO | ------------------------------
2026-01-12 14:54:10,775 | INFO | File: Rhap-D2003-Pro | WER=39.022556 | S=313 D=120 I=86
2026-01-12 14:54:10,775 | INFO | ------------------------------
2026-01-12 14:54:10,792 | INFO | File: Rhap-M0014-Pro | WER=25.882353 | S=14 D=6 I=2
2026-01-12 14:54:10,792 | INFO | ------------------------------
2026-01-12 14:54:10,808 | INFO | File: Rhap-M0015-Pro | WER=32.911392 | S=22 D=2 I=2
2026-01-12 14:54:10,808 | INFO | ------------------------------
2026-01-12 14:54:12,014 | INFO | File: Rhap-M2006-Pro | WER=201.337449 | S=87 D=17 I=1853
2026-01-12 14:54:12,014 | INFO | ------------------------------
2026-01-12 14:54:12,042 | INFO | File: Rhap-D0007-Pro | WER=39.583333 | S=32 D=23 I=2
2026-01-12 14:54:12,042 | INFO | ------------------------------
2026-01-12 14:54:12,079 | INFO | File: Rhap-M0013-Pro | WER=32.954545 | S=27 D=9 I=22
2026-01-12 14:54:12,079 | INFO | ------------------------------
2026-01-12 14:54:12,089 | INFO | File: Rhap-M0012-Pro | WER=46.153846 | S=16 D=0 I=8
2026-01-12 14:54:12,089 | INFO | ------------------------------
2026-01-12 14:54:12,099 | INFO | File: Rhap-M0008-Pro | WER=26.315789 | S=4 D=3 I=8
2026-01-12 14:54:12,099 | INFO | ------------------------------
2026-01-12 14:54:12,110 | INFO | File: Rhap-M0010-Pro | WER=65.079365 | S=26 D=13 I=2
2026-01-12 14:54:12,110 | INFO | ------------------------------
2026-01-12 14:54:12,110 | INFO | ===================== GLOBAL WER ======================
2026-01-12 14:54:12,110 | INFO | WER: 32.32%
2026-01-12 14:54:12,111 | INFO | =============================================================
