2026-01-19 16:06:30,052 | INFO | Fetch hyperparams.yaml: Using file found at '/vol/experiments3/imbenamor/TAPAS-FRAIS/models/asr-whisper-large-v2-commonvoice-fr/hyperparams.yaml'
2026-01-19 16:06:30,053 | DEBUG | Fetch: Source and destination '/vol/experiments3/imbenamor/TAPAS-FRAIS/models/asr-whisper-large-v2-commonvoice-fr/custom.py' are identical, returning assuming this is intended
2026-01-19 16:06:53,511 | WARNING | speechbrain.lobes.models.huggingface_transformers.huggingface - WhisperModel is frozen.
2026-01-19 16:06:53,511 | WARNING | speechbrain.lobes.models.huggingface_transformers.whisper - whisper encoder-decoder is frozen.
2026-01-19 16:06:53,906 | DEBUG | Collecting files (or symlinks) for pretraining in /vol/experiments3/imbenamor/TAPAS-FRAIS/models/asr-whisper-large-v2-commonvoice-fr.
2026-01-19 16:06:53,906 | INFO | Fetch whisper.ckpt: Using file found at '/vol/experiments3/imbenamor/TAPAS-FRAIS/models/asr-whisper-large-v2-commonvoice-fr/whisper.ckpt'
2026-01-19 16:06:53,907 | DEBUG | Set local path in self.paths["whisper"] = /vol/experiments3/imbenamor/TAPAS-FRAIS/models/asr-whisper-large-v2-commonvoice-fr/whisper.ckpt
2026-01-19 16:06:53,907 | INFO | Loading pretrained files for: whisper
2026-01-19 16:06:53,907 | DEBUG | Redirecting (loading from local path): whisper -> /vol/experiments3/imbenamor/TAPAS-FRAIS/models/asr-whisper-large-v2-commonvoice-fr/whisper.ckpt
2026-01-19 16:07:03,573 | INFO |  File duration: 116.70349206349206 seconds
2026-01-19 16:07:15,483 | INFO | Number of chunks: 12
2026-01-19 16:07:26,418 | INFO | Chunk: 0 | WER=5.000000 | S=1 D=0 I=0
2026-01-19 16:07:26,419 | INFO | Chunk: 1 | WER=0.000000 | S=0 D=0 I=0
2026-01-19 16:07:26,419 | INFO | Chunk: 2 | WER=2.777778 | S=0 D=1 I=0
2026-01-19 16:07:26,420 | INFO | Chunk: 3 | WER=18.750000 | S=1 D=2 I=0
2026-01-19 16:07:26,420 | INFO | Chunk: 4 | WER=0.000000 | S=0 D=0 I=0
2026-01-19 16:07:26,421 | INFO | Chunk: 5 | WER=3.225806 | S=0 D=1 I=0
2026-01-19 16:07:26,421 | INFO | Chunk: 6 | WER=18.750000 | S=2 D=1 I=0
2026-01-19 16:07:26,422 | INFO | Chunk: 7 | WER=10.000000 | S=0 D=1 I=0
2026-01-19 16:07:26,422 | INFO | Chunk: 8 | WER=0.000000 | S=0 D=0 I=0
2026-01-19 16:07:26,422 | INFO | Chunk: 9 | WER=7.142857 | S=1 D=0 I=0
2026-01-19 16:07:26,423 | INFO | Chunk: 10 | WER=9.090909 | S=2 D=0 I=0
2026-01-19 16:07:26,423 | INFO | Chunk: 11 | WER=13.636364 | S=0 D=3 I=0
2026-01-19 16:07:26,423 | INFO | ------------------------------
2026-01-19 16:07:26,423 | INFO | ------------------------------
2026-01-19 16:07:26,447 | INFO | File: MO_F_AV01_2016_04_08_ModuleDescription_description.wav | WER=6.530612 | S=7 D=9 I=0
2026-01-19 16:07:26,447 | INFO | ------------------------------
2026-01-19 16:07:26,448 | INFO |  File duration: 27.353106575963718 seconds
2026-01-19 16:07:28,644 | INFO | Number of chunks: 6
2026-01-19 16:07:30,951 | INFO | Chunk: 0 | WER=150.000000 | S=2 D=0 I=1
2026-01-19 16:07:30,951 | INFO | Chunk: 1 | WER=21.428571 | S=0 D=3 I=0
2026-01-19 16:07:30,952 | INFO | Chunk: 2 | WER=26.666667 | S=3 D=1 I=0
2026-01-19 16:07:30,952 | INFO | Chunk: 3 | WER=25.000000 | S=2 D=2 I=1
2026-01-19 16:07:30,952 | INFO | Chunk: 5 | WER=71.428571 | S=0 D=4 I=1
2026-01-19 16:07:30,952 | INFO | ------------------------------
2026-01-19 16:07:30,952 | INFO | ------------------------------
2026-01-19 16:07:30,955 | INFO | File: MO_F_AV06_2016_04_13_ModuleDescription_description.wav | WER=34.482759 | S=8 D=9 I=3
2026-01-19 16:07:30,955 | INFO | ------------------------------
2026-01-19 16:07:30,955 | INFO |  File duration: 90.53460317460318 seconds
2026-01-19 16:07:40,579 | INFO | Number of chunks: 5
2026-01-19 16:07:48,642 | INFO | Chunk: 0 | WER=25.000000 | S=0 D=1 I=0
2026-01-19 16:07:48,644 | INFO | Chunk: 1 | WER=58.441558 | S=34 D=5 I=6
2026-01-19 16:07:48,646 | INFO | Chunk: 2 | WER=33.823529 | S=1 D=22 I=0
2026-01-19 16:07:48,650 | INFO | Chunk: 3 | WER=53.097345 | S=8 D=52 I=0
2026-01-19 16:07:48,650 | INFO | Chunk: 4 | WER=100.000000 | S=1 D=0 I=0
2026-01-19 16:07:48,650 | INFO | ------------------------------
2026-01-19 16:07:48,650 | INFO | ------------------------------
2026-01-19 16:07:48,670 | INFO | File: MO_F_AV09_2016_04_15_ModuleDescription_description.wav | WER=49.429658 | S=44 D=80 I=6
2026-01-19 16:07:48,670 | INFO | ------------------------------
2026-01-19 16:07:48,670 | INFO |  File duration: 75.62739229024943 seconds
2026-01-19 16:07:52,353 | INFO | Number of chunks: 18
2026-01-19 16:07:56,754 | INFO | Chunk: 0 | WER=75.000000 | S=0 D=1 I=2
2026-01-19 16:07:56,754 | INFO | Chunk: 1 | WER=150.000000 | S=2 D=0 I=1
2026-01-19 16:07:56,754 | INFO | Chunk: 2 | WER=50.000000 | S=2 D=0 I=0
2026-01-19 16:07:56,755 | INFO | Chunk: 3 | WER=50.000000 | S=1 D=0 I=0
2026-01-19 16:07:56,755 | INFO | Chunk: 5 | WER=27.272727 | S=2 D=0 I=1
2026-01-19 16:07:56,755 | INFO | Chunk: 6 | WER=100.000000 | S=6 D=0 I=0
2026-01-19 16:07:56,755 | INFO | Chunk: 7 | WER=0.000000 | S=0 D=0 I=0
2026-01-19 16:07:56,755 | INFO | Chunk: 8 | WER=40.000000 | S=2 D=0 I=0
2026-01-19 16:07:56,755 | INFO | Chunk: 9 | WER=75.000000 | S=2 D=1 I=0
2026-01-19 16:07:56,756 | INFO | Chunk: 10 | WER=0.000000 | S=0 D=0 I=0
2026-01-19 16:07:56,756 | INFO | Chunk: 11 | WER=50.000000 | S=1 D=0 I=0
2026-01-19 16:07:56,756 | INFO | Chunk: 12 | WER=66.666667 | S=1 D=1 I=0
2026-01-19 16:07:56,756 | INFO | Chunk: 13 | WER=85.714286 | S=4 D=2 I=0
2026-01-19 16:07:56,756 | INFO | Chunk: 14 | WER=100.000000 | S=1 D=2 I=0
2026-01-19 16:07:56,756 | INFO | Chunk: 15 | WER=100.000000 | S=1 D=2 I=0
2026-01-19 16:07:56,756 | INFO | Chunk: 16 | WER=0.000000 | S=0 D=0 I=0
2026-01-19 16:07:56,756 | INFO | ------------------------------
2026-01-19 16:07:56,756 | INFO | ------------------------------
2026-01-19 16:07:56,760 | INFO | File: MO_F_AV14_2016_04_18_ModuleDescription_description.wav | WER=62.500000 | S=25 D=9 I=6
2026-01-19 16:07:56,760 | INFO | ------------------------------
2026-01-19 16:07:56,760 | INFO |  File duration: 58.28208616780045 seconds
2026-01-19 16:08:00,621 | INFO | Number of chunks: 9
2026-01-19 16:08:05,297 | INFO | Chunk: 0 | WER=25.000000 | S=1 D=1 I=0
2026-01-19 16:08:05,298 | INFO | Chunk: 1 | WER=0.000000 | S=0 D=0 I=0
2026-01-19 16:08:05,298 | INFO | Chunk: 2 | WER=33.333333 | S=1 D=0 I=1
2026-01-19 16:08:05,299 | INFO | Chunk: 3 | WER=100.000000 | S=1 D=0 I=0
2026-01-19 16:08:05,299 | INFO | Chunk: 4 | WER=0.000000 | S=0 D=0 I=0
2026-01-19 16:08:05,299 | INFO | Chunk: 5 | WER=66.666667 | S=1 D=3 I=0
2026-01-19 16:08:05,299 | INFO | Chunk: 7 | WER=13.333333 | S=2 D=0 I=0
2026-01-19 16:08:05,300 | INFO | Chunk: 8 | WER=33.333333 | S=2 D=3 I=1
2026-01-19 16:08:05,300 | INFO | ------------------------------
2026-01-19 16:08:05,300 | INFO | ------------------------------
2026-01-19 16:08:05,305 | INFO | File: MO_F_AV17_2016_04_18_ModuleDescription_description.wav | WER=18.750000 | S=9 D=6 I=3
2026-01-19 16:08:05,305 | INFO | ------------------------------
2026-01-19 16:08:05,305 | INFO |  File duration: 70.37968253968253 seconds
2026-01-19 16:08:09,917 | INFO | Number of chunks: 13
2026-01-19 16:08:18,271 | INFO | Chunk: 0 | WER=5.882353 | S=1 D=0 I=0
2026-01-19 16:08:18,272 | INFO | Chunk: 1 | WER=51.162791 | S=6 D=16 I=0
2026-01-19 16:08:18,273 | INFO | Chunk: 3 | WER=41.666667 | S=2 D=0 I=3
2026-01-19 16:08:18,273 | INFO | Chunk: 4 | WER=71.428571 | S=0 D=0 I=5
2026-01-19 16:08:18,273 | INFO | Chunk: 5 | WER=36.363636 | S=1 D=3 I=0
2026-01-19 16:08:18,273 | INFO | Chunk: 6 | WER=25.000000 | S=1 D=0 I=0
2026-01-19 16:08:18,273 | INFO | Chunk: 7 | WER=27.272727 | S=3 D=0 I=0
2026-01-19 16:08:18,274 | INFO | Chunk: 8 | WER=0.000000 | S=0 D=0 I=0
2026-01-19 16:08:18,274 | INFO | Chunk: 9 | WER=0.000000 | S=0 D=0 I=0
2026-01-19 16:08:18,274 | INFO | Chunk: 10 | WER=0.000000 | S=0 D=0 I=0
2026-01-19 16:08:18,274 | INFO | Chunk: 11 | WER=0.000000 | S=0 D=0 I=0
2026-01-19 16:08:18,274 | INFO | Chunk: 12 | WER=12.500000 | S=1 D=0 I=0
2026-01-19 16:08:18,274 | INFO | ------------------------------
2026-01-19 16:08:18,274 | INFO | ------------------------------
2026-01-19 16:08:18,283 | INFO | File: MO_F_AV21_2016_04_18_ModuleDescription_description.wav | WER=26.428571 | S=23 D=11 I=3
2026-01-19 16:08:18,284 | INFO | ------------------------------
2026-01-19 16:08:18,284 | INFO |  File duration: 94.57487528344672 seconds
2026-01-19 16:08:26,803 | INFO | Number of chunks: 19
2026-01-19 16:08:37,453 | INFO | Chunk: 0 | WER=0.000000 | S=0 D=0 I=0
2026-01-19 16:08:37,454 | INFO | Chunk: 1 | WER=45.454545 | S=3 D=2 I=0
2026-01-19 16:08:37,454 | INFO | Chunk: 2 | WER=50.000000 | S=1 D=0 I=1
2026-01-19 16:08:37,454 | INFO | Chunk: 3 | WER=46.666667 | S=4 D=3 I=0
2026-01-19 16:08:37,454 | INFO | Chunk: 4 | WER=88.888889 | S=5 D=3 I=0
2026-01-19 16:08:37,455 | INFO | Chunk: 5 | WER=25.000000 | S=3 D=0 I=0
2026-01-19 16:08:37,455 | INFO | Chunk: 6 | WER=37.500000 | S=1 D=1 I=1
2026-01-19 16:08:37,455 | INFO | Chunk: 7 | WER=0.000000 | S=0 D=0 I=0
2026-01-19 16:08:37,455 | INFO | Chunk: 8 | WER=40.000000 | S=1 D=1 I=0
2026-01-19 16:08:37,455 | INFO | Chunk: 9 | WER=0.000000 | S=0 D=0 I=0
2026-01-19 16:08:37,455 | INFO | Chunk: 10 | WER=50.000000 | S=1 D=0 I=0
2026-01-19 16:08:37,456 | INFO | Chunk: 11 | WER=6.666667 | S=1 D=0 I=0
2026-01-19 16:08:37,456 | INFO | Chunk: 12 | WER=0.000000 | S=0 D=0 I=0
2026-01-19 16:08:37,456 | INFO | Chunk: 13 | WER=0.000000 | S=0 D=0 I=0
2026-01-19 16:08:37,457 | INFO | Chunk: 14 | WER=18.750000 | S=2 D=1 I=0
2026-01-19 16:08:37,457 | INFO | Chunk: 15 | WER=0.000000 | S=0 D=0 I=0
2026-01-19 16:08:37,457 | INFO | Chunk: 16 | WER=14.285714 | S=1 D=0 I=0
2026-01-19 16:08:37,457 | INFO | Chunk: 17 | WER=11.111111 | S=1 D=0 I=0
2026-01-19 16:08:37,457 | INFO | Chunk: 18 | WER=22.222222 | S=0 D=2 I=0
2026-01-19 16:08:37,457 | INFO | ------------------------------
2026-01-19 16:08:37,457 | INFO | ------------------------------
2026-01-19 16:08:37,469 | INFO | File: MO_F_AV23_2016_04_19_ModuleDescription_description.wav | WER=23.636364 | S=24 D=13 I=2
2026-01-19 16:08:37,469 | INFO | ------------------------------
2026-01-19 16:08:37,469 | INFO |  File duration: 65.15519274376418 seconds
2026-01-19 16:08:43,398 | INFO | Number of chunks: 12
2026-01-19 16:08:50,763 | INFO | Chunk: 0 | WER=0.000000 | S=0 D=0 I=0
2026-01-19 16:08:50,763 | INFO | Chunk: 1 | WER=0.000000 | S=0 D=0 I=0
2026-01-19 16:08:50,763 | INFO | Chunk: 2 | WER=33.333333 | S=1 D=1 I=0
2026-01-19 16:08:50,764 | INFO | Chunk: 3 | WER=14.285714 | S=1 D=0 I=1
2026-01-19 16:08:50,764 | INFO | Chunk: 4 | WER=25.000000 | S=0 D=0 I=1
2026-01-19 16:08:50,764 | INFO | Chunk: 5 | WER=0.000000 | S=0 D=0 I=0
2026-01-19 16:08:50,764 | INFO | Chunk: 6 | WER=28.571429 | S=2 D=0 I=0
2026-01-19 16:08:50,765 | INFO | Chunk: 7 | WER=37.500000 | S=1 D=2 I=0
2026-01-19 16:08:50,765 | INFO | Chunk: 8 | WER=15.789474 | S=1 D=2 I=0
2026-01-19 16:08:50,765 | INFO | Chunk: 9 | WER=8.333333 | S=1 D=0 I=0
2026-01-19 16:08:50,765 | INFO | Chunk: 10 | WER=0.000000 | S=0 D=0 I=0
2026-01-19 16:08:50,766 | INFO | Chunk: 11 | WER=0.000000 | S=0 D=0 I=0
2026-01-19 16:08:50,766 | INFO | ------------------------------
2026-01-19 16:08:50,766 | INFO | ------------------------------
2026-01-19 16:08:50,773 | INFO | File: MO_F_AV25_2016_05_14_ModuleDescription_description.wav | WER=11.382114 | S=7 D=5 I=2
2026-01-19 16:08:50,773 | INFO | ------------------------------
2026-01-19 16:08:50,774 | INFO |  File duration: 75.67383219954648 seconds
2026-01-19 16:08:59,869 | INFO | Number of chunks: 12
2026-01-19 16:09:10,262 | INFO | Chunk: 0 | WER=42.857143 | S=5 D=1 I=0
2026-01-19 16:09:10,263 | INFO | Chunk: 1 | WER=3.921569 | S=1 D=1 I=0
2026-01-19 16:09:10,263 | INFO | Chunk: 2 | WER=0.000000 | S=0 D=0 I=0
2026-01-19 16:09:10,264 | INFO | Chunk: 3 | WER=100.000000 | S=1 D=1 I=0
2026-01-19 16:09:10,264 | INFO | Chunk: 4 | WER=0.000000 | S=0 D=0 I=0
2026-01-19 16:09:10,264 | INFO | Chunk: 5 | WER=0.000000 | S=0 D=0 I=0
2026-01-19 16:09:10,265 | INFO | Chunk: 6 | WER=18.181818 | S=1 D=3 I=0
2026-01-19 16:09:10,265 | INFO | Chunk: 7 | WER=0.000000 | S=0 D=0 I=0
2026-01-19 16:09:10,265 | INFO | Chunk: 8 | WER=0.000000 | S=0 D=0 I=0
2026-01-19 16:09:10,266 | INFO | Chunk: 10 | WER=24.000000 | S=4 D=1 I=1
2026-01-19 16:09:10,266 | INFO | Chunk: 11 | WER=25.000000 | S=0 D=0 I=1
2026-01-19 16:09:10,266 | INFO | ------------------------------
2026-01-19 16:09:10,266 | INFO | ------------------------------
2026-01-19 16:09:10,280 | INFO | File: MO_F_AV26_2016_05_14_ModuleDescription_description.wav | WER=12.154696 | S=12 D=7 I=3
2026-01-19 16:09:10,280 | INFO | ------------------------------
2026-01-19 16:09:10,280 | INFO |  File duration: 84.31165532879818 seconds
2026-01-19 16:09:17,601 | INFO | Number of chunks: 12
2026-01-19 16:09:28,775 | INFO | Chunk: 0 | WER=32.558140 | S=2 D=12 I=0
2026-01-19 16:09:28,776 | INFO | Chunk: 1 | WER=3.333333 | S=1 D=0 I=0
2026-01-19 16:09:28,776 | INFO | Chunk: 2 | WER=6.666667 | S=0 D=1 I=0
2026-01-19 16:09:28,776 | INFO | Chunk: 3 | WER=0.000000 | S=0 D=0 I=0
2026-01-19 16:09:28,776 | INFO | Chunk: 4 | WER=0.000000 | S=0 D=0 I=0
2026-01-19 16:09:28,777 | INFO | Chunk: 5 | WER=42.857143 | S=2 D=1 I=0
2026-01-19 16:09:28,777 | INFO | Chunk: 6 | WER=0.000000 | S=0 D=0 I=0
2026-01-19 16:09:28,777 | INFO | Chunk: 7 | WER=0.000000 | S=0 D=0 I=0
2026-01-19 16:09:28,777 | INFO | Chunk: 8 | WER=25.000000 | S=1 D=0 I=0
2026-01-19 16:09:28,778 | INFO | Chunk: 10 | WER=0.000000 | S=0 D=0 I=0
2026-01-19 16:09:28,779 | INFO | Chunk: 11 | WER=9.756098 | S=3 D=0 I=1
2026-01-19 16:09:28,779 | INFO | ------------------------------
2026-01-19 16:09:28,779 | INFO | ------------------------------
2026-01-19 16:09:28,796 | INFO | File: MO_F_AV27_2016_05_14_ModuleDescription_description.wav | WER=12.195122 | S=9 D=14 I=2
2026-01-19 16:09:28,796 | INFO | ------------------------------
2026-01-19 16:09:28,796 | INFO |  File duration: 299.5374149659864 seconds
2026-01-19 16:10:03,451 | INFO | Number of chunks: 14
2026-01-19 16:10:40,447 | INFO | Chunk: 0 | WER=11.320755 | S=1 D=4 I=1
2026-01-19 16:10:40,448 | INFO | Chunk: 1 | WER=19.298246 | S=3 D=7 I=1
2026-01-19 16:10:40,451 | INFO | Chunk: 2 | WER=51.250000 | S=4 D=35 I=2
2026-01-19 16:10:40,453 | INFO | Chunk: 3 | WER=61.616162 | S=4 D=57 I=0
2026-01-19 16:10:40,455 | INFO | Chunk: 4 | WER=36.363636 | S=10 D=18 I=0
2026-01-19 16:10:40,458 | INFO | Chunk: 5 | WER=54.807692 | S=1 D=55 I=1
2026-01-19 16:10:40,459 | INFO | Chunk: 6 | WER=11.111111 | S=0 D=5 I=0
2026-01-19 16:10:40,461 | INFO | Chunk: 7 | WER=67.032967 | S=1 D=60 I=0
2026-01-19 16:10:40,462 | INFO | Chunk: 8 | WER=32.812500 | S=1 D=20 I=0
2026-01-19 16:10:40,463 | INFO | Chunk: 9 | WER=7.142857 | S=2 D=1 I=0
2026-01-19 16:10:40,464 | INFO | Chunk: 10 | WER=0.000000 | S=0 D=0 I=0
2026-01-19 16:10:40,465 | INFO | Chunk: 11 | WER=5.555556 | S=1 D=0 I=1
2026-01-19 16:10:40,469 | INFO | Chunk: 12 | WER=68.823529 | S=4 D=113 I=0
2026-01-19 16:10:40,472 | INFO | Chunk: 13 | WER=52.173913 | S=13 D=33 I=2
2026-01-19 16:10:40,472 | INFO | ------------------------------
2026-01-19 16:10:40,472 | INFO | ------------------------------
2026-01-19 16:10:40,730 | INFO | File: MO_F_AV36_2016_06_07_ModuleDescription_description.wav | WER=45.196078 | S=45 D=408 I=8
2026-01-19 16:10:40,730 | INFO | ------------------------------
2026-01-19 16:10:40,730 | INFO |  File duration: 42.44607709750567 seconds
2026-01-19 16:10:43,921 | INFO | Number of chunks: 7
2026-01-19 16:10:47,124 | INFO | Chunk: 1 | WER=50.000000 | S=4 D=1 I=0
2026-01-19 16:10:47,125 | INFO | Chunk: 2 | WER=0.000000 | S=0 D=0 I=0
2026-01-19 16:10:47,125 | INFO | Chunk: 3 | WER=0.000000 | S=0 D=0 I=0
2026-01-19 16:10:47,125 | INFO | Chunk: 4 | WER=25.000000 | S=1 D=0 I=0
2026-01-19 16:10:47,125 | INFO | Chunk: 6 | WER=11.111111 | S=1 D=1 I=0
2026-01-19 16:10:47,125 | INFO | ------------------------------
2026-01-19 16:10:47,125 | INFO | ------------------------------
2026-01-19 16:10:47,128 | INFO | File: MO_F_ER02_2016_04_04_ModuleDescription_description.wav | WER=27.906977 | S=7 D=1 I=4
2026-01-19 16:10:47,128 | INFO | ------------------------------
2026-01-19 16:10:47,128 | INFO |  File duration: 30.30204081632653 seconds
2026-01-19 16:10:48,938 | INFO | Number of chunks: 7
2026-01-19 16:10:51,480 | INFO | Chunk: 0 | WER=0.000000 | S=0 D=0 I=0
2026-01-19 16:10:51,480 | INFO | Chunk: 1 | WER=33.333333 | S=1 D=0 I=0
2026-01-19 16:10:51,481 | INFO | Chunk: 2 | WER=0.000000 | S=0 D=0 I=0
2026-01-19 16:10:51,481 | INFO | Chunk: 3 | WER=100.000000 | S=3 D=2 I=0
2026-01-19 16:10:51,481 | INFO | Chunk: 4 | WER=50.000000 | S=3 D=1 I=0
2026-01-19 16:10:51,481 | INFO | Chunk: 5 | WER=16.666667 | S=0 D=0 I=1
2026-01-19 16:10:51,481 | INFO | Chunk: 6 | WER=75.000000 | S=2 D=1 I=0
2026-01-19 16:10:51,481 | INFO | ------------------------------
2026-01-19 16:10:51,481 | INFO | ------------------------------
2026-01-19 16:10:51,484 | INFO | File: MO_F_ER02_2016_06_08_ModuleDescription_description.wav | WER=38.235294 | S=10 D=3 I=0
2026-01-19 16:10:51,484 | INFO | ------------------------------
2026-01-19 16:10:51,484 | INFO |  File duration: 33.50639455782313 seconds
2026-01-19 16:10:53,947 | INFO | Number of chunks: 9
2026-01-19 16:10:57,041 | INFO | Chunk: 1 | WER=100.000000 | S=3 D=2 I=0
2026-01-19 16:10:57,041 | INFO | Chunk: 2 | WER=25.000000 | S=0 D=2 I=0
2026-01-19 16:10:57,041 | INFO | Chunk: 3 | WER=0.000000 | S=0 D=0 I=0
2026-01-19 16:10:57,041 | INFO | Chunk: 4 | WER=0.000000 | S=0 D=0 I=0
2026-01-19 16:10:57,041 | INFO | Chunk: 5 | WER=0.000000 | S=0 D=0 I=0
2026-01-19 16:10:57,041 | INFO | Chunk: 6 | WER=0.000000 | S=0 D=0 I=0
2026-01-19 16:10:57,042 | INFO | Chunk: 7 | WER=50.000000 | S=4 D=2 I=0
2026-01-19 16:10:57,042 | INFO | Chunk: 8 | WER=50.000000 | S=2 D=0 I=0
2026-01-19 16:10:57,042 | INFO | ------------------------------
2026-01-19 16:10:57,042 | INFO | ------------------------------
2026-01-19 16:10:57,044 | INFO | File: MO_F_ER06_2016_04_06_ModuleDescription_description.wav | WER=32.608696 | S=12 D=3 I=0
2026-01-19 16:10:57,044 | INFO | ------------------------------
2026-01-19 16:10:57,045 | INFO |  File duration: 92.13678004535147 seconds
2026-01-19 16:11:07,550 | INFO | Number of chunks: 19
2026-01-19 16:11:17,983 | INFO | Chunk: 0 | WER=37.500000 | S=3 D=0 I=0
2026-01-19 16:11:17,983 | INFO | Chunk: 1 | WER=0.000000 | S=0 D=0 I=0
2026-01-19 16:11:17,983 | INFO | Chunk: 2 | WER=0.000000 | S=0 D=0 I=0
2026-01-19 16:11:17,984 | INFO | Chunk: 3 | WER=12.500000 | S=1 D=0 I=0
2026-01-19 16:11:17,984 | INFO | Chunk: 4 | WER=30.000000 | S=3 D=0 I=0
2026-01-19 16:11:17,984 | INFO | Chunk: 5 | WER=7.142857 | S=1 D=0 I=0
2026-01-19 16:11:17,984 | INFO | Chunk: 6 | WER=100.000000 | S=2 D=0 I=0
2026-01-19 16:11:17,984 | INFO | Chunk: 7 | WER=10.000000 | S=1 D=0 I=0
2026-01-19 16:11:17,984 | INFO | Chunk: 8 | WER=100.000000 | S=1 D=0 I=0
2026-01-19 16:11:17,985 | INFO | Chunk: 9 | WER=22.222222 | S=2 D=2 I=0
2026-01-19 16:11:17,985 | INFO | Chunk: 10 | WER=25.000000 | S=1 D=0 I=0
2026-01-19 16:11:17,985 | INFO | Chunk: 11 | WER=25.000000 | S=2 D=1 I=0
2026-01-19 16:11:17,985 | INFO | Chunk: 12 | WER=20.000000 | S=2 D=0 I=1
2026-01-19 16:11:17,986 | INFO | Chunk: 13 | WER=11.111111 | S=0 D=1 I=0
2026-01-19 16:11:17,986 | INFO | Chunk: 14 | WER=10.000000 | S=0 D=0 I=1
2026-01-19 16:11:17,986 | INFO | Chunk: 15 | WER=30.000000 | S=2 D=0 I=1
2026-01-19 16:11:17,986 | INFO | Chunk: 16 | WER=25.000000 | S=1 D=2 I=0
2026-01-19 16:11:17,987 | INFO | Chunk: 17 | WER=0.000000 | S=0 D=0 I=0
2026-01-19 16:11:17,987 | INFO | Chunk: 18 | WER=14.285714 | S=1 D=0 I=0
2026-01-19 16:11:17,987 | INFO | ------------------------------
2026-01-19 16:11:17,987 | INFO | ------------------------------
2026-01-19 16:11:17,998 | INFO | File: MO_F_ER08_2016_04_07_ModuleDescription_description.wav | WER=19.620253 | S=24 D=5 I=2
2026-01-19 16:11:17,998 | INFO | ------------------------------
2026-01-19 16:11:17,999 | INFO |  File duration: 68.0344671201814 seconds
2026-01-19 16:11:25,409 | INFO | Number of chunks: 10
2026-01-19 16:11:33,832 | INFO | Chunk: 0 | WER=20.000000 | S=2 D=0 I=0
2026-01-19 16:11:33,833 | INFO | Chunk: 1 | WER=11.111111 | S=1 D=1 I=0
2026-01-19 16:11:33,833 | INFO | Chunk: 2 | WER=8.695652 | S=2 D=0 I=0
2026-01-19 16:11:33,834 | INFO | Chunk: 3 | WER=8.823529 | S=2 D=1 I=0
2026-01-19 16:11:33,834 | INFO | Chunk: 4 | WER=12.500000 | S=1 D=0 I=0
2026-01-19 16:11:33,834 | INFO | Chunk: 5 | WER=0.000000 | S=0 D=0 I=0
2026-01-19 16:11:33,835 | INFO | Chunk: 6 | WER=16.666667 | S=2 D=1 I=0
2026-01-19 16:11:33,835 | INFO | Chunk: 7 | WER=13.333333 | S=2 D=0 I=0
2026-01-19 16:11:33,835 | INFO | Chunk: 8 | WER=16.666667 | S=0 D=1 I=0
2026-01-19 16:11:33,835 | INFO | Chunk: 9 | WER=30.000000 | S=1 D=2 I=0
2026-01-19 16:11:33,835 | INFO | ------------------------------
2026-01-19 16:11:33,835 | INFO | ------------------------------
2026-01-19 16:11:33,845 | INFO | File: MO_F_ER08_2016_06_08_ModuleDescription_description.wav | WER=13.013699 | S=13 D=6 I=0
2026-01-19 16:11:33,845 | INFO | ------------------------------
2026-01-19 16:11:33,846 | INFO |  File duration: 88.53768707482993 seconds
2026-01-19 16:11:43,554 | INFO | Number of chunks: 6
2026-01-19 16:11:54,140 | INFO | Chunk: 0 | WER=21.311475 | S=6 D=6 I=1
2026-01-19 16:11:54,142 | INFO | Chunk: 1 | WER=24.615385 | S=3 D=12 I=1
2026-01-19 16:11:54,144 | INFO | Chunk: 2 | WER=11.111111 | S=2 D=3 I=0
2026-01-19 16:11:54,144 | INFO | Chunk: 3 | WER=18.181818 | S=2 D=0 I=0
2026-01-19 16:11:54,144 | INFO | Chunk: 4 | WER=0.000000 | S=0 D=0 I=0
2026-01-19 16:11:54,144 | INFO | Chunk: 5 | WER=50.000000 | S=1 D=1 I=0
2026-01-19 16:11:54,144 | INFO | ------------------------------
2026-01-19 16:11:54,144 | INFO | ------------------------------
2026-01-19 16:11:54,159 | INFO | File: MO_F_ER10_2016_04_07_ModuleDescription_description.wav | WER=19.289340 | S=14 D=22 I=2
2026-01-19 16:11:54,159 | INFO | ------------------------------
2026-01-19 16:11:54,160 | INFO |  File duration: 36.45532879818594 seconds
2026-01-19 16:11:58,459 | INFO | Number of chunks: 4
2026-01-19 16:12:02,894 | INFO | Chunk: 0 | WER=15.151515 | S=1 D=4 I=0
2026-01-19 16:12:02,894 | INFO | Chunk: 1 | WER=6.250000 | S=1 D=0 I=0
2026-01-19 16:12:02,894 | INFO | Chunk: 2 | WER=36.363636 | S=2 D=2 I=0
2026-01-19 16:12:02,895 | INFO | Chunk: 3 | WER=35.000000 | S=4 D=3 I=0
2026-01-19 16:12:02,895 | INFO | ------------------------------
2026-01-19 16:12:02,895 | INFO | ------------------------------
2026-01-19 16:12:02,899 | INFO | File: MO_F_ER16_2016_04_08_ModuleDescription_description.wav | WER=21.250000 | S=8 D=9 I=0
2026-01-19 16:12:02,899 | INFO | ------------------------------
2026-01-19 16:12:02,899 | INFO |  File duration: 165.51183673469387 seconds
2026-01-19 16:12:18,529 | INFO | Number of chunks: 24
2026-01-19 16:12:38,253 | INFO | Chunk: 0 | WER=0.000000 | S=0 D=0 I=0
2026-01-19 16:12:38,253 | INFO | Chunk: 1 | WER=0.000000 | S=0 D=0 I=0
2026-01-19 16:12:38,253 | INFO | Chunk: 2 | WER=0.000000 | S=0 D=0 I=0
2026-01-19 16:12:38,254 | INFO | Chunk: 3 | WER=12.903226 | S=2 D=2 I=0
2026-01-19 16:12:38,254 | INFO | Chunk: 4 | WER=16.666667 | S=0 D=0 I=1
2026-01-19 16:12:38,254 | INFO | Chunk: 5 | WER=66.666667 | S=2 D=0 I=0
2026-01-19 16:12:38,255 | INFO | Chunk: 6 | WER=8.695652 | S=1 D=0 I=1
2026-01-19 16:12:38,255 | INFO | Chunk: 7 | WER=25.000000 | S=2 D=1 I=0
2026-01-19 16:12:38,255 | INFO | Chunk: 8 | WER=5.555556 | S=1 D=0 I=0
2026-01-19 16:12:38,256 | INFO | Chunk: 9 | WER=0.000000 | S=0 D=0 I=0
2026-01-19 16:12:38,256 | INFO | Chunk: 10 | WER=16.666667 | S=0 D=2 I=0
2026-01-19 16:12:38,256 | INFO | Chunk: 11 | WER=20.000000 | S=0 D=1 I=0
2026-01-19 16:12:38,256 | INFO | Chunk: 12 | WER=0.000000 | S=0 D=0 I=0
2026-01-19 16:12:38,257 | INFO | Chunk: 13 | WER=0.000000 | S=0 D=0 I=0
2026-01-19 16:12:38,257 | INFO | Chunk: 14 | WER=0.000000 | S=0 D=0 I=0
2026-01-19 16:12:38,258 | INFO | Chunk: 15 | WER=6.250000 | S=0 D=0 I=1
2026-01-19 16:12:38,258 | INFO | Chunk: 16 | WER=0.000000 | S=0 D=0 I=0
2026-01-19 16:12:38,258 | INFO | Chunk: 17 | WER=16.666667 | S=1 D=0 I=0
2026-01-19 16:12:38,259 | INFO | Chunk: 18 | WER=11.111111 | S=2 D=1 I=0
2026-01-19 16:12:38,259 | INFO | Chunk: 19 | WER=0.000000 | S=0 D=0 I=0
2026-01-19 16:12:38,259 | INFO | Chunk: 20 | WER=0.000000 | S=0 D=0 I=0
2026-01-19 16:12:38,259 | INFO | Chunk: 21 | WER=100.000000 | S=1 D=0 I=0
2026-01-19 16:12:38,259 | INFO | Chunk: 22 | WER=100.000000 | S=1 D=0 I=0
2026-01-19 16:12:38,260 | INFO | Chunk: 23 | WER=0.000000 | S=0 D=0 I=0
2026-01-19 16:12:38,260 | INFO | ------------------------------
2026-01-19 16:12:38,260 | INFO | ------------------------------
2026-01-19 16:12:38,295 | INFO | File: MO_F_ER18_2016_04_08_ModuleDescription_description.wav | WER=7.615894 | S=13 D=7 I=3
2026-01-19 16:12:38,295 | INFO | ------------------------------
2026-01-19 16:12:38,308 | INFO |  File duration: 48.042086167800456 seconds
2026-01-19 16:12:42,138 | INFO | Number of chunks: 13
2026-01-19 16:12:47,600 | INFO | Chunk: 0 | WER=0.000000 | S=0 D=0 I=0
2026-01-19 16:12:47,600 | INFO | Chunk: 1 | WER=12.500000 | S=1 D=0 I=0
2026-01-19 16:12:47,600 | INFO | Chunk: 2 | WER=50.000000 | S=3 D=0 I=0
2026-01-19 16:12:47,600 | INFO | Chunk: 3 | WER=0.000000 | S=0 D=0 I=0
2026-01-19 16:12:47,600 | INFO | Chunk: 4 | WER=25.000000 | S=1 D=0 I=0
2026-01-19 16:12:47,601 | INFO | Chunk: 5 | WER=0.000000 | S=0 D=0 I=0
2026-01-19 16:12:47,601 | INFO | Chunk: 6 | WER=0.000000 | S=0 D=0 I=0
2026-01-19 16:12:47,601 | INFO | Chunk: 7 | WER=0.000000 | S=0 D=0 I=0
2026-01-19 16:12:47,601 | INFO | Chunk: 8 | WER=0.000000 | S=0 D=0 I=0
2026-01-19 16:12:47,601 | INFO | Chunk: 9 | WER=50.000000 | S=1 D=0 I=0
2026-01-19 16:12:47,601 | INFO | Chunk: 10 | WER=100.000000 | S=1 D=1 I=0
2026-01-19 16:12:47,602 | INFO | Chunk: 11 | WER=50.000000 | S=3 D=0 I=1
2026-01-19 16:12:47,602 | INFO | Chunk: 12 | WER=100.000000 | S=1 D=1 I=0
2026-01-19 16:12:47,602 | INFO | ------------------------------
2026-01-19 16:12:47,602 | INFO | ------------------------------
2026-01-19 16:12:47,606 | INFO | File: MO_F_ER19_2016_04_10_ModuleDescription_description.wav | WER=17.567568 | S=12 D=1 I=0
2026-01-19 16:12:47,606 | INFO | ------------------------------
2026-01-19 16:12:47,607 | INFO |  File duration: 37.70920634920635 seconds
2026-01-19 16:12:52,429 | INFO | Number of chunks: 3
2026-01-19 16:12:57,391 | INFO | Chunk: 0 | WER=67.289720 | S=23 D=47 I=2
2026-01-19 16:12:57,391 | INFO | Chunk: 1 | WER=33.333333 | S=4 D=0 I=1
2026-01-19 16:12:57,392 | INFO | Chunk: 2 | WER=100.000000 | S=1 D=0 I=0
2026-01-19 16:12:57,392 | INFO | ------------------------------
2026-01-19 16:12:57,392 | INFO | ------------------------------
2026-01-19 16:12:57,397 | INFO | File: MO_F_ER22_2016_04_12_ModuleDescription_description.wav | WER=63.414634 | S=28 D=47 I=3
2026-01-19 16:12:57,397 | INFO | ------------------------------
2026-01-19 16:12:57,410 | INFO |  File duration: 66.26975056689342 seconds
2026-01-19 16:13:02,961 | INFO | Number of chunks: 10
2026-01-19 16:13:10,968 | INFO | Chunk: 0 | WER=7.142857 | S=1 D=0 I=0
2026-01-19 16:13:10,969 | INFO | Chunk: 1 | WER=28.571429 | S=2 D=0 I=0
2026-01-19 16:13:10,969 | INFO | Chunk: 2 | WER=27.777778 | S=3 D=1 I=1
2026-01-19 16:13:10,969 | INFO | Chunk: 3 | WER=20.000000 | S=0 D=1 I=0
2026-01-19 16:13:10,970 | INFO | Chunk: 4 | WER=20.454545 | S=3 D=6 I=0
2026-01-19 16:13:10,971 | INFO | Chunk: 5 | WER=0.000000 | S=0 D=0 I=0
2026-01-19 16:13:10,971 | INFO | Chunk: 6 | WER=33.333333 | S=0 D=3 I=0
2026-01-19 16:13:10,971 | INFO | Chunk: 7 | WER=0.000000 | S=0 D=0 I=0
2026-01-19 16:13:10,971 | INFO | Chunk: 8 | WER=16.666667 | S=2 D=3 I=0
2026-01-19 16:13:10,972 | INFO | Chunk: 9 | WER=0.000000 | S=0 D=0 I=0
2026-01-19 16:13:10,972 | INFO | ------------------------------
2026-01-19 16:13:10,972 | INFO | ------------------------------
2026-01-19 16:13:10,981 | INFO | File: MO_F_ER26_2016_04_18_ModuleDescription_description.wav | WER=17.687075 | S=11 D=14 I=1
2026-01-19 16:13:10,981 | INFO | ------------------------------
2026-01-19 16:13:10,982 | INFO |  File duration: 82.38439909297053 seconds
2026-01-19 16:13:18,821 | INFO | Number of chunks: 19
2026-01-19 16:13:28,198 | INFO | Chunk: 1 | WER=0.000000 | S=0 D=0 I=0
2026-01-19 16:13:28,198 | INFO | Chunk: 2 | WER=0.000000 | S=0 D=0 I=0
2026-01-19 16:13:28,198 | INFO | Chunk: 3 | WER=0.000000 | S=0 D=0 I=0
2026-01-19 16:13:28,199 | INFO | Chunk: 4 | WER=20.000000 | S=1 D=0 I=0
2026-01-19 16:13:28,199 | INFO | Chunk: 5 | WER=0.000000 | S=0 D=0 I=0
2026-01-19 16:13:28,199 | INFO | Chunk: 6 | WER=54.545455 | S=3 D=3 I=0
2026-01-19 16:13:28,199 | INFO | Chunk: 7 | WER=0.000000 | S=0 D=0 I=0
2026-01-19 16:13:28,199 | INFO | Chunk: 8 | WER=0.000000 | S=0 D=0 I=0
2026-01-19 16:13:28,200 | INFO | Chunk: 9 | WER=100.000000 | S=1 D=0 I=0
2026-01-19 16:13:28,200 | INFO | Chunk: 10 | WER=33.333333 | S=2 D=0 I=0
2026-01-19 16:13:28,200 | INFO | Chunk: 11 | WER=0.000000 | S=0 D=0 I=0
2026-01-19 16:13:28,200 | INFO | Chunk: 12 | WER=15.384615 | S=0 D=2 I=0
2026-01-19 16:13:28,200 | INFO | Chunk: 13 | WER=50.000000 | S=2 D=1 I=0
2026-01-19 16:13:28,200 | INFO | Chunk: 14 | WER=11.111111 | S=1 D=0 I=0
2026-01-19 16:13:28,201 | INFO | Chunk: 15 | WER=0.000000 | S=0 D=0 I=0
2026-01-19 16:13:28,201 | INFO | Chunk: 16 | WER=75.000000 | S=2 D=0 I=1
2026-01-19 16:13:28,201 | INFO | Chunk: 17 | WER=10.000000 | S=1 D=0 I=0
2026-01-19 16:13:28,201 | INFO | Chunk: 18 | WER=0.000000 | S=0 D=0 I=0
2026-01-19 16:13:28,201 | INFO | ------------------------------
2026-01-19 16:13:28,201 | INFO | ------------------------------
2026-01-19 16:13:28,209 | INFO | File: MO_F_SD08_2016_04_22_ModuleDescription_description.wav | WER=21.259843 | S=13 D=6 I=8
2026-01-19 16:13:28,210 | INFO | ------------------------------
2026-01-19 16:13:28,222 | INFO |  File duration: 251.1238095238095 seconds
2026-01-19 16:13:54,193 | INFO | Number of chunks: 35
2026-01-19 16:14:26,554 | INFO | Chunk: 0 | WER=22.222222 | S=0 D=2 I=0
2026-01-19 16:14:26,554 | INFO | Chunk: 1 | WER=54.545455 | S=4 D=0 I=2
2026-01-19 16:14:26,554 | INFO | Chunk: 2 | WER=100.000000 | S=1 D=2 I=0
2026-01-19 16:14:26,555 | INFO | Chunk: 3 | WER=16.666667 | S=0 D=2 I=0
2026-01-19 16:14:26,555 | INFO | Chunk: 4 | WER=0.000000 | S=0 D=0 I=0
2026-01-19 16:14:26,555 | INFO | Chunk: 5 | WER=13.636364 | S=3 D=0 I=0
2026-01-19 16:14:26,556 | INFO | Chunk: 6 | WER=43.750000 | S=2 D=3 I=2
2026-01-19 16:14:26,556 | INFO | Chunk: 8 | WER=3.846154 | S=0 D=1 I=0
2026-01-19 16:14:26,556 | INFO | Chunk: 9 | WER=66.666667 | S=2 D=0 I=0
2026-01-19 16:14:26,556 | INFO | Chunk: 10 | WER=0.000000 | S=0 D=0 I=0
2026-01-19 16:14:26,557 | INFO | Chunk: 11 | WER=0.000000 | S=0 D=0 I=0
2026-01-19 16:14:26,557 | INFO | Chunk: 12 | WER=0.000000 | S=0 D=0 I=0
2026-01-19 16:14:26,557 | INFO | Chunk: 13 | WER=50.000000 | S=3 D=2 I=0
2026-01-19 16:14:26,558 | INFO | Chunk: 14 | WER=13.333333 | S=2 D=0 I=2
2026-01-19 16:14:26,559 | INFO | Chunk: 15 | WER=13.333333 | S=0 D=6 I=0
2026-01-19 16:14:26,559 | INFO | Chunk: 16 | WER=45.000000 | S=5 D=3 I=1
2026-01-19 16:14:26,559 | INFO | Chunk: 17 | WER=36.363636 | S=0 D=4 I=0
2026-01-19 16:14:26,560 | INFO | Chunk: 18 | WER=22.857143 | S=5 D=3 I=0
2026-01-19 16:14:26,561 | INFO | Chunk: 19 | WER=30.232558 | S=8 D=4 I=1
2026-01-19 16:14:26,563 | INFO | Chunk: 20 | WER=17.777778 | S=4 D=4 I=0
2026-01-19 16:14:26,563 | INFO | Chunk: 21 | WER=0.000000 | S=0 D=0 I=0
2026-01-19 16:14:26,563 | INFO | Chunk: 22 | WER=25.000000 | S=0 D=0 I=1
2026-01-19 16:14:26,563 | INFO | Chunk: 23 | WER=0.000000 | S=0 D=0 I=0
2026-01-19 16:14:26,563 | INFO | Chunk: 24 | WER=35.714286 | S=4 D=1 I=0
2026-01-19 16:14:26,564 | INFO | Chunk: 25 | WER=27.586207 | S=0 D=8 I=0
2026-01-19 16:14:26,564 | INFO | Chunk: 26 | WER=16.666667 | S=2 D=0 I=0
2026-01-19 16:14:26,564 | INFO | Chunk: 27 | WER=20.000000 | S=2 D=0 I=0
2026-01-19 16:14:26,565 | INFO | Chunk: 28 | WER=30.769231 | S=1 D=7 I=0
2026-01-19 16:14:26,566 | INFO | Chunk: 29 | WER=29.545455 | S=5 D=5 I=3
2026-01-19 16:14:26,566 | INFO | Chunk: 30 | WER=42.857143 | S=1 D=0 I=2
2026-01-19 16:14:26,566 | INFO | Chunk: 31 | WER=10.000000 | S=0 D=1 I=0
2026-01-19 16:14:26,566 | INFO | Chunk: 32 | WER=75.000000 | S=2 D=0 I=1
2026-01-19 16:14:26,567 | INFO | Chunk: 33 | WER=31.250000 | S=1 D=4 I=0
2026-01-19 16:14:26,567 | INFO | Chunk: 34 | WER=60.000000 | S=3 D=0 I=3
2026-01-19 16:14:26,567 | INFO | ------------------------------
2026-01-19 16:14:26,567 | INFO | ------------------------------
2026-01-19 16:14:26,684 | INFO | File: MO_F_SD12_2016_04_25_ModuleDescription_description.wav | WER=24.778761 | S=62 D=60 I=18
2026-01-19 16:14:26,684 | INFO | ------------------------------
2026-01-19 16:14:26,685 | INFO |  File duration: 73.53759637188209 seconds
2026-01-19 16:14:34,497 | INFO | Number of chunks: 9
2026-01-19 16:14:44,003 | INFO | Chunk: 0 | WER=6.250000 | S=1 D=0 I=0
2026-01-19 16:14:44,004 | INFO | Chunk: 1 | WER=25.000000 | S=2 D=2 I=0
2026-01-19 16:14:44,004 | INFO | Chunk: 2 | WER=8.000000 | S=0 D=1 I=1
2026-01-19 16:14:44,005 | INFO | Chunk: 3 | WER=12.244898 | S=1 D=5 I=0
2026-01-19 16:14:44,006 | INFO | Chunk: 4 | WER=3.571429 | S=1 D=0 I=0
2026-01-19 16:14:44,006 | INFO | Chunk: 5 | WER=0.000000 | S=0 D=0 I=0
2026-01-19 16:14:44,007 | INFO | Chunk: 6 | WER=0.000000 | S=0 D=0 I=0
2026-01-19 16:14:44,007 | INFO | Chunk: 7 | WER=200.000000 | S=1 D=0 I=1
2026-01-19 16:14:44,007 | INFO | Chunk: 8 | WER=200.000000 | S=1 D=0 I=1
2026-01-19 16:14:44,007 | INFO | ------------------------------
2026-01-19 16:14:44,007 | INFO | ------------------------------
2026-01-19 16:14:44,019 | INFO | File: MO_F_SD18_2016_05_02_ModuleDescription_description.wav | WER=10.778443 | S=7 D=8 I=3
2026-01-19 16:14:44,019 | INFO | ------------------------------
2026-01-19 16:14:44,020 | INFO |  File duration: 33.274195011337866 seconds
2026-01-19 16:14:48,013 | INFO | Number of chunks: 4
2026-01-19 16:14:52,581 | INFO | Chunk: 0 | WER=23.529412 | S=0 D=8 I=0
2026-01-19 16:14:52,582 | INFO | Chunk: 1 | WER=10.344828 | S=1 D=2 I=0
2026-01-19 16:14:52,583 | INFO | Chunk: 2 | WER=34.782609 | S=5 D=3 I=0
2026-01-19 16:14:52,583 | INFO | Chunk: 3 | WER=0.000000 | S=0 D=0 I=0
2026-01-19 16:14:52,583 | INFO | ------------------------------
2026-01-19 16:14:52,583 | INFO | ------------------------------
2026-01-19 16:14:52,587 | INFO | File: MO_F_SD19_2016_05_02_ModuleDescription_description.wav | WER=21.839080 | S=6 D=13 I=0
2026-01-19 16:14:52,587 | INFO | ------------------------------
2026-01-19 16:14:52,588 | INFO |  File duration: 52.964716553287985 seconds
2026-01-19 16:14:57,797 | INFO | Number of chunks: 18
2026-01-19 16:15:04,286 | INFO | Chunk: 0 | WER=0.000000 | S=0 D=0 I=0
2026-01-19 16:15:04,286 | INFO | Chunk: 1 | WER=25.000000 | S=0 D=0 I=1
2026-01-19 16:15:04,286 | INFO | Chunk: 2 | WER=100.000000 | S=1 D=1 I=0
2026-01-19 16:15:04,287 | INFO | Chunk: 3 | WER=16.666667 | S=1 D=0 I=0
2026-01-19 16:15:04,287 | INFO | Chunk: 4 | WER=14.285714 | S=0 D=0 I=1
2026-01-19 16:15:04,287 | INFO | Chunk: 5 | WER=16.666667 | S=1 D=0 I=0
2026-01-19 16:15:04,287 | INFO | Chunk: 6 | WER=0.000000 | S=0 D=0 I=0
2026-01-19 16:15:04,287 | INFO | Chunk: 7 | WER=25.000000 | S=0 D=0 I=1
2026-01-19 16:15:04,287 | INFO | Chunk: 8 | WER=100.000000 | S=1 D=0 I=0
2026-01-19 16:15:04,287 | INFO | Chunk: 9 | WER=66.666667 | S=1 D=0 I=1
2026-01-19 16:15:04,288 | INFO | Chunk: 10 | WER=0.000000 | S=0 D=0 I=0
2026-01-19 16:15:04,288 | INFO | Chunk: 11 | WER=0.000000 | S=0 D=0 I=0
2026-01-19 16:15:04,288 | INFO | Chunk: 12 | WER=0.000000 | S=0 D=0 I=0
2026-01-19 16:15:04,288 | INFO | Chunk: 13 | WER=0.000000 | S=0 D=0 I=0
2026-01-19 16:15:04,288 | INFO | Chunk: 14 | WER=0.000000 | S=0 D=0 I=0
2026-01-19 16:15:04,288 | INFO | Chunk: 15 | WER=0.000000 | S=0 D=0 I=0
2026-01-19 16:15:04,288 | INFO | Chunk: 16 | WER=75.000000 | S=1 D=0 I=2
2026-01-19 16:15:04,289 | INFO | Chunk: 17 | WER=15.384615 | S=1 D=1 I=0
2026-01-19 16:15:04,289 | INFO | ------------------------------
2026-01-19 16:15:04,289 | INFO | ------------------------------
2026-01-19 16:15:04,294 | INFO | File: MO_F_SD22_2016_05_03_ModuleDescription_description.wav | WER=18.072289 | S=7 D=2 I=6
2026-01-19 16:15:04,294 | INFO | ------------------------------
2026-01-19 16:15:04,294 | INFO |  File duration: 73.74657596371883 seconds
2026-01-19 16:15:14,112 | INFO | Number of chunks: 5
2026-01-19 16:15:24,171 | INFO | Chunk: 0 | WER=16.129032 | S=3 D=1 I=1
2026-01-19 16:15:24,173 | INFO | Chunk: 1 | WER=31.168831 | S=2 D=19 I=3
2026-01-19 16:15:24,175 | INFO | Chunk: 2 | WER=15.789474 | S=6 D=3 I=0
2026-01-19 16:15:24,175 | INFO | Chunk: 3 | WER=10.526316 | S=0 D=2 I=0
2026-01-19 16:15:24,175 | INFO | Chunk: 4 | WER=0.000000 | S=0 D=0 I=0
2026-01-19 16:15:24,176 | INFO | ------------------------------
2026-01-19 16:15:24,176 | INFO | ------------------------------
2026-01-19 16:15:24,191 | INFO | File: MO_F_SD24_2016_05_03_ModuleDescription_description.wav | WER=21.505376 | S=11 D=25 I=4
2026-01-19 16:15:24,191 | INFO | ------------------------------
2026-01-19 16:15:24,206 | INFO |  File duration: 92.39219954648526 seconds
2026-01-19 16:15:32,488 | INFO | Number of chunks: 17
2026-01-19 16:15:43,680 | INFO | Chunk: 0 | WER=34.782609 | S=2 D=6 I=0
2026-01-19 16:15:43,681 | INFO | Chunk: 1 | WER=30.000000 | S=4 D=2 I=0
2026-01-19 16:15:43,681 | INFO | Chunk: 2 | WER=0.000000 | S=0 D=0 I=0
2026-01-19 16:15:43,682 | INFO | Chunk: 3 | WER=8.000000 | S=0 D=2 I=0
2026-01-19 16:15:43,682 | INFO | Chunk: 4 | WER=0.000000 | S=0 D=0 I=0
2026-01-19 16:15:43,682 | INFO | Chunk: 5 | WER=0.000000 | S=0 D=0 I=0
2026-01-19 16:15:43,682 | INFO | Chunk: 6 | WER=16.666667 | S=1 D=1 I=0
2026-01-19 16:15:43,683 | INFO | Chunk: 7 | WER=0.000000 | S=0 D=0 I=0
2026-01-19 16:15:43,683 | INFO | Chunk: 8 | WER=0.000000 | S=0 D=0 I=0
2026-01-19 16:15:43,683 | INFO | Chunk: 9 | WER=20.000000 | S=1 D=0 I=0
2026-01-19 16:15:43,683 | INFO | Chunk: 10 | WER=0.000000 | S=0 D=0 I=0
2026-01-19 16:15:43,683 | INFO | Chunk: 11 | WER=25.000000 | S=1 D=0 I=0
2026-01-19 16:15:43,684 | INFO | Chunk: 12 | WER=26.086957 | S=3 D=2 I=1
2026-01-19 16:15:43,684 | INFO | Chunk: 13 | WER=16.666667 | S=1 D=1 I=0
2026-01-19 16:15:43,684 | INFO | Chunk: 14 | WER=0.000000 | S=0 D=0 I=0
2026-01-19 16:15:43,684 | INFO | Chunk: 15 | WER=0.000000 | S=0 D=0 I=0
2026-01-19 16:15:43,684 | INFO | ------------------------------
2026-01-19 16:15:43,684 | INFO | ------------------------------
2026-01-19 16:15:43,699 | INFO | File: MO_F_SD28_2016_05_20_ModuleDescription_description.wav | WER=17.204301 | S=13 D=14 I=5
2026-01-19 16:15:43,699 | INFO | ------------------------------
2026-01-19 16:15:43,707 | INFO |  File duration: 117.0053514739229 seconds
2026-01-19 16:15:52,739 | INFO | Number of chunks: 23
2026-01-19 16:16:05,234 | INFO | Chunk: 0 | WER=0.000000 | S=0 D=0 I=0
2026-01-19 16:16:05,234 | INFO | Chunk: 1 | WER=20.000000 | S=1 D=0 I=0
2026-01-19 16:16:05,235 | INFO | Chunk: 2 | WER=100.000000 | S=1 D=0 I=0
2026-01-19 16:16:05,235 | INFO | Chunk: 3 | WER=33.333333 | S=1 D=0 I=0
2026-01-19 16:16:05,235 | INFO | Chunk: 4 | WER=18.181818 | S=1 D=1 I=0
2026-01-19 16:16:05,235 | INFO | Chunk: 5 | WER=25.000000 | S=0 D=3 I=0
2026-01-19 16:16:05,236 | INFO | Chunk: 6 | WER=20.000000 | S=1 D=0 I=2
2026-01-19 16:16:05,236 | INFO | Chunk: 7 | WER=0.000000 | S=0 D=0 I=0
2026-01-19 16:16:05,236 | INFO | Chunk: 8 | WER=33.333333 | S=1 D=1 I=0
2026-01-19 16:16:05,237 | INFO | Chunk: 10 | WER=14.285714 | S=1 D=1 I=0
2026-01-19 16:16:05,237 | INFO | Chunk: 11 | WER=33.333333 | S=1 D=0 I=0
2026-01-19 16:16:05,237 | INFO | Chunk: 12 | WER=11.111111 | S=1 D=0 I=0
2026-01-19 16:16:05,237 | INFO | Chunk: 13 | WER=0.000000 | S=0 D=0 I=0
2026-01-19 16:16:05,237 | INFO | Chunk: 14 | WER=0.000000 | S=0 D=0 I=0
2026-01-19 16:16:05,237 | INFO | Chunk: 15 | WER=20.000000 | S=1 D=0 I=0
2026-01-19 16:16:05,238 | INFO | Chunk: 16 | WER=33.333333 | S=0 D=0 I=1
2026-01-19 16:16:05,238 | INFO | Chunk: 17 | WER=28.571429 | S=2 D=0 I=0
2026-01-19 16:16:05,238 | INFO | Chunk: 18 | WER=13.333333 | S=1 D=0 I=1
2026-01-19 16:16:05,238 | INFO | Chunk: 19 | WER=25.000000 | S=1 D=0 I=0
2026-01-19 16:16:05,238 | INFO | Chunk: 20 | WER=0.000000 | S=0 D=0 I=0
2026-01-19 16:16:05,239 | INFO | Chunk: 21 | WER=0.000000 | S=0 D=0 I=0
2026-01-19 16:16:05,239 | INFO | Chunk: 22 | WER=0.000000 | S=0 D=0 I=0
2026-01-19 16:16:05,239 | INFO | ------------------------------
2026-01-19 16:16:05,239 | INFO | ------------------------------
2026-01-19 16:16:05,253 | INFO | File: MO_F_SD32_2016_06_16_ModuleDescription_description.wav | WER=13.559322 | S=15 D=5 I=4
2026-01-19 16:16:05,253 | INFO | ------------------------------
2026-01-19 16:16:05,254 | INFO |  File duration: 299.5374149659864 seconds
2026-01-19 16:16:27,802 | INFO | Number of chunks: 59
2026-01-19 16:17:06,870 | INFO | Chunk: 0 | WER=100.000000 | S=1 D=0 I=0
2026-01-19 16:17:06,871 | INFO | Chunk: 1 | WER=57.142857 | S=3 D=0 I=1
2026-01-19 16:17:06,871 | INFO | Chunk: 2 | WER=33.333333 | S=0 D=0 I=1
2026-01-19 16:17:06,871 | INFO | Chunk: 3 | WER=12.500000 | S=2 D=1 I=0
2026-01-19 16:17:06,874 | INFO | Chunk: 4 | WER=23.809524 | S=4 D=15 I=1
2026-01-19 16:17:06,875 | INFO | Chunk: 5 | WER=41.025641 | S=1 D=15 I=0
2026-01-19 16:17:06,875 | INFO | Chunk: 6 | WER=0.000000 | S=0 D=0 I=0
2026-01-19 16:17:06,875 | INFO | Chunk: 7 | WER=0.000000 | S=0 D=0 I=0
2026-01-19 16:17:06,876 | INFO | Chunk: 8 | WER=17.647059 | S=1 D=2 I=0
2026-01-19 16:17:06,876 | INFO | Chunk: 9 | WER=14.285714 | S=0 D=0 I=1
2026-01-19 16:17:06,877 | INFO | Chunk: 10 | WER=19.444444 | S=1 D=5 I=1
2026-01-19 16:17:06,877 | INFO | Chunk: 11 | WER=0.000000 | S=0 D=0 I=0
2026-01-19 16:17:06,877 | INFO | Chunk: 12 | WER=15.000000 | S=0 D=0 I=3
2026-01-19 16:17:06,878 | INFO | Chunk: 13 | WER=8.333333 | S=1 D=0 I=0
2026-01-19 16:17:06,878 | INFO | Chunk: 15 | WER=60.000000 | S=4 D=0 I=2
2026-01-19 16:17:06,878 | INFO | Chunk: 16 | WER=150.000000 | S=0 D=0 I=6
2026-01-19 16:17:06,878 | INFO | Chunk: 17 | WER=85.714286 | S=1 D=5 I=0
2026-01-19 16:17:06,878 | INFO | Chunk: 18 | WER=100.000000 | S=1 D=1 I=0
2026-01-19 16:17:06,878 | INFO | Chunk: 19 | WER=11.111111 | S=1 D=0 I=0
2026-01-19 16:17:06,879 | INFO | Chunk: 20 | WER=0.000000 | S=0 D=0 I=0
2026-01-19 16:17:06,879 | INFO | Chunk: 21 | WER=100.000000 | S=1 D=0 I=0
2026-01-19 16:17:06,879 | INFO | Chunk: 22 | WER=30.000000 | S=3 D=3 I=0
2026-01-19 16:17:06,879 | INFO | Chunk: 23 | WER=62.500000 | S=3 D=1 I=1
2026-01-19 16:17:06,879 | INFO | Chunk: 24 | WER=0.000000 | S=0 D=0 I=0
2026-01-19 16:17:06,880 | INFO | Chunk: 25 | WER=37.500000 | S=2 D=0 I=1
2026-01-19 16:17:06,880 | INFO | Chunk: 26 | WER=66.666667 | S=2 D=0 I=0
2026-01-19 16:17:06,880 | INFO | Chunk: 27 | WER=100.000000 | S=3 D=3 I=0
2026-01-19 16:17:06,880 | INFO | Chunk: 28 | WER=28.571429 | S=1 D=0 I=1
2026-01-19 16:17:06,880 | INFO | Chunk: 29 | WER=100.000000 | S=5 D=0 I=0
2026-01-19 16:17:06,881 | INFO | Chunk: 30 | WER=30.769231 | S=4 D=4 I=0
2026-01-19 16:17:06,881 | INFO | Chunk: 31 | WER=50.000000 | S=2 D=1 I=0
2026-01-19 16:17:06,881 | INFO | Chunk: 32 | WER=0.000000 | S=0 D=0 I=0
2026-01-19 16:17:06,881 | INFO | Chunk: 33 | WER=50.000000 | S=2 D=0 I=0
2026-01-19 16:17:06,881 | INFO | Chunk: 34 | WER=100.000000 | S=0 D=0 I=1
2026-01-19 16:17:06,882 | INFO | Chunk: 35 | WER=0.000000 | S=0 D=0 I=0
2026-01-19 16:17:06,882 | INFO | Chunk: 38 | WER=42.105263 | S=1 D=6 I=1
2026-01-19 16:17:06,882 | INFO | Chunk: 39 | WER=42.857143 | S=1 D=1 I=1
2026-01-19 16:17:06,882 | INFO | Chunk: 40 | WER=30.000000 | S=2 D=0 I=1
2026-01-19 16:17:06,883 | INFO | Chunk: 41 | WER=100.000000 | S=3 D=0 I=1
2026-01-19 16:17:06,883 | INFO | Chunk: 42 | WER=38.095238 | S=2 D=6 I=0
2026-01-19 16:17:06,883 | INFO | Chunk: 43 | WER=6.666667 | S=1 D=0 I=0
2026-01-19 16:17:06,884 | INFO | Chunk: 44 | WER=0.000000 | S=0 D=0 I=0
2026-01-19 16:17:06,884 | INFO | Chunk: 45 | WER=0.000000 | S=0 D=0 I=0
2026-01-19 16:17:06,884 | INFO | Chunk: 46 | WER=10.000000 | S=0 D=2 I=0
2026-01-19 16:17:06,884 | INFO | Chunk: 47 | WER=0.000000 | S=0 D=0 I=0
2026-01-19 16:17:06,885 | INFO | Chunk: 48 | WER=23.809524 | S=1 D=0 I=4
2026-01-19 16:17:06,885 | INFO | Chunk: 49 | WER=41.666667 | S=0 D=5 I=0
2026-01-19 16:17:06,885 | INFO | Chunk: 50 | WER=88.888889 | S=8 D=0 I=0
2026-01-19 16:17:06,885 | INFO | Chunk: 51 | WER=0.000000 | S=0 D=0 I=0
2026-01-19 16:17:06,886 | INFO | Chunk: 52 | WER=6.666667 | S=1 D=0 I=0
2026-01-19 16:17:06,886 | INFO | Chunk: 53 | WER=0.000000 | S=0 D=0 I=0
2026-01-19 16:17:06,886 | INFO | Chunk: 54 | WER=11.111111 | S=1 D=0 I=0
2026-01-19 16:17:06,886 | INFO | Chunk: 55 | WER=0.000000 | S=0 D=0 I=0
2026-01-19 16:17:06,886 | INFO | Chunk: 56 | WER=22.222222 | S=1 D=0 I=1
2026-01-19 16:17:06,887 | INFO | Chunk: 57 | WER=46.153846 | S=5 D=1 I=0
2026-01-19 16:17:06,887 | INFO | Chunk: 58 | WER=0.000000 | S=0 D=0 I=0
2026-01-19 16:17:06,887 | INFO | ------------------------------
2026-01-19 16:17:06,887 | INFO | ------------------------------
2026-01-19 16:17:07,051 | INFO | File: MO_F_SD33_2016_06_22_ModuleDescription_description.wav | WER=26.696833 | S=89 D=65 I=23
2026-01-19 16:17:07,051 | INFO | ------------------------------
2026-01-19 16:17:07,067 | INFO |  File duration: 81.36272108843538 seconds
2026-01-19 16:17:15,333 | INFO | Number of chunks: 8
2026-01-19 16:17:25,698 | INFO | Chunk: 0 | WER=75.510204 | S=4 D=70 I=0
2026-01-19 16:17:25,699 | INFO | Chunk: 1 | WER=38.888889 | S=4 D=2 I=1
2026-01-19 16:17:25,699 | INFO | Chunk: 2 | WER=7.142857 | S=1 D=0 I=0
2026-01-19 16:17:25,699 | INFO | Chunk: 3 | WER=15.384615 | S=1 D=1 I=0
2026-01-19 16:17:25,700 | INFO | Chunk: 4 | WER=17.241379 | S=1 D=4 I=0
2026-01-19 16:17:25,701 | INFO | Chunk: 5 | WER=20.454545 | S=2 D=7 I=0
2026-01-19 16:17:25,702 | INFO | Chunk: 6 | WER=5.555556 | S=0 D=1 I=0
2026-01-19 16:17:25,702 | INFO | Chunk: 7 | WER=29.629630 | S=0 D=8 I=0
2026-01-19 16:17:25,702 | INFO | ------------------------------
2026-01-19 16:17:25,702 | INFO | ------------------------------
2026-01-19 16:17:25,721 | INFO | File: MO_F_SD35_2016_06_23_ModuleDescription_description.wav | WER=40.996169 | S=13 D=93 I=1
2026-01-19 16:17:25,721 | INFO | ------------------------------
2026-01-19 16:17:25,722 | INFO |  File duration: 90.9990022675737 seconds
2026-01-19 16:17:37,759 | INFO | Number of chunks: 8
2026-01-19 16:17:50,006 | INFO | Chunk: 0 | WER=14.285714 | S=0 D=1 I=0
2026-01-19 16:17:50,008 | INFO | Chunk: 1 | WER=46.376812 | S=18 D=13 I=1
2026-01-19 16:17:50,009 | INFO | Chunk: 2 | WER=14.285714 | S=1 D=2 I=0
2026-01-19 16:17:50,010 | INFO | Chunk: 3 | WER=7.894737 | S=1 D=2 I=0
2026-01-19 16:17:50,010 | INFO | Chunk: 4 | WER=30.000000 | S=5 D=1 I=0
2026-01-19 16:17:50,011 | INFO | Chunk: 5 | WER=4.000000 | S=0 D=1 I=0
2026-01-19 16:17:50,011 | INFO | Chunk: 6 | WER=23.529412 | S=1 D=3 I=0
2026-01-19 16:17:50,011 | INFO | Chunk: 7 | WER=0.000000 | S=0 D=0 I=0
2026-01-19 16:17:50,011 | INFO | ------------------------------
2026-01-19 16:17:50,011 | INFO | ------------------------------
2026-01-19 16:17:50,027 | INFO | File: MO_F_SD38_2016_06_28_ModuleDescription_description.wav | WER=24.630542 | S=26 D=23 I=1
2026-01-19 16:17:50,028 | INFO | ------------------------------
2026-01-19 16:17:50,038 | INFO |  File duration: 41.98167800453515 seconds
2026-01-19 16:17:55,396 | INFO | Number of chunks: 6
2026-01-19 16:18:01,061 | INFO | Chunk: 0 | WER=100.000000 | S=1 D=1 I=0
2026-01-19 16:18:01,061 | INFO | Chunk: 1 | WER=50.000000 | S=1 D=0 I=1
2026-01-19 16:18:01,062 | INFO | Chunk: 2 | WER=0.000000 | S=0 D=0 I=0
2026-01-19 16:18:01,062 | INFO | Chunk: 3 | WER=0.000000 | S=0 D=0 I=0
2026-01-19 16:18:01,063 | INFO | Chunk: 4 | WER=20.000000 | S=5 D=4 I=0
2026-01-19 16:18:01,063 | INFO | ------------------------------
2026-01-19 16:18:01,063 | INFO | ------------------------------
2026-01-19 16:18:01,068 | INFO | File: MO_H_AV10_2016_04_15_ModuleDescription_description.wav | WER=16.666667 | S=9 D=3 I=3
2026-01-19 16:18:01,069 | INFO | ------------------------------
2026-01-19 16:18:01,086 | INFO |  File duration: 39.450702947845805 seconds
2026-01-19 16:18:04,714 | INFO | Number of chunks: 7
2026-01-19 16:18:09,347 | INFO | Chunk: 0 | WER=40.000000 | S=1 D=0 I=1
2026-01-19 16:18:09,347 | INFO | Chunk: 1 | WER=0.000000 | S=0 D=0 I=0
2026-01-19 16:18:09,347 | INFO | Chunk: 2 | WER=66.666667 | S=1 D=0 I=1
2026-01-19 16:18:09,348 | INFO | Chunk: 3 | WER=0.000000 | S=0 D=0 I=0
2026-01-19 16:18:09,348 | INFO | Chunk: 4 | WER=11.111111 | S=1 D=3 I=0
2026-01-19 16:18:09,349 | INFO | Chunk: 5 | WER=38.461538 | S=2 D=2 I=1
2026-01-19 16:18:09,349 | INFO | Chunk: 6 | WER=80.000000 | S=3 D=1 I=0
2026-01-19 16:18:09,349 | INFO | ------------------------------
2026-01-19 16:18:09,349 | INFO | ------------------------------
2026-01-19 16:18:09,353 | INFO | File: MO_H_AV18_2016_04_18_ModuleDescription_description.wav | WER=21.794872 | S=8 D=6 I=3
2026-01-19 16:18:09,353 | INFO | ------------------------------
2026-01-19 16:18:09,366 | INFO |  File duration: 44.860952380952384 seconds
2026-01-19 16:18:13,645 | INFO | Number of chunks: 14
2026-01-19 16:18:18,783 | INFO | Chunk: 0 | WER=12.500000 | S=1 D=0 I=0
2026-01-19 16:18:18,783 | INFO | Chunk: 1 | WER=0.000000 | S=0 D=0 I=0
2026-01-19 16:18:18,783 | INFO | Chunk: 2 | WER=100.000000 | S=2 D=0 I=0
2026-01-19 16:18:18,783 | INFO | Chunk: 3 | WER=66.666667 | S=2 D=0 I=0
2026-01-19 16:18:18,784 | INFO | Chunk: 4 | WER=100.000000 | S=3 D=0 I=1
2026-01-19 16:18:18,784 | INFO | Chunk: 5 | WER=0.000000 | S=0 D=0 I=0
2026-01-19 16:18:18,784 | INFO | Chunk: 6 | WER=75.000000 | S=3 D=0 I=0
2026-01-19 16:18:18,784 | INFO | Chunk: 7 | WER=100.000000 | S=1 D=0 I=0
2026-01-19 16:18:18,784 | INFO | Chunk: 8 | WER=33.333333 | S=2 D=2 I=0
2026-01-19 16:18:18,784 | INFO | Chunk: 11 | WER=0.000000 | S=0 D=0 I=0
2026-01-19 16:18:18,785 | INFO | Chunk: 12 | WER=100.000000 | S=4 D=5 I=0
2026-01-19 16:18:18,785 | INFO | Chunk: 13 | WER=50.000000 | S=2 D=1 I=0
2026-01-19 16:18:18,785 | INFO | ------------------------------
2026-01-19 16:18:18,785 | INFO | ------------------------------
2026-01-19 16:18:18,789 | INFO | File: MO_H_AV19_2016_04_18_ModuleDescription_description.wav | WER=45.833333 | S=21 D=6 I=6
2026-01-19 16:18:18,789 | INFO | ------------------------------
2026-01-19 16:18:18,790 | INFO |  File duration: 76.74195011337868 seconds
2026-01-19 16:18:28,155 | INFO | Number of chunks: 9
2026-01-19 16:18:37,973 | INFO | Chunk: 0 | WER=22.807018 | S=3 D=10 I=0
2026-01-19 16:18:37,973 | INFO | Chunk: 1 | WER=3.225806 | S=0 D=1 I=0
2026-01-19 16:18:37,974 | INFO | Chunk: 2 | WER=0.000000 | S=0 D=0 I=0
2026-01-19 16:18:37,974 | INFO | Chunk: 3 | WER=6.666667 | S=1 D=0 I=0
2026-01-19 16:18:37,974 | INFO | Chunk: 4 | WER=0.000000 | S=0 D=0 I=0
2026-01-19 16:18:37,974 | INFO | Chunk: 5 | WER=42.857143 | S=1 D=2 I=0
2026-01-19 16:18:37,975 | INFO | Chunk: 6 | WER=0.000000 | S=0 D=0 I=0
2026-01-19 16:18:37,975 | INFO | Chunk: 7 | WER=0.000000 | S=0 D=0 I=0
2026-01-19 16:18:37,975 | INFO | Chunk: 8 | WER=15.000000 | S=3 D=0 I=0
2026-01-19 16:18:37,975 | INFO | ------------------------------
2026-01-19 16:18:37,975 | INFO | ------------------------------
2026-01-19 16:18:37,986 | INFO | File: MO_H_AV22_2016_04_19_ModuleDescription_description.wav | WER=13.461538 | S=8 D=13 I=0
2026-01-19 16:18:37,986 | INFO | ------------------------------
2026-01-19 16:18:38,001 | INFO |  File duration: 109.3427664399093 seconds
2026-01-19 16:18:49,342 | INFO | Number of chunks: 15
2026-01-19 16:19:04,431 | INFO | Chunk: 0 | WER=44.444444 | S=4 D=4 I=0
2026-01-19 16:19:04,432 | INFO | Chunk: 1 | WER=7.142857 | S=1 D=1 I=1
2026-01-19 16:19:04,433 | INFO | Chunk: 2 | WER=6.451613 | S=0 D=1 I=1
2026-01-19 16:19:04,433 | INFO | Chunk: 3 | WER=0.000000 | S=0 D=0 I=0
2026-01-19 16:19:04,433 | INFO | Chunk: 4 | WER=13.043478 | S=1 D=0 I=2
2026-01-19 16:19:04,434 | INFO | Chunk: 5 | WER=0.000000 | S=0 D=0 I=0
2026-01-19 16:19:04,434 | INFO | Chunk: 6 | WER=11.111111 | S=2 D=0 I=0
2026-01-19 16:19:04,434 | INFO | Chunk: 7 | WER=18.181818 | S=1 D=0 I=1
2026-01-19 16:19:04,435 | INFO | Chunk: 8 | WER=9.090909 | S=0 D=1 I=1
2026-01-19 16:19:04,435 | INFO | Chunk: 9 | WER=0.000000 | S=0 D=0 I=0
2026-01-19 16:19:04,435 | INFO | Chunk: 10 | WER=11.111111 | S=1 D=0 I=0
2026-01-19 16:19:04,435 | INFO | Chunk: 11 | WER=0.000000 | S=0 D=0 I=0
2026-01-19 16:19:04,435 | INFO | Chunk: 12 | WER=0.000000 | S=0 D=0 I=0
2026-01-19 16:19:04,436 | INFO | Chunk: 13 | WER=0.000000 | S=0 D=0 I=0
2026-01-19 16:19:04,436 | INFO | Chunk: 14 | WER=4.347826 | S=0 D=1 I=0
2026-01-19 16:19:04,436 | INFO | ------------------------------
2026-01-19 16:19:04,436 | INFO | ------------------------------
2026-01-19 16:19:04,458 | INFO | File: MO_H_AV22_2016_06_09_ModuleDescription_description.wav | WER=10.572687 | S=10 D=8 I=6
2026-01-19 16:19:04,458 | INFO | ------------------------------
2026-01-19 16:19:04,459 | INFO |  File duration: 31.346938775510203 seconds
2026-01-19 16:19:09,225 | INFO | Number of chunks: 5
2026-01-19 16:19:14,175 | INFO | Chunk: 0 | WER=17.948718 | S=3 D=3 I=1
2026-01-19 16:19:14,176 | INFO | Chunk: 1 | WER=0.000000 | S=0 D=0 I=0
2026-01-19 16:19:14,176 | INFO | Chunk: 2 | WER=0.000000 | S=0 D=0 I=0
2026-01-19 16:19:14,176 | INFO | Chunk: 3 | WER=0.000000 | S=0 D=0 I=0
2026-01-19 16:19:14,176 | INFO | Chunk: 4 | WER=0.000000 | S=0 D=0 I=0
2026-01-19 16:19:14,176 | INFO | ------------------------------
2026-01-19 16:19:14,176 | INFO | ------------------------------
2026-01-19 16:19:14,181 | INFO | File: MO_H_AV24_2016_05_14_ModuleDescription_description.wav | WER=8.433735 | S=3 D=3 I=1
2026-01-19 16:19:14,181 | INFO | ------------------------------
2026-01-19 16:19:14,193 | INFO |  File duration: 61.37034013605442 seconds
2026-01-19 16:19:21,965 | INFO | Number of chunks: 9
2026-01-19 16:19:29,297 | INFO | Chunk: 0 | WER=10.000000 | S=0 D=0 I=1
2026-01-19 16:19:29,298 | INFO | Chunk: 1 | WER=19.512195 | S=1 D=7 I=0
2026-01-19 16:19:29,298 | INFO | Chunk: 2 | WER=0.000000 | S=0 D=0 I=0
2026-01-19 16:19:29,299 | INFO | Chunk: 3 | WER=30.769231 | S=2 D=2 I=0
2026-01-19 16:19:29,299 | INFO | Chunk: 4 | WER=15.384615 | S=2 D=0 I=0
2026-01-19 16:19:29,299 | INFO | Chunk: 5 | WER=40.000000 | S=3 D=3 I=0
2026-01-19 16:19:29,300 | INFO | Chunk: 6 | WER=0.000000 | S=0 D=0 I=0
2026-01-19 16:19:29,300 | INFO | Chunk: 7 | WER=0.000000 | S=0 D=0 I=0
2026-01-19 16:19:29,300 | INFO | Chunk: 8 | WER=20.000000 | S=0 D=0 I=1
2026-01-19 16:19:29,300 | INFO | ------------------------------
2026-01-19 16:19:29,300 | INFO | ------------------------------
2026-01-19 16:19:29,307 | INFO | File: MO_H_AV30_2016_06_05_ModuleDescription_description.wav | WER=18.965517 | S=8 D=12 I=2
2026-01-19 16:19:29,307 | INFO | ------------------------------
2026-01-19 16:19:29,308 | INFO |  File duration: 47.972426303854874 seconds
2026-01-19 16:19:33,435 | INFO | Number of chunks: 4
2026-01-19 16:19:39,006 | INFO | Chunk: 1 | WER=54.430380 | S=1 D=42 I=0
2026-01-19 16:19:39,007 | INFO | Chunk: 2 | WER=23.913043 | S=6 D=5 I=0
2026-01-19 16:19:39,007 | INFO | Chunk: 3 | WER=71.428571 | S=2 D=3 I=0
2026-01-19 16:19:39,007 | INFO | ------------------------------
2026-01-19 16:19:39,007 | INFO | ------------------------------
2026-01-19 16:19:39,014 | INFO | File: MO_H_AV33_2016_06_06_ModuleDescription_description.wav | WER=48.484848 | S=9 D=50 I=5
2026-01-19 16:19:39,014 | INFO | ------------------------------
2026-01-19 16:19:39,015 | INFO |  File duration: 36.6875283446712 seconds
2026-01-19 16:19:44,129 | INFO | Number of chunks: 2
2026-01-19 16:19:48,859 | INFO | Chunk: 0 | WER=38.271605 | S=6 D=24 I=1
2026-01-19 16:19:48,860 | INFO | Chunk: 1 | WER=6.666667 | S=1 D=1 I=0
2026-01-19 16:19:48,860 | INFO | ------------------------------
2026-01-19 16:19:48,860 | INFO | ------------------------------
2026-01-19 16:19:48,865 | INFO | File: MO_H_AV37_2016_06_08_ModuleDescription_description.wav | WER=29.729730 | S=7 D=25 I=1
2026-01-19 16:19:48,865 | INFO | ------------------------------
2026-01-19 16:19:48,866 | INFO |  File duration: 33.065215419501136 seconds
2026-01-19 16:19:54,080 | INFO | Number of chunks: 4
2026-01-19 16:19:59,288 | INFO | Chunk: 0 | WER=26.190476 | S=8 D=3 I=0
2026-01-19 16:19:59,288 | INFO | Chunk: 1 | WER=0.000000 | S=0 D=0 I=0
2026-01-19 16:19:59,289 | INFO | Chunk: 2 | WER=14.285714 | S=1 D=0 I=0
2026-01-19 16:19:59,289 | INFO | Chunk: 3 | WER=7.692308 | S=1 D=0 I=0
2026-01-19 16:19:59,289 | INFO | ------------------------------
2026-01-19 16:19:59,289 | INFO | ------------------------------
2026-01-19 16:19:59,293 | INFO | File: MO_H_AV38_2016_06_10_ModuleDescription_description.wav | WER=17.333333 | S=10 D=3 I=0
2026-01-19 16:19:59,293 | INFO | ------------------------------
2026-01-19 16:19:59,308 | INFO |  File duration: 66.20009070294785 seconds
2026-01-19 16:20:03,082 | INFO | Number of chunks: 6
2026-01-19 16:20:09,587 | INFO | Chunk: 0 | WER=62.962963 | S=1 D=33 I=0
2026-01-19 16:20:09,588 | INFO | Chunk: 1 | WER=4.166667 | S=0 D=1 I=0
2026-01-19 16:20:09,588 | INFO | Chunk: 2 | WER=0.000000 | S=0 D=0 I=0
2026-01-19 16:20:09,589 | INFO | Chunk: 3 | WER=10.714286 | S=1 D=2 I=0
2026-01-19 16:20:09,589 | INFO | Chunk: 4 | WER=11.764706 | S=2 D=0 I=0
2026-01-19 16:20:09,589 | INFO | Chunk: 5 | WER=25.000000 | S=0 D=0 I=1
2026-01-19 16:20:09,589 | INFO | ------------------------------
2026-01-19 16:20:09,589 | INFO | ------------------------------
2026-01-19 16:20:09,596 | INFO | File: MO_H_ER09_2016_04_07_ModuleDescription_description.wav | WER=31.538462 | S=4 D=36 I=1
2026-01-19 16:20:09,596 | INFO | ------------------------------
2026-01-19 16:20:09,615 | INFO |  File duration: 56.447709750566894 seconds
2026-01-19 16:20:16,880 | INFO | Number of chunks: 3
2026-01-19 16:20:23,398 | INFO | Chunk: 0 | WER=85.714286 | S=4 D=2 I=0
2026-01-19 16:20:23,400 | INFO | Chunk: 1 | WER=15.254237 | S=2 D=7 I=0
2026-01-19 16:20:23,402 | INFO | Chunk: 2 | WER=27.419355 | S=2 D=14 I=1
2026-01-19 16:20:23,402 | INFO | ------------------------------
2026-01-19 16:20:23,402 | INFO | ------------------------------
2026-01-19 16:20:23,409 | INFO | File: MO_H_ER09_2016_06_08_ModuleDescription_description.wav | WER=25.000000 | S=8 D=23 I=1
2026-01-19 16:20:23,409 | INFO | ------------------------------
2026-01-19 16:20:23,435 | INFO |  File duration: 65.57315192743764 seconds
2026-01-19 16:20:29,254 | INFO | Number of chunks: 13
2026-01-19 16:20:38,796 | INFO | Chunk: 0 | WER=16.666667 | S=0 D=1 I=0
2026-01-19 16:20:38,796 | INFO | Chunk: 1 | WER=5.882353 | S=0 D=1 I=0
2026-01-19 16:20:38,796 | INFO | Chunk: 2 | WER=0.000000 | S=0 D=0 I=0
2026-01-19 16:20:38,797 | INFO | Chunk: 3 | WER=18.181818 | S=3 D=3 I=2
2026-01-19 16:20:38,798 | INFO | Chunk: 4 | WER=28.571429 | S=2 D=4 I=0
2026-01-19 16:20:38,798 | INFO | Chunk: 5 | WER=0.000000 | S=0 D=0 I=0
2026-01-19 16:20:38,798 | INFO | Chunk: 6 | WER=11.111111 | S=0 D=0 I=1
2026-01-19 16:20:38,798 | INFO | Chunk: 7 | WER=37.500000 | S=2 D=1 I=0
2026-01-19 16:20:38,799 | INFO | Chunk: 8 | WER=12.121212 | S=1 D=1 I=2
2026-01-19 16:20:38,799 | INFO | Chunk: 9 | WER=0.000000 | S=0 D=0 I=0
2026-01-19 16:20:38,799 | INFO | Chunk: 10 | WER=25.000000 | S=1 D=0 I=1
2026-01-19 16:20:38,800 | INFO | Chunk: 11 | WER=0.000000 | S=0 D=0 I=0
2026-01-19 16:20:38,800 | INFO | Chunk: 12 | WER=66.666667 | S=0 D=2 I=0
2026-01-19 16:20:38,800 | INFO | ------------------------------
2026-01-19 16:20:38,800 | INFO | ------------------------------
2026-01-19 16:20:38,811 | INFO | File: MO_H_ER17_2016_04_08_ModuleDescription_description.wav | WER=17.610063 | S=9 D=13 I=6
2026-01-19 16:20:38,811 | INFO | ------------------------------
2026-01-19 16:20:38,812 | INFO |  File duration: 67.17532879818594 seconds
2026-01-19 16:20:47,318 | INFO | Number of chunks: 3
2026-01-19 16:20:55,253 | INFO | Chunk: 0 | WER=38.805970 | S=6 D=18 I=2
2026-01-19 16:20:55,254 | INFO | Chunk: 1 | WER=19.230769 | S=2 D=8 I=0
2026-01-19 16:20:55,255 | INFO | Chunk: 2 | WER=8.888889 | S=1 D=2 I=1
2026-01-19 16:20:55,255 | INFO | ------------------------------
2026-01-19 16:20:55,255 | INFO | ------------------------------
2026-01-19 16:20:55,266 | INFO | File: MO_H_ER23_2016_04_14_ModuleDescription_description.wav | WER=24.390244 | S=9 D=28 I=3
2026-01-19 16:20:55,266 | INFO | ------------------------------
2026-01-19 16:20:55,281 | INFO |  File duration: 91.9742403628118 seconds
2026-01-19 16:21:03,401 | INFO | Number of chunks: 8
2026-01-19 16:21:12,199 | INFO | Chunk: 0 | WER=11.363636 | S=1 D=4 I=0
2026-01-19 16:21:12,199 | INFO | Chunk: 1 | WER=60.606061 | S=3 D=16 I=1
2026-01-19 16:21:12,200 | INFO | Chunk: 2 | WER=23.529412 | S=2 D=1 I=1
2026-01-19 16:21:12,200 | INFO | Chunk: 3 | WER=9.090909 | S=1 D=0 I=0
2026-01-19 16:21:12,200 | INFO | Chunk: 4 | WER=14.285714 | S=0 D=0 I=1
2026-01-19 16:21:12,201 | INFO | Chunk: 5 | WER=13.513514 | S=4 D=1 I=0
2026-01-19 16:21:12,201 | INFO | Chunk: 6 | WER=16.666667 | S=1 D=0 I=0
2026-01-19 16:21:12,201 | INFO | Chunk: 7 | WER=80.000000 | S=3 D=0 I=1
2026-01-19 16:21:12,201 | INFO | ------------------------------
2026-01-19 16:21:12,201 | INFO | ------------------------------
2026-01-19 16:21:12,212 | INFO | File: MO_H_ER24_2016_04_15_ModuleDescription_description.wav | WER=25.000000 | S=16 D=21 I=3
2026-01-19 16:21:12,212 | INFO | ------------------------------
2026-01-19 16:21:12,213 | INFO |  File duration: 88.46802721088436 seconds
2026-01-19 16:21:20,382 | INFO | Number of chunks: 16
2026-01-19 16:21:30,945 | INFO | Chunk: 0 | WER=12.500000 | S=0 D=1 I=0
2026-01-19 16:21:30,945 | INFO | Chunk: 1 | WER=0.000000 | S=0 D=0 I=0
2026-01-19 16:21:30,945 | INFO | Chunk: 2 | WER=0.000000 | S=0 D=0 I=0
2026-01-19 16:21:30,946 | INFO | Chunk: 3 | WER=14.285714 | S=1 D=0 I=0
2026-01-19 16:21:30,946 | INFO | Chunk: 4 | WER=0.000000 | S=0 D=0 I=0
2026-01-19 16:21:30,946 | INFO | Chunk: 5 | WER=0.000000 | S=0 D=0 I=0
2026-01-19 16:21:30,946 | INFO | Chunk: 6 | WER=10.000000 | S=1 D=0 I=0
2026-01-19 16:21:30,946 | INFO | Chunk: 7 | WER=0.000000 | S=0 D=0 I=0
2026-01-19 16:21:30,947 | INFO | Chunk: 8 | WER=10.000000 | S=1 D=0 I=0
2026-01-19 16:21:30,947 | INFO | Chunk: 9 | WER=11.764706 | S=1 D=1 I=0
2026-01-19 16:21:30,947 | INFO | Chunk: 10 | WER=0.000000 | S=0 D=0 I=0
2026-01-19 16:21:30,947 | INFO | Chunk: 11 | WER=0.000000 | S=0 D=0 I=0
2026-01-19 16:21:30,948 | INFO | Chunk: 12 | WER=0.000000 | S=0 D=0 I=0
2026-01-19 16:21:30,949 | INFO | Chunk: 13 | WER=0.000000 | S=0 D=0 I=0
2026-01-19 16:21:30,949 | INFO | ------------------------------
2026-01-19 16:21:30,949 | INFO | ------------------------------
2026-01-19 16:21:30,960 | INFO | File: MO_H_ER27_2016_04_18_ModuleDescription_description.wav | WER=7.189542 | S=4 D=2 I=5
2026-01-19 16:21:30,960 | INFO | ------------------------------
2026-01-19 16:21:30,971 | INFO |  File duration: 24.589931972789117 seconds
2026-01-19 16:21:34,397 | INFO | Number of chunks: 2
2026-01-19 16:21:37,586 | INFO | Chunk: 0 | WER=20.370370 | S=2 D=8 I=1
2026-01-19 16:21:37,586 | INFO | Chunk: 1 | WER=100.000000 | S=2 D=0 I=0
2026-01-19 16:21:37,586 | INFO | ------------------------------
2026-01-19 16:21:37,587 | INFO | ------------------------------
2026-01-19 16:21:37,589 | INFO | File: MO_H_ER40_2017_01_24_ModuleDescription_description.wav | WER=23.214286 | S=4 D=8 I=1
2026-01-19 16:21:37,589 | INFO | ------------------------------
2026-01-19 16:21:37,614 | INFO |  File duration: 54.102494331065756 seconds
2026-01-19 16:21:44,092 | INFO | Number of chunks: 2
2026-01-19 16:21:50,044 | INFO | Chunk: 0 | WER=46.153846 | S=7 D=27 I=2
2026-01-19 16:21:50,045 | INFO | Chunk: 1 | WER=27.272727 | S=3 D=11 I=1
2026-01-19 16:21:50,045 | INFO | ------------------------------
2026-01-19 16:21:50,045 | INFO | ------------------------------
2026-01-19 16:21:50,052 | INFO | File: MO_H_ER40_2017_05_23_ModuleDescription_description.wav | WER=38.345865 | S=10 D=38 I=3
2026-01-19 16:21:50,052 | INFO | ------------------------------
2026-01-19 16:21:50,071 | INFO |  File duration: 102.02848072562358 seconds
2026-01-19 16:21:56,666 | INFO | Number of chunks: 21
2026-01-19 16:22:07,630 | INFO | Chunk: 0 | WER=20.000000 | S=2 D=0 I=0
2026-01-19 16:22:07,630 | INFO | Chunk: 1 | WER=33.333333 | S=2 D=0 I=0
2026-01-19 16:22:07,630 | INFO | Chunk: 2 | WER=60.000000 | S=2 D=0 I=1
2026-01-19 16:22:07,631 | INFO | Chunk: 3 | WER=0.000000 | S=0 D=0 I=0
2026-01-19 16:22:07,631 | INFO | Chunk: 4 | WER=16.666667 | S=1 D=0 I=0
2026-01-19 16:22:07,631 | INFO | Chunk: 5 | WER=7.142857 | S=2 D=0 I=0
2026-01-19 16:22:07,632 | INFO | Chunk: 6 | WER=0.000000 | S=0 D=0 I=0
2026-01-19 16:22:07,632 | INFO | Chunk: 7 | WER=0.000000 | S=0 D=0 I=0
2026-01-19 16:22:07,632 | INFO | Chunk: 8 | WER=16.666667 | S=2 D=0 I=0
2026-01-19 16:22:07,632 | INFO | Chunk: 9 | WER=0.000000 | S=0 D=0 I=0
2026-01-19 16:22:07,632 | INFO | Chunk: 10 | WER=0.000000 | S=0 D=0 I=0
2026-01-19 16:22:07,633 | INFO | Chunk: 11 | WER=0.000000 | S=0 D=0 I=0
2026-01-19 16:22:07,633 | INFO | Chunk: 12 | WER=100.000000 | S=1 D=0 I=0
2026-01-19 16:22:07,633 | INFO | Chunk: 13 | WER=13.333333 | S=2 D=0 I=0
2026-01-19 16:22:07,633 | INFO | Chunk: 14 | WER=0.000000 | S=0 D=0 I=0
2026-01-19 16:22:07,633 | INFO | Chunk: 15 | WER=0.000000 | S=0 D=0 I=0
2026-01-19 16:22:07,633 | INFO | Chunk: 16 | WER=0.000000 | S=0 D=0 I=0
2026-01-19 16:22:07,634 | INFO | Chunk: 17 | WER=0.000000 | S=0 D=0 I=0
2026-01-19 16:22:07,634 | INFO | Chunk: 18 | WER=20.000000 | S=0 D=2 I=0
2026-01-19 16:22:07,634 | INFO | Chunk: 19 | WER=16.666667 | S=1 D=0 I=0
2026-01-19 16:22:07,634 | INFO | Chunk: 20 | WER=0.000000 | S=0 D=0 I=0
2026-01-19 16:22:07,634 | INFO | ------------------------------
2026-01-19 16:22:07,634 | INFO | ------------------------------
2026-01-19 16:22:07,646 | INFO | File: MO_H_ER41_2017_01_24_ModuleDescription_description.wav | WER=11.464968 | S=15 D=2 I=1
2026-01-19 16:22:07,646 | INFO | ------------------------------
2026-01-19 16:22:07,647 | INFO |  File duration: 74.60571428571428 seconds
2026-01-19 16:22:12,200 | INFO | Number of chunks: 13
2026-01-19 16:22:19,201 | INFO | Chunk: 0 | WER=20.000000 | S=2 D=0 I=0
2026-01-19 16:22:19,201 | INFO | Chunk: 1 | WER=0.000000 | S=0 D=0 I=0
2026-01-19 16:22:19,201 | INFO | Chunk: 2 | WER=20.000000 | S=1 D=0 I=0
2026-01-19 16:22:19,202 | INFO | Chunk: 3 | WER=0.000000 | S=0 D=0 I=0
2026-01-19 16:22:19,202 | INFO | Chunk: 4 | WER=12.500000 | S=2 D=1 I=0
2026-01-19 16:22:19,202 | INFO | Chunk: 5 | WER=20.000000 | S=1 D=0 I=0
2026-01-19 16:22:19,202 | INFO | Chunk: 6 | WER=20.000000 | S=1 D=0 I=1
2026-01-19 16:22:19,203 | INFO | Chunk: 7 | WER=0.000000 | S=0 D=0 I=0
2026-01-19 16:22:19,203 | INFO | Chunk: 8 | WER=0.000000 | S=0 D=0 I=0
2026-01-19 16:22:19,203 | INFO | Chunk: 9 | WER=0.000000 | S=0 D=0 I=0
2026-01-19 16:22:19,203 | INFO | Chunk: 10 | WER=0.000000 | S=0 D=0 I=0
2026-01-19 16:22:19,203 | INFO | Chunk: 11 | WER=50.000000 | S=1 D=1 I=0
2026-01-19 16:22:19,204 | INFO | Chunk: 12 | WER=0.000000 | S=0 D=0 I=0
2026-01-19 16:22:19,204 | INFO | ------------------------------
2026-01-19 16:22:19,204 | INFO | ------------------------------
2026-01-19 16:22:19,210 | INFO | File: MO_H_ER41_2017_05_29_ModuleDescription_description.wav | WER=10.679612 | S=8 D=2 I=1
2026-01-19 16:22:19,210 | INFO | ------------------------------
2026-01-19 16:22:19,222 | INFO |  File duration: 64.66757369614513 seconds
2026-01-19 16:22:26,105 | INFO | Number of chunks: 10
2026-01-19 16:22:33,286 | INFO | Chunk: 0 | WER=16.981132 | S=3 D=5 I=1
2026-01-19 16:22:33,286 | INFO | Chunk: 1 | WER=57.142857 | S=3 D=1 I=0
2026-01-19 16:22:33,286 | INFO | Chunk: 2 | WER=0.000000 | S=0 D=0 I=0
2026-01-19 16:22:33,286 | INFO | Chunk: 3 | WER=0.000000 | S=0 D=0 I=0
2026-01-19 16:22:33,286 | INFO | Chunk: 4 | WER=20.000000 | S=1 D=0 I=0
2026-01-19 16:22:33,287 | INFO | Chunk: 5 | WER=28.571429 | S=0 D=0 I=2
2026-01-19 16:22:33,287 | INFO | Chunk: 6 | WER=0.000000 | S=0 D=0 I=0
2026-01-19 16:22:33,287 | INFO | Chunk: 7 | WER=33.333333 | S=2 D=0 I=0
2026-01-19 16:22:33,287 | INFO | Chunk: 8 | WER=16.666667 | S=0 D=0 I=1
2026-01-19 16:22:33,287 | INFO | Chunk: 9 | WER=100.000000 | S=5 D=0 I=0
2026-01-19 16:22:33,287 | INFO | ------------------------------
2026-01-19 16:22:33,287 | INFO | ------------------------------
2026-01-19 16:22:33,294 | INFO | File: MO_H_ER43_2017_01_24_ModuleDescription_description.wav | WER=21.238938 | S=14 D=6 I=4
2026-01-19 16:22:33,294 | INFO | ------------------------------
2026-01-19 16:22:33,301 | INFO |  File duration: 79.55156462585035 seconds
2026-01-19 16:22:42,104 | INFO | Number of chunks: 8
2026-01-19 16:22:50,598 | INFO | Chunk: 0 | WER=18.750000 | S=3 D=2 I=1
2026-01-19 16:22:50,598 | INFO | Chunk: 1 | WER=50.000000 | S=3 D=0 I=0
2026-01-19 16:22:50,598 | INFO | Chunk: 2 | WER=85.714286 | S=3 D=3 I=0
2026-01-19 16:22:50,599 | INFO | Chunk: 3 | WER=12.500000 | S=2 D=0 I=0
2026-01-19 16:22:50,599 | INFO | Chunk: 4 | WER=66.666667 | S=1 D=1 I=0
2026-01-19 16:22:50,601 | INFO | Chunk: 5 | WER=37.681159 | S=8 D=17 I=1
2026-01-19 16:22:50,601 | INFO | Chunk: 6 | WER=11.111111 | S=0 D=0 I=1
2026-01-19 16:22:50,602 | INFO | Chunk: 7 | WER=41.463415 | S=0 D=16 I=1
2026-01-19 16:22:50,602 | INFO | ------------------------------
2026-01-19 16:22:50,602 | INFO | ------------------------------
2026-01-19 16:22:50,614 | INFO | File: MO_H_ER43_2017_05_23_ModuleDescription_description.wav | WER=33.333333 | S=20 D=38 I=3
2026-01-19 16:22:50,614 | INFO | ------------------------------
2026-01-19 16:22:50,628 | INFO |  File duration: 85.2172335600907 seconds
2026-01-19 16:22:57,145 | INFO | Number of chunks: 23
2026-01-19 16:23:09,567 | INFO | Chunk: 0 | WER=50.000000 | S=1 D=0 I=1
2026-01-19 16:23:09,567 | INFO | Chunk: 1 | WER=10.000000 | S=0 D=0 I=1
2026-01-19 16:23:09,567 | INFO | Chunk: 2 | WER=6.666667 | S=0 D=0 I=1
2026-01-19 16:23:09,568 | INFO | Chunk: 3 | WER=18.181818 | S=0 D=2 I=0
2026-01-19 16:23:09,568 | INFO | Chunk: 4 | WER=6.250000 | S=1 D=0 I=0
2026-01-19 16:23:09,568 | INFO | Chunk: 5 | WER=100.000000 | S=1 D=0 I=0
2026-01-19 16:23:09,568 | INFO | Chunk: 6 | WER=0.000000 | S=0 D=0 I=0
2026-01-19 16:23:09,568 | INFO | Chunk: 7 | WER=0.000000 | S=0 D=0 I=0
2026-01-19 16:23:09,569 | INFO | Chunk: 8 | WER=0.000000 | S=0 D=0 I=0
2026-01-19 16:23:09,569 | INFO | Chunk: 9 | WER=11.111111 | S=1 D=0 I=0
2026-01-19 16:23:09,569 | INFO | Chunk: 10 | WER=75.000000 | S=2 D=1 I=0
2026-01-19 16:23:09,569 | INFO | Chunk: 11 | WER=28.571429 | S=1 D=2 I=1
2026-01-19 16:23:09,569 | INFO | Chunk: 12 | WER=44.444444 | S=2 D=2 I=0
2026-01-19 16:23:09,570 | INFO | Chunk: 13 | WER=21.739130 | S=1 D=4 I=0
2026-01-19 16:23:09,570 | INFO | Chunk: 14 | WER=100.000000 | S=3 D=1 I=0
2026-01-19 16:23:09,570 | INFO | Chunk: 15 | WER=21.428571 | S=0 D=2 I=1
2026-01-19 16:23:09,571 | INFO | Chunk: 16 | WER=25.000000 | S=2 D=5 I=1
2026-01-19 16:23:09,571 | INFO | Chunk: 17 | WER=200.000000 | S=1 D=0 I=1
2026-01-19 16:23:09,571 | INFO | Chunk: 19 | WER=0.000000 | S=0 D=0 I=0
2026-01-19 16:23:09,571 | INFO | Chunk: 20 | WER=37.500000 | S=2 D=1 I=0
2026-01-19 16:23:09,572 | INFO | Chunk: 21 | WER=27.272727 | S=2 D=1 I=0
2026-01-19 16:23:09,572 | INFO | ------------------------------
2026-01-19 16:23:09,572 | INFO | ------------------------------
2026-01-19 16:23:09,590 | INFO | File: MO_H_ER47_2017_01_27_ModuleDescription_description.wav | WER=26.794258 | S=21 D=20 I=15
2026-01-19 16:23:09,590 | INFO | ------------------------------
2026-01-19 16:23:09,591 | INFO |  File duration: 93.71573696145124 seconds
2026-01-19 16:23:18,604 | INFO | Number of chunks: 23
2026-01-19 16:23:31,789 | INFO | Chunk: 0 | WER=10.000000 | S=0 D=1 I=0
2026-01-19 16:23:31,789 | INFO | Chunk: 1 | WER=10.000000 | S=0 D=0 I=1
2026-01-19 16:23:31,790 | INFO | Chunk: 2 | WER=25.000000 | S=1 D=4 I=0
2026-01-19 16:23:31,790 | INFO | Chunk: 3 | WER=0.000000 | S=0 D=0 I=0
2026-01-19 16:23:31,790 | INFO | Chunk: 4 | WER=13.333333 | S=1 D=1 I=0
2026-01-19 16:23:31,790 | INFO | Chunk: 5 | WER=23.076923 | S=2 D=0 I=1
2026-01-19 16:23:31,791 | INFO | Chunk: 6 | WER=7.692308 | S=0 D=0 I=1
2026-01-19 16:23:31,791 | INFO | Chunk: 7 | WER=17.391304 | S=2 D=2 I=0
2026-01-19 16:23:31,791 | INFO | Chunk: 8 | WER=14.285714 | S=0 D=0 I=1
2026-01-19 16:23:31,792 | INFO | Chunk: 9 | WER=60.000000 | S=3 D=3 I=0
2026-01-19 16:23:31,792 | INFO | Chunk: 10 | WER=11.111111 | S=0 D=1 I=0
2026-01-19 16:23:31,792 | INFO | Chunk: 11 | WER=34.615385 | S=0 D=9 I=0
2026-01-19 16:23:31,793 | INFO | Chunk: 13 | WER=15.789474 | S=1 D=2 I=0
2026-01-19 16:23:31,793 | INFO | Chunk: 14 | WER=60.000000 | S=2 D=6 I=1
2026-01-19 16:23:31,793 | INFO | Chunk: 15 | WER=16.666667 | S=0 D=0 I=1
2026-01-19 16:23:31,793 | INFO | Chunk: 19 | WER=33.333333 | S=0 D=6 I=0
2026-01-19 16:23:31,794 | INFO | Chunk: 20 | WER=100.000000 | S=2 D=0 I=0
2026-01-19 16:23:31,794 | INFO | ------------------------------
2026-01-19 16:23:31,794 | INFO | ------------------------------
2026-01-19 16:23:31,814 | INFO | File: MO_H_ER47_2017_03_31_ModuleDescription_description.wav | WER=28.193833 | S=20 D=30 I=14
2026-01-19 16:23:31,814 | INFO | ------------------------------
2026-01-19 16:23:31,824 | INFO |  File duration: 63.15827664399093 seconds
2026-01-19 16:23:37,711 | INFO | Number of chunks: 6
2026-01-19 16:23:44,362 | INFO | Chunk: 0 | WER=11.627907 | S=2 D=3 I=0
2026-01-19 16:23:44,363 | INFO | Chunk: 1 | WER=5.405405 | S=1 D=0 I=1
2026-01-19 16:23:44,363 | INFO | Chunk: 2 | WER=0.000000 | S=0 D=0 I=0
2026-01-19 16:23:44,363 | INFO | Chunk: 3 | WER=12.500000 | S=0 D=0 I=1
2026-01-19 16:23:44,363 | INFO | Chunk: 4 | WER=0.000000 | S=0 D=0 I=0
2026-01-19 16:23:44,364 | INFO | Chunk: 5 | WER=11.111111 | S=0 D=0 I=1
2026-01-19 16:23:44,364 | INFO | ------------------------------
2026-01-19 16:23:44,364 | INFO | ------------------------------
2026-01-19 16:23:44,371 | INFO | File: MO_H_ER48_2017_01_28_ModuleDescription_description.wav | WER=7.692308 | S=3 D=3 I=3
2026-01-19 16:23:44,372 | INFO | ------------------------------
2026-01-19 16:23:44,372 | INFO |  File duration: 57.79446712018141 seconds
2026-01-19 16:23:51,549 | INFO | Number of chunks: 6
2026-01-19 16:23:58,500 | INFO | Chunk: 0 | WER=17.241379 | S=4 D=1 I=0
2026-01-19 16:23:58,501 | INFO | Chunk: 1 | WER=0.000000 | S=0 D=0 I=0
2026-01-19 16:23:58,501 | INFO | Chunk: 2 | WER=11.111111 | S=1 D=1 I=0
2026-01-19 16:23:58,501 | INFO | Chunk: 3 | WER=16.000000 | S=2 D=2 I=0
2026-01-19 16:23:58,502 | INFO | Chunk: 4 | WER=11.764706 | S=1 D=1 I=0
2026-01-19 16:23:58,502 | INFO | ------------------------------
2026-01-19 16:23:58,502 | INFO | ------------------------------
2026-01-19 16:23:58,508 | INFO | File: MO_H_ER48_2017_04_08_ModuleDescription_description.wav | WER=13.392857 | S=8 D=5 I=2
2026-01-19 16:23:58,509 | INFO | ------------------------------
2026-01-19 16:23:58,510 | INFO |  File duration: 40.61170068027211 seconds
2026-01-19 16:24:03,673 | INFO | Number of chunks: 9
2026-01-19 16:24:10,571 | INFO | Chunk: 1 | WER=21.428571 | S=1 D=2 I=3
2026-01-19 16:24:10,572 | INFO | Chunk: 2 | WER=17.391304 | S=3 D=0 I=1
2026-01-19 16:24:10,573 | INFO | Chunk: 3 | WER=15.151515 | S=3 D=1 I=1
2026-01-19 16:24:10,573 | INFO | Chunk: 5 | WER=50.000000 | S=2 D=1 I=0
2026-01-19 16:24:10,573 | INFO | Chunk: 6 | WER=50.000000 | S=1 D=1 I=0
2026-01-19 16:24:10,573 | INFO | Chunk: 7 | WER=20.000000 | S=0 D=0 I=1
2026-01-19 16:24:10,573 | INFO | ------------------------------
2026-01-19 16:24:10,573 | INFO | ------------------------------
2026-01-19 16:24:10,579 | INFO | File: MO_H_ER49_2017_01_28_ModuleDescription_description.wav | WER=27.272727 | S=10 D=5 I=12
2026-01-19 16:24:10,579 | INFO | ------------------------------
2026-01-19 16:24:10,580 | INFO |  File duration: 38.91664399092971 seconds
2026-01-19 16:24:16,572 | INFO | Number of chunks: 6
2026-01-19 16:24:21,903 | INFO | Chunk: 1 | WER=0.000000 | S=0 D=0 I=0
2026-01-19 16:24:21,905 | INFO | Chunk: 2 | WER=26.984127 | S=10 D=6 I=1
2026-01-19 16:24:21,906 | INFO | Chunk: 3 | WER=14.285714 | S=1 D=0 I=0
2026-01-19 16:24:21,906 | INFO | Chunk: 4 | WER=23.076923 | S=1 D=2 I=0
2026-01-19 16:24:21,906 | INFO | ------------------------------
2026-01-19 16:24:21,906 | INFO | ------------------------------
2026-01-19 16:24:21,912 | INFO | File: MO_H_ER49_2017_06_08_ModuleDescription_description.wav | WER=28.865979 | S=12 D=8 I=8
2026-01-19 16:24:21,912 | INFO | ------------------------------
2026-01-19 16:24:21,930 | INFO |  File duration: 36.6875283446712 seconds
2026-01-19 16:24:24,760 | INFO | Number of chunks: 6
2026-01-19 16:24:28,354 | INFO | Chunk: 0 | WER=16.666667 | S=2 D=3 I=0
2026-01-19 16:24:28,354 | INFO | Chunk: 1 | WER=0.000000 | S=0 D=0 I=0
2026-01-19 16:24:28,354 | INFO | Chunk: 2 | WER=29.166667 | S=3 D=4 I=0
2026-01-19 16:24:28,355 | INFO | Chunk: 4 | WER=25.000000 | S=1 D=0 I=0
2026-01-19 16:24:28,355 | INFO | Chunk: 5 | WER=40.000000 | S=2 D=0 I=0
2026-01-19 16:24:28,355 | INFO | ------------------------------
2026-01-19 16:24:28,355 | INFO | ------------------------------
2026-01-19 16:24:28,359 | INFO | File: MO_H_SD07_2016_04_22_ModuleDescription_description.wav | WER=22.222222 | S=8 D=7 I=1
2026-01-19 16:24:28,359 | INFO | ------------------------------
2026-01-19 16:24:28,359 | INFO |  File duration: 107.67092970521541 seconds
2026-01-19 16:24:36,837 | INFO | Number of chunks: 24
2026-01-19 16:24:52,125 | INFO | Chunk: 0 | WER=11.538462 | S=3 D=0 I=0
2026-01-19 16:24:52,125 | INFO | Chunk: 1 | WER=14.285714 | S=2 D=0 I=0
2026-01-19 16:24:52,125 | INFO | Chunk: 2 | WER=100.000000 | S=1 D=0 I=0
2026-01-19 16:24:52,125 | INFO | Chunk: 3 | WER=100.000000 | S=1 D=0 I=0
2026-01-19 16:24:52,126 | INFO | Chunk: 4 | WER=0.000000 | S=0 D=0 I=0
2026-01-19 16:24:52,126 | INFO | Chunk: 5 | WER=16.666667 | S=0 D=0 I=1
2026-01-19 16:24:52,126 | INFO | Chunk: 6 | WER=0.000000 | S=0 D=0 I=0
2026-01-19 16:24:52,126 | INFO | Chunk: 7 | WER=5.263158 | S=0 D=0 I=1
2026-01-19 16:24:52,127 | INFO | Chunk: 8 | WER=0.000000 | S=0 D=0 I=0
2026-01-19 16:24:52,127 | INFO | Chunk: 9 | WER=0.000000 | S=0 D=0 I=0
2026-01-19 16:24:52,127 | INFO | Chunk: 10 | WER=28.571429 | S=2 D=0 I=0
2026-01-19 16:24:52,127 | INFO | Chunk: 11 | WER=150.000000 | S=2 D=0 I=1
2026-01-19 16:24:52,127 | INFO | Chunk: 12 | WER=25.000000 | S=1 D=2 I=0
2026-01-19 16:24:52,127 | INFO | Chunk: 13 | WER=0.000000 | S=0 D=0 I=0
2026-01-19 16:24:52,128 | INFO | Chunk: 14 | WER=0.000000 | S=0 D=0 I=0
2026-01-19 16:24:52,128 | INFO | Chunk: 15 | WER=0.000000 | S=0 D=0 I=0
2026-01-19 16:24:52,128 | INFO | Chunk: 16 | WER=0.000000 | S=0 D=0 I=0
2026-01-19 16:24:52,128 | INFO | Chunk: 17 | WER=12.500000 | S=1 D=0 I=0
2026-01-19 16:24:52,128 | INFO | Chunk: 18 | WER=0.000000 | S=0 D=0 I=0
2026-01-19 16:24:52,130 | INFO | Chunk: 19 | WER=3.846154 | S=1 D=0 I=0
2026-01-19 16:24:52,130 | INFO | Chunk: 20 | WER=13.043478 | S=0 D=1 I=2
2026-01-19 16:24:52,131 | INFO | Chunk: 21 | WER=0.000000 | S=0 D=0 I=0
2026-01-19 16:24:52,131 | INFO | Chunk: 22 | WER=0.000000 | S=0 D=0 I=0
2026-01-19 16:24:52,131 | INFO | Chunk: 23 | WER=0.000000 | S=0 D=0 I=0
2026-01-19 16:24:52,131 | INFO | ------------------------------
2026-01-19 16:24:52,131 | INFO | ------------------------------
2026-01-19 16:24:52,152 | INFO | File: MO_H_SD11_2016_04_25_ModuleDescription_description.wav | WER=9.292035 | S=15 D=2 I=4
2026-01-19 16:24:52,152 | INFO | ------------------------------
2026-01-19 16:24:52,166 | INFO |  File duration: 196.76589569160998 seconds
2026-01-19 16:25:07,867 | INFO | Number of chunks: 26
2026-01-19 16:25:35,327 | INFO | Chunk: 0 | WER=11.538462 | S=1 D=2 I=0
2026-01-19 16:25:35,327 | INFO | Chunk: 1 | WER=9.523810 | S=1 D=1 I=0
2026-01-19 16:25:35,328 | INFO | Chunk: 2 | WER=0.000000 | S=0 D=0 I=0
2026-01-19 16:25:35,328 | INFO | Chunk: 3 | WER=0.000000 | S=0 D=0 I=0
2026-01-19 16:25:35,328 | INFO | Chunk: 4 | WER=6.250000 | S=1 D=0 I=0
2026-01-19 16:25:35,328 | INFO | Chunk: 5 | WER=0.000000 | S=0 D=0 I=0
2026-01-19 16:25:35,329 | INFO | Chunk: 6 | WER=14.285714 | S=1 D=1 I=0
2026-01-19 16:25:35,329 | INFO | Chunk: 7 | WER=4.166667 | S=1 D=0 I=0
2026-01-19 16:25:35,329 | INFO | Chunk: 8 | WER=0.000000 | S=0 D=0 I=0
2026-01-19 16:25:35,330 | INFO | Chunk: 9 | WER=18.750000 | S=1 D=5 I=0
2026-01-19 16:25:35,330 | INFO | Chunk: 10 | WER=8.695652 | S=1 D=1 I=0
2026-01-19 16:25:35,331 | INFO | Chunk: 11 | WER=18.750000 | S=0 D=3 I=0
2026-01-19 16:25:35,331 | INFO | Chunk: 13 | WER=6.666667 | S=0 D=1 I=0
2026-01-19 16:25:35,331 | INFO | Chunk: 14 | WER=16.666667 | S=2 D=0 I=0
2026-01-19 16:25:35,332 | INFO | Chunk: 15 | WER=0.000000 | S=0 D=0 I=0
2026-01-19 16:25:35,332 | INFO | Chunk: 16 | WER=50.000000 | S=1 D=1 I=1
2026-01-19 16:25:35,332 | INFO | Chunk: 17 | WER=9.090909 | S=1 D=0 I=0
2026-01-19 16:25:35,332 | INFO | Chunk: 18 | WER=200.000000 | S=1 D=0 I=1
2026-01-19 16:25:35,333 | INFO | Chunk: 19 | WER=28.571429 | S=3 D=3 I=0
2026-01-19 16:25:35,333 | INFO | Chunk: 20 | WER=50.000000 | S=0 D=13 I=0
2026-01-19 16:25:35,333 | INFO | Chunk: 21 | WER=26.666667 | S=3 D=1 I=0
2026-01-19 16:25:35,334 | INFO | Chunk: 22 | WER=11.111111 | S=0 D=0 I=1
2026-01-19 16:25:35,334 | INFO | Chunk: 23 | WER=0.000000 | S=0 D=0 I=0
2026-01-19 16:25:35,334 | INFO | Chunk: 24 | WER=0.000000 | S=0 D=0 I=0
2026-01-19 16:25:35,334 | INFO | Chunk: 25 | WER=100.000000 | S=1 D=0 I=0
2026-01-19 16:25:35,334 | INFO | ------------------------------
2026-01-19 16:25:35,334 | INFO | ------------------------------
2026-01-19 16:25:35,376 | INFO | File: MO_H_SD13_2016_04_25_ModuleDescription_description.wav | WER=15.743440 | S=19 D=32 I=3
2026-01-19 16:25:35,376 | INFO | ------------------------------
2026-01-19 16:25:35,377 | INFO |  File duration: 221.5183673469388 seconds
2026-01-19 16:25:55,849 | INFO | Number of chunks: 16
2026-01-19 16:26:21,205 | INFO | Chunk: 0 | WER=12.000000 | S=0 D=3 I=0
2026-01-19 16:26:21,207 | INFO | Chunk: 1 | WER=31.034483 | S=5 D=13 I=0
2026-01-19 16:26:21,208 | INFO | Chunk: 2 | WER=7.894737 | S=0 D=3 I=0
2026-01-19 16:26:21,208 | INFO | Chunk: 3 | WER=0.000000 | S=0 D=0 I=0
2026-01-19 16:26:21,208 | INFO | Chunk: 4 | WER=10.000000 | S=2 D=0 I=0
2026-01-19 16:26:21,210 | INFO | Chunk: 5 | WER=22.448980 | S=3 D=8 I=0
2026-01-19 16:26:21,210 | INFO | Chunk: 6 | WER=0.000000 | S=0 D=0 I=0
2026-01-19 16:26:21,210 | INFO | Chunk: 7 | WER=20.000000 | S=1 D=2 I=0
2026-01-19 16:26:21,211 | INFO | Chunk: 8 | WER=8.333333 | S=0 D=0 I=1
2026-01-19 16:26:21,211 | INFO | Chunk: 9 | WER=23.809524 | S=2 D=2 I=1
2026-01-19 16:26:21,212 | INFO | Chunk: 10 | WER=35.714286 | S=0 D=15 I=0
2026-01-19 16:26:21,212 | INFO | Chunk: 11 | WER=0.000000 | S=0 D=0 I=0
2026-01-19 16:26:21,212 | INFO | Chunk: 12 | WER=10.000000 | S=0 D=1 I=0
2026-01-19 16:26:21,214 | INFO | Chunk: 13 | WER=37.037037 | S=7 D=13 I=0
2026-01-19 16:26:21,214 | INFO | Chunk: 14 | WER=0.000000 | S=0 D=0 I=0
2026-01-19 16:26:21,214 | INFO | Chunk: 15 | WER=6.451613 | S=0 D=2 I=0
2026-01-19 16:26:21,215 | INFO | ------------------------------
2026-01-19 16:26:21,215 | INFO | ------------------------------
2026-01-19 16:26:21,273 | INFO | File: MO_H_SD13_2016_08_13_ModuleDescription_description.wav | WER=20.240964 | S=20 D=62 I=2
2026-01-19 16:26:21,273 | INFO | ------------------------------
2026-01-19 16:26:21,288 | INFO |  File duration: 77.99582766439909 seconds
2026-01-19 16:26:33,249 | INFO | Number of chunks: 4
2026-01-19 16:26:43,756 | INFO | Chunk: 0 | WER=40.860215 | S=7 D=31 I=0
2026-01-19 16:26:43,760 | INFO | Chunk: 1 | WER=52.293578 | S=10 D=45 I=2
2026-01-19 16:26:43,761 | INFO | Chunk: 2 | WER=13.333333 | S=3 D=1 I=0
2026-01-19 16:26:43,761 | INFO | Chunk: 3 | WER=8.333333 | S=0 D=1 I=0
2026-01-19 16:26:43,761 | INFO | ------------------------------
2026-01-19 16:26:43,761 | INFO | ------------------------------
2026-01-19 16:26:43,779 | INFO | File: MO_H_SD25_2016_05_12_ModuleDescription_description.wav | WER=40.573770 | S=19 D=78 I=2
2026-01-19 16:26:43,779 | INFO | ------------------------------
2026-01-19 16:26:43,791 | INFO |  File duration: 64.92299319727891 seconds
2026-01-19 16:26:51,195 | INFO | Number of chunks: 8
2026-01-19 16:27:01,850 | INFO | Chunk: 0 | WER=11.627907 | S=1 D=4 I=0
2026-01-19 16:27:01,852 | INFO | Chunk: 1 | WER=20.930233 | S=4 D=3 I=2
2026-01-19 16:27:01,852 | INFO | Chunk: 2 | WER=0.000000 | S=0 D=0 I=0
2026-01-19 16:27:01,852 | INFO | Chunk: 4 | WER=13.043478 | S=1 D=0 I=2
2026-01-19 16:27:01,853 | INFO | Chunk: 5 | WER=14.814815 | S=1 D=3 I=0
2026-01-19 16:27:01,853 | INFO | Chunk: 7 | WER=200.000000 | S=1 D=0 I=5
2026-01-19 16:27:01,853 | INFO | ------------------------------
2026-01-19 16:27:01,853 | INFO | ------------------------------
2026-01-19 16:27:01,865 | INFO | File: MO_H_SD30_2016_05_21_ModuleDescription_description.wav | WER=21.710526 | S=8 D=10 I=15
2026-01-19 16:27:01,865 | INFO | ------------------------------
2026-01-19 16:27:01,883 | INFO |  File duration: 86.98195011337869 seconds
2026-01-19 16:27:11,429 | INFO | Number of chunks: 16
2026-01-19 16:27:22,624 | INFO | Chunk: 0 | WER=9.090909 | S=1 D=0 I=0
2026-01-19 16:27:22,625 | INFO | Chunk: 1 | WER=0.000000 | S=0 D=0 I=0
2026-01-19 16:27:22,625 | INFO | Chunk: 2 | WER=0.000000 | S=0 D=0 I=0
2026-01-19 16:27:22,625 | INFO | Chunk: 3 | WER=36.363636 | S=2 D=2 I=0
2026-01-19 16:27:22,625 | INFO | Chunk: 4 | WER=0.000000 | S=0 D=0 I=0
2026-01-19 16:27:22,626 | INFO | Chunk: 5 | WER=7.142857 | S=1 D=0 I=0
2026-01-19 16:27:22,626 | INFO | Chunk: 6 | WER=0.000000 | S=0 D=0 I=0
2026-01-19 16:27:22,626 | INFO | Chunk: 7 | WER=0.000000 | S=0 D=0 I=0
2026-01-19 16:27:22,626 | INFO | Chunk: 8 | WER=0.000000 | S=0 D=0 I=0
2026-01-19 16:27:22,626 | INFO | Chunk: 9 | WER=0.000000 | S=0 D=0 I=0
2026-01-19 16:27:22,627 | INFO | Chunk: 10 | WER=7.692308 | S=0 D=1 I=0
2026-01-19 16:27:22,627 | INFO | Chunk: 11 | WER=0.000000 | S=0 D=0 I=0
2026-01-19 16:27:22,627 | INFO | Chunk: 12 | WER=8.333333 | S=0 D=1 I=0
2026-01-19 16:27:22,627 | INFO | Chunk: 13 | WER=12.500000 | S=1 D=1 I=0
2026-01-19 16:27:22,627 | INFO | Chunk: 14 | WER=0.000000 | S=0 D=0 I=0
2026-01-19 16:27:22,628 | INFO | Chunk: 15 | WER=100.000000 | S=1 D=0 I=0
2026-01-19 16:27:22,628 | INFO | ------------------------------
2026-01-19 16:27:22,628 | INFO | ------------------------------
2026-01-19 16:27:22,637 | INFO | File: MO_H_SD36_2016_06_23_ModuleDescription_description.wav | WER=7.692308 | S=6 D=5 I=0
2026-01-19 16:27:22,638 | INFO | ------------------------------
2026-01-19 16:27:22,638 | INFO | ===================== GLOBAL WER ======================
2026-01-19 16:27:22,638 | INFO | The number of files is 68
2026-01-19 16:27:22,638 | INFO | WER: 23.41%
2026-01-19 16:27:22,638 | INFO | =============================================================
