2026-01-21 12:15:19,566 | INFO | Fetch hyperparams.yaml: Using file found at '/vol/experiments3/imbenamor/TAPAS-FRAIS/models/asr-whisper-large-v2-commonvoice-fr/hyperparams.yaml'
2026-01-21 12:15:19,566 | DEBUG | Fetch: Source and destination '/vol/experiments3/imbenamor/TAPAS-FRAIS/models/asr-whisper-large-v2-commonvoice-fr/custom.py' are identical, returning assuming this is intended
2026-01-21 12:15:21,135 | WARNING | speechbrain.lobes.models.huggingface_transformers.huggingface - WhisperModel is frozen.
2026-01-21 12:15:21,136 | WARNING | speechbrain.lobes.models.huggingface_transformers.whisper - whisper encoder-decoder is frozen.
2026-01-21 12:15:21,518 | DEBUG | Collecting files (or symlinks) for pretraining in /vol/experiments3/imbenamor/TAPAS-FRAIS/models/asr-whisper-large-v2-commonvoice-fr.
2026-01-21 12:15:21,518 | INFO | Fetch whisper.ckpt: Using file found at '/vol/experiments3/imbenamor/TAPAS-FRAIS/models/asr-whisper-large-v2-commonvoice-fr/whisper.ckpt'
2026-01-21 12:15:21,518 | DEBUG | Set local path in self.paths["whisper"] = /vol/experiments3/imbenamor/TAPAS-FRAIS/models/asr-whisper-large-v2-commonvoice-fr/whisper.ckpt
2026-01-21 12:15:21,518 | INFO | Loading pretrained files for: whisper
2026-01-21 12:15:21,518 | DEBUG | Redirecting (loading from local path): whisper -> /vol/experiments3/imbenamor/TAPAS-FRAIS/models/asr-whisper-large-v2-commonvoice-fr/whisper.ckpt
2026-01-21 12:15:30,005 | INFO |  File duration: 78.42133333333334 seconds
2026-01-21 12:15:40,422 | INFO | Number of chunks: 11
2026-01-21 12:15:52,409 | INFO | Chunk: 0 | WER=26.315789 | S=4 D=1 I=0
2026-01-21 12:15:52,409 | INFO | Chunk: 1 | WER=28.571429 | S=4 D=0 I=0
2026-01-21 12:15:52,409 | INFO | Chunk: 2 | WER=33.333333 | S=3 D=0 I=0
2026-01-21 12:15:52,410 | INFO | Chunk: 3 | WER=5.882353 | S=1 D=0 I=0
2026-01-21 12:15:52,410 | INFO | Chunk: 4 | WER=7.142857 | S=0 D=1 I=0
2026-01-21 12:15:52,410 | INFO | Chunk: 5 | WER=27.777778 | S=5 D=0 I=0
2026-01-21 12:15:52,411 | INFO | Chunk: 6 | WER=33.333333 | S=6 D=1 I=1
2026-01-21 12:15:52,411 | INFO | Chunk: 7 | WER=38.461538 | S=3 D=2 I=0
2026-01-21 12:15:52,412 | INFO | Chunk: 8 | WER=46.666667 | S=5 D=2 I=0
2026-01-21 12:15:52,412 | INFO | Chunk: 9 | WER=27.777778 | S=5 D=0 I=0
2026-01-21 12:15:52,413 | INFO | Chunk: 10 | WER=31.818182 | S=6 D=1 I=0
2026-01-21 12:15:52,413 | INFO | ------------------------------
2026-01-21 12:15:52,413 | INFO | ------------------------------
2026-01-21 12:15:52,427 | INFO | File: PHO-000024-01_L01.wav | WER=25.423729 | S=42 D=2 I=1
2026-01-21 12:15:52,427 | INFO | ------------------------------
2026-01-21 12:15:52,428 | INFO |  File duration: 217.77066666666667 seconds
2026-01-21 12:16:10,966 | INFO | Number of chunks: 24
2026-01-21 12:16:22,927 | INFO | Chunk: 0 | WER=100.000000 | S=1 D=1 I=0
2026-01-21 12:16:22,927 | INFO | Chunk: 1 | WER=0.000000 | S=0 D=0 I=0
2026-01-21 12:16:22,928 | INFO | Chunk: 2 | WER=0.000000 | S=0 D=0 I=0
2026-01-21 12:16:22,928 | INFO | Chunk: 3 | WER=33.333333 | S=2 D=0 I=0
2026-01-21 12:16:22,928 | INFO | Chunk: 4 | WER=60.000000 | S=4 D=2 I=0
2026-01-21 12:16:22,928 | INFO | Chunk: 5 | WER=82.352941 | S=4 D=0 I=10
2026-01-21 12:16:22,929 | INFO | Chunk: 6 | WER=15.384615 | S=2 D=0 I=0
2026-01-21 12:16:22,929 | INFO | Chunk: 7 | WER=90.909091 | S=6 D=3 I=1
2026-01-21 12:16:22,929 | INFO | Chunk: 8 | WER=100.000000 | S=1 D=7 I=0
2026-01-21 12:16:22,929 | INFO | Chunk: 9 | WER=100.000000 | S=2 D=0 I=1
2026-01-21 12:16:22,929 | INFO | Chunk: 10 | WER=125.000000 | S=3 D=0 I=2
2026-01-21 12:16:22,930 | INFO | Chunk: 11 | WER=40.000000 | S=2 D=2 I=0
2026-01-21 12:16:22,930 | INFO | Chunk: 12 | WER=25.000000 | S=1 D=0 I=0
2026-01-21 12:16:22,930 | INFO | Chunk: 13 | WER=20.000000 | S=2 D=0 I=0
2026-01-21 12:16:22,930 | INFO | Chunk: 14 | WER=66.666667 | S=1 D=0 I=1
2026-01-21 12:16:22,930 | INFO | Chunk: 15 | WER=112.500000 | S=7 D=0 I=2
2026-01-21 12:16:22,931 | INFO | Chunk: 16 | WER=12.500000 | S=1 D=0 I=0
2026-01-21 12:16:22,931 | INFO | Chunk: 17 | WER=16.666667 | S=1 D=0 I=0
2026-01-21 12:16:22,931 | INFO | Chunk: 18 | WER=42.857143 | S=2 D=0 I=1
2026-01-21 12:16:22,931 | INFO | Chunk: 19 | WER=75.000000 | S=3 D=0 I=0
2026-01-21 12:16:22,931 | INFO | Chunk: 20 | WER=14.285714 | S=1 D=0 I=0
2026-01-21 12:16:22,932 | INFO | Chunk: 21 | WER=25.000000 | S=1 D=1 I=0
2026-01-21 12:16:22,932 | INFO | Chunk: 22 | WER=33.333333 | S=1 D=1 I=0
2026-01-21 12:16:22,932 | INFO | Chunk: 23 | WER=100.000000 | S=7 D=0 I=1
2026-01-21 12:16:22,932 | INFO | ------------------------------
2026-01-21 12:16:22,932 | INFO | ------------------------------
2026-01-21 12:16:22,948 | INFO | File: PHO-000566-01_L01.wav | WER=47.567568 | S=54 D=15 I=19
2026-01-21 12:16:22,948 | INFO | ------------------------------
2026-01-21 12:16:22,948 | INFO |  File duration: 142.57052154195011 seconds
2026-01-21 12:16:34,193 | INFO | Number of chunks: 15
2026-01-21 12:16:45,436 | INFO | Chunk: 0 | WER=10.000000 | S=0 D=2 I=0
2026-01-21 12:16:45,437 | INFO | Chunk: 1 | WER=52.941176 | S=6 D=3 I=0
2026-01-21 12:16:45,437 | INFO | Chunk: 2 | WER=66.666667 | S=5 D=0 I=1
2026-01-21 12:16:45,438 | INFO | Chunk: 3 | WER=38.888889 | S=5 D=1 I=1
2026-01-21 12:16:45,438 | INFO | Chunk: 4 | WER=14.285714 | S=0 D=1 I=0
2026-01-21 12:16:45,438 | INFO | Chunk: 5 | WER=28.571429 | S=2 D=0 I=0
2026-01-21 12:16:45,438 | INFO | Chunk: 6 | WER=18.181818 | S=1 D=0 I=1
2026-01-21 12:16:45,439 | INFO | Chunk: 7 | WER=28.571429 | S=2 D=0 I=0
2026-01-21 12:16:45,439 | INFO | Chunk: 8 | WER=16.000000 | S=2 D=2 I=0
2026-01-21 12:16:45,439 | INFO | Chunk: 9 | WER=33.333333 | S=2 D=1 I=1
2026-01-21 12:16:45,440 | INFO | Chunk: 10 | WER=14.285714 | S=2 D=0 I=0
2026-01-21 12:16:45,440 | INFO | Chunk: 11 | WER=81.818182 | S=6 D=0 I=3
2026-01-21 12:16:45,440 | INFO | Chunk: 12 | WER=0.000000 | S=0 D=0 I=0
2026-01-21 12:16:45,441 | INFO | Chunk: 13 | WER=28.571429 | S=3 D=1 I=0
2026-01-21 12:16:45,441 | INFO | Chunk: 14 | WER=100.000000 | S=4 D=4 I=0
2026-01-21 12:16:45,441 | INFO | ------------------------------
2026-01-21 12:16:45,441 | INFO | ------------------------------
2026-01-21 12:16:45,455 | INFO | File: PHO-000814-01_L01.wav | WER=29.378531 | S=40 D=5 I=7
2026-01-21 12:16:45,455 | INFO | ------------------------------
2026-01-21 12:16:45,456 | INFO |  File duration: 97.96266666666666 seconds
2026-01-21 12:16:55,188 | INFO | Number of chunks: 9
2026-01-21 12:17:03,748 | INFO | Chunk: 0 | WER=800.000000 | S=1 D=0 I=7
2026-01-21 12:17:03,748 | INFO | Chunk: 1 | WER=28.571429 | S=3 D=2 I=1
2026-01-21 12:17:03,749 | INFO | Chunk: 2 | WER=63.333333 | S=13 D=5 I=1
2026-01-21 12:17:03,750 | INFO | Chunk: 3 | WER=30.000000 | S=3 D=3 I=0
2026-01-21 12:17:03,750 | INFO | Chunk: 4 | WER=18.750000 | S=0 D=3 I=0
2026-01-21 12:17:03,750 | INFO | Chunk: 5 | WER=55.000000 | S=6 D=2 I=3
2026-01-21 12:17:03,751 | INFO | Chunk: 6 | WER=48.000000 | S=6 D=6 I=0
2026-01-21 12:17:03,751 | INFO | Chunk: 7 | WER=55.555556 | S=2 D=3 I=0
2026-01-21 12:17:03,752 | INFO | Chunk: 8 | WER=70.833333 | S=10 D=7 I=0
2026-01-21 12:17:03,752 | INFO | ------------------------------
2026-01-21 12:17:03,752 | INFO | ------------------------------
2026-01-21 12:17:03,762 | INFO | File: PHO-001070-01_L01.wav | WER=46.376812 | S=41 D=7 I=16
2026-01-21 12:17:03,762 | INFO | ------------------------------
2026-01-21 12:17:03,763 | INFO |  File duration: 80.43392290249433 seconds
2026-01-21 12:17:11,467 | INFO | Number of chunks: 8
2026-01-21 12:17:22,072 | INFO | Chunk: 0 | WER=5.263158 | S=0 D=1 I=0
2026-01-21 12:17:22,073 | INFO | Chunk: 1 | WER=20.833333 | S=2 D=3 I=0
2026-01-21 12:17:22,074 | INFO | Chunk: 2 | WER=14.705882 | S=1 D=4 I=0
2026-01-21 12:17:22,074 | INFO | Chunk: 3 | WER=20.000000 | S=1 D=2 I=1
2026-01-21 12:17:22,074 | INFO | Chunk: 4 | WER=14.285714 | S=1 D=1 I=0
2026-01-21 12:17:22,075 | INFO | Chunk: 5 | WER=33.333333 | S=0 D=2 I=2
2026-01-21 12:17:22,075 | INFO | Chunk: 6 | WER=31.034483 | S=5 D=4 I=0
2026-01-21 12:17:22,077 | INFO | Chunk: 7 | WER=22.727273 | S=3 D=6 I=1
2026-01-21 12:17:22,077 | INFO | ------------------------------
2026-01-21 12:17:22,077 | INFO | ------------------------------
2026-01-21 12:17:22,091 | INFO | File: PHO-001329-01_L01.wav | WER=11.864407 | S=13 D=4 I=4
2026-01-21 12:17:22,091 | INFO | ------------------------------
2026-01-21 12:17:22,091 | INFO |  File duration: 93.78133333333334 seconds
2026-01-21 12:17:33,660 | INFO | Number of chunks: 11
2026-01-21 12:17:40,889 | INFO | Chunk: 0 | WER=12.500000 | S=1 D=1 I=0
2026-01-21 12:17:40,890 | INFO | Chunk: 1 | WER=25.000000 | S=2 D=0 I=0
2026-01-21 12:17:40,890 | INFO | Chunk: 2 | WER=33.333333 | S=2 D=0 I=0
2026-01-21 12:17:40,890 | INFO | Chunk: 3 | WER=22.222222 | S=1 D=1 I=0
2026-01-21 12:17:40,890 | INFO | Chunk: 4 | WER=17.647059 | S=3 D=0 I=0
2026-01-21 12:17:40,891 | INFO | Chunk: 5 | WER=0.000000 | S=0 D=0 I=0
2026-01-21 12:17:40,891 | INFO | Chunk: 6 | WER=10.526316 | S=1 D=1 I=0
2026-01-21 12:17:40,892 | INFO | Chunk: 7 | WER=23.076923 | S=2 D=4 I=0
2026-01-21 12:17:40,892 | INFO | Chunk: 8 | WER=0.000000 | S=0 D=0 I=0
2026-01-21 12:17:40,892 | INFO | Chunk: 9 | WER=50.000000 | S=1 D=1 I=0
2026-01-21 12:17:40,892 | INFO | Chunk: 10 | WER=71.428571 | S=2 D=3 I=0
2026-01-21 12:17:40,892 | INFO | ------------------------------
2026-01-21 12:17:40,892 | INFO | ------------------------------
2026-01-21 12:17:40,900 | INFO | File: PHO-001473-01_L01.wav | WER=14.285714 | S=15 D=2 I=0
2026-01-21 12:17:40,900 | INFO | ------------------------------
2026-01-21 12:17:40,900 | INFO |  File duration: 116.65066666666667 seconds
2026-01-21 12:17:55,702 | INFO | Number of chunks: 18
2026-01-21 12:18:06,968 | INFO | Chunk: 0 | WER=0.000000 | S=0 D=0 I=0
2026-01-21 12:18:06,968 | INFO | Chunk: 1 | WER=0.000000 | S=0 D=0 I=0
2026-01-21 12:18:06,969 | INFO | Chunk: 2 | WER=14.285714 | S=1 D=0 I=1
2026-01-21 12:18:06,969 | INFO | Chunk: 3 | WER=30.000000 | S=2 D=1 I=0
2026-01-21 12:18:06,969 | INFO | Chunk: 4 | WER=23.529412 | S=3 D=1 I=0
2026-01-21 12:18:06,970 | INFO | Chunk: 5 | WER=0.000000 | S=0 D=0 I=0
2026-01-21 12:18:06,970 | INFO | Chunk: 6 | WER=10.000000 | S=0 D=1 I=0
2026-01-21 12:18:06,970 | INFO | Chunk: 7 | WER=100.000000 | S=1 D=0 I=0
2026-01-21 12:18:06,970 | INFO | Chunk: 8 | WER=0.000000 | S=0 D=0 I=0
2026-01-21 12:18:06,970 | INFO | Chunk: 9 | WER=0.000000 | S=0 D=0 I=0
2026-01-21 12:18:06,971 | INFO | Chunk: 10 | WER=12.500000 | S=1 D=0 I=0
2026-01-21 12:18:06,971 | INFO | Chunk: 11 | WER=0.000000 | S=0 D=0 I=0
2026-01-21 12:18:06,971 | INFO | Chunk: 12 | WER=50.000000 | S=4 D=3 I=0
2026-01-21 12:18:06,972 | INFO | Chunk: 13 | WER=25.000000 | S=2 D=2 I=0
2026-01-21 12:18:06,972 | INFO | Chunk: 14 | WER=30.769231 | S=2 D=2 I=0
2026-01-21 12:18:06,972 | INFO | Chunk: 15 | WER=18.750000 | S=2 D=1 I=0
2026-01-21 12:18:06,972 | INFO | Chunk: 16 | WER=33.333333 | S=1 D=1 I=0
2026-01-21 12:18:06,973 | INFO | Chunk: 17 | WER=44.444444 | S=1 D=3 I=0
2026-01-21 12:18:06,973 | INFO | ------------------------------
2026-01-21 12:18:06,973 | INFO | ------------------------------
2026-01-21 12:18:06,986 | INFO | File: PHO-001499-01_L01.wav | WER=14.204545 | S=20 D=4 I=1
2026-01-21 12:18:06,986 | INFO | ------------------------------
2026-01-21 12:18:06,987 | INFO |  File duration: 165.20533333333333 seconds
2026-01-21 12:18:24,496 | INFO | Number of chunks: 8
2026-01-21 12:18:35,718 | INFO | Chunk: 0 | WER=47.169811 | S=9 D=16 I=0
2026-01-21 12:18:35,719 | INFO | Chunk: 1 | WER=59.183673 | S=4 D=25 I=0
2026-01-21 12:18:35,719 | INFO | Chunk: 2 | WER=59.259259 | S=5 D=11 I=0
2026-01-21 12:18:35,720 | INFO | Chunk: 3 | WER=51.219512 | S=8 D=13 I=0
2026-01-21 12:18:35,721 | INFO | Chunk: 4 | WER=12.500000 | S=1 D=0 I=0
2026-01-21 12:18:35,721 | INFO | Chunk: 5 | WER=83.333333 | S=3 D=7 I=0
2026-01-21 12:18:35,722 | INFO | Chunk: 6 | WER=102.272727 | S=23 D=8 I=14
2026-01-21 12:18:35,723 | INFO | Chunk: 7 | WER=72.222222 | S=4 D=9 I=0
2026-01-21 12:18:35,723 | INFO | ------------------------------
2026-01-21 12:18:35,723 | INFO | ------------------------------
2026-01-21 12:18:35,737 | INFO | File: PHO-001522-01_L01.wav | WER=52.601156 | S=51 D=18 I=22
2026-01-21 12:18:35,737 | INFO | ------------------------------
2026-01-21 12:18:35,737 | INFO |  File duration: 89.088 seconds
2026-01-21 12:18:44,191 | INFO | Number of chunks: 17
2026-01-21 12:18:53,706 | INFO | Chunk: 0 | WER=23.529412 | S=2 D=0 I=2
2026-01-21 12:18:53,706 | INFO | Chunk: 1 | WER=85.714286 | S=5 D=0 I=1
2026-01-21 12:18:53,707 | INFO | Chunk: 2 | WER=40.000000 | S=1 D=0 I=1
2026-01-21 12:18:53,707 | INFO | Chunk: 3 | WER=77.777778 | S=4 D=3 I=0
2026-01-21 12:18:53,707 | INFO | Chunk: 4 | WER=44.444444 | S=4 D=0 I=0
2026-01-21 12:18:53,707 | INFO | Chunk: 5 | WER=90.909091 | S=7 D=3 I=0
2026-01-21 12:18:53,707 | INFO | Chunk: 6 | WER=85.714286 | S=4 D=2 I=0
2026-01-21 12:18:53,708 | INFO | Chunk: 7 | WER=52.380952 | S=6 D=4 I=1
2026-01-21 12:18:53,708 | INFO | Chunk: 8 | WER=75.000000 | S=6 D=3 I=0
2026-01-21 12:18:53,708 | INFO | Chunk: 9 | WER=100.000000 | S=2 D=8 I=0
2026-01-21 12:18:53,709 | INFO | Chunk: 10 | WER=88.888889 | S=4 D=4 I=0
2026-01-21 12:18:53,709 | INFO | Chunk: 11 | WER=71.428571 | S=7 D=2 I=1
2026-01-21 12:18:53,709 | INFO | Chunk: 12 | WER=91.666667 | S=6 D=4 I=1
2026-01-21 12:18:53,709 | INFO | Chunk: 13 | WER=85.714286 | S=4 D=1 I=1
2026-01-21 12:18:53,710 | INFO | Chunk: 14 | WER=100.000000 | S=5 D=1 I=0
2026-01-21 12:18:53,710 | INFO | Chunk: 15 | WER=33.333333 | S=1 D=1 I=0
2026-01-21 12:18:53,710 | INFO | Chunk: 16 | WER=85.714286 | S=5 D=1 I=0
2026-01-21 12:18:53,710 | INFO | ------------------------------
2026-01-21 12:18:53,710 | INFO | ------------------------------
2026-01-21 12:18:53,721 | INFO | File: PHO-001594-01_L01.wav | WER=68.072289 | S=75 D=32 I=6
2026-01-21 12:18:53,721 | INFO | ------------------------------
2026-01-21 12:18:53,722 | INFO |  File duration: 85.35655328798185 seconds
2026-01-21 12:19:03,196 | INFO | Number of chunks: 13
2026-01-21 12:19:13,373 | INFO | Chunk: 0 | WER=0.000000 | S=0 D=0 I=0
2026-01-21 12:19:13,374 | INFO | Chunk: 1 | WER=60.000000 | S=5 D=1 I=0
2026-01-21 12:19:13,374 | INFO | Chunk: 2 | WER=42.857143 | S=1 D=2 I=0
2026-01-21 12:19:13,374 | INFO | Chunk: 3 | WER=50.000000 | S=3 D=1 I=1
2026-01-21 12:19:13,375 | INFO | Chunk: 4 | WER=42.105263 | S=5 D=3 I=0
2026-01-21 12:19:13,375 | INFO | Chunk: 5 | WER=40.000000 | S=4 D=2 I=0
2026-01-21 12:19:13,375 | INFO | Chunk: 6 | WER=38.888889 | S=5 D=2 I=0
2026-01-21 12:19:13,376 | INFO | Chunk: 7 | WER=45.000000 | S=3 D=6 I=0
2026-01-21 12:19:13,376 | INFO | Chunk: 8 | WER=100.000000 | S=4 D=3 I=0
2026-01-21 12:19:13,376 | INFO | Chunk: 9 | WER=25.000000 | S=2 D=1 I=0
2026-01-21 12:19:13,376 | INFO | Chunk: 10 | WER=52.941176 | S=5 D=4 I=0
2026-01-21 12:19:13,377 | INFO | Chunk: 11 | WER=69.230769 | S=5 D=4 I=0
2026-01-21 12:19:13,377 | INFO | Chunk: 12 | WER=35.483871 | S=6 D=4 I=1
2026-01-21 12:19:13,378 | INFO | ------------------------------
2026-01-21 12:19:13,378 | INFO | ------------------------------
2026-01-21 12:19:13,391 | INFO | File: PHO-001670-01_L01.wav | WER=36.158192 | S=47 D=14 I=3
2026-01-21 12:19:13,391 | INFO | ------------------------------
2026-01-21 12:19:13,391 | INFO |  File duration: 129.2887074829932 seconds
2026-01-21 12:19:26,140 | INFO | Number of chunks: 12
2026-01-21 12:19:35,725 | INFO | Chunk: 0 | WER=45.454545 | S=8 D=5 I=2
2026-01-21 12:19:35,725 | INFO | Chunk: 1 | WER=100.000000 | S=8 D=0 I=0
2026-01-21 12:19:35,726 | INFO | Chunk: 2 | WER=90.909091 | S=7 D=3 I=0
2026-01-21 12:19:35,726 | INFO | Chunk: 3 | WER=24.137931 | S=5 D=2 I=0
2026-01-21 12:19:35,727 | INFO | Chunk: 4 | WER=82.978723 | S=17 D=21 I=1
2026-01-21 12:19:35,727 | INFO | Chunk: 5 | WER=150.000000 | S=3 D=0 I=3
2026-01-21 12:19:35,728 | INFO | Chunk: 6 | WER=100.000000 | S=1 D=0 I=0
2026-01-21 12:19:35,728 | INFO | Chunk: 7 | WER=90.000000 | S=8 D=1 I=0
2026-01-21 12:19:35,728 | INFO | Chunk: 8 | WER=100.000000 | S=6 D=1 I=0
2026-01-21 12:19:35,729 | INFO | Chunk: 9 | WER=57.692308 | S=12 D=3 I=0
2026-01-21 12:19:35,729 | INFO | Chunk: 10 | WER=100.000000 | S=13 D=0 I=1
2026-01-21 12:19:35,729 | INFO | Chunk: 11 | WER=200.000000 | S=1 D=0 I=1
2026-01-21 12:19:35,729 | INFO | ------------------------------
2026-01-21 12:19:35,729 | INFO | ------------------------------
2026-01-21 12:19:35,742 | INFO | File: PHO-001836-01_L01.wav | WER=68.750000 | S=82 D=26 I=13
2026-01-21 12:19:35,742 | INFO | ------------------------------
2026-01-21 12:19:35,743 | INFO |  File duration: 67.15210884353742 seconds
2026-01-21 12:19:43,692 | INFO | Number of chunks: 9
2026-01-21 12:19:53,398 | INFO | Chunk: 0 | WER=55.172414 | S=3 D=12 I=1
2026-01-21 12:19:53,398 | INFO | Chunk: 1 | WER=133.333333 | S=2 D=0 I=2
2026-01-21 12:19:53,399 | INFO | Chunk: 2 | WER=28.000000 | S=4 D=3 I=0
2026-01-21 12:19:53,399 | INFO | Chunk: 3 | WER=57.894737 | S=8 D=2 I=1
2026-01-21 12:19:53,399 | INFO | Chunk: 4 | WER=28.571429 | S=1 D=1 I=2
2026-01-21 12:19:53,400 | INFO | Chunk: 5 | WER=52.631579 | S=7 D=2 I=1
2026-01-21 12:19:53,400 | INFO | Chunk: 6 | WER=200.000000 | S=2 D=0 I=2
2026-01-21 12:19:53,402 | INFO | Chunk: 7 | WER=40.000000 | S=10 D=12 I=0
2026-01-21 12:19:53,402 | INFO | Chunk: 8 | WER=42.105263 | S=6 D=2 I=0
2026-01-21 12:19:53,402 | INFO | ------------------------------
2026-01-21 12:19:53,402 | INFO | ------------------------------
2026-01-21 12:19:53,413 | INFO | File: PHO-307175-01_L01.wav | WER=38.000000 | S=39 D=4 I=14
2026-01-21 12:19:53,413 | INFO | ------------------------------
2026-01-21 12:19:53,413 | INFO | ===================== GLOBAL WER ======================
2026-01-21 12:19:53,413 | INFO | The number of files is 12
2026-01-21 12:19:53,413 | INFO | WER: 37.72%
2026-01-21 12:19:53,414 | INFO | =============================================================
