2026-01-12 14:46:25,176 | INFO | File: Rhap-D0020-Pro | WER=21.153846 | S=15 D=5 I=2
2026-01-12 14:46:25,176 | INFO | ------------------------------
2026-01-12 14:46:25,542 | INFO | File: Rhap-D2002-Pro | WER=70.614035 | S=253 D=388 I=3
2026-01-12 14:46:25,542 | INFO | ------------------------------
2026-01-12 14:46:25,585 | INFO | File: Rhap-M0009-Pro | WER=45.116279 | S=53 D=42 I=2
2026-01-12 14:46:25,585 | INFO | ------------------------------
2026-01-12 14:46:25,606 | INFO | File: Rhap-D0017-Pro | WER=24.545455 | S=14 D=9 I=4
2026-01-12 14:46:25,606 | INFO | ------------------------------
2026-01-12 14:46:25,677 | INFO | File: Rhap-D2006-Pro | WER=44.537815 | S=23 D=10 I=73
2026-01-12 14:46:25,677 | INFO | ------------------------------
2026-01-12 14:46:25,717 | INFO | File: Rhap-M0002-Pro | WER=40.404040 | S=39 D=34 I=7
2026-01-12 14:46:25,717 | INFO | ------------------------------
2026-01-12 14:46:26,239 | INFO | File: Rhap-D2009-Pro | WER=15.758755 | S=91 D=52 I=19
2026-01-12 14:46:26,239 | INFO | ------------------------------
2026-01-12 14:46:26,307 | INFO | File: Rhap-M0023-Pro | WER=44.687500 | S=59 D=81 I=3
2026-01-12 14:46:26,307 | INFO | ------------------------------
2026-01-12 14:46:26,736 | INFO | File: Rhap-D0001-Pro | WER=57.156489 | S=247 D=345 I=7
2026-01-12 14:46:26,736 | INFO | ------------------------------
2026-01-12 14:46:27,131 | INFO | File: Rhap-D0005-Pro | WER=40.601504 | S=147 D=224 I=7
2026-01-12 14:46:27,131 | INFO | ------------------------------
2026-01-12 14:46:27,183 | INFO | File: Rhap-M0016-Pro | WER=28.333333 | S=34 D=30 I=4
2026-01-12 14:46:27,184 | INFO | ------------------------------
2026-01-12 14:46:27,269 | INFO | File: Rhap-M0003-Pro | WER=24.561404 | S=45 D=37 I=2
2026-01-12 14:46:27,269 | INFO | ------------------------------
2026-01-12 14:46:27,895 | INFO | File: Rhap-D0004-Pro | WER=25.585429 | S=152 D=131 I=12
2026-01-12 14:46:27,895 | INFO | ------------------------------
2026-01-12 14:46:28,413 | INFO | File: Rhap-D2005-Pro | WER=13.758724 | S=74 D=53 I=11
2026-01-12 14:46:28,413 | INFO | ------------------------------
2026-01-12 14:46:28,961 | INFO | File: Rhap-D0002-Pro | WER=27.683049 | S=130 D=129 I=17
2026-01-12 14:46:28,961 | INFO | ------------------------------
2026-01-12 14:46:28,980 | INFO | File: Rhap-M0006-Pro | WER=39.285714 | S=25 D=18 I=1
2026-01-12 14:46:28,980 | INFO | ------------------------------
2026-01-12 14:46:29,118 | INFO | File: Rhap-D1002-Pro | WER=29.817444 | S=52 D=85 I=10
2026-01-12 14:46:29,119 | INFO | ------------------------------
2026-01-12 14:46:29,600 | INFO | File: Rhap-D1001-Pro | WER=23.634558 | S=102 D=115 I=21
2026-01-12 14:46:29,600 | INFO | ------------------------------
2026-01-12 14:46:29,608 | INFO | File: Rhap-M0004-Pro | WER=53.333333 | S=10 D=14 I=0
2026-01-12 14:46:29,608 | INFO | ------------------------------
2026-01-12 14:46:30,114 | INFO | File: Rhap-D2012-Pro | WER=24.473420 | S=145 D=60 I=39
2026-01-12 14:46:30,114 | INFO | ------------------------------
2026-01-12 14:46:30,636 | INFO | File: Rhap-D2010-Pro | WER=32.255083 | S=190 D=152 I=7
2026-01-12 14:46:30,636 | INFO | ------------------------------
2026-01-12 14:46:30,673 | INFO | File: Rhap-M0019-Pro | WER=30.851064 | S=17 D=37 I=4
2026-01-12 14:46:30,673 | INFO | ------------------------------
2026-01-12 14:46:30,766 | INFO | File: Rhap-M2005-Pro | WER=14.040115 | S=33 D=8 I=8
2026-01-12 14:46:30,766 | INFO | ------------------------------
2026-01-12 14:46:30,855 | INFO | File: Rhap-M1001-Pro | WER=41.558442 | S=72 D=86 I=2
2026-01-12 14:46:30,855 | INFO | ------------------------------
2026-01-12 14:46:30,890 | INFO | File: Rhap-M0007-Pro | WER=33.142857 | S=32 D=21 I=5
2026-01-12 14:46:30,890 | INFO | ------------------------------
2026-01-12 14:46:31,679 | INFO | File: Rhap-M2004-Pro | WER=4.651163 | S=50 D=5 I=3
2026-01-12 14:46:31,679 | INFO | ------------------------------
2026-01-12 14:46:32,234 | INFO | File: Rhap-D2011-Pro | WER=18.846154 | S=128 D=62 I=6
2026-01-12 14:46:32,234 | INFO | ------------------------------
2026-01-12 14:46:32,379 | INFO | File: Rhap-D1003-Pro | WER=72.056239 | S=163 D=247 I=0
2026-01-12 14:46:32,379 | INFO | ------------------------------
2026-01-12 14:46:32,900 | INFO | File: Rhap-D0003-Pro | WER=36.344756 | S=175 D=164 I=11
2026-01-12 14:46:32,901 | INFO | ------------------------------
2026-01-12 14:46:34,823 | INFO | File: Rhap-D2008-Pro | WER=17.041647 | S=184 D=142 I=30
2026-01-12 14:46:34,823 | INFO | ------------------------------
2026-01-12 14:46:34,880 | INFO | File: Rhap-M0018-Pro | WER=27.237354 | S=34 D=35 I=1
2026-01-12 14:46:34,880 | INFO | ------------------------------
2026-01-12 14:46:35,574 | INFO | File: Rhap-D0006-Pro | WER=41.194255 | S=199 D=335 I=11
2026-01-12 14:46:35,574 | INFO | ------------------------------
2026-01-12 14:46:35,621 | INFO | File: Rhap-M0022-Pro | WER=31.111111 | S=25 D=42 I=3
2026-01-12 14:46:35,622 | INFO | ------------------------------
2026-01-12 14:46:36,037 | INFO | File: Rhap-D2004-Pro | WER=40.918164 | S=109 D=293 I=8
2026-01-12 14:46:36,037 | INFO | ------------------------------
2026-01-12 14:46:36,063 | INFO | File: Rhap-M0001-Pro | WER=45.652174 | S=44 D=19 I=0
2026-01-12 14:46:36,064 | INFO | ------------------------------
2026-01-12 14:46:36,256 | INFO | File: Rhap-M2001-Pro | WER=6.319703 | S=28 D=4 I=2
2026-01-12 14:46:36,256 | INFO | ------------------------------
2026-01-12 14:46:36,768 | INFO | File: Rhap-D2007-Pro | WER=40.640641 | S=204 D=189 I=13
2026-01-12 14:46:36,768 | INFO | ------------------------------
2026-01-12 14:46:36,799 | INFO | File: Rhap-M0011-Pro | WER=27.044025 | S=28 D=11 I=4
2026-01-12 14:46:36,799 | INFO | ------------------------------
2026-01-12 14:46:37,143 | INFO | File: Rhap-M1003-Pro | WER=30.665025 | S=127 D=118 I=4
2026-01-12 14:46:37,144 | INFO | ------------------------------
2026-01-12 14:46:37,170 | INFO | File: Rhap-M0024-Pro | WER=18.939394 | S=9 D=15 I=1
2026-01-12 14:46:37,170 | INFO | ------------------------------
2026-01-12 14:46:38,912 | INFO | File: Rhap-D2001-Pro | WER=18.099548 | S=194 D=141 I=25
2026-01-12 14:46:38,912 | INFO | ------------------------------
2026-01-12 14:46:39,169 | INFO | File: Rhap-D2013-Pro | WER=5.156250 | S=29 D=1 I=3
2026-01-12 14:46:39,169 | INFO | ------------------------------
2026-01-12 14:46:39,934 | INFO | File: Rhap-M2002-Pro | WER=20.473644 | S=132 D=129 I=7
2026-01-12 14:46:39,935 | INFO | ------------------------------
2026-01-12 14:46:40,172 | INFO | File: Rhap-D0008-Pro | WER=29.696970 | S=99 D=87 I=10
2026-01-12 14:46:40,172 | INFO | ------------------------------
2026-01-12 14:46:40,568 | INFO | File: Rhap-M2003-Pro | WER=5.089409 | S=30 D=4 I=3
2026-01-12 14:46:40,568 | INFO | ------------------------------
2026-01-12 14:46:40,594 | INFO | File: Rhap-M0005-Pro | WER=22.695035 | S=15 D=17 I=0
2026-01-12 14:46:40,594 | INFO | ------------------------------
2026-01-12 14:46:41,228 | INFO | File: Rhap-D0009-Pro | WER=48.870968 | S=313 D=279 I=14
2026-01-12 14:46:41,228 | INFO | ------------------------------
2026-01-12 14:46:41,267 | INFO | File: Rhap-M0021-Pro | WER=32.584270 | S=40 D=15 I=3
2026-01-12 14:46:41,267 | INFO | ------------------------------
2026-01-12 14:46:42,093 | INFO | File: Rhap-D2003-Pro | WER=36.691729 | S=293 D=130 I=65
2026-01-12 14:46:42,094 | INFO | ------------------------------
2026-01-12 14:46:42,109 | INFO | File: Rhap-M0014-Pro | WER=37.647059 | S=14 D=12 I=6
2026-01-12 14:46:42,109 | INFO | ------------------------------
2026-01-12 14:46:42,124 | INFO | File: Rhap-M0015-Pro | WER=31.645570 | S=19 D=5 I=1
2026-01-12 14:46:42,124 | INFO | ------------------------------
2026-01-12 14:46:43,349 | INFO | File: Rhap-M2006-Pro | WER=203.395062 | S=51 D=11 I=1915
2026-01-12 14:46:43,349 | INFO | ------------------------------
2026-01-12 14:46:43,376 | INFO | File: Rhap-D0007-Pro | WER=59.722222 | S=41 D=45 I=0
2026-01-12 14:46:43,376 | INFO | ------------------------------
2026-01-12 14:46:43,409 | INFO | File: Rhap-M0013-Pro | WER=22.727273 | S=23 D=16 I=1
2026-01-12 14:46:43,409 | INFO | ------------------------------
2026-01-12 14:46:43,419 | INFO | File: Rhap-M0012-Pro | WER=34.615385 | S=11 D=6 I=1
2026-01-12 14:46:43,419 | INFO | ------------------------------
2026-01-12 14:46:43,428 | INFO | File: Rhap-M0008-Pro | WER=22.807018 | S=6 D=7 I=0
2026-01-12 14:46:43,428 | INFO | ------------------------------
2026-01-12 14:46:43,439 | INFO | File: Rhap-M0010-Pro | WER=60.317460 | S=16 D=20 I=2
2026-01-12 14:46:43,439 | INFO | ------------------------------
2026-01-12 14:46:43,439 | INFO | ===================== GLOBAL WER ======================
2026-01-12 14:46:43,439 | INFO | WER: 35.05%
2026-01-12 14:46:43,440 | INFO | =============================================================
