2026-01-15 16:54:16,037 | INFO | Fetch hyperparams.yaml: Using file found at '/vol/experiments3/imbenamor/TAPAS-FRAIS/models/asr-whisper-medium-commonvoice-fr/hyperparams.yaml'
2026-01-15 16:54:16,037 | DEBUG | Fetch: Source and destination '/vol/experiments3/imbenamor/TAPAS-FRAIS/models/asr-whisper-medium-commonvoice-fr/custom.py' are identical, returning assuming this is intended
2026-01-15 16:54:18,383 | WARNING | speechbrain.lobes.models.huggingface_transformers.huggingface - WhisperModel is frozen.
2026-01-15 16:54:18,383 | WARNING | speechbrain.lobes.models.huggingface_transformers.whisper - whisper encoder-decoder is frozen.
2026-01-15 16:54:18,502 | DEBUG | Collecting files (or symlinks) for pretraining in /vol/experiments3/imbenamor/TAPAS-FRAIS/models/asr-whisper-medium-commonvoice-fr.
2026-01-15 16:54:18,503 | INFO | Fetch whisper.ckpt: Using file found at '/vol/experiments3/imbenamor/TAPAS-FRAIS/models/asr-whisper-medium-commonvoice-fr/whisper.ckpt'
2026-01-15 16:54:18,503 | DEBUG | Set local path in self.paths["whisper"] = /vol/experiments3/imbenamor/TAPAS-FRAIS/models/asr-whisper-medium-commonvoice-fr/whisper.ckpt
2026-01-15 16:54:18,503 | INFO | Loading pretrained files for: whisper
2026-01-15 16:54:18,503 | DEBUG | Redirecting (loading from local path): whisper -> /vol/experiments3/imbenamor/TAPAS-FRAIS/models/asr-whisper-medium-commonvoice-fr/whisper.ckpt
2026-01-15 16:54:23,466 | INFO |  File duration: 51.82693877551021 seconds
2026-01-15 16:54:29,596 | INFO | Chunk: 0 | WER=87.640449 | S=0 D=71 I=7
2026-01-15 16:54:29,599 | INFO | Chunk: 1 | WER=65.909091 | S=12 D=38 I=8
2026-01-15 16:54:29,599 | INFO | ------------------------------
2026-01-15 16:54:29,599 | INFO | ------------------------------
2026-01-15 16:54:29,605 | INFO | File: CCM-003848-01_L01_pr_analyse | WER=76.836158 | S=12 D=109 I=15
2026-01-15 16:54:29,605 | INFO | ------------------------------
2026-01-15 16:54:29,605 | INFO | ------------------------------
2026-01-15 16:54:29,606 | INFO |  File duration: 76.16145124716553 seconds
2026-01-15 16:54:38,844 | INFO | Chunk: 0 | WER=0.000000 | S=0 D=0 I=0
2026-01-15 16:54:38,844 | INFO | Chunk: 1 | WER=57.142857 | S=6 D=2 I=0
2026-01-15 16:54:38,844 | INFO | Chunk: 2 | WER=22.222222 | S=2 D=0 I=0
2026-01-15 16:54:38,845 | INFO | Chunk: 3 | WER=22.222222 | S=3 D=1 I=0
2026-01-15 16:54:38,845 | INFO | Chunk: 4 | WER=16.666667 | S=1 D=0 I=0
2026-01-15 16:54:38,845 | INFO | Chunk: 5 | WER=33.333333 | S=2 D=0 I=0
2026-01-15 16:54:38,845 | INFO | Chunk: 6 | WER=27.272727 | S=1 D=2 I=0
2026-01-15 16:54:38,846 | INFO | Chunk: 7 | WER=116.666667 | S=6 D=0 I=1
2026-01-15 16:54:38,846 | INFO | Chunk: 8 | WER=60.000000 | S=3 D=0 I=0
2026-01-15 16:54:38,846 | INFO | Chunk: 9 | WER=50.000000 | S=3 D=0 I=1
2026-01-15 16:54:38,846 | INFO | Chunk: 10 | WER=90.000000 | S=5 D=4 I=0
2026-01-15 16:54:38,846 | INFO | Chunk: 11 | WER=133.333333 | S=3 D=0 I=1
2026-01-15 16:54:38,846 | INFO | Chunk: 12 | WER=0.000000 | S=0 D=0 I=0
2026-01-15 16:54:38,847 | INFO | Chunk: 13 | WER=80.000000 | S=3 D=0 I=1
2026-01-15 16:54:38,847 | INFO | Chunk: 14 | WER=50.000000 | S=7 D=0 I=0
2026-01-15 16:54:38,847 | INFO | Chunk: 15 | WER=61.538462 | S=7 D=1 I=0
2026-01-15 16:54:38,847 | INFO | Chunk: 16 | WER=83.333333 | S=4 D=0 I=1
2026-01-15 16:54:38,848 | INFO | Chunk: 17 | WER=100.000000 | S=8 D=0 I=0
2026-01-15 16:54:38,848 | INFO | Chunk: 18 | WER=83.333333 | S=4 D=1 I=0
2026-01-15 16:54:38,848 | INFO | Chunk: 19 | WER=50.000000 | S=3 D=1 I=0
2026-01-15 16:54:38,848 | INFO | ------------------------------
2026-01-15 16:54:38,848 | INFO | ------------------------------
2026-01-15 16:54:38,860 | INFO | File: CCM-003848-01_L01_pr_analyse | WER=48.587571 | S=73 D=10 I=3
2026-01-15 16:54:38,860 | INFO | ------------------------------
2026-01-15 16:54:38,860 | INFO | ------------------------------
2026-01-15 16:54:38,860 | INFO |  File duration: 69.47410430839003 seconds
2026-01-15 16:54:42,668 | INFO | Chunk: 0 | WER=79.069767 | S=0 D=68 I=0
2026-01-15 16:54:42,668 | INFO | Chunk: 1 | WER=12.500000 | S=0 D=1 I=0
2026-01-15 16:54:42,670 | INFO | Chunk: 2 | WER=78.378378 | S=6 D=51 I=1
2026-01-15 16:54:42,670 | INFO | Chunk: 3 | WER=33.333333 | S=2 D=3 I=0
2026-01-15 16:54:42,670 | INFO | Chunk: 4 | WER=33.333333 | S=1 D=2 I=0
2026-01-15 16:54:42,670 | INFO | ------------------------------
2026-01-15 16:54:42,670 | INFO | ------------------------------
2026-01-15 16:54:42,676 | INFO | File: CCM-003848-01_L01_pr_analyse | WER=70.312500 | S=9 D=125 I=1
2026-01-15 16:54:42,676 | INFO | ------------------------------
2026-01-15 16:54:42,676 | INFO | ------------------------------
2026-01-15 16:54:42,676 | INFO |  File duration: 63.15827664399093 seconds
2026-01-15 16:54:49,608 | INFO | Chunk: 0 | WER=12.500000 | S=0 D=2 I=0
2026-01-15 16:54:49,609 | INFO | Chunk: 1 | WER=38.461538 | S=5 D=5 I=0
2026-01-15 16:54:49,609 | INFO | Chunk: 2 | WER=27.586207 | S=7 D=1 I=0
2026-01-15 16:54:49,610 | INFO | Chunk: 3 | WER=33.333333 | S=3 D=3 I=0
2026-01-15 16:54:49,610 | INFO | Chunk: 4 | WER=12.500000 | S=1 D=2 I=0
2026-01-15 16:54:49,612 | INFO | Chunk: 5 | WER=58.441558 | S=10 D=35 I=0
2026-01-15 16:54:49,612 | INFO | ------------------------------
2026-01-15 16:54:49,612 | INFO | ------------------------------
2026-01-15 16:54:49,623 | INFO | File: CCM-003848-01_L01_pr_analyse | WER=38.947368 | S=26 D=48 I=0
2026-01-15 16:54:49,623 | INFO | ------------------------------
2026-01-15 16:54:49,623 | INFO | ------------------------------
2026-01-15 16:54:49,623 | INFO |  File duration: 84.14911564625851 seconds
2026-01-15 16:54:58,699 | INFO | Chunk: 0 | WER=12.500000 | S=0 D=1 I=0
2026-01-15 16:54:58,699 | INFO | Chunk: 1 | WER=0.000000 | S=0 D=0 I=0
2026-01-15 16:54:58,700 | INFO | Chunk: 2 | WER=41.176471 | S=5 D=2 I=0
2026-01-15 16:54:58,700 | INFO | Chunk: 3 | WER=25.000000 | S=2 D=3 I=0
2026-01-15 16:54:58,700 | INFO | Chunk: 4 | WER=0.000000 | S=0 D=0 I=0
2026-01-15 16:54:58,701 | INFO | Chunk: 5 | WER=0.000000 | S=0 D=0 I=0
2026-01-15 16:54:58,701 | INFO | Chunk: 6 | WER=39.130435 | S=3 D=5 I=1
2026-01-15 16:54:58,701 | INFO | Chunk: 7 | WER=23.076923 | S=2 D=1 I=0
2026-01-15 16:54:58,702 | INFO | Chunk: 8 | WER=0.000000 | S=0 D=0 I=0
2026-01-15 16:54:58,702 | INFO | Chunk: 9 | WER=18.181818 | S=2 D=0 I=0
2026-01-15 16:54:58,702 | INFO | Chunk: 10 | WER=45.454545 | S=2 D=3 I=0
2026-01-15 16:54:58,702 | INFO | Chunk: 11 | WER=33.333333 | S=1 D=1 I=0
2026-01-15 16:54:58,703 | INFO | Chunk: 12 | WER=27.272727 | S=3 D=0 I=0
2026-01-15 16:54:58,703 | INFO | Chunk: 13 | WER=0.000000 | S=0 D=0 I=0
2026-01-15 16:54:58,703 | INFO | Chunk: 14 | WER=26.666667 | S=2 D=2 I=0
2026-01-15 16:54:58,703 | INFO | Chunk: 15 | WER=50.000000 | S=3 D=0 I=0
2026-01-15 16:54:58,703 | INFO | ------------------------------
2026-01-15 16:54:58,703 | INFO | ------------------------------
2026-01-15 16:54:58,715 | INFO | File: CCM-003848-01_L01_pr_analyse | WER=23.404255 | S=25 D=18 I=1
2026-01-15 16:54:58,716 | INFO | ------------------------------
2026-01-15 16:54:58,716 | INFO | ------------------------------
2026-01-15 16:54:58,716 | INFO |  File duration: 124.83047619047619 seconds
2026-01-15 16:55:09,842 | INFO | Chunk: 0 | WER=53.846154 | S=4 D=3 I=0
2026-01-15 16:55:09,842 | INFO | Chunk: 1 | WER=200.000000 | S=4 D=0 I=4
2026-01-15 16:55:09,842 | INFO | Chunk: 2 | WER=100.000000 | S=2 D=0 I=0
2026-01-15 16:55:09,843 | INFO | Chunk: 3 | WER=61.538462 | S=7 D=1 I=0
2026-01-15 16:55:09,843 | INFO | Chunk: 4 | WER=71.428571 | S=5 D=0 I=0
2026-01-15 16:55:09,843 | INFO | Chunk: 5 | WER=100.000000 | S=1 D=0 I=1
2026-01-15 16:55:09,843 | INFO | Chunk: 6 | WER=66.666667 | S=2 D=0 I=0
2026-01-15 16:55:09,843 | INFO | Chunk: 7 | WER=0.000000 | S=0 D=0 I=0
2026-01-15 16:55:09,843 | INFO | Chunk: 8 | WER=40.000000 | S=2 D=2 I=0
2026-01-15 16:55:09,844 | INFO | Chunk: 9 | WER=100.000000 | S=2 D=1 I=0
2026-01-15 16:55:09,844 | INFO | Chunk: 10 | WER=100.000000 | S=1 D=2 I=0
2026-01-15 16:55:09,844 | INFO | Chunk: 11 | WER=41.666667 | S=3 D=2 I=0
2026-01-15 16:55:09,844 | INFO | Chunk: 12 | WER=0.000000 | S=0 D=0 I=0
2026-01-15 16:55:09,844 | INFO | Chunk: 13 | WER=72.727273 | S=5 D=3 I=0
2026-01-15 16:55:09,844 | INFO | Chunk: 14 | WER=0.000000 | S=0 D=0 I=0
2026-01-15 16:55:09,845 | INFO | Chunk: 15 | WER=100.000000 | S=2 D=0 I=2
2026-01-15 16:55:09,845 | INFO | Chunk: 16 | WER=100.000000 | S=5 D=0 I=0
2026-01-15 16:55:09,845 | INFO | Chunk: 17 | WER=20.000000 | S=1 D=0 I=0
2026-01-15 16:55:09,845 | INFO | Chunk: 18 | WER=100.000000 | S=3 D=0 I=0
2026-01-15 16:55:09,845 | INFO | Chunk: 19 | WER=80.000000 | S=5 D=3 I=0
2026-01-15 16:55:09,845 | INFO | Chunk: 20 | WER=100.000000 | S=1 D=2 I=0
2026-01-15 16:55:09,846 | INFO | Chunk: 21 | WER=100.000000 | S=2 D=1 I=0
2026-01-15 16:55:09,846 | INFO | Chunk: 22 | WER=100.000000 | S=1 D=0 I=0
2026-01-15 16:55:09,846 | INFO | Chunk: 23 | WER=100.000000 | S=1 D=1 I=0
2026-01-15 16:55:09,846 | INFO | Chunk: 24 | WER=100.000000 | S=1 D=0 I=1
2026-01-15 16:55:09,846 | INFO | Chunk: 25 | WER=200.000000 | S=1 D=0 I=1
2026-01-15 16:55:09,846 | INFO | Chunk: 26 | WER=75.000000 | S=1 D=1 I=1
2026-01-15 16:55:09,846 | INFO | Chunk: 27 | WER=100.000000 | S=2 D=1 I=1
2026-01-15 16:55:09,847 | INFO | Chunk: 28 | WER=100.000000 | S=1 D=0 I=0
2026-01-15 16:55:09,847 | INFO | Chunk: 29 | WER=60.000000 | S=4 D=2 I=0
2026-01-15 16:55:09,847 | INFO | Chunk: 30 | WER=50.000000 | S=1 D=0 I=0
2026-01-15 16:55:09,847 | INFO | Chunk: 31 | WER=100.000000 | S=1 D=0 I=0
2026-01-15 16:55:09,847 | INFO | Chunk: 32 | WER=75.000000 | S=4 D=1 I=1
2026-01-15 16:55:09,847 | INFO | Chunk: 33 | WER=33.333333 | S=1 D=0 I=0
2026-01-15 16:55:09,848 | INFO | Chunk: 34 | WER=40.000000 | S=2 D=0 I=0
2026-01-15 16:55:09,848 | INFO | Chunk: 35 | WER=100.000000 | S=5 D=0 I=0
2026-01-15 16:55:09,848 | INFO | Chunk: 36 | WER=133.333333 | S=3 D=0 I=1
2026-01-15 16:55:09,848 | INFO | Chunk: 37 | WER=57.142857 | S=2 D=0 I=2
2026-01-15 16:55:09,848 | INFO | Chunk: 38 | WER=66.666667 | S=2 D=0 I=2
2026-01-15 16:55:09,848 | INFO | Chunk: 39 | WER=100.000000 | S=5 D=4 I=0
2026-01-15 16:55:09,849 | INFO | ------------------------------
2026-01-15 16:55:09,849 | INFO | ------------------------------
2026-01-15 16:55:09,863 | INFO | File: CCM-003848-01_L01_pr_analyse | WER=69.696970 | S=101 D=25 I=12
2026-01-15 16:55:09,863 | INFO | ------------------------------
2026-01-15 16:55:09,863 | INFO | ------------------------------
2026-01-15 16:55:09,864 | INFO |  File duration: 73.3750566893424 seconds
2026-01-15 16:55:17,825 | INFO | Chunk: 0 | WER=43.750000 | S=0 D=14 I=0
2026-01-15 16:55:17,825 | INFO | Chunk: 1 | WER=33.333333 | S=3 D=0 I=0
2026-01-15 16:55:17,825 | INFO | Chunk: 2 | WER=0.000000 | S=0 D=0 I=0
2026-01-15 16:55:17,826 | INFO | Chunk: 3 | WER=26.666667 | S=3 D=1 I=0
2026-01-15 16:55:17,826 | INFO | Chunk: 4 | WER=4.545455 | S=0 D=1 I=0
2026-01-15 16:55:17,826 | INFO | Chunk: 5 | WER=60.000000 | S=3 D=0 I=0
2026-01-15 16:55:17,826 | INFO | Chunk: 6 | WER=0.000000 | S=0 D=0 I=0
2026-01-15 16:55:17,827 | INFO | Chunk: 7 | WER=80.000000 | S=2 D=6 I=0
2026-01-15 16:55:17,827 | INFO | Chunk: 8 | WER=25.000000 | S=2 D=1 I=0
2026-01-15 16:55:17,827 | INFO | Chunk: 9 | WER=25.000000 | S=2 D=2 I=0
2026-01-15 16:55:17,828 | INFO | Chunk: 10 | WER=54.545455 | S=4 D=0 I=2
2026-01-15 16:55:17,828 | INFO | Chunk: 11 | WER=6.896552 | S=2 D=0 I=0
2026-01-15 16:55:17,828 | INFO | ------------------------------
2026-01-15 16:55:17,828 | INFO | ------------------------------
2026-01-15 16:55:17,839 | INFO | File: CCM-003848-01_L01_pr_analyse | WER=26.519337 | S=21 D=25 I=2
2026-01-15 16:55:17,839 | INFO | ------------------------------
2026-01-15 16:55:17,839 | INFO | ------------------------------
2026-01-15 16:55:17,840 | INFO |  File duration: 68.89360544217688 seconds
2026-01-15 16:55:25,523 | INFO | Chunk: 0 | WER=22.222222 | S=0 D=1 I=3
2026-01-15 16:55:25,524 | INFO | Chunk: 1 | WER=33.333333 | S=3 D=2 I=0
2026-01-15 16:55:25,524 | INFO | Chunk: 2 | WER=55.555556 | S=6 D=4 I=0
2026-01-15 16:55:25,525 | INFO | Chunk: 3 | WER=16.666667 | S=5 D=3 I=0
2026-01-15 16:55:25,527 | INFO | Chunk: 4 | WER=44.230769 | S=4 D=19 I=0
2026-01-15 16:55:25,528 | INFO | Chunk: 5 | WER=38.095238 | S=9 D=7 I=0
2026-01-15 16:55:25,528 | INFO | ------------------------------
2026-01-15 16:55:25,528 | INFO | ------------------------------
2026-01-15 16:55:25,539 | INFO | File: CCM-003848-01_L01_pr_analyse | WER=34.196891 | S=27 D=36 I=3
2026-01-15 16:55:25,539 | INFO | ------------------------------
2026-01-15 16:55:25,539 | INFO | ------------------------------
2026-01-15 16:55:25,539 | INFO | ===================== GLOBAL WER ======================
2026-01-15 16:55:25,540 | INFO | WER: 48.56%
2026-01-15 16:55:25,540 | INFO | =============================================================
