2026-01-21 13:20:26,623 | INFO | Fetch hyperparams.yaml: Using file found at '/vol/experiments3/imbenamor/TAPAS-FRAIS/models/asr-whisper-medium-commonvoice-fr/hyperparams.yaml'
2026-01-21 13:20:26,623 | DEBUG | Fetch: Source and destination '/vol/experiments3/imbenamor/TAPAS-FRAIS/models/asr-whisper-medium-commonvoice-fr/custom.py' are identical, returning assuming this is intended
2026-01-21 13:20:27,821 | WARNING | speechbrain.lobes.models.huggingface_transformers.huggingface - WhisperModel is frozen.
2026-01-21 13:20:27,821 | WARNING | speechbrain.lobes.models.huggingface_transformers.whisper - whisper encoder-decoder is frozen.
2026-01-21 13:20:27,933 | DEBUG | Collecting files (or symlinks) for pretraining in /vol/experiments3/imbenamor/TAPAS-FRAIS/models/asr-whisper-medium-commonvoice-fr.
2026-01-21 13:20:27,933 | INFO | Fetch whisper.ckpt: Using file found at '/vol/experiments3/imbenamor/TAPAS-FRAIS/models/asr-whisper-medium-commonvoice-fr/whisper.ckpt'
2026-01-21 13:20:27,933 | DEBUG | Set local path in self.paths["whisper"] = /vol/experiments3/imbenamor/TAPAS-FRAIS/models/asr-whisper-medium-commonvoice-fr/whisper.ckpt
2026-01-21 13:20:27,933 | INFO | Loading pretrained files for: whisper
2026-01-21 13:20:27,933 | DEBUG | Redirecting (loading from local path): whisper -> /vol/experiments3/imbenamor/TAPAS-FRAIS/models/asr-whisper-medium-commonvoice-fr/whisper.ckpt
2026-01-21 13:20:32,353 | INFO |  File duration: 78.42133333333334 seconds
2026-01-21 13:20:40,149 | INFO | Number of chunks: 11
2026-01-21 13:20:47,510 | INFO | Chunk: 0 | WER=21.052632 | S=3 D=1 I=0
2026-01-21 13:20:47,510 | INFO | Chunk: 1 | WER=28.571429 | S=4 D=0 I=0
2026-01-21 13:20:47,510 | INFO | Chunk: 2 | WER=55.555556 | S=5 D=0 I=0
2026-01-21 13:20:47,511 | INFO | Chunk: 3 | WER=23.529412 | S=3 D=1 I=0
2026-01-21 13:20:47,511 | INFO | Chunk: 4 | WER=7.142857 | S=0 D=1 I=0
2026-01-21 13:20:47,511 | INFO | Chunk: 5 | WER=22.222222 | S=4 D=0 I=0
2026-01-21 13:20:47,512 | INFO | Chunk: 6 | WER=54.166667 | S=6 D=7 I=0
2026-01-21 13:20:47,512 | INFO | Chunk: 7 | WER=46.153846 | S=3 D=3 I=0
2026-01-21 13:20:47,512 | INFO | Chunk: 8 | WER=40.000000 | S=4 D=2 I=0
2026-01-21 13:20:47,513 | INFO | Chunk: 9 | WER=38.888889 | S=6 D=0 I=1
2026-01-21 13:20:47,513 | INFO | Chunk: 10 | WER=50.000000 | S=9 D=2 I=0
2026-01-21 13:20:47,513 | INFO | ------------------------------
2026-01-21 13:20:47,513 | INFO | ------------------------------
2026-01-21 13:20:47,527 | INFO | File: PHO-000024-01_L01.wav | WER=32.768362 | S=48 D=10 I=0
2026-01-21 13:20:47,527 | INFO | ------------------------------
2026-01-21 13:20:47,527 | INFO |  File duration: 217.77066666666667 seconds
2026-01-21 13:21:03,150 | INFO | Number of chunks: 24
2026-01-21 13:21:11,207 | INFO | Chunk: 0 | WER=100.000000 | S=1 D=1 I=0
2026-01-21 13:21:11,208 | INFO | Chunk: 1 | WER=12.500000 | S=1 D=1 I=0
2026-01-21 13:21:11,208 | INFO | Chunk: 2 | WER=0.000000 | S=0 D=0 I=0
2026-01-21 13:21:11,208 | INFO | Chunk: 3 | WER=16.666667 | S=0 D=1 I=0
2026-01-21 13:21:11,208 | INFO | Chunk: 4 | WER=60.000000 | S=4 D=2 I=0
2026-01-21 13:21:11,209 | INFO | Chunk: 5 | WER=23.529412 | S=4 D=0 I=0
2026-01-21 13:21:11,209 | INFO | Chunk: 6 | WER=15.384615 | S=2 D=0 I=0
2026-01-21 13:21:11,209 | INFO | Chunk: 7 | WER=72.727273 | S=8 D=0 I=0
2026-01-21 13:21:11,209 | INFO | Chunk: 8 | WER=100.000000 | S=2 D=6 I=0
2026-01-21 13:21:11,209 | INFO | Chunk: 9 | WER=66.666667 | S=1 D=0 I=1
2026-01-21 13:21:11,210 | INFO | Chunk: 10 | WER=75.000000 | S=2 D=0 I=1
2026-01-21 13:21:11,210 | INFO | Chunk: 11 | WER=80.000000 | S=7 D=1 I=0
2026-01-21 13:21:11,210 | INFO | Chunk: 12 | WER=75.000000 | S=2 D=0 I=1
2026-01-21 13:21:11,210 | INFO | Chunk: 13 | WER=10.000000 | S=1 D=0 I=0
2026-01-21 13:21:11,210 | INFO | Chunk: 14 | WER=100.000000 | S=3 D=0 I=0
2026-01-21 13:21:11,211 | INFO | Chunk: 15 | WER=150.000000 | S=7 D=0 I=5
2026-01-21 13:21:11,211 | INFO | Chunk: 16 | WER=25.000000 | S=2 D=0 I=0
2026-01-21 13:21:11,211 | INFO | Chunk: 17 | WER=50.000000 | S=3 D=0 I=0
2026-01-21 13:21:11,211 | INFO | Chunk: 18 | WER=57.142857 | S=3 D=0 I=1
2026-01-21 13:21:11,211 | INFO | Chunk: 19 | WER=100.000000 | S=3 D=0 I=1
2026-01-21 13:21:11,212 | INFO | Chunk: 20 | WER=28.571429 | S=2 D=0 I=0
2026-01-21 13:21:11,212 | INFO | Chunk: 21 | WER=50.000000 | S=3 D=0 I=1
2026-01-21 13:21:11,212 | INFO | Chunk: 22 | WER=33.333333 | S=2 D=0 I=0
2026-01-21 13:21:11,212 | INFO | Chunk: 23 | WER=62.500000 | S=3 D=2 I=0
2026-01-21 13:21:11,212 | INFO | ------------------------------
2026-01-21 13:21:11,212 | INFO | ------------------------------
2026-01-21 13:21:11,227 | INFO | File: PHO-000566-01_L01.wav | WER=47.567568 | S=65 D=12 I=11
2026-01-21 13:21:11,227 | INFO | ------------------------------
2026-01-21 13:21:11,227 | INFO |  File duration: 142.57052154195011 seconds
2026-01-21 13:21:22,273 | INFO | Number of chunks: 15
2026-01-21 13:21:29,738 | INFO | Chunk: 0 | WER=15.000000 | S=1 D=2 I=0
2026-01-21 13:21:29,739 | INFO | Chunk: 1 | WER=41.176471 | S=4 D=3 I=0
2026-01-21 13:21:29,739 | INFO | Chunk: 2 | WER=66.666667 | S=4 D=2 I=0
2026-01-21 13:21:29,739 | INFO | Chunk: 3 | WER=38.888889 | S=5 D=2 I=0
2026-01-21 13:21:29,739 | INFO | Chunk: 4 | WER=28.571429 | S=1 D=1 I=0
2026-01-21 13:21:29,739 | INFO | Chunk: 5 | WER=0.000000 | S=0 D=0 I=0
2026-01-21 13:21:29,740 | INFO | Chunk: 6 | WER=9.090909 | S=1 D=0 I=0
2026-01-21 13:21:29,740 | INFO | Chunk: 7 | WER=14.285714 | S=1 D=0 I=0
2026-01-21 13:21:29,740 | INFO | Chunk: 8 | WER=20.000000 | S=3 D=2 I=0
2026-01-21 13:21:29,741 | INFO | Chunk: 9 | WER=66.666667 | S=8 D=0 I=0
2026-01-21 13:21:29,741 | INFO | Chunk: 10 | WER=28.571429 | S=4 D=0 I=0
2026-01-21 13:21:29,741 | INFO | Chunk: 11 | WER=63.636364 | S=6 D=0 I=1
2026-01-21 13:21:29,742 | INFO | Chunk: 12 | WER=0.000000 | S=0 D=0 I=0
2026-01-21 13:21:29,742 | INFO | Chunk: 13 | WER=14.285714 | S=2 D=0 I=0
2026-01-21 13:21:29,742 | INFO | Chunk: 14 | WER=100.000000 | S=4 D=4 I=0
2026-01-21 13:21:29,742 | INFO | ------------------------------
2026-01-21 13:21:29,742 | INFO | ------------------------------
2026-01-21 13:21:29,756 | INFO | File: PHO-000814-01_L01.wav | WER=29.378531 | S=43 D=7 I=2
2026-01-21 13:21:29,756 | INFO | ------------------------------
2026-01-21 13:21:29,756 | INFO |  File duration: 97.96266666666666 seconds
2026-01-21 13:21:36,901 | INFO | Number of chunks: 9
2026-01-21 13:21:42,707 | INFO | Chunk: 0 | WER=800.000000 | S=1 D=0 I=7
2026-01-21 13:21:42,708 | INFO | Chunk: 1 | WER=28.571429 | S=2 D=4 I=0
2026-01-21 13:21:42,709 | INFO | Chunk: 2 | WER=53.333333 | S=7 D=8 I=1
2026-01-21 13:21:42,709 | INFO | Chunk: 3 | WER=70.000000 | S=7 D=6 I=1
2026-01-21 13:21:42,709 | INFO | Chunk: 4 | WER=25.000000 | S=1 D=3 I=0
2026-01-21 13:21:42,710 | INFO | Chunk: 5 | WER=15.000000 | S=1 D=2 I=0
2026-01-21 13:21:42,710 | INFO | Chunk: 6 | WER=52.000000 | S=11 D=2 I=0
2026-01-21 13:21:42,710 | INFO | Chunk: 7 | WER=55.555556 | S=2 D=3 I=0
2026-01-21 13:21:42,711 | INFO | Chunk: 8 | WER=79.166667 | S=12 D=6 I=1
2026-01-21 13:21:42,711 | INFO | ------------------------------
2026-01-21 13:21:42,711 | INFO | ------------------------------
2026-01-21 13:21:42,720 | INFO | File: PHO-001070-01_L01.wav | WER=44.927536 | S=42 D=8 I=12
2026-01-21 13:21:42,720 | INFO | ------------------------------
2026-01-21 13:21:42,721 | INFO |  File duration: 80.43392290249433 seconds
2026-01-21 13:21:49,730 | INFO | Number of chunks: 8
2026-01-21 13:21:56,670 | INFO | Chunk: 0 | WER=5.263158 | S=0 D=1 I=0
2026-01-21 13:21:56,670 | INFO | Chunk: 1 | WER=29.166667 | S=4 D=3 I=0
2026-01-21 13:21:56,671 | INFO | Chunk: 2 | WER=11.764706 | S=0 D=4 I=0
2026-01-21 13:21:56,671 | INFO | Chunk: 3 | WER=10.000000 | S=0 D=2 I=0
2026-01-21 13:21:56,672 | INFO | Chunk: 4 | WER=14.285714 | S=1 D=1 I=0
2026-01-21 13:21:56,672 | INFO | Chunk: 5 | WER=41.666667 | S=3 D=1 I=1
2026-01-21 13:21:56,673 | INFO | Chunk: 6 | WER=27.586207 | S=3 D=4 I=1
2026-01-21 13:21:56,674 | INFO | Chunk: 7 | WER=47.727273 | S=7 D=14 I=0
2026-01-21 13:21:56,674 | INFO | ------------------------------
2026-01-21 13:21:56,674 | INFO | ------------------------------
2026-01-21 13:21:56,687 | INFO | File: PHO-001329-01_L01.wav | WER=18.079096 | S=17 D=12 I=3
2026-01-21 13:21:56,687 | INFO | ------------------------------
2026-01-21 13:21:56,687 | INFO |  File duration: 93.78133333333334 seconds
2026-01-21 13:22:04,259 | INFO | Number of chunks: 11
2026-01-21 13:22:09,440 | INFO | Chunk: 0 | WER=12.500000 | S=1 D=1 I=0
2026-01-21 13:22:09,441 | INFO | Chunk: 1 | WER=37.500000 | S=3 D=0 I=0
2026-01-21 13:22:09,441 | INFO | Chunk: 2 | WER=33.333333 | S=2 D=0 I=0
2026-01-21 13:22:09,441 | INFO | Chunk: 3 | WER=22.222222 | S=1 D=1 I=0
2026-01-21 13:22:09,442 | INFO | Chunk: 4 | WER=47.058824 | S=7 D=1 I=0
2026-01-21 13:22:09,442 | INFO | Chunk: 5 | WER=7.692308 | S=1 D=0 I=0
2026-01-21 13:22:09,442 | INFO | Chunk: 6 | WER=15.789474 | S=2 D=1 I=0
2026-01-21 13:22:09,443 | INFO | Chunk: 7 | WER=30.769231 | S=5 D=3 I=0
2026-01-21 13:22:09,443 | INFO | Chunk: 8 | WER=66.666667 | S=1 D=0 I=1
2026-01-21 13:22:09,443 | INFO | Chunk: 9 | WER=50.000000 | S=1 D=1 I=0
2026-01-21 13:22:09,443 | INFO | Chunk: 10 | WER=57.142857 | S=1 D=3 I=0
2026-01-21 13:22:09,443 | INFO | ------------------------------
2026-01-21 13:22:09,443 | INFO | ------------------------------
2026-01-21 13:22:09,451 | INFO | File: PHO-001473-01_L01.wav | WER=24.369748 | S=24 D=3 I=2
2026-01-21 13:22:09,451 | INFO | ------------------------------
2026-01-21 13:22:09,451 | INFO |  File duration: 116.65066666666667 seconds
2026-01-21 13:22:20,429 | INFO | Number of chunks: 18
2026-01-21 13:22:28,123 | INFO | Chunk: 0 | WER=0.000000 | S=0 D=0 I=0
2026-01-21 13:22:28,124 | INFO | Chunk: 1 | WER=0.000000 | S=0 D=0 I=0
2026-01-21 13:22:28,124 | INFO | Chunk: 2 | WER=35.714286 | S=4 D=0 I=1
2026-01-21 13:22:28,124 | INFO | Chunk: 3 | WER=30.000000 | S=2 D=1 I=0
2026-01-21 13:22:28,124 | INFO | Chunk: 4 | WER=29.411765 | S=4 D=1 I=0
2026-01-21 13:22:28,125 | INFO | Chunk: 5 | WER=0.000000 | S=0 D=0 I=0
2026-01-21 13:22:28,125 | INFO | Chunk: 6 | WER=10.000000 | S=0 D=1 I=0
2026-01-21 13:22:28,125 | INFO | Chunk: 7 | WER=100.000000 | S=1 D=0 I=0
2026-01-21 13:22:28,125 | INFO | Chunk: 8 | WER=0.000000 | S=0 D=0 I=0
2026-01-21 13:22:28,125 | INFO | Chunk: 9 | WER=0.000000 | S=0 D=0 I=0
2026-01-21 13:22:28,126 | INFO | Chunk: 10 | WER=37.500000 | S=3 D=0 I=0
2026-01-21 13:22:28,126 | INFO | Chunk: 11 | WER=30.000000 | S=2 D=0 I=1
2026-01-21 13:22:28,126 | INFO | Chunk: 12 | WER=42.857143 | S=3 D=3 I=0
2026-01-21 13:22:28,126 | INFO | Chunk: 13 | WER=31.250000 | S=3 D=2 I=0
2026-01-21 13:22:28,127 | INFO | Chunk: 14 | WER=38.461538 | S=3 D=2 I=0
2026-01-21 13:22:28,127 | INFO | Chunk: 15 | WER=12.500000 | S=1 D=1 I=0
2026-01-21 13:22:28,127 | INFO | Chunk: 16 | WER=33.333333 | S=1 D=1 I=0
2026-01-21 13:22:28,127 | INFO | Chunk: 17 | WER=44.444444 | S=2 D=2 I=0
2026-01-21 13:22:28,128 | INFO | ------------------------------
2026-01-21 13:22:28,128 | INFO | ------------------------------
2026-01-21 13:22:28,141 | INFO | File: PHO-001499-01_L01.wav | WER=19.318182 | S=29 D=3 I=2
2026-01-21 13:22:28,141 | INFO | ------------------------------
2026-01-21 13:22:28,141 | INFO |  File duration: 165.20533333333333 seconds
2026-01-21 13:22:41,596 | INFO | Number of chunks: 8
2026-01-21 13:22:48,249 | INFO | Chunk: 0 | WER=60.377358 | S=8 D=24 I=0
2026-01-21 13:22:48,250 | INFO | Chunk: 1 | WER=63.265306 | S=5 D=26 I=0
2026-01-21 13:22:48,251 | INFO | Chunk: 2 | WER=66.666667 | S=4 D=14 I=0
2026-01-21 13:22:48,252 | INFO | Chunk: 3 | WER=56.097561 | S=12 D=9 I=2
2026-01-21 13:22:48,252 | INFO | Chunk: 4 | WER=75.000000 | S=5 D=0 I=1
2026-01-21 13:22:48,252 | INFO | Chunk: 5 | WER=100.000000 | S=7 D=5 I=0
2026-01-21 13:22:48,253 | INFO | Chunk: 6 | WER=70.454545 | S=11 D=20 I=0
2026-01-21 13:22:48,253 | INFO | Chunk: 7 | WER=50.000000 | S=2 D=7 I=0
2026-01-21 13:22:48,253 | INFO | ------------------------------
2026-01-21 13:22:48,253 | INFO | ------------------------------
2026-01-21 13:22:48,265 | INFO | File: PHO-001522-01_L01.wav | WER=51.445087 | S=50 D=31 I=8
2026-01-21 13:22:48,265 | INFO | ------------------------------
2026-01-21 13:22:48,266 | INFO |  File duration: 89.088 seconds
2026-01-21 13:22:54,131 | INFO | Number of chunks: 17
2026-01-21 13:23:00,493 | INFO | Chunk: 0 | WER=23.529412 | S=2 D=0 I=2
2026-01-21 13:23:00,494 | INFO | Chunk: 1 | WER=71.428571 | S=5 D=0 I=0
2026-01-21 13:23:00,494 | INFO | Chunk: 2 | WER=100.000000 | S=2 D=3 I=0
2026-01-21 13:23:00,494 | INFO | Chunk: 3 | WER=100.000000 | S=6 D=3 I=0
2026-01-21 13:23:00,494 | INFO | Chunk: 4 | WER=44.444444 | S=3 D=0 I=1
2026-01-21 13:23:00,494 | INFO | Chunk: 5 | WER=90.909091 | S=6 D=4 I=0
2026-01-21 13:23:00,495 | INFO | Chunk: 6 | WER=14.285714 | S=1 D=0 I=0
2026-01-21 13:23:00,495 | INFO | Chunk: 7 | WER=61.904762 | S=8 D=5 I=0
2026-01-21 13:23:00,495 | INFO | Chunk: 8 | WER=75.000000 | S=6 D=3 I=0
2026-01-21 13:23:00,496 | INFO | Chunk: 9 | WER=90.000000 | S=5 D=4 I=0
2026-01-21 13:23:00,496 | INFO | Chunk: 10 | WER=100.000000 | S=8 D=1 I=0
2026-01-21 13:23:00,496 | INFO | Chunk: 11 | WER=85.714286 | S=10 D=2 I=0
2026-01-21 13:23:00,496 | INFO | Chunk: 12 | WER=100.000000 | S=6 D=6 I=0
2026-01-21 13:23:00,497 | INFO | Chunk: 13 | WER=128.571429 | S=7 D=0 I=2
2026-01-21 13:23:00,497 | INFO | Chunk: 14 | WER=83.333333 | S=3 D=1 I=1
2026-01-21 13:23:00,497 | INFO | Chunk: 15 | WER=66.666667 | S=4 D=0 I=0
2026-01-21 13:23:00,497 | INFO | Chunk: 16 | WER=100.000000 | S=6 D=1 I=0
2026-01-21 13:23:00,497 | INFO | ------------------------------
2026-01-21 13:23:00,497 | INFO | ------------------------------
2026-01-21 13:23:00,508 | INFO | File: PHO-001594-01_L01.wav | WER=72.891566 | S=91 D=27 I=3
2026-01-21 13:23:00,508 | INFO | ------------------------------
2026-01-21 13:23:00,508 | INFO |  File duration: 85.35655328798185 seconds
2026-01-21 13:23:07,323 | INFO | Number of chunks: 13
2026-01-21 13:23:14,763 | INFO | Chunk: 0 | WER=5.555556 | S=1 D=0 I=0
2026-01-21 13:23:14,764 | INFO | Chunk: 1 | WER=50.000000 | S=2 D=2 I=1
2026-01-21 13:23:14,764 | INFO | Chunk: 2 | WER=85.714286 | S=3 D=3 I=0
2026-01-21 13:23:14,764 | INFO | Chunk: 3 | WER=50.000000 | S=4 D=1 I=0
2026-01-21 13:23:14,764 | INFO | Chunk: 4 | WER=36.842105 | S=4 D=3 I=0
2026-01-21 13:23:14,765 | INFO | Chunk: 5 | WER=60.000000 | S=7 D=2 I=0
2026-01-21 13:23:14,765 | INFO | Chunk: 6 | WER=38.888889 | S=5 D=2 I=0
2026-01-21 13:23:14,765 | INFO | Chunk: 7 | WER=50.000000 | S=5 D=5 I=0
2026-01-21 13:23:14,766 | INFO | Chunk: 8 | WER=57.142857 | S=1 D=3 I=0
2026-01-21 13:23:14,766 | INFO | Chunk: 9 | WER=33.333333 | S=3 D=1 I=0
2026-01-21 13:23:14,766 | INFO | Chunk: 10 | WER=70.588235 | S=8 D=4 I=0
2026-01-21 13:23:14,767 | INFO | Chunk: 11 | WER=92.307692 | S=8 D=4 I=0
2026-01-21 13:23:14,767 | INFO | Chunk: 12 | WER=25.806452 | S=5 D=3 I=0
2026-01-21 13:23:14,767 | INFO | ------------------------------
2026-01-21 13:23:14,767 | INFO | ------------------------------
2026-01-21 13:23:14,780 | INFO | File: PHO-001670-01_L01.wav | WER=39.548023 | S=56 D=13 I=1
2026-01-21 13:23:14,780 | INFO | ------------------------------
2026-01-21 13:23:14,781 | INFO |  File duration: 129.2887074829932 seconds
2026-01-21 13:23:23,372 | INFO | Number of chunks: 12
2026-01-21 13:23:28,946 | INFO | Chunk: 0 | WER=60.606061 | S=3 D=17 I=0
2026-01-21 13:23:28,946 | INFO | Chunk: 1 | WER=100.000000 | S=7 D=1 I=0
2026-01-21 13:23:28,947 | INFO | Chunk: 2 | WER=100.000000 | S=6 D=5 I=0
2026-01-21 13:23:28,947 | INFO | Chunk: 3 | WER=34.482759 | S=8 D=2 I=0
2026-01-21 13:23:28,948 | INFO | Chunk: 4 | WER=89.361702 | S=13 D=29 I=0
2026-01-21 13:23:28,948 | INFO | Chunk: 5 | WER=150.000000 | S=4 D=0 I=2
2026-01-21 13:23:28,948 | INFO | Chunk: 6 | WER=100.000000 | S=1 D=0 I=0
2026-01-21 13:23:28,948 | INFO | Chunk: 7 | WER=90.000000 | S=5 D=4 I=0
2026-01-21 13:23:28,949 | INFO | Chunk: 8 | WER=114.285714 | S=7 D=0 I=1
2026-01-21 13:23:28,949 | INFO | Chunk: 9 | WER=76.923077 | S=11 D=9 I=0
2026-01-21 13:23:28,949 | INFO | Chunk: 10 | WER=92.857143 | S=12 D=1 I=0
2026-01-21 13:23:28,950 | INFO | Chunk: 11 | WER=100.000000 | S=1 D=0 I=0
2026-01-21 13:23:28,950 | INFO | ------------------------------
2026-01-21 13:23:28,950 | INFO | ------------------------------
2026-01-21 13:23:28,960 | INFO | File: PHO-001836-01_L01.wav | WER=73.863636 | S=74 D=53 I=3
2026-01-21 13:23:28,960 | INFO | ------------------------------
2026-01-21 13:23:28,961 | INFO |  File duration: 67.15210884353742 seconds
2026-01-21 13:23:33,869 | INFO | Number of chunks: 9
2026-01-21 13:23:39,441 | INFO | Chunk: 0 | WER=41.379310 | S=7 D=5 I=0
2026-01-21 13:23:39,441 | INFO | Chunk: 1 | WER=200.000000 | S=3 D=0 I=3
2026-01-21 13:23:39,441 | INFO | Chunk: 2 | WER=40.000000 | S=7 D=3 I=0
2026-01-21 13:23:39,442 | INFO | Chunk: 3 | WER=42.105263 | S=5 D=3 I=0
2026-01-21 13:23:39,442 | INFO | Chunk: 4 | WER=7.142857 | S=0 D=1 I=0
2026-01-21 13:23:39,442 | INFO | Chunk: 5 | WER=73.684211 | S=7 D=7 I=0
2026-01-21 13:23:39,443 | INFO | Chunk: 6 | WER=100.000000 | S=1 D=1 I=0
2026-01-21 13:23:39,444 | INFO | Chunk: 7 | WER=61.818182 | S=3 D=31 I=0
2026-01-21 13:23:39,444 | INFO | Chunk: 8 | WER=57.894737 | S=8 D=3 I=0
2026-01-21 13:23:39,444 | INFO | ------------------------------
2026-01-21 13:23:39,444 | INFO | ------------------------------
2026-01-21 13:23:39,454 | INFO | File: PHO-307175-01_L01.wav | WER=49.333333 | S=32 D=29 I=13
2026-01-21 13:23:39,454 | INFO | ------------------------------
2026-01-21 13:23:39,454 | INFO | ===================== GLOBAL WER ======================
2026-01-21 13:23:39,454 | INFO | The number of files is 12
2026-01-21 13:23:39,454 | INFO | WER: 41.96%
2026-01-21 13:23:39,454 | INFO | =============================================================
