2026-01-16 09:57:39,322 | INFO | Fetch hyperparams.yaml: Using file found at '/vol/experiments3/imbenamor/TAPAS-FRAIS/models/asr-whisper-medium-commonvoice-fr/hyperparams.yaml'
2026-01-16 09:57:39,323 | DEBUG | Fetch: Source and destination '/vol/experiments3/imbenamor/TAPAS-FRAIS/models/asr-whisper-medium-commonvoice-fr/custom.py' are identical, returning assuming this is intended
2026-01-16 09:57:40,475 | WARNING | speechbrain.lobes.models.huggingface_transformers.huggingface - WhisperModel is frozen.
2026-01-16 09:57:40,476 | WARNING | speechbrain.lobes.models.huggingface_transformers.whisper - whisper encoder-decoder is frozen.
2026-01-16 09:57:40,588 | DEBUG | Collecting files (or symlinks) for pretraining in /vol/experiments3/imbenamor/TAPAS-FRAIS/models/asr-whisper-medium-commonvoice-fr.
2026-01-16 09:57:40,588 | INFO | Fetch whisper.ckpt: Using file found at '/vol/experiments3/imbenamor/TAPAS-FRAIS/models/asr-whisper-medium-commonvoice-fr/whisper.ckpt'
2026-01-16 09:57:40,588 | DEBUG | Set local path in self.paths["whisper"] = /vol/experiments3/imbenamor/TAPAS-FRAIS/models/asr-whisper-medium-commonvoice-fr/whisper.ckpt
2026-01-16 09:57:40,588 | INFO | Loading pretrained files for: whisper
2026-01-16 09:57:40,588 | DEBUG | Redirecting (loading from local path): whisper -> /vol/experiments3/imbenamor/TAPAS-FRAIS/models/asr-whisper-medium-commonvoice-fr/whisper.ckpt
2026-01-16 09:57:45,042 | INFO |  File duration: 121.48680272108844 seconds
2026-01-16 09:57:52,834 | INFO | Number of chunks: 20
2026-01-16 09:58:00,627 | INFO | Chunk: 0 | WER=0.000000 | S=1 D=0 I=9
2026-01-16 09:58:00,627 | INFO | Chunk: 1 | WER=0.000000 | S=1 D=0 I=1
2026-01-16 09:58:00,627 | INFO | Chunk: 2 | WER=45.000000 | S=4 D=5 I=0
2026-01-16 09:58:00,627 | INFO | Chunk: 3 | WER=87.500000 | S=6 D=1 I=0
2026-01-16 09:58:00,628 | INFO | Chunk: 4 | WER=100.000000 | S=5 D=2 I=0
2026-01-16 09:58:00,628 | INFO | Chunk: 5 | WER=54.545455 | S=3 D=3 I=0
2026-01-16 09:58:00,628 | INFO | Chunk: 6 | WER=14.285714 | S=1 D=0 I=0
2026-01-16 09:58:00,629 | INFO | Chunk: 7 | WER=84.210526 | S=8 D=24 I=0
2026-01-16 09:58:00,629 | INFO | Chunk: 8 | WER=100.000000 | S=1 D=4 I=0
2026-01-16 09:58:00,629 | INFO | Chunk: 9 | WER=83.333333 | S=4 D=1 I=0
2026-01-16 09:58:00,629 | INFO | Chunk: 10 | WER=81.250000 | S=9 D=3 I=1
2026-01-16 09:58:00,629 | INFO | Chunk: 11 | WER=88.888889 | S=5 D=3 I=0
2026-01-16 09:58:00,630 | INFO | Chunk: 12 | WER=121.428571 | S=14 D=0 I=3
2026-01-16 09:58:00,630 | INFO | Chunk: 13 | WER=0.000000 | S=1 D=0 I=6
2026-01-16 09:58:00,630 | INFO | Chunk: 14 | WER=94.117647 | S=10 D=6 I=0
2026-01-16 09:58:00,630 | INFO | Chunk: 15 | WER=100.000000 | S=2 D=2 I=0
2026-01-16 09:58:00,631 | INFO | Chunk: 16 | WER=90.909091 | S=8 D=1 I=1
2026-01-16 09:58:00,631 | INFO | Chunk: 17 | WER=60.000000 | S=2 D=4 I=0
2026-01-16 09:58:00,631 | INFO | Chunk: 18 | WER=37.500000 | S=5 D=1 I=0
2026-01-16 09:58:00,631 | INFO | Chunk: 19 | WER=100.000000 | S=4 D=4 I=0
2026-01-16 09:58:00,632 | INFO | ------------------------------
2026-01-16 09:58:00,632 | INFO | ------------------------------
2026-01-16 09:58:00,647 | INFO | File: CCM-002710-01_L01.wav | WER=81.642512 | S=105 D=52 I=12
2026-01-16 09:58:00,647 | INFO | ------------------------------
2026-01-16 09:58:00,647 | INFO |  File duration: 127.0595918367347 seconds
2026-01-16 09:58:06,103 | INFO | Number of chunks: 24
2026-01-16 09:58:14,125 | INFO | Chunk: 0 | WER=0.000000 | S=0 D=0 I=0
2026-01-16 09:58:14,125 | INFO | Chunk: 1 | WER=16.666667 | S=0 D=1 I=0
2026-01-16 09:58:14,125 | INFO | Chunk: 2 | WER=26.666667 | S=3 D=1 I=0
2026-01-16 09:58:14,126 | INFO | Chunk: 3 | WER=40.000000 | S=2 D=0 I=0
2026-01-16 09:58:14,126 | INFO | Chunk: 4 | WER=75.000000 | S=3 D=0 I=0
2026-01-16 09:58:14,126 | INFO | Chunk: 5 | WER=100.000000 | S=1 D=0 I=0
2026-01-16 09:58:14,126 | INFO | Chunk: 6 | WER=6.666667 | S=1 D=0 I=0
2026-01-16 09:58:14,126 | INFO | Chunk: 7 | WER=200.000000 | S=1 D=0 I=1
2026-01-16 09:58:14,126 | INFO | Chunk: 8 | WER=100.000000 | S=3 D=0 I=0
2026-01-16 09:58:14,127 | INFO | Chunk: 9 | WER=20.000000 | S=2 D=1 I=0
2026-01-16 09:58:14,127 | INFO | Chunk: 10 | WER=0.000000 | S=0 D=0 I=0
2026-01-16 09:58:14,127 | INFO | Chunk: 11 | WER=66.666667 | S=2 D=2 I=0
2026-01-16 09:58:14,127 | INFO | Chunk: 12 | WER=28.571429 | S=2 D=0 I=0
2026-01-16 09:58:14,128 | INFO | Chunk: 13 | WER=43.750000 | S=4 D=3 I=0
2026-01-16 09:58:14,128 | INFO | Chunk: 14 | WER=42.857143 | S=1 D=2 I=0
2026-01-16 09:58:14,128 | INFO | Chunk: 15 | WER=66.666667 | S=2 D=0 I=0
2026-01-16 09:58:14,128 | INFO | Chunk: 16 | WER=33.333333 | S=1 D=0 I=0
2026-01-16 09:58:14,128 | INFO | Chunk: 17 | WER=37.500000 | S=2 D=1 I=0
2026-01-16 09:58:14,128 | INFO | Chunk: 18 | WER=33.333333 | S=1 D=0 I=0
2026-01-16 09:58:14,128 | INFO | Chunk: 19 | WER=40.000000 | S=2 D=0 I=0
2026-01-16 09:58:14,129 | INFO | Chunk: 20 | WER=50.000000 | S=2 D=2 I=0
2026-01-16 09:58:14,129 | INFO | Chunk: 21 | WER=55.000000 | S=10 D=0 I=1
2026-01-16 09:58:14,129 | INFO | Chunk: 22 | WER=18.181818 | S=2 D=0 I=0
2026-01-16 09:58:14,130 | INFO | Chunk: 23 | WER=55.555556 | S=2 D=3 I=0
2026-01-16 09:58:14,130 | INFO | ------------------------------
2026-01-16 09:58:14,130 | INFO | ------------------------------
2026-01-16 09:58:14,144 | INFO | File: CCM-003094-01_L01.wav | WER=35.449735 | S=47 D=17 I=3
2026-01-16 09:58:14,144 | INFO | ------------------------------
2026-01-16 09:58:14,144 | INFO |  File duration: 91.39374149659864 seconds
2026-01-16 09:58:18,512 | INFO | Number of chunks: 11
2026-01-16 09:58:25,989 | INFO | Chunk: 0 | WER=0.000000 | S=1 D=0 I=6
2026-01-16 09:58:25,990 | INFO | Chunk: 1 | WER=7.142857 | S=0 D=1 I=0
2026-01-16 09:58:25,990 | INFO | Chunk: 2 | WER=34.615385 | S=6 D=3 I=0
2026-01-16 09:58:25,991 | INFO | Chunk: 3 | WER=11.111111 | S=1 D=1 I=0
2026-01-16 09:58:25,991 | INFO | Chunk: 4 | WER=13.333333 | S=0 D=2 I=0
2026-01-16 09:58:25,991 | INFO | Chunk: 5 | WER=26.315789 | S=2 D=3 I=0
2026-01-16 09:58:25,992 | INFO | Chunk: 6 | WER=8.333333 | S=1 D=1 I=0
2026-01-16 09:58:25,992 | INFO | Chunk: 7 | WER=27.272727 | S=2 D=0 I=1
2026-01-16 09:58:25,992 | INFO | Chunk: 8 | WER=37.500000 | S=3 D=3 I=0
2026-01-16 09:58:25,993 | INFO | Chunk: 9 | WER=34.285714 | S=8 D=4 I=0
2026-01-16 09:58:25,994 | INFO | Chunk: 10 | WER=22.222222 | S=1 D=1 I=0
2026-01-16 09:58:25,994 | INFO | ------------------------------
2026-01-16 09:58:25,994 | INFO | ------------------------------
2026-01-16 09:58:26,008 | INFO | File: CCM-003110-01_L01.wav | WER=27.272727 | S=24 D=19 I=8
2026-01-16 09:58:26,008 | INFO | ------------------------------
2026-01-16 09:58:26,008 | INFO |  File duration: 122.32272108843537 seconds
2026-01-16 09:58:32,385 | INFO | Number of chunks: 18
2026-01-16 09:58:40,174 | INFO | Chunk: 0 | WER=5.263158 | S=0 D=1 I=0
2026-01-16 09:58:40,174 | INFO | Chunk: 1 | WER=11.111111 | S=0 D=1 I=0
2026-01-16 09:58:40,174 | INFO | Chunk: 2 | WER=42.857143 | S=2 D=1 I=0
2026-01-16 09:58:40,175 | INFO | Chunk: 3 | WER=30.000000 | S=2 D=1 I=0
2026-01-16 09:58:40,175 | INFO | Chunk: 4 | WER=45.000000 | S=2 D=16 I=0
2026-01-16 09:58:40,176 | INFO | Chunk: 5 | WER=41.666667 | S=0 D=5 I=0
2026-01-16 09:58:40,176 | INFO | Chunk: 6 | WER=8.333333 | S=1 D=1 I=0
2026-01-16 09:58:40,177 | INFO | Chunk: 7 | WER=17.857143 | S=2 D=3 I=0
2026-01-16 09:58:40,177 | INFO | Chunk: 8 | WER=50.000000 | S=3 D=0 I=1
2026-01-16 09:58:40,177 | INFO | Chunk: 9 | WER=75.000000 | S=2 D=1 I=0
2026-01-16 09:58:40,177 | INFO | Chunk: 10 | WER=100.000000 | S=1 D=0 I=0
2026-01-16 09:58:40,177 | INFO | Chunk: 11 | WER=100.000000 | S=1 D=0 I=0
2026-01-16 09:58:40,178 | INFO | Chunk: 12 | WER=100.000000 | S=4 D=4 I=0
2026-01-16 09:58:40,178 | INFO | Chunk: 13 | WER=200.000000 | S=1 D=0 I=1
2026-01-16 09:58:40,178 | INFO | Chunk: 14 | WER=100.000000 | S=1 D=0 I=0
2026-01-16 09:58:40,178 | INFO | Chunk: 15 | WER=400.000000 | S=1 D=0 I=3
2026-01-16 09:58:40,178 | INFO | Chunk: 16 | WER=20.833333 | S=2 D=3 I=0
2026-01-16 09:58:40,179 | INFO | Chunk: 17 | WER=44.444444 | S=3 D=1 I=0
2026-01-16 09:58:40,179 | INFO | ------------------------------
2026-01-16 09:58:40,179 | INFO | ------------------------------
2026-01-16 09:58:40,194 | INFO | File: CCM-003493-01_L01.wav | WER=32.367150 | S=32 D=34 I=1
2026-01-16 09:58:40,194 | INFO | ------------------------------
2026-01-16 09:58:40,194 | INFO |  File duration: 142.47764172335602 seconds
2026-01-16 09:58:47,215 | INFO | Number of chunks: 44
2026-01-16 09:58:56,942 | INFO | Chunk: 0 | WER=0.000000 | S=0 D=0 I=0
2026-01-16 09:58:56,943 | INFO | Chunk: 1 | WER=100.000000 | S=1 D=0 I=0
2026-01-16 09:58:56,943 | INFO | Chunk: 2 | WER=0.000000 | S=0 D=0 I=0
2026-01-16 09:58:56,943 | INFO | Chunk: 3 | WER=100.000000 | S=1 D=0 I=0
2026-01-16 09:58:56,943 | INFO | Chunk: 4 | WER=100.000000 | S=2 D=2 I=0
2026-01-16 09:58:56,943 | INFO | Chunk: 5 | WER=66.666667 | S=1 D=1 I=0
2026-01-16 09:58:56,943 | INFO | Chunk: 6 | WER=100.000000 | S=2 D=0 I=0
2026-01-16 09:58:56,944 | INFO | Chunk: 7 | WER=450.000000 | S=2 D=0 I=7
2026-01-16 09:58:56,944 | INFO | Chunk: 8 | WER=1100.000000 | S=1 D=0 I=10
2026-01-16 09:58:56,944 | INFO | Chunk: 9 | WER=55.555556 | S=4 D=1 I=0
2026-01-16 09:58:56,944 | INFO | Chunk: 10 | WER=0.000000 | S=0 D=0 I=0
2026-01-16 09:58:56,944 | INFO | Chunk: 11 | WER=28.571429 | S=2 D=0 I=0
2026-01-16 09:58:56,944 | INFO | Chunk: 12 | WER=0.000000 | S=0 D=0 I=0
2026-01-16 09:58:56,945 | INFO | Chunk: 13 | WER=0.000000 | S=0 D=0 I=0
2026-01-16 09:58:56,945 | INFO | Chunk: 14 | WER=57.142857 | S=2 D=2 I=0
2026-01-16 09:58:56,945 | INFO | Chunk: 15 | WER=0.000000 | S=0 D=0 I=0
2026-01-16 09:58:56,945 | INFO | Chunk: 16 | WER=12.500000 | S=0 D=1 I=0
2026-01-16 09:58:56,945 | INFO | Chunk: 17 | WER=0.000000 | S=0 D=0 I=0
2026-01-16 09:58:56,946 | INFO | Chunk: 18 | WER=100.000000 | S=1 D=0 I=0
2026-01-16 09:58:56,946 | INFO | Chunk: 19 | WER=100.000000 | S=1 D=0 I=0
2026-01-16 09:58:56,946 | INFO | Chunk: 20 | WER=100.000000 | S=1 D=0 I=0
2026-01-16 09:58:56,946 | INFO | Chunk: 21 | WER=600.000000 | S=1 D=0 I=5
2026-01-16 09:58:56,946 | INFO | Chunk: 22 | WER=33.333333 | S=1 D=0 I=0
2026-01-16 09:58:56,946 | INFO | Chunk: 23 | WER=100.000000 | S=3 D=0 I=1
2026-01-16 09:58:56,946 | INFO | Chunk: 24 | WER=40.000000 | S=2 D=0 I=0
2026-01-16 09:58:56,946 | INFO | Chunk: 25 | WER=12.500000 | S=1 D=0 I=0
2026-01-16 09:58:56,947 | INFO | Chunk: 26 | WER=80.000000 | S=2 D=2 I=0
2026-01-16 09:58:56,947 | INFO | Chunk: 27 | WER=20.000000 | S=0 D=1 I=0
2026-01-16 09:58:56,947 | INFO | Chunk: 28 | WER=16.666667 | S=1 D=0 I=0
2026-01-16 09:58:56,947 | INFO | Chunk: 29 | WER=60.000000 | S=2 D=1 I=0
2026-01-16 09:58:56,947 | INFO | Chunk: 30 | WER=100.000000 | S=1 D=1 I=0
2026-01-16 09:58:56,947 | INFO | Chunk: 31 | WER=33.333333 | S=1 D=0 I=0
2026-01-16 09:58:56,947 | INFO | Chunk: 32 | WER=100.000000 | S=3 D=1 I=0
2026-01-16 09:58:56,948 | INFO | Chunk: 33 | WER=0.000000 | S=0 D=0 I=0
2026-01-16 09:58:56,948 | INFO | Chunk: 34 | WER=66.666667 | S=2 D=1 I=1
2026-01-16 09:58:56,948 | INFO | Chunk: 35 | WER=150.000000 | S=2 D=0 I=1
2026-01-16 09:58:56,948 | INFO | Chunk: 36 | WER=40.000000 | S=1 D=0 I=1
2026-01-16 09:58:56,948 | INFO | Chunk: 37 | WER=25.000000 | S=1 D=0 I=0
2026-01-16 09:58:56,948 | INFO | Chunk: 38 | WER=14.285714 | S=1 D=0 I=0
2026-01-16 09:58:56,949 | INFO | Chunk: 39 | WER=25.000000 | S=2 D=0 I=0
2026-01-16 09:58:56,949 | INFO | Chunk: 40 | WER=75.000000 | S=3 D=3 I=0
2026-01-16 09:58:56,949 | INFO | Chunk: 41 | WER=100.000000 | S=1 D=1 I=0
2026-01-16 09:58:56,949 | INFO | Chunk: 42 | WER=100.000000 | S=1 D=1 I=0
2026-01-16 09:58:56,949 | INFO | Chunk: 43 | WER=0.000000 | S=0 D=0 I=0
2026-01-16 09:58:56,949 | INFO | ------------------------------
2026-01-16 09:58:56,949 | INFO | ------------------------------
2026-01-16 09:58:56,966 | INFO | File: CCM-003998-01_L01.wav | WER=47.668394 | S=57 D=14 I=21
2026-01-16 09:58:56,966 | INFO | ------------------------------
2026-01-16 09:58:56,967 | INFO |  File duration: 94.87673469387755 seconds
2026-01-16 09:59:00,603 | INFO | Number of chunks: 17
2026-01-16 09:59:07,989 | INFO | Chunk: 0 | WER=5.555556 | S=1 D=0 I=0
2026-01-16 09:59:07,989 | INFO | Chunk: 1 | WER=0.000000 | S=0 D=0 I=0
2026-01-16 09:59:07,989 | INFO | Chunk: 2 | WER=16.666667 | S=1 D=0 I=0
2026-01-16 09:59:07,990 | INFO | Chunk: 3 | WER=22.222222 | S=2 D=0 I=0
2026-01-16 09:59:07,990 | INFO | Chunk: 4 | WER=5.882353 | S=1 D=0 I=0
2026-01-16 09:59:07,990 | INFO | Chunk: 5 | WER=0.000000 | S=0 D=0 I=0
2026-01-16 09:59:07,990 | INFO | Chunk: 6 | WER=62.500000 | S=4 D=1 I=0
2026-01-16 09:59:07,991 | INFO | Chunk: 7 | WER=22.222222 | S=0 D=2 I=0
2026-01-16 09:59:07,991 | INFO | Chunk: 8 | WER=21.739130 | S=3 D=2 I=0
2026-01-16 09:59:07,991 | INFO | Chunk: 9 | WER=42.857143 | S=4 D=2 I=0
2026-01-16 09:59:07,992 | INFO | Chunk: 10 | WER=36.363636 | S=2 D=2 I=0
2026-01-16 09:59:07,992 | INFO | Chunk: 11 | WER=100.000000 | S=3 D=0 I=0
2026-01-16 09:59:07,992 | INFO | Chunk: 12 | WER=22.222222 | S=2 D=0 I=0
2026-01-16 09:59:07,992 | INFO | Chunk: 13 | WER=14.285714 | S=1 D=0 I=0
2026-01-16 09:59:07,992 | INFO | Chunk: 14 | WER=12.500000 | S=1 D=0 I=0
2026-01-16 09:59:07,992 | INFO | Chunk: 15 | WER=0.000000 | S=0 D=0 I=0
2026-01-16 09:59:07,993 | INFO | Chunk: 16 | WER=75.000000 | S=4 D=2 I=0
2026-01-16 09:59:07,993 | INFO | ------------------------------
2026-01-16 09:59:07,993 | INFO | ------------------------------
2026-01-16 09:59:08,005 | INFO | File: CCM-004523-01_L01.wav | WER=22.598870 | S=29 D=11 I=0
2026-01-16 09:59:08,006 | INFO | ------------------------------
2026-01-16 09:59:08,006 | INFO |  File duration: 74.86113378684807 seconds
2026-01-16 09:59:13,446 | INFO | Number of chunks: 7
2026-01-16 09:59:20,404 | INFO | Chunk: 0 | WER=45.000000 | S=3 D=6 I=0
2026-01-16 09:59:20,405 | INFO | Chunk: 1 | WER=46.153846 | S=6 D=5 I=1
2026-01-16 09:59:20,406 | INFO | Chunk: 2 | WER=30.555556 | S=4 D=7 I=0
2026-01-16 09:59:20,406 | INFO | Chunk: 3 | WER=21.052632 | S=1 D=3 I=0
2026-01-16 09:59:20,407 | INFO | Chunk: 4 | WER=57.142857 | S=6 D=9 I=1
2026-01-16 09:59:20,407 | INFO | Chunk: 5 | WER=76.923077 | S=5 D=5 I=0
2026-01-16 09:59:20,409 | INFO | Chunk: 6 | WER=71.641791 | S=19 D=26 I=3
2026-01-16 09:59:20,409 | INFO | ------------------------------
2026-01-16 09:59:20,409 | INFO | ------------------------------
2026-01-16 09:59:20,423 | INFO | File: CCM-004538-01_L01.wav | WER=52.631579 | S=44 D=61 I=5
2026-01-16 09:59:20,423 | INFO | ------------------------------
2026-01-16 09:59:20,423 | INFO | ===================== GLOBAL WER ======================
2026-01-16 09:59:20,423 | INFO | The number of files is 7
2026-01-16 09:59:20,423 | INFO | WER: 42.80%
2026-01-16 09:59:20,423 | INFO | =============================================================
