2026-01-16 09:41:17,566 | INFO | Fetch hyperparams.yaml: Using file found at '/vol/experiments3/imbenamor/TAPAS-FRAIS/models/asr-whisper-medium-commonvoice-fr/hyperparams.yaml'
2026-01-16 09:41:17,566 | DEBUG | Fetch: Source and destination '/vol/experiments3/imbenamor/TAPAS-FRAIS/models/asr-whisper-medium-commonvoice-fr/custom.py' are identical, returning assuming this is intended
2026-01-16 09:41:18,402 | WARNING | speechbrain.lobes.models.huggingface_transformers.huggingface - WhisperModel is frozen.
2026-01-16 09:41:18,402 | WARNING | speechbrain.lobes.models.huggingface_transformers.whisper - whisper encoder-decoder is frozen.
2026-01-16 09:41:18,524 | DEBUG | Collecting files (or symlinks) for pretraining in /vol/experiments3/imbenamor/TAPAS-FRAIS/models/asr-whisper-medium-commonvoice-fr.
2026-01-16 09:41:18,524 | INFO | Fetch whisper.ckpt: Using file found at '/vol/experiments3/imbenamor/TAPAS-FRAIS/models/asr-whisper-medium-commonvoice-fr/whisper.ckpt'
2026-01-16 09:41:18,524 | DEBUG | Set local path in self.paths["whisper"] = /vol/experiments3/imbenamor/TAPAS-FRAIS/models/asr-whisper-medium-commonvoice-fr/whisper.ckpt
2026-01-16 09:41:18,524 | INFO | Loading pretrained files for: whisper
2026-01-16 09:41:18,524 | DEBUG | Redirecting (loading from local path): whisper -> /vol/experiments3/imbenamor/TAPAS-FRAIS/models/asr-whisper-medium-commonvoice-fr/whisper.ckpt
2026-01-16 09:41:23,398 | INFO |  File duration: 51.82693877551021 seconds
2026-01-16 09:41:30,079 | INFO | Number of chunks: 2
2026-01-16 09:41:33,611 | INFO | Chunk: 0 | WER=87.640449 | S=0 D=71 I=7
2026-01-16 09:41:33,613 | INFO | Chunk: 1 | WER=64.772727 | S=3 D=54 I=0
2026-01-16 09:41:33,613 | INFO | ------------------------------
2026-01-16 09:41:33,613 | INFO | ------------------------------
2026-01-16 09:41:33,619 | INFO | File: CCM-001773-01_L01.wav | WER=76.271186 | S=3 D=125 I=7
2026-01-16 09:41:33,619 | INFO | ------------------------------
2026-01-16 09:41:33,619 | INFO |  File duration: 76.16145124716553 seconds
2026-01-16 09:41:39,432 | INFO | Number of chunks: 20
2026-01-16 09:41:49,658 | INFO | Chunk: 0 | WER=0.000000 | S=0 D=0 I=0
2026-01-16 09:41:49,659 | INFO | Chunk: 1 | WER=57.142857 | S=6 D=2 I=0
2026-01-16 09:41:49,659 | INFO | Chunk: 2 | WER=22.222222 | S=2 D=0 I=0
2026-01-16 09:41:49,659 | INFO | Chunk: 3 | WER=22.222222 | S=3 D=1 I=0
2026-01-16 09:41:49,660 | INFO | Chunk: 4 | WER=16.666667 | S=1 D=0 I=0
2026-01-16 09:41:49,660 | INFO | Chunk: 5 | WER=33.333333 | S=2 D=0 I=0
2026-01-16 09:41:49,660 | INFO | Chunk: 6 | WER=27.272727 | S=1 D=2 I=0
2026-01-16 09:41:49,660 | INFO | Chunk: 7 | WER=116.666667 | S=6 D=0 I=1
2026-01-16 09:41:49,660 | INFO | Chunk: 8 | WER=60.000000 | S=3 D=0 I=0
2026-01-16 09:41:49,661 | INFO | Chunk: 9 | WER=50.000000 | S=3 D=0 I=1
2026-01-16 09:41:49,661 | INFO | Chunk: 10 | WER=90.000000 | S=5 D=4 I=0
2026-01-16 09:41:49,661 | INFO | Chunk: 11 | WER=133.333333 | S=3 D=0 I=1
2026-01-16 09:41:49,661 | INFO | Chunk: 12 | WER=0.000000 | S=0 D=0 I=0
2026-01-16 09:41:49,661 | INFO | Chunk: 13 | WER=80.000000 | S=3 D=0 I=1
2026-01-16 09:41:49,661 | INFO | Chunk: 14 | WER=50.000000 | S=7 D=0 I=0
2026-01-16 09:41:49,662 | INFO | Chunk: 15 | WER=61.538462 | S=7 D=1 I=0
2026-01-16 09:41:49,662 | INFO | Chunk: 16 | WER=83.333333 | S=4 D=0 I=1
2026-01-16 09:41:49,662 | INFO | Chunk: 17 | WER=100.000000 | S=8 D=0 I=0
2026-01-16 09:41:49,662 | INFO | Chunk: 18 | WER=83.333333 | S=4 D=1 I=0
2026-01-16 09:41:49,663 | INFO | Chunk: 19 | WER=50.000000 | S=3 D=1 I=0
2026-01-16 09:41:49,663 | INFO | ------------------------------
2026-01-16 09:41:49,663 | INFO | ------------------------------
2026-01-16 09:41:49,675 | INFO | File: CCM-003130-01_L01.wav | WER=48.587571 | S=73 D=10 I=3
2026-01-16 09:41:49,675 | INFO | ------------------------------
2026-01-16 09:41:49,676 | INFO |  File duration: 69.47410430839003 seconds
2026-01-16 09:41:56,723 | INFO | Number of chunks: 5
2026-01-16 09:42:00,629 | INFO | Chunk: 0 | WER=79.069767 | S=0 D=68 I=0
2026-01-16 09:42:00,630 | INFO | Chunk: 1 | WER=12.500000 | S=0 D=1 I=0
2026-01-16 09:42:00,631 | INFO | Chunk: 2 | WER=78.378378 | S=6 D=51 I=1
2026-01-16 09:42:00,631 | INFO | Chunk: 3 | WER=33.333333 | S=2 D=3 I=0
2026-01-16 09:42:00,632 | INFO | Chunk: 4 | WER=33.333333 | S=1 D=2 I=0
2026-01-16 09:42:00,632 | INFO | ------------------------------
2026-01-16 09:42:00,632 | INFO | ------------------------------
2026-01-16 09:42:00,638 | INFO | File: CCM-003148-01_L01.wav | WER=70.312500 | S=9 D=125 I=1
2026-01-16 09:42:00,638 | INFO | ------------------------------
2026-01-16 09:42:00,638 | INFO |  File duration: 63.15827664399093 seconds
2026-01-16 09:42:05,463 | INFO | Number of chunks: 6
2026-01-16 09:42:13,597 | INFO | Chunk: 0 | WER=12.500000 | S=0 D=2 I=0
2026-01-16 09:42:13,598 | INFO | Chunk: 1 | WER=38.461538 | S=5 D=5 I=0
2026-01-16 09:42:13,598 | INFO | Chunk: 2 | WER=27.586207 | S=7 D=1 I=0
2026-01-16 09:42:13,599 | INFO | Chunk: 3 | WER=33.333333 | S=3 D=3 I=0
2026-01-16 09:42:13,599 | INFO | Chunk: 4 | WER=12.500000 | S=1 D=2 I=0
2026-01-16 09:42:13,602 | INFO | Chunk: 5 | WER=59.740260 | S=10 D=36 I=0
2026-01-16 09:42:13,602 | INFO | ------------------------------
2026-01-16 09:42:13,602 | INFO | ------------------------------
2026-01-16 09:42:13,613 | INFO | File: CCM-003346-01_L01.wav | WER=39.473684 | S=26 D=49 I=0
2026-01-16 09:42:13,613 | INFO | ------------------------------
2026-01-16 09:42:13,613 | INFO |  File duration: 84.14911564625851 seconds
2026-01-16 09:42:20,902 | INFO | Number of chunks: 16
2026-01-16 09:42:28,927 | INFO | Chunk: 0 | WER=12.500000 | S=0 D=1 I=0
2026-01-16 09:42:28,928 | INFO | Chunk: 1 | WER=0.000000 | S=0 D=0 I=0
2026-01-16 09:42:28,928 | INFO | Chunk: 2 | WER=41.176471 | S=5 D=2 I=0
2026-01-16 09:42:28,929 | INFO | Chunk: 3 | WER=25.000000 | S=2 D=3 I=0
2026-01-16 09:42:28,929 | INFO | Chunk: 4 | WER=0.000000 | S=0 D=0 I=0
2026-01-16 09:42:28,929 | INFO | Chunk: 5 | WER=0.000000 | S=0 D=0 I=0
2026-01-16 09:42:28,929 | INFO | Chunk: 6 | WER=39.130435 | S=3 D=5 I=1
2026-01-16 09:42:28,930 | INFO | Chunk: 7 | WER=23.076923 | S=2 D=1 I=0
2026-01-16 09:42:28,930 | INFO | Chunk: 8 | WER=0.000000 | S=0 D=0 I=0
2026-01-16 09:42:28,930 | INFO | Chunk: 9 | WER=18.181818 | S=2 D=0 I=0
2026-01-16 09:42:28,930 | INFO | Chunk: 10 | WER=45.454545 | S=2 D=3 I=0
2026-01-16 09:42:28,931 | INFO | Chunk: 11 | WER=33.333333 | S=1 D=1 I=0
2026-01-16 09:42:28,931 | INFO | Chunk: 12 | WER=27.272727 | S=3 D=0 I=0
2026-01-16 09:42:28,931 | INFO | Chunk: 13 | WER=0.000000 | S=0 D=0 I=0
2026-01-16 09:42:28,931 | INFO | Chunk: 14 | WER=26.666667 | S=2 D=2 I=0
2026-01-16 09:42:28,932 | INFO | Chunk: 15 | WER=50.000000 | S=3 D=0 I=0
2026-01-16 09:42:28,932 | INFO | ------------------------------
2026-01-16 09:42:28,932 | INFO | ------------------------------
2026-01-16 09:42:28,945 | INFO | File: CCM-003557-01_L01.wav | WER=23.404255 | S=25 D=18 I=1
2026-01-16 09:42:28,945 | INFO | ------------------------------
2026-01-16 09:42:28,946 | INFO |  File duration: 124.83047619047619 seconds
2026-01-16 09:42:36,498 | INFO | Number of chunks: 40
2026-01-16 09:42:48,765 | INFO | Chunk: 0 | WER=69.230769 | S=6 D=3 I=0
2026-01-16 09:42:48,766 | INFO | Chunk: 1 | WER=200.000000 | S=4 D=0 I=4
2026-01-16 09:42:48,766 | INFO | Chunk: 2 | WER=50.000000 | S=1 D=0 I=0
2026-01-16 09:42:48,766 | INFO | Chunk: 3 | WER=61.538462 | S=7 D=1 I=0
2026-01-16 09:42:48,766 | INFO | Chunk: 4 | WER=71.428571 | S=5 D=0 I=0
2026-01-16 09:42:48,766 | INFO | Chunk: 5 | WER=100.000000 | S=1 D=0 I=1
2026-01-16 09:42:48,767 | INFO | Chunk: 6 | WER=66.666667 | S=2 D=0 I=0
2026-01-16 09:42:48,767 | INFO | Chunk: 7 | WER=0.000000 | S=0 D=0 I=0
2026-01-16 09:42:48,767 | INFO | Chunk: 8 | WER=40.000000 | S=2 D=2 I=0
2026-01-16 09:42:48,767 | INFO | Chunk: 9 | WER=100.000000 | S=2 D=1 I=0
2026-01-16 09:42:48,767 | INFO | Chunk: 10 | WER=100.000000 | S=1 D=2 I=0
2026-01-16 09:42:48,767 | INFO | Chunk: 11 | WER=41.666667 | S=3 D=2 I=0
2026-01-16 09:42:48,768 | INFO | Chunk: 12 | WER=66.666667 | S=1 D=1 I=0
2026-01-16 09:42:48,768 | INFO | Chunk: 13 | WER=72.727273 | S=5 D=3 I=0
2026-01-16 09:42:48,768 | INFO | Chunk: 14 | WER=0.000000 | S=0 D=0 I=0
2026-01-16 09:42:48,768 | INFO | Chunk: 15 | WER=100.000000 | S=2 D=0 I=2
2026-01-16 09:42:48,768 | INFO | Chunk: 16 | WER=100.000000 | S=5 D=0 I=0
2026-01-16 09:42:48,768 | INFO | Chunk: 17 | WER=20.000000 | S=1 D=0 I=0
2026-01-16 09:42:48,769 | INFO | Chunk: 18 | WER=100.000000 | S=3 D=0 I=0
2026-01-16 09:42:48,769 | INFO | Chunk: 19 | WER=70.000000 | S=4 D=3 I=0
2026-01-16 09:42:48,769 | INFO | Chunk: 20 | WER=100.000000 | S=1 D=2 I=0
2026-01-16 09:42:48,769 | INFO | Chunk: 21 | WER=100.000000 | S=2 D=1 I=0
2026-01-16 09:42:48,769 | INFO | Chunk: 22 | WER=100.000000 | S=1 D=0 I=0
2026-01-16 09:42:48,769 | INFO | Chunk: 23 | WER=100.000000 | S=1 D=1 I=0
2026-01-16 09:42:48,769 | INFO | Chunk: 24 | WER=100.000000 | S=1 D=0 I=1
2026-01-16 09:42:48,769 | INFO | Chunk: 25 | WER=200.000000 | S=1 D=0 I=1
2026-01-16 09:42:48,770 | INFO | Chunk: 26 | WER=75.000000 | S=1 D=1 I=1
2026-01-16 09:42:48,770 | INFO | Chunk: 27 | WER=100.000000 | S=2 D=1 I=1
2026-01-16 09:42:48,770 | INFO | Chunk: 28 | WER=100.000000 | S=1 D=0 I=0
2026-01-16 09:42:48,770 | INFO | Chunk: 29 | WER=60.000000 | S=4 D=2 I=0
2026-01-16 09:42:48,770 | INFO | Chunk: 30 | WER=50.000000 | S=1 D=0 I=0
2026-01-16 09:42:48,770 | INFO | Chunk: 31 | WER=100.000000 | S=1 D=0 I=0
2026-01-16 09:42:48,771 | INFO | Chunk: 32 | WER=75.000000 | S=4 D=1 I=1
2026-01-16 09:42:48,771 | INFO | Chunk: 33 | WER=33.333333 | S=1 D=0 I=0
2026-01-16 09:42:48,771 | INFO | Chunk: 34 | WER=40.000000 | S=2 D=0 I=0
2026-01-16 09:42:48,771 | INFO | Chunk: 35 | WER=100.000000 | S=5 D=0 I=0
2026-01-16 09:42:48,771 | INFO | Chunk: 36 | WER=133.333333 | S=3 D=0 I=1
2026-01-16 09:42:48,771 | INFO | Chunk: 37 | WER=57.142857 | S=2 D=0 I=2
2026-01-16 09:42:48,772 | INFO | Chunk: 38 | WER=66.666667 | S=2 D=0 I=2
2026-01-16 09:42:48,772 | INFO | Chunk: 39 | WER=100.000000 | S=5 D=4 I=0
2026-01-16 09:42:48,772 | INFO | ------------------------------
2026-01-16 09:42:48,772 | INFO | ------------------------------
2026-01-16 09:42:48,787 | INFO | File: CCM-003733-01_L01.wav | WER=71.212121 | S=101 D=27 I=13
2026-01-16 09:42:48,787 | INFO | ------------------------------
2026-01-16 09:42:48,787 | INFO |  File duration: 73.3750566893424 seconds
2026-01-16 09:42:54,822 | INFO | Number of chunks: 12
2026-01-16 09:43:04,087 | INFO | Chunk: 0 | WER=43.750000 | S=0 D=14 I=0
2026-01-16 09:43:04,087 | INFO | Chunk: 1 | WER=33.333333 | S=3 D=0 I=0
2026-01-16 09:43:04,087 | INFO | Chunk: 2 | WER=0.000000 | S=0 D=0 I=0
2026-01-16 09:43:04,088 | INFO | Chunk: 3 | WER=26.666667 | S=3 D=1 I=0
2026-01-16 09:43:04,088 | INFO | Chunk: 4 | WER=4.545455 | S=0 D=1 I=0
2026-01-16 09:43:04,088 | INFO | Chunk: 5 | WER=60.000000 | S=3 D=0 I=0
2026-01-16 09:43:04,089 | INFO | Chunk: 6 | WER=0.000000 | S=0 D=0 I=0
2026-01-16 09:43:04,089 | INFO | Chunk: 7 | WER=80.000000 | S=4 D=4 I=0
2026-01-16 09:43:04,089 | INFO | Chunk: 8 | WER=25.000000 | S=2 D=1 I=0
2026-01-16 09:43:04,089 | INFO | Chunk: 9 | WER=25.000000 | S=2 D=2 I=0
2026-01-16 09:43:04,090 | INFO | Chunk: 10 | WER=54.545455 | S=4 D=0 I=2
2026-01-16 09:43:04,090 | INFO | Chunk: 11 | WER=6.896552 | S=2 D=0 I=0
2026-01-16 09:43:04,090 | INFO | ------------------------------
2026-01-16 09:43:04,090 | INFO | ------------------------------
2026-01-16 09:43:04,102 | INFO | File: CCM-003734-01_L01.wav | WER=26.519337 | S=23 D=23 I=2
2026-01-16 09:43:04,102 | INFO | ------------------------------
2026-01-16 09:43:04,103 | INFO |  File duration: 68.89360544217688 seconds
2026-01-16 09:43:10,401 | INFO | Number of chunks: 6
2026-01-16 09:43:20,120 | INFO | Chunk: 0 | WER=22.222222 | S=0 D=1 I=3
2026-01-16 09:43:20,121 | INFO | Chunk: 1 | WER=33.333333 | S=3 D=2 I=0
2026-01-16 09:43:20,121 | INFO | Chunk: 2 | WER=55.555556 | S=6 D=4 I=0
2026-01-16 09:43:20,123 | INFO | Chunk: 3 | WER=16.666667 | S=5 D=3 I=0
2026-01-16 09:43:20,124 | INFO | Chunk: 4 | WER=44.230769 | S=4 D=19 I=0
2026-01-16 09:43:20,125 | INFO | Chunk: 5 | WER=35.714286 | S=8 D=7 I=0
2026-01-16 09:43:20,125 | INFO | ------------------------------
2026-01-16 09:43:20,125 | INFO | ------------------------------
2026-01-16 09:43:20,138 | INFO | File: CCM-003848-01_L01.wav | WER=33.678756 | S=26 D=36 I=3
2026-01-16 09:43:20,138 | INFO | ------------------------------
2026-01-16 09:43:20,138 | INFO | ===================== GLOBAL WER ======================
2026-01-16 09:43:20,138 | INFO | The number of files is 8
2026-01-16 09:43:20,139 | INFO | WER: 48.68%
2026-01-16 09:43:20,139 | INFO | =============================================================
