2026-01-15 10:08:03,953 | INFO | Fetch hyperparams.yaml: Using file found at '/vol/experiments3/imbenamor/TAPAS-FRAIS/models/asr-whisper-medium-commonvoice-fr/hyperparams.yaml'
2026-01-15 10:08:03,953 | DEBUG | Fetch: Source and destination '/vol/experiments3/imbenamor/TAPAS-FRAIS/models/asr-whisper-medium-commonvoice-fr/custom.py' are identical, returning assuming this is intended
2026-01-15 10:08:06,223 | WARNING | speechbrain.lobes.models.huggingface_transformers.huggingface - WhisperModel is frozen.
2026-01-15 10:08:06,223 | WARNING | speechbrain.lobes.models.huggingface_transformers.whisper - whisper encoder-decoder is frozen.
2026-01-15 10:08:06,339 | DEBUG | Collecting files (or symlinks) for pretraining in /vol/experiments3/imbenamor/TAPAS-FRAIS/models/asr-whisper-medium-commonvoice-fr.
2026-01-15 10:08:06,339 | INFO | Fetch whisper.ckpt: Using file found at '/vol/experiments3/imbenamor/TAPAS-FRAIS/models/asr-whisper-medium-commonvoice-fr/whisper.ckpt'
2026-01-15 10:08:06,339 | DEBUG | Set local path in self.paths["whisper"] = /vol/experiments3/imbenamor/TAPAS-FRAIS/models/asr-whisper-medium-commonvoice-fr/whisper.ckpt
2026-01-15 10:08:06,339 | INFO | Loading pretrained files for: whisper
2026-01-15 10:08:06,339 | DEBUG | Redirecting (loading from local path): whisper -> /vol/experiments3/imbenamor/TAPAS-FRAIS/models/asr-whisper-medium-commonvoice-fr/whisper.ckpt
2026-01-15 10:08:11,139 | INFO |  File duration: 46.23092970521542 seconds
2026-01-15 10:08:18,461 | INFO | Chunk: 0 | WER=100.000000 | S=2 D=0 I=0
2026-01-15 10:08:18,461 | INFO | Chunk: 1 | WER=100.000000 | S=7 D=4 I=0
2026-01-15 10:08:18,461 | INFO | Chunk: 2 | WER=27.777778 | S=1 D=3 I=1
2026-01-15 10:08:18,462 | INFO | Chunk: 3 | WER=28.571429 | S=1 D=3 I=0
2026-01-15 10:08:18,462 | INFO | Chunk: 4 | WER=52.941176 | S=5 D=4 I=0
2026-01-15 10:08:18,462 | INFO | Chunk: 5 | WER=53.846154 | S=6 D=0 I=1
2026-01-15 10:08:18,462 | INFO | Chunk: 6 | WER=0.000000 | S=0 D=0 I=0
2026-01-15 10:08:18,463 | INFO | Chunk: 7 | WER=37.500000 | S=5 D=7 I=0
2026-01-15 10:08:18,463 | INFO | Chunk: 8 | WER=50.000000 | S=1 D=0 I=0
2026-01-15 10:08:18,463 | INFO | ------------------------------
2026-01-15 10:08:18,463 | INFO | ------------------------------
2026-01-15 10:08:18,468 | INFO | File: MO_H_SD29_2016_05_20_ModuleDescription_description | WER=43.965517 | S=28 D=21 I=2
2026-01-15 10:08:18,468 | INFO | ------------------------------
2026-01-15 10:08:18,468 | INFO | ------------------------------
2026-01-15 10:08:18,468 | INFO |  File duration: 99.75292517006802 seconds
2026-01-15 10:08:28,397 | INFO | Chunk: 0 | WER=100.000000 | S=2 D=0 I=0
2026-01-15 10:08:28,397 | INFO | Chunk: 1 | WER=25.000000 | S=0 D=3 I=2
2026-01-15 10:08:28,397 | INFO | Chunk: 2 | WER=66.666667 | S=0 D=0 I=2
2026-01-15 10:08:28,398 | INFO | Chunk: 3 | WER=12.903226 | S=3 D=1 I=0
2026-01-15 10:08:28,398 | INFO | Chunk: 4 | WER=37.037037 | S=3 D=7 I=0
2026-01-15 10:08:28,399 | INFO | Chunk: 5 | WER=57.142857 | S=1 D=2 I=1
2026-01-15 10:08:28,399 | INFO | Chunk: 6 | WER=75.000000 | S=1 D=21 I=2
2026-01-15 10:08:28,400 | INFO | Chunk: 7 | WER=47.222222 | S=1 D=16 I=0
2026-01-15 10:08:28,400 | INFO | Chunk: 8 | WER=8.333333 | S=1 D=0 I=0
2026-01-15 10:08:28,400 | INFO | Chunk: 9 | WER=33.333333 | S=0 D=3 I=1
2026-01-15 10:08:28,400 | INFO | Chunk: 10 | WER=13.333333 | S=2 D=0 I=0
2026-01-15 10:08:28,400 | INFO | Chunk: 11 | WER=100.000000 | S=1 D=0 I=0
2026-01-15 10:08:28,400 | INFO | Chunk: 12 | WER=33.333333 | S=0 D=0 I=1
2026-01-15 10:08:28,401 | INFO | Chunk: 13 | WER=0.000000 | S=0 D=0 I=0
2026-01-15 10:08:28,401 | INFO | Chunk: 14 | WER=83.333333 | S=2 D=1 I=2
2026-01-15 10:08:28,401 | INFO | Chunk: 15 | WER=75.000000 | S=2 D=0 I=1
2026-01-15 10:08:28,401 | INFO | Chunk: 16 | WER=100.000000 | S=2 D=1 I=0
2026-01-15 10:08:28,401 | INFO | ------------------------------
2026-01-15 10:08:28,401 | INFO | ------------------------------
2026-01-15 10:08:28,416 | INFO | File: MO_H_ER21_2016_04_11_ModuleDescription_description | WER=34.090909 | S=18 D=50 I=7
2026-01-15 10:08:28,416 | INFO | ------------------------------
2026-01-15 10:08:28,416 | INFO | ------------------------------
2026-01-15 10:08:28,416 | INFO |  File duration: 52.964716553287985 seconds
2026-01-15 10:08:33,284 | INFO | Chunk: 0 | WER=0.000000 | S=0 D=0 I=0
2026-01-15 10:08:33,284 | INFO | Chunk: 1 | WER=25.000000 | S=0 D=0 I=1
2026-01-15 10:08:33,284 | INFO | Chunk: 2 | WER=100.000000 | S=2 D=0 I=0
2026-01-15 10:08:33,284 | INFO | Chunk: 3 | WER=16.666667 | S=1 D=0 I=0
2026-01-15 10:08:33,284 | INFO | Chunk: 4 | WER=14.285714 | S=0 D=0 I=1
2026-01-15 10:08:33,284 | INFO | Chunk: 5 | WER=50.000000 | S=1 D=2 I=0
2026-01-15 10:08:33,284 | INFO | Chunk: 6 | WER=33.333333 | S=1 D=0 I=0
2026-01-15 10:08:33,285 | INFO | Chunk: 7 | WER=25.000000 | S=0 D=0 I=1
2026-01-15 10:08:33,285 | INFO | Chunk: 8 | WER=0.000000 | S=0 D=0 I=0
2026-01-15 10:08:33,285 | INFO | Chunk: 9 | WER=0.000000 | S=0 D=0 I=0
2026-01-15 10:08:33,285 | INFO | Chunk: 10 | WER=100.000000 | S=3 D=0 I=0
2026-01-15 10:08:33,285 | INFO | Chunk: 11 | WER=50.000000 | S=1 D=0 I=0
2026-01-15 10:08:33,285 | INFO | Chunk: 12 | WER=0.000000 | S=0 D=0 I=0
2026-01-15 10:08:33,285 | INFO | Chunk: 13 | WER=0.000000 | S=0 D=0 I=0
2026-01-15 10:08:33,285 | INFO | Chunk: 14 | WER=0.000000 | S=0 D=0 I=0
2026-01-15 10:08:33,286 | INFO | Chunk: 15 | WER=37.500000 | S=0 D=1 I=2
2026-01-15 10:08:33,286 | INFO | Chunk: 16 | WER=50.000000 | S=0 D=2 I=0
2026-01-15 10:08:33,286 | INFO | Chunk: 17 | WER=33.333333 | S=2 D=1 I=1
2026-01-15 10:08:33,286 | INFO | ------------------------------
2026-01-15 10:08:33,286 | INFO | ------------------------------
2026-01-15 10:08:33,289 | INFO | File: MO_F_SD22_2016_05_03_ModuleDescription_description | WER=28.395062 | S=11 D=6 I=6
2026-01-15 10:08:33,289 | INFO | ------------------------------
2026-01-15 10:08:33,289 | INFO | ------------------------------
2026-01-15 10:08:33,289 | INFO |  File duration: 31.230839002267572 seconds
2026-01-15 10:08:36,476 | INFO | Chunk: 0 | WER=32.142857 | S=4 D=14 I=0
2026-01-15 10:08:36,476 | INFO | Chunk: 1 | WER=38.461538 | S=2 D=2 I=1
2026-01-15 10:08:36,476 | INFO | Chunk: 2 | WER=22.222222 | S=0 D=1 I=1
2026-01-15 10:08:36,476 | INFO | ------------------------------
2026-01-15 10:08:36,476 | INFO | ------------------------------
2026-01-15 10:08:36,479 | INFO | File: MO_H_ER50_2017_05_29_ModuleDescription_description | WER=30.769231 | S=7 D=16 I=1
2026-01-15 10:08:36,479 | INFO | ------------------------------
2026-01-15 10:08:36,479 | INFO | ------------------------------
2026-01-15 10:08:36,479 | INFO |  File duration: 64.83011337868481 seconds
2026-01-15 10:08:42,226 | INFO | Chunk: 0 | WER=61.250000 | S=4 D=45 I=0
2026-01-15 10:08:42,229 | INFO | Chunk: 1 | WER=55.670103 | S=9 D=45 I=0
2026-01-15 10:08:42,229 | INFO | Chunk: 2 | WER=15.000000 | S=0 D=2 I=1
2026-01-15 10:08:42,229 | INFO | ------------------------------
2026-01-15 10:08:42,229 | INFO | ------------------------------
2026-01-15 10:08:42,237 | INFO | File: MO_F_ER05_2016_04_06_ModuleDescription_description | WER=52.791878 | S=13 D=91 I=0
2026-01-15 10:08:42,237 | INFO | ------------------------------
2026-01-15 10:08:42,237 | INFO | ------------------------------
2026-01-15 10:08:42,238 | INFO |  File duration: 94.2962358276644 seconds
2026-01-15 10:08:50,839 | INFO | Chunk: 1 | WER=71.604938 | S=1 D=57 I=0
2026-01-15 10:08:50,839 | INFO | Chunk: 2 | WER=19.047619 | S=3 D=1 I=0
2026-01-15 10:08:50,841 | INFO | Chunk: 3 | WER=59.523810 | S=7 D=42 I=1
2026-01-15 10:08:50,842 | INFO | Chunk: 4 | WER=33.333333 | S=2 D=5 I=0
2026-01-15 10:08:50,842 | INFO | Chunk: 5 | WER=3.448276 | S=0 D=1 I=0
2026-01-15 10:08:50,843 | INFO | Chunk: 6 | WER=34.782609 | S=5 D=1 I=2
2026-01-15 10:08:50,843 | INFO | ------------------------------
2026-01-15 10:08:50,843 | INFO | ------------------------------
2026-01-15 10:08:50,858 | INFO | File: MO_F_ER20_2016_04_11_ModuleDescription_description | WER=50.193050 | S=18 D=107 I=5
2026-01-15 10:08:50,858 | INFO | ------------------------------
2026-01-15 10:08:50,858 | INFO | ------------------------------
2026-01-15 10:08:50,858 | INFO |  File duration: 64.2031746031746 seconds
2026-01-15 10:08:58,178 | INFO | Chunk: 0 | WER=43.750000 | S=6 D=7 I=1
2026-01-15 10:08:58,179 | INFO | Chunk: 1 | WER=25.000000 | S=0 D=3 I=0
2026-01-15 10:08:58,179 | INFO | Chunk: 2 | WER=20.000000 | S=0 D=2 I=0
2026-01-15 10:08:58,179 | INFO | Chunk: 3 | WER=14.285714 | S=0 D=2 I=0
2026-01-15 10:08:58,179 | INFO | Chunk: 4 | WER=25.000000 | S=2 D=1 I=0
2026-01-15 10:08:58,180 | INFO | Chunk: 5 | WER=0.000000 | S=0 D=0 I=0
2026-01-15 10:08:58,180 | INFO | Chunk: 6 | WER=29.411765 | S=2 D=3 I=0
2026-01-15 10:08:58,180 | INFO | Chunk: 7 | WER=16.666667 | S=1 D=1 I=0
2026-01-15 10:08:58,180 | INFO | Chunk: 8 | WER=11.111111 | S=0 D=0 I=1
2026-01-15 10:08:58,180 | INFO | Chunk: 9 | WER=0.000000 | S=0 D=0 I=0
2026-01-15 10:08:58,181 | INFO | Chunk: 10 | WER=6.666667 | S=0 D=2 I=0
2026-01-15 10:08:58,181 | INFO | ------------------------------
2026-01-15 10:08:58,181 | INFO | ------------------------------
2026-01-15 10:08:58,190 | INFO | File: MO_H_ER25_2016_04_16_ModuleDescription_description | WER=21.383648 | S=11 D=21 I=2
2026-01-15 10:08:58,190 | INFO | ------------------------------
2026-01-15 10:08:58,190 | INFO | ------------------------------
2026-01-15 10:08:58,190 | WARNING | The file /vol/corpora/TAPAS_FRAIS/Data_Partagees_Mons/Data_Mons/Description/MO_H_ER25_2016_04_16_ModuleDescription_description_2.wav does not exist
2026-01-15 10:08:58,190 | INFO |  File duration: 89.02530612244898 seconds
2026-01-15 10:09:05,834 | INFO | Chunk: 0 | WER=10.638298 | S=2 D=3 I=0
2026-01-15 10:09:05,836 | INFO | Chunk: 1 | WER=38.888889 | S=3 D=23 I=2
2026-01-15 10:09:05,836 | INFO | Chunk: 2 | WER=85.897436 | S=3 D=64 I=0
2026-01-15 10:09:05,838 | INFO | Chunk: 3 | WER=50.819672 | S=0 D=31 I=0
2026-01-15 10:09:05,838 | INFO | ------------------------------
2026-01-15 10:09:05,838 | INFO | ------------------------------
2026-01-15 10:09:05,851 | INFO | File: MO_H_ER44_2017_01_26_ModuleDescription_description | WER=50.000000 | S=10 D=118 I=1
2026-01-15 10:09:05,851 | INFO | ------------------------------
2026-01-15 10:09:05,851 | INFO | ------------------------------
2026-01-15 10:09:05,851 | INFO |  File duration: 31.045079365079363 seconds
2026-01-15 10:09:07,356 | INFO | Chunk: 0 | WER=79.120879 | S=4 D=68 I=0
2026-01-15 10:09:07,356 | INFO | ------------------------------
2026-01-15 10:09:07,356 | INFO | ------------------------------
2026-01-15 10:09:07,357 | INFO | File: MO_H_AV39_2016_06_11_ModuleDescription_description | WER=79.120879 | S=4 D=68 I=0
2026-01-15 10:09:07,357 | INFO | ------------------------------
2026-01-15 10:09:07,357 | INFO | ------------------------------
2026-01-15 10:09:07,357 | INFO |  File duration: 65.41061224489796 seconds
2026-01-15 10:09:11,534 | INFO | Chunk: 2 | WER=100.000000 | S=1 D=1 I=0
2026-01-15 10:09:11,534 | INFO | Chunk: 3 | WER=100.000000 | S=3 D=0 I=0
2026-01-15 10:09:11,534 | INFO | Chunk: 4 | WER=100.000000 | S=2 D=3 I=0
2026-01-15 10:09:11,534 | INFO | Chunk: 5 | WER=80.000000 | S=2 D=2 I=0
2026-01-15 10:09:11,534 | INFO | Chunk: 6 | WER=100.000000 | S=1 D=4 I=1
2026-01-15 10:09:11,534 | INFO | Chunk: 7 | WER=100.000000 | S=2 D=4 I=0
2026-01-15 10:09:11,534 | INFO | Chunk: 8 | WER=100.000000 | S=1 D=0 I=0
2026-01-15 10:09:11,534 | INFO | Chunk: 9 | WER=100.000000 | S=0 D=0 I=3
2026-01-15 10:09:11,535 | INFO | Chunk: 10 | WER=33.333333 | S=0 D=0 I=1
2026-01-15 10:09:11,535 | INFO | Chunk: 11 | WER=100.000000 | S=4 D=0 I=0
2026-01-15 10:09:11,535 | INFO | Chunk: 12 | WER=100.000000 | S=1 D=0 I=0
2026-01-15 10:09:11,535 | INFO | Chunk: 13 | WER=100.000000 | S=2 D=1 I=0
2026-01-15 10:09:11,535 | INFO | Chunk: 14 | WER=100.000000 | S=2 D=3 I=0
2026-01-15 10:09:11,535 | INFO | Chunk: 15 | WER=100.000000 | S=3 D=0 I=0
2026-01-15 10:09:11,535 | INFO | Chunk: 16 | WER=166.666667 | S=3 D=0 I=2
2026-01-15 10:09:11,535 | INFO | ------------------------------
2026-01-15 10:09:11,535 | INFO | ------------------------------
2026-01-15 10:09:11,537 | INFO | File: MO_H_SD27_2016_05_20_ModuleDescription_description | WER=84.905660 | S=37 D=6 I=2
2026-01-15 10:09:11,537 | INFO | ------------------------------
2026-01-15 10:09:11,537 | INFO | ------------------------------
2026-01-15 10:09:11,537 | INFO |  File duration: 130.70512471655329 seconds
2026-01-15 10:09:24,694 | INFO | Chunk: 0 | WER=19.230769 | S=2 D=3 I=0
2026-01-15 10:09:24,695 | INFO | Chunk: 1 | WER=45.098039 | S=2 D=21 I=0
2026-01-15 10:09:24,695 | INFO | Chunk: 2 | WER=150.000000 | S=2 D=0 I=1
2026-01-15 10:09:24,696 | INFO | Chunk: 3 | WER=27.272727 | S=1 D=2 I=0
2026-01-15 10:09:24,696 | INFO | Chunk: 4 | WER=0.000000 | S=0 D=0 I=0
2026-01-15 10:09:24,696 | INFO | Chunk: 5 | WER=10.714286 | S=2 D=1 I=0
2026-01-15 10:09:24,696 | INFO | Chunk: 6 | WER=0.000000 | S=0 D=0 I=0
2026-01-15 10:09:24,697 | INFO | Chunk: 7 | WER=0.000000 | S=0 D=0 I=0
2026-01-15 10:09:24,697 | INFO | Chunk: 8 | WER=0.000000 | S=0 D=0 I=0
2026-01-15 10:09:24,697 | INFO | Chunk: 9 | WER=21.428571 | S=1 D=2 I=0
2026-01-15 10:09:24,697 | INFO | Chunk: 10 | WER=7.692308 | S=0 D=0 I=1
2026-01-15 10:09:24,697 | INFO | Chunk: 11 | WER=0.000000 | S=0 D=0 I=0
2026-01-15 10:09:24,697 | INFO | Chunk: 12 | WER=0.000000 | S=0 D=0 I=0
2026-01-15 10:09:24,698 | INFO | Chunk: 13 | WER=33.333333 | S=1 D=3 I=0
2026-01-15 10:09:24,698 | INFO | Chunk: 14 | WER=29.411765 | S=3 D=2 I=0
2026-01-15 10:09:24,698 | INFO | Chunk: 15 | WER=20.000000 | S=1 D=0 I=0
2026-01-15 10:09:24,698 | INFO | Chunk: 16 | WER=0.000000 | S=0 D=0 I=0
2026-01-15 10:09:24,699 | INFO | Chunk: 17 | WER=7.692308 | S=1 D=0 I=1
2026-01-15 10:09:24,699 | INFO | Chunk: 18 | WER=83.333333 | S=2 D=0 I=3
2026-01-15 10:09:24,699 | INFO | Chunk: 19 | WER=11.111111 | S=0 D=1 I=0
2026-01-15 10:09:24,699 | INFO | Chunk: 20 | WER=23.076923 | S=1 D=1 I=1
2026-01-15 10:09:24,699 | INFO | Chunk: 21 | WER=20.000000 | S=0 D=0 I=1
2026-01-15 10:09:24,699 | INFO | ------------------------------
2026-01-15 10:09:24,699 | INFO | ------------------------------
2026-01-15 10:09:24,725 | INFO | File: MO_H_AV03_2016_04_10_ModuleDescription_description | WER=19.928826 | S=18 D=33 I=5
2026-01-15 10:09:24,725 | INFO | ------------------------------
2026-01-15 10:09:24,725 | INFO | ------------------------------
2026-01-15 10:09:24,725 | INFO |  File duration: 72.05151927437642 seconds
2026-01-15 10:09:35,077 | INFO | Chunk: 0 | WER=13.157895 | S=3 D=2 I=0
2026-01-15 10:09:35,078 | INFO | Chunk: 1 | WER=32.500000 | S=3 D=8 I=2
2026-01-15 10:09:35,078 | INFO | Chunk: 2 | WER=0.000000 | S=0 D=0 I=0
2026-01-15 10:09:35,079 | INFO | Chunk: 3 | WER=4.761905 | S=1 D=0 I=0
2026-01-15 10:09:35,079 | INFO | Chunk: 4 | WER=15.789474 | S=2 D=0 I=1
2026-01-15 10:09:35,080 | INFO | Chunk: 5 | WER=20.000000 | S=5 D=3 I=0
2026-01-15 10:09:35,080 | INFO | Chunk: 6 | WER=11.111111 | S=0 D=0 I=1
2026-01-15 10:09:35,080 | INFO | Chunk: 7 | WER=23.076923 | S=0 D=2 I=1
2026-01-15 10:09:35,081 | INFO | Chunk: 8 | WER=16.666667 | S=2 D=0 I=0
2026-01-15 10:09:35,081 | INFO | Chunk: 9 | WER=23.076923 | S=2 D=1 I=0
2026-01-15 10:09:35,081 | INFO | ------------------------------
2026-01-15 10:09:35,081 | INFO | ------------------------------
2026-01-15 10:09:35,097 | INFO | File: MO_F_AV07_2016_06_07_ModuleDescription_description | WER=17.452830 | S=18 D=15 I=4
2026-01-15 10:09:35,097 | INFO | ------------------------------
2026-01-15 10:09:35,097 | INFO | ------------------------------
2026-01-15 10:09:35,097 | INFO |  File duration: 36.17668934240363 seconds
2026-01-15 10:09:40,336 | INFO | Chunk: 0 | WER=60.000000 | S=2 D=1 I=3
2026-01-15 10:09:40,338 | INFO | Chunk: 1 | WER=16.363636 | S=5 D=4 I=0
2026-01-15 10:09:40,339 | INFO | Chunk: 2 | WER=16.666667 | S=4 D=3 I=0
2026-01-15 10:09:40,339 | INFO | Chunk: 3 | WER=75.000000 | S=0 D=1 I=2
2026-01-15 10:09:40,339 | INFO | Chunk: 4 | WER=50.000000 | S=0 D=0 I=1
2026-01-15 10:09:40,339 | INFO | ------------------------------
2026-01-15 10:09:40,339 | INFO | ------------------------------
2026-01-15 10:09:40,344 | INFO | File: MO_F_SD06_2016_04_18_ModuleDescription_description | WER=21.238938 | S=11 D=8 I=5
2026-01-15 10:09:40,344 | INFO | ------------------------------
2026-01-15 10:09:40,344 | INFO | ------------------------------
2026-01-15 10:09:40,345 | INFO |  File duration: 118.88616780045352 seconds
2026-01-15 10:09:50,188 | INFO | Chunk: 0 | WER=400.000000 | S=1 D=0 I=3
2026-01-15 10:09:50,188 | INFO | Chunk: 1 | WER=20.000000 | S=1 D=0 I=1
2026-01-15 10:09:50,188 | INFO | Chunk: 2 | WER=0.000000 | S=0 D=0 I=0
2026-01-15 10:09:50,188 | INFO | Chunk: 3 | WER=14.285714 | S=0 D=0 I=1
2026-01-15 10:09:50,189 | INFO | Chunk: 4 | WER=34.146341 | S=0 D=14 I=0
2026-01-15 10:09:50,189 | INFO | Chunk: 5 | WER=42.857143 | S=0 D=1 I=2
2026-01-15 10:09:50,189 | INFO | Chunk: 6 | WER=100.000000 | S=1 D=0 I=0
2026-01-15 10:09:50,189 | INFO | Chunk: 7 | WER=26.666667 | S=1 D=3 I=0
2026-01-15 10:09:50,189 | INFO | Chunk: 8 | WER=100.000000 | S=1 D=2 I=0
2026-01-15 10:09:50,190 | INFO | Chunk: 9 | WER=11.538462 | S=1 D=0 I=2
2026-01-15 10:09:50,191 | INFO | Chunk: 10 | WER=68.518519 | S=0 D=37 I=0
2026-01-15 10:09:50,191 | INFO | Chunk: 11 | WER=25.000000 | S=0 D=0 I=1
2026-01-15 10:09:50,192 | INFO | Chunk: 12 | WER=44.444444 | S=5 D=16 I=3
2026-01-15 10:09:50,192 | INFO | Chunk: 13 | WER=28.571429 | S=1 D=1 I=2
2026-01-15 10:09:50,192 | INFO | Chunk: 14 | WER=100.000000 | S=1 D=1 I=0
2026-01-15 10:09:50,192 | INFO | ------------------------------
2026-01-15 10:09:50,192 | INFO | ------------------------------
2026-01-15 10:09:50,209 | INFO | File: MO_F_SD14_2016_04_25_ModuleDescription_description | WER=37.096774 | S=12 D=70 I=10
2026-01-15 10:09:50,209 | INFO | ------------------------------
2026-01-15 10:09:50,209 | INFO | ------------------------------
2026-01-15 10:09:50,210 | INFO |  File duration: 91.5330612244898 seconds
2026-01-15 10:10:00,135 | INFO | Chunk: 0 | WER=49.253731 | S=1 D=32 I=0
2026-01-15 10:10:00,136 | INFO | Chunk: 1 | WER=15.000000 | S=2 D=0 I=1
2026-01-15 10:10:00,136 | INFO | Chunk: 2 | WER=14.285714 | S=2 D=0 I=0
2026-01-15 10:10:00,136 | INFO | Chunk: 3 | WER=22.222222 | S=2 D=1 I=1
2026-01-15 10:10:00,136 | INFO | Chunk: 4 | WER=62.500000 | S=2 D=3 I=0
2026-01-15 10:10:00,137 | INFO | Chunk: 5 | WER=7.692308 | S=1 D=0 I=0
2026-01-15 10:10:00,137 | INFO | Chunk: 6 | WER=0.000000 | S=0 D=0 I=0
2026-01-15 10:10:00,137 | INFO | Chunk: 7 | WER=6.250000 | S=0 D=1 I=0
2026-01-15 10:10:00,137 | INFO | Chunk: 8 | WER=0.000000 | S=0 D=0 I=0
2026-01-15 10:10:00,137 | INFO | Chunk: 9 | WER=0.000000 | S=0 D=0 I=0
2026-01-15 10:10:00,138 | INFO | Chunk: 10 | WER=23.809524 | S=3 D=0 I=2
2026-01-15 10:10:00,138 | INFO | Chunk: 11 | WER=200.000000 | S=2 D=0 I=2
2026-01-15 10:10:00,138 | INFO | ------------------------------
2026-01-15 10:10:00,138 | INFO | ------------------------------
2026-01-15 10:10:00,152 | INFO | File: MO_F_ER12_2016_04_07_ModuleDescription_description | WER=27.619048 | S=15 D=36 I=7
2026-01-15 10:10:00,152 | INFO | ------------------------------
2026-01-15 10:10:00,152 | INFO | ------------------------------
2026-01-15 10:10:00,153 | INFO |  File duration: 70.05460317460317 seconds
2026-01-15 10:10:08,274 | INFO | Chunk: 0 | WER=29.629630 | S=0 D=16 I=0
2026-01-15 10:10:08,274 | INFO | Chunk: 1 | WER=34.615385 | S=0 D=8 I=1
2026-01-15 10:10:08,275 | INFO | Chunk: 2 | WER=28.947368 | S=0 D=10 I=1
2026-01-15 10:10:08,275 | INFO | Chunk: 3 | WER=0.000000 | S=0 D=0 I=0
2026-01-15 10:10:08,276 | INFO | Chunk: 4 | WER=15.000000 | S=2 D=1 I=0
2026-01-15 10:10:08,276 | INFO | Chunk: 5 | WER=4.166667 | S=0 D=0 I=1
2026-01-15 10:10:08,276 | INFO | Chunk: 6 | WER=30.769231 | S=2 D=0 I=2
2026-01-15 10:10:08,276 | INFO | ------------------------------
2026-01-15 10:10:08,276 | INFO | ------------------------------
2026-01-15 10:10:08,288 | INFO | File: MO_F_ER04_2016_04_05_ModuleDescription_description | WER=23.036649 | S=4 D=35 I=5
2026-01-15 10:10:08,288 | INFO | ------------------------------
2026-01-15 10:10:08,288 | INFO | ------------------------------
2026-01-15 10:10:08,288 | INFO |  File duration: 144.63709750566895 seconds
2026-01-15 10:10:20,893 | INFO | Chunk: 0 | WER=2.941176 | S=1 D=0 I=0
2026-01-15 10:10:20,895 | INFO | Chunk: 1 | WER=32.653061 | S=2 D=13 I=1
2026-01-15 10:10:20,896 | INFO | Chunk: 2 | WER=24.489796 | S=3 D=9 I=0
2026-01-15 10:10:20,897 | INFO | Chunk: 3 | WER=53.225806 | S=2 D=30 I=1
2026-01-15 10:10:20,899 | INFO | Chunk: 4 | WER=53.246753 | S=6 D=34 I=1
2026-01-15 10:10:20,899 | INFO | Chunk: 5 | WER=0.000000 | S=0 D=0 I=0
2026-01-15 10:10:20,899 | INFO | Chunk: 6 | WER=33.333333 | S=1 D=1 I=0
2026-01-15 10:10:20,899 | INFO | Chunk: 7 | WER=22.222222 | S=0 D=1 I=1
2026-01-15 10:10:20,899 | INFO | Chunk: 8 | WER=22.222222 | S=0 D=2 I=0
2026-01-15 10:10:20,900 | INFO | Chunk: 9 | WER=50.000000 | S=0 D=0 I=1
2026-01-15 10:10:20,900 | INFO | Chunk: 10 | WER=0.000000 | S=0 D=0 I=0
2026-01-15 10:10:20,900 | INFO | ------------------------------
2026-01-15 10:10:20,900 | INFO | ------------------------------
2026-01-15 10:10:20,929 | INFO | File: MO_F_AV13_2016_04_18_ModuleDescription_description | WER=31.692308 | S=16 D=86 I=1
2026-01-15 10:10:20,929 | INFO | ------------------------------
2026-01-15 10:10:20,929 | INFO | ------------------------------
2026-01-15 10:10:20,929 | WARNING | The file /vol/corpora/TAPAS_FRAIS/Data_Partagees_Mons/Data_Mons/Description/MO_F_SD14_2016_08_13_ModuleDescription_description_2.wav does not exist
2026-01-15 10:10:20,951 | INFO |  File duration: 299.5374149659864 seconds
2026-01-15 10:10:46,201 | INFO | Chunk: 0 | WER=600.000000 | S=1 D=0 I=5
2026-01-15 10:10:46,201 | INFO | Chunk: 2 | WER=100.000000 | S=0 D=0 I=1
2026-01-15 10:10:46,202 | INFO | Chunk: 3 | WER=33.333333 | S=2 D=0 I=0
2026-01-15 10:10:46,202 | INFO | Chunk: 4 | WER=22.222222 | S=1 D=1 I=0
2026-01-15 10:10:46,202 | INFO | Chunk: 5 | WER=21.428571 | S=1 D=2 I=0
2026-01-15 10:10:46,202 | INFO | Chunk: 6 | WER=50.000000 | S=0 D=0 I=1
2026-01-15 10:10:46,202 | INFO | Chunk: 7 | WER=50.000000 | S=2 D=0 I=0
2026-01-15 10:10:46,202 | INFO | Chunk: 8 | WER=0.000000 | S=0 D=0 I=0
2026-01-15 10:10:46,203 | INFO | Chunk: 9 | WER=10.000000 | S=0 D=1 I=0
2026-01-15 10:10:46,203 | INFO | Chunk: 10 | WER=33.333333 | S=1 D=0 I=0
2026-01-15 10:10:46,203 | INFO | Chunk: 11 | WER=100.000000 | S=1 D=1 I=0
2026-01-15 10:10:46,203 | INFO | Chunk: 12 | WER=100.000000 | S=2 D=0 I=0
2026-01-15 10:10:46,203 | INFO | Chunk: 13 | WER=100.000000 | S=1 D=0 I=0
2026-01-15 10:10:46,203 | INFO | Chunk: 14 | WER=40.000000 | S=2 D=0 I=0
2026-01-15 10:10:46,203 | INFO | Chunk: 15 | WER=75.000000 | S=2 D=0 I=1
2026-01-15 10:10:46,203 | INFO | Chunk: 16 | WER=20.000000 | S=0 D=0 I=1
2026-01-15 10:10:46,204 | INFO | Chunk: 17 | WER=17.647059 | S=2 D=1 I=0
2026-01-15 10:10:46,204 | INFO | Chunk: 18 | WER=0.000000 | S=0 D=0 I=0
2026-01-15 10:10:46,204 | INFO | Chunk: 19 | WER=37.500000 | S=2 D=1 I=0
2026-01-15 10:10:46,204 | INFO | Chunk: 20 | WER=40.000000 | S=1 D=1 I=0
2026-01-15 10:10:46,204 | INFO | Chunk: 21 | WER=33.333333 | S=2 D=1 I=0
2026-01-15 10:10:46,204 | INFO | Chunk: 22 | WER=0.000000 | S=0 D=0 I=0
2026-01-15 10:10:46,204 | INFO | Chunk: 23 | WER=20.000000 | S=1 D=0 I=0
2026-01-15 10:10:46,204 | INFO | Chunk: 24 | WER=25.000000 | S=0 D=0 I=1
2026-01-15 10:10:46,205 | INFO | Chunk: 25 | WER=100.000000 | S=1 D=0 I=0
2026-01-15 10:10:46,205 | INFO | Chunk: 27 | WER=0.000000 | S=0 D=0 I=0
2026-01-15 10:10:46,205 | INFO | Chunk: 28 | WER=33.333333 | S=0 D=0 I=1
2026-01-15 10:10:46,205 | INFO | Chunk: 29 | WER=57.142857 | S=3 D=1 I=0
2026-01-15 10:10:46,205 | INFO | Chunk: 30 | WER=60.000000 | S=2 D=1 I=0
2026-01-15 10:10:46,205 | INFO | Chunk: 31 | WER=21.428571 | S=2 D=1 I=0
2026-01-15 10:10:46,205 | INFO | Chunk: 32 | WER=150.000000 | S=1 D=0 I=2
2026-01-15 10:10:46,206 | INFO | Chunk: 33 | WER=25.000000 | S=1 D=0 I=0
2026-01-15 10:10:46,206 | INFO | Chunk: 34 | WER=0.000000 | S=0 D=0 I=0
2026-01-15 10:10:46,206 | INFO | Chunk: 35 | WER=0.000000 | S=0 D=0 I=0
2026-01-15 10:10:46,206 | INFO | Chunk: 36 | WER=0.000000 | S=0 D=0 I=0
2026-01-15 10:10:46,206 | INFO | Chunk: 37 | WER=100.000000 | S=3 D=0 I=1
2026-01-15 10:10:46,206 | INFO | Chunk: 38 | WER=66.666667 | S=2 D=0 I=0
2026-01-15 10:10:46,206 | INFO | Chunk: 39 | WER=0.000000 | S=0 D=0 I=0
2026-01-15 10:10:46,206 | INFO | Chunk: 40 | WER=0.000000 | S=0 D=0 I=0
2026-01-15 10:10:46,206 | INFO | Chunk: 41 | WER=50.000000 | S=0 D=0 I=1
2026-01-15 10:10:46,207 | INFO | Chunk: 42 | WER=36.363636 | S=0 D=1 I=3
2026-01-15 10:10:46,207 | INFO | Chunk: 43 | WER=0.000000 | S=0 D=0 I=0
2026-01-15 10:10:46,207 | INFO | Chunk: 44 | WER=100.000000 | S=1 D=0 I=0
2026-01-15 10:10:46,207 | INFO | Chunk: 45 | WER=33.333333 | S=1 D=1 I=1
2026-01-15 10:10:46,207 | INFO | Chunk: 46 | WER=83.333333 | S=3 D=2 I=0
2026-01-15 10:10:46,207 | INFO | Chunk: 47 | WER=33.333333 | S=0 D=1 I=1
2026-01-15 10:10:46,207 | INFO | Chunk: 48 | WER=0.000000 | S=0 D=0 I=0
2026-01-15 10:10:46,208 | INFO | Chunk: 49 | WER=33.333333 | S=1 D=1 I=0
2026-01-15 10:10:46,208 | INFO | Chunk: 50 | WER=50.000000 | S=1 D=0 I=0
2026-01-15 10:10:46,208 | INFO | Chunk: 51 | WER=70.000000 | S=5 D=1 I=1
2026-01-15 10:10:46,208 | INFO | Chunk: 52 | WER=11.111111 | S=0 D=1 I=0
2026-01-15 10:10:46,208 | INFO | Chunk: 53 | WER=62.500000 | S=4 D=1 I=0
2026-01-15 10:10:46,208 | INFO | Chunk: 54 | WER=40.000000 | S=1 D=0 I=1
2026-01-15 10:10:46,208 | INFO | Chunk: 55 | WER=60.000000 | S=2 D=1 I=0
2026-01-15 10:10:46,209 | INFO | Chunk: 56 | WER=66.666667 | S=1 D=0 I=1
2026-01-15 10:10:46,209 | INFO | Chunk: 57 | WER=54.545455 | S=3 D=3 I=0
2026-01-15 10:10:46,209 | INFO | Chunk: 58 | WER=60.000000 | S=2 D=4 I=0
2026-01-15 10:10:46,209 | INFO | Chunk: 59 | WER=60.000000 | S=4 D=2 I=0
2026-01-15 10:10:46,209 | INFO | Chunk: 60 | WER=66.666667 | S=0 D=0 I=2
2026-01-15 10:10:46,209 | INFO | Chunk: 61 | WER=83.333333 | S=4 D=1 I=0
2026-01-15 10:10:46,210 | INFO | Chunk: 62 | WER=38.888889 | S=4 D=3 I=0
2026-01-15 10:10:46,210 | INFO | Chunk: 63 | WER=16.666667 | S=0 D=0 I=1
2026-01-15 10:10:46,210 | INFO | Chunk: 64 | WER=0.000000 | S=0 D=0 I=0
2026-01-15 10:10:46,210 | INFO | Chunk: 65 | WER=100.000000 | S=2 D=0 I=0
2026-01-15 10:10:46,210 | INFO | Chunk: 66 | WER=100.000000 | S=2 D=0 I=0
2026-01-15 10:10:46,210 | INFO | Chunk: 67 | WER=85.714286 | S=5 D=1 I=0
2026-01-15 10:10:46,210 | INFO | Chunk: 68 | WER=60.000000 | S=2 D=1 I=0
2026-01-15 10:10:46,210 | INFO | Chunk: 69 | WER=0.000000 | S=0 D=0 I=0
2026-01-15 10:10:46,211 | INFO | ------------------------------
2026-01-15 10:10:46,211 | INFO | ------------------------------
2026-01-15 10:10:46,269 | INFO | File: MO_H_SD31_2016_05_27_ModuleDescription_description | WER=35.858586 | S=88 D=31 I=23
2026-01-15 10:10:46,269 | INFO | ------------------------------
2026-01-15 10:10:46,269 | INFO | ------------------------------
2026-01-15 10:10:46,269 | INFO |  File duration: 50.991020408163266 seconds
2026-01-15 10:10:51,529 | INFO | Chunk: 0 | WER=10.810811 | S=1 D=3 I=0
2026-01-15 10:10:51,531 | INFO | Chunk: 1 | WER=60.000000 | S=9 D=42 I=0
2026-01-15 10:10:51,531 | INFO | Chunk: 2 | WER=4.000000 | S=1 D=0 I=0
2026-01-15 10:10:51,531 | INFO | Chunk: 3 | WER=100.000000 | S=2 D=1 I=0
2026-01-15 10:10:51,531 | INFO | ------------------------------
2026-01-15 10:10:51,531 | INFO | ------------------------------
2026-01-15 10:10:51,537 | INFO | File: MO_H_SD05_2016_08_22_ModuleDescription_description | WER=39.333333 | S=13 D=46 I=0
2026-01-15 10:10:51,537 | INFO | ------------------------------
2026-01-15 10:10:51,537 | INFO | ------------------------------
2026-01-15 10:10:51,538 | INFO |  File duration: 69.91528344671202 seconds
2026-01-15 10:10:59,274 | INFO | Chunk: 1 | WER=15.555556 | S=3 D=4 I=0
2026-01-15 10:10:59,276 | INFO | Chunk: 2 | WER=49.425287 | S=2 D=40 I=1
2026-01-15 10:10:59,276 | INFO | Chunk: 3 | WER=3.571429 | S=1 D=0 I=0
2026-01-15 10:10:59,277 | INFO | Chunk: 4 | WER=15.000000 | S=2 D=0 I=1
2026-01-15 10:10:59,277 | INFO | Chunk: 5 | WER=200.000000 | S=1 D=0 I=1
2026-01-15 10:10:59,277 | INFO | ------------------------------
2026-01-15 10:10:59,277 | INFO | ------------------------------
2026-01-15 10:10:59,286 | INFO | File: MO_H_SD16_2016_04_25_ModuleDescription_description | WER=29.834254 | S=8 D=43 I=3
2026-01-15 10:10:59,286 | INFO | ------------------------------
2026-01-15 10:10:59,286 | INFO | ------------------------------
2026-01-15 10:10:59,287 | INFO |  File duration: 43.723174603174606 seconds
2026-01-15 10:11:04,549 | INFO | Chunk: 0 | WER=22.222222 | S=0 D=0 I=2
2026-01-15 10:11:04,549 | INFO | Chunk: 1 | WER=21.428571 | S=2 D=1 I=0
2026-01-15 10:11:04,549 | INFO | Chunk: 2 | WER=15.384615 | S=1 D=0 I=1
2026-01-15 10:11:04,550 | INFO | Chunk: 3 | WER=12.500000 | S=1 D=2 I=0
2026-01-15 10:11:04,550 | INFO | Chunk: 4 | WER=16.666667 | S=0 D=0 I=1
2026-01-15 10:11:04,550 | INFO | Chunk: 5 | WER=15.789474 | S=2 D=1 I=0
2026-01-15 10:11:04,550 | INFO | Chunk: 6 | WER=20.000000 | S=1 D=1 I=0
2026-01-15 10:11:04,550 | INFO | Chunk: 7 | WER=22.222222 | S=0 D=0 I=2
2026-01-15 10:11:04,551 | INFO | ------------------------------
2026-01-15 10:11:04,551 | INFO | ------------------------------
2026-01-15 10:11:04,555 | INFO | File: MO_F_ER14_2016_04_08_ModuleDescription_description | WER=15.384615 | S=7 D=4 I=5
2026-01-15 10:11:04,555 | INFO | ------------------------------
2026-01-15 10:11:04,555 | INFO | ------------------------------
2026-01-15 10:11:04,555 | INFO |  File duration: 58.83936507936508 seconds
2026-01-15 10:11:11,801 | INFO | Chunk: 0 | WER=37.500000 | S=1 D=1 I=1
2026-01-15 10:11:11,802 | INFO | Chunk: 1 | WER=13.157895 | S=4 D=1 I=0
2026-01-15 10:11:11,802 | INFO | Chunk: 2 | WER=17.391304 | S=4 D=0 I=0
2026-01-15 10:11:11,802 | INFO | Chunk: 3 | WER=25.000000 | S=0 D=0 I=1
2026-01-15 10:11:11,802 | INFO | Chunk: 4 | WER=0.000000 | S=0 D=0 I=0
2026-01-15 10:11:11,803 | INFO | Chunk: 5 | WER=0.000000 | S=0 D=0 I=0
2026-01-15 10:11:11,803 | INFO | Chunk: 6 | WER=23.076923 | S=4 D=5 I=0
2026-01-15 10:11:11,804 | INFO | Chunk: 7 | WER=40.000000 | S=3 D=5 I=2
2026-01-15 10:11:11,804 | INFO | ------------------------------
2026-01-15 10:11:11,804 | INFO | ------------------------------
2026-01-15 10:11:11,811 | INFO | File: MO_H_ER46_2017_03_31_ModuleDescription_description | WER=21.917808 | S=16 D=12 I=4
2026-01-15 10:11:11,812 | INFO | ------------------------------
2026-01-15 10:11:11,812 | INFO | ------------------------------
2026-01-15 10:11:11,812 | INFO |  File duration: 17.020226757369613 seconds
2026-01-15 10:11:14,123 | INFO | Chunk: 0 | WER=5.000000 | S=1 D=0 I=0
2026-01-15 10:11:14,124 | INFO | Chunk: 1 | WER=14.285714 | S=1 D=0 I=0
2026-01-15 10:11:14,124 | INFO | Chunk: 2 | WER=16.666667 | S=1 D=2 I=0
2026-01-15 10:11:14,124 | INFO | ------------------------------
2026-01-15 10:11:14,124 | INFO | ------------------------------
2026-01-15 10:11:14,125 | INFO | File: MO_H_AV34_2016_06_07_ModuleDescription_description | WER=11.111111 | S=3 D=2 I=0
2026-01-15 10:11:14,125 | INFO | ------------------------------
2026-01-15 10:11:14,125 | INFO | ------------------------------
2026-01-15 10:11:14,125 | INFO |  File duration: 30.48780045351474 seconds
2026-01-15 10:11:16,214 | INFO | Chunk: 0 | WER=38.461538 | S=3 D=0 I=2
2026-01-15 10:11:16,215 | INFO | Chunk: 1 | WER=16.666667 | S=1 D=0 I=0
2026-01-15 10:11:16,215 | INFO | Chunk: 2 | WER=50.000000 | S=1 D=0 I=0
2026-01-15 10:11:16,215 | INFO | Chunk: 3 | WER=50.000000 | S=1 D=0 I=0
2026-01-15 10:11:16,215 | INFO | Chunk: 4 | WER=100.000000 | S=2 D=0 I=0
2026-01-15 10:11:16,215 | INFO | Chunk: 5 | WER=33.333333 | S=1 D=0 I=0
2026-01-15 10:11:16,215 | INFO | ------------------------------
2026-01-15 10:11:16,215 | INFO | ------------------------------
2026-01-15 10:11:16,216 | INFO | File: MO_H_ER42_2017_01_24_ModuleDescription_description | WER=39.285714 | S=9 D=0 I=2
2026-01-15 10:11:16,216 | INFO | ------------------------------
2026-01-15 10:11:16,216 | INFO | ------------------------------
2026-01-15 10:11:16,216 | INFO |  File duration: 91.32408163265306 seconds
2026-01-15 10:11:27,357 | INFO | Chunk: 0 | WER=17.647059 | S=5 D=0 I=1
2026-01-15 10:11:27,357 | INFO | Chunk: 1 | WER=0.000000 | S=0 D=0 I=0
2026-01-15 10:11:27,358 | INFO | Chunk: 2 | WER=13.043478 | S=0 D=3 I=0
2026-01-15 10:11:27,358 | INFO | Chunk: 3 | WER=0.000000 | S=0 D=0 I=0
2026-01-15 10:11:27,358 | INFO | Chunk: 4 | WER=0.000000 | S=0 D=0 I=0
2026-01-15 10:11:27,359 | INFO | Chunk: 5 | WER=6.896552 | S=1 D=0 I=1
2026-01-15 10:11:27,359 | INFO | Chunk: 6 | WER=28.571429 | S=0 D=3 I=1
2026-01-15 10:11:27,360 | INFO | Chunk: 7 | WER=23.809524 | S=4 D=5 I=1
2026-01-15 10:11:27,360 | INFO | Chunk: 8 | WER=0.000000 | S=0 D=0 I=0
2026-01-15 10:11:27,360 | INFO | Chunk: 9 | WER=25.000000 | S=1 D=3 I=0
2026-01-15 10:11:27,360 | INFO | Chunk: 10 | WER=47.368421 | S=0 D=7 I=2
2026-01-15 10:11:27,361 | INFO | Chunk: 11 | WER=25.000000 | S=0 D=0 I=2
2026-01-15 10:11:27,361 | INFO | ------------------------------
2026-01-15 10:11:27,361 | INFO | ------------------------------
2026-01-15 10:11:27,379 | INFO | File: MO_F_AV07_2016_04_13_ModuleDescription_description | WER=15.217391 | S=12 D=18 I=5
2026-01-15 10:11:27,379 | INFO | ------------------------------
2026-01-15 10:11:27,379 | INFO | ------------------------------
2026-01-15 10:11:27,379 | INFO |  File duration: 33.877913832199546 seconds
2026-01-15 10:11:31,154 | INFO | Chunk: 0 | WER=7.142857 | S=0 D=1 I=0
2026-01-15 10:11:31,154 | INFO | Chunk: 1 | WER=0.000000 | S=0 D=0 I=0
2026-01-15 10:11:31,154 | INFO | Chunk: 2 | WER=0.000000 | S=0 D=0 I=0
2026-01-15 10:11:31,155 | INFO | Chunk: 3 | WER=3.846154 | S=1 D=0 I=0
2026-01-15 10:11:31,155 | INFO | ------------------------------
2026-01-15 10:11:31,155 | INFO | ------------------------------
2026-01-15 10:11:31,157 | INFO | File: MO_H_ER11_2016_04_07_ModuleDescription_description | WER=7.142857 | S=1 D=1 I=3
2026-01-15 10:11:31,157 | INFO | ------------------------------
2026-01-15 10:11:31,157 | INFO | ------------------------------
2026-01-15 10:11:31,158 | INFO |  File duration: 80.89832199546485 seconds
2026-01-15 10:11:40,016 | INFO | Chunk: 0 | WER=0.000000 | S=0 D=0 I=0
2026-01-15 10:11:40,016 | INFO | Chunk: 1 | WER=50.000000 | S=0 D=13 I=0
2026-01-15 10:11:40,017 | INFO | Chunk: 2 | WER=18.181818 | S=2 D=4 I=0
2026-01-15 10:11:40,017 | INFO | Chunk: 3 | WER=33.333333 | S=0 D=4 I=0
2026-01-15 10:11:40,017 | INFO | Chunk: 4 | WER=57.142857 | S=3 D=3 I=2
2026-01-15 10:11:40,018 | INFO | Chunk: 5 | WER=22.500000 | S=3 D=5 I=1
2026-01-15 10:11:40,018 | INFO | Chunk: 6 | WER=28.571429 | S=0 D=1 I=1
2026-01-15 10:11:40,019 | INFO | Chunk: 7 | WER=29.629630 | S=1 D=7 I=0
2026-01-15 10:11:40,019 | INFO | Chunk: 8 | WER=26.315789 | S=2 D=2 I=1
2026-01-15 10:11:40,019 | INFO | Chunk: 9 | WER=100.000000 | S=0 D=0 I=1
2026-01-15 10:11:40,019 | INFO | ------------------------------
2026-01-15 10:11:40,019 | INFO | ------------------------------
2026-01-15 10:11:40,031 | INFO | File: MO_F_AV04_2016_04_12_ModuleDescription_description | WER=28.717949 | S=11 D=39 I=6
2026-01-15 10:11:40,031 | INFO | ------------------------------
2026-01-15 10:11:40,031 | INFO | ------------------------------
2026-01-15 10:11:40,031 | INFO |  File duration: 167.69451247165532 seconds
2026-01-15 10:11:55,733 | INFO | Chunk: 0 | WER=0.000000 | S=0 D=0 I=0
2026-01-15 10:11:55,734 | INFO | Chunk: 1 | WER=66.176471 | S=0 D=45 I=0
2026-01-15 10:11:55,735 | INFO | Chunk: 2 | WER=14.893617 | S=0 D=7 I=0
2026-01-15 10:11:55,737 | INFO | Chunk: 3 | WER=31.147541 | S=4 D=14 I=1
2026-01-15 10:11:55,737 | INFO | Chunk: 4 | WER=9.523810 | S=1 D=1 I=0
2026-01-15 10:11:55,737 | INFO | Chunk: 5 | WER=23.076923 | S=0 D=2 I=1
2026-01-15 10:11:55,738 | INFO | Chunk: 6 | WER=27.777778 | S=5 D=5 I=0
2026-01-15 10:11:55,739 | INFO | Chunk: 7 | WER=39.215686 | S=1 D=19 I=0
2026-01-15 10:11:55,740 | INFO | Chunk: 8 | WER=68.354430 | S=2 D=52 I=0
2026-01-15 10:11:55,740 | INFO | Chunk: 9 | WER=8.333333 | S=1 D=1 I=0
2026-01-15 10:11:55,741 | INFO | ------------------------------
2026-01-15 10:11:55,741 | INFO | ------------------------------
2026-01-15 10:11:55,786 | INFO | File: MO_F_ER20_2016_06_08_ModuleDescription_description | WER=37.268519 | S=15 D=145 I=1
2026-01-15 10:11:55,786 | INFO | ------------------------------
2026-01-15 10:11:55,786 | INFO | ------------------------------
2026-01-15 10:11:55,787 | INFO |  File duration: 102.16780045351474 seconds
2026-01-15 10:12:06,565 | INFO | Chunk: 0 | WER=200.000000 | S=1 D=0 I=1
2026-01-15 10:12:06,565 | INFO | Chunk: 1 | WER=9.090909 | S=0 D=0 I=1
2026-01-15 10:12:06,566 | INFO | Chunk: 2 | WER=52.777778 | S=2 D=17 I=0
2026-01-15 10:12:06,566 | INFO | Chunk: 3 | WER=14.814815 | S=3 D=1 I=0
2026-01-15 10:12:06,567 | INFO | Chunk: 4 | WER=40.000000 | S=2 D=0 I=0
2026-01-15 10:12:06,567 | INFO | Chunk: 5 | WER=0.000000 | S=0 D=0 I=0
2026-01-15 10:12:06,567 | INFO | Chunk: 6 | WER=0.000000 | S=0 D=0 I=0
2026-01-15 10:12:06,567 | INFO | Chunk: 7 | WER=0.000000 | S=0 D=0 I=0
2026-01-15 10:12:06,567 | INFO | Chunk: 8 | WER=16.666667 | S=1 D=0 I=0
2026-01-15 10:12:06,567 | INFO | Chunk: 9 | WER=0.000000 | S=0 D=0 I=0
2026-01-15 10:12:06,567 | INFO | Chunk: 10 | WER=0.000000 | S=0 D=0 I=0
2026-01-15 10:12:06,568 | INFO | Chunk: 11 | WER=0.000000 | S=0 D=0 I=0
2026-01-15 10:12:06,568 | INFO | Chunk: 12 | WER=100.000000 | S=2 D=0 I=0
2026-01-15 10:12:06,568 | INFO | Chunk: 13 | WER=50.000000 | S=0 D=4 I=0
2026-01-15 10:12:06,568 | INFO | Chunk: 14 | WER=37.500000 | S=1 D=2 I=0
2026-01-15 10:12:06,568 | INFO | Chunk: 15 | WER=28.571429 | S=0 D=0 I=2
2026-01-15 10:12:06,568 | INFO | Chunk: 16 | WER=12.500000 | S=1 D=0 I=0
2026-01-15 10:12:06,569 | INFO | Chunk: 17 | WER=5.000000 | S=1 D=0 I=0
2026-01-15 10:12:06,569 | INFO | Chunk: 18 | WER=0.000000 | S=0 D=0 I=0
2026-01-15 10:12:06,569 | INFO | Chunk: 19 | WER=0.000000 | S=0 D=0 I=0
2026-01-15 10:12:06,569 | INFO | ------------------------------
2026-01-15 10:12:06,569 | INFO | ------------------------------
2026-01-15 10:12:06,583 | INFO | File: MO_F_SD04_2016_04_15_ModuleDescription_description | WER=17.961165 | S=12 D=22 I=3
2026-01-15 10:12:06,583 | INFO | ------------------------------
2026-01-15 10:12:06,583 | INFO | ------------------------------
2026-01-15 10:12:06,584 | INFO |  File duration: 36.75718820861678 seconds
2026-01-15 10:12:11,245 | INFO | Chunk: 0 | WER=7.142857 | S=1 D=0 I=0
2026-01-15 10:12:11,245 | INFO | Chunk: 1 | WER=14.285714 | S=0 D=1 I=0
2026-01-15 10:12:11,245 | INFO | Chunk: 2 | WER=12.500000 | S=1 D=0 I=0
2026-01-15 10:12:11,245 | INFO | Chunk: 3 | WER=20.000000 | S=0 D=0 I=1
2026-01-15 10:12:11,245 | INFO | Chunk: 4 | WER=20.000000 | S=0 D=1 I=0
2026-01-15 10:12:11,245 | INFO | Chunk: 5 | WER=125.000000 | S=3 D=0 I=2
2026-01-15 10:12:11,246 | INFO | Chunk: 6 | WER=80.000000 | S=1 D=1 I=2
2026-01-15 10:12:11,246 | INFO | Chunk: 7 | WER=75.000000 | S=1 D=0 I=2
2026-01-15 10:12:11,246 | INFO | Chunk: 8 | WER=100.000000 | S=0 D=0 I=1
2026-01-15 10:12:11,246 | INFO | Chunk: 9 | WER=43.750000 | S=1 D=6 I=0
2026-01-15 10:12:11,246 | INFO | Chunk: 10 | WER=44.444444 | S=2 D=0 I=2
2026-01-15 10:12:11,246 | INFO | Chunk: 11 | WER=100.000000 | S=1 D=0 I=0
2026-01-15 10:12:11,246 | INFO | ------------------------------
2026-01-15 10:12:11,246 | INFO | ------------------------------
2026-01-15 10:12:11,249 | INFO | File: MO_H_ER13_2016_04_08_ModuleDescription_description | WER=32.911392 | S=13 D=6 I=7
2026-01-15 10:12:11,249 | INFO | ------------------------------
2026-01-15 10:12:11,249 | INFO | ------------------------------
2026-01-15 10:12:11,249 | INFO |  File duration: 53.91673469387755 seconds
2026-01-15 10:12:18,983 | INFO | Chunk: 0 | WER=13.333333 | S=1 D=1 I=2
2026-01-15 10:12:18,983 | INFO | Chunk: 1 | WER=30.769231 | S=5 D=3 I=0
2026-01-15 10:12:18,983 | INFO | Chunk: 2 | WER=8.333333 | S=1 D=0 I=0
2026-01-15 10:12:18,984 | INFO | Chunk: 3 | WER=38.461538 | S=1 D=4 I=0
2026-01-15 10:12:18,984 | INFO | Chunk: 4 | WER=28.000000 | S=2 D=3 I=2
2026-01-15 10:12:18,985 | INFO | Chunk: 5 | WER=0.000000 | S=0 D=0 I=0
2026-01-15 10:12:18,985 | INFO | Chunk: 6 | WER=14.285714 | S=1 D=1 I=0
2026-01-15 10:12:18,985 | INFO | Chunk: 7 | WER=41.666667 | S=1 D=2 I=2
2026-01-15 10:12:18,985 | INFO | Chunk: 8 | WER=50.000000 | S=1 D=0 I=0
2026-01-15 10:12:18,985 | INFO | Chunk: 9 | WER=0.000000 | S=0 D=0 I=0
2026-01-15 10:12:18,985 | INFO | ------------------------------
2026-01-15 10:12:18,985 | INFO | ------------------------------
2026-01-15 10:12:18,995 | INFO | File: MO_F_AV16_2016_04_18_ModuleDescription_description | WER=19.277108 | S=12 D=14 I=6
2026-01-15 10:12:18,995 | INFO | ------------------------------
2026-01-15 10:12:18,996 | INFO | ------------------------------
2026-01-15 10:12:18,996 | INFO |  File duration: 53.98639455782313 seconds
2026-01-15 10:12:24,191 | INFO | Chunk: 0 | WER=14.285714 | S=0 D=2 I=0
2026-01-15 10:12:24,192 | INFO | Chunk: 1 | WER=10.000000 | S=1 D=1 I=0
2026-01-15 10:12:24,192 | INFO | Chunk: 2 | WER=14.285714 | S=1 D=4 I=0
2026-01-15 10:12:24,193 | INFO | Chunk: 3 | WER=0.000000 | S=0 D=0 I=0
2026-01-15 10:12:24,193 | INFO | Chunk: 4 | WER=12.500000 | S=0 D=0 I=1
2026-01-15 10:12:24,193 | INFO | Chunk: 5 | WER=10.000000 | S=1 D=0 I=0
2026-01-15 10:12:24,193 | INFO | Chunk: 6 | WER=0.000000 | S=0 D=0 I=0
2026-01-15 10:12:24,193 | INFO | Chunk: 7 | WER=0.000000 | S=0 D=0 I=0
2026-01-15 10:12:24,193 | INFO | ------------------------------
2026-01-15 10:12:24,193 | INFO | ------------------------------
2026-01-15 10:12:24,197 | INFO | File: MO_F_SD17_2016_05_03_ModuleDescription_description | WER=10.679612 | S=3 D=7 I=1
2026-01-15 10:12:24,197 | INFO | ------------------------------
2026-01-15 10:12:24,197 | INFO | ------------------------------
2026-01-15 10:12:24,198 | INFO |  File duration: 178.93297052154196 seconds
2026-01-15 10:12:41,739 | INFO | Chunk: 0 | WER=46.153846 | S=4 D=1 I=1
2026-01-15 10:12:41,739 | INFO | Chunk: 1 | WER=100.000000 | S=1 D=0 I=0
2026-01-15 10:12:41,739 | INFO | Chunk: 2 | WER=5.882353 | S=1 D=0 I=0
2026-01-15 10:12:41,739 | INFO | Chunk: 3 | WER=16.666667 | S=1 D=0 I=0
2026-01-15 10:12:41,740 | INFO | Chunk: 4 | WER=0.000000 | S=0 D=0 I=0
2026-01-15 10:12:41,740 | INFO | Chunk: 5 | WER=0.000000 | S=0 D=0 I=0
2026-01-15 10:12:41,740 | INFO | Chunk: 6 | WER=100.000000 | S=4 D=0 I=0
2026-01-15 10:12:41,740 | INFO | Chunk: 7 | WER=41.666667 | S=1 D=4 I=0
2026-01-15 10:12:41,740 | INFO | Chunk: 8 | WER=40.000000 | S=2 D=3 I=1
2026-01-15 10:12:41,740 | INFO | Chunk: 9 | WER=28.571429 | S=1 D=0 I=1
2026-01-15 10:12:41,740 | INFO | Chunk: 10 | WER=100.000000 | S=1 D=2 I=0
2026-01-15 10:12:41,741 | INFO | Chunk: 11 | WER=36.363636 | S=3 D=0 I=1
2026-01-15 10:12:41,741 | INFO | Chunk: 12 | WER=0.000000 | S=0 D=0 I=0
2026-01-15 10:12:41,741 | INFO | Chunk: 13 | WER=50.000000 | S=0 D=0 I=1
2026-01-15 10:12:41,741 | INFO | Chunk: 14 | WER=150.000000 | S=1 D=0 I=2
2026-01-15 10:12:41,741 | INFO | Chunk: 15 | WER=100.000000 | S=3 D=0 I=0
2026-01-15 10:12:41,741 | INFO | Chunk: 16 | WER=400.000000 | S=1 D=0 I=3
2026-01-15 10:12:41,741 | INFO | Chunk: 17 | WER=133.333333 | S=5 D=0 I=3
2026-01-15 10:12:41,741 | INFO | Chunk: 18 | WER=66.666667 | S=2 D=0 I=0
2026-01-15 10:12:41,742 | INFO | Chunk: 19 | WER=13.333333 | S=2 D=0 I=0
2026-01-15 10:12:41,742 | INFO | Chunk: 20 | WER=50.000000 | S=0 D=0 I=1
2026-01-15 10:12:41,742 | INFO | Chunk: 21 | WER=0.000000 | S=0 D=0 I=0
2026-01-15 10:12:41,742 | INFO | Chunk: 22 | WER=0.000000 | S=0 D=0 I=0
2026-01-15 10:12:41,742 | INFO | Chunk: 23 | WER=0.000000 | S=0 D=0 I=0
2026-01-15 10:12:41,742 | INFO | Chunk: 24 | WER=200.000000 | S=1 D=0 I=1
2026-01-15 10:12:41,743 | INFO | Chunk: 25 | WER=11.111111 | S=0 D=1 I=1
2026-01-15 10:12:41,743 | INFO | Chunk: 26 | WER=0.000000 | S=0 D=0 I=0
2026-01-15 10:12:41,743 | INFO | Chunk: 27 | WER=27.272727 | S=1 D=1 I=1
2026-01-15 10:12:41,743 | INFO | Chunk: 28 | WER=25.000000 | S=0 D=2 I=1
2026-01-15 10:12:41,743 | INFO | Chunk: 29 | WER=8.333333 | S=0 D=1 I=0
2026-01-15 10:12:41,744 | INFO | Chunk: 30 | WER=32.142857 | S=0 D=9 I=0
2026-01-15 10:12:41,744 | INFO | Chunk: 31 | WER=0.000000 | S=0 D=0 I=0
2026-01-15 10:12:41,744 | INFO | Chunk: 32 | WER=100.000000 | S=2 D=2 I=0
2026-01-15 10:12:41,744 | INFO | Chunk: 33 | WER=16.666667 | S=0 D=0 I=1
2026-01-15 10:12:41,744 | INFO | Chunk: 34 | WER=33.333333 | S=0 D=4 I=0
2026-01-15 10:12:41,744 | INFO | Chunk: 35 | WER=33.333333 | S=1 D=1 I=0
2026-01-15 10:12:41,745 | INFO | Chunk: 36 | WER=25.000000 | S=1 D=0 I=0
2026-01-15 10:12:41,745 | INFO | Chunk: 37 | WER=33.333333 | S=0 D=0 I=1
2026-01-15 10:12:41,745 | INFO | Chunk: 38 | WER=100.000000 | S=1 D=0 I=0
2026-01-15 10:12:41,745 | INFO | Chunk: 39 | WER=20.000000 | S=0 D=0 I=1
2026-01-15 10:12:41,745 | INFO | ------------------------------
2026-01-15 10:12:41,745 | INFO | ------------------------------
2026-01-15 10:12:41,777 | INFO | File: MO_F_AV40_2016_06_11_ModuleDescription_description | WER=30.067568 | S=39 D=30 I=20
2026-01-15 10:12:41,777 | INFO | ------------------------------
2026-01-15 10:12:41,777 | INFO | ------------------------------
2026-01-15 10:12:41,778 | INFO |  File duration: 169.13414965986394 seconds
2026-01-15 10:12:58,691 | INFO | Chunk: 0 | WER=0.000000 | S=0 D=0 I=0
2026-01-15 10:12:58,691 | INFO | Chunk: 1 | WER=16.666667 | S=0 D=3 I=0
2026-01-15 10:12:58,692 | INFO | Chunk: 2 | WER=7.692308 | S=0 D=1 I=1
2026-01-15 10:12:58,692 | INFO | Chunk: 3 | WER=20.000000 | S=0 D=0 I=2
2026-01-15 10:12:58,692 | INFO | Chunk: 4 | WER=14.285714 | S=2 D=1 I=0
2026-01-15 10:12:58,693 | INFO | Chunk: 5 | WER=28.571429 | S=1 D=5 I=0
2026-01-15 10:12:58,693 | INFO | Chunk: 6 | WER=17.647059 | S=3 D=0 I=0
2026-01-15 10:12:58,693 | INFO | Chunk: 7 | WER=50.000000 | S=1 D=0 I=0
2026-01-15 10:12:58,693 | INFO | Chunk: 8 | WER=60.000000 | S=1 D=2 I=0
2026-01-15 10:12:58,693 | INFO | Chunk: 9 | WER=14.285714 | S=1 D=1 I=0
2026-01-15 10:12:58,694 | INFO | Chunk: 10 | WER=12.500000 | S=0 D=1 I=0
2026-01-15 10:12:58,694 | INFO | Chunk: 11 | WER=10.000000 | S=1 D=0 I=0
2026-01-15 10:12:58,694 | INFO | Chunk: 12 | WER=20.000000 | S=1 D=0 I=0
2026-01-15 10:12:58,694 | INFO | Chunk: 13 | WER=50.000000 | S=3 D=0 I=0
2026-01-15 10:12:58,694 | INFO | Chunk: 14 | WER=0.000000 | S=0 D=0 I=0
2026-01-15 10:12:58,694 | INFO | Chunk: 15 | WER=13.333333 | S=0 D=2 I=0
2026-01-15 10:12:58,695 | INFO | Chunk: 16 | WER=25.000000 | S=0 D=1 I=2
2026-01-15 10:12:58,695 | INFO | Chunk: 17 | WER=11.111111 | S=0 D=1 I=0
2026-01-15 10:12:58,695 | INFO | Chunk: 18 | WER=11.764706 | S=2 D=0 I=0
2026-01-15 10:12:58,695 | INFO | Chunk: 19 | WER=14.285714 | S=1 D=0 I=0
2026-01-15 10:12:58,695 | INFO | Chunk: 20 | WER=6.250000 | S=0 D=1 I=0
2026-01-15 10:12:58,695 | INFO | Chunk: 21 | WER=0.000000 | S=0 D=0 I=0
2026-01-15 10:12:58,696 | INFO | Chunk: 22 | WER=11.111111 | S=0 D=1 I=0
2026-01-15 10:12:58,696 | INFO | Chunk: 23 | WER=100.000000 | S=1 D=0 I=0
2026-01-15 10:12:58,696 | INFO | Chunk: 24 | WER=0.000000 | S=0 D=0 I=0
2026-01-15 10:12:58,696 | INFO | Chunk: 25 | WER=22.222222 | S=1 D=0 I=1
2026-01-15 10:12:58,696 | INFO | Chunk: 26 | WER=15.384615 | S=1 D=1 I=0
2026-01-15 10:12:58,697 | INFO | Chunk: 27 | WER=19.047619 | S=2 D=1 I=1
2026-01-15 10:12:58,697 | INFO | Chunk: 28 | WER=20.000000 | S=1 D=0 I=0
2026-01-15 10:12:58,697 | INFO | Chunk: 29 | WER=20.000000 | S=1 D=2 I=0
2026-01-15 10:12:58,697 | INFO | ------------------------------
2026-01-15 10:12:58,697 | INFO | ------------------------------
2026-01-15 10:12:58,736 | INFO | File: MO_H_AV03_2016_06_12_ModuleDescription_description | WER=15.223881 | S=24 D=22 I=5
2026-01-15 10:12:58,736 | INFO | ------------------------------
2026-01-15 10:12:58,736 | INFO | ------------------------------
2026-01-15 10:12:58,737 | INFO |  File duration: 102.16780045351474 seconds
2026-01-15 10:13:08,067 | INFO | Chunk: 0 | WER=100.000000 | S=2 D=0 I=0
2026-01-15 10:13:08,069 | INFO | Chunk: 1 | WER=60.714286 | S=2 D=49 I=0
2026-01-15 10:13:08,070 | INFO | Chunk: 2 | WER=64.705882 | S=1 D=54 I=0
2026-01-15 10:13:08,072 | INFO | Chunk: 3 | WER=45.945946 | S=14 D=18 I=2
2026-01-15 10:13:08,073 | INFO | Chunk: 4 | WER=2.702703 | S=1 D=0 I=0
2026-01-15 10:13:08,073 | INFO | Chunk: 5 | WER=66.666667 | S=0 D=0 I=2
2026-01-15 10:13:08,073 | INFO | ------------------------------
2026-01-15 10:13:08,073 | INFO | ------------------------------
2026-01-15 10:13:08,091 | INFO | File: MO_F_SD17_2016_05_02_ModuleDescription_description | WER=51.228070 | S=20 D=121 I=5
2026-01-15 10:13:08,091 | INFO | ------------------------------
2026-01-15 10:13:08,091 | INFO | ------------------------------
2026-01-15 10:13:08,092 | INFO |  File duration: 34.73705215419501 seconds
2026-01-15 10:13:11,296 | INFO | Chunk: 0 | WER=40.983607 | S=1 D=23 I=1
2026-01-15 10:13:11,297 | INFO | Chunk: 1 | WER=8.333333 | S=0 D=1 I=1
2026-01-15 10:13:11,297 | INFO | ------------------------------
2026-01-15 10:13:11,297 | INFO | ------------------------------
2026-01-15 10:13:11,299 | INFO | File: MO_F_AV29_2016_05_25_ModuleDescription_description | WER=30.588235 | S=2 D=23 I=1
2026-01-15 10:13:11,299 | INFO | ------------------------------
2026-01-15 10:13:11,299 | INFO | ------------------------------
2026-01-15 10:13:11,300 | INFO |  File duration: 25.031111111111112 seconds
2026-01-15 10:13:12,705 | INFO | Chunk: 0 | WER=67.307692 | S=5 D=30 I=0
2026-01-15 10:13:12,705 | INFO | ------------------------------
2026-01-15 10:13:12,705 | INFO | ------------------------------
2026-01-15 10:13:12,706 | INFO | File: MO_H_ER15_2016_04_08_ModuleDescription_description | WER=67.307692 | S=5 D=30 I=0
2026-01-15 10:13:12,706 | INFO | ------------------------------
2026-01-15 10:13:12,706 | INFO | ------------------------------
2026-01-15 10:13:12,706 | INFO |  File duration: 65.73569160997732 seconds
2026-01-15 10:13:19,703 | INFO | Chunk: 0 | WER=39.285714 | S=2 D=9 I=0
2026-01-15 10:13:19,703 | INFO | Chunk: 1 | WER=0.000000 | S=0 D=0 I=0
2026-01-15 10:13:19,703 | INFO | Chunk: 2 | WER=47.368421 | S=1 D=8 I=0
2026-01-15 10:13:19,703 | INFO | Chunk: 3 | WER=50.000000 | S=2 D=1 I=1
2026-01-15 10:13:19,704 | INFO | Chunk: 4 | WER=41.666667 | S=2 D=0 I=3
2026-01-15 10:13:19,704 | INFO | Chunk: 5 | WER=40.000000 | S=1 D=2 I=1
2026-01-15 10:13:19,704 | INFO | Chunk: 6 | WER=41.666667 | S=1 D=2 I=2
2026-01-15 10:13:19,704 | INFO | Chunk: 7 | WER=25.000000 | S=0 D=0 I=1
2026-01-15 10:13:19,704 | INFO | Chunk: 8 | WER=100.000000 | S=1 D=1 I=1
2026-01-15 10:13:19,704 | INFO | Chunk: 9 | WER=38.461538 | S=4 D=1 I=0
2026-01-15 10:13:19,705 | INFO | Chunk: 10 | WER=14.285714 | S=1 D=1 I=0
2026-01-15 10:13:19,705 | INFO | Chunk: 11 | WER=30.000000 | S=2 D=1 I=0
2026-01-15 10:13:19,705 | INFO | Chunk: 12 | WER=0.000000 | S=0 D=0 I=0
2026-01-15 10:13:19,705 | INFO | ------------------------------
2026-01-15 10:13:19,705 | INFO | ------------------------------
2026-01-15 10:13:19,712 | INFO | File: MO_H_SD10_2016_08_24_ModuleDescription_description | WER=34.027778 | S=20 D=23 I=6
2026-01-15 10:13:19,712 | INFO | ------------------------------
2026-01-15 10:13:19,712 | INFO | ------------------------------
2026-01-15 10:13:19,712 | INFO |  File duration: 53.661315192743764 seconds
2026-01-15 10:13:23,036 | INFO | Chunk: 0 | WER=61.764706 | S=5 D=58 I=0
2026-01-15 10:13:23,036 | INFO | Chunk: 1 | WER=82.857143 | S=2 D=56 I=0
2026-01-15 10:13:23,036 | INFO | ------------------------------
2026-01-15 10:13:23,036 | INFO | ------------------------------
2026-01-15 10:13:23,041 | INFO | File: MO_H_AV12_2016_04_15_ModuleDescription_description | WER=70.348837 | S=7 D=114 I=0
2026-01-15 10:13:23,041 | INFO | ------------------------------
2026-01-15 10:13:23,041 | INFO | ------------------------------
2026-01-15 10:13:23,041 | INFO |  File duration: 43.79283446712018 seconds
2026-01-15 10:13:28,124 | INFO | Chunk: 0 | WER=22.222222 | S=1 D=3 I=0
2026-01-15 10:13:28,124 | INFO | Chunk: 1 | WER=29.166667 | S=3 D=3 I=1
2026-01-15 10:13:28,125 | INFO | Chunk: 2 | WER=53.333333 | S=2 D=5 I=1
2026-01-15 10:13:28,125 | INFO | Chunk: 3 | WER=28.571429 | S=3 D=3 I=0
2026-01-15 10:13:28,125 | INFO | Chunk: 4 | WER=28.571429 | S=3 D=1 I=0
2026-01-15 10:13:28,125 | INFO | Chunk: 5 | WER=64.285714 | S=3 D=1 I=5
2026-01-15 10:13:28,126 | INFO | Chunk: 6 | WER=44.444444 | S=2 D=2 I=0
2026-01-15 10:13:28,126 | INFO | ------------------------------
2026-01-15 10:13:28,126 | INFO | ------------------------------
2026-01-15 10:13:28,131 | INFO | File: MO_H_SD10_2016_04_22_ModuleDescription_description | WER=29.565217 | S=15 D=15 I=4
2026-01-15 10:13:28,131 | INFO | ------------------------------
2026-01-15 10:13:28,131 | INFO | ------------------------------
2026-01-15 10:13:28,131 | INFO |  File duration: 98.98666666666666 seconds
2026-01-15 10:13:37,908 | INFO | Chunk: 0 | WER=45.000000 | S=1 D=26 I=0
2026-01-15 10:13:37,909 | INFO | Chunk: 1 | WER=60.317460 | S=1 D=36 I=1
2026-01-15 10:13:37,909 | INFO | Chunk: 2 | WER=0.000000 | S=0 D=0 I=0
2026-01-15 10:13:37,910 | INFO | Chunk: 3 | WER=35.135135 | S=8 D=5 I=0
2026-01-15 10:13:37,911 | INFO | Chunk: 4 | WER=20.512821 | S=1 D=7 I=0
2026-01-15 10:13:37,911 | INFO | Chunk: 5 | WER=2.631579 | S=0 D=1 I=0
2026-01-15 10:13:37,911 | INFO | Chunk: 6 | WER=100.000000 | S=2 D=1 I=0
2026-01-15 10:13:37,912 | INFO | ------------------------------
2026-01-15 10:13:37,912 | INFO | ------------------------------
2026-01-15 10:13:37,927 | INFO | File: MO_F_SD04_2016_08_22_ModuleDescription_description | WER=36.290323 | S=13 D=76 I=1
2026-01-15 10:13:37,927 | INFO | ------------------------------
2026-01-15 10:13:37,927 | INFO | ------------------------------
2026-01-15 10:13:37,928 | INFO |  File duration: 38.568344671201814 seconds
2026-01-15 10:13:40,648 | INFO | Chunk: 0 | WER=0.000000 | S=0 D=0 I=0
2026-01-15 10:13:40,648 | INFO | Chunk: 1 | WER=22.222222 | S=1 D=0 I=1
2026-01-15 10:13:40,648 | INFO | Chunk: 2 | WER=15.384615 | S=1 D=0 I=1
2026-01-15 10:13:40,648 | INFO | Chunk: 3 | WER=100.000000 | S=2 D=1 I=0
2026-01-15 10:13:40,648 | INFO | Chunk: 4 | WER=100.000000 | S=1 D=1 I=0
2026-01-15 10:13:40,649 | INFO | Chunk: 5 | WER=100.000000 | S=1 D=0 I=0
2026-01-15 10:13:40,649 | INFO | ------------------------------
2026-01-15 10:13:40,649 | INFO | ------------------------------
2026-01-15 10:13:40,649 | INFO | File: MO_H_ER42_2017_03_31_ModuleDescription_description | WER=27.027027 | S=7 D=1 I=2
2026-01-15 10:13:40,650 | INFO | ------------------------------
2026-01-15 10:13:40,650 | INFO | ------------------------------
2026-01-15 10:13:40,650 | INFO |  File duration: 75.30231292517007 seconds
2026-01-15 10:13:49,892 | INFO | Chunk: 0 | WER=11.111111 | S=1 D=0 I=0
2026-01-15 10:13:49,893 | INFO | Chunk: 1 | WER=0.000000 | S=0 D=0 I=0
2026-01-15 10:13:49,894 | INFO | Chunk: 2 | WER=22.222222 | S=5 D=1 I=4
2026-01-15 10:13:49,894 | INFO | Chunk: 3 | WER=0.000000 | S=0 D=0 I=0
2026-01-15 10:13:49,894 | INFO | Chunk: 4 | WER=14.285714 | S=1 D=0 I=0
2026-01-15 10:13:49,895 | INFO | Chunk: 5 | WER=5.882353 | S=1 D=0 I=0
2026-01-15 10:13:49,895 | INFO | Chunk: 6 | WER=0.000000 | S=0 D=0 I=0
2026-01-15 10:13:49,895 | INFO | Chunk: 7 | WER=0.000000 | S=0 D=0 I=0
2026-01-15 10:13:49,895 | INFO | Chunk: 8 | WER=4.347826 | S=1 D=0 I=0
2026-01-15 10:13:49,896 | INFO | Chunk: 9 | WER=22.222222 | S=0 D=0 I=2
2026-01-15 10:13:49,896 | INFO | ------------------------------
2026-01-15 10:13:49,896 | INFO | ------------------------------
2026-01-15 10:13:49,908 | INFO | File: MO_F_ER03_2016_04_05_ModuleDescription_description | WER=9.039548 | S=9 D=1 I=6
2026-01-15 10:13:49,908 | INFO | ------------------------------
2026-01-15 10:13:49,908 | INFO | ------------------------------
2026-01-15 10:13:49,908 | INFO |  File duration: 48.27428571428572 seconds
2026-01-15 10:13:53,810 | INFO | Chunk: 0 | WER=68.000000 | S=1 D=49 I=1
2026-01-15 10:13:53,810 | INFO | Chunk: 1 | WER=8.000000 | S=2 D=0 I=0
2026-01-15 10:13:53,810 | INFO | Chunk: 2 | WER=50.000000 | S=2 D=2 I=0
2026-01-15 10:13:53,811 | INFO | Chunk: 3 | WER=100.000000 | S=1 D=1 I=0
2026-01-15 10:13:53,811 | INFO | Chunk: 4 | WER=100.000000 | S=3 D=0 I=0
2026-01-15 10:13:53,811 | INFO | ------------------------------
2026-01-15 10:13:53,811 | INFO | ------------------------------
2026-01-15 10:13:53,814 | INFO | File: MO_H_ER07_2016_04_06_ModuleDescription_description | WER=54.867257 | S=9 D=52 I=1
2026-01-15 10:13:53,814 | INFO | ------------------------------
2026-01-15 10:13:53,814 | INFO | ------------------------------
2026-01-15 10:13:53,814 | INFO |  File duration: 44.535873015873015 seconds
2026-01-15 10:13:57,197 | INFO | Chunk: 1 | WER=16.000000 | S=0 D=2 I=2
2026-01-15 10:13:57,200 | INFO | Chunk: 2 | WER=75.000000 | S=1 D=68 I=0
2026-01-15 10:13:57,201 | INFO | Chunk: 3 | WER=11.111111 | S=0 D=0 I=1
2026-01-15 10:13:57,201 | INFO | ------------------------------
2026-01-15 10:13:57,201 | INFO | ------------------------------
2026-01-15 10:13:57,205 | INFO | File: MO_F_SD20_2016_05_02_ModuleDescription_description | WER=59.523810 | S=1 D=70 I=4
2026-01-15 10:13:57,205 | INFO | ------------------------------
2026-01-15 10:13:57,205 | INFO | ------------------------------
2026-01-15 10:13:57,205 | INFO |  File duration: 84.12589569160998 seconds
2026-01-15 10:14:05,230 | INFO | Chunk: 0 | WER=20.000000 | S=1 D=0 I=0
2026-01-15 10:14:05,231 | INFO | Chunk: 1 | WER=21.052632 | S=1 D=3 I=0
2026-01-15 10:14:05,231 | INFO | Chunk: 2 | WER=27.777778 | S=1 D=3 I=1
2026-01-15 10:14:05,231 | INFO | Chunk: 3 | WER=0.000000 | S=0 D=0 I=0
2026-01-15 10:14:05,232 | INFO | Chunk: 4 | WER=41.791045 | S=3 D=24 I=1
2026-01-15 10:14:05,233 | INFO | Chunk: 5 | WER=7.692308 | S=1 D=0 I=0
2026-01-15 10:14:05,233 | INFO | Chunk: 6 | WER=16.666667 | S=2 D=2 I=0
2026-01-15 10:14:05,233 | INFO | Chunk: 7 | WER=33.333333 | S=0 D=0 I=2
2026-01-15 10:14:05,234 | INFO | Chunk: 8 | WER=8.333333 | S=0 D=2 I=0
2026-01-15 10:14:05,234 | INFO | ------------------------------
2026-01-15 10:14:05,234 | INFO | ------------------------------
2026-01-15 10:14:05,244 | INFO | File: MO_F_AV08_2016_04_13_ModuleDescription_description | WER=25.405405 | S=9 D=34 I=4
2026-01-15 10:14:05,245 | INFO | ------------------------------
2026-01-15 10:14:05,245 | INFO | ------------------------------
2026-01-15 10:14:05,245 | INFO |  File duration: 74.97723356009071 seconds
2026-01-15 10:14:10,443 | INFO | Chunk: 0 | WER=74.117647 | S=1 D=62 I=0
2026-01-15 10:14:10,444 | INFO | Chunk: 1 | WER=41.379310 | S=0 D=24 I=0
2026-01-15 10:14:10,445 | INFO | Chunk: 2 | WER=65.432099 | S=7 D=46 I=0
2026-01-15 10:14:10,445 | INFO | ------------------------------
2026-01-15 10:14:10,445 | INFO | ------------------------------
2026-01-15 10:14:10,453 | INFO | File: MO_H_SD26_2016_05_13_ModuleDescription_description | WER=62.500000 | S=8 D=132 I=0
2026-01-15 10:14:10,453 | INFO | ------------------------------
2026-01-15 10:14:10,453 | INFO | ------------------------------
2026-01-15 10:14:10,454 | INFO | ===================== GLOBAL WER ======================
2026-01-15 10:14:10,454 | INFO | WER: 34.44%
2026-01-15 10:14:10,454 | INFO | =============================================================
