2026-01-16 08:16:41,254 | INFO | Fetch hyperparams.yaml: Using file found at '/vol/experiments3/imbenamor/TAPAS-FRAIS/models/asr-whisper-medium-commonvoice-fr/hyperparams.yaml'
2026-01-16 08:16:41,254 | DEBUG | Fetch: Source and destination '/vol/experiments3/imbenamor/TAPAS-FRAIS/models/asr-whisper-medium-commonvoice-fr/custom.py' are identical, returning assuming this is intended
2026-01-16 08:16:43,659 | WARNING | speechbrain.lobes.models.huggingface_transformers.huggingface - WhisperModel is frozen.
2026-01-16 08:16:43,659 | WARNING | speechbrain.lobes.models.huggingface_transformers.whisper - whisper encoder-decoder is frozen.
2026-01-16 08:16:43,783 | DEBUG | Collecting files (or symlinks) for pretraining in /vol/experiments3/imbenamor/TAPAS-FRAIS/models/asr-whisper-medium-commonvoice-fr.
2026-01-16 08:16:43,783 | INFO | Fetch whisper.ckpt: Using file found at '/vol/experiments3/imbenamor/TAPAS-FRAIS/models/asr-whisper-medium-commonvoice-fr/whisper.ckpt'
2026-01-16 08:16:43,783 | DEBUG | Set local path in self.paths["whisper"] = /vol/experiments3/imbenamor/TAPAS-FRAIS/models/asr-whisper-medium-commonvoice-fr/whisper.ckpt
2026-01-16 08:16:43,783 | INFO | Loading pretrained files for: whisper
2026-01-16 08:16:43,783 | DEBUG | Redirecting (loading from local path): whisper -> /vol/experiments3/imbenamor/TAPAS-FRAIS/models/asr-whisper-medium-commonvoice-fr/whisper.ckpt
2026-01-16 08:16:49,080 | INFO |  File duration: 68.39650793650793 seconds
2026-01-16 08:16:57,849 | INFO | Chunk: 0 | WER=43.750000 | S=0 D=14 I=0
2026-01-16 08:16:57,849 | INFO | Chunk: 1 | WER=33.333333 | S=3 D=0 I=0
2026-01-16 08:16:57,850 | INFO | Chunk: 2 | WER=0.000000 | S=0 D=0 I=0
2026-01-16 08:16:57,850 | INFO | Chunk: 3 | WER=0.000000 | S=0 D=0 I=0
2026-01-16 08:16:57,850 | INFO | Chunk: 4 | WER=0.000000 | S=0 D=0 I=0
2026-01-16 08:16:57,852 | INFO | Chunk: 5 | WER=47.457627 | S=2 D=26 I=0
2026-01-16 08:16:57,852 | INFO | Chunk: 6 | WER=6.666667 | S=1 D=0 I=0
2026-01-16 08:16:57,852 | INFO | Chunk: 7 | WER=28.571429 | S=1 D=3 I=0
2026-01-16 08:16:57,852 | INFO | ------------------------------
2026-01-16 08:16:57,852 | INFO | ------------------------------
2026-01-16 08:16:57,862 | INFO | File: /vol/corpora/TAPAS_FRAIS/Data_partagees_ParisTypaloc-TapasFrais/12-CTRL/AEX-CAB000-02_L01.wav | WER=28.248588 | S=7 D=43 I=0
2026-01-16 08:16:57,862 | INFO | ------------------------------
2026-01-16 08:16:57,862 | INFO | ------------------------------
2026-01-16 08:16:57,862 | INFO |  File duration: 71.22968253968254 seconds
2026-01-16 08:17:06,991 | INFO | Chunk: 0 | WER=0.000000 | S=0 D=0 I=0
2026-01-16 08:17:06,991 | INFO | Chunk: 1 | WER=60.000000 | S=3 D=0 I=3
2026-01-16 08:17:06,992 | INFO | Chunk: 2 | WER=250.000000 | S=2 D=0 I=3
2026-01-16 08:17:06,992 | INFO | Chunk: 3 | WER=33.333333 | S=2 D=0 I=0
2026-01-16 08:17:06,992 | INFO | Chunk: 4 | WER=22.222222 | S=2 D=0 I=0
2026-01-16 08:17:06,992 | INFO | Chunk: 5 | WER=0.000000 | S=0 D=0 I=0
2026-01-16 08:17:06,993 | INFO | Chunk: 6 | WER=7.692308 | S=1 D=0 I=0
2026-01-16 08:17:06,993 | INFO | Chunk: 7 | WER=11.111111 | S=0 D=2 I=0
2026-01-16 08:17:06,993 | INFO | Chunk: 8 | WER=0.000000 | S=0 D=0 I=0
2026-01-16 08:17:06,993 | INFO | Chunk: 9 | WER=20.000000 | S=2 D=0 I=0
2026-01-16 08:17:06,994 | INFO | Chunk: 10 | WER=18.181818 | S=2 D=0 I=0
2026-01-16 08:17:06,994 | INFO | Chunk: 11 | WER=35.000000 | S=1 D=6 I=0
2026-01-16 08:17:06,994 | INFO | Chunk: 12 | WER=100.000000 | S=1 D=1 I=0
2026-01-16 08:17:06,994 | INFO | Chunk: 13 | WER=22.222222 | S=1 D=0 I=1
2026-01-16 08:17:06,995 | INFO | Chunk: 14 | WER=4.761905 | S=1 D=0 I=0
2026-01-16 08:17:06,995 | INFO | Chunk: 15 | WER=12.500000 | S=1 D=0 I=0
2026-01-16 08:17:06,995 | INFO | ------------------------------
2026-01-16 08:17:06,995 | INFO | ------------------------------
2026-01-16 08:17:07,008 | INFO | File: /vol/corpora/TAPAS_FRAIS/Data_partagees_ParisTypaloc-TapasFrais/12-CTRL/AEX-CAC000-02_L01.wav | WER=17.647059 | S=17 D=9 I=7
2026-01-16 08:17:07,008 | INFO | ------------------------------
2026-01-16 08:17:07,008 | INFO | ------------------------------
2026-01-16 08:17:07,009 | INFO |  File duration: 70.09696145124717 seconds
2026-01-16 08:17:15,151 | INFO | Chunk: 0 | WER=0.000000 | S=0 D=0 I=0
2026-01-16 08:17:15,152 | INFO | Chunk: 1 | WER=14.285714 | S=2 D=0 I=0
2026-01-16 08:17:15,152 | INFO | Chunk: 2 | WER=22.222222 | S=2 D=0 I=0
2026-01-16 08:17:15,152 | INFO | Chunk: 3 | WER=0.000000 | S=0 D=0 I=0
2026-01-16 08:17:15,153 | INFO | Chunk: 4 | WER=0.000000 | S=0 D=0 I=0
2026-01-16 08:17:15,153 | INFO | Chunk: 5 | WER=18.181818 | S=0 D=2 I=0
2026-01-16 08:17:15,153 | INFO | Chunk: 6 | WER=0.000000 | S=0 D=0 I=0
2026-01-16 08:17:15,154 | INFO | Chunk: 7 | WER=13.043478 | S=3 D=0 I=0
2026-01-16 08:17:15,154 | INFO | Chunk: 8 | WER=9.090909 | S=1 D=0 I=0
2026-01-16 08:17:15,154 | INFO | Chunk: 9 | WER=56.250000 | S=7 D=2 I=0
2026-01-16 08:17:15,154 | INFO | Chunk: 10 | WER=0.000000 | S=0 D=0 I=0
2026-01-16 08:17:15,155 | INFO | Chunk: 11 | WER=26.666667 | S=5 D=3 I=0
2026-01-16 08:17:15,155 | INFO | ------------------------------
2026-01-16 08:17:15,155 | INFO | ------------------------------
2026-01-16 08:17:15,167 | INFO | File: /vol/corpora/TAPAS_FRAIS/Data_partagees_ParisTypaloc-TapasFrais/12-CTRL/AEX-CAG000-01_L01.wav | WER=15.168539 | S=20 D=7 I=0
2026-01-16 08:17:15,167 | INFO | ------------------------------
2026-01-16 08:17:15,167 | INFO | ------------------------------
2026-01-16 08:17:15,167 | INFO |  File duration: 75.73018140589569 seconds
2026-01-16 08:17:24,762 | INFO | Chunk: 0 | WER=0.000000 | S=0 D=0 I=0
2026-01-16 08:17:24,762 | INFO | Chunk: 1 | WER=280.000000 | S=5 D=0 I=9
2026-01-16 08:17:24,763 | INFO | Chunk: 2 | WER=17.391304 | S=4 D=0 I=0
2026-01-16 08:17:24,763 | INFO | Chunk: 3 | WER=5.882353 | S=1 D=0 I=0
2026-01-16 08:17:24,763 | INFO | Chunk: 4 | WER=66.666667 | S=3 D=0 I=3
2026-01-16 08:17:24,764 | INFO | Chunk: 5 | WER=0.000000 | S=0 D=0 I=0
2026-01-16 08:17:24,764 | INFO | Chunk: 6 | WER=9.090909 | S=1 D=0 I=0
2026-01-16 08:17:24,764 | INFO | Chunk: 7 | WER=0.000000 | S=0 D=0 I=0
2026-01-16 08:17:24,764 | INFO | Chunk: 8 | WER=8.695652 | S=2 D=0 I=0
2026-01-16 08:17:24,765 | INFO | Chunk: 9 | WER=12.000000 | S=2 D=0 I=1
2026-01-16 08:17:24,765 | INFO | Chunk: 10 | WER=27.272727 | S=2 D=1 I=0
2026-01-16 08:17:24,766 | INFO | Chunk: 11 | WER=0.000000 | S=0 D=0 I=0
2026-01-16 08:17:24,766 | INFO | Chunk: 12 | WER=13.333333 | S=2 D=0 I=0
2026-01-16 08:17:24,766 | INFO | Chunk: 13 | WER=28.571429 | S=1 D=1 I=0
2026-01-16 08:17:24,766 | INFO | ------------------------------
2026-01-16 08:17:24,766 | INFO | ------------------------------
2026-01-16 08:17:24,780 | INFO | File: /vol/corpora/TAPAS_FRAIS/Data_partagees_ParisTypaloc-TapasFrais/12-CTRL/AEX-CLJ000-02_L01.wav | WER=20.540541 | S=23 D=2 I=13
2026-01-16 08:17:24,780 | INFO | ------------------------------
2026-01-16 08:17:24,780 | INFO | ------------------------------
2026-01-16 08:17:24,780 | INFO |  File duration: 58.55369614512472 seconds
2026-01-16 08:17:31,204 | INFO | Chunk: 0 | WER=43.750000 | S=0 D=14 I=0
2026-01-16 08:17:31,204 | INFO | Chunk: 1 | WER=33.333333 | S=3 D=0 I=0
2026-01-16 08:17:31,205 | INFO | Chunk: 2 | WER=6.250000 | S=1 D=2 I=0
2026-01-16 08:17:31,207 | INFO | Chunk: 3 | WER=37.288136 | S=1 D=21 I=0
2026-01-16 08:17:31,208 | INFO | Chunk: 4 | WER=6.666667 | S=1 D=1 I=0
2026-01-16 08:17:31,208 | INFO | ------------------------------
2026-01-16 08:17:31,208 | INFO | ------------------------------
2026-01-16 08:17:31,217 | INFO | File: /vol/corpora/TAPAS_FRAIS/Data_partagees_ParisTypaloc-TapasFrais/12-CTRL/AEX-CML000-01_L01.wav | WER=24.719101 | S=6 D=38 I=0
2026-01-16 08:17:31,217 | INFO | ------------------------------
2026-01-16 08:17:31,217 | INFO | ------------------------------
2026-01-16 08:17:31,217 | INFO |  File duration: 76.21907029478459 seconds
2026-01-16 08:17:39,621 | INFO | Chunk: 0 | WER=5.555556 | S=1 D=0 I=0
2026-01-16 08:17:39,621 | INFO | Chunk: 1 | WER=14.285714 | S=2 D=0 I=0
2026-01-16 08:17:39,622 | INFO | Chunk: 2 | WER=22.222222 | S=2 D=0 I=0
2026-01-16 08:17:39,622 | INFO | Chunk: 3 | WER=0.000000 | S=0 D=0 I=0
2026-01-16 08:17:39,622 | INFO | Chunk: 4 | WER=50.000000 | S=1 D=11 I=0
2026-01-16 08:17:39,623 | INFO | Chunk: 5 | WER=0.000000 | S=0 D=0 I=0
2026-01-16 08:17:39,623 | INFO | Chunk: 6 | WER=15.384615 | S=2 D=0 I=0
2026-01-16 08:17:39,623 | INFO | Chunk: 7 | WER=20.000000 | S=2 D=0 I=0
2026-01-16 08:17:39,623 | INFO | Chunk: 8 | WER=18.181818 | S=2 D=0 I=0
2026-01-16 08:17:39,624 | INFO | Chunk: 9 | WER=14.285714 | S=2 D=0 I=0
2026-01-16 08:17:39,624 | INFO | Chunk: 10 | WER=50.000000 | S=1 D=0 I=0
2026-01-16 08:17:39,624 | INFO | Chunk: 11 | WER=0.000000 | S=0 D=0 I=0
2026-01-16 08:17:39,625 | INFO | Chunk: 12 | WER=29.411765 | S=2 D=3 I=0
2026-01-16 08:17:39,625 | INFO | Chunk: 13 | WER=100.000000 | S=2 D=1 I=0
2026-01-16 08:17:39,625 | INFO | Chunk: 14 | WER=20.000000 | S=0 D=1 I=0
2026-01-16 08:17:39,625 | INFO | ------------------------------
2026-01-16 08:17:39,625 | INFO | ------------------------------
2026-01-16 08:17:39,637 | INFO | File: /vol/corpora/TAPAS_FRAIS/Data_partagees_ParisTypaloc-TapasFrais/12-CTRL/AEX-CSR000-01_L01.wav | WER=19.444444 | S=19 D=16 I=0
2026-01-16 08:17:39,637 | INFO | ------------------------------
2026-01-16 08:17:39,637 | INFO | ------------------------------
2026-01-16 08:17:39,637 | INFO |  File duration: 86.34117913832199 seconds
2026-01-16 08:17:48,613 | INFO | Chunk: 0 | WER=100.000000 | S=2 D=0 I=0
2026-01-16 08:17:48,614 | INFO | Chunk: 1 | WER=0.000000 | S=0 D=0 I=0
2026-01-16 08:17:48,614 | INFO | Chunk: 2 | WER=0.000000 | S=0 D=0 I=0
2026-01-16 08:17:48,614 | INFO | Chunk: 3 | WER=0.000000 | S=0 D=0 I=0
2026-01-16 08:17:48,615 | INFO | Chunk: 4 | WER=33.333333 | S=3 D=0 I=0
2026-01-16 08:17:48,615 | INFO | Chunk: 5 | WER=0.000000 | S=0 D=0 I=0
2026-01-16 08:17:48,615 | INFO | Chunk: 6 | WER=0.000000 | S=0 D=0 I=0
2026-01-16 08:17:48,615 | INFO | Chunk: 7 | WER=0.000000 | S=0 D=0 I=0
2026-01-16 08:17:48,615 | INFO | Chunk: 8 | WER=0.000000 | S=0 D=0 I=0
2026-01-16 08:17:48,616 | INFO | Chunk: 9 | WER=0.000000 | S=0 D=0 I=0
2026-01-16 08:17:48,616 | INFO | Chunk: 10 | WER=0.000000 | S=0 D=0 I=0
2026-01-16 08:17:48,616 | INFO | Chunk: 11 | WER=20.000000 | S=2 D=0 I=0
2026-01-16 08:17:48,616 | INFO | Chunk: 12 | WER=18.181818 | S=2 D=0 I=0
2026-01-16 08:17:48,617 | INFO | Chunk: 13 | WER=0.000000 | S=0 D=0 I=0
2026-01-16 08:17:48,617 | INFO | Chunk: 14 | WER=50.000000 | S=1 D=0 I=0
2026-01-16 08:17:48,617 | INFO | Chunk: 15 | WER=0.000000 | S=0 D=0 I=0
2026-01-16 08:17:48,617 | INFO | Chunk: 16 | WER=11.111111 | S=1 D=0 I=0
2026-01-16 08:17:48,618 | INFO | Chunk: 17 | WER=0.000000 | S=0 D=0 I=0
2026-01-16 08:17:48,618 | INFO | Chunk: 18 | WER=0.000000 | S=0 D=0 I=0
2026-01-16 08:17:48,618 | INFO | Chunk: 19 | WER=0.000000 | S=0 D=0 I=0
2026-01-16 08:17:48,618 | INFO | Chunk: 20 | WER=20.000000 | S=0 D=1 I=0
2026-01-16 08:17:48,618 | INFO | ------------------------------
2026-01-16 08:17:48,618 | INFO | ------------------------------
2026-01-16 08:17:48,630 | INFO | File: /vol/corpora/TAPAS_FRAIS/Data_partagees_ParisTypaloc-TapasFrais/12-CTRL/BEX-CDB000-01_L01.wav | WER=6.779661 | S=11 D=1 I=0
2026-01-16 08:17:48,630 | INFO | ------------------------------
2026-01-16 08:17:48,630 | INFO | ------------------------------
2026-01-16 08:17:48,631 | INFO |  File duration: 72.99619047619048 seconds
2026-01-16 08:17:57,053 | INFO | Chunk: 0 | WER=100.000000 | S=2 D=0 I=0
2026-01-16 08:17:57,054 | INFO | Chunk: 1 | WER=0.000000 | S=0 D=0 I=0
2026-01-16 08:17:57,054 | INFO | Chunk: 2 | WER=17.391304 | S=4 D=0 I=0
2026-01-16 08:17:57,055 | INFO | Chunk: 3 | WER=3.333333 | S=1 D=0 I=0
2026-01-16 08:17:57,055 | INFO | Chunk: 4 | WER=45.454545 | S=3 D=0 I=2
2026-01-16 08:17:57,056 | INFO | Chunk: 5 | WER=0.000000 | S=0 D=0 I=0
2026-01-16 08:17:57,056 | INFO | Chunk: 6 | WER=33.333333 | S=8 D=3 I=1
2026-01-16 08:17:57,057 | INFO | Chunk: 7 | WER=20.000000 | S=3 D=2 I=0
2026-01-16 08:17:57,058 | INFO | Chunk: 8 | WER=10.000000 | S=2 D=1 I=0
2026-01-16 08:17:57,058 | INFO | ------------------------------
2026-01-16 08:17:57,058 | INFO | ------------------------------
2026-01-16 08:17:57,070 | INFO | File: /vol/corpora/TAPAS_FRAIS/Data_partagees_ParisTypaloc-TapasFrais/12-CTRL/BEX-CEB000-01_L01.wav | WER=17.582418 | S=23 D=6 I=3
2026-01-16 08:17:57,070 | INFO | ------------------------------
2026-01-16 08:17:57,070 | INFO | ------------------------------
2026-01-16 08:17:57,070 | INFO |  File duration: 60.74340136054422 seconds
2026-01-16 08:18:03,273 | INFO | Chunk: 0 | WER=57.303371 | S=25 D=26 I=0
2026-01-16 08:18:03,274 | INFO | Chunk: 1 | WER=2.941176 | S=1 D=0 I=0
2026-01-16 08:18:03,276 | INFO | Chunk: 2 | WER=48.148148 | S=4 D=22 I=0
2026-01-16 08:18:03,276 | INFO | ------------------------------
2026-01-16 08:18:03,276 | INFO | ------------------------------
2026-01-16 08:18:03,286 | INFO | File: /vol/corpora/TAPAS_FRAIS/Data_partagees_ParisTypaloc-TapasFrais/12-CTRL/BEX-CHE000-01_L01.wav | WER=44.067797 | S=30 D=48 I=0
2026-01-16 08:18:03,286 | INFO | ------------------------------
2026-01-16 08:18:03,286 | INFO | ------------------------------
2026-01-16 08:18:03,286 | INFO |  File duration: 77.60358276643991 seconds
2026-01-16 08:18:12,074 | INFO | Chunk: 0 | WER=100.000000 | S=2 D=0 I=0
2026-01-16 08:18:12,074 | INFO | Chunk: 1 | WER=0.000000 | S=0 D=0 I=0
2026-01-16 08:18:12,075 | INFO | Chunk: 2 | WER=14.285714 | S=2 D=0 I=0
2026-01-16 08:18:12,075 | INFO | Chunk: 3 | WER=33.333333 | S=3 D=0 I=0
2026-01-16 08:18:12,075 | INFO | Chunk: 4 | WER=0.000000 | S=0 D=0 I=0
2026-01-16 08:18:12,076 | INFO | Chunk: 5 | WER=0.000000 | S=0 D=0 I=0
2026-01-16 08:18:12,076 | INFO | Chunk: 6 | WER=11.111111 | S=0 D=2 I=0
2026-01-16 08:18:12,076 | INFO | Chunk: 7 | WER=0.000000 | S=0 D=0 I=0
2026-01-16 08:18:12,076 | INFO | Chunk: 8 | WER=20.000000 | S=2 D=0 I=0
2026-01-16 08:18:12,077 | INFO | Chunk: 9 | WER=8.000000 | S=2 D=0 I=0
2026-01-16 08:18:12,077 | INFO | Chunk: 10 | WER=100.000000 | S=1 D=1 I=0
2026-01-16 08:18:12,077 | INFO | Chunk: 11 | WER=22.222222 | S=2 D=0 I=0
2026-01-16 08:18:12,078 | INFO | Chunk: 12 | WER=19.047619 | S=3 D=1 I=0
2026-01-16 08:18:12,078 | INFO | Chunk: 13 | WER=12.500000 | S=1 D=0 I=0
2026-01-16 08:18:12,078 | INFO | ------------------------------
2026-01-16 08:18:12,078 | INFO | ------------------------------
2026-01-16 08:18:12,090 | INFO | File: /vol/corpora/TAPAS_FRAIS/Data_partagees_ParisTypaloc-TapasFrais/12-CTRL/BEX-CKN000-01_L01.wav | WER=12.290503 | S=18 D=4 I=0
2026-01-16 08:18:12,090 | INFO | ------------------------------
2026-01-16 08:18:12,090 | INFO | ------------------------------
2026-01-16 08:18:12,091 | INFO |  File duration: 80.38402083333334 seconds
2026-01-16 08:18:22,306 | INFO | Chunk: 0 | WER=10.000000 | S=2 D=0 I=0
2026-01-16 08:18:22,306 | INFO | Chunk: 1 | WER=21.428571 | S=3 D=0 I=0
2026-01-16 08:18:22,306 | INFO | Chunk: 2 | WER=33.333333 | S=3 D=0 I=0
2026-01-16 08:18:22,307 | INFO | Chunk: 3 | WER=10.526316 | S=2 D=2 I=0
2026-01-16 08:18:22,308 | INFO | Chunk: 4 | WER=30.000000 | S=0 D=3 I=0
2026-01-16 08:18:22,308 | INFO | Chunk: 5 | WER=4.347826 | S=1 D=0 I=0
2026-01-16 08:18:22,309 | INFO | Chunk: 6 | WER=7.407407 | S=1 D=1 I=0
2026-01-16 08:18:22,309 | INFO | Chunk: 7 | WER=9.523810 | S=2 D=0 I=0
2026-01-16 08:18:22,309 | INFO | Chunk: 8 | WER=0.000000 | S=0 D=0 I=0
2026-01-16 08:18:22,310 | INFO | Chunk: 9 | WER=28.571429 | S=0 D=4 I=0
2026-01-16 08:18:22,310 | INFO | ------------------------------
2026-01-16 08:18:22,310 | INFO | ------------------------------
2026-01-16 08:18:22,322 | INFO | File: /vol/corpora/TAPAS_FRAIS/Data_partagees_ParisTypaloc-TapasFrais/12-CTRL/BEX-CMB000-01_L01.wav | WER=13.186813 | S=14 D=10 I=0
2026-01-16 08:18:22,322 | INFO | ------------------------------
2026-01-16 08:18:22,322 | INFO | ------------------------------
2026-01-16 08:18:22,322 | INFO |  File duration: 77.83328798185941 seconds
2026-01-16 08:18:30,939 | INFO | Chunk: 0 | WER=100.000000 | S=2 D=0 I=0
2026-01-16 08:18:30,939 | INFO | Chunk: 1 | WER=0.000000 | S=0 D=0 I=0
2026-01-16 08:18:30,939 | INFO | Chunk: 2 | WER=21.428571 | S=3 D=0 I=0
2026-01-16 08:18:30,940 | INFO | Chunk: 3 | WER=33.333333 | S=3 D=0 I=0
2026-01-16 08:18:30,940 | INFO | Chunk: 4 | WER=11.764706 | S=1 D=1 I=0
2026-01-16 08:18:30,940 | INFO | Chunk: 5 | WER=0.000000 | S=0 D=0 I=0
2026-01-16 08:18:30,941 | INFO | Chunk: 6 | WER=22.222222 | S=1 D=3 I=0
2026-01-16 08:18:30,941 | INFO | Chunk: 7 | WER=5.882353 | S=2 D=0 I=0
2026-01-16 08:18:30,942 | INFO | Chunk: 8 | WER=14.285714 | S=1 D=1 I=0
2026-01-16 08:18:30,942 | INFO | Chunk: 9 | WER=100.000000 | S=1 D=1 I=0
2026-01-16 08:18:30,942 | INFO | Chunk: 10 | WER=38.461538 | S=0 D=4 I=1
2026-01-16 08:18:30,943 | INFO | Chunk: 11 | WER=14.285714 | S=2 D=1 I=0
2026-01-16 08:18:30,943 | INFO | Chunk: 12 | WER=12.500000 | S=1 D=0 I=0
2026-01-16 08:18:30,943 | INFO | ------------------------------
2026-01-16 08:18:30,943 | INFO | ------------------------------
2026-01-16 08:18:30,955 | INFO | File: /vol/corpora/TAPAS_FRAIS/Data_partagees_ParisTypaloc-TapasFrais/12-CTRL/BEX-CNKN00-01_L01.wav | WER=15.846995 | S=17 D=11 I=1
2026-01-16 08:18:30,955 | INFO | ------------------------------
2026-01-16 08:18:30,955 | INFO | ------------------------------
2026-01-16 08:18:30,955 | INFO | ===================== GLOBAL WER ======================
2026-01-16 08:18:30,955 | INFO | WER: 19.63%
2026-01-16 08:18:30,956 | INFO | =============================================================
