2026-01-15 11:50:38,101 | INFO | Fetch hyperparams.yaml: Using file found at '/vol/experiments3/imbenamor/TAPAS-FRAIS/models/asr-whisper-medium-commonvoice-fr/hyperparams.yaml'
2026-01-15 11:50:38,101 | DEBUG | Fetch: Source and destination '/vol/experiments3/imbenamor/TAPAS-FRAIS/models/asr-whisper-medium-commonvoice-fr/custom.py' are identical, returning assuming this is intended
2026-01-15 11:50:40,317 | WARNING | speechbrain.lobes.models.huggingface_transformers.huggingface - WhisperModel is frozen.
2026-01-15 11:50:40,317 | WARNING | speechbrain.lobes.models.huggingface_transformers.whisper - whisper encoder-decoder is frozen.
2026-01-15 11:50:40,432 | DEBUG | Collecting files (or symlinks) for pretraining in /vol/experiments3/imbenamor/TAPAS-FRAIS/models/asr-whisper-medium-commonvoice-fr.
2026-01-15 11:50:40,432 | INFO | Fetch whisper.ckpt: Using file found at '/vol/experiments3/imbenamor/TAPAS-FRAIS/models/asr-whisper-medium-commonvoice-fr/whisper.ckpt'
2026-01-15 11:50:40,432 | DEBUG | Set local path in self.paths["whisper"] = /vol/experiments3/imbenamor/TAPAS-FRAIS/models/asr-whisper-medium-commonvoice-fr/whisper.ckpt
2026-01-15 11:50:40,432 | INFO | Loading pretrained files for: whisper
2026-01-15 11:50:40,432 | DEBUG | Redirecting (loading from local path): whisper -> /vol/experiments3/imbenamor/TAPAS-FRAIS/models/asr-whisper-medium-commonvoice-fr/whisper.ckpt
2026-01-15 11:50:45,073 | INFO |  File duration: 34.764375 seconds
2026-01-15 11:50:49,313 | INFO | Chunk: 0 | WER=69.736842 | S=4 D=48 I=1
2026-01-15 11:50:49,313 | INFO | Chunk: 1 | WER=21.428571 | S=1 D=1 I=1
2026-01-15 11:50:49,314 | INFO | Chunk: 2 | WER=37.500000 | S=0 D=3 I=0
2026-01-15 11:50:49,314 | INFO | Chunk: 3 | WER=0.000000 | S=1 D=0 I=0
2026-01-15 11:50:49,314 | INFO | Chunk: 4 | WER=20.000000 | S=0 D=0 I=1
2026-01-15 11:50:49,314 | INFO | ------------------------------
2026-01-15 11:50:49,314 | INFO | ------------------------------
2026-01-15 11:50:49,316 | INFO | File: Rhap-D0020-Pro | WER=57.281553 | S=5 D=51 I=3
2026-01-15 11:50:49,316 | INFO | ------------------------------
2026-01-15 11:50:49,316 | INFO | ------------------------------
2026-01-15 11:50:49,338 | INFO |  File duration: 277.5525 seconds
2026-01-15 11:51:09,601 | INFO | Chunk: 0 | WER=86.956522 | S=3 D=77 I=0
2026-01-15 11:51:09,603 | INFO | Chunk: 1 | WER=48.529412 | S=5 D=28 I=0
2026-01-15 11:51:09,603 | INFO | Chunk: 2 | WER=0.000000 | S=0 D=0 I=0
2026-01-15 11:51:09,603 | INFO | Chunk: 3 | WER=11.764706 | S=2 D=0 I=0
2026-01-15 11:51:09,603 | INFO | Chunk: 4 | WER=87.500000 | S=5 D=2 I=0
2026-01-15 11:51:09,603 | INFO | Chunk: 5 | WER=0.000000 | S=1 D=0 I=0
2026-01-15 11:51:09,605 | INFO | Chunk: 6 | WER=57.471264 | S=5 D=45 I=0
2026-01-15 11:51:09,607 | INFO | Chunk: 7 | WER=89.719626 | S=13 D=83 I=0
2026-01-15 11:51:09,607 | INFO | Chunk: 8 | WER=50.000000 | S=0 D=6 I=0
2026-01-15 11:51:09,608 | INFO | Chunk: 9 | WER=62.068966 | S=4 D=32 I=0
2026-01-15 11:51:09,609 | INFO | Chunk: 10 | WER=70.769231 | S=3 D=43 I=0
2026-01-15 11:51:09,611 | INFO | Chunk: 11 | WER=64.367816 | S=9 D=47 I=0
2026-01-15 11:51:09,611 | INFO | Chunk: 12 | WER=44.444444 | S=4 D=0 I=0
2026-01-15 11:51:09,611 | INFO | Chunk: 13 | WER=70.731707 | S=0 D=29 I=0
2026-01-15 11:51:09,612 | INFO | Chunk: 14 | WER=27.272727 | S=3 D=0 I=0
2026-01-15 11:51:09,612 | INFO | Chunk: 15 | WER=65.625000 | S=6 D=15 I=0
2026-01-15 11:51:09,612 | INFO | Chunk: 16 | WER=43.750000 | S=2 D=3 I=2
2026-01-15 11:51:09,613 | INFO | Chunk: 17 | WER=37.500000 | S=6 D=9 I=0
2026-01-15 11:51:09,613 | INFO | Chunk: 18 | WER=41.666667 | S=2 D=3 I=0
2026-01-15 11:51:09,614 | INFO | Chunk: 19 | WER=61.764706 | S=5 D=16 I=0
2026-01-15 11:51:09,616 | INFO | Chunk: 20 | WER=63.541667 | S=4 D=55 I=2
2026-01-15 11:51:09,616 | INFO | ------------------------------
2026-01-15 11:51:09,616 | INFO | ------------------------------
2026-01-15 11:51:09,768 | INFO | File: Rhap-D2002-Pro | WER=63.756906 | S=81 D=492 I=4
2026-01-15 11:51:09,769 | INFO | ------------------------------
2026-01-15 11:51:09,769 | INFO | ------------------------------
2026-01-15 11:51:09,773 | INFO |  File duration: 62.5210625 seconds
2026-01-15 11:51:14,714 | INFO | Chunk: 0 | WER=58.163265 | S=11 D=46 I=0
2026-01-15 11:51:14,715 | INFO | Chunk: 1 | WER=72.941176 | S=9 D=53 I=0
2026-01-15 11:51:14,716 | INFO | Chunk: 2 | WER=64.000000 | S=3 D=7 I=6
2026-01-15 11:51:14,716 | INFO | ------------------------------
2026-01-15 11:51:14,716 | INFO | ------------------------------
2026-01-15 11:51:14,725 | INFO | File: Rhap-M0009-Pro | WER=64.423077 | S=34 D=100 I=0
2026-01-15 11:51:14,725 | INFO | ------------------------------
2026-01-15 11:51:14,725 | INFO | ------------------------------
2026-01-15 11:51:14,725 | INFO |  File duration: 46.396625 seconds
2026-01-15 11:51:18,557 | INFO | Chunk: 0 | WER=100.000000 | S=1 D=1 I=0
2026-01-15 11:51:18,557 | INFO | Chunk: 1 | WER=50.000000 | S=1 D=1 I=0
2026-01-15 11:51:18,557 | INFO | Chunk: 2 | WER=0.000000 | S=0 D=0 I=0
2026-01-15 11:51:18,557 | INFO | Chunk: 3 | WER=27.272727 | S=1 D=2 I=0
2026-01-15 11:51:18,557 | INFO | Chunk: 4 | WER=83.333333 | S=2 D=3 I=0
2026-01-15 11:51:18,557 | INFO | Chunk: 5 | WER=11.111111 | S=1 D=0 I=0
2026-01-15 11:51:18,558 | INFO | Chunk: 6 | WER=0.000000 | S=0 D=0 I=0
2026-01-15 11:51:18,558 | INFO | Chunk: 7 | WER=33.333333 | S=0 D=3 I=0
2026-01-15 11:51:18,558 | INFO | Chunk: 8 | WER=25.000000 | S=2 D=1 I=0
2026-01-15 11:51:18,558 | INFO | Chunk: 9 | WER=81.250000 | S=0 D=26 I=0
2026-01-15 11:51:18,558 | INFO | Chunk: 10 | WER=9.090909 | S=1 D=0 I=0
2026-01-15 11:51:18,558 | INFO | ------------------------------
2026-01-15 11:51:18,558 | INFO | ------------------------------
2026-01-15 11:51:18,562 | INFO | File: Rhap-D0017-Pro | WER=42.592593 | S=9 D=37 I=0
2026-01-15 11:51:18,562 | INFO | ------------------------------
2026-01-15 11:51:18,562 | INFO | ------------------------------
2026-01-15 11:51:18,562 | INFO |  File duration: 127.9681875 seconds
2026-01-15 11:51:30,697 | INFO | Chunk: 0 | WER=16.666667 | S=1 D=0 I=0
2026-01-15 11:51:30,697 | INFO | Chunk: 1 | WER=15.789474 | S=3 D=0 I=0
2026-01-15 11:51:30,697 | INFO | Chunk: 2 | WER=66.666667 | S=1 D=1 I=0
2026-01-15 11:51:30,698 | INFO | Chunk: 3 | WER=7.407407 | S=2 D=0 I=0
2026-01-15 11:51:30,699 | INFO | Chunk: 4 | WER=15.909091 | S=2 D=5 I=0
2026-01-15 11:51:30,699 | INFO | Chunk: 5 | WER=0.000000 | S=0 D=0 I=0
2026-01-15 11:51:30,699 | INFO | Chunk: 6 | WER=0.000000 | S=0 D=0 I=0
2026-01-15 11:51:30,699 | INFO | Chunk: 7 | WER=0.000000 | S=0 D=0 I=0
2026-01-15 11:51:30,700 | INFO | Chunk: 8 | WER=8.333333 | S=2 D=0 I=0
2026-01-15 11:51:30,700 | INFO | Chunk: 9 | WER=3.125000 | S=1 D=0 I=0
2026-01-15 11:51:30,701 | INFO | Chunk: 10 | WER=0.000000 | S=0 D=0 I=0
2026-01-15 11:51:30,701 | INFO | Chunk: 11 | WER=0.000000 | S=0 D=0 I=0
2026-01-15 11:51:30,701 | INFO | Chunk: 12 | WER=0.000000 | S=0 D=0 I=0
2026-01-15 11:51:30,701 | INFO | Chunk: 13 | WER=0.000000 | S=0 D=0 I=0
2026-01-15 11:51:30,701 | INFO | Chunk: 14 | WER=35.714286 | S=0 D=5 I=0
2026-01-15 11:51:30,701 | INFO | Chunk: 15 | WER=0.000000 | S=0 D=0 I=0
2026-01-15 11:51:30,702 | INFO | Chunk: 16 | WER=87.500000 | S=3 D=4 I=0
2026-01-15 11:51:30,702 | INFO | ------------------------------
2026-01-15 11:51:30,702 | INFO | ------------------------------
2026-01-15 11:51:30,721 | INFO | File: Rhap-D2006-Pro | WER=12.605042 | S=15 D=15 I=0
2026-01-15 11:51:30,721 | INFO | ------------------------------
2026-01-15 11:51:30,721 | INFO | ------------------------------
2026-01-15 11:51:30,745 | INFO |  File duration: 64.085 seconds
2026-01-15 11:51:37,260 | INFO | Chunk: 0 | WER=40.000000 | S=3 D=19 I=0
2026-01-15 11:51:37,261 | INFO | Chunk: 1 | WER=13.793103 | S=0 D=3 I=1
2026-01-15 11:51:37,262 | INFO | Chunk: 2 | WER=25.000000 | S=3 D=3 I=0
2026-01-15 11:51:37,263 | INFO | Chunk: 3 | WER=35.185185 | S=3 D=16 I=0
2026-01-15 11:51:37,263 | INFO | Chunk: 4 | WER=19.444444 | S=2 D=5 I=0
2026-01-15 11:51:37,264 | INFO | ------------------------------
2026-01-15 11:51:37,264 | INFO | ------------------------------
2026-01-15 11:51:37,275 | INFO | File: Rhap-M0002-Pro | WER=29.292929 | S=11 D=46 I=1
2026-01-15 11:51:37,275 | INFO | ------------------------------
2026-01-15 11:51:37,275 | INFO | ------------------------------
2026-01-15 11:51:37,296 | INFO |  File duration: 306.8026875 seconds
2026-01-15 11:51:56,709 | INFO | Chunk: 0 | WER=77.419355 | S=0 D=72 I=0
2026-01-15 11:51:56,711 | INFO | Chunk: 1 | WER=36.507937 | S=1 D=22 I=0
2026-01-15 11:51:56,713 | INFO | Chunk: 2 | WER=57.575758 | S=13 D=44 I=0
2026-01-15 11:51:56,716 | INFO | Chunk: 3 | WER=57.000000 | S=2 D=55 I=0
2026-01-15 11:51:56,716 | INFO | Chunk: 4 | WER=40.540541 | S=1 D=14 I=0
2026-01-15 11:51:56,717 | INFO | Chunk: 5 | WER=80.232558 | S=0 D=69 I=0
2026-01-15 11:51:56,718 | INFO | Chunk: 6 | WER=82.500000 | S=0 D=66 I=0
2026-01-15 11:51:56,719 | INFO | Chunk: 7 | WER=39.285714 | S=3 D=5 I=3
2026-01-15 11:51:56,721 | INFO | Chunk: 8 | WER=54.651163 | S=8 D=37 I=2
2026-01-15 11:51:56,722 | INFO | Chunk: 9 | WER=82.828283 | S=2 D=80 I=0
2026-01-15 11:51:56,723 | INFO | Chunk: 10 | WER=79.775281 | S=0 D=71 I=0
2026-01-15 11:51:56,724 | INFO | Chunk: 11 | WER=72.222222 | S=3 D=62 I=0
2026-01-15 11:51:56,726 | INFO | Chunk: 12 | WER=47.619048 | S=3 D=27 I=0
2026-01-15 11:51:56,726 | INFO | ------------------------------
2026-01-15 11:51:56,726 | INFO | ------------------------------
2026-01-15 11:51:56,885 | INFO | File: Rhap-D2009-Pro | WER=65.153011 | S=37 D=621 I=2
2026-01-15 11:51:56,885 | INFO | ------------------------------
2026-01-15 11:51:56,885 | INFO | ------------------------------
2026-01-15 11:51:56,907 | INFO |  File duration: 87.821375 seconds
2026-01-15 11:52:05,820 | INFO | Chunk: 0 | WER=50.769231 | S=8 D=25 I=0
2026-01-15 11:52:05,821 | INFO | Chunk: 1 | WER=50.000000 | S=1 D=13 I=0
2026-01-15 11:52:05,822 | INFO | Chunk: 2 | WER=38.636364 | S=5 D=11 I=1
2026-01-15 11:52:05,822 | INFO | Chunk: 3 | WER=40.740741 | S=2 D=8 I=1
2026-01-15 11:52:05,822 | INFO | Chunk: 4 | WER=68.000000 | S=4 D=13 I=0
2026-01-15 11:52:05,823 | INFO | Chunk: 5 | WER=17.391304 | S=2 D=2 I=0
2026-01-15 11:52:05,823 | INFO | Chunk: 6 | WER=14.285714 | S=0 D=3 I=0
2026-01-15 11:52:05,824 | INFO | Chunk: 7 | WER=36.666667 | S=3 D=6 I=2
2026-01-15 11:52:05,825 | INFO | Chunk: 8 | WER=33.333333 | S=4 D=14 I=1
2026-01-15 11:52:05,825 | INFO | ------------------------------
2026-01-15 11:52:05,825 | INFO | ------------------------------
2026-01-15 11:52:05,852 | INFO | File: Rhap-M0023-Pro | WER=40.312500 | S=29 D=95 I=5
2026-01-15 11:52:05,852 | INFO | ------------------------------
2026-01-15 11:52:05,852 | INFO | ------------------------------
2026-01-15 11:52:05,852 | WARNING | The file /vol/corpora/Rhapsodie/wav16k_corrected/Rhap-D0001-Pro.wav does not exist
2026-01-15 11:52:05,852 | INFO |  File duration: 239.4149375 seconds
2026-01-15 11:52:22,022 | INFO | Chunk: 0 | WER=95.918367 | S=0 D=44 I=3
2026-01-15 11:52:22,023 | INFO | Chunk: 1 | WER=42.222222 | S=9 D=9 I=1
2026-01-15 11:52:22,023 | INFO | Chunk: 2 | WER=120.000000 | S=5 D=0 I=1
2026-01-15 11:52:22,023 | INFO | Chunk: 3 | WER=44.444444 | S=1 D=3 I=0
2026-01-15 11:52:22,024 | INFO | Chunk: 4 | WER=80.769231 | S=1 D=62 I=0
2026-01-15 11:52:22,024 | INFO | Chunk: 5 | WER=100.000000 | S=2 D=3 I=3
2026-01-15 11:52:22,025 | INFO | Chunk: 6 | WER=35.849057 | S=3 D=16 I=0
2026-01-15 11:52:22,026 | INFO | Chunk: 7 | WER=65.753425 | S=7 D=41 I=0
2026-01-15 11:52:22,028 | INFO | Chunk: 8 | WER=92.248062 | S=5 D=114 I=0
2026-01-15 11:52:22,028 | INFO | Chunk: 9 | WER=75.609756 | S=4 D=27 I=0
2026-01-15 11:52:22,030 | INFO | Chunk: 10 | WER=55.072464 | S=10 D=28 I=0
2026-01-15 11:52:22,031 | INFO | Chunk: 11 | WER=84.920635 | S=6 D=101 I=0
2026-01-15 11:52:22,033 | INFO | Chunk: 12 | WER=68.085106 | S=3 D=60 I=1
2026-01-15 11:52:22,036 | INFO | Chunk: 13 | WER=71.212121 | S=4 D=90 I=0
2026-01-15 11:52:22,036 | INFO | ------------------------------
2026-01-15 11:52:22,036 | INFO | ------------------------------
2026-01-15 11:52:22,152 | INFO | File: Rhap-D0005-Pro | WER=72.228321 | S=63 D=592 I=3
2026-01-15 11:52:22,153 | INFO | ------------------------------
2026-01-15 11:52:22,153 | INFO | ------------------------------
2026-01-15 11:52:22,172 | INFO |  File duration: 82.8571875 seconds
2026-01-15 11:52:30,193 | INFO | Chunk: 0 | WER=44.615385 | S=14 D=12 I=3
2026-01-15 11:52:30,196 | INFO | Chunk: 1 | WER=61.904762 | S=29 D=23 I=0
2026-01-15 11:52:30,197 | INFO | Chunk: 2 | WER=25.000000 | S=2 D=9 I=0
2026-01-15 11:52:30,198 | INFO | Chunk: 3 | WER=17.777778 | S=3 D=3 I=2
2026-01-15 11:52:30,198 | INFO | ------------------------------
2026-01-15 11:52:30,198 | INFO | ------------------------------
2026-01-15 11:52:30,215 | INFO | File: Rhap-M0016-Pro | WER=42.016807 | S=48 D=47 I=5
2026-01-15 11:52:30,215 | INFO | ------------------------------
2026-01-15 11:52:30,215 | INFO | ------------------------------
2026-01-15 11:52:30,230 | INFO |  File duration: 98.2920625 seconds
2026-01-15 11:52:36,468 | INFO | Chunk: 0 | WER=48.837209 | S=6 D=11 I=4
2026-01-15 11:52:36,470 | INFO | Chunk: 1 | WER=47.777778 | S=4 D=38 I=1
2026-01-15 11:52:36,472 | INFO | Chunk: 2 | WER=86.000000 | S=2 D=84 I=0
2026-01-15 11:52:36,473 | INFO | Chunk: 3 | WER=75.000000 | S=5 D=73 I=0
2026-01-15 11:52:36,473 | INFO | ------------------------------
2026-01-15 11:52:36,473 | INFO | ------------------------------
2026-01-15 11:52:36,491 | INFO | File: Rhap-M0003-Pro | WER=67.359050 | S=16 D=206 I=5
2026-01-15 11:52:36,491 | INFO | ------------------------------
2026-01-15 11:52:36,491 | INFO | ------------------------------
2026-01-15 11:52:36,491 | INFO |  File duration: 292.681125 seconds
2026-01-15 11:52:54,445 | INFO | Chunk: 0 | WER=79.816514 | S=4 D=83 I=0
2026-01-15 11:52:54,446 | INFO | Chunk: 1 | WER=77.319588 | S=6 D=69 I=0
2026-01-15 11:52:54,448 | INFO | Chunk: 2 | WER=68.867925 | S=4 D=68 I=1
2026-01-15 11:52:54,451 | INFO | Chunk: 3 | WER=62.162162 | S=8 D=60 I=1
2026-01-15 11:52:54,453 | INFO | Chunk: 4 | WER=39.436620 | S=2 D=26 I=0
2026-01-15 11:52:54,453 | INFO | Chunk: 5 | WER=30.000000 | S=1 D=0 I=2
2026-01-15 11:52:54,454 | INFO | Chunk: 6 | WER=85.365854 | S=3 D=102 I=0
2026-01-15 11:52:54,456 | INFO | Chunk: 7 | WER=78.125000 | S=1 D=74 I=0
2026-01-15 11:52:54,457 | INFO | Chunk: 8 | WER=85.148515 | S=4 D=82 I=0
2026-01-15 11:52:54,459 | INFO | Chunk: 9 | WER=68.478261 | S=3 D=59 I=1
2026-01-15 11:52:54,461 | INFO | Chunk: 10 | WER=68.181818 | S=1 D=74 I=0
2026-01-15 11:52:54,463 | INFO | Chunk: 11 | WER=65.873016 | S=1 D=82 I=0
2026-01-15 11:52:54,463 | INFO | ------------------------------
2026-01-15 11:52:54,463 | INFO | ------------------------------
2026-01-15 11:52:54,636 | INFO | File: Rhap-D0004-Pro | WER=71.267361 | S=39 D=778 I=4
2026-01-15 11:52:54,637 | INFO | ------------------------------
2026-01-15 11:52:54,637 | INFO | ------------------------------
2026-01-15 11:52:54,637 | INFO |  File duration: 305.725375 seconds
2026-01-15 11:53:21,823 | INFO | Chunk: 0 | WER=52.631579 | S=4 D=36 I=0
2026-01-15 11:53:21,824 | INFO | Chunk: 1 | WER=16.666667 | S=2 D=5 I=0
2026-01-15 11:53:21,825 | INFO | Chunk: 2 | WER=33.962264 | S=0 D=18 I=0
2026-01-15 11:53:21,825 | INFO | Chunk: 3 | WER=3.846154 | S=1 D=0 I=0
2026-01-15 11:53:21,828 | INFO | Chunk: 4 | WER=63.366337 | S=14 D=50 I=0
2026-01-15 11:53:21,828 | INFO | Chunk: 5 | WER=10.000000 | S=0 D=1 I=0
2026-01-15 11:53:21,829 | INFO | Chunk: 6 | WER=56.944444 | S=9 D=32 I=0
2026-01-15 11:53:21,829 | INFO | Chunk: 7 | WER=0.000000 | S=0 D=0 I=0
2026-01-15 11:53:21,830 | INFO | Chunk: 8 | WER=18.421053 | S=3 D=4 I=0
2026-01-15 11:53:21,830 | INFO | Chunk: 9 | WER=0.000000 | S=0 D=0 I=0
2026-01-15 11:53:21,831 | INFO | Chunk: 10 | WER=13.793103 | S=2 D=1 I=1
2026-01-15 11:53:21,831 | INFO | Chunk: 11 | WER=54.285714 | S=1 D=18 I=0
2026-01-15 11:53:21,832 | INFO | Chunk: 12 | WER=79.487179 | S=3 D=28 I=0
2026-01-15 11:53:21,832 | INFO | Chunk: 13 | WER=39.393939 | S=1 D=12 I=0
2026-01-15 11:53:21,834 | INFO | Chunk: 14 | WER=56.626506 | S=3 D=44 I=0
2026-01-15 11:53:21,834 | INFO | Chunk: 15 | WER=0.000000 | S=0 D=0 I=0
2026-01-15 11:53:21,835 | INFO | Chunk: 16 | WER=8.823529 | S=0 D=3 I=0
2026-01-15 11:53:21,836 | INFO | Chunk: 17 | WER=80.219780 | S=0 D=73 I=0
2026-01-15 11:53:21,837 | INFO | Chunk: 18 | WER=65.853659 | S=0 D=54 I=0
2026-01-15 11:53:21,838 | INFO | Chunk: 19 | WER=45.454545 | S=4 D=15 I=1
2026-01-15 11:53:21,839 | INFO | Chunk: 20 | WER=36.585366 | S=4 D=11 I=0
2026-01-15 11:53:21,839 | INFO | Chunk: 21 | WER=100.000000 | S=1 D=0 I=0
2026-01-15 11:53:21,840 | INFO | Chunk: 22 | WER=80.645161 | S=4 D=45 I=1
2026-01-15 11:53:21,840 | INFO | ------------------------------
2026-01-15 11:53:21,840 | INFO | ------------------------------
2026-01-15 11:53:22,062 | INFO | File: Rhap-D2005-Pro | WER=50.747757 | S=58 D=449 I=2
2026-01-15 11:53:22,062 | INFO | ------------------------------
2026-01-15 11:53:22,062 | INFO | ------------------------------
2026-01-15 11:53:22,062 | INFO |  File duration: 290.2293125 seconds
2026-01-15 11:53:47,528 | INFO | Chunk: 0 | WER=50.000000 | S=7 D=25 I=0
2026-01-15 11:53:47,528 | INFO | Chunk: 1 | WER=100.000000 | S=1 D=1 I=0
2026-01-15 11:53:47,530 | INFO | Chunk: 2 | WER=61.224490 | S=11 D=49 I=0
2026-01-15 11:53:47,531 | INFO | Chunk: 3 | WER=18.181818 | S=0 D=2 I=0
2026-01-15 11:53:47,531 | INFO | Chunk: 4 | WER=20.000000 | S=0 D=2 I=0
2026-01-15 11:53:47,533 | INFO | Chunk: 5 | WER=72.972973 | S=3 D=77 I=1
2026-01-15 11:53:47,533 | INFO | Chunk: 6 | WER=58.823529 | S=1 D=19 I=0
2026-01-15 11:53:47,534 | INFO | Chunk: 7 | WER=0.000000 | S=0 D=0 I=0
2026-01-15 11:53:47,535 | INFO | Chunk: 8 | WER=66.315789 | S=7 D=56 I=0
2026-01-15 11:53:47,538 | INFO | Chunk: 9 | WER=63.025210 | S=13 D=62 I=0
2026-01-15 11:53:47,539 | INFO | Chunk: 10 | WER=21.739130 | S=3 D=7 I=0
2026-01-15 11:53:47,540 | INFO | Chunk: 11 | WER=0.000000 | S=0 D=0 I=0
2026-01-15 11:53:47,540 | INFO | Chunk: 12 | WER=6.250000 | S=0 D=1 I=0
2026-01-15 11:53:47,541 | INFO | Chunk: 13 | WER=26.315789 | S=1 D=8 I=1
2026-01-15 11:53:47,541 | INFO | Chunk: 14 | WER=33.333333 | S=1 D=2 I=0
2026-01-15 11:53:47,541 | INFO | Chunk: 15 | WER=17.647059 | S=0 D=2 I=1
2026-01-15 11:53:47,542 | INFO | Chunk: 16 | WER=76.923077 | S=0 D=40 I=0
2026-01-15 11:53:47,542 | INFO | Chunk: 17 | WER=15.384615 | S=0 D=2 I=0
2026-01-15 11:53:47,542 | INFO | Chunk: 18 | WER=63.636364 | S=2 D=5 I=0
2026-01-15 11:53:47,542 | INFO | Chunk: 19 | WER=100.000000 | S=1 D=0 I=0
2026-01-15 11:53:47,543 | INFO | Chunk: 20 | WER=16.216216 | S=3 D=3 I=0
2026-01-15 11:53:47,544 | INFO | Chunk: 21 | WER=80.000000 | S=8 D=59 I=1
2026-01-15 11:53:47,545 | INFO | Chunk: 22 | WER=33.333333 | S=5 D=13 I=0
2026-01-15 11:53:47,546 | INFO | Chunk: 23 | WER=24.324324 | S=2 D=7 I=0
2026-01-15 11:53:47,546 | INFO | ------------------------------
2026-01-15 11:53:47,546 | INFO | ------------------------------
2026-01-15 11:53:47,762 | INFO | File: Rhap-D0002-Pro | WER=52.337398 | S=69 D=442 I=4
2026-01-15 11:53:47,762 | INFO | ------------------------------
2026-01-15 11:53:47,762 | INFO | ------------------------------
2026-01-15 11:53:47,777 | INFO |  File duration: 26.3569375 seconds
2026-01-15 11:53:49,939 | INFO | Chunk: 0 | WER=64.814815 | S=10 D=60 I=0
2026-01-15 11:53:49,939 | INFO | ------------------------------
2026-01-15 11:53:49,939 | INFO | ------------------------------
2026-01-15 11:53:49,941 | INFO | File: Rhap-M0006-Pro | WER=64.814815 | S=10 D=60 I=0
2026-01-15 11:53:49,941 | INFO | ------------------------------
2026-01-15 11:53:49,941 | INFO | ------------------------------
2026-01-15 11:53:49,942 | INFO |  File duration: 154.0061875 seconds
2026-01-15 11:54:03,919 | INFO | Chunk: 0 | WER=18.750000 | S=1 D=0 I=2
2026-01-15 11:54:03,920 | INFO | Chunk: 1 | WER=82.105263 | S=0 D=77 I=1
2026-01-15 11:54:03,921 | INFO | Chunk: 2 | WER=100.000000 | S=1 D=0 I=0
2026-01-15 11:54:03,921 | INFO | Chunk: 3 | WER=25.000000 | S=1 D=7 I=0
2026-01-15 11:54:03,921 | INFO | Chunk: 4 | WER=100.000000 | S=1 D=0 I=0
2026-01-15 11:54:03,922 | INFO | Chunk: 5 | WER=42.222222 | S=9 D=10 I=0
2026-01-15 11:54:03,924 | INFO | Chunk: 6 | WER=55.294118 | S=15 D=32 I=0
2026-01-15 11:54:03,926 | INFO | Chunk: 7 | WER=46.341463 | S=15 D=23 I=0
2026-01-15 11:54:03,927 | INFO | Chunk: 8 | WER=28.571429 | S=2 D=10 I=0
2026-01-15 11:54:03,929 | INFO | Chunk: 9 | WER=31.147541 | S=7 D=11 I=1
2026-01-15 11:54:03,929 | INFO | Chunk: 10 | WER=45.454545 | S=7 D=3 I=0
2026-01-15 11:54:03,929 | INFO | Chunk: 11 | WER=8.333333 | S=0 D=1 I=0
2026-01-15 11:54:03,930 | INFO | ------------------------------
2026-01-15 11:54:03,930 | INFO | ------------------------------
2026-01-15 11:54:03,990 | INFO | File: Rhap-D1002-Pro | WER=47.975709 | S=59 D=174 I=4
2026-01-15 11:54:03,990 | INFO | ------------------------------
2026-01-15 11:54:03,990 | INFO | ------------------------------
2026-01-15 11:54:03,991 | INFO |  File duration: 427.88475 seconds
2026-01-15 11:54:43,895 | INFO | Chunk: 0 | WER=100.000000 | S=1 D=0 I=8
2026-01-15 11:54:43,895 | INFO | Chunk: 1 | WER=80.000000 | S=6 D=2 I=0
2026-01-15 11:54:43,895 | INFO | Chunk: 2 | WER=92.307692 | S=9 D=3 I=0
2026-01-15 11:54:43,896 | INFO | Chunk: 3 | WER=83.333333 | S=1 D=1 I=3
2026-01-15 11:54:43,896 | INFO | Chunk: 4 | WER=85.714286 | S=4 D=2 I=0
2026-01-15 11:54:43,896 | INFO | Chunk: 5 | WER=142.857143 | S=7 D=0 I=3
2026-01-15 11:54:43,896 | INFO | Chunk: 6 | WER=142.857143 | S=7 D=0 I=3
2026-01-15 11:54:43,896 | INFO | Chunk: 7 | WER=100.000000 | S=8 D=0 I=2
2026-01-15 11:54:43,897 | INFO | Chunk: 8 | WER=80.952381 | S=2 D=11 I=4
2026-01-15 11:54:43,897 | INFO | Chunk: 9 | WER=200.000000 | S=4 D=0 I=4
2026-01-15 11:54:43,897 | INFO | Chunk: 10 | WER=100.000000 | S=4 D=4 I=1
2026-01-15 11:54:43,897 | INFO | Chunk: 11 | WER=90.909091 | S=7 D=3 I=0
2026-01-15 11:54:43,897 | INFO | Chunk: 12 | WER=133.333333 | S=3 D=0 I=1
2026-01-15 11:54:43,898 | INFO | Chunk: 13 | WER=70.833333 | S=3 D=6 I=8
2026-01-15 11:54:43,898 | INFO | Chunk: 14 | WER=64.000000 | S=0 D=11 I=5
2026-01-15 11:54:43,898 | INFO | Chunk: 15 | WER=300.000000 | S=1 D=0 I=2
2026-01-15 11:54:43,898 | INFO | Chunk: 16 | WER=266.666667 | S=3 D=0 I=5
2026-01-15 11:54:43,898 | INFO | Chunk: 17 | WER=100.000000 | S=7 D=3 I=0
2026-01-15 11:54:43,899 | INFO | Chunk: 18 | WER=100.000000 | S=8 D=0 I=0
2026-01-15 11:54:43,899 | INFO | Chunk: 19 | WER=100.000000 | S=11 D=0 I=0
2026-01-15 11:54:43,899 | INFO | Chunk: 20 | WER=100.000000 | S=5 D=0 I=0
2026-01-15 11:54:43,899 | INFO | Chunk: 21 | WER=122.222222 | S=8 D=0 I=3
2026-01-15 11:54:43,900 | INFO | Chunk: 22 | WER=58.823529 | S=9 D=6 I=5
2026-01-15 11:54:43,900 | INFO | Chunk: 23 | WER=100.000000 | S=9 D=0 I=0
2026-01-15 11:54:43,900 | INFO | Chunk: 24 | WER=125.000000 | S=7 D=0 I=3
2026-01-15 11:54:43,901 | INFO | Chunk: 25 | WER=68.181818 | S=2 D=7 I=6
2026-01-15 11:54:43,901 | INFO | Chunk: 26 | WER=128.571429 | S=6 D=0 I=3
2026-01-15 11:54:43,901 | INFO | Chunk: 27 | WER=93.333333 | S=9 D=5 I=0
2026-01-15 11:54:43,901 | INFO | Chunk: 28 | WER=100.000000 | S=0 D=2 I=1
2026-01-15 11:54:43,901 | INFO | Chunk: 29 | WER=50.000000 | S=1 D=0 I=0
2026-01-15 11:54:43,901 | INFO | Chunk: 30 | WER=100.000000 | S=2 D=0 I=0
2026-01-15 11:54:43,902 | INFO | Chunk: 31 | WER=92.307692 | S=0 D=3 I=9
2026-01-15 11:54:43,902 | INFO | Chunk: 32 | WER=200.000000 | S=5 D=0 I=7
2026-01-15 11:54:43,902 | INFO | Chunk: 33 | WER=62.500000 | S=1 D=3 I=1
2026-01-15 11:54:43,902 | INFO | Chunk: 34 | WER=100.000000 | S=6 D=2 I=0
2026-01-15 11:54:43,902 | INFO | Chunk: 35 | WER=100.000000 | S=1 D=2 I=0
2026-01-15 11:54:43,902 | INFO | Chunk: 36 | WER=200.000000 | S=3 D=0 I=3
2026-01-15 11:54:43,902 | INFO | Chunk: 37 | WER=136.363636 | S=11 D=0 I=4
2026-01-15 11:54:43,903 | INFO | Chunk: 38 | WER=100.000000 | S=8 D=2 I=0
2026-01-15 11:54:43,903 | INFO | Chunk: 39 | WER=65.217391 | S=2 D=9 I=4
2026-01-15 11:54:43,903 | INFO | Chunk: 40 | WER=100.000000 | S=1 D=2 I=0
2026-01-15 11:54:43,903 | INFO | Chunk: 41 | WER=93.750000 | S=0 D=4 I=11
2026-01-15 11:54:43,904 | INFO | Chunk: 42 | WER=100.000000 | S=16 D=4 I=0
2026-01-15 11:54:43,904 | INFO | Chunk: 43 | WER=112.500000 | S=8 D=0 I=1
2026-01-15 11:54:43,904 | INFO | Chunk: 44 | WER=170.000000 | S=9 D=0 I=8
2026-01-15 11:54:43,904 | INFO | Chunk: 45 | WER=85.714286 | S=6 D=0 I=0
2026-01-15 11:54:43,905 | INFO | Chunk: 46 | WER=61.764706 | S=2 D=11 I=8
2026-01-15 11:54:43,906 | INFO | Chunk: 47 | WER=44.444444 | S=0 D=1 I=11
2026-01-15 11:54:43,906 | INFO | Chunk: 48 | WER=114.285714 | S=0 D=6 I=10
2026-01-15 11:54:43,907 | INFO | Chunk: 49 | WER=50.943396 | S=1 D=26 I=0
2026-01-15 11:54:43,907 | INFO | Chunk: 50 | WER=142.857143 | S=7 D=0 I=3
2026-01-15 11:54:43,907 | INFO | Chunk: 51 | WER=130.000000 | S=10 D=0 I=3
2026-01-15 11:54:43,907 | INFO | Chunk: 52 | WER=91.666667 | S=6 D=2 I=3
2026-01-15 11:54:43,909 | INFO | Chunk: 53 | WER=37.931034 | S=2 D=14 I=6
2026-01-15 11:54:43,909 | INFO | Chunk: 54 | WER=83.333333 | S=10 D=5 I=0
2026-01-15 11:54:43,909 | INFO | Chunk: 55 | WER=93.333333 | S=0 D=9 I=5
2026-01-15 11:54:43,910 | INFO | Chunk: 56 | WER=52.500000 | S=4 D=9 I=8
2026-01-15 11:54:43,911 | INFO | Chunk: 57 | WER=58.974359 | S=0 D=12 I=11
2026-01-15 11:54:43,911 | INFO | Chunk: 58 | WER=100.000000 | S=4 D=3 I=1
2026-01-15 11:54:43,911 | INFO | Chunk: 59 | WER=116.666667 | S=6 D=0 I=1
2026-01-15 11:54:43,913 | INFO | Chunk: 60 | WER=55.813953 | S=2 D=45 I=1
2026-01-15 11:54:43,913 | INFO | ------------------------------
2026-01-15 11:54:43,913 | INFO | ------------------------------
2026-01-15 11:54:44,214 | INFO | File: Rhap-D1001-Pro | WER=28.731762 | S=65 D=121 I=70
2026-01-15 11:54:44,214 | INFO | ------------------------------
2026-01-15 11:54:44,214 | INFO | ------------------------------
2026-01-15 11:54:44,229 | INFO |  File duration: 13.6685625 seconds
2026-01-15 11:54:46,178 | INFO | Chunk: 0 | WER=60.000000 | S=4 D=2 I=0
2026-01-15 11:54:46,179 | INFO | Chunk: 1 | WER=10.526316 | S=1 D=1 I=0
2026-01-15 11:54:46,179 | INFO | Chunk: 2 | WER=12.500000 | S=1 D=0 I=0
2026-01-15 11:54:46,179 | INFO | Chunk: 3 | WER=37.500000 | S=3 D=0 I=0
2026-01-15 11:54:46,179 | INFO | ------------------------------
2026-01-15 11:54:46,179 | INFO | ------------------------------
2026-01-15 11:54:46,180 | INFO | File: Rhap-M0004-Pro | WER=26.666667 | S=9 D=3 I=0
2026-01-15 11:54:46,180 | INFO | ------------------------------
2026-01-15 11:54:46,180 | INFO | ------------------------------
2026-01-15 11:54:46,192 | INFO |  File duration: 293.6138125 seconds
2026-01-15 11:55:04,344 | INFO | Chunk: 0 | WER=78.125000 | S=8 D=67 I=0
2026-01-15 11:55:04,345 | INFO | Chunk: 1 | WER=76.666667 | S=5 D=62 I=2
2026-01-15 11:55:04,346 | INFO | Chunk: 2 | WER=100.000000 | S=0 D=17 I=18
2026-01-15 11:55:04,348 | INFO | Chunk: 3 | WER=70.192308 | S=0 D=73 I=0
2026-01-15 11:55:04,350 | INFO | Chunk: 4 | WER=56.842105 | S=12 D=42 I=0
2026-01-15 11:55:04,351 | INFO | Chunk: 5 | WER=100.000000 | S=35 D=0 I=2
2026-01-15 11:55:04,354 | INFO | Chunk: 6 | WER=67.241379 | S=11 D=65 I=2
2026-01-15 11:55:04,354 | INFO | Chunk: 7 | WER=103.225806 | S=31 D=0 I=1
2026-01-15 11:55:04,358 | INFO | Chunk: 8 | WER=92.786885 | S=1 D=282 I=0
2026-01-15 11:55:04,360 | INFO | Chunk: 9 | WER=59.090909 | S=8 D=31 I=0
2026-01-15 11:55:04,360 | INFO | ------------------------------
2026-01-15 11:55:04,360 | INFO | ------------------------------
2026-01-15 11:55:04,500 | INFO | File: Rhap-D2012-Pro | WER=68.717949 | S=42 D=621 I=7
2026-01-15 11:55:04,500 | INFO | ------------------------------
2026-01-15 11:55:04,500 | INFO | ------------------------------
2026-01-15 11:55:04,524 | INFO |  File duration: 318.8233125 seconds
2026-01-15 11:55:34,097 | INFO | Chunk: 0 | WER=34.482759 | S=6 D=14 I=0
2026-01-15 11:55:34,097 | INFO | Chunk: 1 | WER=0.000000 | S=0 D=0 I=0
2026-01-15 11:55:34,097 | INFO | Chunk: 2 | WER=0.000000 | S=0 D=0 I=0
2026-01-15 11:55:34,098 | INFO | Chunk: 3 | WER=10.000000 | S=0 D=1 I=0
2026-01-15 11:55:34,098 | INFO | Chunk: 4 | WER=42.857143 | S=2 D=1 I=0
2026-01-15 11:55:34,098 | INFO | Chunk: 5 | WER=20.000000 | S=1 D=0 I=0
2026-01-15 11:55:34,098 | INFO | Chunk: 6 | WER=0.000000 | S=0 D=0 I=0
2026-01-15 11:55:34,099 | INFO | Chunk: 7 | WER=93.495935 | S=2 D=113 I=0
2026-01-15 11:55:34,099 | INFO | Chunk: 8 | WER=34.782609 | S=6 D=1 I=1
2026-01-15 11:55:34,100 | INFO | Chunk: 9 | WER=11.111111 | S=0 D=1 I=0
2026-01-15 11:55:34,100 | INFO | Chunk: 10 | WER=50.000000 | S=1 D=1 I=1
2026-01-15 11:55:34,100 | INFO | Chunk: 11 | WER=23.529412 | S=0 D=4 I=0
2026-01-15 11:55:34,100 | INFO | Chunk: 12 | WER=22.222222 | S=0 D=2 I=0
2026-01-15 11:55:34,100 | INFO | Chunk: 13 | WER=44.444444 | S=3 D=1 I=0
2026-01-15 11:55:34,101 | INFO | Chunk: 14 | WER=100.000000 | S=2 D=2 I=0
2026-01-15 11:55:34,101 | INFO | Chunk: 15 | WER=50.000000 | S=0 D=8 I=0
2026-01-15 11:55:34,101 | INFO | Chunk: 16 | WER=0.000000 | S=0 D=0 I=0
2026-01-15 11:55:34,101 | INFO | Chunk: 17 | WER=20.000000 | S=0 D=1 I=0
2026-01-15 11:55:34,101 | INFO | Chunk: 18 | WER=100.000000 | S=2 D=2 I=0
2026-01-15 11:55:34,103 | INFO | Chunk: 19 | WER=71.134021 | S=5 D=63 I=1
2026-01-15 11:55:34,104 | INFO | Chunk: 20 | WER=79.487179 | S=10 D=51 I=1
2026-01-15 11:55:34,104 | INFO | Chunk: 21 | WER=25.000000 | S=1 D=0 I=0
2026-01-15 11:55:34,105 | INFO | Chunk: 22 | WER=0.000000 | S=0 D=0 I=0
2026-01-15 11:55:34,105 | INFO | Chunk: 23 | WER=33.333333 | S=2 D=2 I=0
2026-01-15 11:55:34,105 | INFO | Chunk: 24 | WER=19.230769 | S=2 D=3 I=0
2026-01-15 11:55:34,105 | INFO | Chunk: 25 | WER=87.500000 | S=3 D=4 I=0
2026-01-15 11:55:34,106 | INFO | Chunk: 26 | WER=26.666667 | S=1 D=3 I=0
2026-01-15 11:55:34,106 | INFO | Chunk: 27 | WER=17.391304 | S=2 D=2 I=0
2026-01-15 11:55:34,107 | INFO | Chunk: 28 | WER=73.913043 | S=2 D=32 I=0
2026-01-15 11:55:34,107 | INFO | Chunk: 29 | WER=25.000000 | S=0 D=0 I=1
2026-01-15 11:55:34,107 | INFO | Chunk: 30 | WER=69.230769 | S=3 D=6 I=0
2026-01-15 11:55:34,107 | INFO | Chunk: 31 | WER=0.000000 | S=0 D=0 I=0
2026-01-15 11:55:34,109 | INFO | Chunk: 32 | WER=76.767677 | S=7 D=69 I=0
2026-01-15 11:55:34,109 | INFO | Chunk: 33 | WER=100.000000 | S=1 D=0 I=0
2026-01-15 11:55:34,109 | INFO | Chunk: 34 | WER=0.000000 | S=0 D=0 I=0
2026-01-15 11:55:34,109 | INFO | Chunk: 35 | WER=50.000000 | S=2 D=2 I=0
2026-01-15 11:55:34,109 | INFO | Chunk: 36 | WER=0.000000 | S=0 D=0 I=0
2026-01-15 11:55:34,109 | INFO | Chunk: 37 | WER=66.666667 | S=2 D=2 I=0
2026-01-15 11:55:34,110 | INFO | Chunk: 38 | WER=18.750000 | S=1 D=2 I=0
2026-01-15 11:55:34,110 | INFO | Chunk: 39 | WER=66.666667 | S=4 D=0 I=0
2026-01-15 11:55:34,110 | INFO | Chunk: 40 | WER=80.597015 | S=0 D=54 I=0
2026-01-15 11:55:34,111 | INFO | Chunk: 41 | WER=22.580645 | S=1 D=6 I=0
2026-01-15 11:55:34,111 | INFO | Chunk: 42 | WER=0.000000 | S=0 D=0 I=0
2026-01-15 11:55:34,111 | INFO | Chunk: 43 | WER=75.000000 | S=1 D=2 I=0
2026-01-15 11:55:34,111 | INFO | Chunk: 44 | WER=0.000000 | S=0 D=0 I=0
2026-01-15 11:55:34,112 | INFO | Chunk: 45 | WER=25.000000 | S=2 D=2 I=1
2026-01-15 11:55:34,112 | INFO | Chunk: 46 | WER=50.000000 | S=1 D=1 I=0
2026-01-15 11:55:34,112 | INFO | Chunk: 47 | WER=100.000000 | S=4 D=1 I=0
2026-01-15 11:55:34,112 | INFO | Chunk: 48 | WER=12.500000 | S=0 D=1 I=0
2026-01-15 11:55:34,112 | INFO | Chunk: 49 | WER=66.666667 | S=4 D=4 I=0
2026-01-15 11:55:34,112 | INFO | Chunk: 50 | WER=26.315789 | S=0 D=5 I=0
2026-01-15 11:55:34,113 | INFO | Chunk: 51 | WER=0.000000 | S=0 D=0 I=0
2026-01-15 11:55:34,113 | INFO | Chunk: 52 | WER=66.666667 | S=7 D=3 I=0
2026-01-15 11:55:34,113 | INFO | Chunk: 53 | WER=100.000000 | S=3 D=0 I=0
2026-01-15 11:55:34,113 | INFO | Chunk: 54 | WER=7.142857 | S=1 D=0 I=0
2026-01-15 11:55:34,113 | INFO | Chunk: 55 | WER=100.000000 | S=4 D=0 I=2
2026-01-15 11:55:34,113 | INFO | Chunk: 56 | WER=100.000000 | S=2 D=0 I=0
2026-01-15 11:55:34,114 | INFO | Chunk: 57 | WER=44.444444 | S=3 D=1 I=0
2026-01-15 11:55:34,114 | INFO | Chunk: 58 | WER=40.000000 | S=1 D=0 I=1
2026-01-15 11:55:34,114 | INFO | ------------------------------
2026-01-15 11:55:34,114 | INFO | ------------------------------
2026-01-15 11:55:34,379 | INFO | File: Rhap-D2010-Pro | WER=54.426841 | S=104 D=472 I=8
2026-01-15 11:55:34,379 | INFO | ------------------------------
2026-01-15 11:55:34,379 | INFO | ------------------------------
2026-01-15 11:55:34,398 | INFO |  File duration: 56.603875 seconds
2026-01-15 11:55:39,445 | INFO | Chunk: 0 | WER=56.321839 | S=22 D=27 I=0
2026-01-15 11:55:39,446 | INFO | Chunk: 1 | WER=27.777778 | S=3 D=5 I=2
2026-01-15 11:55:39,447 | INFO | Chunk: 2 | WER=72.580645 | S=4 D=40 I=1
2026-01-15 11:55:39,447 | INFO | Chunk: 3 | WER=66.666667 | S=1 D=0 I=1
2026-01-15 11:55:39,447 | INFO | ------------------------------
2026-01-15 11:55:39,447 | INFO | ------------------------------
2026-01-15 11:55:39,456 | INFO | File: Rhap-M0019-Pro | WER=55.319149 | S=30 D=71 I=3
2026-01-15 11:55:39,456 | INFO | ------------------------------
2026-01-15 11:55:39,456 | INFO | ------------------------------
2026-01-15 11:55:39,471 | INFO |  File duration: 111.4226875 seconds
2026-01-15 11:55:44,201 | INFO | Chunk: 0 | WER=84.158416 | S=2 D=168 I=0
2026-01-15 11:55:44,202 | INFO | Chunk: 1 | WER=46.153846 | S=2 D=22 I=0
2026-01-15 11:55:44,204 | INFO | Chunk: 2 | WER=80.000000 | S=2 D=74 I=0
2026-01-15 11:55:44,204 | INFO | ------------------------------
2026-01-15 11:55:44,204 | INFO | ------------------------------
2026-01-15 11:55:44,215 | INFO | File: Rhap-M2005-Pro | WER=77.363897 | S=6 D=264 I=0
2026-01-15 11:55:44,216 | INFO | ------------------------------
2026-01-15 11:55:44,216 | INFO | ------------------------------
2026-01-15 11:55:44,234 | INFO |  File duration: 87.3476875 seconds
2026-01-15 11:55:52,763 | INFO | Chunk: 0 | WER=42.028986 | S=5 D=24 I=0
2026-01-15 11:55:52,763 | INFO | Chunk: 1 | WER=29.166667 | S=4 D=3 I=0
2026-01-15 11:55:52,764 | INFO | Chunk: 2 | WER=64.062500 | S=5 D=36 I=0
2026-01-15 11:55:52,765 | INFO | Chunk: 3 | WER=17.142857 | S=0 D=6 I=0
2026-01-15 11:55:52,765 | INFO | Chunk: 4 | WER=35.000000 | S=1 D=5 I=1
2026-01-15 11:55:52,766 | INFO | Chunk: 5 | WER=20.000000 | S=0 D=4 I=1
2026-01-15 11:55:52,768 | INFO | Chunk: 6 | WER=79.720280 | S=6 D=108 I=0
2026-01-15 11:55:52,768 | INFO | Chunk: 7 | WER=50.000000 | S=0 D=2 I=0
2026-01-15 11:55:52,768 | INFO | ------------------------------
2026-01-15 11:55:52,769 | INFO | ------------------------------
2026-01-15 11:55:52,797 | INFO | File: Rhap-M1001-Pro | WER=54.687500 | S=20 D=188 I=2
2026-01-15 11:55:52,797 | INFO | ------------------------------
2026-01-15 11:55:52,797 | INFO | ------------------------------
2026-01-15 11:55:52,816 | INFO |  File duration: 50.2703125 seconds
2026-01-15 11:55:58,482 | INFO | Chunk: 0 | WER=66.153846 | S=3 D=40 I=0
2026-01-15 11:55:58,482 | INFO | Chunk: 1 | WER=22.222222 | S=1 D=3 I=0
2026-01-15 11:55:58,482 | INFO | Chunk: 2 | WER=25.000000 | S=4 D=0 I=0
2026-01-15 11:55:58,483 | INFO | Chunk: 3 | WER=35.294118 | S=3 D=3 I=0
2026-01-15 11:55:58,483 | INFO | Chunk: 4 | WER=7.692308 | S=0 D=2 I=0
2026-01-15 11:55:58,484 | INFO | Chunk: 5 | WER=12.121212 | S=2 D=1 I=1
2026-01-15 11:55:58,484 | INFO | ------------------------------
2026-01-15 11:55:58,484 | INFO | ------------------------------
2026-01-15 11:55:58,492 | INFO | File: Rhap-M0007-Pro | WER=36.000000 | S=13 D=49 I=1
2026-01-15 11:55:58,492 | INFO | ------------------------------
2026-01-15 11:55:58,492 | INFO | ------------------------------
2026-01-15 11:55:58,511 | INFO |  File duration: 627.7055625 seconds
2026-01-15 11:57:03,350 | INFO | Chunk: 0 | WER=0.000000 | S=0 D=0 I=0
2026-01-15 11:57:03,350 | INFO | Chunk: 1 | WER=0.000000 | S=0 D=0 I=0
2026-01-15 11:57:03,351 | INFO | Chunk: 2 | WER=28.571429 | S=3 D=3 I=0
2026-01-15 11:57:03,351 | INFO | Chunk: 3 | WER=0.000000 | S=0 D=0 I=0
2026-01-15 11:57:03,351 | INFO | Chunk: 4 | WER=0.000000 | S=0 D=0 I=0
2026-01-15 11:57:03,351 | INFO | Chunk: 5 | WER=0.000000 | S=0 D=0 I=0
2026-01-15 11:57:03,351 | INFO | Chunk: 6 | WER=0.000000 | S=0 D=0 I=0
2026-01-15 11:57:03,352 | INFO | Chunk: 7 | WER=0.000000 | S=0 D=0 I=0
2026-01-15 11:57:03,352 | INFO | Chunk: 8 | WER=0.000000 | S=0 D=0 I=0
2026-01-15 11:57:03,352 | INFO | Chunk: 9 | WER=0.000000 | S=0 D=0 I=0
2026-01-15 11:57:03,352 | INFO | Chunk: 10 | WER=50.000000 | S=1 D=0 I=0
2026-01-15 11:57:03,353 | INFO | Chunk: 11 | WER=11.111111 | S=2 D=0 I=1
2026-01-15 11:57:03,353 | INFO | Chunk: 12 | WER=100.000000 | S=2 D=2 I=0
2026-01-15 11:57:03,353 | INFO | Chunk: 13 | WER=0.000000 | S=0 D=0 I=0
2026-01-15 11:57:03,353 | INFO | Chunk: 14 | WER=28.571429 | S=0 D=0 I=2
2026-01-15 11:57:03,354 | INFO | Chunk: 15 | WER=4.545455 | S=0 D=0 I=1
2026-01-15 11:57:03,354 | INFO | Chunk: 16 | WER=16.666667 | S=1 D=0 I=1
2026-01-15 11:57:03,354 | INFO | Chunk: 17 | WER=0.000000 | S=0 D=0 I=0
2026-01-15 11:57:03,354 | INFO | Chunk: 18 | WER=0.000000 | S=0 D=0 I=0
2026-01-15 11:57:03,354 | INFO | Chunk: 19 | WER=12.500000 | S=0 D=0 I=2
2026-01-15 11:57:03,355 | INFO | Chunk: 20 | WER=0.000000 | S=0 D=0 I=0
2026-01-15 11:57:03,355 | INFO | Chunk: 21 | WER=16.666667 | S=1 D=0 I=0
2026-01-15 11:57:03,355 | INFO | Chunk: 22 | WER=33.333333 | S=0 D=0 I=2
2026-01-15 11:57:03,355 | INFO | Chunk: 23 | WER=23.076923 | S=1 D=2 I=0
2026-01-15 11:57:03,355 | INFO | Chunk: 24 | WER=0.000000 | S=0 D=0 I=0
2026-01-15 11:57:03,355 | INFO | Chunk: 25 | WER=0.000000 | S=0 D=0 I=0
2026-01-15 11:57:03,356 | INFO | Chunk: 26 | WER=0.000000 | S=0 D=0 I=0
2026-01-15 11:57:03,356 | INFO | Chunk: 27 | WER=0.000000 | S=0 D=0 I=0
2026-01-15 11:57:03,356 | INFO | Chunk: 28 | WER=33.333333 | S=2 D=0 I=0
2026-01-15 11:57:03,356 | INFO | Chunk: 29 | WER=30.769231 | S=2 D=0 I=2
2026-01-15 11:57:03,356 | INFO | Chunk: 30 | WER=0.000000 | S=0 D=0 I=0
2026-01-15 11:57:03,356 | INFO | Chunk: 31 | WER=33.333333 | S=0 D=0 I=1
2026-01-15 11:57:03,357 | INFO | Chunk: 32 | WER=0.000000 | S=0 D=0 I=0
2026-01-15 11:57:03,357 | INFO | Chunk: 33 | WER=13.333333 | S=1 D=0 I=1
2026-01-15 11:57:03,357 | INFO | Chunk: 34 | WER=33.333333 | S=0 D=0 I=1
2026-01-15 11:57:03,357 | INFO | Chunk: 35 | WER=0.000000 | S=1 D=0 I=0
2026-01-15 11:57:03,357 | INFO | Chunk: 36 | WER=0.000000 | S=0 D=0 I=0
2026-01-15 11:57:03,358 | INFO | Chunk: 37 | WER=20.000000 | S=4 D=0 I=1
2026-01-15 11:57:03,358 | INFO | Chunk: 38 | WER=0.000000 | S=0 D=0 I=0
2026-01-15 11:57:03,358 | INFO | Chunk: 39 | WER=0.000000 | S=0 D=0 I=0
2026-01-15 11:57:03,358 | INFO | Chunk: 40 | WER=0.000000 | S=0 D=0 I=0
2026-01-15 11:57:03,359 | INFO | Chunk: 41 | WER=50.000000 | S=0 D=0 I=3
2026-01-15 11:57:03,359 | INFO | Chunk: 42 | WER=0.000000 | S=0 D=0 I=0
2026-01-15 11:57:03,359 | INFO | Chunk: 43 | WER=28.571429 | S=0 D=0 I=2
2026-01-15 11:57:03,360 | INFO | Chunk: 44 | WER=0.000000 | S=0 D=0 I=0
2026-01-15 11:57:03,360 | INFO | Chunk: 45 | WER=11.111111 | S=1 D=0 I=0
2026-01-15 11:57:03,360 | INFO | Chunk: 46 | WER=9.090909 | S=1 D=0 I=0
2026-01-15 11:57:03,360 | INFO | Chunk: 47 | WER=200.000000 | S=0 D=0 I=2
2026-01-15 11:57:03,360 | INFO | Chunk: 48 | WER=0.000000 | S=0 D=0 I=0
2026-01-15 11:57:03,360 | INFO | Chunk: 49 | WER=0.000000 | S=0 D=0 I=0
2026-01-15 11:57:03,360 | INFO | Chunk: 50 | WER=66.666667 | S=1 D=1 I=0
2026-01-15 11:57:03,360 | INFO | Chunk: 51 | WER=50.000000 | S=0 D=1 I=1
2026-01-15 11:57:03,361 | INFO | Chunk: 52 | WER=0.000000 | S=0 D=0 I=0
2026-01-15 11:57:03,361 | INFO | Chunk: 53 | WER=5.882353 | S=1 D=0 I=0
2026-01-15 11:57:03,361 | INFO | Chunk: 54 | WER=0.000000 | S=0 D=0 I=0
2026-01-15 11:57:03,361 | INFO | Chunk: 55 | WER=0.000000 | S=0 D=0 I=0
2026-01-15 11:57:03,361 | INFO | Chunk: 56 | WER=0.000000 | S=0 D=0 I=0
2026-01-15 11:57:03,361 | INFO | Chunk: 57 | WER=11.111111 | S=0 D=0 I=1
2026-01-15 11:57:03,362 | INFO | Chunk: 58 | WER=40.000000 | S=1 D=0 I=1
2026-01-15 11:57:03,362 | INFO | Chunk: 59 | WER=50.000000 | S=1 D=0 I=0
2026-01-15 11:57:03,362 | INFO | Chunk: 60 | WER=66.666667 | S=0 D=0 I=2
2026-01-15 11:57:03,362 | INFO | Chunk: 61 | WER=42.857143 | S=2 D=1 I=0
2026-01-15 11:57:03,362 | INFO | Chunk: 62 | WER=100.000000 | S=0 D=0 I=2
2026-01-15 11:57:03,362 | INFO | Chunk: 63 | WER=8.333333 | S=1 D=0 I=0
2026-01-15 11:57:03,362 | INFO | Chunk: 64 | WER=7.692308 | S=1 D=0 I=0
2026-01-15 11:57:03,363 | INFO | Chunk: 65 | WER=5.555556 | S=1 D=0 I=0
2026-01-15 11:57:03,363 | INFO | Chunk: 66 | WER=14.285714 | S=0 D=0 I=1
2026-01-15 11:57:03,363 | INFO | Chunk: 67 | WER=0.000000 | S=0 D=0 I=0
2026-01-15 11:57:03,363 | INFO | Chunk: 68 | WER=0.000000 | S=1 D=0 I=0
2026-01-15 11:57:03,363 | INFO | Chunk: 69 | WER=0.000000 | S=0 D=0 I=0
2026-01-15 11:57:03,364 | INFO | Chunk: 70 | WER=0.000000 | S=0 D=0 I=0
2026-01-15 11:57:03,364 | INFO | Chunk: 71 | WER=12.500000 | S=0 D=0 I=1
2026-01-15 11:57:03,364 | INFO | Chunk: 72 | WER=25.000000 | S=0 D=0 I=2
2026-01-15 11:57:03,364 | INFO | Chunk: 73 | WER=0.000000 | S=0 D=0 I=0
2026-01-15 11:57:03,364 | INFO | Chunk: 74 | WER=25.000000 | S=0 D=0 I=1
2026-01-15 11:57:03,364 | INFO | Chunk: 75 | WER=25.000000 | S=0 D=1 I=0
2026-01-15 11:57:03,365 | INFO | Chunk: 76 | WER=23.809524 | S=4 D=0 I=1
2026-01-15 11:57:03,365 | INFO | Chunk: 77 | WER=0.000000 | S=0 D=0 I=0
2026-01-15 11:57:03,365 | INFO | Chunk: 78 | WER=60.000000 | S=2 D=0 I=1
2026-01-15 11:57:03,365 | INFO | Chunk: 79 | WER=0.000000 | S=0 D=0 I=0
2026-01-15 11:57:03,365 | INFO | Chunk: 80 | WER=25.000000 | S=0 D=0 I=1
2026-01-15 11:57:03,365 | INFO | Chunk: 81 | WER=12.500000 | S=0 D=0 I=1
2026-01-15 11:57:03,365 | INFO | Chunk: 82 | WER=0.000000 | S=0 D=0 I=0
2026-01-15 11:57:03,366 | INFO | Chunk: 83 | WER=0.000000 | S=0 D=0 I=0
2026-01-15 11:57:03,366 | INFO | Chunk: 84 | WER=40.000000 | S=2 D=0 I=0
2026-01-15 11:57:03,366 | INFO | Chunk: 85 | WER=18.181818 | S=1 D=0 I=1
2026-01-15 11:57:03,366 | INFO | Chunk: 86 | WER=0.000000 | S=0 D=0 I=0
2026-01-15 11:57:03,366 | INFO | Chunk: 87 | WER=0.000000 | S=0 D=0 I=0
2026-01-15 11:57:03,366 | INFO | Chunk: 88 | WER=0.000000 | S=0 D=0 I=0
2026-01-15 11:57:03,367 | INFO | Chunk: 89 | WER=0.000000 | S=0 D=0 I=0
2026-01-15 11:57:03,367 | INFO | Chunk: 90 | WER=100.000000 | S=2 D=0 I=0
2026-01-15 11:57:03,367 | INFO | Chunk: 91 | WER=15.384615 | S=1 D=0 I=1
2026-01-15 11:57:03,367 | INFO | Chunk: 92 | WER=20.000000 | S=0 D=0 I=2
2026-01-15 11:57:03,367 | INFO | Chunk: 93 | WER=16.666667 | S=0 D=0 I=1
2026-01-15 11:57:03,367 | INFO | Chunk: 94 | WER=37.500000 | S=0 D=0 I=3
2026-01-15 11:57:03,368 | INFO | Chunk: 95 | WER=0.000000 | S=0 D=0 I=0
2026-01-15 11:57:03,368 | INFO | Chunk: 96 | WER=20.000000 | S=0 D=0 I=1
2026-01-15 11:57:03,368 | INFO | Chunk: 97 | WER=0.000000 | S=0 D=0 I=0
2026-01-15 11:57:03,368 | INFO | Chunk: 98 | WER=0.000000 | S=0 D=0 I=0
2026-01-15 11:57:03,368 | INFO | Chunk: 99 | WER=12.500000 | S=0 D=0 I=1
2026-01-15 11:57:03,368 | INFO | Chunk: 100 | WER=28.571429 | S=1 D=0 I=1
2026-01-15 11:57:03,369 | INFO | Chunk: 101 | WER=21.428571 | S=1 D=0 I=2
2026-01-15 11:57:03,369 | INFO | Chunk: 102 | WER=0.000000 | S=0 D=0 I=0
2026-01-15 11:57:03,369 | INFO | Chunk: 103 | WER=20.000000 | S=0 D=0 I=1
2026-01-15 11:57:03,369 | INFO | Chunk: 104 | WER=10.526316 | S=1 D=0 I=1
2026-01-15 11:57:03,369 | INFO | Chunk: 105 | WER=5.882353 | S=0 D=0 I=1
2026-01-15 11:57:03,370 | INFO | Chunk: 106 | WER=0.000000 | S=0 D=0 I=0
2026-01-15 11:57:03,370 | INFO | Chunk: 107 | WER=0.000000 | S=0 D=0 I=0
2026-01-15 11:57:03,370 | INFO | Chunk: 108 | WER=25.000000 | S=0 D=0 I=1
2026-01-15 11:57:03,370 | INFO | Chunk: 109 | WER=0.000000 | S=0 D=0 I=0
2026-01-15 11:57:03,370 | INFO | Chunk: 110 | WER=0.000000 | S=0 D=0 I=0
2026-01-15 11:57:03,370 | INFO | Chunk: 111 | WER=11.111111 | S=1 D=0 I=0
2026-01-15 11:57:03,370 | INFO | Chunk: 112 | WER=250.000000 | S=2 D=0 I=3
2026-01-15 11:57:03,371 | INFO | Chunk: 113 | WER=5.263158 | S=1 D=0 I=0
2026-01-15 11:57:03,371 | INFO | Chunk: 114 | WER=9.090909 | S=1 D=0 I=0
2026-01-15 11:57:03,371 | INFO | Chunk: 115 | WER=33.333333 | S=1 D=0 I=0
2026-01-15 11:57:03,371 | INFO | Chunk: 116 | WER=50.000000 | S=0 D=0 I=1
2026-01-15 11:57:03,371 | INFO | Chunk: 117 | WER=7.692308 | S=0 D=0 I=1
2026-01-15 11:57:03,372 | INFO | Chunk: 118 | WER=50.000000 | S=0 D=0 I=1
2026-01-15 11:57:03,372 | INFO | Chunk: 119 | WER=0.000000 | S=0 D=0 I=0
2026-01-15 11:57:03,372 | INFO | Chunk: 120 | WER=12.500000 | S=2 D=0 I=0
2026-01-15 11:57:03,372 | INFO | Chunk: 121 | WER=15.384615 | S=1 D=0 I=1
2026-01-15 11:57:03,372 | INFO | Chunk: 122 | WER=0.000000 | S=0 D=0 I=0
2026-01-15 11:57:03,372 | INFO | Chunk: 123 | WER=0.000000 | S=0 D=0 I=0
2026-01-15 11:57:03,373 | INFO | Chunk: 124 | WER=11.111111 | S=1 D=0 I=1
2026-01-15 11:57:03,373 | INFO | Chunk: 125 | WER=16.666667 | S=0 D=0 I=1
2026-01-15 11:57:03,373 | INFO | Chunk: 126 | WER=0.000000 | S=0 D=0 I=0
2026-01-15 11:57:03,373 | INFO | Chunk: 127 | WER=18.181818 | S=0 D=0 I=2
2026-01-15 11:57:03,373 | INFO | Chunk: 128 | WER=0.000000 | S=0 D=0 I=0
2026-01-15 11:57:03,374 | INFO | Chunk: 129 | WER=0.000000 | S=0 D=0 I=0
2026-01-15 11:57:03,374 | INFO | Chunk: 130 | WER=0.000000 | S=0 D=0 I=0
2026-01-15 11:57:03,374 | INFO | Chunk: 131 | WER=11.111111 | S=0 D=0 I=1
2026-01-15 11:57:03,374 | INFO | Chunk: 132 | WER=0.000000 | S=0 D=0 I=0
2026-01-15 11:57:03,374 | INFO | Chunk: 133 | WER=0.000000 | S=0 D=0 I=0
2026-01-15 11:57:03,374 | INFO | Chunk: 134 | WER=0.000000 | S=0 D=0 I=0
2026-01-15 11:57:03,374 | INFO | Chunk: 135 | WER=66.666667 | S=0 D=0 I=2
2026-01-15 11:57:03,375 | INFO | Chunk: 136 | WER=0.000000 | S=0 D=0 I=0
2026-01-15 11:57:03,375 | INFO | Chunk: 137 | WER=25.000000 | S=1 D=0 I=1
2026-01-15 11:57:03,375 | INFO | Chunk: 138 | WER=14.285714 | S=0 D=0 I=1
2026-01-15 11:57:03,375 | INFO | Chunk: 139 | WER=9.090909 | S=1 D=0 I=0
2026-01-15 11:57:03,375 | INFO | Chunk: 140 | WER=30.000000 | S=1 D=0 I=2
2026-01-15 11:57:03,375 | INFO | ------------------------------
2026-01-15 11:57:03,375 | INFO | ------------------------------
2026-01-15 11:57:03,964 | INFO | File: Rhap-M2004-Pro | WER=11.949153 | S=59 D=9 I=73
2026-01-15 11:57:03,964 | INFO | ------------------------------
2026-01-15 11:57:03,964 | INFO | ------------------------------
2026-01-15 11:57:03,980 | INFO |  File duration: 307.7885 seconds
2026-01-15 11:57:21,941 | INFO | Chunk: 0 | WER=84.563758 | S=1 D=125 I=0
2026-01-15 11:57:21,943 | INFO | Chunk: 1 | WER=64.423077 | S=4 D=61 I=2
2026-01-15 11:57:21,944 | INFO | Chunk: 2 | WER=68.421053 | S=4 D=35 I=0
2026-01-15 11:57:21,945 | INFO | Chunk: 3 | WER=106.451613 | S=2 D=12 I=19
2026-01-15 11:57:21,946 | INFO | Chunk: 4 | WER=61.538462 | S=1 D=47 I=0
2026-01-15 11:57:21,948 | INFO | Chunk: 5 | WER=62.921348 | S=17 D=39 I=0
2026-01-15 11:57:21,950 | INFO | Chunk: 6 | WER=81.632653 | S=4 D=76 I=0
2026-01-15 11:57:21,951 | INFO | Chunk: 7 | WER=71.641791 | S=1 D=47 I=0
2026-01-15 11:57:21,951 | INFO | Chunk: 8 | WER=116.666667 | S=18 D=0 I=3
2026-01-15 11:57:21,953 | INFO | Chunk: 9 | WER=76.351351 | S=0 D=113 I=0
2026-01-15 11:57:21,954 | INFO | Chunk: 10 | WER=92.857143 | S=25 D=1 I=0
2026-01-15 11:57:21,957 | INFO | Chunk: 11 | WER=80.272109 | S=2 D=114 I=2
2026-01-15 11:57:21,957 | INFO | ------------------------------
2026-01-15 11:57:21,957 | INFO | ------------------------------
2026-01-15 11:57:22,106 | INFO | File: Rhap-D2011-Pro | WER=69.921105 | S=57 D=648 I=4
2026-01-15 11:57:22,106 | INFO | ------------------------------
2026-01-15 11:57:22,106 | INFO | ------------------------------
2026-01-15 11:57:22,106 | WARNING | The file /vol/corpora/Rhapsodie/wav16k_corrected/Rhap-D1003-Pro.wav does not exist
2026-01-15 11:57:22,106 | INFO |  File duration: 284.962125 seconds
2026-01-15 11:57:39,400 | INFO | Chunk: 0 | WER=52.777778 | S=3 D=15 I=1
2026-01-15 11:57:39,403 | INFO | Chunk: 1 | WER=58.241758 | S=13 D=40 I=0
2026-01-15 11:57:39,405 | INFO | Chunk: 2 | WER=76.146789 | S=7 D=76 I=0
2026-01-15 11:57:39,406 | INFO | Chunk: 3 | WER=85.321101 | S=2 D=91 I=0
2026-01-15 11:57:39,406 | INFO | Chunk: 4 | WER=13.043478 | S=2 D=1 I=0
2026-01-15 11:57:39,408 | INFO | Chunk: 5 | WER=85.148515 | S=4 D=82 I=0
2026-01-15 11:57:39,408 | INFO | Chunk: 6 | WER=95.774648 | S=1 D=67 I=0
2026-01-15 11:57:39,410 | INFO | Chunk: 7 | WER=73.033708 | S=4 D=61 I=0
2026-01-15 11:57:39,410 | INFO | Chunk: 8 | WER=57.627119 | S=2 D=32 I=0
2026-01-15 11:57:39,411 | INFO | Chunk: 9 | WER=93.577982 | S=1 D=101 I=0
2026-01-15 11:57:39,412 | INFO | Chunk: 10 | WER=42.857143 | S=4 D=20 I=0
2026-01-15 11:57:39,414 | INFO | Chunk: 11 | WER=25.531915 | S=5 D=7 I=0
2026-01-15 11:57:39,414 | INFO | Chunk: 12 | WER=75.555556 | S=0 D=34 I=0
2026-01-15 11:57:39,414 | INFO | Chunk: 13 | WER=70.000000 | S=3 D=4 I=0
2026-01-15 11:57:39,414 | INFO | Chunk: 14 | WER=50.000000 | S=0 D=4 I=0
2026-01-15 11:57:39,414 | INFO | ------------------------------
2026-01-15 11:57:39,414 | INFO | ------------------------------
2026-01-15 11:57:39,540 | INFO | File: Rhap-D0003-Pro | WER=71.235722 | S=50 D=635 I=1
2026-01-15 11:57:39,541 | INFO | ------------------------------
2026-01-15 11:57:39,541 | INFO | ------------------------------
2026-01-15 11:57:39,558 | INFO |  File duration: 499.3943125 seconds
2026-01-15 11:58:07,275 | INFO | Chunk: 0 | WER=87.979540 | S=14 D=329 I=1
2026-01-15 11:58:07,277 | INFO | Chunk: 1 | WER=66.666667 | S=10 D=47 I=3
2026-01-15 11:58:07,278 | INFO | Chunk: 2 | WER=93.103448 | S=12 D=15 I=0
2026-01-15 11:58:07,280 | INFO | Chunk: 3 | WER=69.767442 | S=3 D=87 I=0
2026-01-15 11:58:07,282 | INFO | Chunk: 4 | WER=81.578947 | S=0 D=93 I=0
2026-01-15 11:58:07,284 | INFO | Chunk: 5 | WER=68.627451 | S=3 D=66 I=1
2026-01-15 11:58:07,288 | INFO | Chunk: 6 | WER=81.900452 | S=1 D=180 I=0
2026-01-15 11:58:07,290 | INFO | Chunk: 7 | WER=92.957746 | S=45 D=21 I=0
2026-01-15 11:58:07,291 | INFO | Chunk: 8 | WER=81.333333 | S=10 D=42 I=9
2026-01-15 11:58:07,292 | INFO | Chunk: 9 | WER=73.684211 | S=1 D=55 I=0
2026-01-15 11:58:07,295 | INFO | Chunk: 10 | WER=64.843750 | S=7 D=76 I=0
2026-01-15 11:58:07,296 | INFO | Chunk: 11 | WER=95.652174 | S=20 D=2 I=0
2026-01-15 11:58:07,299 | INFO | Chunk: 12 | WER=71.069182 | S=3 D=110 I=0
2026-01-15 11:58:07,301 | INFO | Chunk: 13 | WER=61.445783 | S=0 D=51 I=0
2026-01-15 11:58:07,302 | INFO | Chunk: 14 | WER=80.869565 | S=0 D=93 I=0
2026-01-15 11:58:07,306 | INFO | Chunk: 15 | WER=88.755020 | S=2 D=219 I=0
2026-01-15 11:58:07,306 | INFO | ------------------------------
2026-01-15 11:58:07,306 | INFO | ------------------------------
2026-01-15 11:58:07,796 | INFO | File: Rhap-D2008-Pro | WER=74.744526 | S=52 D=1478 I=6
2026-01-15 11:58:07,796 | INFO | ------------------------------
2026-01-15 11:58:07,796 | INFO | ------------------------------
2026-01-15 11:58:07,813 | INFO |  File duration: 87.3930625 seconds
2026-01-15 11:58:16,057 | INFO | Chunk: 0 | WER=16.666667 | S=2 D=0 I=0
2026-01-15 11:58:16,058 | INFO | Chunk: 1 | WER=56.962025 | S=3 D=42 I=0
2026-01-15 11:58:16,059 | INFO | Chunk: 2 | WER=37.500000 | S=4 D=13 I=1
2026-01-15 11:58:16,060 | INFO | Chunk: 3 | WER=50.000000 | S=1 D=0 I=2
2026-01-15 11:58:16,060 | INFO | Chunk: 4 | WER=16.216216 | S=0 D=3 I=3
2026-01-15 11:58:16,060 | INFO | Chunk: 5 | WER=150.000000 | S=2 D=0 I=1
2026-01-15 11:58:16,061 | INFO | Chunk: 6 | WER=25.000000 | S=3 D=0 I=0
2026-01-15 11:58:16,061 | INFO | Chunk: 7 | WER=19.230769 | S=1 D=4 I=0
2026-01-15 11:58:16,062 | INFO | Chunk: 8 | WER=15.000000 | S=1 D=2 I=0
2026-01-15 11:58:16,062 | INFO | Chunk: 9 | WER=200.000000 | S=0 D=0 I=2
2026-01-15 11:58:16,062 | INFO | Chunk: 10 | WER=100.000000 | S=0 D=0 I=3
2026-01-15 11:58:16,062 | INFO | ------------------------------
2026-01-15 11:58:16,062 | INFO | ------------------------------
2026-01-15 11:58:16,080 | INFO | File: Rhap-M0018-Pro | WER=37.804878 | S=17 D=64 I=12
2026-01-15 11:58:16,081 | INFO | ------------------------------
2026-01-15 11:58:16,081 | INFO | ------------------------------
2026-01-15 11:58:16,081 | INFO |  File duration: 366.684875 seconds
2026-01-15 11:58:49,619 | INFO | Chunk: 0 | WER=100.000000 | S=1 D=0 I=3
2026-01-15 11:58:49,619 | INFO | Chunk: 1 | WER=25.000000 | S=0 D=4 I=0
2026-01-15 11:58:49,619 | INFO | Chunk: 2 | WER=39.130435 | S=3 D=6 I=0
2026-01-15 11:58:49,620 | INFO | Chunk: 3 | WER=27.272727 | S=0 D=3 I=0
2026-01-15 11:58:49,621 | INFO | Chunk: 4 | WER=93.442623 | S=2 D=112 I=0
2026-01-15 11:58:49,622 | INFO | Chunk: 5 | WER=49.122807 | S=1 D=27 I=0
2026-01-15 11:58:49,622 | INFO | Chunk: 6 | WER=43.750000 | S=2 D=5 I=0
2026-01-15 11:58:49,622 | INFO | Chunk: 7 | WER=93.103448 | S=2 D=25 I=0
2026-01-15 11:58:49,623 | INFO | Chunk: 8 | WER=37.837838 | S=5 D=9 I=0
2026-01-15 11:58:49,623 | INFO | Chunk: 9 | WER=38.461538 | S=1 D=9 I=0
2026-01-15 11:58:49,624 | INFO | Chunk: 10 | WER=33.333333 | S=3 D=7 I=0
2026-01-15 11:58:49,624 | INFO | Chunk: 11 | WER=100.000000 | S=1 D=2 I=0
2026-01-15 11:58:49,624 | INFO | Chunk: 12 | WER=80.645161 | S=2 D=23 I=0
2026-01-15 11:58:49,624 | INFO | Chunk: 13 | WER=28.571429 | S=0 D=2 I=0
2026-01-15 11:58:49,624 | INFO | Chunk: 14 | WER=16.666667 | S=1 D=0 I=0
2026-01-15 11:58:49,625 | INFO | Chunk: 15 | WER=77.272727 | S=2 D=15 I=0
2026-01-15 11:58:49,625 | INFO | Chunk: 16 | WER=42.857143 | S=4 D=8 I=0
2026-01-15 11:58:49,626 | INFO | Chunk: 17 | WER=61.038961 | S=1 D=46 I=0
2026-01-15 11:58:49,627 | INFO | Chunk: 18 | WER=30.000000 | S=0 D=6 I=0
2026-01-15 11:58:49,628 | INFO | Chunk: 19 | WER=41.176471 | S=4 D=16 I=1
2026-01-15 11:58:49,628 | INFO | Chunk: 20 | WER=27.272727 | S=1 D=2 I=0
2026-01-15 11:58:49,628 | INFO | Chunk: 21 | WER=40.000000 | S=0 D=2 I=0
2026-01-15 11:58:49,628 | INFO | Chunk: 22 | WER=0.000000 | S=0 D=0 I=0
2026-01-15 11:58:49,628 | INFO | Chunk: 23 | WER=26.666667 | S=0 D=4 I=0
2026-01-15 11:58:49,629 | INFO | Chunk: 24 | WER=71.428571 | S=4 D=1 I=0
2026-01-15 11:58:49,629 | INFO | Chunk: 25 | WER=47.058824 | S=0 D=8 I=0
2026-01-15 11:58:49,630 | INFO | Chunk: 26 | WER=17.857143 | S=4 D=5 I=1
2026-01-15 11:58:49,630 | INFO | Chunk: 27 | WER=28.571429 | S=1 D=3 I=0
2026-01-15 11:58:49,631 | INFO | Chunk: 28 | WER=30.000000 | S=0 D=3 I=0
2026-01-15 11:58:49,631 | INFO | Chunk: 29 | WER=50.000000 | S=0 D=2 I=0
2026-01-15 11:58:49,631 | INFO | Chunk: 30 | WER=20.000000 | S=1 D=0 I=0
2026-01-15 11:58:49,631 | INFO | Chunk: 31 | WER=0.000000 | S=0 D=0 I=0
2026-01-15 11:58:49,632 | INFO | Chunk: 32 | WER=77.777778 | S=4 D=59 I=0
2026-01-15 11:58:49,633 | INFO | Chunk: 33 | WER=19.230769 | S=1 D=4 I=0
2026-01-15 11:58:49,633 | INFO | Chunk: 34 | WER=25.000000 | S=2 D=3 I=0
2026-01-15 11:58:49,633 | INFO | Chunk: 35 | WER=34.482759 | S=1 D=9 I=0
2026-01-15 11:58:49,633 | INFO | Chunk: 36 | WER=28.571429 | S=1 D=0 I=1
2026-01-15 11:58:49,634 | INFO | Chunk: 37 | WER=77.777778 | S=0 D=7 I=0
2026-01-15 11:58:49,634 | INFO | Chunk: 38 | WER=80.882353 | S=1 D=54 I=0
2026-01-15 11:58:49,634 | INFO | Chunk: 39 | WER=33.333333 | S=0 D=1 I=0
2026-01-15 11:58:49,635 | INFO | Chunk: 40 | WER=30.000000 | S=3 D=8 I=1
2026-01-15 11:58:49,636 | INFO | Chunk: 41 | WER=22.727273 | S=1 D=4 I=0
2026-01-15 11:58:49,636 | INFO | Chunk: 42 | WER=0.000000 | S=0 D=0 I=0
2026-01-15 11:58:49,636 | INFO | Chunk: 43 | WER=30.000000 | S=1 D=2 I=0
2026-01-15 11:58:49,636 | INFO | Chunk: 44 | WER=27.272727 | S=0 D=5 I=1
2026-01-15 11:58:49,636 | INFO | Chunk: 45 | WER=200.000000 | S=1 D=0 I=1
2026-01-15 11:58:49,638 | INFO | Chunk: 46 | WER=46.666667 | S=11 D=17 I=0
2026-01-15 11:58:49,638 | INFO | Chunk: 47 | WER=100.000000 | S=1 D=0 I=0
2026-01-15 11:58:49,638 | INFO | Chunk: 48 | WER=25.806452 | S=3 D=5 I=0
2026-01-15 11:58:49,640 | INFO | Chunk: 49 | WER=52.173913 | S=6 D=30 I=0
2026-01-15 11:58:49,640 | INFO | ------------------------------
2026-01-15 11:58:49,640 | INFO | ------------------------------
2026-01-15 11:58:50,016 | INFO | File: Rhap-D0006-Pro | WER=51.017214 | S=86 D=560 I=6
2026-01-15 11:58:50,016 | INFO | ------------------------------
2026-01-15 11:58:50,016 | INFO | ------------------------------
2026-01-15 11:58:50,017 | INFO |  File duration: 100.442875 seconds
2026-01-15 11:58:58,186 | INFO | Chunk: 0 | WER=66.666667 | S=1 D=1 I=0
2026-01-15 11:58:58,187 | INFO | Chunk: 1 | WER=18.918919 | S=2 D=5 I=0
2026-01-15 11:58:58,187 | INFO | Chunk: 2 | WER=23.809524 | S=2 D=3 I=0
2026-01-15 11:58:58,188 | INFO | Chunk: 3 | WER=13.333333 | S=1 D=1 I=0
2026-01-15 11:58:58,188 | INFO | Chunk: 4 | WER=29.411765 | S=1 D=4 I=0
2026-01-15 11:58:58,189 | INFO | Chunk: 5 | WER=45.454545 | S=7 D=18 I=0
2026-01-15 11:58:58,190 | INFO | Chunk: 6 | WER=11.428571 | S=1 D=3 I=0
2026-01-15 11:58:58,190 | INFO | Chunk: 7 | WER=15.625000 | S=3 D=2 I=0
2026-01-15 11:58:58,191 | INFO | Chunk: 8 | WER=60.000000 | S=2 D=1 I=0
2026-01-15 11:58:58,191 | INFO | ------------------------------
2026-01-15 11:58:58,191 | INFO | ------------------------------
2026-01-15 11:58:58,206 | INFO | File: Rhap-M0022-Pro | WER=26.363636 | S=20 D=38 I=0
2026-01-15 11:58:58,206 | INFO | ------------------------------
2026-01-15 11:58:58,206 | INFO | ------------------------------
2026-01-15 11:58:58,206 | INFO |  File duration: 247.802875 seconds
2026-01-15 11:59:14,465 | INFO | Chunk: 0 | WER=67.857143 | S=4 D=53 I=0
2026-01-15 11:59:14,467 | INFO | Chunk: 1 | WER=77.215190 | S=3 D=58 I=0
2026-01-15 11:59:14,468 | INFO | Chunk: 2 | WER=15.555556 | S=3 D=4 I=0
2026-01-15 11:59:14,469 | INFO | Chunk: 3 | WER=58.904110 | S=9 D=34 I=0
2026-01-15 11:59:14,470 | INFO | Chunk: 4 | WER=71.014493 | S=0 D=49 I=0
2026-01-15 11:59:14,472 | INFO | Chunk: 5 | WER=59.595960 | S=4 D=53 I=2
2026-01-15 11:59:14,473 | INFO | Chunk: 6 | WER=13.333333 | S=0 D=4 I=0
2026-01-15 11:59:14,475 | INFO | Chunk: 7 | WER=72.897196 | S=2 D=76 I=0
2026-01-15 11:59:14,476 | INFO | Chunk: 8 | WER=64.772727 | S=8 D=49 I=0
2026-01-15 11:59:14,477 | INFO | Chunk: 9 | WER=16.666667 | S=1 D=3 I=0
2026-01-15 11:59:14,479 | INFO | Chunk: 10 | WER=69.072165 | S=4 D=63 I=0
2026-01-15 11:59:14,479 | INFO | ------------------------------
2026-01-15 11:59:14,479 | INFO | ------------------------------
2026-01-15 11:59:14,588 | INFO | File: Rhap-D2004-Pro | WER=61.132075 | S=38 D=446 I=2
2026-01-15 11:59:14,588 | INFO | ------------------------------
2026-01-15 11:59:14,589 | INFO | ------------------------------
2026-01-15 11:59:14,610 | INFO |  File duration: 50.091875 seconds
2026-01-15 11:59:19,950 | INFO | Chunk: 0 | WER=37.500000 | S=1 D=2 I=0
2026-01-15 11:59:19,951 | INFO | Chunk: 1 | WER=46.666667 | S=4 D=2 I=1
2026-01-15 11:59:19,951 | INFO | Chunk: 2 | WER=30.000000 | S=1 D=1 I=1
2026-01-15 11:59:19,951 | INFO | Chunk: 3 | WER=17.647059 | S=0 D=3 I=0
2026-01-15 11:59:19,951 | INFO | Chunk: 4 | WER=41.666667 | S=4 D=1 I=0
2026-01-15 11:59:19,951 | INFO | Chunk: 5 | WER=9.090909 | S=0 D=1 I=0
2026-01-15 11:59:19,952 | INFO | Chunk: 6 | WER=50.000000 | S=0 D=3 I=0
2026-01-15 11:59:19,953 | INFO | Chunk: 7 | WER=19.047619 | S=4 D=4 I=0
2026-01-15 11:59:19,953 | INFO | Chunk: 8 | WER=30.769231 | S=2 D=2 I=0
2026-01-15 11:59:19,953 | INFO | Chunk: 9 | WER=100.000000 | S=1 D=2 I=0
2026-01-15 11:59:19,953 | INFO | ------------------------------
2026-01-15 11:59:19,953 | INFO | ------------------------------
2026-01-15 11:59:19,959 | INFO | File: Rhap-M0001-Pro | WER=28.467153 | S=18 D=20 I=1
2026-01-15 11:59:19,960 | INFO | ------------------------------
2026-01-15 11:59:19,960 | INFO | ------------------------------
2026-01-15 11:59:19,976 | INFO |  File duration: 216.107375 seconds
2026-01-15 11:59:45,909 | INFO | Chunk: 0 | WER=0.000000 | S=0 D=0 I=0
2026-01-15 11:59:45,909 | INFO | Chunk: 1 | WER=0.000000 | S=0 D=0 I=0
2026-01-15 11:59:45,909 | INFO | Chunk: 2 | WER=33.333333 | S=2 D=1 I=1
2026-01-15 11:59:45,909 | INFO | Chunk: 3 | WER=0.000000 | S=0 D=0 I=0
2026-01-15 11:59:45,909 | INFO | Chunk: 4 | WER=25.000000 | S=2 D=0 I=0
2026-01-15 11:59:45,910 | INFO | Chunk: 5 | WER=0.000000 | S=0 D=0 I=0
2026-01-15 11:59:45,910 | INFO | Chunk: 6 | WER=5.882353 | S=0 D=1 I=0
2026-01-15 11:59:45,910 | INFO | Chunk: 7 | WER=0.000000 | S=0 D=0 I=0
2026-01-15 11:59:45,910 | INFO | Chunk: 8 | WER=0.000000 | S=0 D=0 I=0
2026-01-15 11:59:45,911 | INFO | Chunk: 9 | WER=14.285714 | S=1 D=0 I=0
2026-01-15 11:59:45,911 | INFO | Chunk: 10 | WER=16.666667 | S=1 D=0 I=0
2026-01-15 11:59:45,911 | INFO | Chunk: 11 | WER=0.000000 | S=0 D=0 I=0
2026-01-15 11:59:45,911 | INFO | Chunk: 12 | WER=0.000000 | S=0 D=0 I=0
2026-01-15 11:59:45,911 | INFO | Chunk: 13 | WER=0.000000 | S=0 D=0 I=0
2026-01-15 11:59:45,912 | INFO | Chunk: 14 | WER=0.000000 | S=0 D=0 I=0
2026-01-15 11:59:45,912 | INFO | Chunk: 15 | WER=0.000000 | S=0 D=0 I=0
2026-01-15 11:59:45,912 | INFO | Chunk: 16 | WER=0.000000 | S=0 D=0 I=0
2026-01-15 11:59:45,912 | INFO | Chunk: 17 | WER=0.000000 | S=0 D=0 I=0
2026-01-15 11:59:45,913 | INFO | Chunk: 18 | WER=5.882353 | S=1 D=0 I=0
2026-01-15 11:59:45,913 | INFO | Chunk: 19 | WER=28.571429 | S=1 D=1 I=0
2026-01-15 11:59:45,913 | INFO | Chunk: 20 | WER=100.000000 | S=1 D=1 I=0
2026-01-15 11:59:45,913 | INFO | Chunk: 21 | WER=0.000000 | S=0 D=0 I=0
2026-01-15 11:59:45,913 | INFO | Chunk: 22 | WER=0.000000 | S=0 D=0 I=0
2026-01-15 11:59:45,914 | INFO | Chunk: 23 | WER=7.692308 | S=1 D=0 I=0
2026-01-15 11:59:45,914 | INFO | Chunk: 24 | WER=0.000000 | S=0 D=0 I=0
2026-01-15 11:59:45,914 | INFO | Chunk: 25 | WER=5.263158 | S=1 D=0 I=0
2026-01-15 11:59:45,915 | INFO | Chunk: 26 | WER=0.000000 | S=0 D=0 I=0
2026-01-15 11:59:45,915 | INFO | Chunk: 27 | WER=0.000000 | S=0 D=0 I=0
2026-01-15 11:59:45,915 | INFO | Chunk: 28 | WER=0.000000 | S=0 D=0 I=0
2026-01-15 11:59:45,915 | INFO | Chunk: 29 | WER=0.000000 | S=0 D=0 I=0
2026-01-15 11:59:45,915 | INFO | Chunk: 30 | WER=0.000000 | S=0 D=0 I=0
2026-01-15 11:59:45,915 | INFO | Chunk: 31 | WER=0.000000 | S=0 D=0 I=0
2026-01-15 11:59:45,916 | INFO | Chunk: 32 | WER=0.000000 | S=0 D=0 I=0
2026-01-15 11:59:45,916 | INFO | Chunk: 33 | WER=12.500000 | S=1 D=0 I=0
2026-01-15 11:59:45,916 | INFO | Chunk: 34 | WER=0.000000 | S=0 D=0 I=0
2026-01-15 11:59:45,916 | INFO | Chunk: 35 | WER=0.000000 | S=0 D=0 I=0
2026-01-15 11:59:45,916 | INFO | Chunk: 36 | WER=0.000000 | S=0 D=0 I=0
2026-01-15 11:59:45,917 | INFO | Chunk: 37 | WER=4.000000 | S=0 D=1 I=0
2026-01-15 11:59:45,917 | INFO | Chunk: 38 | WER=0.000000 | S=0 D=0 I=0
2026-01-15 11:59:45,917 | INFO | Chunk: 39 | WER=0.000000 | S=0 D=0 I=0
2026-01-15 11:59:45,917 | INFO | Chunk: 40 | WER=6.250000 | S=0 D=1 I=0
2026-01-15 11:59:45,917 | INFO | Chunk: 41 | WER=0.000000 | S=0 D=0 I=0
2026-01-15 11:59:45,918 | INFO | Chunk: 42 | WER=0.000000 | S=0 D=0 I=0
2026-01-15 11:59:45,918 | INFO | Chunk: 43 | WER=0.000000 | S=0 D=0 I=0
2026-01-15 11:59:45,918 | INFO | Chunk: 44 | WER=11.111111 | S=1 D=0 I=0
2026-01-15 11:59:45,918 | INFO | Chunk: 45 | WER=9.090909 | S=1 D=0 I=0
2026-01-15 11:59:45,918 | INFO | Chunk: 46 | WER=0.000000 | S=0 D=0 I=0
2026-01-15 11:59:45,918 | INFO | Chunk: 47 | WER=0.000000 | S=0 D=0 I=0
2026-01-15 11:59:45,919 | INFO | Chunk: 48 | WER=6.666667 | S=0 D=0 I=1
2026-01-15 11:59:45,919 | INFO | Chunk: 49 | WER=6.666667 | S=1 D=0 I=0
2026-01-15 11:59:45,919 | INFO | Chunk: 50 | WER=50.000000 | S=4 D=0 I=0
2026-01-15 11:59:45,919 | INFO | ------------------------------
2026-01-15 11:59:45,919 | INFO | ------------------------------
2026-01-15 11:59:46,028 | INFO | File: Rhap-M2001-Pro | WER=5.018587 | S=19 D=6 I=2
2026-01-15 11:59:46,028 | INFO | ------------------------------
2026-01-15 11:59:46,028 | INFO | ------------------------------
2026-01-15 11:59:46,045 | INFO |  File duration: 262.3071875 seconds
2026-01-15 11:59:58,440 | INFO | Chunk: 0 | WER=33.333333 | S=1 D=2 I=0
2026-01-15 11:59:58,441 | INFO | Chunk: 1 | WER=97.235023 | S=0 D=211 I=0
2026-01-15 11:59:58,443 | INFO | Chunk: 2 | WER=55.737705 | S=1 D=33 I=0
2026-01-15 11:59:58,443 | INFO | Chunk: 3 | WER=21.428571 | S=4 D=5 I=0
2026-01-15 11:59:58,444 | INFO | Chunk: 4 | WER=82.456140 | S=3 D=44 I=0
2026-01-15 11:59:58,445 | INFO | Chunk: 5 | WER=96.250000 | S=4 D=73 I=0
2026-01-15 11:59:58,445 | INFO | Chunk: 6 | WER=33.333333 | S=0 D=5 I=0
2026-01-15 11:59:58,447 | INFO | Chunk: 7 | WER=91.525424 | S=4 D=158 I=0
2026-01-15 11:59:58,447 | INFO | Chunk: 8 | WER=0.000000 | S=1 D=0 I=3
2026-01-15 11:59:58,447 | INFO | Chunk: 9 | WER=0.000000 | S=1 D=0 I=4
2026-01-15 11:59:58,448 | INFO | Chunk: 10 | WER=79.729730 | S=3 D=55 I=1
2026-01-15 11:59:58,449 | INFO | Chunk: 11 | WER=72.602740 | S=6 D=47 I=0
2026-01-15 11:59:58,449 | INFO | Chunk: 12 | WER=27.272727 | S=1 D=0 I=2
2026-01-15 11:59:58,450 | INFO | Chunk: 13 | WER=73.170732 | S=5 D=25 I=0
2026-01-15 11:59:58,450 | INFO | Chunk: 14 | WER=100.000000 | S=1 D=0 I=0
2026-01-15 11:59:58,452 | INFO | Chunk: 15 | WER=87.234043 | S=2 D=121 I=0
2026-01-15 11:59:58,452 | INFO | ------------------------------
2026-01-15 11:59:58,452 | INFO | ------------------------------
2026-01-15 11:59:58,542 | INFO | File: Rhap-D2007-Pro | WER=81.181181 | S=42 D=768 I=1
2026-01-15 11:59:58,542 | INFO | ------------------------------
2026-01-15 11:59:58,542 | INFO | ------------------------------
2026-01-15 11:59:58,562 | INFO |  File duration: 48.8660625 seconds
2026-01-15 12:00:02,634 | INFO | Chunk: 0 | WER=23.076923 | S=1 D=2 I=0
2026-01-15 12:00:02,635 | INFO | Chunk: 1 | WER=62.962963 | S=0 D=34 I=0
2026-01-15 12:00:02,635 | INFO | Chunk: 2 | WER=59.375000 | S=4 D=14 I=1
2026-01-15 12:00:02,635 | INFO | Chunk: 3 | WER=66.666667 | S=5 D=7 I=0
2026-01-15 12:00:02,636 | INFO | Chunk: 4 | WER=26.190476 | S=5 D=4 I=2
2026-01-15 12:00:02,636 | INFO | ------------------------------
2026-01-15 12:00:02,636 | INFO | ------------------------------
2026-01-15 12:00:02,643 | INFO | File: Rhap-M0011-Pro | WER=49.056604 | S=16 D=60 I=2
2026-01-15 12:00:02,643 | INFO | ------------------------------
2026-01-15 12:00:02,643 | INFO | ------------------------------
2026-01-15 12:00:02,650 | INFO |  File duration: 246.5095625 seconds
2026-01-15 12:00:26,094 | INFO | Chunk: 0 | WER=70.000000 | S=2 D=68 I=0
2026-01-15 12:00:26,095 | INFO | Chunk: 1 | WER=78.160920 | S=0 D=68 I=0
2026-01-15 12:00:26,096 | INFO | Chunk: 2 | WER=50.000000 | S=3 D=34 I=0
2026-01-15 12:00:26,097 | INFO | Chunk: 3 | WER=34.782609 | S=2 D=5 I=1
2026-01-15 12:00:26,098 | INFO | Chunk: 4 | WER=29.166667 | S=3 D=11 I=0
2026-01-15 12:00:26,098 | INFO | Chunk: 5 | WER=6.666667 | S=0 D=2 I=0
2026-01-15 12:00:26,098 | INFO | Chunk: 6 | WER=40.000000 | S=0 D=1 I=1
2026-01-15 12:00:26,100 | INFO | Chunk: 7 | WER=51.219512 | S=6 D=36 I=0
2026-01-15 12:00:26,101 | INFO | Chunk: 8 | WER=37.500000 | S=2 D=7 I=0
2026-01-15 12:00:26,102 | INFO | Chunk: 9 | WER=28.571429 | S=0 D=16 I=0
2026-01-15 12:00:26,102 | INFO | Chunk: 10 | WER=17.241379 | S=2 D=3 I=0
2026-01-15 12:00:26,104 | INFO | Chunk: 11 | WER=66.666667 | S=1 D=51 I=0
2026-01-15 12:00:26,105 | INFO | Chunk: 12 | WER=10.256410 | S=1 D=1 I=2
2026-01-15 12:00:26,105 | INFO | Chunk: 13 | WER=23.076923 | S=3 D=5 I=1
2026-01-15 12:00:26,106 | INFO | Chunk: 14 | WER=48.780488 | S=10 D=7 I=3
2026-01-15 12:00:26,108 | INFO | Chunk: 15 | WER=17.857143 | S=6 D=3 I=1
2026-01-15 12:00:26,108 | INFO | ------------------------------
2026-01-15 12:00:26,108 | INFO | ------------------------------
2026-01-15 12:00:26,272 | INFO | File: Rhap-M1003-Pro | WER=45.129470 | S=45 D=315 I=6
2026-01-15 12:00:26,272 | INFO | ------------------------------
2026-01-15 12:00:26,273 | INFO | ------------------------------
2026-01-15 12:00:26,289 | INFO |  File duration: 44.344375 seconds
2026-01-15 12:00:29,763 | INFO | Chunk: 0 | WER=50.684932 | S=2 D=35 I=0
2026-01-15 12:00:29,764 | INFO | Chunk: 1 | WER=46.551724 | S=3 D=24 I=0
2026-01-15 12:00:29,764 | INFO | ------------------------------
2026-01-15 12:00:29,764 | INFO | ------------------------------
2026-01-15 12:00:29,768 | INFO | File: Rhap-M0024-Pro | WER=48.854962 | S=5 D=59 I=0
2026-01-15 12:00:29,768 | INFO | ------------------------------
2026-01-15 12:00:29,768 | INFO | ------------------------------
2026-01-15 12:00:29,768 | INFO |  File duration: 531.6108125 seconds
2026-01-15 12:01:14,813 | INFO | Chunk: 0 | WER=22.222222 | S=3 D=5 I=0
2026-01-15 12:01:14,813 | INFO | Chunk: 1 | WER=26.666667 | S=3 D=0 I=1
2026-01-15 12:01:14,814 | INFO | Chunk: 2 | WER=10.000000 | S=0 D=5 I=0
2026-01-15 12:01:14,815 | INFO | Chunk: 3 | WER=6.666667 | S=2 D=0 I=0
2026-01-15 12:01:14,816 | INFO | Chunk: 4 | WER=5.128205 | S=0 D=2 I=0
2026-01-15 12:01:14,816 | INFO | Chunk: 5 | WER=5.000000 | S=0 D=1 I=0
2026-01-15 12:01:14,817 | INFO | Chunk: 6 | WER=74.698795 | S=0 D=62 I=0
2026-01-15 12:01:14,819 | INFO | Chunk: 7 | WER=69.902913 | S=8 D=64 I=0
2026-01-15 12:01:14,820 | INFO | Chunk: 8 | WER=6.250000 | S=1 D=0 I=0
2026-01-15 12:01:14,820 | INFO | Chunk: 9 | WER=77.777778 | S=0 D=56 I=0
2026-01-15 12:01:14,821 | INFO | Chunk: 10 | WER=6.666667 | S=1 D=0 I=0
2026-01-15 12:01:14,821 | INFO | Chunk: 11 | WER=51.351351 | S=4 D=15 I=0
2026-01-15 12:01:14,822 | INFO | Chunk: 12 | WER=0.000000 | S=0 D=0 I=0
2026-01-15 12:01:14,822 | INFO | Chunk: 13 | WER=8.108108 | S=0 D=3 I=0
2026-01-15 12:01:14,823 | INFO | Chunk: 14 | WER=12.121212 | S=1 D=2 I=1
2026-01-15 12:01:14,823 | INFO | Chunk: 15 | WER=25.000000 | S=1 D=1 I=0
2026-01-15 12:01:14,823 | INFO | Chunk: 16 | WER=6.250000 | S=1 D=0 I=0
2026-01-15 12:01:14,824 | INFO | Chunk: 17 | WER=7.142857 | S=0 D=1 I=0
2026-01-15 12:01:14,825 | INFO | Chunk: 18 | WER=47.142857 | S=6 D=27 I=0
2026-01-15 12:01:14,827 | INFO | Chunk: 19 | WER=48.888889 | S=1 D=43 I=0
2026-01-15 12:01:14,830 | INFO | Chunk: 20 | WER=66.141732 | S=16 D=68 I=0
2026-01-15 12:01:14,832 | INFO | Chunk: 21 | WER=68.831169 | S=3 D=50 I=0
2026-01-15 12:01:14,833 | INFO | Chunk: 22 | WER=69.387755 | S=1 D=67 I=0
2026-01-15 12:01:14,835 | INFO | Chunk: 23 | WER=12.500000 | S=3 D=1 I=2
2026-01-15 12:01:14,836 | INFO | Chunk: 24 | WER=32.758621 | S=5 D=13 I=1
2026-01-15 12:01:14,836 | INFO | Chunk: 25 | WER=0.000000 | S=0 D=0 I=0
2026-01-15 12:01:14,837 | INFO | Chunk: 26 | WER=22.222222 | S=4 D=2 I=0
2026-01-15 12:01:14,838 | INFO | Chunk: 27 | WER=75.862069 | S=2 D=85 I=1
2026-01-15 12:01:14,839 | INFO | Chunk: 28 | WER=30.000000 | S=1 D=11 I=0
2026-01-15 12:01:14,841 | INFO | Chunk: 29 | WER=69.444444 | S=8 D=67 I=0
2026-01-15 12:01:14,844 | INFO | Chunk: 30 | WER=66.101695 | S=3 D=75 I=0
2026-01-15 12:01:14,845 | INFO | Chunk: 31 | WER=85.294118 | S=0 D=57 I=1
2026-01-15 12:01:14,845 | INFO | Chunk: 32 | WER=30.769231 | S=2 D=6 I=0
2026-01-15 12:01:14,846 | INFO | Chunk: 33 | WER=88.990826 | S=3 D=94 I=0
2026-01-15 12:01:14,847 | INFO | Chunk: 34 | WER=66.666667 | S=4 D=36 I=0
2026-01-15 12:01:14,848 | INFO | Chunk: 35 | WER=67.187500 | S=1 D=42 I=0
2026-01-15 12:01:14,848 | INFO | Chunk: 36 | WER=12.500000 | S=0 D=1 I=0
2026-01-15 12:01:14,849 | INFO | Chunk: 37 | WER=14.285714 | S=1 D=3 I=0
2026-01-15 12:01:14,849 | INFO | ------------------------------
2026-01-15 12:01:14,849 | INFO | ------------------------------
2026-01-15 12:01:15,687 | INFO | File: Rhap-D2001-Pro | WER=53.242836 | S=89 D=964 I=6
2026-01-15 12:01:15,687 | INFO | ------------------------------
2026-01-15 12:01:15,687 | INFO | ------------------------------
2026-01-15 12:01:15,702 | INFO |  File duration: 182.155375 seconds
2026-01-15 12:01:22,568 | INFO | Chunk: 0 | WER=89.801700 | S=6 D=311 I=0
2026-01-15 12:01:22,572 | INFO | Chunk: 1 | WER=64.341085 | S=9 D=73 I=1
2026-01-15 12:01:22,573 | INFO | Chunk: 2 | WER=91.772152 | S=2 D=143 I=0
2026-01-15 12:01:22,573 | INFO | ------------------------------
2026-01-15 12:01:22,573 | INFO | ------------------------------
2026-01-15 12:01:22,602 | INFO | File: Rhap-D2013-Pro | WER=85.156250 | S=17 D=527 I=1
2026-01-15 12:01:22,602 | INFO | ------------------------------
2026-01-15 12:01:22,602 | INFO | ------------------------------
2026-01-15 12:01:22,627 | INFO |  File duration: 385.5803125 seconds
2026-01-15 12:01:49,817 | INFO | Chunk: 0 | WER=41.025641 | S=0 D=16 I=0
2026-01-15 12:01:49,819 | INFO | Chunk: 1 | WER=64.077670 | S=14 D=52 I=0
2026-01-15 12:01:49,821 | INFO | Chunk: 2 | WER=59.139785 | S=1 D=54 I=0
2026-01-15 12:01:49,822 | INFO | Chunk: 3 | WER=65.384615 | S=0 D=51 I=0
2026-01-15 12:01:49,824 | INFO | Chunk: 4 | WER=74.257426 | S=10 D=65 I=0
2026-01-15 12:01:49,826 | INFO | Chunk: 5 | WER=58.904110 | S=5 D=38 I=0
2026-01-15 12:01:49,828 | INFO | Chunk: 6 | WER=65.178571 | S=10 D=63 I=0
2026-01-15 12:01:49,830 | INFO | Chunk: 7 | WER=61.445783 | S=4 D=47 I=0
2026-01-15 12:01:49,831 | INFO | Chunk: 8 | WER=83.098592 | S=3 D=56 I=0
2026-01-15 12:01:49,832 | INFO | Chunk: 9 | WER=43.421053 | S=4 D=29 I=0
2026-01-15 12:01:49,834 | INFO | Chunk: 10 | WER=22.641509 | S=3 D=7 I=2
2026-01-15 12:01:49,835 | INFO | Chunk: 11 | WER=72.448980 | S=0 D=71 I=0
2026-01-15 12:01:49,837 | INFO | Chunk: 12 | WER=58.333333 | S=4 D=45 I=0
2026-01-15 12:01:49,839 | INFO | Chunk: 13 | WER=58.426966 | S=16 D=36 I=0
2026-01-15 12:01:49,840 | INFO | Chunk: 14 | WER=41.269841 | S=1 D=25 I=0
2026-01-15 12:01:49,841 | INFO | Chunk: 15 | WER=82.795699 | S=2 D=75 I=0
2026-01-15 12:01:49,841 | INFO | ------------------------------
2026-01-15 12:01:49,842 | INFO | ------------------------------
2026-01-15 12:01:50,149 | INFO | File: Rhap-M2002-Pro | WER=61.726509 | S=76 D=730 I=2
2026-01-15 12:01:50,149 | INFO | ------------------------------
2026-01-15 12:01:50,149 | INFO | ------------------------------
2026-01-15 12:01:50,150 | INFO |  File duration: 201.1795625 seconds
2026-01-15 12:02:09,027 | INFO | Chunk: 0 | WER=21.052632 | S=1 D=1 I=2
2026-01-15 12:02:09,027 | INFO | Chunk: 1 | WER=44.000000 | S=0 D=11 I=0
2026-01-15 12:02:09,028 | INFO | Chunk: 2 | WER=22.916667 | S=1 D=6 I=4
2026-01-15 12:02:09,029 | INFO | Chunk: 3 | WER=100.000000 | S=2 D=0 I=0
2026-01-15 12:02:09,029 | INFO | Chunk: 4 | WER=72.916667 | S=6 D=29 I=0
2026-01-15 12:02:09,030 | INFO | Chunk: 5 | WER=39.024390 | S=1 D=10 I=5
2026-01-15 12:02:09,030 | INFO | Chunk: 6 | WER=100.000000 | S=2 D=2 I=0
2026-01-15 12:02:09,030 | INFO | Chunk: 7 | WER=50.000000 | S=0 D=1 I=3
2026-01-15 12:02:09,031 | INFO | Chunk: 8 | WER=47.619048 | S=2 D=3 I=5
2026-01-15 12:02:09,031 | INFO | Chunk: 9 | WER=62.500000 | S=1 D=4 I=0
2026-01-15 12:02:09,031 | INFO | Chunk: 10 | WER=60.000000 | S=0 D=4 I=2
2026-01-15 12:02:09,032 | INFO | Chunk: 11 | WER=56.521739 | S=3 D=5 I=5
2026-01-15 12:02:09,032 | INFO | Chunk: 12 | WER=100.000000 | S=0 D=5 I=5
2026-01-15 12:02:09,032 | INFO | Chunk: 13 | WER=33.333333 | S=1 D=4 I=1
2026-01-15 12:02:09,032 | INFO | Chunk: 14 | WER=24.000000 | S=0 D=4 I=2
2026-01-15 12:02:09,033 | INFO | Chunk: 15 | WER=20.000000 | S=0 D=1 I=1
2026-01-15 12:02:09,033 | INFO | Chunk: 16 | WER=100.000000 | S=3 D=0 I=0
2026-01-15 12:02:09,033 | INFO | Chunk: 17 | WER=30.000000 | S=1 D=6 I=2
2026-01-15 12:02:09,034 | INFO | Chunk: 18 | WER=65.151515 | S=4 D=39 I=0
2026-01-15 12:02:09,035 | INFO | Chunk: 19 | WER=100.000000 | S=5 D=1 I=4
2026-01-15 12:02:09,035 | INFO | Chunk: 20 | WER=100.000000 | S=11 D=1 I=0
2026-01-15 12:02:09,035 | INFO | Chunk: 21 | WER=62.500000 | S=2 D=3 I=0
2026-01-15 12:02:09,036 | INFO | Chunk: 22 | WER=50.000000 | S=0 D=22 I=0
2026-01-15 12:02:09,036 | INFO | Chunk: 23 | WER=51.219512 | S=1 D=15 I=5
2026-01-15 12:02:09,037 | INFO | Chunk: 24 | WER=62.666667 | S=0 D=47 I=0
2026-01-15 12:02:09,038 | INFO | ------------------------------
2026-01-15 12:02:09,038 | INFO | ------------------------------
2026-01-15 12:02:09,138 | INFO | File: Rhap-D0008-Pro | WER=44.499179 | S=49 D=200 I=22
2026-01-15 12:02:09,138 | INFO | ------------------------------
2026-01-15 12:02:09,138 | INFO | ------------------------------
2026-01-15 12:02:09,159 | INFO |  File duration: 293.795 seconds
2026-01-15 12:02:37,394 | INFO | Chunk: 0 | WER=0.000000 | S=0 D=0 I=0
2026-01-15 12:02:37,395 | INFO | Chunk: 1 | WER=0.000000 | S=0 D=0 I=0
2026-01-15 12:02:37,395 | INFO | Chunk: 2 | WER=0.000000 | S=0 D=0 I=0
2026-01-15 12:02:37,395 | INFO | Chunk: 3 | WER=0.000000 | S=0 D=0 I=0
2026-01-15 12:02:37,395 | INFO | Chunk: 4 | WER=0.000000 | S=0 D=0 I=0
2026-01-15 12:02:37,396 | INFO | Chunk: 5 | WER=3.846154 | S=1 D=0 I=0
2026-01-15 12:02:37,396 | INFO | Chunk: 6 | WER=8.333333 | S=1 D=0 I=0
2026-01-15 12:02:37,396 | INFO | Chunk: 7 | WER=0.000000 | S=0 D=0 I=0
2026-01-15 12:02:37,396 | INFO | Chunk: 8 | WER=14.285714 | S=2 D=0 I=0
2026-01-15 12:02:37,396 | INFO | Chunk: 9 | WER=0.000000 | S=0 D=0 I=0
2026-01-15 12:02:37,396 | INFO | Chunk: 10 | WER=0.000000 | S=0 D=0 I=0
2026-01-15 12:02:37,397 | INFO | Chunk: 11 | WER=0.000000 | S=0 D=0 I=0
2026-01-15 12:02:37,397 | INFO | Chunk: 12 | WER=0.000000 | S=0 D=0 I=0
2026-01-15 12:02:37,397 | INFO | Chunk: 13 | WER=0.000000 | S=0 D=0 I=0
2026-01-15 12:02:37,398 | INFO | Chunk: 14 | WER=0.000000 | S=0 D=0 I=0
2026-01-15 12:02:37,398 | INFO | Chunk: 15 | WER=0.000000 | S=0 D=0 I=0
2026-01-15 12:02:37,398 | INFO | Chunk: 16 | WER=0.000000 | S=0 D=0 I=0
2026-01-15 12:02:37,399 | INFO | Chunk: 17 | WER=0.000000 | S=0 D=0 I=0
2026-01-15 12:02:37,399 | INFO | Chunk: 18 | WER=0.000000 | S=0 D=0 I=0
2026-01-15 12:02:37,399 | INFO | Chunk: 19 | WER=0.000000 | S=0 D=0 I=0
2026-01-15 12:02:37,400 | INFO | Chunk: 20 | WER=0.000000 | S=0 D=0 I=0
2026-01-15 12:02:37,400 | INFO | Chunk: 21 | WER=20.000000 | S=1 D=0 I=0
2026-01-15 12:02:37,401 | INFO | Chunk: 22 | WER=40.000000 | S=0 D=14 I=0
2026-01-15 12:02:37,401 | INFO | Chunk: 23 | WER=0.000000 | S=0 D=0 I=0
2026-01-15 12:02:37,402 | INFO | Chunk: 24 | WER=30.188679 | S=0 D=16 I=0
2026-01-15 12:02:37,402 | INFO | Chunk: 25 | WER=0.000000 | S=0 D=0 I=0
2026-01-15 12:02:37,402 | INFO | Chunk: 26 | WER=0.000000 | S=0 D=0 I=0
2026-01-15 12:02:37,403 | INFO | Chunk: 27 | WER=10.000000 | S=0 D=0 I=1
2026-01-15 12:02:37,403 | INFO | Chunk: 28 | WER=0.000000 | S=0 D=0 I=0
2026-01-15 12:02:37,403 | INFO | Chunk: 29 | WER=0.000000 | S=0 D=0 I=0
2026-01-15 12:02:37,404 | INFO | Chunk: 30 | WER=12.500000 | S=1 D=4 I=1
2026-01-15 12:02:37,406 | INFO | Chunk: 31 | WER=43.939394 | S=3 D=24 I=2
2026-01-15 12:02:37,406 | INFO | Chunk: 32 | WER=0.000000 | S=0 D=0 I=0
2026-01-15 12:02:37,408 | INFO | Chunk: 33 | WER=26.865672 | S=1 D=17 I=0
2026-01-15 12:02:37,408 | INFO | Chunk: 34 | WER=0.000000 | S=0 D=0 I=0
2026-01-15 12:02:37,409 | INFO | Chunk: 35 | WER=3.125000 | S=1 D=0 I=0
2026-01-15 12:02:37,409 | INFO | ------------------------------
2026-01-15 12:02:37,409 | INFO | ------------------------------
2026-01-15 12:02:37,591 | INFO | File: Rhap-M2003-Pro | WER=12.396694 | S=11 D=75 I=4
2026-01-15 12:02:37,591 | INFO | ------------------------------
2026-01-15 12:02:37,591 | INFO | ------------------------------
2026-01-15 12:02:37,611 | INFO |  File duration: 41.7585625 seconds
2026-01-15 12:02:40,923 | INFO | Chunk: 0 | WER=55.555556 | S=1 D=3 I=6
2026-01-15 12:02:40,924 | INFO | Chunk: 1 | WER=61.363636 | S=0 D=27 I=0
2026-01-15 12:02:40,925 | INFO | Chunk: 2 | WER=49.180328 | S=3 D=27 I=0
2026-01-15 12:02:40,925 | INFO | ------------------------------
2026-01-15 12:02:40,925 | INFO | ------------------------------
2026-01-15 12:02:40,929 | INFO | File: Rhap-M0005-Pro | WER=49.593496 | S=10 D=51 I=0
2026-01-15 12:02:40,929 | INFO | ------------------------------
2026-01-15 12:02:40,929 | INFO | ------------------------------
2026-01-15 12:02:40,929 | INFO |  File duration: 310.9541875 seconds
2026-01-15 12:02:59,883 | INFO | Chunk: 0 | WER=42.857143 | S=0 D=1 I=8
2026-01-15 12:02:59,884 | INFO | Chunk: 1 | WER=61.904762 | S=7 D=5 I=1
2026-01-15 12:02:59,884 | INFO | Chunk: 2 | WER=54.347826 | S=2 D=23 I=0
2026-01-15 12:02:59,886 | INFO | Chunk: 3 | WER=82.417582 | S=1 D=72 I=2
2026-01-15 12:02:59,886 | INFO | Chunk: 4 | WER=81.818182 | S=6 D=2 I=1
2026-01-15 12:02:59,887 | INFO | Chunk: 5 | WER=71.641791 | S=5 D=43 I=0
2026-01-15 12:02:59,887 | INFO | Chunk: 6 | WER=150.000000 | S=8 D=0 I=4
2026-01-15 12:02:59,888 | INFO | Chunk: 7 | WER=74.285714 | S=7 D=42 I=3
2026-01-15 12:02:59,888 | INFO | Chunk: 8 | WER=100.000000 | S=4 D=0 I=0
2026-01-15 12:02:59,890 | INFO | Chunk: 9 | WER=69.369369 | S=3 D=74 I=0
2026-01-15 12:02:59,892 | INFO | Chunk: 10 | WER=83.177570 | S=6 D=83 I=0
2026-01-15 12:02:59,893 | INFO | Chunk: 11 | WER=89.166667 | S=3 D=104 I=0
2026-01-15 12:02:59,894 | INFO | Chunk: 12 | WER=76.000000 | S=0 D=38 I=0
2026-01-15 12:02:59,895 | INFO | Chunk: 13 | WER=65.573770 | S=5 D=35 I=0
2026-01-15 12:02:59,895 | INFO | Chunk: 14 | WER=84.883721 | S=0 D=73 I=0
2026-01-15 12:02:59,896 | INFO | Chunk: 15 | WER=84.782609 | S=4 D=35 I=0
2026-01-15 12:02:59,896 | INFO | Chunk: 16 | WER=77.777778 | S=9 D=5 I=0
2026-01-15 12:02:59,898 | INFO | Chunk: 17 | WER=88.888889 | S=5 D=107 I=0
2026-01-15 12:02:59,898 | INFO | Chunk: 18 | WER=92.307692 | S=2 D=4 I=6
2026-01-15 12:02:59,899 | INFO | Chunk: 19 | WER=63.829787 | S=1 D=29 I=0
2026-01-15 12:02:59,899 | INFO | Chunk: 20 | WER=73.333333 | S=1 D=6 I=4
2026-01-15 12:02:59,899 | INFO | Chunk: 21 | WER=175.000000 | S=4 D=0 I=3
2026-01-15 12:02:59,899 | INFO | Chunk: 22 | WER=106.250000 | S=2 D=5 I=10
2026-01-15 12:02:59,899 | INFO | Chunk: 23 | WER=100.000000 | S=3 D=0 I=0
2026-01-15 12:02:59,899 | INFO | ------------------------------
2026-01-15 12:02:59,899 | INFO | ------------------------------
2026-01-15 12:03:00,096 | INFO | File: Rhap-D0009-Pro | WER=74.956971 | S=77 D=769 I=25
2026-01-15 12:03:00,096 | INFO | ------------------------------
2026-01-15 12:03:00,096 | INFO | ------------------------------
2026-01-15 12:03:00,111 | INFO |  File duration: 86.2515625 seconds
2026-01-15 12:03:07,838 | INFO | Chunk: 0 | WER=0.000000 | S=0 D=0 I=0
2026-01-15 12:03:07,838 | INFO | Chunk: 1 | WER=0.000000 | S=0 D=0 I=0
2026-01-15 12:03:07,838 | INFO | Chunk: 2 | WER=33.333333 | S=1 D=0 I=0
2026-01-15 12:03:07,838 | INFO | Chunk: 3 | WER=0.000000 | S=0 D=0 I=0
2026-01-15 12:03:07,838 | INFO | Chunk: 4 | WER=200.000000 | S=1 D=0 I=1
2026-01-15 12:03:07,838 | INFO | Chunk: 5 | WER=40.000000 | S=0 D=2 I=0
2026-01-15 12:03:07,839 | INFO | Chunk: 6 | WER=33.333333 | S=5 D=5 I=0
2026-01-15 12:03:07,839 | INFO | Chunk: 7 | WER=0.000000 | S=0 D=0 I=0
2026-01-15 12:03:07,839 | INFO | Chunk: 8 | WER=50.000000 | S=0 D=1 I=0
2026-01-15 12:03:07,839 | INFO | Chunk: 9 | WER=0.000000 | S=0 D=0 I=0
2026-01-15 12:03:07,840 | INFO | Chunk: 10 | WER=31.578947 | S=1 D=4 I=1
2026-01-15 12:03:07,840 | INFO | Chunk: 11 | WER=15.000000 | S=1 D=2 I=0
2026-01-15 12:03:07,840 | INFO | Chunk: 12 | WER=13.043478 | S=1 D=2 I=0
2026-01-15 12:03:07,841 | INFO | Chunk: 13 | WER=35.714286 | S=8 D=5 I=2
2026-01-15 12:03:07,841 | INFO | Chunk: 14 | WER=8.333333 | S=0 D=0 I=1
2026-01-15 12:03:07,841 | INFO | ------------------------------
2026-01-15 12:03:07,841 | INFO | ------------------------------
2026-01-15 12:03:07,852 | INFO | File: Rhap-M0021-Pro | WER=25.287356 | S=18 D=21 I=5
2026-01-15 12:03:07,852 | INFO | ------------------------------
2026-01-15 12:03:07,852 | INFO | ------------------------------
2026-01-15 12:03:07,853 | INFO |  File duration: 355.425 seconds
2026-01-15 12:03:15,177 | INFO | Chunk: 0 | WER=95.027624 | S=2 D=170 I=0
2026-01-15 12:03:15,178 | INFO | Chunk: 1 | WER=44.186047 | S=1 D=18 I=0
2026-01-15 12:03:15,182 | INFO | Chunk: 2 | WER=91.200000 | S=9 D=219 I=0
2026-01-15 12:03:15,188 | INFO | Chunk: 3 | WER=98.852041 | S=3 D=772 I=0
2026-01-15 12:03:15,189 | INFO | Chunk: 4 | WER=94.520548 | S=1 D=68 I=0
2026-01-15 12:03:15,189 | INFO | ------------------------------
2026-01-15 12:03:15,189 | INFO | ------------------------------
2026-01-15 12:03:15,236 | INFO | File: Rhap-D2003-Pro | WER=94.815928 | S=15 D=1247 I=0
2026-01-15 12:03:15,236 | INFO | ------------------------------
2026-01-15 12:03:15,236 | INFO | ------------------------------
2026-01-15 12:03:15,255 | INFO |  File duration: 26.679375 seconds
2026-01-15 12:03:18,249 | INFO | Chunk: 0 | WER=16.129032 | S=1 D=0 I=4
2026-01-15 12:03:18,249 | INFO | Chunk: 1 | WER=66.666667 | S=0 D=4 I=2
2026-01-15 12:03:18,250 | INFO | Chunk: 2 | WER=54.054054 | S=4 D=8 I=8
2026-01-15 12:03:18,250 | INFO | ------------------------------
2026-01-15 12:03:18,250 | INFO | ------------------------------
2026-01-15 12:03:18,253 | INFO | File: Rhap-M0014-Pro | WER=28.571429 | S=6 D=7 I=9
2026-01-15 12:03:18,253 | INFO | ------------------------------
2026-01-15 12:03:18,253 | INFO | ------------------------------
2026-01-15 12:03:18,254 | INFO |  File duration: 25.8175 seconds
2026-01-15 12:03:19,980 | INFO | Chunk: 0 | WER=62.025316 | S=9 D=40 I=0
2026-01-15 12:03:19,981 | INFO | ------------------------------
2026-01-15 12:03:19,981 | INFO | ------------------------------
2026-01-15 12:03:19,982 | INFO | File: Rhap-M0015-Pro | WER=62.025316 | S=9 D=40 I=0
2026-01-15 12:03:19,982 | INFO | ------------------------------
2026-01-15 12:03:19,982 | INFO | ------------------------------
2026-01-15 12:03:19,982 | WARNING | The file /vol/corpora/Rhapsodie/wav16k_corrected/Rhap-M2006-Pro.wav does not exist
2026-01-15 12:03:19,983 | INFO |  File duration: 41.6643125 seconds
2026-01-15 12:03:22,658 | INFO | Chunk: 0 | WER=91.397849 | S=9 D=76 I=0
2026-01-15 12:03:22,659 | INFO | Chunk: 1 | WER=35.416667 | S=5 D=12 I=0
2026-01-15 12:03:22,659 | INFO | ------------------------------
2026-01-15 12:03:22,659 | INFO | ------------------------------
2026-01-15 12:03:22,662 | INFO | File: Rhap-D0007-Pro | WER=72.340426 | S=14 D=88 I=0
2026-01-15 12:03:22,662 | INFO | ------------------------------
2026-01-15 12:03:22,662 | INFO | ------------------------------
2026-01-15 12:03:22,665 | INFO |  File duration: 51.89 seconds
2026-01-15 12:03:26,819 | INFO | Chunk: 0 | WER=64.210526 | S=17 D=44 I=0
2026-01-15 12:03:26,820 | INFO | Chunk: 1 | WER=49.382716 | S=2 D=37 I=1
2026-01-15 12:03:26,820 | INFO | ------------------------------
2026-01-15 12:03:26,821 | INFO | ------------------------------
2026-01-15 12:03:26,827 | INFO | File: Rhap-M0013-Pro | WER=57.386364 | S=19 D=81 I=1
2026-01-15 12:03:26,827 | INFO | ------------------------------
2026-01-15 12:03:26,827 | INFO | ------------------------------
2026-01-15 12:03:26,845 | INFO |  File duration: 17.016 seconds
2026-01-15 12:03:28,867 | INFO | Chunk: 0 | WER=53.333333 | S=1 D=5 I=2
2026-01-15 12:03:28,867 | INFO | Chunk: 1 | WER=39.393939 | S=8 D=4 I=1
2026-01-15 12:03:28,867 | INFO | ------------------------------
2026-01-15 12:03:28,867 | INFO | ------------------------------
2026-01-15 12:03:28,869 | INFO | File: Rhap-M0012-Pro | WER=43.750000 | S=9 D=9 I=3
2026-01-15 12:03:28,869 | INFO | ------------------------------
2026-01-15 12:03:28,869 | INFO | ------------------------------
2026-01-15 12:03:28,873 | INFO |  File duration: 17.0718125 seconds
2026-01-15 12:03:30,181 | INFO | Chunk: 0 | WER=48.148148 | S=1 D=25 I=0
2026-01-15 12:03:30,181 | INFO | ------------------------------
2026-01-15 12:03:30,181 | INFO | ------------------------------
2026-01-15 12:03:30,182 | INFO | File: Rhap-M0008-Pro | WER=48.148148 | S=1 D=25 I=0
2026-01-15 12:03:30,182 | INFO | ------------------------------
2026-01-15 12:03:30,182 | INFO | ------------------------------
2026-01-15 12:03:30,202 | INFO |  File duration: 16.6030625 seconds
2026-01-15 12:03:32,556 | INFO | Chunk: 0 | WER=20.689655 | S=4 D=2 I=0
2026-01-15 12:03:32,557 | INFO | Chunk: 1 | WER=8.333333 | S=1 D=1 I=0
2026-01-15 12:03:32,557 | INFO | Chunk: 2 | WER=55.555556 | S=2 D=2 I=1
2026-01-15 12:03:32,557 | INFO | ------------------------------
2026-01-15 12:03:32,557 | INFO | ------------------------------
2026-01-15 12:03:32,558 | INFO | File: Rhap-M0010-Pro | WER=20.967742 | S=7 D=5 I=1
2026-01-15 12:03:32,559 | INFO | ------------------------------
2026-01-15 12:03:32,559 | INFO | ------------------------------
2026-01-15 12:03:32,559 | INFO | ===================== GLOBAL WER ======================
2026-01-15 12:03:32,559 | INFO | WER: 50.79%
2026-01-15 12:03:32,559 | INFO | =============================================================
