2026-01-14 11:58:28,139 | INFO | Fetch hyperparams.yaml: Using file found at '/vol/experiments3/imbenamor/TAPAS-FRAIS/models/asr-whisper-medium-commonvoice-fr/hyperparams.yaml'
2026-01-14 11:58:28,139 | DEBUG | Fetch: Source and destination '/vol/experiments3/imbenamor/TAPAS-FRAIS/models/asr-whisper-medium-commonvoice-fr/custom.py' are identical, returning assuming this is intended
2026-01-14 11:58:30,478 | WARNING | speechbrain.lobes.models.huggingface_transformers.huggingface - WhisperModel is frozen.
2026-01-14 11:58:30,478 | WARNING | speechbrain.lobes.models.huggingface_transformers.whisper - whisper encoder-decoder is frozen.
2026-01-14 11:58:30,607 | DEBUG | Collecting files (or symlinks) for pretraining in /vol/experiments3/imbenamor/TAPAS-FRAIS/models/asr-whisper-medium-commonvoice-fr.
2026-01-14 11:58:30,608 | INFO | Fetch whisper.ckpt: Using file found at '/vol/experiments3/imbenamor/TAPAS-FRAIS/models/asr-whisper-medium-commonvoice-fr/whisper.ckpt'
2026-01-14 11:58:30,608 | DEBUG | Set local path in self.paths["whisper"] = /vol/experiments3/imbenamor/TAPAS-FRAIS/models/asr-whisper-medium-commonvoice-fr/whisper.ckpt
2026-01-14 11:58:30,608 | INFO | Loading pretrained files for: whisper
2026-01-14 11:58:30,608 | DEBUG | Redirecting (loading from local path): whisper -> /vol/experiments3/imbenamor/TAPAS-FRAIS/models/asr-whisper-medium-commonvoice-fr/whisper.ckpt
2026-01-14 11:58:43,685 | INFO | Chunk: 0 | WER=44.186047 | S=4 D=15 I=0
2026-01-14 11:58:43,686 | INFO | Chunk: 1 | WER=8.108108 | S=2 D=1 I=0
2026-01-14 11:58:43,686 | INFO | Chunk: 2 | WER=0.000000 | S=0 D=0 I=0
2026-01-14 11:58:43,687 | INFO | Chunk: 3 | WER=12.500000 | S=0 D=0 I=1
2026-01-14 11:58:43,687 | INFO | Chunk: 4 | WER=7.142857 | S=0 D=1 I=0
2026-01-14 11:58:43,687 | INFO | Chunk: 5 | WER=33.333333 | S=1 D=2 I=0
2026-01-14 11:58:43,687 | INFO | ------------------------------
2026-01-14 11:58:43,687 | INFO | ------------------------------
2026-01-14 11:58:43,692 | INFO | File: MO_H_ER48_2017_01_28_ModuleDescription_description | WER=23.076923 | S=7 D=19 I=1
2026-01-14 11:58:43,692 | INFO | ------------------------------
2026-01-14 11:58:43,692 | INFO | ------------------------------
2026-01-14 11:58:48,423 | INFO | Chunk: 0 | WER=18.181818 | S=1 D=1 I=0
2026-01-14 11:58:48,424 | INFO | Chunk: 1 | WER=12.500000 | S=1 D=0 I=0
2026-01-14 11:58:48,424 | INFO | Chunk: 2 | WER=66.666667 | S=4 D=0 I=0
2026-01-14 11:58:48,424 | INFO | Chunk: 3 | WER=0.000000 | S=0 D=0 I=0
2026-01-14 11:58:48,424 | INFO | Chunk: 4 | WER=25.000000 | S=1 D=0 I=0
2026-01-14 11:58:48,424 | INFO | Chunk: 5 | WER=0.000000 | S=0 D=0 I=0
2026-01-14 11:58:48,424 | INFO | Chunk: 6 | WER=0.000000 | S=0 D=0 I=0
2026-01-14 11:58:48,425 | INFO | Chunk: 7 | WER=0.000000 | S=0 D=0 I=0
2026-01-14 11:58:48,425 | INFO | Chunk: 8 | WER=0.000000 | S=0 D=0 I=0
2026-01-14 11:58:48,425 | INFO | Chunk: 9 | WER=50.000000 | S=1 D=0 I=0
2026-01-14 11:58:48,425 | INFO | Chunk: 10 | WER=100.000000 | S=1 D=1 I=0
2026-01-14 11:58:48,425 | INFO | Chunk: 11 | WER=50.000000 | S=3 D=0 I=1
2026-01-14 11:58:48,425 | INFO | Chunk: 12 | WER=100.000000 | S=1 D=1 I=0
2026-01-14 11:58:48,425 | INFO | ------------------------------
2026-01-14 11:58:48,425 | INFO | ------------------------------
2026-01-14 11:58:48,428 | INFO | File: MO_F_ER19_2016_04_10_ModuleDescription_description | WER=21.621622 | S=14 D=2 I=0
2026-01-14 11:58:48,428 | INFO | ------------------------------
2026-01-14 11:58:48,428 | INFO | ------------------------------
2026-01-14 11:58:56,944 | INFO | Chunk: 0 | WER=9.090909 | S=1 D=0 I=0
2026-01-14 11:58:56,944 | INFO | Chunk: 1 | WER=16.666667 | S=1 D=0 I=0
2026-01-14 11:58:56,944 | INFO | Chunk: 2 | WER=9.090909 | S=1 D=0 I=0
2026-01-14 11:58:56,945 | INFO | Chunk: 3 | WER=18.181818 | S=2 D=0 I=0
2026-01-14 11:58:56,945 | INFO | Chunk: 4 | WER=16.666667 | S=1 D=0 I=0
2026-01-14 11:58:56,945 | INFO | Chunk: 5 | WER=21.428571 | S=2 D=1 I=0
2026-01-14 11:58:56,945 | INFO | Chunk: 6 | WER=0.000000 | S=0 D=0 I=0
2026-01-14 11:58:56,945 | INFO | Chunk: 7 | WER=33.333333 | S=1 D=0 I=0
2026-01-14 11:58:56,945 | INFO | Chunk: 8 | WER=14.285714 | S=1 D=0 I=0
2026-01-14 11:58:56,946 | INFO | Chunk: 9 | WER=0.000000 | S=0 D=0 I=0
2026-01-14 11:58:56,946 | INFO | Chunk: 10 | WER=15.384615 | S=1 D=1 I=0
2026-01-14 11:58:56,946 | INFO | Chunk: 11 | WER=44.444444 | S=4 D=0 I=0
2026-01-14 11:58:56,946 | INFO | Chunk: 12 | WER=8.333333 | S=0 D=1 I=0
2026-01-14 11:58:56,947 | INFO | Chunk: 13 | WER=25.000000 | S=2 D=2 I=0
2026-01-14 11:58:56,947 | INFO | Chunk: 14 | WER=42.857143 | S=1 D=2 I=0
2026-01-14 11:58:56,947 | INFO | Chunk: 15 | WER=100.000000 | S=1 D=0 I=0
2026-01-14 11:58:56,947 | INFO | ------------------------------
2026-01-14 11:58:56,947 | INFO | ------------------------------
2026-01-14 11:58:56,956 | INFO | File: MO_H_SD36_2016_06_23_ModuleDescription_description | WER=18.181818 | S=19 D=7 I=0
2026-01-14 11:58:56,956 | INFO | ------------------------------
2026-01-14 11:58:56,956 | INFO | ------------------------------
2026-01-14 11:59:09,508 | INFO | Chunk: 0 | WER=11.538462 | S=2 D=1 I=0
2026-01-14 11:59:09,508 | INFO | Chunk: 1 | WER=57.142857 | S=0 D=8 I=0
2026-01-14 11:59:09,508 | INFO | Chunk: 2 | WER=0.000000 | S=0 D=0 I=0
2026-01-14 11:59:09,508 | INFO | Chunk: 3 | WER=100.000000 | S=1 D=0 I=0
2026-01-14 11:59:09,508 | INFO | Chunk: 4 | WER=0.000000 | S=0 D=0 I=0
2026-01-14 11:59:09,508 | INFO | Chunk: 5 | WER=16.666667 | S=0 D=0 I=1
2026-01-14 11:59:09,508 | INFO | Chunk: 6 | WER=0.000000 | S=0 D=0 I=0
2026-01-14 11:59:09,509 | INFO | Chunk: 7 | WER=5.263158 | S=0 D=0 I=1
2026-01-14 11:59:09,509 | INFO | Chunk: 8 | WER=0.000000 | S=0 D=0 I=0
2026-01-14 11:59:09,509 | INFO | Chunk: 9 | WER=0.000000 | S=0 D=0 I=0
2026-01-14 11:59:09,509 | INFO | Chunk: 10 | WER=28.571429 | S=2 D=0 I=0
2026-01-14 11:59:09,509 | INFO | Chunk: 11 | WER=50.000000 | S=0 D=0 I=1
2026-01-14 11:59:09,510 | INFO | Chunk: 12 | WER=25.000000 | S=1 D=2 I=0
2026-01-14 11:59:09,510 | INFO | Chunk: 13 | WER=20.000000 | S=1 D=0 I=0
2026-01-14 11:59:09,510 | INFO | Chunk: 14 | WER=36.363636 | S=2 D=2 I=0
2026-01-14 11:59:09,510 | INFO | Chunk: 15 | WER=40.000000 | S=1 D=0 I=1
2026-01-14 11:59:09,510 | INFO | Chunk: 16 | WER=0.000000 | S=0 D=0 I=0
2026-01-14 11:59:09,511 | INFO | Chunk: 17 | WER=12.500000 | S=1 D=0 I=0
2026-01-14 11:59:09,511 | INFO | Chunk: 18 | WER=0.000000 | S=0 D=0 I=0
2026-01-14 11:59:09,511 | INFO | Chunk: 19 | WER=23.076923 | S=4 D=0 I=2
2026-01-14 11:59:09,512 | INFO | Chunk: 20 | WER=30.434783 | S=0 D=7 I=0
2026-01-14 11:59:09,512 | INFO | Chunk: 21 | WER=16.666667 | S=0 D=1 I=0
2026-01-14 11:59:09,512 | INFO | Chunk: 22 | WER=12.500000 | S=0 D=1 I=0
2026-01-14 11:59:09,512 | INFO | Chunk: 23 | WER=0.000000 | S=0 D=0 I=0
2026-01-14 11:59:09,512 | INFO | ------------------------------
2026-01-14 11:59:09,512 | INFO | ------------------------------
2026-01-14 11:59:09,532 | INFO | File: MO_H_SD11_2016_04_25_ModuleDescription_description | WER=19.026549 | S=15 D=22 I=6
2026-01-14 11:59:09,532 | INFO | ------------------------------
2026-01-14 11:59:09,532 | INFO | ------------------------------
2026-01-14 11:59:13,802 | INFO | Chunk: 0 | WER=0.000000 | S=0 D=0 I=0
2026-01-14 11:59:13,803 | INFO | Chunk: 1 | WER=8.333333 | S=1 D=0 I=0
2026-01-14 11:59:13,803 | INFO | Chunk: 2 | WER=100.000000 | S=3 D=0 I=0
2026-01-14 11:59:13,803 | INFO | Chunk: 3 | WER=0.000000 | S=0 D=0 I=0
2026-01-14 11:59:13,804 | INFO | Chunk: 4 | WER=2.777778 | S=1 D=0 I=0
2026-01-14 11:59:13,804 | INFO | Chunk: 5 | WER=53.846154 | S=4 D=1 I=2
2026-01-14 11:59:13,804 | INFO | Chunk: 6 | WER=60.000000 | S=1 D=2 I=0
2026-01-14 11:59:13,804 | INFO | ------------------------------
2026-01-14 11:59:13,804 | INFO | ------------------------------
2026-01-14 11:59:13,807 | INFO | File: MO_H_AV18_2016_04_18_ModuleDescription_description | WER=19.230769 | S=10 D=3 I=2
2026-01-14 11:59:13,807 | INFO | ------------------------------
2026-01-14 11:59:13,807 | INFO | ------------------------------
2026-01-14 11:59:16,844 | INFO | Chunk: 1 | WER=50.000000 | S=4 D=1 I=0
2026-01-14 11:59:16,844 | INFO | Chunk: 2 | WER=0.000000 | S=0 D=0 I=0
2026-01-14 11:59:16,845 | INFO | Chunk: 3 | WER=25.000000 | S=1 D=0 I=0
2026-01-14 11:59:16,845 | INFO | Chunk: 4 | WER=25.000000 | S=1 D=0 I=0
2026-01-14 11:59:16,845 | INFO | Chunk: 6 | WER=22.222222 | S=2 D=1 I=1
2026-01-14 11:59:16,845 | INFO | ------------------------------
2026-01-14 11:59:16,845 | INFO | ------------------------------
2026-01-14 11:59:16,846 | INFO | File: MO_F_ER02_2016_04_04_ModuleDescription_description | WER=32.558140 | S=9 D=1 I=4
2026-01-14 11:59:16,846 | INFO | ------------------------------
2026-01-14 11:59:16,846 | INFO | ------------------------------
2026-01-14 11:59:24,197 | INFO | Chunk: 0 | WER=38.709677 | S=2 D=10 I=0
2026-01-14 11:59:24,199 | INFO | Chunk: 1 | WER=55.844156 | S=8 D=33 I=2
2026-01-14 11:59:24,200 | INFO | Chunk: 2 | WER=31.578947 | S=4 D=14 I=0
2026-01-14 11:59:24,200 | INFO | Chunk: 3 | WER=21.052632 | S=2 D=2 I=0
2026-01-14 11:59:24,200 | INFO | Chunk: 4 | WER=0.000000 | S=0 D=0 I=0
2026-01-14 11:59:24,201 | INFO | ------------------------------
2026-01-14 11:59:24,201 | INFO | ------------------------------
2026-01-14 11:59:24,211 | INFO | File: MO_F_SD24_2016_05_03_ModuleDescription_description | WER=40.860215 | S=19 D=57 I=0
2026-01-14 11:59:24,211 | INFO | ------------------------------
2026-01-14 11:59:24,211 | INFO | ------------------------------
2026-01-14 11:59:31,622 | INFO | Chunk: 0 | WER=25.000000 | S=3 D=8 I=0
2026-01-14 11:59:31,622 | INFO | Chunk: 1 | WER=90.909091 | S=5 D=25 I=0
2026-01-14 11:59:31,623 | INFO | Chunk: 2 | WER=23.529412 | S=1 D=2 I=1
2026-01-14 11:59:31,623 | INFO | Chunk: 3 | WER=27.272727 | S=1 D=2 I=0
2026-01-14 11:59:31,623 | INFO | Chunk: 4 | WER=14.285714 | S=0 D=0 I=1
2026-01-14 11:59:31,624 | INFO | Chunk: 5 | WER=37.837838 | S=12 D=0 I=2
2026-01-14 11:59:31,624 | INFO | Chunk: 6 | WER=33.333333 | S=1 D=1 I=0
2026-01-14 11:59:31,624 | INFO | Chunk: 7 | WER=0.000000 | S=0 D=0 I=0
2026-01-14 11:59:31,624 | INFO | ------------------------------
2026-01-14 11:59:31,624 | INFO | ------------------------------
2026-01-14 11:59:31,633 | INFO | File: MO_H_ER24_2016_04_15_ModuleDescription_description | WER=40.000000 | S=24 D=37 I=3
2026-01-14 11:59:31,633 | INFO | ------------------------------
2026-01-14 11:59:31,633 | INFO | ------------------------------
2026-01-14 11:59:41,026 | INFO | Chunk: 0 | WER=23.255814 | S=3 D=7 I=0
2026-01-14 11:59:41,026 | INFO | Chunk: 1 | WER=0.000000 | S=0 D=0 I=0
2026-01-14 11:59:41,027 | INFO | Chunk: 2 | WER=20.000000 | S=2 D=1 I=0
2026-01-14 11:59:41,027 | INFO | Chunk: 3 | WER=6.250000 | S=1 D=0 I=0
2026-01-14 11:59:41,027 | INFO | Chunk: 4 | WER=100.000000 | S=2 D=0 I=0
2026-01-14 11:59:41,027 | INFO | Chunk: 5 | WER=28.571429 | S=1 D=1 I=0
2026-01-14 11:59:41,027 | INFO | Chunk: 6 | WER=0.000000 | S=0 D=0 I=0
2026-01-14 11:59:41,027 | INFO | Chunk: 7 | WER=100.000000 | S=2 D=0 I=0
2026-01-14 11:59:41,028 | INFO | Chunk: 8 | WER=0.000000 | S=0 D=0 I=0
2026-01-14 11:59:41,029 | INFO | Chunk: 10 | WER=9.756098 | S=2 D=1 I=1
2026-01-14 11:59:41,029 | INFO | Chunk: 11 | WER=48.780488 | S=3 D=17 I=0
2026-01-14 11:59:41,029 | INFO | ------------------------------
2026-01-14 11:59:41,029 | INFO | ------------------------------
2026-01-14 11:59:41,044 | INFO | File: MO_F_AV27_2016_05_14_ModuleDescription_description | WER=21.951220 | S=16 D=27 I=2
2026-01-14 11:59:41,044 | INFO | ------------------------------
2026-01-14 11:59:41,044 | INFO | ------------------------------
2026-01-14 11:59:46,184 | INFO | Chunk: 0 | WER=0.000000 | S=0 D=0 I=0
2026-01-14 11:59:46,184 | INFO | Chunk: 1 | WER=25.000000 | S=0 D=0 I=1
2026-01-14 11:59:46,185 | INFO | Chunk: 2 | WER=100.000000 | S=2 D=0 I=0
2026-01-14 11:59:46,185 | INFO | Chunk: 3 | WER=16.666667 | S=1 D=0 I=0
2026-01-14 11:59:46,185 | INFO | Chunk: 4 | WER=14.285714 | S=0 D=0 I=1
2026-01-14 11:59:46,185 | INFO | Chunk: 5 | WER=50.000000 | S=1 D=2 I=0
2026-01-14 11:59:46,185 | INFO | Chunk: 6 | WER=33.333333 | S=1 D=0 I=0
2026-01-14 11:59:46,185 | INFO | Chunk: 7 | WER=25.000000 | S=0 D=0 I=1
2026-01-14 11:59:46,185 | INFO | Chunk: 8 | WER=0.000000 | S=0 D=0 I=0
2026-01-14 11:59:46,186 | INFO | Chunk: 9 | WER=0.000000 | S=0 D=0 I=0
2026-01-14 11:59:46,186 | INFO | Chunk: 10 | WER=100.000000 | S=3 D=0 I=0
2026-01-14 11:59:46,186 | INFO | Chunk: 11 | WER=50.000000 | S=1 D=0 I=0
2026-01-14 11:59:46,186 | INFO | Chunk: 12 | WER=0.000000 | S=0 D=0 I=0
2026-01-14 11:59:46,186 | INFO | Chunk: 13 | WER=0.000000 | S=0 D=0 I=0
2026-01-14 11:59:46,186 | INFO | Chunk: 14 | WER=0.000000 | S=0 D=0 I=0
2026-01-14 11:59:46,186 | INFO | Chunk: 15 | WER=0.000000 | S=0 D=0 I=0
2026-01-14 11:59:46,186 | INFO | Chunk: 16 | WER=50.000000 | S=0 D=2 I=0
2026-01-14 11:59:46,187 | INFO | Chunk: 17 | WER=30.769231 | S=3 D=1 I=0
2026-01-14 11:59:46,187 | INFO | ------------------------------
2026-01-14 11:59:46,187 | INFO | ------------------------------
2026-01-14 11:59:46,190 | INFO | File: MO_F_SD22_2016_05_03_ModuleDescription_description | WER=24.096386 | S=12 D=5 I=3
2026-01-14 11:59:46,190 | INFO | ------------------------------
2026-01-14 11:59:46,190 | INFO | ------------------------------
2026-01-14 12:00:18,674 | INFO | Chunk: 0 | WER=100.000000 | S=1 D=0 I=0
2026-01-14 12:00:18,674 | INFO | Chunk: 1 | WER=71.428571 | S=2 D=3 I=0
2026-01-14 12:00:18,674 | INFO | Chunk: 2 | WER=100.000000 | S=2 D=0 I=1
2026-01-14 12:00:18,675 | INFO | Chunk: 3 | WER=20.833333 | S=1 D=3 I=1
2026-01-14 12:00:18,676 | INFO | Chunk: 4 | WER=78.571429 | S=0 D=66 I=0
2026-01-14 12:00:18,676 | INFO | Chunk: 5 | WER=87.179487 | S=2 D=32 I=0
2026-01-14 12:00:18,676 | INFO | Chunk: 6 | WER=37.500000 | S=1 D=2 I=0
2026-01-14 12:00:18,676 | INFO | Chunk: 7 | WER=9.523810 | S=0 D=2 I=0
2026-01-14 12:00:18,677 | INFO | Chunk: 8 | WER=17.647059 | S=1 D=2 I=0
2026-01-14 12:00:18,677 | INFO | Chunk: 9 | WER=14.285714 | S=0 D=0 I=1
2026-01-14 12:00:18,678 | INFO | Chunk: 10 | WER=25.000000 | S=2 D=6 I=1
2026-01-14 12:00:18,678 | INFO | Chunk: 11 | WER=0.000000 | S=0 D=0 I=0
2026-01-14 12:00:18,678 | INFO | Chunk: 12 | WER=15.000000 | S=1 D=0 I=2
2026-01-14 12:00:18,678 | INFO | Chunk: 13 | WER=33.333333 | S=2 D=2 I=0
2026-01-14 12:00:18,679 | INFO | Chunk: 15 | WER=40.000000 | S=0 D=0 I=4
2026-01-14 12:00:18,679 | INFO | Chunk: 16 | WER=75.000000 | S=0 D=0 I=3
2026-01-14 12:00:18,679 | INFO | Chunk: 17 | WER=71.428571 | S=3 D=2 I=0
2026-01-14 12:00:18,679 | INFO | Chunk: 18 | WER=100.000000 | S=1 D=1 I=0
2026-01-14 12:00:18,679 | INFO | Chunk: 19 | WER=11.111111 | S=1 D=0 I=0
2026-01-14 12:00:18,679 | INFO | Chunk: 20 | WER=0.000000 | S=0 D=0 I=0
2026-01-14 12:00:18,679 | INFO | Chunk: 21 | WER=0.000000 | S=0 D=0 I=0
2026-01-14 12:00:18,680 | INFO | Chunk: 22 | WER=40.000000 | S=5 D=2 I=1
2026-01-14 12:00:18,680 | INFO | Chunk: 23 | WER=75.000000 | S=3 D=3 I=0
2026-01-14 12:00:18,680 | INFO | Chunk: 24 | WER=0.000000 | S=0 D=0 I=0
2026-01-14 12:00:18,680 | INFO | Chunk: 25 | WER=50.000000 | S=3 D=1 I=0
2026-01-14 12:00:18,680 | INFO | Chunk: 26 | WER=66.666667 | S=2 D=0 I=0
2026-01-14 12:00:18,680 | INFO | Chunk: 27 | WER=83.333333 | S=4 D=1 I=0
2026-01-14 12:00:18,681 | INFO | Chunk: 28 | WER=42.857143 | S=2 D=0 I=1
2026-01-14 12:00:18,681 | INFO | Chunk: 29 | WER=100.000000 | S=4 D=1 I=0
2026-01-14 12:00:18,681 | INFO | Chunk: 30 | WER=46.153846 | S=5 D=6 I=1
2026-01-14 12:00:18,681 | INFO | Chunk: 31 | WER=66.666667 | S=3 D=1 I=0
2026-01-14 12:00:18,681 | INFO | Chunk: 32 | WER=8.333333 | S=0 D=1 I=0
2026-01-14 12:00:18,682 | INFO | Chunk: 33 | WER=50.000000 | S=2 D=0 I=0
2026-01-14 12:00:18,682 | INFO | Chunk: 34 | WER=100.000000 | S=0 D=0 I=1
2026-01-14 12:00:18,682 | INFO | Chunk: 35 | WER=44.444444 | S=3 D=1 I=0
2026-01-14 12:00:18,682 | INFO | Chunk: 38 | WER=52.631579 | S=6 D=4 I=0
2026-01-14 12:00:18,682 | INFO | Chunk: 39 | WER=57.142857 | S=2 D=1 I=1
2026-01-14 12:00:18,683 | INFO | Chunk: 40 | WER=30.000000 | S=1 D=1 I=1
2026-01-14 12:00:18,683 | INFO | Chunk: 41 | WER=0.000000 | S=0 D=0 I=0
2026-01-14 12:00:18,683 | INFO | Chunk: 42 | WER=57.142857 | S=6 D=6 I=0
2026-01-14 12:00:18,683 | INFO | Chunk: 43 | WER=6.666667 | S=1 D=0 I=0
2026-01-14 12:00:18,683 | INFO | Chunk: 44 | WER=0.000000 | S=0 D=0 I=0
2026-01-14 12:00:18,684 | INFO | Chunk: 45 | WER=0.000000 | S=0 D=0 I=0
2026-01-14 12:00:18,684 | INFO | Chunk: 46 | WER=10.000000 | S=0 D=2 I=0
2026-01-14 12:00:18,684 | INFO | Chunk: 47 | WER=0.000000 | S=0 D=0 I=0
2026-01-14 12:00:18,684 | INFO | Chunk: 48 | WER=28.571429 | S=1 D=1 I=4
2026-01-14 12:00:18,685 | INFO | Chunk: 49 | WER=83.333333 | S=2 D=2 I=6
2026-01-14 12:00:18,685 | INFO | Chunk: 50 | WER=55.555556 | S=4 D=1 I=0
2026-01-14 12:00:18,685 | INFO | Chunk: 51 | WER=0.000000 | S=0 D=0 I=0
2026-01-14 12:00:18,685 | INFO | Chunk: 52 | WER=20.000000 | S=2 D=1 I=0
2026-01-14 12:00:18,685 | INFO | Chunk: 53 | WER=25.000000 | S=1 D=0 I=1
2026-01-14 12:00:18,686 | INFO | Chunk: 54 | WER=0.000000 | S=0 D=0 I=0
2026-01-14 12:00:18,686 | INFO | Chunk: 55 | WER=0.000000 | S=0 D=0 I=0
2026-01-14 12:00:18,686 | INFO | Chunk: 56 | WER=33.333333 | S=2 D=1 I=0
2026-01-14 12:00:18,686 | INFO | Chunk: 57 | WER=30.769231 | S=1 D=2 I=1
2026-01-14 12:00:18,686 | INFO | Chunk: 58 | WER=0.000000 | S=0 D=0 I=0
2026-01-14 12:00:18,686 | INFO | ------------------------------
2026-01-14 12:00:18,686 | INFO | ------------------------------
2026-01-14 12:00:18,840 | INFO | File: MO_F_SD33_2016_06_22_ModuleDescription_description | WER=41.478130 | S=92 D=153 I=30
2026-01-14 12:00:18,841 | INFO | ------------------------------
2026-01-14 12:00:18,841 | INFO | ------------------------------
2026-01-14 12:00:24,329 | INFO | Chunk: 0 | WER=25.000000 | S=0 D=1 I=0
2026-01-14 12:00:24,331 | INFO | Chunk: 1 | WER=71.428571 | S=2 D=52 I=1
2026-01-14 12:00:24,332 | INFO | Chunk: 2 | WER=48.529412 | S=3 D=30 I=0
2026-01-14 12:00:24,333 | INFO | Chunk: 3 | WER=83.185841 | S=0 D=94 I=0
2026-01-14 12:00:24,334 | INFO | Chunk: 4 | WER=0.000000 | S=0 D=0 I=0
2026-01-14 12:00:24,334 | INFO | ------------------------------
2026-01-14 12:00:24,334 | INFO | ------------------------------
2026-01-14 12:00:24,343 | INFO | File: MO_F_AV09_2016_04_15_ModuleDescription_description | WER=69.581749 | S=5 D=177 I=1
2026-01-14 12:00:24,343 | INFO | ------------------------------
2026-01-14 12:00:24,343 | INFO | ------------------------------
2026-01-14 12:00:30,421 | INFO | Chunk: 0 | WER=64.814815 | S=2 D=33 I=0
2026-01-14 12:00:30,422 | INFO | Chunk: 1 | WER=8.333333 | S=1 D=1 I=0
2026-01-14 12:00:30,422 | INFO | Chunk: 2 | WER=66.666667 | S=1 D=0 I=1
2026-01-14 12:00:30,422 | INFO | Chunk: 3 | WER=3.571429 | S=1 D=0 I=0
2026-01-14 12:00:30,423 | INFO | Chunk: 4 | WER=11.764706 | S=2 D=0 I=0
2026-01-14 12:00:30,423 | INFO | Chunk: 5 | WER=50.000000 | S=1 D=0 I=1
2026-01-14 12:00:30,423 | INFO | ------------------------------
2026-01-14 12:00:30,423 | INFO | ------------------------------
2026-01-14 12:00:30,429 | INFO | File: MO_H_ER09_2016_04_07_ModuleDescription_description | WER=33.846154 | S=8 D=34 I=2
2026-01-14 12:00:30,429 | INFO | ------------------------------
2026-01-14 12:00:30,429 | INFO | ------------------------------
2026-01-14 12:00:37,009 | INFO | Chunk: 0 | WER=0.000000 | S=0 D=0 I=0
2026-01-14 12:00:37,010 | INFO | Chunk: 1 | WER=8.333333 | S=0 D=1 I=0
2026-01-14 12:00:37,010 | INFO | Chunk: 2 | WER=16.666667 | S=1 D=0 I=0
2026-01-14 12:00:37,010 | INFO | Chunk: 3 | WER=0.000000 | S=0 D=0 I=0
2026-01-14 12:00:37,010 | INFO | Chunk: 4 | WER=25.000000 | S=0 D=0 I=1
2026-01-14 12:00:37,010 | INFO | Chunk: 5 | WER=0.000000 | S=0 D=0 I=0
2026-01-14 12:00:37,011 | INFO | Chunk: 6 | WER=57.142857 | S=4 D=0 I=0
2026-01-14 12:00:37,011 | INFO | Chunk: 7 | WER=50.000000 | S=2 D=2 I=0
2026-01-14 12:00:37,011 | INFO | Chunk: 8 | WER=0.000000 | S=0 D=0 I=0
2026-01-14 12:00:37,011 | INFO | Chunk: 9 | WER=8.333333 | S=1 D=0 I=0
2026-01-14 12:00:37,011 | INFO | Chunk: 10 | WER=10.000000 | S=0 D=1 I=0
2026-01-14 12:00:37,012 | INFO | Chunk: 11 | WER=0.000000 | S=0 D=0 I=0
2026-01-14 12:00:37,012 | INFO | ------------------------------
2026-01-14 12:00:37,012 | INFO | ------------------------------
2026-01-14 12:00:37,018 | INFO | File: MO_F_AV25_2016_05_14_ModuleDescription_description | WER=10.569106 | S=8 D=4 I=1
2026-01-14 12:00:37,018 | INFO | ------------------------------
2026-01-14 12:00:37,018 | INFO | ------------------------------
2026-01-14 12:00:48,603 | INFO | Chunk: 0 | WER=20.000000 | S=1 D=1 I=0
2026-01-14 12:00:48,603 | INFO | Chunk: 1 | WER=10.000000 | S=0 D=0 I=1
2026-01-14 12:00:48,603 | INFO | Chunk: 2 | WER=25.000000 | S=2 D=3 I=0
2026-01-14 12:00:48,604 | INFO | Chunk: 3 | WER=0.000000 | S=0 D=0 I=0
2026-01-14 12:00:48,604 | INFO | Chunk: 4 | WER=26.666667 | S=0 D=4 I=0
2026-01-14 12:00:48,604 | INFO | Chunk: 5 | WER=15.384615 | S=2 D=0 I=0
2026-01-14 12:00:48,604 | INFO | Chunk: 6 | WER=0.000000 | S=0 D=0 I=0
2026-01-14 12:00:48,605 | INFO | Chunk: 7 | WER=21.739130 | S=2 D=3 I=0
2026-01-14 12:00:48,605 | INFO | Chunk: 8 | WER=0.000000 | S=0 D=0 I=0
2026-01-14 12:00:48,605 | INFO | Chunk: 9 | WER=40.000000 | S=3 D=0 I=1
2026-01-14 12:00:48,605 | INFO | Chunk: 10 | WER=11.111111 | S=0 D=1 I=0
2026-01-14 12:00:48,606 | INFO | Chunk: 11 | WER=38.461538 | S=1 D=9 I=0
2026-01-14 12:00:48,606 | INFO | Chunk: 13 | WER=57.894737 | S=1 D=3 I=7
2026-01-14 12:00:48,606 | INFO | Chunk: 14 | WER=53.333333 | S=3 D=4 I=1
2026-01-14 12:00:48,606 | INFO | Chunk: 15 | WER=16.666667 | S=1 D=0 I=0
2026-01-14 12:00:48,607 | INFO | Chunk: 19 | WER=50.000000 | S=3 D=6 I=0
2026-01-14 12:00:48,607 | INFO | Chunk: 20 | WER=100.000000 | S=1 D=1 I=0
2026-01-14 12:00:48,607 | INFO | ------------------------------
2026-01-14 12:00:48,607 | INFO | ------------------------------
2026-01-14 12:00:48,626 | INFO | File: MO_H_ER47_2017_03_31_ModuleDescription_description | WER=32.599119 | S=24 D=31 I=19
2026-01-14 12:00:48,626 | INFO | ------------------------------
2026-01-14 12:00:48,626 | INFO | ------------------------------
2026-01-14 12:01:07,589 | INFO | Chunk: 0 | WER=12.000000 | S=0 D=3 I=0
2026-01-14 12:01:07,590 | INFO | Chunk: 1 | WER=65.517241 | S=0 D=38 I=0
2026-01-14 12:01:07,591 | INFO | Chunk: 2 | WER=7.894737 | S=0 D=3 I=0
2026-01-14 12:01:07,591 | INFO | Chunk: 3 | WER=0.000000 | S=0 D=0 I=0
2026-01-14 12:01:07,591 | INFO | Chunk: 4 | WER=15.000000 | S=2 D=1 I=0
2026-01-14 12:01:07,592 | INFO | Chunk: 5 | WER=65.306122 | S=2 D=30 I=0
2026-01-14 12:01:07,592 | INFO | Chunk: 6 | WER=0.000000 | S=0 D=0 I=0
2026-01-14 12:01:07,593 | INFO | Chunk: 7 | WER=13.333333 | S=0 D=2 I=0
2026-01-14 12:01:07,593 | INFO | Chunk: 8 | WER=25.000000 | S=1 D=2 I=0
2026-01-14 12:01:07,593 | INFO | Chunk: 9 | WER=42.857143 | S=6 D=2 I=1
2026-01-14 12:01:07,594 | INFO | Chunk: 10 | WER=40.476190 | S=1 D=15 I=1
2026-01-14 12:01:07,594 | INFO | Chunk: 11 | WER=0.000000 | S=0 D=0 I=0
2026-01-14 12:01:07,594 | INFO | Chunk: 12 | WER=30.000000 | S=1 D=1 I=1
2026-01-14 12:01:07,596 | INFO | Chunk: 13 | WER=37.037037 | S=11 D=7 I=2
2026-01-14 12:01:07,596 | INFO | Chunk: 14 | WER=0.000000 | S=0 D=0 I=0
2026-01-14 12:01:07,597 | INFO | Chunk: 15 | WER=3.225806 | S=0 D=1 I=0
2026-01-14 12:01:07,597 | INFO | ------------------------------
2026-01-14 12:01:07,597 | INFO | ------------------------------
2026-01-14 12:01:07,649 | INFO | File: MO_H_SD13_2016_08_13_ModuleDescription_description | WER=32.289157 | S=24 D=105 I=5
2026-01-14 12:01:07,649 | INFO | ------------------------------
2026-01-14 12:01:07,650 | INFO | ------------------------------
2026-01-14 12:01:18,104 | INFO | Chunk: 0 | WER=75.000000 | S=3 D=0 I=0
2026-01-14 12:01:18,104 | INFO | Chunk: 1 | WER=0.000000 | S=0 D=0 I=0
2026-01-14 12:01:18,105 | INFO | Chunk: 2 | WER=13.333333 | S=0 D=2 I=0
2026-01-14 12:01:18,105 | INFO | Chunk: 3 | WER=27.272727 | S=2 D=1 I=0
2026-01-14 12:01:18,105 | INFO | Chunk: 4 | WER=0.000000 | S=0 D=0 I=0
2026-01-14 12:01:18,105 | INFO | Chunk: 5 | WER=100.000000 | S=1 D=0 I=0
2026-01-14 12:01:18,105 | INFO | Chunk: 6 | WER=0.000000 | S=0 D=0 I=0
2026-01-14 12:01:18,106 | INFO | Chunk: 7 | WER=40.000000 | S=1 D=1 I=0
2026-01-14 12:01:18,106 | INFO | Chunk: 8 | WER=0.000000 | S=0 D=0 I=0
2026-01-14 12:01:18,106 | INFO | Chunk: 9 | WER=0.000000 | S=0 D=0 I=0
2026-01-14 12:01:18,106 | INFO | Chunk: 10 | WER=100.000000 | S=3 D=1 I=0
2026-01-14 12:01:18,106 | INFO | Chunk: 11 | WER=7.142857 | S=0 D=0 I=1
2026-01-14 12:01:18,106 | INFO | Chunk: 12 | WER=44.444444 | S=2 D=0 I=2
2026-01-14 12:01:18,107 | INFO | Chunk: 13 | WER=21.739130 | S=1 D=4 I=0
2026-01-14 12:01:18,107 | INFO | Chunk: 14 | WER=100.000000 | S=3 D=1 I=0
2026-01-14 12:01:18,107 | INFO | Chunk: 15 | WER=28.571429 | S=1 D=2 I=1
2026-01-14 12:01:18,108 | INFO | Chunk: 16 | WER=31.250000 | S=4 D=6 I=0
2026-01-14 12:01:18,108 | INFO | Chunk: 17 | WER=300.000000 | S=1 D=0 I=2
2026-01-14 12:01:18,108 | INFO | Chunk: 19 | WER=0.000000 | S=0 D=0 I=0
2026-01-14 12:01:18,108 | INFO | Chunk: 20 | WER=12.500000 | S=1 D=0 I=0
2026-01-14 12:01:18,108 | INFO | Chunk: 21 | WER=63.636364 | S=5 D=2 I=0
2026-01-14 12:01:18,108 | INFO | ------------------------------
2026-01-14 12:01:18,108 | INFO | ------------------------------
2026-01-14 12:01:18,125 | INFO | File: MO_H_ER47_2017_01_27_ModuleDescription_description | WER=28.229665 | S=28 D=20 I=11
2026-01-14 12:01:18,125 | INFO | ------------------------------
2026-01-14 12:01:18,125 | INFO | ------------------------------
2026-01-14 12:01:25,610 | INFO | Chunk: 0 | WER=10.000000 | S=1 D=0 I=0
2026-01-14 12:01:25,611 | INFO | Chunk: 1 | WER=16.666667 | S=2 D=1 I=0
2026-01-14 12:01:25,611 | INFO | Chunk: 2 | WER=39.130435 | S=6 D=2 I=1
2026-01-14 12:01:25,612 | INFO | Chunk: 3 | WER=11.764706 | S=3 D=1 I=0
2026-01-14 12:01:25,612 | INFO | Chunk: 4 | WER=25.000000 | S=2 D=0 I=0
2026-01-14 12:01:25,612 | INFO | Chunk: 5 | WER=0.000000 | S=0 D=0 I=0
2026-01-14 12:01:25,612 | INFO | Chunk: 6 | WER=16.666667 | S=2 D=1 I=0
2026-01-14 12:01:25,613 | INFO | Chunk: 7 | WER=26.666667 | S=2 D=2 I=0
2026-01-14 12:01:25,613 | INFO | Chunk: 8 | WER=16.666667 | S=0 D=1 I=0
2026-01-14 12:01:25,613 | INFO | Chunk: 9 | WER=40.000000 | S=1 D=3 I=0
2026-01-14 12:01:25,613 | INFO | ------------------------------
2026-01-14 12:01:25,613 | INFO | ------------------------------
2026-01-14 12:01:25,622 | INFO | File: MO_F_ER08_2016_06_08_ModuleDescription_description | WER=21.232877 | S=19 D=11 I=1
2026-01-14 12:01:25,622 | INFO | ------------------------------
2026-01-14 12:01:25,622 | INFO | ------------------------------
2026-01-14 12:01:38,151 | INFO | Chunk: 0 | WER=0.000000 | S=0 D=0 I=0
2026-01-14 12:01:38,152 | INFO | Chunk: 1 | WER=4.545455 | S=1 D=0 I=0
2026-01-14 12:01:38,153 | INFO | Chunk: 2 | WER=8.333333 | S=1 D=2 I=0
2026-01-14 12:01:38,153 | INFO | Chunk: 3 | WER=18.750000 | S=1 D=2 I=0
2026-01-14 12:01:38,153 | INFO | Chunk: 4 | WER=3.448276 | S=1 D=0 I=0
2026-01-14 12:01:38,154 | INFO | Chunk: 5 | WER=12.903226 | S=2 D=2 I=0
2026-01-14 12:01:38,154 | INFO | Chunk: 6 | WER=12.500000 | S=1 D=1 I=0
2026-01-14 12:01:38,154 | INFO | Chunk: 7 | WER=10.000000 | S=0 D=1 I=0
2026-01-14 12:01:38,155 | INFO | Chunk: 8 | WER=0.000000 | S=0 D=0 I=0
2026-01-14 12:01:38,155 | INFO | Chunk: 9 | WER=0.000000 | S=0 D=0 I=0
2026-01-14 12:01:38,155 | INFO | Chunk: 10 | WER=13.636364 | S=3 D=0 I=0
2026-01-14 12:01:38,156 | INFO | Chunk: 11 | WER=9.090909 | S=2 D=0 I=0
2026-01-14 12:01:38,156 | INFO | ------------------------------
2026-01-14 12:01:38,156 | INFO | ------------------------------
2026-01-14 12:01:38,179 | INFO | File: MO_F_AV01_2016_04_08_ModuleDescription_description | WER=8.163265 | S=12 D=8 I=0
2026-01-14 12:01:38,179 | INFO | ------------------------------
2026-01-14 12:01:38,179 | INFO | ------------------------------
2026-01-14 12:01:41,029 | INFO | Chunk: 0 | WER=24.074074 | S=3 D=9 I=1
2026-01-14 12:01:41,029 | INFO | Chunk: 1 | WER=100.000000 | S=1 D=0 I=1
2026-01-14 12:01:41,029 | INFO | ------------------------------
2026-01-14 12:01:41,029 | INFO | ------------------------------
2026-01-14 12:01:41,031 | INFO | File: MO_H_ER40_2017_01_24_ModuleDescription_description | WER=26.785714 | S=4 D=9 I=2
2026-01-14 12:01:41,031 | INFO | ------------------------------
2026-01-14 12:01:41,031 | INFO | ------------------------------
2026-01-14 12:01:45,802 | INFO | Chunk: 0 | WER=50.000000 | S=0 D=1 I=0
2026-01-14 12:01:45,802 | INFO | Chunk: 1 | WER=25.000000 | S=1 D=0 I=0
2026-01-14 12:01:45,803 | INFO | Chunk: 2 | WER=3.030303 | S=1 D=0 I=0
2026-01-14 12:01:45,803 | INFO | Chunk: 3 | WER=0.000000 | S=0 D=0 I=0
2026-01-14 12:01:45,804 | INFO | Chunk: 4 | WER=17.777778 | S=3 D=5 I=0
2026-01-14 12:01:45,804 | INFO | ------------------------------
2026-01-14 12:01:45,804 | INFO | ------------------------------
2026-01-14 12:01:45,808 | INFO | File: MO_H_AV10_2016_04_15_ModuleDescription_description | WER=13.333333 | S=9 D=3 I=0
2026-01-14 12:01:45,808 | INFO | ------------------------------
2026-01-14 12:01:45,808 | INFO | ------------------------------
2026-01-14 12:01:50,098 | INFO | Chunk: 0 | WER=25.641026 | S=4 D=5 I=1
2026-01-14 12:01:50,099 | INFO | Chunk: 1 | WER=0.000000 | S=0 D=0 I=0
2026-01-14 12:01:50,099 | INFO | Chunk: 2 | WER=0.000000 | S=0 D=0 I=0
2026-01-14 12:01:50,099 | INFO | Chunk: 3 | WER=20.000000 | S=1 D=0 I=0
2026-01-14 12:01:50,099 | INFO | Chunk: 4 | WER=0.000000 | S=0 D=0 I=0
2026-01-14 12:01:50,099 | INFO | ------------------------------
2026-01-14 12:01:50,099 | INFO | ------------------------------
2026-01-14 12:01:50,103 | INFO | File: MO_H_AV24_2016_05_14_ModuleDescription_description | WER=13.253012 | S=5 D=5 I=1
2026-01-14 12:01:50,103 | INFO | ------------------------------
2026-01-14 12:01:50,103 | INFO | ------------------------------
2026-01-14 12:01:58,564 | INFO | Chunk: 0 | WER=0.000000 | S=0 D=0 I=0
2026-01-14 12:01:58,565 | INFO | Chunk: 1 | WER=18.750000 | S=1 D=2 I=0
2026-01-14 12:01:58,565 | INFO | Chunk: 2 | WER=48.000000 | S=3 D=9 I=0
2026-01-14 12:01:58,566 | INFO | Chunk: 3 | WER=14.285714 | S=2 D=4 I=1
2026-01-14 12:01:58,567 | INFO | Chunk: 4 | WER=0.000000 | S=0 D=0 I=0
2026-01-14 12:01:58,567 | INFO | Chunk: 5 | WER=0.000000 | S=0 D=0 I=0
2026-01-14 12:01:58,568 | INFO | Chunk: 6 | WER=12.500000 | S=1 D=0 I=1
2026-01-14 12:01:58,568 | INFO | Chunk: 7 | WER=200.000000 | S=1 D=0 I=1
2026-01-14 12:01:58,568 | INFO | Chunk: 8 | WER=200.000000 | S=1 D=0 I=1
2026-01-14 12:01:58,568 | INFO | ------------------------------
2026-01-14 12:01:58,568 | INFO | ------------------------------
2026-01-14 12:01:58,579 | INFO | File: MO_F_SD18_2016_05_02_ModuleDescription_description | WER=16.766467 | S=9 D=15 I=4
2026-01-14 12:01:58,579 | INFO | ------------------------------
2026-01-14 12:01:58,579 | INFO | ------------------------------
2026-01-14 12:02:07,856 | INFO | Chunk: 0 | WER=12.500000 | S=1 D=0 I=0
2026-01-14 12:02:07,856 | INFO | Chunk: 1 | WER=0.000000 | S=0 D=0 I=0
2026-01-14 12:02:07,856 | INFO | Chunk: 2 | WER=33.333333 | S=1 D=0 I=0
2026-01-14 12:02:07,856 | INFO | Chunk: 3 | WER=0.000000 | S=0 D=0 I=0
2026-01-14 12:02:07,856 | INFO | Chunk: 4 | WER=40.000000 | S=4 D=0 I=0
2026-01-14 12:02:07,857 | INFO | Chunk: 5 | WER=0.000000 | S=0 D=0 I=0
2026-01-14 12:02:07,857 | INFO | Chunk: 6 | WER=100.000000 | S=2 D=0 I=0
2026-01-14 12:02:07,857 | INFO | Chunk: 7 | WER=10.000000 | S=1 D=0 I=0
2026-01-14 12:02:07,857 | INFO | Chunk: 8 | WER=100.000000 | S=0 D=0 I=1
2026-01-14 12:02:07,857 | INFO | Chunk: 9 | WER=16.666667 | S=2 D=1 I=0
2026-01-14 12:02:07,858 | INFO | Chunk: 10 | WER=25.000000 | S=0 D=0 I=1
2026-01-14 12:02:07,858 | INFO | Chunk: 11 | WER=25.000000 | S=2 D=1 I=0
2026-01-14 12:02:07,858 | INFO | Chunk: 12 | WER=33.333333 | S=2 D=3 I=0
2026-01-14 12:02:07,858 | INFO | Chunk: 13 | WER=33.333333 | S=1 D=2 I=0
2026-01-14 12:02:07,858 | INFO | Chunk: 14 | WER=0.000000 | S=0 D=0 I=0
2026-01-14 12:02:07,859 | INFO | Chunk: 15 | WER=50.000000 | S=4 D=0 I=1
2026-01-14 12:02:07,859 | INFO | Chunk: 16 | WER=58.333333 | S=3 D=4 I=0
2026-01-14 12:02:07,859 | INFO | Chunk: 17 | WER=50.000000 | S=1 D=0 I=0
2026-01-14 12:02:07,859 | INFO | Chunk: 18 | WER=28.571429 | S=1 D=1 I=0
2026-01-14 12:02:07,859 | INFO | ------------------------------
2026-01-14 12:02:07,859 | INFO | ------------------------------
2026-01-14 12:02:07,869 | INFO | File: MO_F_ER08_2016_04_07_ModuleDescription_description | WER=25.316456 | S=25 D=12 I=3
2026-01-14 12:02:07,869 | INFO | ------------------------------
2026-01-14 12:02:07,869 | INFO | ------------------------------
2026-01-14 12:02:12,845 | INFO | Chunk: 0 | WER=50.000000 | S=2 D=0 I=0
2026-01-14 12:02:12,845 | INFO | Chunk: 1 | WER=50.000000 | S=1 D=0 I=0
2026-01-14 12:02:12,845 | INFO | Chunk: 2 | WER=75.000000 | S=2 D=1 I=0
2026-01-14 12:02:12,845 | INFO | Chunk: 3 | WER=50.000000 | S=1 D=0 I=0
2026-01-14 12:02:12,846 | INFO | Chunk: 5 | WER=36.363636 | S=3 D=0 I=1
2026-01-14 12:02:12,846 | INFO | Chunk: 6 | WER=100.000000 | S=6 D=0 I=0
2026-01-14 12:02:12,846 | INFO | Chunk: 7 | WER=0.000000 | S=0 D=0 I=0
2026-01-14 12:02:12,846 | INFO | Chunk: 8 | WER=20.000000 | S=1 D=0 I=0
2026-01-14 12:02:12,846 | INFO | Chunk: 9 | WER=100.000000 | S=2 D=2 I=0
2026-01-14 12:02:12,846 | INFO | Chunk: 10 | WER=0.000000 | S=0 D=0 I=0
2026-01-14 12:02:12,846 | INFO | Chunk: 11 | WER=150.000000 | S=2 D=0 I=1
2026-01-14 12:02:12,846 | INFO | Chunk: 12 | WER=66.666667 | S=1 D=1 I=0
2026-01-14 12:02:12,847 | INFO | Chunk: 13 | WER=85.714286 | S=3 D=3 I=0
2026-01-14 12:02:12,847 | INFO | Chunk: 14 | WER=100.000000 | S=1 D=2 I=0
2026-01-14 12:02:12,847 | INFO | Chunk: 15 | WER=100.000000 | S=1 D=2 I=0
2026-01-14 12:02:12,847 | INFO | Chunk: 16 | WER=50.000000 | S=1 D=1 I=0
2026-01-14 12:02:12,847 | INFO | ------------------------------
2026-01-14 12:02:12,847 | INFO | ------------------------------
2026-01-14 12:02:12,849 | INFO | File: MO_F_AV14_2016_04_18_ModuleDescription_description | WER=65.625000 | S=28 D=11 I=3
2026-01-14 12:02:12,849 | INFO | ------------------------------
2026-01-14 12:02:12,849 | INFO | ------------------------------
2026-01-14 12:02:18,771 | INFO | Chunk: 0 | WER=17.241379 | S=3 D=2 I=0
2026-01-14 12:02:18,771 | INFO | Chunk: 1 | WER=0.000000 | S=0 D=0 I=0
2026-01-14 12:02:18,771 | INFO | Chunk: 2 | WER=16.666667 | S=2 D=1 I=0
2026-01-14 12:02:18,772 | INFO | Chunk: 3 | WER=8.000000 | S=2 D=0 I=0
2026-01-14 12:02:18,772 | INFO | Chunk: 4 | WER=11.764706 | S=1 D=1 I=0
2026-01-14 12:02:18,772 | INFO | ------------------------------
2026-01-14 12:02:18,772 | INFO | ------------------------------
2026-01-14 12:02:18,778 | INFO | File: MO_H_ER48_2017_04_08_ModuleDescription_description | WER=12.500000 | S=8 D=4 I=2
2026-01-14 12:02:18,778 | INFO | ------------------------------
2026-01-14 12:02:18,778 | INFO | ------------------------------
2026-01-14 12:02:24,069 | INFO | Chunk: 0 | WER=86.567164 | S=1 D=57 I=0
2026-01-14 12:02:24,070 | INFO | Chunk: 1 | WER=28.846154 | S=3 D=11 I=1
2026-01-14 12:02:24,072 | INFO | Chunk: 2 | WER=8.888889 | S=1 D=3 I=0
2026-01-14 12:02:24,072 | INFO | ------------------------------
2026-01-14 12:02:24,072 | INFO | ------------------------------
2026-01-14 12:02:24,078 | INFO | File: MO_H_ER23_2016_04_14_ModuleDescription_description | WER=46.951220 | S=5 D=71 I=1
2026-01-14 12:02:24,078 | INFO | ------------------------------
2026-01-14 12:02:24,078 | INFO | ------------------------------
2026-01-14 12:02:32,221 | INFO | Chunk: 0 | WER=49.122807 | S=10 D=18 I=0
2026-01-14 12:02:32,222 | INFO | Chunk: 1 | WER=6.451613 | S=1 D=1 I=0
2026-01-14 12:02:32,222 | INFO | Chunk: 2 | WER=0.000000 | S=0 D=0 I=0
2026-01-14 12:02:32,222 | INFO | Chunk: 3 | WER=6.666667 | S=1 D=0 I=0
2026-01-14 12:02:32,222 | INFO | Chunk: 4 | WER=16.666667 | S=1 D=0 I=0
2026-01-14 12:02:32,222 | INFO | Chunk: 5 | WER=57.142857 | S=0 D=2 I=2
2026-01-14 12:02:32,223 | INFO | Chunk: 6 | WER=11.111111 | S=0 D=1 I=0
2026-01-14 12:02:32,223 | INFO | Chunk: 7 | WER=50.000000 | S=2 D=1 I=0
2026-01-14 12:02:32,223 | INFO | Chunk: 8 | WER=30.000000 | S=3 D=3 I=0
2026-01-14 12:02:32,223 | INFO | ------------------------------
2026-01-14 12:02:32,223 | INFO | ------------------------------
2026-01-14 12:02:32,232 | INFO | File: MO_H_AV22_2016_04_19_ModuleDescription_description | WER=28.846154 | S=17 D=26 I=2
2026-01-14 12:02:32,232 | INFO | ------------------------------
2026-01-14 12:02:32,232 | INFO | ------------------------------
2026-01-14 12:02:39,922 | INFO | Chunk: 0 | WER=33.333333 | S=0 D=2 I=0
2026-01-14 12:02:39,922 | INFO | Chunk: 1 | WER=47.058824 | S=6 D=2 I=0
2026-01-14 12:02:39,922 | INFO | Chunk: 2 | WER=0.000000 | S=0 D=0 I=0
2026-01-14 12:02:39,923 | INFO | Chunk: 3 | WER=22.727273 | S=1 D=8 I=1
2026-01-14 12:02:39,924 | INFO | Chunk: 4 | WER=14.285714 | S=2 D=1 I=0
2026-01-14 12:02:39,924 | INFO | Chunk: 5 | WER=0.000000 | S=0 D=0 I=0
2026-01-14 12:02:39,924 | INFO | Chunk: 6 | WER=0.000000 | S=0 D=0 I=0
2026-01-14 12:02:39,924 | INFO | Chunk: 7 | WER=37.500000 | S=2 D=1 I=0
2026-01-14 12:02:39,925 | INFO | Chunk: 8 | WER=39.393939 | S=3 D=10 I=0
2026-01-14 12:02:39,925 | INFO | Chunk: 9 | WER=0.000000 | S=0 D=0 I=0
2026-01-14 12:02:39,925 | INFO | Chunk: 10 | WER=25.000000 | S=1 D=0 I=1
2026-01-14 12:02:39,925 | INFO | Chunk: 11 | WER=0.000000 | S=0 D=0 I=0
2026-01-14 12:02:39,925 | INFO | Chunk: 12 | WER=0.000000 | S=0 D=0 I=0
2026-01-14 12:02:39,925 | INFO | ------------------------------
2026-01-14 12:02:39,926 | INFO | ------------------------------
2026-01-14 12:02:39,935 | INFO | File: MO_H_ER17_2016_04_08_ModuleDescription_description | WER=25.786164 | S=15 D=24 I=2
2026-01-14 12:02:39,935 | INFO | ------------------------------
2026-01-14 12:02:39,935 | INFO | ------------------------------
2026-01-14 12:02:49,495 | INFO | Chunk: 0 | WER=39.130435 | S=2 D=7 I=0
2026-01-14 12:02:49,495 | INFO | Chunk: 1 | WER=10.000000 | S=1 D=1 I=0
2026-01-14 12:02:49,495 | INFO | Chunk: 2 | WER=0.000000 | S=0 D=0 I=0
2026-01-14 12:02:49,496 | INFO | Chunk: 3 | WER=8.000000 | S=0 D=2 I=0
2026-01-14 12:02:49,496 | INFO | Chunk: 4 | WER=0.000000 | S=0 D=0 I=0
2026-01-14 12:02:49,496 | INFO | Chunk: 5 | WER=14.285714 | S=0 D=1 I=0
2026-01-14 12:02:49,496 | INFO | Chunk: 6 | WER=16.666667 | S=2 D=0 I=0
2026-01-14 12:02:49,496 | INFO | Chunk: 7 | WER=12.500000 | S=0 D=1 I=0
2026-01-14 12:02:49,497 | INFO | Chunk: 8 | WER=20.000000 | S=1 D=0 I=0
2026-01-14 12:02:49,497 | INFO | Chunk: 9 | WER=40.000000 | S=1 D=0 I=1
2026-01-14 12:02:49,497 | INFO | Chunk: 10 | WER=50.000000 | S=2 D=1 I=0
2026-01-14 12:02:49,497 | INFO | Chunk: 11 | WER=25.000000 | S=1 D=0 I=0
2026-01-14 12:02:49,497 | INFO | Chunk: 12 | WER=34.782609 | S=4 D=3 I=1
2026-01-14 12:02:49,498 | INFO | Chunk: 13 | WER=41.666667 | S=0 D=5 I=0
2026-01-14 12:02:49,498 | INFO | Chunk: 14 | WER=0.000000 | S=0 D=0 I=0
2026-01-14 12:02:49,498 | INFO | Chunk: 15 | WER=0.000000 | S=0 D=0 I=0
2026-01-14 12:02:49,498 | INFO | ------------------------------
2026-01-14 12:02:49,498 | INFO | ------------------------------
2026-01-14 12:02:49,511 | INFO | File: MO_F_SD28_2016_05_20_ModuleDescription_description | WER=20.967742 | S=14 D=21 I=4
2026-01-14 12:02:49,511 | INFO | ------------------------------
2026-01-14 12:02:49,511 | INFO | ------------------------------
2026-01-14 12:02:54,382 | INFO | Chunk: 1 | WER=55.696203 | S=5 D=39 I=0
2026-01-14 12:02:54,383 | INFO | Chunk: 2 | WER=34.782609 | S=6 D=10 I=0
2026-01-14 12:02:54,383 | INFO | Chunk: 3 | WER=14.285714 | S=0 D=1 I=0
2026-01-14 12:02:54,383 | INFO | ------------------------------
2026-01-14 12:02:54,383 | INFO | ------------------------------
2026-01-14 12:02:54,388 | INFO | File: MO_H_AV33_2016_06_06_ModuleDescription_description | WER=48.484848 | S=12 D=49 I=3
2026-01-14 12:02:54,388 | INFO | ------------------------------
2026-01-14 12:02:54,388 | INFO | ------------------------------
2026-01-14 12:03:03,268 | INFO | Chunk: 0 | WER=28.571429 | S=4 D=0 I=0
2026-01-14 12:03:03,269 | INFO | Chunk: 1 | WER=13.725490 | S=1 D=5 I=1
2026-01-14 12:03:03,269 | INFO | Chunk: 2 | WER=0.000000 | S=0 D=0 I=0
2026-01-14 12:03:03,269 | INFO | Chunk: 3 | WER=50.000000 | S=1 D=0 I=0
2026-01-14 12:03:03,269 | INFO | Chunk: 4 | WER=0.000000 | S=0 D=0 I=0
2026-01-14 12:03:03,270 | INFO | Chunk: 5 | WER=3.571429 | S=1 D=0 I=0
2026-01-14 12:03:03,270 | INFO | Chunk: 6 | WER=18.181818 | S=1 D=3 I=0
2026-01-14 12:03:03,271 | INFO | Chunk: 7 | WER=0.000000 | S=0 D=0 I=0
2026-01-14 12:03:03,271 | INFO | Chunk: 8 | WER=0.000000 | S=0 D=0 I=0
2026-01-14 12:03:03,271 | INFO | Chunk: 10 | WER=48.000000 | S=7 D=4 I=1
2026-01-14 12:03:03,271 | INFO | Chunk: 11 | WER=0.000000 | S=0 D=0 I=0
2026-01-14 12:03:03,271 | INFO | ------------------------------
2026-01-14 12:03:03,272 | INFO | ------------------------------
2026-01-14 12:03:03,284 | INFO | File: MO_F_AV26_2016_05_14_ModuleDescription_description | WER=16.574586 | S=15 D=12 I=3
2026-01-14 12:03:03,284 | INFO | ------------------------------
2026-01-14 12:03:03,284 | INFO | ------------------------------
2026-01-14 12:03:07,418 | INFO | Chunk: 0 | WER=35.714286 | S=7 D=8 I=0
2026-01-14 12:03:07,419 | INFO | Chunk: 1 | WER=0.000000 | S=0 D=0 I=0
2026-01-14 12:03:07,419 | INFO | Chunk: 2 | WER=14.285714 | S=1 D=0 I=0
2026-01-14 12:03:07,419 | INFO | Chunk: 3 | WER=38.461538 | S=3 D=1 I=1
2026-01-14 12:03:07,419 | INFO | ------------------------------
2026-01-14 12:03:07,419 | INFO | ------------------------------
2026-01-14 12:03:07,422 | INFO | File: MO_H_AV38_2016_06_10_ModuleDescription_description | WER=28.000000 | S=11 D=9 I=1
2026-01-14 12:03:07,422 | INFO | ------------------------------
2026-01-14 12:03:07,422 | INFO | ------------------------------
2026-01-14 12:03:17,142 | INFO | Chunk: 0 | WER=0.000000 | S=0 D=0 I=0
2026-01-14 12:03:17,142 | INFO | Chunk: 1 | WER=36.363636 | S=2 D=2 I=0
2026-01-14 12:03:17,142 | INFO | Chunk: 2 | WER=50.000000 | S=1 D=1 I=0
2026-01-14 12:03:17,142 | INFO | Chunk: 3 | WER=53.333333 | S=5 D=3 I=0
2026-01-14 12:03:17,143 | INFO | Chunk: 4 | WER=66.666667 | S=2 D=4 I=0
2026-01-14 12:03:17,143 | INFO | Chunk: 5 | WER=50.000000 | S=4 D=1 I=1
2026-01-14 12:03:17,143 | INFO | Chunk: 6 | WER=37.500000 | S=1 D=1 I=1
2026-01-14 12:03:17,143 | INFO | Chunk: 7 | WER=0.000000 | S=0 D=0 I=0
2026-01-14 12:03:17,143 | INFO | Chunk: 8 | WER=20.000000 | S=1 D=0 I=0
2026-01-14 12:03:17,143 | INFO | Chunk: 9 | WER=0.000000 | S=0 D=0 I=0
2026-01-14 12:03:17,144 | INFO | Chunk: 10 | WER=50.000000 | S=1 D=0 I=0
2026-01-14 12:03:17,144 | INFO | Chunk: 11 | WER=6.666667 | S=1 D=0 I=0
2026-01-14 12:03:17,144 | INFO | Chunk: 12 | WER=0.000000 | S=0 D=0 I=0
2026-01-14 12:03:17,144 | INFO | Chunk: 13 | WER=0.000000 | S=0 D=0 I=0
2026-01-14 12:03:17,144 | INFO | Chunk: 14 | WER=18.750000 | S=3 D=0 I=0
2026-01-14 12:03:17,145 | INFO | Chunk: 15 | WER=0.000000 | S=0 D=0 I=0
2026-01-14 12:03:17,145 | INFO | Chunk: 16 | WER=0.000000 | S=0 D=0 I=0
2026-01-14 12:03:17,145 | INFO | Chunk: 17 | WER=22.222222 | S=2 D=0 I=0
2026-01-14 12:03:17,145 | INFO | Chunk: 18 | WER=22.222222 | S=0 D=2 I=0
2026-01-14 12:03:17,145 | INFO | ------------------------------
2026-01-14 12:03:17,145 | INFO | ------------------------------
2026-01-14 12:03:17,156 | INFO | File: MO_F_AV23_2016_04_19_ModuleDescription_description | WER=23.636364 | S=23 D=14 I=2
2026-01-14 12:03:17,156 | INFO | ------------------------------
2026-01-14 12:03:17,156 | INFO | ------------------------------
2026-01-14 12:03:27,874 | INFO | Chunk: 0 | WER=0.000000 | S=0 D=0 I=0
2026-01-14 12:03:27,874 | INFO | Chunk: 1 | WER=0.000000 | S=0 D=0 I=0
2026-01-14 12:03:27,874 | INFO | Chunk: 2 | WER=0.000000 | S=0 D=0 I=0
2026-01-14 12:03:27,874 | INFO | Chunk: 3 | WER=33.333333 | S=1 D=0 I=0
2026-01-14 12:03:27,875 | INFO | Chunk: 4 | WER=36.363636 | S=3 D=1 I=0
2026-01-14 12:03:27,875 | INFO | Chunk: 5 | WER=50.000000 | S=1 D=5 I=0
2026-01-14 12:03:27,875 | INFO | Chunk: 6 | WER=33.333333 | S=4 D=0 I=1
2026-01-14 12:03:27,875 | INFO | Chunk: 7 | WER=47.826087 | S=0 D=11 I=0
2026-01-14 12:03:27,875 | INFO | Chunk: 8 | WER=33.333333 | S=1 D=1 I=0
2026-01-14 12:03:27,876 | INFO | Chunk: 10 | WER=35.714286 | S=2 D=3 I=0
2026-01-14 12:03:27,876 | INFO | Chunk: 11 | WER=66.666667 | S=2 D=0 I=0
2026-01-14 12:03:27,876 | INFO | Chunk: 12 | WER=11.111111 | S=1 D=0 I=0
2026-01-14 12:03:27,876 | INFO | Chunk: 13 | WER=0.000000 | S=0 D=0 I=0
2026-01-14 12:03:27,876 | INFO | Chunk: 14 | WER=0.000000 | S=0 D=0 I=0
2026-01-14 12:03:27,876 | INFO | Chunk: 15 | WER=0.000000 | S=0 D=0 I=0
2026-01-14 12:03:27,877 | INFO | Chunk: 16 | WER=33.333333 | S=0 D=0 I=1
2026-01-14 12:03:27,877 | INFO | Chunk: 17 | WER=57.142857 | S=4 D=0 I=0
2026-01-14 12:03:27,877 | INFO | Chunk: 18 | WER=13.333333 | S=1 D=0 I=1
2026-01-14 12:03:27,877 | INFO | Chunk: 19 | WER=0.000000 | S=0 D=0 I=0
2026-01-14 12:03:27,877 | INFO | Chunk: 20 | WER=28.571429 | S=2 D=0 I=0
2026-01-14 12:03:27,877 | INFO | Chunk: 21 | WER=0.000000 | S=0 D=0 I=0
2026-01-14 12:03:27,878 | INFO | Chunk: 22 | WER=12.500000 | S=1 D=0 I=0
2026-01-14 12:03:27,878 | INFO | ------------------------------
2026-01-14 12:03:27,878 | INFO | ------------------------------
2026-01-14 12:03:27,890 | INFO | File: MO_F_SD32_2016_06_16_ModuleDescription_description | WER=26.553672 | S=24 D=20 I=3
2026-01-14 12:03:27,890 | INFO | ------------------------------
2026-01-14 12:03:27,890 | INFO | ------------------------------
2026-01-14 12:03:31,817 | INFO | Chunk: 0 | WER=18.181818 | S=1 D=5 I=0
2026-01-14 12:03:31,818 | INFO | Chunk: 1 | WER=6.250000 | S=1 D=0 I=0
2026-01-14 12:03:31,818 | INFO | Chunk: 2 | WER=36.363636 | S=2 D=2 I=0
2026-01-14 12:03:31,818 | INFO | Chunk: 3 | WER=30.000000 | S=3 D=3 I=0
2026-01-14 12:03:31,818 | INFO | ------------------------------
2026-01-14 12:03:31,819 | INFO | ------------------------------
2026-01-14 12:03:31,821 | INFO | File: MO_F_ER16_2016_04_08_ModuleDescription_description | WER=21.250000 | S=7 D=10 I=0
2026-01-14 12:03:31,821 | INFO | ------------------------------
2026-01-14 12:03:31,821 | INFO | ------------------------------
2026-01-14 12:03:36,698 | INFO | Chunk: 1 | WER=0.000000 | S=0 D=0 I=0
2026-01-14 12:03:36,700 | INFO | Chunk: 2 | WER=36.507937 | S=6 D=17 I=0
2026-01-14 12:03:36,700 | INFO | Chunk: 3 | WER=42.857143 | S=2 D=1 I=0
2026-01-14 12:03:36,701 | INFO | Chunk: 4 | WER=23.076923 | S=2 D=1 I=0
2026-01-14 12:03:36,701 | INFO | ------------------------------
2026-01-14 12:03:36,701 | INFO | ------------------------------
2026-01-14 12:03:36,704 | INFO | File: MO_H_ER49_2017_06_08_ModuleDescription_description | WER=41.237113 | S=10 D=19 I=11
2026-01-14 12:03:36,704 | INFO | ------------------------------
2026-01-14 12:03:36,705 | INFO | ------------------------------
2026-01-14 12:03:39,130 | INFO | Chunk: 0 | WER=0.000000 | S=0 D=0 I=0
2026-01-14 12:03:39,130 | INFO | Chunk: 1 | WER=0.000000 | S=0 D=0 I=0
2026-01-14 12:03:39,130 | INFO | Chunk: 2 | WER=0.000000 | S=0 D=0 I=0
2026-01-14 12:03:39,130 | INFO | Chunk: 3 | WER=100.000000 | S=4 D=1 I=0
2026-01-14 12:03:39,131 | INFO | Chunk: 4 | WER=62.500000 | S=3 D=2 I=0
2026-01-14 12:03:39,131 | INFO | Chunk: 5 | WER=0.000000 | S=0 D=0 I=0
2026-01-14 12:03:39,131 | INFO | Chunk: 6 | WER=75.000000 | S=2 D=1 I=0
2026-01-14 12:03:39,131 | INFO | ------------------------------
2026-01-14 12:03:39,131 | INFO | ------------------------------
2026-01-14 12:03:39,132 | INFO | File: MO_F_ER02_2016_06_08_ModuleDescription_description | WER=38.235294 | S=9 D=4 I=0
2026-01-14 12:03:39,132 | INFO | ------------------------------
2026-01-14 12:03:39,132 | INFO | ------------------------------
2026-01-14 12:03:45,795 | INFO | Chunk: 0 | WER=10.000000 | S=0 D=0 I=1
2026-01-14 12:03:45,796 | INFO | Chunk: 1 | WER=19.512195 | S=1 D=7 I=0
2026-01-14 12:03:45,796 | INFO | Chunk: 2 | WER=0.000000 | S=0 D=0 I=0
2026-01-14 12:03:45,796 | INFO | Chunk: 3 | WER=30.769231 | S=2 D=2 I=0
2026-01-14 12:03:45,797 | INFO | Chunk: 4 | WER=7.692308 | S=1 D=0 I=0
2026-01-14 12:03:45,797 | INFO | Chunk: 5 | WER=40.000000 | S=3 D=3 I=0
2026-01-14 12:03:45,797 | INFO | Chunk: 6 | WER=28.571429 | S=2 D=0 I=0
2026-01-14 12:03:45,797 | INFO | Chunk: 7 | WER=0.000000 | S=0 D=0 I=0
2026-01-14 12:03:45,797 | INFO | Chunk: 8 | WER=60.000000 | S=2 D=0 I=1
2026-01-14 12:03:45,797 | INFO | ------------------------------
2026-01-14 12:03:45,797 | INFO | ------------------------------
2026-01-14 12:03:45,803 | INFO | File: MO_H_AV30_2016_06_05_ModuleDescription_description | WER=21.551724 | S=11 D=12 I=2
2026-01-14 12:03:45,803 | INFO | ------------------------------
2026-01-14 12:03:45,803 | INFO | ------------------------------
2026-01-14 12:04:13,702 | INFO | Chunk: 0 | WER=11.111111 | S=0 D=1 I=0
2026-01-14 12:04:13,702 | INFO | Chunk: 1 | WER=45.454545 | S=4 D=0 I=1
2026-01-14 12:04:13,702 | INFO | Chunk: 2 | WER=100.000000 | S=3 D=0 I=0
2026-01-14 12:04:13,703 | INFO | Chunk: 3 | WER=16.666667 | S=0 D=2 I=0
2026-01-14 12:04:13,703 | INFO | Chunk: 4 | WER=0.000000 | S=0 D=0 I=0
2026-01-14 12:04:13,703 | INFO | Chunk: 5 | WER=22.727273 | S=4 D=1 I=0
2026-01-14 12:04:13,703 | INFO | Chunk: 6 | WER=56.250000 | S=3 D=4 I=2
2026-01-14 12:04:13,704 | INFO | Chunk: 8 | WER=3.846154 | S=1 D=0 I=0
2026-01-14 12:04:13,704 | INFO | Chunk: 9 | WER=66.666667 | S=2 D=0 I=0
2026-01-14 12:04:13,704 | INFO | Chunk: 10 | WER=0.000000 | S=0 D=0 I=0
2026-01-14 12:04:13,704 | INFO | Chunk: 11 | WER=16.666667 | S=1 D=0 I=0
2026-01-14 12:04:13,705 | INFO | Chunk: 12 | WER=23.076923 | S=2 D=1 I=0
2026-01-14 12:04:13,705 | INFO | Chunk: 13 | WER=80.000000 | S=2 D=6 I=0
2026-01-14 12:04:13,705 | INFO | Chunk: 14 | WER=26.666667 | S=6 D=1 I=1
2026-01-14 12:04:13,706 | INFO | Chunk: 15 | WER=26.666667 | S=4 D=8 I=0
2026-01-14 12:04:13,707 | INFO | Chunk: 16 | WER=25.000000 | S=2 D=2 I=1
2026-01-14 12:04:13,707 | INFO | Chunk: 17 | WER=27.272727 | S=0 D=3 I=0
2026-01-14 12:04:13,708 | INFO | Chunk: 18 | WER=20.000000 | S=6 D=1 I=0
2026-01-14 12:04:13,708 | INFO | Chunk: 19 | WER=79.069767 | S=0 D=34 I=0
2026-01-14 12:04:13,709 | INFO | Chunk: 20 | WER=22.222222 | S=2 D=8 I=0
2026-01-14 12:04:13,709 | INFO | Chunk: 21 | WER=0.000000 | S=0 D=0 I=0
2026-01-14 12:04:13,709 | INFO | Chunk: 22 | WER=25.000000 | S=0 D=0 I=1
2026-01-14 12:04:13,710 | INFO | Chunk: 23 | WER=0.000000 | S=0 D=0 I=0
2026-01-14 12:04:13,710 | INFO | Chunk: 24 | WER=28.571429 | S=3 D=1 I=0
2026-01-14 12:04:13,710 | INFO | Chunk: 25 | WER=44.827586 | S=2 D=11 I=0
2026-01-14 12:04:13,711 | INFO | Chunk: 26 | WER=16.666667 | S=2 D=0 I=0
2026-01-14 12:04:13,711 | INFO | Chunk: 27 | WER=20.000000 | S=2 D=0 I=0
2026-01-14 12:04:13,711 | INFO | Chunk: 28 | WER=26.923077 | S=3 D=4 I=0
2026-01-14 12:04:13,712 | INFO | Chunk: 29 | WER=54.545455 | S=3 D=19 I=2
2026-01-14 12:04:13,712 | INFO | Chunk: 30 | WER=0.000000 | S=0 D=0 I=0
2026-01-14 12:04:13,712 | INFO | Chunk: 31 | WER=20.000000 | S=1 D=1 I=0
2026-01-14 12:04:13,712 | INFO | Chunk: 32 | WER=100.000000 | S=3 D=0 I=1
2026-01-14 12:04:13,713 | INFO | Chunk: 33 | WER=31.250000 | S=1 D=4 I=0
2026-01-14 12:04:13,713 | INFO | Chunk: 34 | WER=90.000000 | S=4 D=1 I=4
2026-01-14 12:04:13,713 | INFO | ------------------------------
2026-01-14 12:04:13,713 | INFO | ------------------------------
2026-01-14 12:04:13,826 | INFO | File: MO_F_SD12_2016_04_25_ModuleDescription_description | WER=33.982301 | S=67 D=112 I=13
2026-01-14 12:04:13,826 | INFO | ------------------------------
2026-01-14 12:04:13,826 | INFO | ------------------------------
2026-01-14 12:04:20,333 | INFO | Chunk: 0 | WER=54.838710 | S=3 D=48 I=0
2026-01-14 12:04:20,335 | INFO | Chunk: 1 | WER=71.559633 | S=2 D=76 I=0
2026-01-14 12:04:20,336 | INFO | Chunk: 2 | WER=26.666667 | S=2 D=5 I=1
2026-01-14 12:04:20,336 | INFO | Chunk: 3 | WER=16.666667 | S=1 D=1 I=0
2026-01-14 12:04:20,336 | INFO | ------------------------------
2026-01-14 12:04:20,336 | INFO | ------------------------------
2026-01-14 12:04:20,348 | INFO | File: MO_H_SD25_2016_05_12_ModuleDescription_description | WER=56.147541 | S=8 D=129 I=0
2026-01-14 12:04:20,348 | INFO | ------------------------------
2026-01-14 12:04:20,348 | INFO | ------------------------------
2026-01-14 12:04:37,818 | INFO | Chunk: 0 | WER=11.538462 | S=1 D=2 I=0
2026-01-14 12:04:37,818 | INFO | Chunk: 1 | WER=14.285714 | S=1 D=2 I=0
2026-01-14 12:04:37,819 | INFO | Chunk: 2 | WER=0.000000 | S=0 D=0 I=0
2026-01-14 12:04:37,819 | INFO | Chunk: 3 | WER=0.000000 | S=0 D=0 I=0
2026-01-14 12:04:37,819 | INFO | Chunk: 4 | WER=6.250000 | S=1 D=0 I=0
2026-01-14 12:04:37,819 | INFO | Chunk: 5 | WER=16.666667 | S=1 D=0 I=0
2026-01-14 12:04:37,819 | INFO | Chunk: 6 | WER=21.428571 | S=1 D=2 I=0
2026-01-14 12:04:37,820 | INFO | Chunk: 7 | WER=29.166667 | S=5 D=2 I=0
2026-01-14 12:04:37,820 | INFO | Chunk: 8 | WER=0.000000 | S=0 D=0 I=0
2026-01-14 12:04:37,820 | INFO | Chunk: 9 | WER=59.375000 | S=1 D=18 I=0
2026-01-14 12:04:37,821 | INFO | Chunk: 10 | WER=43.478261 | S=2 D=8 I=0
2026-01-14 12:04:37,821 | INFO | Chunk: 11 | WER=25.000000 | S=1 D=3 I=0
2026-01-14 12:04:37,821 | INFO | Chunk: 13 | WER=6.666667 | S=0 D=1 I=0
2026-01-14 12:04:37,822 | INFO | Chunk: 14 | WER=25.000000 | S=1 D=2 I=0
2026-01-14 12:04:37,822 | INFO | Chunk: 15 | WER=11.111111 | S=0 D=2 I=0
2026-01-14 12:04:37,822 | INFO | Chunk: 16 | WER=50.000000 | S=1 D=1 I=1
2026-01-14 12:04:37,822 | INFO | Chunk: 17 | WER=0.000000 | S=0 D=0 I=0
2026-01-14 12:04:37,822 | INFO | Chunk: 18 | WER=100.000000 | S=1 D=0 I=0
2026-01-14 12:04:37,823 | INFO | Chunk: 19 | WER=23.809524 | S=2 D=3 I=0
2026-01-14 12:04:37,823 | INFO | Chunk: 20 | WER=61.538462 | S=2 D=14 I=0
2026-01-14 12:04:37,823 | INFO | Chunk: 21 | WER=0.000000 | S=0 D=0 I=0
2026-01-14 12:04:37,824 | INFO | Chunk: 22 | WER=55.555556 | S=3 D=1 I=1
2026-01-14 12:04:37,824 | INFO | Chunk: 23 | WER=0.000000 | S=0 D=0 I=0
2026-01-14 12:04:37,824 | INFO | Chunk: 24 | WER=0.000000 | S=0 D=0 I=0
2026-01-14 12:04:37,824 | INFO | Chunk: 25 | WER=100.000000 | S=1 D=0 I=0
2026-01-14 12:04:37,824 | INFO | ------------------------------
2026-01-14 12:04:37,824 | INFO | ------------------------------
2026-01-14 12:04:37,864 | INFO | File: MO_H_SD13_2016_04_25_ModuleDescription_description | WER=25.364431 | S=25 D=60 I=2
2026-01-14 12:04:37,864 | INFO | ------------------------------
2026-01-14 12:04:37,864 | INFO | ------------------------------
2026-01-14 12:04:47,196 | INFO | Chunk: 0 | WER=14.285714 | S=0 D=1 I=0
2026-01-14 12:04:47,198 | INFO | Chunk: 1 | WER=50.724638 | S=8 D=27 I=0
2026-01-14 12:04:47,198 | INFO | Chunk: 2 | WER=14.285714 | S=2 D=1 I=0
2026-01-14 12:04:47,199 | INFO | Chunk: 3 | WER=26.315789 | S=2 D=8 I=0
2026-01-14 12:04:47,199 | INFO | Chunk: 4 | WER=25.000000 | S=4 D=1 I=0
2026-01-14 12:04:47,200 | INFO | Chunk: 5 | WER=4.000000 | S=1 D=0 I=0
2026-01-14 12:04:47,200 | INFO | Chunk: 6 | WER=58.823529 | S=2 D=8 I=0
2026-01-14 12:04:47,200 | INFO | Chunk: 7 | WER=33.333333 | S=0 D=2 I=0
2026-01-14 12:04:47,200 | INFO | ------------------------------
2026-01-14 12:04:47,200 | INFO | ------------------------------
2026-01-14 12:04:47,213 | INFO | File: MO_F_SD38_2016_06_28_ModuleDescription_description | WER=33.004926 | S=19 D=48 I=0
2026-01-14 12:04:47,213 | INFO | ------------------------------
2026-01-14 12:04:47,213 | INFO | ------------------------------
2026-01-14 12:05:05,356 | INFO | Chunk: 0 | WER=0.000000 | S=0 D=0 I=0
2026-01-14 12:05:05,357 | INFO | Chunk: 1 | WER=0.000000 | S=0 D=0 I=0
2026-01-14 12:05:05,357 | INFO | Chunk: 2 | WER=0.000000 | S=0 D=0 I=0
2026-01-14 12:05:05,358 | INFO | Chunk: 3 | WER=9.677419 | S=2 D=1 I=0
2026-01-14 12:05:05,358 | INFO | Chunk: 4 | WER=0.000000 | S=0 D=0 I=0
2026-01-14 12:05:05,358 | INFO | Chunk: 5 | WER=33.333333 | S=1 D=0 I=0
2026-01-14 12:05:05,358 | INFO | Chunk: 6 | WER=8.695652 | S=1 D=0 I=1
2026-01-14 12:05:05,359 | INFO | Chunk: 7 | WER=16.666667 | S=1 D=1 I=0
2026-01-14 12:05:05,359 | INFO | Chunk: 8 | WER=5.555556 | S=1 D=0 I=0
2026-01-14 12:05:05,359 | INFO | Chunk: 9 | WER=0.000000 | S=0 D=0 I=0
2026-01-14 12:05:05,359 | INFO | Chunk: 10 | WER=16.666667 | S=0 D=2 I=0
2026-01-14 12:05:05,360 | INFO | Chunk: 11 | WER=0.000000 | S=0 D=0 I=0
2026-01-14 12:05:05,360 | INFO | Chunk: 12 | WER=0.000000 | S=0 D=0 I=0
2026-01-14 12:05:05,360 | INFO | Chunk: 13 | WER=0.000000 | S=0 D=0 I=0
2026-01-14 12:05:05,360 | INFO | Chunk: 14 | WER=10.000000 | S=1 D=0 I=0
2026-01-14 12:05:05,361 | INFO | Chunk: 15 | WER=0.000000 | S=0 D=0 I=0
2026-01-14 12:05:05,361 | INFO | Chunk: 16 | WER=0.000000 | S=0 D=0 I=0
2026-01-14 12:05:05,361 | INFO | Chunk: 17 | WER=16.666667 | S=1 D=0 I=0
2026-01-14 12:05:05,362 | INFO | Chunk: 18 | WER=14.814815 | S=3 D=1 I=0
2026-01-14 12:05:05,362 | INFO | Chunk: 19 | WER=0.000000 | S=0 D=0 I=0
2026-01-14 12:05:05,362 | INFO | Chunk: 20 | WER=5.555556 | S=1 D=0 I=0
2026-01-14 12:05:05,362 | INFO | Chunk: 21 | WER=0.000000 | S=0 D=0 I=0
2026-01-14 12:05:05,362 | INFO | Chunk: 22 | WER=100.000000 | S=1 D=0 I=0
2026-01-14 12:05:05,363 | INFO | Chunk: 23 | WER=0.000000 | S=0 D=0 I=0
2026-01-14 12:05:05,363 | INFO | ------------------------------
2026-01-14 12:05:05,363 | INFO | ------------------------------
2026-01-14 12:05:05,399 | INFO | File: MO_F_ER18_2016_04_08_ModuleDescription_description | WER=6.291391 | S=13 D=5 I=1
2026-01-14 12:05:05,400 | INFO | ------------------------------
2026-01-14 12:05:05,400 | INFO | ------------------------------
2026-01-14 12:05:08,133 | INFO | Chunk: 1 | WER=80.000000 | S=3 D=1 I=0
2026-01-14 12:05:08,133 | INFO | Chunk: 2 | WER=50.000000 | S=2 D=2 I=0
2026-01-14 12:05:08,133 | INFO | Chunk: 3 | WER=20.000000 | S=1 D=0 I=0
2026-01-14 12:05:08,133 | INFO | Chunk: 4 | WER=33.333333 | S=2 D=0 I=0
2026-01-14 12:05:08,133 | INFO | Chunk: 5 | WER=0.000000 | S=0 D=0 I=0
2026-01-14 12:05:08,133 | INFO | Chunk: 6 | WER=0.000000 | S=0 D=0 I=0
2026-01-14 12:05:08,134 | INFO | Chunk: 7 | WER=58.333333 | S=2 D=5 I=0
2026-01-14 12:05:08,134 | INFO | Chunk: 8 | WER=75.000000 | S=3 D=0 I=0
2026-01-14 12:05:08,134 | INFO | ------------------------------
2026-01-14 12:05:08,134 | INFO | ------------------------------
2026-01-14 12:05:08,135 | INFO | File: MO_F_ER06_2016_04_06_ModuleDescription_description | WER=45.652174 | S=15 D=6 I=0
2026-01-14 12:05:08,135 | INFO | ------------------------------
2026-01-14 12:05:08,135 | INFO | ------------------------------
2026-01-14 12:05:12,693 | INFO | Chunk: 0 | WER=56.074766 | S=17 D=41 I=2
2026-01-14 12:05:12,694 | INFO | Chunk: 1 | WER=93.333333 | S=9 D=5 I=0
2026-01-14 12:05:12,694 | INFO | Chunk: 2 | WER=100.000000 | S=1 D=0 I=0
2026-01-14 12:05:12,694 | INFO | ------------------------------
2026-01-14 12:05:12,694 | INFO | ------------------------------
2026-01-14 12:05:12,698 | INFO | File: MO_F_ER22_2016_04_12_ModuleDescription_description | WER=60.975610 | S=27 D=46 I=2
2026-01-14 12:05:12,698 | INFO | ------------------------------
2026-01-14 12:05:12,698 | INFO | ------------------------------
2026-01-14 12:05:21,955 | INFO | Chunk: 0 | WER=0.000000 | S=0 D=0 I=0
2026-01-14 12:05:21,955 | INFO | Chunk: 1 | WER=0.000000 | S=0 D=0 I=0
2026-01-14 12:05:21,955 | INFO | Chunk: 2 | WER=0.000000 | S=0 D=0 I=0
2026-01-14 12:05:21,956 | INFO | Chunk: 3 | WER=14.285714 | S=1 D=0 I=0
2026-01-14 12:05:21,956 | INFO | Chunk: 4 | WER=0.000000 | S=0 D=0 I=0
2026-01-14 12:05:21,956 | INFO | Chunk: 5 | WER=0.000000 | S=0 D=0 I=0
2026-01-14 12:05:21,956 | INFO | Chunk: 6 | WER=20.000000 | S=2 D=0 I=0
2026-01-14 12:05:21,956 | INFO | Chunk: 7 | WER=0.000000 | S=0 D=0 I=0
2026-01-14 12:05:21,956 | INFO | Chunk: 8 | WER=10.000000 | S=1 D=0 I=0
2026-01-14 12:05:21,957 | INFO | Chunk: 9 | WER=5.882353 | S=0 D=1 I=0
2026-01-14 12:05:21,957 | INFO | Chunk: 10 | WER=0.000000 | S=0 D=0 I=0
2026-01-14 12:05:21,957 | INFO | Chunk: 11 | WER=0.000000 | S=0 D=0 I=0
2026-01-14 12:05:21,958 | INFO | Chunk: 12 | WER=23.076923 | S=0 D=9 I=0
2026-01-14 12:05:21,958 | INFO | Chunk: 13 | WER=4.166667 | S=0 D=1 I=0
2026-01-14 12:05:21,958 | INFO | ------------------------------
2026-01-14 12:05:21,958 | INFO | ------------------------------
2026-01-14 12:05:21,968 | INFO | File: MO_H_ER27_2016_04_18_ModuleDescription_description | WER=11.111111 | S=4 D=11 I=2
2026-01-14 12:05:21,968 | INFO | ------------------------------
2026-01-14 12:05:21,968 | INFO | ------------------------------
2026-01-14 12:05:26,538 | INFO | Chunk: 0 | WER=55.128205 | S=4 D=39 I=0
2026-01-14 12:05:26,539 | INFO | Chunk: 1 | WER=41.818182 | S=3 D=20 I=0
2026-01-14 12:05:26,540 | INFO | ------------------------------
2026-01-14 12:05:26,540 | INFO | ------------------------------
2026-01-14 12:05:26,544 | INFO | File: MO_H_ER40_2017_05_23_ModuleDescription_description | WER=49.624060 | S=7 D=59 I=0
2026-01-14 12:05:26,544 | INFO | ------------------------------
2026-01-14 12:05:26,544 | INFO | ------------------------------
2026-01-14 12:05:30,658 | INFO | Chunk: 0 | WER=23.529412 | S=0 D=8 I=0
2026-01-14 12:05:30,659 | INFO | Chunk: 1 | WER=6.896552 | S=0 D=2 I=0
2026-01-14 12:05:30,659 | INFO | Chunk: 2 | WER=13.043478 | S=1 D=2 I=0
2026-01-14 12:05:30,659 | INFO | Chunk: 3 | WER=0.000000 | S=0 D=0 I=0
2026-01-14 12:05:30,659 | INFO | ------------------------------
2026-01-14 12:05:30,659 | INFO | ------------------------------
2026-01-14 12:05:30,662 | INFO | File: MO_F_SD19_2016_05_02_ModuleDescription_description | WER=14.942529 | S=1 D=12 I=0
2026-01-14 12:05:30,662 | INFO | ------------------------------
2026-01-14 12:05:30,662 | INFO | ------------------------------
2026-01-14 12:05:39,900 | INFO | Chunk: 0 | WER=63.934426 | S=16 D=10 I=13
2026-01-14 12:05:39,901 | INFO | Chunk: 1 | WER=52.307692 | S=9 D=25 I=0
2026-01-14 12:05:39,902 | INFO | Chunk: 2 | WER=24.444444 | S=3 D=8 I=0
2026-01-14 12:05:39,902 | INFO | Chunk: 3 | WER=0.000000 | S=0 D=0 I=0
2026-01-14 12:05:39,903 | INFO | Chunk: 4 | WER=9.090909 | S=1 D=0 I=0
2026-01-14 12:05:39,903 | INFO | Chunk: 5 | WER=50.000000 | S=1 D=0 I=1
2026-01-14 12:05:39,903 | INFO | ------------------------------
2026-01-14 12:05:39,903 | INFO | ------------------------------
2026-01-14 12:05:39,917 | INFO | File: MO_F_ER10_2016_04_07_ModuleDescription_description | WER=44.162437 | S=30 D=43 I=14
2026-01-14 12:05:39,917 | INFO | ------------------------------
2026-01-14 12:05:39,917 | INFO | ------------------------------
2026-01-14 12:05:50,139 | INFO | Chunk: 0 | WER=0.000000 | S=0 D=0 I=0
2026-01-14 12:05:50,139 | INFO | Chunk: 1 | WER=16.666667 | S=1 D=0 I=0
2026-01-14 12:05:50,139 | INFO | Chunk: 2 | WER=80.000000 | S=3 D=0 I=1
2026-01-14 12:05:50,139 | INFO | Chunk: 3 | WER=0.000000 | S=0 D=0 I=0
2026-01-14 12:05:50,139 | INFO | Chunk: 4 | WER=16.666667 | S=1 D=0 I=0
2026-01-14 12:05:50,140 | INFO | Chunk: 5 | WER=3.571429 | S=1 D=0 I=0
2026-01-14 12:05:50,140 | INFO | Chunk: 6 | WER=0.000000 | S=0 D=0 I=0
2026-01-14 12:05:50,140 | INFO | Chunk: 7 | WER=8.333333 | S=1 D=0 I=0
2026-01-14 12:05:50,140 | INFO | Chunk: 8 | WER=8.333333 | S=1 D=0 I=0
2026-01-14 12:05:50,141 | INFO | Chunk: 9 | WER=0.000000 | S=0 D=0 I=0
2026-01-14 12:05:50,141 | INFO | Chunk: 10 | WER=0.000000 | S=0 D=0 I=0
2026-01-14 12:05:50,141 | INFO | Chunk: 11 | WER=0.000000 | S=0 D=0 I=0
2026-01-14 12:05:50,141 | INFO | Chunk: 12 | WER=0.000000 | S=0 D=0 I=0
2026-01-14 12:05:50,141 | INFO | Chunk: 13 | WER=13.333333 | S=2 D=0 I=0
2026-01-14 12:05:50,141 | INFO | Chunk: 14 | WER=0.000000 | S=0 D=0 I=0
2026-01-14 12:05:50,142 | INFO | Chunk: 15 | WER=40.000000 | S=2 D=0 I=0
2026-01-14 12:05:50,142 | INFO | Chunk: 16 | WER=0.000000 | S=0 D=0 I=0
2026-01-14 12:05:50,142 | INFO | Chunk: 17 | WER=0.000000 | S=0 D=0 I=0
2026-01-14 12:05:50,142 | INFO | Chunk: 18 | WER=20.000000 | S=0 D=2 I=0
2026-01-14 12:05:50,142 | INFO | Chunk: 19 | WER=16.666667 | S=1 D=0 I=0
2026-01-14 12:05:50,142 | INFO | Chunk: 20 | WER=0.000000 | S=0 D=0 I=0
2026-01-14 12:05:50,142 | INFO | ------------------------------
2026-01-14 12:05:50,142 | INFO | ------------------------------
2026-01-14 12:05:50,153 | INFO | File: MO_H_ER41_2017_01_24_ModuleDescription_description | WER=10.191083 | S=13 D=2 I=1
2026-01-14 12:05:50,153 | INFO | ------------------------------
2026-01-14 12:05:50,153 | INFO | ------------------------------
2026-01-14 12:06:03,285 | INFO | Chunk: 0 | WER=50.000000 | S=5 D=4 I=0
2026-01-14 12:06:03,286 | INFO | Chunk: 1 | WER=21.428571 | S=4 D=4 I=1
2026-01-14 12:06:03,287 | INFO | Chunk: 2 | WER=16.129032 | S=3 D=1 I=1
2026-01-14 12:06:03,287 | INFO | Chunk: 3 | WER=0.000000 | S=0 D=0 I=0
2026-01-14 12:06:03,287 | INFO | Chunk: 4 | WER=17.391304 | S=2 D=0 I=2
2026-01-14 12:06:03,288 | INFO | Chunk: 5 | WER=0.000000 | S=0 D=0 I=0
2026-01-14 12:06:03,288 | INFO | Chunk: 6 | WER=11.111111 | S=1 D=1 I=0
2026-01-14 12:06:03,288 | INFO | Chunk: 7 | WER=27.272727 | S=2 D=1 I=0
2026-01-14 12:06:03,288 | INFO | Chunk: 8 | WER=9.090909 | S=0 D=1 I=1
2026-01-14 12:06:03,289 | INFO | Chunk: 9 | WER=0.000000 | S=0 D=0 I=0
2026-01-14 12:06:03,289 | INFO | Chunk: 10 | WER=33.333333 | S=3 D=0 I=0
2026-01-14 12:06:03,289 | INFO | Chunk: 11 | WER=0.000000 | S=0 D=0 I=0
2026-01-14 12:06:03,289 | INFO | Chunk: 12 | WER=20.000000 | S=1 D=1 I=0
2026-01-14 12:06:03,289 | INFO | Chunk: 13 | WER=0.000000 | S=0 D=0 I=0
2026-01-14 12:06:03,290 | INFO | Chunk: 14 | WER=8.695652 | S=2 D=0 I=0
2026-01-14 12:06:03,290 | INFO | ------------------------------
2026-01-14 12:06:03,290 | INFO | ------------------------------
2026-01-14 12:06:03,310 | INFO | File: MO_H_AV22_2016_06_09_ModuleDescription_description | WER=18.061674 | S=23 D=13 I=5
2026-01-14 12:06:03,310 | INFO | ------------------------------
2026-01-14 12:06:03,310 | INFO | ------------------------------
2026-01-14 12:06:11,888 | INFO | Chunk: 0 | WER=84.693878 | S=1 D=82 I=0
2026-01-14 12:06:11,889 | INFO | Chunk: 1 | WER=61.111111 | S=5 D=6 I=0
2026-01-14 12:06:11,889 | INFO | Chunk: 2 | WER=35.714286 | S=1 D=4 I=0
2026-01-14 12:06:11,889 | INFO | Chunk: 3 | WER=15.384615 | S=1 D=1 I=0
2026-01-14 12:06:11,890 | INFO | Chunk: 4 | WER=27.586207 | S=4 D=4 I=0
2026-01-14 12:06:11,891 | INFO | Chunk: 5 | WER=31.818182 | S=8 D=6 I=0
2026-01-14 12:06:11,891 | INFO | Chunk: 6 | WER=11.111111 | S=0 D=2 I=0
2026-01-14 12:06:11,892 | INFO | Chunk: 7 | WER=40.740741 | S=1 D=10 I=0
2026-01-14 12:06:11,892 | INFO | ------------------------------
2026-01-14 12:06:11,892 | INFO | ------------------------------
2026-01-14 12:06:11,908 | INFO | File: MO_F_SD35_2016_06_23_ModuleDescription_description | WER=52.107280 | S=21 D=115 I=0
2026-01-14 12:06:11,908 | INFO | ------------------------------
2026-01-14 12:06:11,908 | INFO | ------------------------------
2026-01-14 12:06:15,458 | INFO | Chunk: 0 | WER=70.000000 | S=5 D=16 I=0
2026-01-14 12:06:15,458 | INFO | Chunk: 1 | WER=11.111111 | S=0 D=1 I=0
2026-01-14 12:06:15,459 | INFO | Chunk: 2 | WER=16.666667 | S=2 D=2 I=0
2026-01-14 12:06:15,459 | INFO | Chunk: 4 | WER=25.000000 | S=1 D=0 I=0
2026-01-14 12:06:15,459 | INFO | Chunk: 5 | WER=40.000000 | S=2 D=0 I=0
2026-01-14 12:06:15,459 | INFO | ------------------------------
2026-01-14 12:06:15,459 | INFO | ------------------------------
2026-01-14 12:06:15,461 | INFO | File: MO_H_SD07_2016_04_22_ModuleDescription_description | WER=41.666667 | S=10 D=19 I=1
2026-01-14 12:06:15,461 | INFO | ------------------------------
2026-01-14 12:06:15,461 | INFO | ------------------------------
2026-01-14 12:06:46,908 | INFO | Chunk: 0 | WER=50.943396 | S=1 D=26 I=0
2026-01-14 12:06:46,909 | INFO | Chunk: 1 | WER=52.631579 | S=2 D=28 I=0
2026-01-14 12:06:46,910 | INFO | Chunk: 2 | WER=86.250000 | S=6 D=63 I=0
2026-01-14 12:06:46,912 | INFO | Chunk: 3 | WER=68.686869 | S=3 D=64 I=1
2026-01-14 12:06:46,913 | INFO | Chunk: 4 | WER=54.545455 | S=2 D=40 I=0
2026-01-14 12:06:46,916 | INFO | Chunk: 5 | WER=58.653846 | S=6 D=55 I=0
2026-01-14 12:06:46,917 | INFO | Chunk: 6 | WER=62.222222 | S=4 D=24 I=0
2026-01-14 12:06:46,919 | INFO | Chunk: 7 | WER=54.945055 | S=8 D=42 I=0
2026-01-14 12:06:46,920 | INFO | Chunk: 8 | WER=40.625000 | S=2 D=24 I=0
2026-01-14 12:06:46,921 | INFO | Chunk: 9 | WER=26.190476 | S=4 D=7 I=0
2026-01-14 12:06:46,922 | INFO | Chunk: 10 | WER=20.000000 | S=1 D=1 I=0
2026-01-14 12:06:46,922 | INFO | Chunk: 11 | WER=25.000000 | S=4 D=5 I=0
2026-01-14 12:06:46,924 | INFO | Chunk: 12 | WER=89.411765 | S=1 D=151 I=0
2026-01-14 12:06:46,926 | INFO | Chunk: 13 | WER=63.043478 | S=5 D=53 I=0
2026-01-14 12:06:46,926 | INFO | ------------------------------
2026-01-14 12:06:46,926 | INFO | ------------------------------
2026-01-14 12:06:47,122 | INFO | File: MO_F_AV36_2016_06_07_ModuleDescription_description | WER=61.960784 | S=48 D=583 I=1
2026-01-14 12:06:47,122 | INFO | ------------------------------
2026-01-14 12:06:47,122 | INFO | ------------------------------
2026-01-14 12:06:54,994 | INFO | Chunk: 0 | WER=10.000000 | S=1 D=0 I=0
2026-01-14 12:06:54,994 | INFO | Chunk: 1 | WER=0.000000 | S=0 D=0 I=0
2026-01-14 12:06:54,995 | INFO | Chunk: 2 | WER=20.000000 | S=1 D=0 I=0
2026-01-14 12:06:54,995 | INFO | Chunk: 3 | WER=0.000000 | S=0 D=0 I=0
2026-01-14 12:06:54,995 | INFO | Chunk: 4 | WER=0.000000 | S=0 D=0 I=0
2026-01-14 12:06:54,995 | INFO | Chunk: 5 | WER=0.000000 | S=0 D=0 I=0
2026-01-14 12:06:54,995 | INFO | Chunk: 6 | WER=20.000000 | S=1 D=0 I=1
2026-01-14 12:06:54,996 | INFO | Chunk: 7 | WER=14.285714 | S=1 D=0 I=0
2026-01-14 12:06:54,996 | INFO | Chunk: 8 | WER=0.000000 | S=0 D=0 I=0
2026-01-14 12:06:54,996 | INFO | Chunk: 9 | WER=0.000000 | S=0 D=0 I=0
2026-01-14 12:06:54,996 | INFO | Chunk: 10 | WER=0.000000 | S=0 D=0 I=0
2026-01-14 12:06:54,996 | INFO | Chunk: 11 | WER=50.000000 | S=1 D=1 I=0
2026-01-14 12:06:54,996 | INFO | Chunk: 12 | WER=0.000000 | S=0 D=0 I=0
2026-01-14 12:06:54,996 | INFO | ------------------------------
2026-01-14 12:06:54,996 | INFO | ------------------------------
2026-01-14 12:06:55,001 | INFO | File: MO_H_ER41_2017_05_29_ModuleDescription_description | WER=6.796117 | S=5 D=1 I=1
2026-01-14 12:06:55,001 | INFO | ------------------------------
2026-01-14 12:06:55,001 | INFO | ------------------------------
2026-01-14 12:07:00,288 | INFO | Chunk: 0 | WER=25.000000 | S=1 D=1 I=0
2026-01-14 12:07:00,289 | INFO | Chunk: 1 | WER=0.000000 | S=0 D=0 I=0
2026-01-14 12:07:00,289 | INFO | Chunk: 2 | WER=100.000000 | S=2 D=0 I=0
2026-01-14 12:07:00,289 | INFO | Chunk: 3 | WER=66.666667 | S=2 D=0 I=0
2026-01-14 12:07:00,290 | INFO | Chunk: 4 | WER=75.000000 | S=2 D=1 I=0
2026-01-14 12:07:00,290 | INFO | Chunk: 5 | WER=0.000000 | S=0 D=0 I=0
2026-01-14 12:07:00,290 | INFO | Chunk: 6 | WER=50.000000 | S=1 D=0 I=1
2026-01-14 12:07:00,290 | INFO | Chunk: 7 | WER=0.000000 | S=0 D=0 I=0
2026-01-14 12:07:00,290 | INFO | Chunk: 8 | WER=83.333333 | S=6 D=4 I=0
2026-01-14 12:07:00,290 | INFO | Chunk: 11 | WER=25.000000 | S=2 D=0 I=0
2026-01-14 12:07:00,290 | INFO | Chunk: 12 | WER=66.666667 | S=3 D=3 I=0
2026-01-14 12:07:00,291 | INFO | Chunk: 13 | WER=100.000000 | S=2 D=3 I=1
2026-01-14 12:07:00,291 | INFO | ------------------------------
2026-01-14 12:07:00,291 | INFO | ------------------------------
2026-01-14 12:07:00,293 | INFO | File: MO_H_AV19_2016_04_18_ModuleDescription_description | WER=54.166667 | S=27 D=8 I=4
2026-01-14 12:07:00,293 | INFO | ------------------------------
2026-01-14 12:07:00,293 | INFO | ------------------------------
2026-01-14 12:07:10,225 | INFO | Chunk: 1 | WER=0.000000 | S=0 D=0 I=0
2026-01-14 12:07:10,225 | INFO | Chunk: 2 | WER=0.000000 | S=0 D=0 I=0
2026-01-14 12:07:10,226 | INFO | Chunk: 3 | WER=0.000000 | S=0 D=0 I=0
2026-01-14 12:07:10,226 | INFO | Chunk: 4 | WER=0.000000 | S=0 D=0 I=0
2026-01-14 12:07:10,226 | INFO | Chunk: 5 | WER=0.000000 | S=0 D=0 I=0
2026-01-14 12:07:10,226 | INFO | Chunk: 6 | WER=90.909091 | S=4 D=5 I=1
2026-01-14 12:07:10,226 | INFO | Chunk: 7 | WER=0.000000 | S=0 D=0 I=0
2026-01-14 12:07:10,226 | INFO | Chunk: 8 | WER=7.692308 | S=1 D=0 I=0
2026-01-14 12:07:10,227 | INFO | Chunk: 9 | WER=100.000000 | S=1 D=0 I=0
2026-01-14 12:07:10,227 | INFO | Chunk: 10 | WER=33.333333 | S=2 D=0 I=0
2026-01-14 12:07:10,227 | INFO | Chunk: 11 | WER=0.000000 | S=0 D=0 I=0
2026-01-14 12:07:10,227 | INFO | Chunk: 12 | WER=7.692308 | S=1 D=0 I=0
2026-01-14 12:07:10,227 | INFO | Chunk: 13 | WER=33.333333 | S=1 D=1 I=0
2026-01-14 12:07:10,227 | INFO | Chunk: 14 | WER=11.111111 | S=1 D=0 I=0
2026-01-14 12:07:10,228 | INFO | Chunk: 15 | WER=0.000000 | S=0 D=0 I=0
2026-01-14 12:07:10,228 | INFO | Chunk: 16 | WER=50.000000 | S=1 D=0 I=1
2026-01-14 12:07:10,228 | INFO | Chunk: 17 | WER=10.000000 | S=1 D=0 I=0
2026-01-14 12:07:10,228 | INFO | Chunk: 18 | WER=25.000000 | S=1 D=1 I=0
2026-01-14 12:07:10,228 | INFO | ------------------------------
2026-01-14 12:07:10,228 | INFO | ------------------------------
2026-01-14 12:07:10,235 | INFO | File: MO_F_SD08_2016_04_22_ModuleDescription_description | WER=23.622047 | S=14 D=7 I=9
2026-01-14 12:07:10,235 | INFO | ------------------------------
2026-01-14 12:07:10,235 | INFO | ------------------------------
2026-01-14 12:07:18,576 | INFO | Chunk: 0 | WER=7.142857 | S=1 D=0 I=0
2026-01-14 12:07:18,577 | INFO | Chunk: 1 | WER=0.000000 | S=0 D=0 I=0
2026-01-14 12:07:18,577 | INFO | Chunk: 2 | WER=33.333333 | S=4 D=2 I=0
2026-01-14 12:07:18,577 | INFO | Chunk: 3 | WER=20.000000 | S=0 D=1 I=0
2026-01-14 12:07:18,578 | INFO | Chunk: 4 | WER=20.454545 | S=1 D=8 I=0
2026-01-14 12:07:18,578 | INFO | Chunk: 5 | WER=50.000000 | S=1 D=2 I=0
2026-01-14 12:07:18,578 | INFO | Chunk: 6 | WER=44.444444 | S=1 D=3 I=0
2026-01-14 12:07:18,579 | INFO | Chunk: 7 | WER=0.000000 | S=0 D=0 I=0
2026-01-14 12:07:18,579 | INFO | Chunk: 8 | WER=20.000000 | S=2 D=4 I=0
2026-01-14 12:07:18,579 | INFO | Chunk: 9 | WER=0.000000 | S=0 D=0 I=0
2026-01-14 12:07:18,579 | INFO | ------------------------------
2026-01-14 12:07:18,579 | INFO | ------------------------------
2026-01-14 12:07:18,588 | INFO | File: MO_F_ER26_2016_04_18_ModuleDescription_description | WER=20.408163 | S=10 D=20 I=0
2026-01-14 12:07:18,588 | INFO | ------------------------------
2026-01-14 12:07:18,588 | INFO | ------------------------------
2026-01-14 12:07:22,015 | INFO | Chunk: 0 | WER=75.308642 | S=2 D=59 I=0
2026-01-14 12:07:22,016 | INFO | Chunk: 1 | WER=10.000000 | S=1 D=2 I=0
2026-01-14 12:07:22,016 | INFO | ------------------------------
2026-01-14 12:07:22,016 | INFO | ------------------------------
2026-01-14 12:07:22,019 | INFO | File: MO_H_AV37_2016_06_08_ModuleDescription_description | WER=57.657658 | S=3 D=61 I=0
2026-01-14 12:07:22,019 | INFO | ------------------------------
2026-01-14 12:07:22,019 | INFO | ------------------------------
2026-01-14 12:07:25,724 | INFO | Chunk: 0 | WER=71.428571 | S=3 D=2 I=0
2026-01-14 12:07:25,725 | INFO | Chunk: 1 | WER=83.050847 | S=1 D=48 I=0
2026-01-14 12:07:25,726 | INFO | Chunk: 2 | WER=56.451613 | S=0 D=35 I=0
2026-01-14 12:07:25,726 | INFO | ------------------------------
2026-01-14 12:07:25,726 | INFO | ------------------------------
2026-01-14 12:07:25,729 | INFO | File: MO_H_ER09_2016_06_08_ModuleDescription_description | WER=69.531250 | S=4 D=85 I=0
2026-01-14 12:07:25,729 | INFO | ------------------------------
2026-01-14 12:07:25,729 | INFO | ------------------------------
2026-01-14 12:07:31,931 | INFO | Chunk: 0 | WER=56.603774 | S=1 D=29 I=0
2026-01-14 12:07:31,931 | INFO | Chunk: 1 | WER=42.857143 | S=1 D=2 I=0
2026-01-14 12:07:31,931 | INFO | Chunk: 2 | WER=0.000000 | S=0 D=0 I=0
2026-01-14 12:07:31,931 | INFO | Chunk: 3 | WER=0.000000 | S=0 D=0 I=0
2026-01-14 12:07:31,932 | INFO | Chunk: 4 | WER=40.000000 | S=2 D=0 I=0
2026-01-14 12:07:31,932 | INFO | Chunk: 5 | WER=0.000000 | S=0 D=0 I=0
2026-01-14 12:07:31,932 | INFO | Chunk: 6 | WER=0.000000 | S=0 D=0 I=0
2026-01-14 12:07:31,932 | INFO | Chunk: 7 | WER=33.333333 | S=2 D=0 I=0
2026-01-14 12:07:31,932 | INFO | Chunk: 8 | WER=16.666667 | S=0 D=0 I=1
2026-01-14 12:07:31,932 | INFO | Chunk: 9 | WER=100.000000 | S=4 D=1 I=0
2026-01-14 12:07:31,932 | INFO | ------------------------------
2026-01-14 12:07:31,932 | INFO | ------------------------------
2026-01-14 12:07:31,937 | INFO | File: MO_H_ER43_2017_01_24_ModuleDescription_description | WER=38.053097 | S=10 D=32 I=1
2026-01-14 12:07:31,937 | INFO | ------------------------------
2026-01-14 12:07:31,937 | INFO | ------------------------------
2026-01-14 12:07:35,344 | INFO | Chunk: 0 | WER=50.000000 | S=1 D=0 I=0
2026-01-14 12:07:35,345 | INFO | Chunk: 1 | WER=28.571429 | S=1 D=3 I=0
2026-01-14 12:07:35,345 | INFO | Chunk: 2 | WER=33.333333 | S=2 D=1 I=2
2026-01-14 12:07:35,345 | INFO | Chunk: 3 | WER=20.000000 | S=0 D=3 I=1
2026-01-14 12:07:35,346 | INFO | Chunk: 5 | WER=71.428571 | S=0 D=4 I=1
2026-01-14 12:07:35,346 | INFO | ------------------------------
2026-01-14 12:07:35,346 | INFO | ------------------------------
2026-01-14 12:07:35,347 | INFO | File: MO_F_AV06_2016_04_13_ModuleDescription_description | WER=32.758621 | S=5 D=10 I=4
2026-01-14 12:07:35,347 | INFO | ------------------------------
2026-01-14 12:07:35,347 | INFO | ------------------------------
2026-01-14 12:07:44,390 | INFO | Chunk: 0 | WER=21.875000 | S=5 D=0 I=2
2026-01-14 12:07:44,391 | INFO | Chunk: 1 | WER=50.000000 | S=3 D=0 I=0
2026-01-14 12:07:44,391 | INFO | Chunk: 2 | WER=28.571429 | S=0 D=2 I=0
2026-01-14 12:07:44,391 | INFO | Chunk: 3 | WER=25.000000 | S=3 D=1 I=0
2026-01-14 12:07:44,391 | INFO | Chunk: 4 | WER=66.666667 | S=1 D=1 I=0
2026-01-14 12:07:44,393 | INFO | Chunk: 5 | WER=44.927536 | S=8 D=22 I=1
2026-01-14 12:07:44,393 | INFO | Chunk: 6 | WER=44.444444 | S=3 D=1 I=0
2026-01-14 12:07:44,394 | INFO | Chunk: 7 | WER=48.780488 | S=1 D=18 I=1
2026-01-14 12:07:44,394 | INFO | ------------------------------
2026-01-14 12:07:44,394 | INFO | ------------------------------
2026-01-14 12:07:44,405 | INFO | File: MO_H_ER43_2017_05_23_ModuleDescription_description | WER=39.890710 | S=24 D=45 I=4
2026-01-14 12:07:44,405 | INFO | ------------------------------
2026-01-14 12:07:44,405 | INFO | ------------------------------
2026-01-14 12:07:50,952 | INFO | Chunk: 0 | WER=25.000000 | S=1 D=1 I=0
2026-01-14 12:07:50,953 | INFO | Chunk: 1 | WER=3.225806 | S=1 D=0 I=0
2026-01-14 12:07:50,953 | INFO | Chunk: 2 | WER=16.666667 | S=1 D=0 I=0
2026-01-14 12:07:50,953 | INFO | Chunk: 3 | WER=0.000000 | S=0 D=0 I=0
2026-01-14 12:07:50,953 | INFO | Chunk: 4 | WER=0.000000 | S=0 D=0 I=0
2026-01-14 12:07:50,954 | INFO | Chunk: 5 | WER=50.000000 | S=1 D=2 I=0
2026-01-14 12:07:50,954 | INFO | Chunk: 7 | WER=6.666667 | S=1 D=0 I=0
2026-01-14 12:07:50,954 | INFO | Chunk: 8 | WER=27.777778 | S=2 D=3 I=0
2026-01-14 12:07:50,954 | INFO | ------------------------------
2026-01-14 12:07:50,954 | INFO | ------------------------------
2026-01-14 12:07:50,958 | INFO | File: MO_F_AV17_2016_04_18_ModuleDescription_description | WER=14.583333 | S=8 D=5 I=1
2026-01-14 12:07:50,958 | INFO | ------------------------------
2026-01-14 12:07:50,958 | INFO | ------------------------------
2026-01-14 12:08:00,217 | INFO | Chunk: 0 | WER=44.186047 | S=1 D=18 I=0
2026-01-14 12:08:00,218 | INFO | Chunk: 1 | WER=30.232558 | S=5 D=6 I=2
2026-01-14 12:08:00,218 | INFO | Chunk: 2 | WER=7.692308 | S=0 D=1 I=0
2026-01-14 12:08:00,219 | INFO | Chunk: 4 | WER=13.043478 | S=2 D=0 I=1
2026-01-14 12:08:00,219 | INFO | Chunk: 5 | WER=25.925926 | S=1 D=6 I=0
2026-01-14 12:08:00,219 | INFO | Chunk: 7 | WER=333.333333 | S=2 D=0 I=8
2026-01-14 12:08:00,219 | INFO | ------------------------------
2026-01-14 12:08:00,219 | INFO | ------------------------------
2026-01-14 12:08:00,228 | INFO | File: MO_H_SD30_2016_05_21_ModuleDescription_description | WER=38.815789 | S=11 D=31 I=17
2026-01-14 12:08:00,228 | INFO | ------------------------------
2026-01-14 12:08:00,228 | INFO | ------------------------------
2026-01-14 12:08:08,675 | INFO | Chunk: 0 | WER=5.882353 | S=1 D=0 I=0
2026-01-14 12:08:08,676 | INFO | Chunk: 1 | WER=51.162791 | S=4 D=18 I=0
2026-01-14 12:08:08,676 | INFO | Chunk: 3 | WER=41.666667 | S=3 D=2 I=0
2026-01-14 12:08:08,676 | INFO | Chunk: 4 | WER=42.857143 | S=0 D=0 I=3
2026-01-14 12:08:08,676 | INFO | Chunk: 5 | WER=45.454545 | S=1 D=4 I=0
2026-01-14 12:08:08,676 | INFO | Chunk: 6 | WER=25.000000 | S=0 D=1 I=0
2026-01-14 12:08:08,676 | INFO | Chunk: 7 | WER=27.272727 | S=3 D=0 I=0
2026-01-14 12:08:08,677 | INFO | Chunk: 8 | WER=0.000000 | S=0 D=0 I=0
2026-01-14 12:08:08,677 | INFO | Chunk: 9 | WER=36.363636 | S=1 D=2 I=1
2026-01-14 12:08:08,677 | INFO | Chunk: 10 | WER=16.666667 | S=0 D=1 I=0
2026-01-14 12:08:08,677 | INFO | Chunk: 11 | WER=0.000000 | S=0 D=0 I=0
2026-01-14 12:08:08,677 | INFO | Chunk: 12 | WER=12.500000 | S=1 D=0 I=0
2026-01-14 12:08:08,677 | INFO | ------------------------------
2026-01-14 12:08:08,677 | INFO | ------------------------------
2026-01-14 12:08:08,685 | INFO | File: MO_F_AV21_2016_04_18_ModuleDescription_description | WER=30.714286 | S=18 D=22 I=3
2026-01-14 12:08:08,685 | INFO | ------------------------------
2026-01-14 12:08:08,685 | INFO | ------------------------------
2026-01-14 12:08:15,660 | INFO | Chunk: 1 | WER=25.000000 | S=2 D=1 I=4
2026-01-14 12:08:15,661 | INFO | Chunk: 2 | WER=21.739130 | S=3 D=1 I=1
2026-01-14 12:08:15,662 | INFO | Chunk: 3 | WER=9.090909 | S=2 D=1 I=0
2026-01-14 12:08:15,662 | INFO | Chunk: 5 | WER=0.000000 | S=0 D=0 I=0
2026-01-14 12:08:15,662 | INFO | Chunk: 6 | WER=50.000000 | S=2 D=0 I=0
2026-01-14 12:08:15,662 | INFO | Chunk: 7 | WER=0.000000 | S=0 D=0 I=0
2026-01-14 12:08:15,662 | INFO | ------------------------------
2026-01-14 12:08:15,662 | INFO | ------------------------------
2026-01-14 12:08:15,667 | INFO | File: MO_H_ER49_2017_01_28_ModuleDescription_description | WER=24.242424 | S=9 D=3 I=12
2026-01-14 12:08:15,667 | INFO | ------------------------------
2026-01-14 12:08:15,667 | INFO | ------------------------------
2026-01-14 12:08:15,667 | INFO | ===================== GLOBAL WER ======================
2026-01-14 12:08:15,667 | INFO | WER: 31.13%
2026-01-14 12:08:15,667 | INFO | =============================================================
