2026-01-21 16:25:54,856 | INFO | Fetch hyperparams.yaml: Using file found at '/vol/experiments3/imbenamor/TAPAS-FRAIS/models/asr-whisper-large-v2-commonvoice-fr/hyperparams.yaml'
2026-01-21 16:25:54,856 | DEBUG | Fetch: Source and destination '/vol/experiments3/imbenamor/TAPAS-FRAIS/models/asr-whisper-large-v2-commonvoice-fr/custom.py' are identical, returning assuming this is intended
2026-01-21 16:25:58,384 | WARNING | speechbrain.lobes.models.huggingface_transformers.huggingface - WhisperModel is frozen.
2026-01-21 16:25:58,384 | WARNING | speechbrain.lobes.models.huggingface_transformers.whisper - whisper encoder-decoder is frozen.
2026-01-21 16:25:58,793 | DEBUG | Collecting files (or symlinks) for pretraining in /vol/experiments3/imbenamor/TAPAS-FRAIS/models/asr-whisper-large-v2-commonvoice-fr.
2026-01-21 16:25:58,793 | INFO | Fetch whisper.ckpt: Using file found at '/vol/experiments3/imbenamor/TAPAS-FRAIS/models/asr-whisper-large-v2-commonvoice-fr/whisper.ckpt'
2026-01-21 16:25:58,793 | DEBUG | Set local path in self.paths["whisper"] = /vol/experiments3/imbenamor/TAPAS-FRAIS/models/asr-whisper-large-v2-commonvoice-fr/whisper.ckpt
2026-01-21 16:25:58,793 | INFO | Loading pretrained files for: whisper
2026-01-21 16:25:58,793 | DEBUG | Redirecting (loading from local path): whisper -> /vol/experiments3/imbenamor/TAPAS-FRAIS/models/asr-whisper-large-v2-commonvoice-fr/whisper.ckpt
2026-01-21 16:26:05,615 | INFO |  File duration: 121.48680272108844 seconds
2026-01-21 16:26:17,045 | INFO | Using rVAD model
2026-01-21 16:26:21,947 | INFO | Number of chunks: 19
2026-01-21 16:26:34,277 | INFO | Chunk: 0 | WER=0.000000 | S=1 D=0 I=0
2026-01-21 16:26:34,277 | INFO | Chunk: 1 | WER=0.000000 | S=1 D=0 I=3
2026-01-21 16:26:34,278 | INFO | Chunk: 2 | WER=0.000000 | S=1 D=0 I=4
2026-01-21 16:26:34,278 | INFO | Chunk: 3 | WER=0.000000 | S=1 D=0 I=2
2026-01-21 16:26:34,278 | INFO | Chunk: 4 | WER=40.000000 | S=4 D=4 I=0
2026-01-21 16:26:34,278 | INFO | Chunk: 5 | WER=88.888889 | S=8 D=0 I=0
2026-01-21 16:26:34,279 | INFO | Chunk: 6 | WER=17.647059 | S=1 D=2 I=0
2026-01-21 16:26:34,279 | INFO | Chunk: 7 | WER=73.913043 | S=4 D=30 I=0
2026-01-21 16:26:34,280 | INFO | Chunk: 8 | WER=80.000000 | S=3 D=5 I=0
2026-01-21 16:26:34,280 | INFO | Chunk: 9 | WER=66.666667 | S=7 D=3 I=0
2026-01-21 16:26:34,280 | INFO | Chunk: 10 | WER=77.777778 | S=4 D=3 I=0
2026-01-21 16:26:34,281 | INFO | Chunk: 11 | WER=92.857143 | S=11 D=1 I=1
2026-01-21 16:26:34,281 | INFO | Chunk: 12 | WER=0.000000 | S=1 D=0 I=5
2026-01-21 16:26:34,281 | INFO | Chunk: 13 | WER=87.500000 | S=8 D=6 I=0
2026-01-21 16:26:34,281 | INFO | Chunk: 14 | WER=100.000000 | S=1 D=3 I=0
2026-01-21 16:26:34,282 | INFO | Chunk: 15 | WER=100.000000 | S=8 D=3 I=0
2026-01-21 16:26:34,282 | INFO | Chunk: 16 | WER=100.000000 | S=6 D=3 I=0
2026-01-21 16:26:34,282 | INFO | Chunk: 17 | WER=43.750000 | S=4 D=3 I=0
2026-01-21 16:26:34,282 | INFO | Chunk: 18 | WER=100.000000 | S=5 D=2 I=1
2026-01-21 16:26:34,282 | INFO | ------------------------------
2026-01-21 16:26:34,283 | INFO | ------------------------------
2026-01-21 16:26:34,296 | INFO | File: CCM-002710-01_L01.wav | WER=74.857143 | S=81 D=34 I=16
2026-01-21 16:26:34,296 | INFO | ------------------------------
2026-01-21 16:26:34,297 | INFO |  File duration: 127.0595918367347 seconds
2026-01-21 16:26:45,834 | INFO | Using rVAD model
2026-01-21 16:26:50,920 | INFO | Number of chunks: 23
2026-01-21 16:27:04,804 | INFO | Chunk: 0 | WER=0.000000 | S=0 D=0 I=0
2026-01-21 16:27:04,804 | INFO | Chunk: 1 | WER=33.333333 | S=1 D=1 I=0
2026-01-21 16:27:04,805 | INFO | Chunk: 2 | WER=20.000000 | S=2 D=1 I=0
2026-01-21 16:27:04,805 | INFO | Chunk: 3 | WER=40.000000 | S=2 D=0 I=0
2026-01-21 16:27:04,805 | INFO | Chunk: 4 | WER=0.000000 | S=0 D=0 I=0
2026-01-21 16:27:04,805 | INFO | Chunk: 5 | WER=13.333333 | S=2 D=0 I=0
2026-01-21 16:27:04,806 | INFO | Chunk: 6 | WER=300.000000 | S=1 D=0 I=2
2026-01-21 16:27:04,806 | INFO | Chunk: 7 | WER=100.000000 | S=2 D=1 I=0
2026-01-21 16:27:04,806 | INFO | Chunk: 8 | WER=20.000000 | S=2 D=1 I=0
2026-01-21 16:27:04,806 | INFO | Chunk: 9 | WER=16.666667 | S=0 D=1 I=0
2026-01-21 16:27:04,806 | INFO | Chunk: 10 | WER=33.333333 | S=2 D=0 I=0
2026-01-21 16:27:04,807 | INFO | Chunk: 11 | WER=28.571429 | S=2 D=0 I=0
2026-01-21 16:27:04,807 | INFO | Chunk: 12 | WER=25.000000 | S=1 D=3 I=0
2026-01-21 16:27:04,807 | INFO | Chunk: 13 | WER=42.857143 | S=1 D=2 I=0
2026-01-21 16:27:04,807 | INFO | Chunk: 14 | WER=33.333333 | S=1 D=0 I=0
2026-01-21 16:27:04,807 | INFO | Chunk: 15 | WER=0.000000 | S=0 D=0 I=0
2026-01-21 16:27:04,808 | INFO | Chunk: 16 | WER=37.500000 | S=3 D=0 I=0
2026-01-21 16:27:04,808 | INFO | Chunk: 17 | WER=0.000000 | S=0 D=0 I=0
2026-01-21 16:27:04,808 | INFO | Chunk: 18 | WER=20.000000 | S=1 D=0 I=0
2026-01-21 16:27:04,808 | INFO | Chunk: 19 | WER=37.500000 | S=1 D=2 I=0
2026-01-21 16:27:04,809 | INFO | Chunk: 20 | WER=27.272727 | S=1 D=2 I=0
2026-01-21 16:27:04,809 | INFO | Chunk: 21 | WER=33.333333 | S=3 D=0 I=0
2026-01-21 16:27:04,809 | INFO | Chunk: 22 | WER=30.000000 | S=3 D=3 I=0
2026-01-21 16:27:04,809 | INFO | ------------------------------
2026-01-21 16:27:04,810 | INFO | ------------------------------
2026-01-21 16:27:04,825 | INFO | File: CCM-003094-01_L01.wav | WER=22.285714 | S=28 D=6 I=5
2026-01-21 16:27:04,825 | INFO | ------------------------------
2026-01-21 16:27:04,825 | INFO |  File duration: 91.39374149659864 seconds
2026-01-21 16:27:15,762 | INFO | Using rVAD model
2026-01-21 16:27:19,349 | INFO | Number of chunks: 9
2026-01-21 16:27:30,867 | INFO | Chunk: 0 | WER=21.428571 | S=1 D=2 I=0
2026-01-21 16:27:30,868 | INFO | Chunk: 1 | WER=83.333333 | S=2 D=3 I=0
2026-01-21 16:27:30,868 | INFO | Chunk: 2 | WER=30.769231 | S=5 D=3 I=0
2026-01-21 16:27:30,869 | INFO | Chunk: 3 | WER=15.789474 | S=1 D=2 I=0
2026-01-21 16:27:30,869 | INFO | Chunk: 4 | WER=13.333333 | S=0 D=2 I=0
2026-01-21 16:27:30,870 | INFO | Chunk: 5 | WER=21.052632 | S=2 D=1 I=1
2026-01-21 16:27:30,870 | INFO | Chunk: 6 | WER=8.333333 | S=1 D=1 I=0
2026-01-21 16:27:30,871 | INFO | Chunk: 7 | WER=19.230769 | S=4 D=1 I=0
2026-01-21 16:27:30,872 | INFO | Chunk: 8 | WER=20.930233 | S=3 D=6 I=0
2026-01-21 16:27:30,872 | INFO | ------------------------------
2026-01-21 16:27:30,872 | INFO | ------------------------------
2026-01-21 16:27:30,886 | INFO | File: CCM-003110-01_L01.wav | WER=15.168539 | S=19 D=7 I=1
2026-01-21 16:27:30,886 | INFO | ------------------------------
2026-01-21 16:27:30,887 | INFO |  File duration: 122.32272108843537 seconds
2026-01-21 16:27:44,761 | INFO | Using rVAD model
2026-01-21 16:27:49,837 | INFO | Number of chunks: 10
2026-01-21 16:28:03,522 | INFO | Chunk: 0 | WER=22.727273 | S=7 D=3 I=0
2026-01-21 16:28:03,524 | INFO | Chunk: 1 | WER=32.692308 | S=3 D=14 I=0
2026-01-21 16:28:03,526 | INFO | Chunk: 2 | WER=48.076923 | S=16 D=3 I=6
2026-01-21 16:28:03,526 | INFO | Chunk: 3 | WER=37.500000 | S=3 D=0 I=0
2026-01-21 16:28:03,526 | INFO | Chunk: 4 | WER=60.000000 | S=1 D=2 I=0
2026-01-21 16:28:03,526 | INFO | Chunk: 5 | WER=100.000000 | S=5 D=3 I=0
2026-01-21 16:28:03,527 | INFO | Chunk: 6 | WER=100.000000 | S=1 D=0 I=0
2026-01-21 16:28:03,527 | INFO | Chunk: 7 | WER=400.000000 | S=1 D=0 I=3
2026-01-21 16:28:03,527 | INFO | Chunk: 8 | WER=20.833333 | S=2 D=3 I=0
2026-01-21 16:28:03,527 | INFO | Chunk: 9 | WER=20.000000 | S=2 D=0 I=0
2026-01-21 16:28:03,528 | INFO | ------------------------------
2026-01-21 16:28:03,528 | INFO | ------------------------------
2026-01-21 16:28:03,544 | INFO | File: CCM-003493-01_L01.wav | WER=34.269663 | S=31 D=11 I=19
2026-01-21 16:28:03,544 | INFO | ------------------------------
2026-01-21 16:28:03,545 | INFO |  File duration: 142.47764172335602 seconds
2026-01-21 16:28:16,963 | INFO | Using rVAD model
2026-01-21 16:28:22,781 | INFO | Number of chunks: 33
2026-01-21 16:28:39,646 | INFO | Chunk: 0 | WER=0.000000 | S=0 D=0 I=0
2026-01-21 16:28:39,646 | INFO | Chunk: 1 | WER=0.000000 | S=0 D=0 I=0
2026-01-21 16:28:39,646 | INFO | Chunk: 2 | WER=100.000000 | S=1 D=0 I=0
2026-01-21 16:28:39,646 | INFO | Chunk: 3 | WER=100.000000 | S=2 D=2 I=0
2026-01-21 16:28:39,646 | INFO | Chunk: 4 | WER=71.428571 | S=3 D=2 I=0
2026-01-21 16:28:39,647 | INFO | Chunk: 5 | WER=700.000000 | S=1 D=0 I=6
2026-01-21 16:28:39,647 | INFO | Chunk: 6 | WER=600.000000 | S=1 D=0 I=5
2026-01-21 16:28:39,647 | INFO | Chunk: 7 | WER=44.444444 | S=3 D=1 I=0
2026-01-21 16:28:39,647 | INFO | Chunk: 8 | WER=0.000000 | S=0 D=0 I=0
2026-01-21 16:28:39,647 | INFO | Chunk: 9 | WER=28.571429 | S=2 D=0 I=0
2026-01-21 16:28:39,647 | INFO | Chunk: 10 | WER=100.000000 | S=1 D=0 I=0
2026-01-21 16:28:39,647 | INFO | Chunk: 11 | WER=100.000000 | S=1 D=0 I=0
2026-01-21 16:28:39,648 | INFO | Chunk: 12 | WER=0.000000 | S=0 D=0 I=0
2026-01-21 16:28:39,648 | INFO | Chunk: 13 | WER=100.000000 | S=4 D=3 I=0
2026-01-21 16:28:39,648 | INFO | Chunk: 14 | WER=0.000000 | S=0 D=0 I=0
2026-01-21 16:28:39,648 | INFO | Chunk: 15 | WER=0.000000 | S=0 D=0 I=0
2026-01-21 16:28:39,649 | INFO | Chunk: 16 | WER=36.363636 | S=2 D=2 I=0
2026-01-21 16:28:39,649 | INFO | Chunk: 17 | WER=20.000000 | S=1 D=0 I=0
2026-01-21 16:28:39,649 | INFO | Chunk: 18 | WER=100.000000 | S=3 D=0 I=1
2026-01-21 16:28:39,649 | INFO | Chunk: 19 | WER=0.000000 | S=0 D=0 I=0
2026-01-21 16:28:39,649 | INFO | Chunk: 20 | WER=12.500000 | S=1 D=0 I=0
2026-01-21 16:28:39,649 | INFO | Chunk: 21 | WER=60.000000 | S=2 D=1 I=0
2026-01-21 16:28:39,650 | INFO | Chunk: 22 | WER=80.000000 | S=2 D=2 I=0
2026-01-21 16:28:39,650 | INFO | Chunk: 23 | WER=38.461538 | S=4 D=1 I=0
2026-01-21 16:28:39,650 | INFO | Chunk: 24 | WER=0.000000 | S=0 D=0 I=0
2026-01-21 16:28:39,650 | INFO | Chunk: 25 | WER=50.000000 | S=3 D=0 I=0
2026-01-21 16:28:39,650 | INFO | Chunk: 26 | WER=50.000000 | S=2 D=1 I=0
2026-01-21 16:28:39,650 | INFO | Chunk: 27 | WER=150.000000 | S=2 D=0 I=1
2026-01-21 16:28:39,651 | INFO | Chunk: 28 | WER=11.111111 | S=1 D=0 I=0
2026-01-21 16:28:39,651 | INFO | Chunk: 29 | WER=14.285714 | S=1 D=0 I=0
2026-01-21 16:28:39,651 | INFO | Chunk: 30 | WER=12.500000 | S=1 D=0 I=0
2026-01-21 16:28:39,651 | INFO | Chunk: 31 | WER=50.000000 | S=1 D=3 I=0
2026-01-21 16:28:39,651 | INFO | Chunk: 32 | WER=37.500000 | S=1 D=2 I=0
2026-01-21 16:28:39,652 | INFO | ------------------------------
2026-01-21 16:28:39,652 | INFO | ------------------------------
2026-01-21 16:28:39,667 | INFO | File: CCM-003998-01_L01.wav | WER=36.723164 | S=40 D=7 I=18
2026-01-21 16:28:39,668 | INFO | ------------------------------
2026-01-21 16:28:39,668 | INFO |  File duration: 94.87673469387755 seconds
2026-01-21 16:28:47,303 | INFO | Using rVAD model
2026-01-21 16:28:50,976 | INFO | Number of chunks: 16
2026-01-21 16:29:04,388 | INFO | Chunk: 0 | WER=5.555556 | S=1 D=0 I=0
2026-01-21 16:29:04,388 | INFO | Chunk: 1 | WER=7.142857 | S=1 D=0 I=0
2026-01-21 16:29:04,389 | INFO | Chunk: 2 | WER=22.222222 | S=2 D=0 I=0
2026-01-21 16:29:04,389 | INFO | Chunk: 3 | WER=5.882353 | S=1 D=0 I=0
2026-01-21 16:29:04,389 | INFO | Chunk: 4 | WER=0.000000 | S=0 D=0 I=0
2026-01-21 16:29:04,390 | INFO | Chunk: 5 | WER=27.777778 | S=4 D=0 I=1
2026-01-21 16:29:04,390 | INFO | Chunk: 6 | WER=0.000000 | S=0 D=0 I=0
2026-01-21 16:29:04,391 | INFO | Chunk: 7 | WER=50.000000 | S=4 D=3 I=0
2026-01-21 16:29:04,391 | INFO | Chunk: 8 | WER=27.272727 | S=1 D=2 I=0
2026-01-21 16:29:04,391 | INFO | Chunk: 9 | WER=300.000000 | S=1 D=0 I=2
2026-01-21 16:29:04,391 | INFO | Chunk: 10 | WER=100.000000 | S=3 D=0 I=0
2026-01-21 16:29:04,391 | INFO | Chunk: 11 | WER=33.333333 | S=3 D=0 I=0
2026-01-21 16:29:04,392 | INFO | Chunk: 12 | WER=14.285714 | S=1 D=0 I=0
2026-01-21 16:29:04,392 | INFO | Chunk: 13 | WER=25.000000 | S=1 D=1 I=0
2026-01-21 16:29:04,392 | INFO | Chunk: 14 | WER=0.000000 | S=0 D=0 I=0
2026-01-21 16:29:04,392 | INFO | Chunk: 15 | WER=100.000000 | S=5 D=3 I=0
2026-01-21 16:29:04,392 | INFO | ------------------------------
2026-01-21 16:29:04,392 | INFO | ------------------------------
2026-01-21 16:29:04,406 | INFO | File: CCM-004523-01_L01.wav | WER=21.052632 | S=26 D=4 I=6
2026-01-21 16:29:04,406 | INFO | ------------------------------
2026-01-21 16:29:04,407 | INFO |  File duration: 74.86113378684807 seconds
2026-01-21 16:29:11,331 | INFO | Using rVAD model
2026-01-21 16:29:14,218 | INFO | Number of chunks: 8
2026-01-21 16:29:25,468 | INFO | Chunk: 0 | WER=25.000000 | S=2 D=3 I=0
2026-01-21 16:29:25,469 | INFO | Chunk: 1 | WER=38.461538 | S=6 D=4 I=0
2026-01-21 16:29:25,469 | INFO | Chunk: 2 | WER=26.315789 | S=2 D=3 I=0
2026-01-21 16:29:25,470 | INFO | Chunk: 3 | WER=23.529412 | S=0 D=4 I=0
2026-01-21 16:29:25,470 | INFO | Chunk: 4 | WER=15.789474 | S=2 D=1 I=0
2026-01-21 16:29:25,471 | INFO | Chunk: 5 | WER=60.714286 | S=8 D=9 I=0
2026-01-21 16:29:25,471 | INFO | Chunk: 6 | WER=50.000000 | S=3 D=3 I=0
2026-01-21 16:29:25,473 | INFO | Chunk: 7 | WER=59.701493 | S=25 D=14 I=1
2026-01-21 16:29:25,473 | INFO | ------------------------------
2026-01-21 16:29:25,473 | INFO | ------------------------------
2026-01-21 16:29:25,487 | INFO | File: CCM-004538-01_L01.wav | WER=37.640449 | S=43 D=17 I=7
2026-01-21 16:29:25,487 | INFO | ------------------------------
2026-01-21 16:29:25,488 | WARNING | The file /vol/corpora/TAPAS_FRAIS/Data_partagees_ParisTypaloc-TapasFrais/8-CEREB/CCM-004773-01_L01.wav does not exist
2026-01-21 16:29:25,488 | INFO | ===================== GLOBAL WER ======================
2026-01-21 16:29:25,488 | INFO | The number of files is 7
2026-01-21 16:29:25,488 | INFO | WER: 34.57%
2026-01-21 16:29:25,488 | INFO | =============================================================
