2026-01-21 16:32:47,687 | INFO | Fetch hyperparams.yaml: Using file found at '/vol/experiments3/imbenamor/TAPAS-FRAIS/models/asr-whisper-large-v2-commonvoice-fr/hyperparams.yaml'
2026-01-21 16:32:47,687 | DEBUG | Fetch: Source and destination '/vol/experiments3/imbenamor/TAPAS-FRAIS/models/asr-whisper-large-v2-commonvoice-fr/custom.py' are identical, returning assuming this is intended
2026-01-21 16:32:50,589 | WARNING | speechbrain.lobes.models.huggingface_transformers.huggingface - WhisperModel is frozen.
2026-01-21 16:32:50,589 | WARNING | speechbrain.lobes.models.huggingface_transformers.whisper - whisper encoder-decoder is frozen.
2026-01-21 16:32:50,986 | DEBUG | Collecting files (or symlinks) for pretraining in /vol/experiments3/imbenamor/TAPAS-FRAIS/models/asr-whisper-large-v2-commonvoice-fr.
2026-01-21 16:32:50,986 | INFO | Fetch whisper.ckpt: Using file found at '/vol/experiments3/imbenamor/TAPAS-FRAIS/models/asr-whisper-large-v2-commonvoice-fr/whisper.ckpt'
2026-01-21 16:32:50,986 | DEBUG | Set local path in self.paths["whisper"] = /vol/experiments3/imbenamor/TAPAS-FRAIS/models/asr-whisper-large-v2-commonvoice-fr/whisper.ckpt
2026-01-21 16:32:50,986 | INFO | Loading pretrained files for: whisper
2026-01-21 16:32:50,986 | DEBUG | Redirecting (loading from local path): whisper -> /vol/experiments3/imbenamor/TAPAS-FRAIS/models/asr-whisper-large-v2-commonvoice-fr/whisper.ckpt
2026-01-21 16:32:57,799 | INFO |  File duration: 78.42133333333334 seconds
2026-01-21 16:33:08,036 | INFO | Using rVAD model
2026-01-21 16:33:11,393 | INFO | Number of chunks: 11
2026-01-21 16:33:24,131 | INFO | Chunk: 0 | WER=26.315789 | S=4 D=1 I=0
2026-01-21 16:33:24,132 | INFO | Chunk: 1 | WER=28.571429 | S=4 D=0 I=0
2026-01-21 16:33:24,132 | INFO | Chunk: 2 | WER=33.333333 | S=3 D=0 I=0
2026-01-21 16:33:24,133 | INFO | Chunk: 3 | WER=11.764706 | S=2 D=0 I=0
2026-01-21 16:33:24,133 | INFO | Chunk: 4 | WER=7.142857 | S=0 D=1 I=0
2026-01-21 16:33:24,134 | INFO | Chunk: 5 | WER=33.333333 | S=5 D=0 I=1
2026-01-21 16:33:24,134 | INFO | Chunk: 6 | WER=29.166667 | S=5 D=1 I=1
2026-01-21 16:33:24,134 | INFO | Chunk: 7 | WER=46.153846 | S=4 D=2 I=0
2026-01-21 16:33:24,135 | INFO | Chunk: 8 | WER=46.666667 | S=5 D=2 I=0
2026-01-21 16:33:24,135 | INFO | Chunk: 9 | WER=27.777778 | S=5 D=0 I=0
2026-01-21 16:33:24,136 | INFO | Chunk: 10 | WER=31.818182 | S=6 D=1 I=0
2026-01-21 16:33:24,136 | INFO | ------------------------------
2026-01-21 16:33:24,136 | INFO | ------------------------------
2026-01-21 16:33:24,152 | INFO | File: PHO-000024-01_L01.wav | WER=26.553672 | S=43 D=2 I=2
2026-01-21 16:33:24,152 | INFO | ------------------------------
2026-01-21 16:33:24,153 | INFO |  File duration: 217.77066666666667 seconds
2026-01-21 16:33:39,393 | INFO | Using rVAD model
2026-01-21 16:33:48,244 | INFO | Number of chunks: 23
2026-01-21 16:34:01,652 | INFO | Chunk: 0 | WER=100.000000 | S=1 D=1 I=0
2026-01-21 16:34:01,653 | INFO | Chunk: 1 | WER=0.000000 | S=0 D=0 I=0
2026-01-21 16:34:01,653 | INFO | Chunk: 2 | WER=0.000000 | S=0 D=0 I=0
2026-01-21 16:34:01,653 | INFO | Chunk: 3 | WER=33.333333 | S=2 D=0 I=0
2026-01-21 16:34:01,653 | INFO | Chunk: 4 | WER=60.000000 | S=4 D=2 I=0
2026-01-21 16:34:01,654 | INFO | Chunk: 5 | WER=82.352941 | S=4 D=0 I=10
2026-01-21 16:34:01,654 | INFO | Chunk: 6 | WER=15.384615 | S=2 D=0 I=0
2026-01-21 16:34:01,655 | INFO | Chunk: 7 | WER=90.909091 | S=6 D=3 I=1
2026-01-21 16:34:01,655 | INFO | Chunk: 8 | WER=100.000000 | S=1 D=7 I=0
2026-01-21 16:34:01,655 | INFO | Chunk: 9 | WER=100.000000 | S=2 D=0 I=1
2026-01-21 16:34:01,655 | INFO | Chunk: 10 | WER=125.000000 | S=3 D=0 I=2
2026-01-21 16:34:01,655 | INFO | Chunk: 11 | WER=40.000000 | S=2 D=2 I=0
2026-01-21 16:34:01,656 | INFO | Chunk: 12 | WER=25.000000 | S=1 D=0 I=0
2026-01-21 16:34:01,656 | INFO | Chunk: 13 | WER=20.000000 | S=2 D=0 I=0
2026-01-21 16:34:01,656 | INFO | Chunk: 14 | WER=66.666667 | S=1 D=0 I=1
2026-01-21 16:34:01,656 | INFO | Chunk: 15 | WER=112.500000 | S=7 D=0 I=2
2026-01-21 16:34:01,656 | INFO | Chunk: 16 | WER=12.500000 | S=1 D=0 I=0
2026-01-21 16:34:01,657 | INFO | Chunk: 17 | WER=16.666667 | S=1 D=0 I=0
2026-01-21 16:34:01,657 | INFO | Chunk: 18 | WER=45.454545 | S=4 D=0 I=1
2026-01-21 16:34:01,657 | INFO | Chunk: 19 | WER=14.285714 | S=1 D=0 I=0
2026-01-21 16:34:01,658 | INFO | Chunk: 20 | WER=25.000000 | S=1 D=1 I=0
2026-01-21 16:34:01,658 | INFO | Chunk: 21 | WER=33.333333 | S=1 D=1 I=0
2026-01-21 16:34:01,658 | INFO | Chunk: 22 | WER=87.500000 | S=6 D=1 I=0
2026-01-21 16:34:01,658 | INFO | ------------------------------
2026-01-21 16:34:01,658 | INFO | ------------------------------
2026-01-21 16:34:01,676 | INFO | File: PHO-000566-01_L01.wav | WER=46.486486 | S=52 D=16 I=18
2026-01-21 16:34:01,676 | INFO | ------------------------------
2026-01-21 16:34:01,677 | INFO |  File duration: 142.57052154195011 seconds
2026-01-21 16:34:11,448 | INFO | Using rVAD model
2026-01-21 16:34:17,353 | INFO | Number of chunks: 15
2026-01-21 16:34:30,189 | INFO | Chunk: 0 | WER=10.000000 | S=0 D=2 I=0
2026-01-21 16:34:30,189 | INFO | Chunk: 1 | WER=52.941176 | S=6 D=3 I=0
2026-01-21 16:34:30,190 | INFO | Chunk: 2 | WER=55.555556 | S=4 D=1 I=0
2026-01-21 16:34:30,190 | INFO | Chunk: 3 | WER=38.888889 | S=5 D=1 I=1
2026-01-21 16:34:30,190 | INFO | Chunk: 4 | WER=14.285714 | S=0 D=1 I=0
2026-01-21 16:34:30,191 | INFO | Chunk: 5 | WER=28.571429 | S=2 D=0 I=0
2026-01-21 16:34:30,191 | INFO | Chunk: 6 | WER=18.181818 | S=1 D=0 I=1
2026-01-21 16:34:30,191 | INFO | Chunk: 7 | WER=28.571429 | S=2 D=0 I=0
2026-01-21 16:34:30,192 | INFO | Chunk: 8 | WER=12.000000 | S=1 D=2 I=0
2026-01-21 16:34:30,192 | INFO | Chunk: 9 | WER=33.333333 | S=2 D=1 I=1
2026-01-21 16:34:30,192 | INFO | Chunk: 10 | WER=14.285714 | S=2 D=0 I=0
2026-01-21 16:34:30,193 | INFO | Chunk: 11 | WER=72.727273 | S=6 D=0 I=2
2026-01-21 16:34:30,193 | INFO | Chunk: 12 | WER=0.000000 | S=0 D=0 I=0
2026-01-21 16:34:30,193 | INFO | Chunk: 13 | WER=28.571429 | S=3 D=1 I=0
2026-01-21 16:34:30,193 | INFO | Chunk: 14 | WER=100.000000 | S=4 D=4 I=0
2026-01-21 16:34:30,193 | INFO | ------------------------------
2026-01-21 16:34:30,193 | INFO | ------------------------------
2026-01-21 16:34:30,208 | INFO | File: PHO-000814-01_L01.wav | WER=27.683616 | S=38 D=6 I=5
2026-01-21 16:34:30,208 | INFO | ------------------------------
2026-01-21 16:34:30,208 | INFO |  File duration: 97.96266666666666 seconds
2026-01-21 16:34:38,440 | INFO | Using rVAD model
2026-01-21 16:34:42,401 | INFO | Number of chunks: 9
2026-01-21 16:34:52,483 | INFO | Chunk: 0 | WER=800.000000 | S=1 D=0 I=7
2026-01-21 16:34:52,483 | INFO | Chunk: 1 | WER=28.571429 | S=3 D=2 I=1
2026-01-21 16:34:52,484 | INFO | Chunk: 2 | WER=63.333333 | S=13 D=5 I=1
2026-01-21 16:34:52,485 | INFO | Chunk: 3 | WER=50.000000 | S=6 D=4 I=0
2026-01-21 16:34:52,485 | INFO | Chunk: 4 | WER=18.750000 | S=0 D=3 I=0
2026-01-21 16:34:52,485 | INFO | Chunk: 5 | WER=45.000000 | S=5 D=2 I=2
2026-01-21 16:34:52,486 | INFO | Chunk: 6 | WER=44.000000 | S=9 D=1 I=1
2026-01-21 16:34:52,486 | INFO | Chunk: 7 | WER=55.555556 | S=2 D=3 I=0
2026-01-21 16:34:52,487 | INFO | Chunk: 8 | WER=70.833333 | S=12 D=5 I=0
2026-01-21 16:34:52,487 | INFO | ------------------------------
2026-01-21 16:34:52,487 | INFO | ------------------------------
2026-01-21 16:34:52,497 | INFO | File: PHO-001070-01_L01.wav | WER=48.550725 | S=46 D=3 I=18
2026-01-21 16:34:52,497 | INFO | ------------------------------
2026-01-21 16:34:52,497 | INFO |  File duration: 80.43392290249433 seconds
2026-01-21 16:34:58,782 | INFO | Using rVAD model
2026-01-21 16:35:02,150 | INFO | Number of chunks: 7
2026-01-21 16:35:14,609 | INFO | Chunk: 0 | WER=5.263158 | S=0 D=1 I=0
2026-01-21 16:35:14,610 | INFO | Chunk: 1 | WER=20.833333 | S=2 D=3 I=0
2026-01-21 16:35:14,611 | INFO | Chunk: 2 | WER=26.415094 | S=3 D=5 I=6
2026-01-21 16:35:14,612 | INFO | Chunk: 3 | WER=14.285714 | S=1 D=1 I=0
2026-01-21 16:35:14,612 | INFO | Chunk: 4 | WER=33.333333 | S=0 D=2 I=2
2026-01-21 16:35:14,613 | INFO | Chunk: 5 | WER=31.034483 | S=5 D=4 I=0
2026-01-21 16:35:14,614 | INFO | Chunk: 6 | WER=25.000000 | S=5 D=5 I=1
2026-01-21 16:35:14,614 | INFO | ------------------------------
2026-01-21 16:35:14,614 | INFO | ------------------------------
2026-01-21 16:35:14,631 | INFO | File: PHO-001329-01_L01.wav | WER=16.384181 | S=15 D=4 I=10
2026-01-21 16:35:14,631 | INFO | ------------------------------
2026-01-21 16:35:14,631 | INFO |  File duration: 93.78133333333334 seconds
2026-01-21 16:35:25,265 | INFO | Using rVAD model
2026-01-21 16:35:28,994 | INFO | Number of chunks: 11
2026-01-21 16:35:37,348 | INFO | Chunk: 0 | WER=18.750000 | S=1 D=1 I=1
2026-01-21 16:35:37,348 | INFO | Chunk: 1 | WER=25.000000 | S=2 D=0 I=0
2026-01-21 16:35:37,348 | INFO | Chunk: 2 | WER=33.333333 | S=2 D=0 I=0
2026-01-21 16:35:37,348 | INFO | Chunk: 3 | WER=33.333333 | S=2 D=1 I=0
2026-01-21 16:35:37,349 | INFO | Chunk: 4 | WER=17.647059 | S=3 D=0 I=0
2026-01-21 16:35:37,349 | INFO | Chunk: 5 | WER=0.000000 | S=0 D=0 I=0
2026-01-21 16:35:37,350 | INFO | Chunk: 6 | WER=10.526316 | S=1 D=1 I=0
2026-01-21 16:35:37,350 | INFO | Chunk: 7 | WER=23.076923 | S=2 D=4 I=0
2026-01-21 16:35:37,350 | INFO | Chunk: 8 | WER=0.000000 | S=0 D=0 I=0
2026-01-21 16:35:37,350 | INFO | Chunk: 9 | WER=50.000000 | S=1 D=1 I=0
2026-01-21 16:35:37,351 | INFO | Chunk: 10 | WER=71.428571 | S=2 D=3 I=0
2026-01-21 16:35:37,351 | INFO | ------------------------------
2026-01-21 16:35:37,351 | INFO | ------------------------------
2026-01-21 16:35:37,358 | INFO | File: PHO-001473-01_L01.wav | WER=15.966387 | S=16 D=2 I=1
2026-01-21 16:35:37,358 | INFO | ------------------------------
2026-01-21 16:35:37,359 | INFO |  File duration: 116.65066666666667 seconds
2026-01-21 16:35:51,581 | INFO | Using rVAD model
2026-01-21 16:35:56,371 | INFO | Number of chunks: 18
2026-01-21 16:36:08,900 | INFO | Chunk: 0 | WER=0.000000 | S=0 D=0 I=0
2026-01-21 16:36:08,900 | INFO | Chunk: 1 | WER=0.000000 | S=0 D=0 I=0
2026-01-21 16:36:08,900 | INFO | Chunk: 2 | WER=14.285714 | S=2 D=0 I=0
2026-01-21 16:36:08,901 | INFO | Chunk: 3 | WER=30.000000 | S=2 D=1 I=0
2026-01-21 16:36:08,901 | INFO | Chunk: 4 | WER=23.529412 | S=3 D=1 I=0
2026-01-21 16:36:08,901 | INFO | Chunk: 5 | WER=0.000000 | S=0 D=0 I=0
2026-01-21 16:36:08,902 | INFO | Chunk: 6 | WER=10.000000 | S=0 D=1 I=0
2026-01-21 16:36:08,902 | INFO | Chunk: 7 | WER=100.000000 | S=1 D=0 I=0
2026-01-21 16:36:08,902 | INFO | Chunk: 8 | WER=0.000000 | S=0 D=0 I=0
2026-01-21 16:36:08,902 | INFO | Chunk: 9 | WER=0.000000 | S=0 D=0 I=0
2026-01-21 16:36:08,902 | INFO | Chunk: 10 | WER=12.500000 | S=1 D=0 I=0
2026-01-21 16:36:08,902 | INFO | Chunk: 11 | WER=0.000000 | S=0 D=0 I=0
2026-01-21 16:36:08,903 | INFO | Chunk: 12 | WER=50.000000 | S=4 D=3 I=0
2026-01-21 16:36:08,903 | INFO | Chunk: 13 | WER=31.250000 | S=2 D=2 I=1
2026-01-21 16:36:08,903 | INFO | Chunk: 14 | WER=30.769231 | S=2 D=2 I=0
2026-01-21 16:36:08,904 | INFO | Chunk: 15 | WER=18.750000 | S=2 D=1 I=0
2026-01-21 16:36:08,904 | INFO | Chunk: 16 | WER=33.333333 | S=1 D=1 I=0
2026-01-21 16:36:08,904 | INFO | Chunk: 17 | WER=44.444444 | S=1 D=3 I=0
2026-01-21 16:36:08,904 | INFO | ------------------------------
2026-01-21 16:36:08,904 | INFO | ------------------------------
2026-01-21 16:36:08,918 | INFO | File: PHO-001499-01_L01.wav | WER=14.772727 | S=21 D=4 I=1
2026-01-21 16:36:08,918 | INFO | ------------------------------
2026-01-21 16:36:08,919 | INFO |  File duration: 165.20533333333333 seconds
2026-01-21 16:36:24,313 | INFO | Using rVAD model
2026-01-21 16:36:31,260 | INFO | Number of chunks: 8
2026-01-21 16:36:44,240 | INFO | Chunk: 0 | WER=47.169811 | S=9 D=16 I=0
2026-01-21 16:36:44,242 | INFO | Chunk: 1 | WER=59.183673 | S=4 D=25 I=0
2026-01-21 16:36:44,242 | INFO | Chunk: 2 | WER=59.259259 | S=5 D=11 I=0
2026-01-21 16:36:44,243 | INFO | Chunk: 3 | WER=53.658537 | S=9 D=13 I=0
2026-01-21 16:36:44,243 | INFO | Chunk: 4 | WER=12.500000 | S=1 D=0 I=0
2026-01-21 16:36:44,244 | INFO | Chunk: 5 | WER=83.333333 | S=4 D=6 I=0
2026-01-21 16:36:44,245 | INFO | Chunk: 6 | WER=100.000000 | S=23 D=8 I=13
2026-01-21 16:36:44,245 | INFO | Chunk: 7 | WER=50.000000 | S=3 D=6 I=0
2026-01-21 16:36:44,246 | INFO | ------------------------------
2026-01-21 16:36:44,246 | INFO | ------------------------------
2026-01-21 16:36:44,260 | INFO | File: PHO-001522-01_L01.wav | WER=50.289017 | S=48 D=16 I=23
2026-01-21 16:36:44,260 | INFO | ------------------------------
2026-01-21 16:36:44,260 | INFO |  File duration: 89.088 seconds
2026-01-21 16:36:51,574 | INFO | Using rVAD model
2026-01-21 16:36:55,271 | INFO | Number of chunks: 17
2026-01-21 16:37:05,886 | INFO | Chunk: 0 | WER=23.529412 | S=2 D=0 I=2
2026-01-21 16:37:05,886 | INFO | Chunk: 1 | WER=71.428571 | S=5 D=0 I=0
2026-01-21 16:37:05,886 | INFO | Chunk: 2 | WER=100.000000 | S=2 D=3 I=0
2026-01-21 16:37:05,886 | INFO | Chunk: 3 | WER=100.000000 | S=6 D=3 I=0
2026-01-21 16:37:05,887 | INFO | Chunk: 4 | WER=44.444444 | S=3 D=1 I=0
2026-01-21 16:37:05,887 | INFO | Chunk: 5 | WER=90.909091 | S=7 D=3 I=0
2026-01-21 16:37:05,887 | INFO | Chunk: 6 | WER=85.714286 | S=4 D=2 I=0
2026-01-21 16:37:05,887 | INFO | Chunk: 7 | WER=52.380952 | S=6 D=4 I=1
2026-01-21 16:37:05,888 | INFO | Chunk: 8 | WER=75.000000 | S=6 D=3 I=0
2026-01-21 16:37:05,888 | INFO | Chunk: 9 | WER=100.000000 | S=2 D=8 I=0
2026-01-21 16:37:05,888 | INFO | Chunk: 10 | WER=100.000000 | S=7 D=2 I=0
2026-01-21 16:37:05,888 | INFO | Chunk: 11 | WER=71.428571 | S=7 D=2 I=1
2026-01-21 16:37:05,889 | INFO | Chunk: 12 | WER=91.666667 | S=8 D=2 I=1
2026-01-21 16:37:05,889 | INFO | Chunk: 13 | WER=85.714286 | S=4 D=1 I=1
2026-01-21 16:37:05,889 | INFO | Chunk: 14 | WER=83.333333 | S=4 D=1 I=0
2026-01-21 16:37:05,889 | INFO | Chunk: 15 | WER=33.333333 | S=1 D=1 I=0
2026-01-21 16:37:05,889 | INFO | Chunk: 16 | WER=85.714286 | S=5 D=1 I=0
2026-01-21 16:37:05,890 | INFO | ------------------------------
2026-01-21 16:37:05,890 | INFO | ------------------------------
2026-01-21 16:37:05,901 | INFO | File: PHO-001594-01_L01.wav | WER=70.481928 | S=81 D=32 I=4
2026-01-21 16:37:05,901 | INFO | ------------------------------
2026-01-21 16:37:05,902 | INFO |  File duration: 85.35655328798185 seconds
2026-01-21 16:37:14,786 | INFO | Using rVAD model
2026-01-21 16:37:18,191 | INFO | Number of chunks: 12
2026-01-21 16:37:30,055 | INFO | Chunk: 0 | WER=0.000000 | S=0 D=0 I=0
2026-01-21 16:37:30,056 | INFO | Chunk: 1 | WER=31.250000 | S=3 D=2 I=0
2026-01-21 16:37:30,056 | INFO | Chunk: 2 | WER=50.000000 | S=3 D=1 I=1
2026-01-21 16:37:30,056 | INFO | Chunk: 3 | WER=42.105263 | S=5 D=3 I=0
2026-01-21 16:37:30,057 | INFO | Chunk: 4 | WER=40.000000 | S=4 D=2 I=0
2026-01-21 16:37:30,057 | INFO | Chunk: 5 | WER=38.888889 | S=5 D=2 I=0
2026-01-21 16:37:30,058 | INFO | Chunk: 6 | WER=45.000000 | S=3 D=6 I=0
2026-01-21 16:37:30,058 | INFO | Chunk: 7 | WER=100.000000 | S=4 D=3 I=0
2026-01-21 16:37:30,058 | INFO | Chunk: 8 | WER=25.000000 | S=2 D=1 I=0
2026-01-21 16:37:30,059 | INFO | Chunk: 9 | WER=52.941176 | S=5 D=4 I=0
2026-01-21 16:37:30,059 | INFO | Chunk: 10 | WER=69.230769 | S=6 D=3 I=0
2026-01-21 16:37:30,060 | INFO | Chunk: 11 | WER=35.483871 | S=6 D=4 I=1
2026-01-21 16:37:30,060 | INFO | ------------------------------
2026-01-21 16:37:30,060 | INFO | ------------------------------
2026-01-21 16:37:30,075 | INFO | File: PHO-001670-01_L01.wav | WER=33.898305 | S=46 D=12 I=2
2026-01-21 16:37:30,075 | INFO | ------------------------------
2026-01-21 16:37:30,075 | INFO |  File duration: 129.2887074829932 seconds
2026-01-21 16:37:41,303 | INFO | Using rVAD model
2026-01-21 16:37:46,712 | INFO | Number of chunks: 12
2026-01-21 16:37:57,772 | INFO | Chunk: 0 | WER=51.515152 | S=10 D=6 I=1
2026-01-21 16:37:57,772 | INFO | Chunk: 1 | WER=100.000000 | S=8 D=0 I=0
2026-01-21 16:37:57,772 | INFO | Chunk: 2 | WER=100.000000 | S=8 D=3 I=0
2026-01-21 16:37:57,773 | INFO | Chunk: 3 | WER=27.586207 | S=6 D=2 I=0
2026-01-21 16:37:57,774 | INFO | Chunk: 4 | WER=87.234043 | S=24 D=16 I=1
2026-01-21 16:37:57,774 | INFO | Chunk: 5 | WER=150.000000 | S=3 D=0 I=3
2026-01-21 16:37:57,774 | INFO | Chunk: 6 | WER=100.000000 | S=1 D=0 I=0
2026-01-21 16:37:57,774 | INFO | Chunk: 7 | WER=90.000000 | S=7 D=2 I=0
2026-01-21 16:37:57,775 | INFO | Chunk: 8 | WER=100.000000 | S=6 D=1 I=0
2026-01-21 16:37:57,775 | INFO | Chunk: 9 | WER=57.692308 | S=12 D=3 I=0
2026-01-21 16:37:57,776 | INFO | Chunk: 10 | WER=100.000000 | S=13 D=0 I=1
2026-01-21 16:37:57,776 | INFO | Chunk: 11 | WER=200.000000 | S=1 D=0 I=1
2026-01-21 16:37:57,776 | INFO | ------------------------------
2026-01-21 16:37:57,776 | INFO | ------------------------------
2026-01-21 16:37:57,790 | INFO | File: PHO-001836-01_L01.wav | WER=71.022727 | S=96 D=20 I=9
2026-01-21 16:37:57,790 | INFO | ------------------------------
2026-01-21 16:37:57,790 | INFO |  File duration: 67.15210884353742 seconds
2026-01-21 16:38:05,333 | INFO | Using rVAD model
2026-01-21 16:38:07,976 | INFO | Number of chunks: 9
2026-01-21 16:38:18,569 | INFO | Chunk: 0 | WER=55.172414 | S=3 D=12 I=1
2026-01-21 16:38:18,569 | INFO | Chunk: 1 | WER=133.333333 | S=2 D=0 I=2
2026-01-21 16:38:18,570 | INFO | Chunk: 2 | WER=24.000000 | S=3 D=3 I=0
2026-01-21 16:38:18,570 | INFO | Chunk: 3 | WER=57.894737 | S=8 D=2 I=1
2026-01-21 16:38:18,570 | INFO | Chunk: 4 | WER=28.571429 | S=1 D=1 I=2
2026-01-21 16:38:18,571 | INFO | Chunk: 5 | WER=52.631579 | S=7 D=2 I=1
2026-01-21 16:38:18,571 | INFO | Chunk: 6 | WER=200.000000 | S=2 D=0 I=2
2026-01-21 16:38:18,572 | INFO | Chunk: 7 | WER=40.000000 | S=9 D=13 I=0
2026-01-21 16:38:18,573 | INFO | Chunk: 8 | WER=47.368421 | S=7 D=2 I=0
2026-01-21 16:38:18,573 | INFO | ------------------------------
2026-01-21 16:38:18,573 | INFO | ------------------------------
2026-01-21 16:38:18,585 | INFO | File: PHO-307175-01_L01.wav | WER=37.333333 | S=39 D=4 I=13
2026-01-21 16:38:18,585 | INFO | ------------------------------
2026-01-21 16:38:18,585 | INFO | ===================== GLOBAL WER ======================
2026-01-21 16:38:18,585 | INFO | The number of files is 12
2026-01-21 16:38:18,585 | INFO | WER: 38.29%
2026-01-21 16:38:18,586 | INFO | =============================================================
