2026-01-21 16:15:17,924 | INFO | Fetch hyperparams.yaml: Using file found at '/vol/experiments3/imbenamor/TAPAS-FRAIS/models/asr-whisper-medium-commonvoice-fr/hyperparams.yaml'
2026-01-21 16:15:17,924 | DEBUG | Fetch: Source and destination '/vol/experiments3/imbenamor/TAPAS-FRAIS/models/asr-whisper-medium-commonvoice-fr/custom.py' are identical, returning assuming this is intended
2026-01-21 16:15:19,541 | WARNING | speechbrain.lobes.models.huggingface_transformers.huggingface - WhisperModel is frozen.
2026-01-21 16:15:19,542 | WARNING | speechbrain.lobes.models.huggingface_transformers.whisper - whisper encoder-decoder is frozen.
2026-01-21 16:15:19,660 | DEBUG | Collecting files (or symlinks) for pretraining in /vol/experiments3/imbenamor/TAPAS-FRAIS/models/asr-whisper-medium-commonvoice-fr.
2026-01-21 16:15:19,660 | INFO | Fetch whisper.ckpt: Using file found at '/vol/experiments3/imbenamor/TAPAS-FRAIS/models/asr-whisper-medium-commonvoice-fr/whisper.ckpt'
2026-01-21 16:15:19,660 | DEBUG | Set local path in self.paths["whisper"] = /vol/experiments3/imbenamor/TAPAS-FRAIS/models/asr-whisper-medium-commonvoice-fr/whisper.ckpt
2026-01-21 16:15:19,660 | INFO | Loading pretrained files for: whisper
2026-01-21 16:15:19,660 | DEBUG | Redirecting (loading from local path): whisper -> /vol/experiments3/imbenamor/TAPAS-FRAIS/models/asr-whisper-medium-commonvoice-fr/whisper.ckpt
2026-01-21 16:15:23,723 | INFO |  File duration: 121.48680272108844 seconds
2026-01-21 16:15:38,974 | INFO | Number of chunks: 19
2026-01-21 16:15:48,044 | INFO | Chunk: 0 | WER=0.000000 | S=1 D=0 I=0
2026-01-21 16:15:48,044 | INFO | Chunk: 1 | WER=0.000000 | S=1 D=0 I=1
2026-01-21 16:15:48,044 | INFO | Chunk: 2 | WER=0.000000 | S=1 D=0 I=0
2026-01-21 16:15:48,044 | INFO | Chunk: 3 | WER=0.000000 | S=1 D=0 I=2
2026-01-21 16:15:48,045 | INFO | Chunk: 4 | WER=25.000000 | S=2 D=3 I=0
2026-01-21 16:15:48,045 | INFO | Chunk: 5 | WER=77.777778 | S=6 D=1 I=0
2026-01-21 16:15:48,045 | INFO | Chunk: 6 | WER=17.647059 | S=1 D=2 I=0
2026-01-21 16:15:48,046 | INFO | Chunk: 7 | WER=63.043478 | S=6 D=23 I=0
2026-01-21 16:15:48,046 | INFO | Chunk: 8 | WER=80.000000 | S=3 D=4 I=1
2026-01-21 16:15:48,047 | INFO | Chunk: 9 | WER=93.333333 | S=10 D=4 I=0
2026-01-21 16:15:48,047 | INFO | Chunk: 10 | WER=88.888889 | S=6 D=2 I=0
2026-01-21 16:15:48,047 | INFO | Chunk: 11 | WER=92.857143 | S=10 D=3 I=0
2026-01-21 16:15:48,047 | INFO | Chunk: 12 | WER=0.000000 | S=1 D=0 I=7
2026-01-21 16:15:48,048 | INFO | Chunk: 13 | WER=87.500000 | S=8 D=6 I=0
2026-01-21 16:15:48,048 | INFO | Chunk: 14 | WER=100.000000 | S=2 D=2 I=0
2026-01-21 16:15:48,048 | INFO | Chunk: 15 | WER=90.909091 | S=7 D=2 I=1
2026-01-21 16:15:48,048 | INFO | Chunk: 16 | WER=100.000000 | S=6 D=3 I=0
2026-01-21 16:15:48,049 | INFO | Chunk: 17 | WER=37.500000 | S=5 D=1 I=0
2026-01-21 16:15:48,049 | INFO | Chunk: 18 | WER=100.000000 | S=6 D=2 I=0
2026-01-21 16:15:48,049 | INFO | ------------------------------
2026-01-21 16:15:48,049 | INFO | ------------------------------
2026-01-21 16:15:48,063 | INFO | File: CCM-002710-01_L01.wav | WER=67.428571 | S=84 D=23 I=11
2026-01-21 16:15:48,063 | INFO | ------------------------------
2026-01-21 16:15:48,063 | INFO |  File duration: 127.0595918367347 seconds
2026-01-21 16:16:00,904 | INFO | Number of chunks: 23
2026-01-21 16:16:10,600 | INFO | Chunk: 0 | WER=7.692308 | S=1 D=0 I=0
2026-01-21 16:16:10,601 | INFO | Chunk: 1 | WER=16.666667 | S=0 D=1 I=0
2026-01-21 16:16:10,601 | INFO | Chunk: 2 | WER=26.666667 | S=3 D=1 I=0
2026-01-21 16:16:10,601 | INFO | Chunk: 3 | WER=40.000000 | S=2 D=0 I=0
2026-01-21 16:16:10,601 | INFO | Chunk: 4 | WER=25.000000 | S=1 D=0 I=0
2026-01-21 16:16:10,602 | INFO | Chunk: 5 | WER=6.666667 | S=1 D=0 I=0
2026-01-21 16:16:10,602 | INFO | Chunk: 6 | WER=200.000000 | S=1 D=0 I=1
2026-01-21 16:16:10,602 | INFO | Chunk: 7 | WER=100.000000 | S=2 D=1 I=0
2026-01-21 16:16:10,602 | INFO | Chunk: 8 | WER=20.000000 | S=2 D=1 I=0
2026-01-21 16:16:10,602 | INFO | Chunk: 9 | WER=16.666667 | S=0 D=1 I=0
2026-01-21 16:16:10,603 | INFO | Chunk: 10 | WER=33.333333 | S=2 D=0 I=0
2026-01-21 16:16:10,603 | INFO | Chunk: 11 | WER=28.571429 | S=2 D=0 I=0
2026-01-21 16:16:10,603 | INFO | Chunk: 12 | WER=43.750000 | S=4 D=3 I=0
2026-01-21 16:16:10,603 | INFO | Chunk: 13 | WER=42.857143 | S=1 D=2 I=0
2026-01-21 16:16:10,603 | INFO | Chunk: 14 | WER=33.333333 | S=1 D=0 I=0
2026-01-21 16:16:10,604 | INFO | Chunk: 15 | WER=33.333333 | S=1 D=0 I=0
2026-01-21 16:16:10,604 | INFO | Chunk: 16 | WER=37.500000 | S=3 D=0 I=0
2026-01-21 16:16:10,604 | INFO | Chunk: 17 | WER=0.000000 | S=0 D=0 I=0
2026-01-21 16:16:10,604 | INFO | Chunk: 18 | WER=40.000000 | S=2 D=0 I=0
2026-01-21 16:16:10,604 | INFO | Chunk: 19 | WER=62.500000 | S=3 D=2 I=0
2026-01-21 16:16:10,605 | INFO | Chunk: 20 | WER=63.636364 | S=6 D=0 I=1
2026-01-21 16:16:10,605 | INFO | Chunk: 21 | WER=33.333333 | S=3 D=0 I=0
2026-01-21 16:16:10,605 | INFO | Chunk: 22 | WER=10.000000 | S=1 D=1 I=0
2026-01-21 16:16:10,605 | INFO | ------------------------------
2026-01-21 16:16:10,605 | INFO | ------------------------------
2026-01-21 16:16:10,620 | INFO | File: CCM-003094-01_L01.wav | WER=26.285714 | S=39 D=2 I=5
2026-01-21 16:16:10,620 | INFO | ------------------------------
2026-01-21 16:16:10,620 | INFO |  File duration: 91.39374149659864 seconds
2026-01-21 16:16:20,630 | INFO | Number of chunks: 9
2026-01-21 16:16:28,963 | INFO | Chunk: 0 | WER=21.428571 | S=1 D=2 I=0
2026-01-21 16:16:28,963 | INFO | Chunk: 1 | WER=66.666667 | S=1 D=3 I=0
2026-01-21 16:16:28,964 | INFO | Chunk: 2 | WER=34.615385 | S=6 D=3 I=0
2026-01-21 16:16:28,964 | INFO | Chunk: 3 | WER=10.526316 | S=0 D=2 I=0
2026-01-21 16:16:28,964 | INFO | Chunk: 4 | WER=13.333333 | S=0 D=2 I=0
2026-01-21 16:16:28,965 | INFO | Chunk: 5 | WER=26.315789 | S=2 D=3 I=0
2026-01-21 16:16:28,965 | INFO | Chunk: 6 | WER=8.333333 | S=1 D=1 I=0
2026-01-21 16:16:28,966 | INFO | Chunk: 7 | WER=23.076923 | S=4 D=2 I=0
2026-01-21 16:16:28,967 | INFO | Chunk: 8 | WER=37.209302 | S=6 D=8 I=2
2026-01-21 16:16:28,967 | INFO | ------------------------------
2026-01-21 16:16:28,967 | INFO | ------------------------------
2026-01-21 16:16:28,981 | INFO | File: CCM-003110-01_L01.wav | WER=20.224719 | S=20 D=13 I=3
2026-01-21 16:16:28,981 | INFO | ------------------------------
2026-01-21 16:16:28,982 | INFO |  File duration: 122.32272108843537 seconds
2026-01-21 16:16:42,918 | INFO | Number of chunks: 10
2026-01-21 16:16:49,543 | INFO | Chunk: 0 | WER=59.090909 | S=0 D=26 I=0
2026-01-21 16:16:49,544 | INFO | Chunk: 1 | WER=57.692308 | S=2 D=28 I=0
2026-01-21 16:16:49,545 | INFO | Chunk: 2 | WER=38.461538 | S=2 D=18 I=0
2026-01-21 16:16:49,545 | INFO | Chunk: 3 | WER=62.500000 | S=3 D=0 I=2
2026-01-21 16:16:49,545 | INFO | Chunk: 4 | WER=80.000000 | S=2 D=2 I=0
2026-01-21 16:16:49,546 | INFO | Chunk: 5 | WER=100.000000 | S=4 D=4 I=0
2026-01-21 16:16:49,546 | INFO | Chunk: 6 | WER=100.000000 | S=1 D=0 I=0
2026-01-21 16:16:49,546 | INFO | Chunk: 7 | WER=400.000000 | S=1 D=0 I=3
2026-01-21 16:16:49,546 | INFO | Chunk: 8 | WER=16.666667 | S=1 D=3 I=0
2026-01-21 16:16:49,547 | INFO | Chunk: 9 | WER=70.000000 | S=5 D=2 I=0
2026-01-21 16:16:49,547 | INFO | ------------------------------
2026-01-21 16:16:49,547 | INFO | ------------------------------
2026-01-21 16:16:49,558 | INFO | File: CCM-003493-01_L01.wav | WER=50.000000 | S=16 D=62 I=11
2026-01-21 16:16:49,558 | INFO | ------------------------------
2026-01-21 16:16:49,558 | INFO |  File duration: 142.47764172335602 seconds
2026-01-21 16:17:06,004 | INFO | Number of chunks: 33
2026-01-21 16:17:16,806 | INFO | Chunk: 0 | WER=0.000000 | S=0 D=0 I=0
2026-01-21 16:17:16,807 | INFO | Chunk: 1 | WER=0.000000 | S=0 D=0 I=0
2026-01-21 16:17:16,807 | INFO | Chunk: 2 | WER=100.000000 | S=1 D=0 I=0
2026-01-21 16:17:16,807 | INFO | Chunk: 3 | WER=100.000000 | S=2 D=2 I=0
2026-01-21 16:17:16,807 | INFO | Chunk: 4 | WER=71.428571 | S=3 D=2 I=0
2026-01-21 16:17:16,807 | INFO | Chunk: 5 | WER=100.000000 | S=1 D=0 I=0
2026-01-21 16:17:16,807 | INFO | Chunk: 6 | WER=600.000000 | S=1 D=0 I=5
2026-01-21 16:17:16,807 | INFO | Chunk: 7 | WER=55.555556 | S=4 D=1 I=0
2026-01-21 16:17:16,808 | INFO | Chunk: 8 | WER=0.000000 | S=0 D=0 I=0
2026-01-21 16:17:16,808 | INFO | Chunk: 9 | WER=28.571429 | S=2 D=0 I=0
2026-01-21 16:17:16,808 | INFO | Chunk: 10 | WER=0.000000 | S=0 D=0 I=0
2026-01-21 16:17:16,808 | INFO | Chunk: 11 | WER=100.000000 | S=1 D=0 I=0
2026-01-21 16:17:16,808 | INFO | Chunk: 12 | WER=8.333333 | S=1 D=0 I=0
2026-01-21 16:17:16,808 | INFO | Chunk: 13 | WER=71.428571 | S=1 D=4 I=0
2026-01-21 16:17:16,809 | INFO | Chunk: 14 | WER=0.000000 | S=0 D=0 I=0
2026-01-21 16:17:16,809 | INFO | Chunk: 15 | WER=0.000000 | S=0 D=0 I=0
2026-01-21 16:17:16,809 | INFO | Chunk: 16 | WER=36.363636 | S=2 D=2 I=0
2026-01-21 16:17:16,809 | INFO | Chunk: 17 | WER=40.000000 | S=2 D=0 I=0
2026-01-21 16:17:16,809 | INFO | Chunk: 18 | WER=0.000000 | S=0 D=0 I=0
2026-01-21 16:17:16,810 | INFO | Chunk: 19 | WER=40.000000 | S=2 D=0 I=0
2026-01-21 16:17:16,810 | INFO | Chunk: 20 | WER=12.500000 | S=1 D=0 I=0
2026-01-21 16:17:16,810 | INFO | Chunk: 21 | WER=80.000000 | S=2 D=2 I=0
2026-01-21 16:17:16,810 | INFO | Chunk: 22 | WER=20.000000 | S=0 D=1 I=0
2026-01-21 16:17:16,810 | INFO | Chunk: 23 | WER=46.153846 | S=5 D=1 I=0
2026-01-21 16:17:16,810 | INFO | Chunk: 24 | WER=0.000000 | S=0 D=0 I=0
2026-01-21 16:17:16,811 | INFO | Chunk: 25 | WER=66.666667 | S=3 D=1 I=0
2026-01-21 16:17:16,811 | INFO | Chunk: 26 | WER=50.000000 | S=2 D=1 I=0
2026-01-21 16:17:16,811 | INFO | Chunk: 27 | WER=150.000000 | S=2 D=0 I=1
2026-01-21 16:17:16,811 | INFO | Chunk: 28 | WER=33.333333 | S=2 D=0 I=1
2026-01-21 16:17:16,811 | INFO | Chunk: 29 | WER=0.000000 | S=0 D=0 I=0
2026-01-21 16:17:16,812 | INFO | Chunk: 30 | WER=25.000000 | S=2 D=0 I=0
2026-01-21 16:17:16,812 | INFO | Chunk: 31 | WER=25.000000 | S=0 D=2 I=0
2026-01-21 16:17:16,812 | INFO | Chunk: 32 | WER=25.000000 | S=0 D=2 I=0
2026-01-21 16:17:16,812 | INFO | ------------------------------
2026-01-21 16:17:16,812 | INFO | ------------------------------
2026-01-21 16:17:16,827 | INFO | File: CCM-003998-01_L01.wav | WER=31.638418 | S=38 D=7 I=11
2026-01-21 16:17:16,827 | INFO | ------------------------------
2026-01-21 16:17:16,827 | INFO |  File duration: 94.87673469387755 seconds
2026-01-21 16:17:25,963 | INFO | Number of chunks: 16
2026-01-21 16:17:35,028 | INFO | Chunk: 0 | WER=5.555556 | S=1 D=0 I=0
2026-01-21 16:17:35,028 | INFO | Chunk: 1 | WER=14.285714 | S=2 D=0 I=0
2026-01-21 16:17:35,029 | INFO | Chunk: 2 | WER=22.222222 | S=2 D=0 I=0
2026-01-21 16:17:35,029 | INFO | Chunk: 3 | WER=5.882353 | S=1 D=0 I=0
2026-01-21 16:17:35,029 | INFO | Chunk: 4 | WER=0.000000 | S=0 D=0 I=0
2026-01-21 16:17:35,030 | INFO | Chunk: 5 | WER=33.333333 | S=4 D=2 I=0
2026-01-21 16:17:35,030 | INFO | Chunk: 6 | WER=17.391304 | S=2 D=2 I=0
2026-01-21 16:17:35,031 | INFO | Chunk: 7 | WER=42.857143 | S=4 D=2 I=0
2026-01-21 16:17:35,031 | INFO | Chunk: 8 | WER=18.181818 | S=0 D=2 I=0
2026-01-21 16:17:35,031 | INFO | Chunk: 9 | WER=500.000000 | S=1 D=0 I=4
2026-01-21 16:17:35,031 | INFO | Chunk: 10 | WER=100.000000 | S=2 D=1 I=0
2026-01-21 16:17:35,031 | INFO | Chunk: 11 | WER=22.222222 | S=2 D=0 I=0
2026-01-21 16:17:35,032 | INFO | Chunk: 12 | WER=14.285714 | S=1 D=0 I=0
2026-01-21 16:17:35,032 | INFO | Chunk: 13 | WER=12.500000 | S=1 D=0 I=0
2026-01-21 16:17:35,032 | INFO | Chunk: 14 | WER=0.000000 | S=0 D=0 I=0
2026-01-21 16:17:35,032 | INFO | Chunk: 15 | WER=75.000000 | S=4 D=2 I=0
2026-01-21 16:17:35,032 | INFO | ------------------------------
2026-01-21 16:17:35,032 | INFO | ------------------------------
2026-01-21 16:17:35,046 | INFO | File: CCM-004523-01_L01.wav | WER=22.222222 | S=25 D=6 I=7
2026-01-21 16:17:35,046 | INFO | ------------------------------
2026-01-21 16:17:35,046 | INFO |  File duration: 74.86113378684807 seconds
2026-01-21 16:17:45,299 | INFO | Number of chunks: 8
2026-01-21 16:17:52,653 | INFO | Chunk: 0 | WER=10.000000 | S=0 D=2 I=0
2026-01-21 16:17:52,654 | INFO | Chunk: 1 | WER=57.692308 | S=9 D=5 I=1
2026-01-21 16:17:52,654 | INFO | Chunk: 2 | WER=36.842105 | S=3 D=4 I=0
2026-01-21 16:17:52,655 | INFO | Chunk: 3 | WER=29.411765 | S=1 D=4 I=0
2026-01-21 16:17:52,655 | INFO | Chunk: 4 | WER=26.315789 | S=2 D=3 I=0
2026-01-21 16:17:52,656 | INFO | Chunk: 5 | WER=60.714286 | S=8 D=9 I=0
2026-01-21 16:17:52,656 | INFO | Chunk: 6 | WER=66.666667 | S=4 D=4 I=0
2026-01-21 16:17:52,657 | INFO | Chunk: 7 | WER=83.582090 | S=14 D=42 I=0
2026-01-21 16:17:52,657 | INFO | ------------------------------
2026-01-21 16:17:52,657 | INFO | ------------------------------
2026-01-21 16:17:52,669 | INFO | File: CCM-004538-01_L01.wav | WER=50.561798 | S=40 D=46 I=4
2026-01-21 16:17:52,669 | INFO | ------------------------------
2026-01-21 16:17:52,669 | WARNING | The file /vol/corpora/TAPAS_FRAIS/Data_partagees_ParisTypaloc-TapasFrais/8-CEREB/CCM-004773-01_L01.wav does not exist
2026-01-21 16:17:52,669 | INFO | ===================== GLOBAL WER ======================
2026-01-21 16:17:52,669 | INFO | The number of files is 7
2026-01-21 16:17:52,669 | INFO | WER: 38.34%
2026-01-21 16:17:52,669 | INFO | =============================================================
