2026-01-21 16:38:22,205 | INFO | Fetch hyperparams.yaml: Using file found at '/vol/experiments3/imbenamor/TAPAS-FRAIS/models/asr-whisper-large-v2-commonvoice-fr/hyperparams.yaml'
2026-01-21 16:38:22,205 | DEBUG | Fetch: Source and destination '/vol/experiments3/imbenamor/TAPAS-FRAIS/models/asr-whisper-large-v2-commonvoice-fr/custom.py' are identical, returning assuming this is intended
2026-01-21 16:38:24,962 | WARNING | speechbrain.lobes.models.huggingface_transformers.huggingface - WhisperModel is frozen.
2026-01-21 16:38:24,963 | WARNING | speechbrain.lobes.models.huggingface_transformers.whisper - whisper encoder-decoder is frozen.
2026-01-21 16:38:25,362 | DEBUG | Collecting files (or symlinks) for pretraining in /vol/experiments3/imbenamor/TAPAS-FRAIS/models/asr-whisper-large-v2-commonvoice-fr.
2026-01-21 16:38:25,362 | INFO | Fetch whisper.ckpt: Using file found at '/vol/experiments3/imbenamor/TAPAS-FRAIS/models/asr-whisper-large-v2-commonvoice-fr/whisper.ckpt'
2026-01-21 16:38:25,362 | DEBUG | Set local path in self.paths["whisper"] = /vol/experiments3/imbenamor/TAPAS-FRAIS/models/asr-whisper-large-v2-commonvoice-fr/whisper.ckpt
2026-01-21 16:38:25,362 | INFO | Loading pretrained files for: whisper
2026-01-21 16:38:25,362 | DEBUG | Redirecting (loading from local path): whisper -> /vol/experiments3/imbenamor/TAPAS-FRAIS/models/asr-whisper-large-v2-commonvoice-fr/whisper.ckpt
2026-01-21 16:38:31,888 | INFO |  File duration: 68.39650793650793 seconds
2026-01-21 16:38:40,031 | INFO | Using rVAD model
2026-01-21 16:38:42,975 | INFO | Number of chunks: 9
2026-01-21 16:38:53,707 | INFO | Chunk: 0 | WER=6.250000 | S=1 D=1 I=0
2026-01-21 16:38:53,708 | INFO | Chunk: 1 | WER=22.222222 | S=2 D=0 I=0
2026-01-21 16:38:53,708 | INFO | Chunk: 2 | WER=0.000000 | S=0 D=0 I=0
2026-01-21 16:38:53,708 | INFO | Chunk: 3 | WER=4.347826 | S=0 D=1 I=0
2026-01-21 16:38:53,709 | INFO | Chunk: 4 | WER=0.000000 | S=0 D=0 I=0
2026-01-21 16:38:53,710 | INFO | Chunk: 5 | WER=0.000000 | S=0 D=0 I=0
2026-01-21 16:38:53,710 | INFO | Chunk: 6 | WER=20.000000 | S=3 D=2 I=0
2026-01-21 16:38:53,710 | INFO | Chunk: 7 | WER=6.666667 | S=1 D=0 I=0
2026-01-21 16:38:53,711 | INFO | Chunk: 8 | WER=14.285714 | S=1 D=1 I=0
2026-01-21 16:38:53,711 | INFO | ------------------------------
2026-01-21 16:38:53,711 | INFO | ------------------------------
2026-01-21 16:38:53,725 | INFO | File: AEX-CAB000-02_L01.wav | WER=7.386364 | S=8 D=5 I=0
2026-01-21 16:38:53,725 | INFO | ------------------------------
2026-01-21 16:38:53,725 | INFO |  File duration: 71.22968253968254 seconds
2026-01-21 16:38:59,834 | INFO | Using rVAD model
2026-01-21 16:39:02,989 | INFO | Number of chunks: 15
2026-01-21 16:39:14,104 | INFO | Chunk: 0 | WER=0.000000 | S=0 D=0 I=0
2026-01-21 16:39:14,104 | INFO | Chunk: 1 | WER=83.333333 | S=4 D=0 I=6
2026-01-21 16:39:14,105 | INFO | Chunk: 2 | WER=0.000000 | S=0 D=0 I=0
2026-01-21 16:39:14,105 | INFO | Chunk: 3 | WER=22.222222 | S=2 D=0 I=0
2026-01-21 16:39:14,105 | INFO | Chunk: 4 | WER=5.882353 | S=1 D=0 I=0
2026-01-21 16:39:14,105 | INFO | Chunk: 5 | WER=0.000000 | S=0 D=0 I=0
2026-01-21 16:39:14,106 | INFO | Chunk: 6 | WER=0.000000 | S=0 D=0 I=0
2026-01-21 16:39:14,106 | INFO | Chunk: 7 | WER=0.000000 | S=0 D=0 I=0
2026-01-21 16:39:14,106 | INFO | Chunk: 8 | WER=20.000000 | S=2 D=0 I=0
2026-01-21 16:39:14,107 | INFO | Chunk: 9 | WER=9.090909 | S=1 D=0 I=0
2026-01-21 16:39:14,107 | INFO | Chunk: 10 | WER=30.000000 | S=0 D=6 I=0
2026-01-21 16:39:14,107 | INFO | Chunk: 11 | WER=100.000000 | S=1 D=1 I=0
2026-01-21 16:39:14,107 | INFO | Chunk: 12 | WER=0.000000 | S=0 D=0 I=0
2026-01-21 16:39:14,108 | INFO | Chunk: 13 | WER=9.523810 | S=2 D=0 I=0
2026-01-21 16:39:14,108 | INFO | Chunk: 14 | WER=50.000000 | S=4 D=0 I=0
2026-01-21 16:39:14,108 | INFO | ------------------------------
2026-01-21 16:39:14,108 | INFO | ------------------------------
2026-01-21 16:39:14,123 | INFO | File: AEX-CAC000-02_L01.wav | WER=14.204545 | S=13 D=1 I=11
2026-01-21 16:39:14,123 | INFO | ------------------------------
2026-01-21 16:39:14,123 | INFO |  File duration: 70.09696145124717 seconds
2026-01-21 16:39:21,537 | INFO | Using rVAD model
2026-01-21 16:39:24,374 | INFO | Number of chunks: 12
2026-01-21 16:39:34,157 | INFO | Chunk: 0 | WER=0.000000 | S=0 D=0 I=0
2026-01-21 16:39:34,157 | INFO | Chunk: 1 | WER=0.000000 | S=0 D=0 I=0
2026-01-21 16:39:34,158 | INFO | Chunk: 2 | WER=0.000000 | S=0 D=0 I=0
2026-01-21 16:39:34,158 | INFO | Chunk: 3 | WER=0.000000 | S=0 D=0 I=0
2026-01-21 16:39:34,158 | INFO | Chunk: 4 | WER=0.000000 | S=0 D=0 I=0
2026-01-21 16:39:34,158 | INFO | Chunk: 5 | WER=100.000000 | S=2 D=0 I=0
2026-01-21 16:39:34,159 | INFO | Chunk: 6 | WER=0.000000 | S=0 D=0 I=0
2026-01-21 16:39:34,159 | INFO | Chunk: 7 | WER=0.000000 | S=0 D=0 I=0
2026-01-21 16:39:34,159 | INFO | Chunk: 8 | WER=9.090909 | S=1 D=0 I=0
2026-01-21 16:39:34,160 | INFO | Chunk: 9 | WER=37.500000 | S=4 D=1 I=1
2026-01-21 16:39:34,160 | INFO | Chunk: 10 | WER=0.000000 | S=0 D=0 I=0
2026-01-21 16:39:34,161 | INFO | Chunk: 11 | WER=13.333333 | S=1 D=3 I=0
2026-01-21 16:39:34,161 | INFO | ------------------------------
2026-01-21 16:39:34,161 | INFO | ------------------------------
2026-01-21 16:39:34,175 | INFO | File: AEX-CAG000-01_L01.wav | WER=7.471264 | S=8 D=3 I=2
2026-01-21 16:39:34,175 | INFO | ------------------------------
2026-01-21 16:39:34,175 | INFO |  File duration: 75.73018140589569 seconds
2026-01-21 16:39:40,384 | INFO | Using rVAD model
2026-01-21 16:39:43,462 | INFO | Number of chunks: 11
2026-01-21 16:39:54,938 | INFO | Chunk: 0 | WER=0.000000 | S=0 D=0 I=0
2026-01-21 16:39:54,938 | INFO | Chunk: 1 | WER=280.000000 | S=5 D=0 I=9
2026-01-21 16:39:54,939 | INFO | Chunk: 2 | WER=7.142857 | S=1 D=0 I=0
2026-01-21 16:39:54,939 | INFO | Chunk: 3 | WER=22.222222 | S=2 D=0 I=0
2026-01-21 16:39:54,939 | INFO | Chunk: 4 | WER=0.000000 | S=0 D=0 I=0
2026-01-21 16:39:54,940 | INFO | Chunk: 5 | WER=66.666667 | S=3 D=0 I=3
2026-01-21 16:39:54,940 | INFO | Chunk: 6 | WER=7.692308 | S=0 D=1 I=1
2026-01-21 16:39:54,941 | INFO | Chunk: 7 | WER=0.000000 | S=0 D=0 I=0
2026-01-21 16:39:54,941 | INFO | Chunk: 8 | WER=8.000000 | S=2 D=0 I=0
2026-01-21 16:39:54,942 | INFO | Chunk: 9 | WER=9.090909 | S=1 D=0 I=0
2026-01-21 16:39:54,942 | INFO | Chunk: 10 | WER=3.448276 | S=1 D=0 I=0
2026-01-21 16:39:54,942 | INFO | ------------------------------
2026-01-21 16:39:54,942 | INFO | ------------------------------
2026-01-21 16:39:54,958 | INFO | File: AEX-CLJ000-02_L01.wav | WER=16.477273 | S=7 D=0 I=22
2026-01-21 16:39:54,958 | INFO | ------------------------------
2026-01-21 16:39:54,958 | INFO |  File duration: 58.55369614512472 seconds
2026-01-21 16:40:01,394 | INFO | Using rVAD model
2026-01-21 16:40:03,720 | INFO | Number of chunks: 5
2026-01-21 16:40:13,969 | INFO | Chunk: 0 | WER=6.250000 | S=2 D=0 I=0
2026-01-21 16:40:13,969 | INFO | Chunk: 1 | WER=22.222222 | S=2 D=0 I=0
2026-01-21 16:40:13,970 | INFO | Chunk: 2 | WER=4.166667 | S=2 D=0 I=0
2026-01-21 16:40:13,972 | INFO | Chunk: 3 | WER=32.203390 | S=7 D=8 I=4
2026-01-21 16:40:13,973 | INFO | Chunk: 4 | WER=6.666667 | S=1 D=1 I=0
2026-01-21 16:40:13,973 | INFO | ------------------------------
2026-01-21 16:40:13,973 | INFO | ------------------------------
2026-01-21 16:40:13,987 | INFO | File: AEX-CML000-01_L01.wav | WER=15.340909 | S=14 D=8 I=5
2026-01-21 16:40:13,987 | INFO | ------------------------------
2026-01-21 16:40:13,987 | INFO |  File duration: 76.21907029478459 seconds
2026-01-21 16:40:21,033 | INFO | Using rVAD model
2026-01-21 16:40:24,158 | INFO | Number of chunks: 12
2026-01-21 16:40:34,385 | INFO | Chunk: 0 | WER=5.555556 | S=1 D=0 I=0
2026-01-21 16:40:34,385 | INFO | Chunk: 1 | WER=14.285714 | S=1 D=1 I=0
2026-01-21 16:40:34,386 | INFO | Chunk: 2 | WER=11.111111 | S=1 D=0 I=0
2026-01-21 16:40:34,386 | INFO | Chunk: 3 | WER=5.882353 | S=1 D=0 I=0
2026-01-21 16:40:34,387 | INFO | Chunk: 4 | WER=0.000000 | S=0 D=0 I=0
2026-01-21 16:40:34,387 | INFO | Chunk: 5 | WER=0.000000 | S=0 D=0 I=0
2026-01-21 16:40:34,387 | INFO | Chunk: 6 | WER=0.000000 | S=0 D=0 I=0
2026-01-21 16:40:34,387 | INFO | Chunk: 7 | WER=20.000000 | S=2 D=0 I=0
2026-01-21 16:40:34,388 | INFO | Chunk: 8 | WER=27.272727 | S=0 D=2 I=1
2026-01-21 16:40:34,388 | INFO | Chunk: 9 | WER=14.285714 | S=1 D=1 I=0
2026-01-21 16:40:34,388 | INFO | Chunk: 10 | WER=0.000000 | S=0 D=0 I=0
2026-01-21 16:40:34,389 | INFO | Chunk: 11 | WER=14.634146 | S=2 D=4 I=0
2026-01-21 16:40:34,389 | INFO | ------------------------------
2026-01-21 16:40:34,389 | INFO | ------------------------------
2026-01-21 16:40:34,404 | INFO | File: AEX-CSR000-01_L01.wav | WER=8.474576 | S=9 D=5 I=1
2026-01-21 16:40:34,405 | INFO | ------------------------------
2026-01-21 16:40:34,405 | INFO |  File duration: 86.34117913832199 seconds
2026-01-21 16:40:39,761 | INFO | Using rVAD model
2026-01-21 16:40:43,431 | INFO | Number of chunks: 17
2026-01-21 16:40:54,270 | INFO | Chunk: 0 | WER=100.000000 | S=2 D=0 I=0
2026-01-21 16:40:54,271 | INFO | Chunk: 1 | WER=0.000000 | S=0 D=0 I=0
2026-01-21 16:40:54,271 | INFO | Chunk: 2 | WER=0.000000 | S=0 D=0 I=0
2026-01-21 16:40:54,271 | INFO | Chunk: 3 | WER=22.222222 | S=2 D=0 I=0
2026-01-21 16:40:54,272 | INFO | Chunk: 4 | WER=0.000000 | S=0 D=0 I=0
2026-01-21 16:40:54,272 | INFO | Chunk: 5 | WER=0.000000 | S=0 D=0 I=0
2026-01-21 16:40:54,272 | INFO | Chunk: 6 | WER=0.000000 | S=0 D=0 I=0
2026-01-21 16:40:54,272 | INFO | Chunk: 7 | WER=0.000000 | S=0 D=0 I=0
2026-01-21 16:40:54,273 | INFO | Chunk: 8 | WER=0.000000 | S=0 D=0 I=0
2026-01-21 16:40:54,273 | INFO | Chunk: 9 | WER=0.000000 | S=0 D=0 I=0
2026-01-21 16:40:54,273 | INFO | Chunk: 10 | WER=18.181818 | S=2 D=0 I=0
2026-01-21 16:40:54,273 | INFO | Chunk: 11 | WER=7.142857 | S=1 D=0 I=0
2026-01-21 16:40:54,274 | INFO | Chunk: 12 | WER=0.000000 | S=0 D=0 I=0
2026-01-21 16:40:54,274 | INFO | Chunk: 13 | WER=0.000000 | S=0 D=0 I=0
2026-01-21 16:40:54,274 | INFO | Chunk: 14 | WER=9.523810 | S=2 D=0 I=0
2026-01-21 16:40:54,274 | INFO | Chunk: 15 | WER=0.000000 | S=0 D=0 I=0
2026-01-21 16:40:54,275 | INFO | Chunk: 16 | WER=0.000000 | S=0 D=0 I=0
2026-01-21 16:40:54,275 | INFO | ------------------------------
2026-01-21 16:40:54,275 | INFO | ------------------------------
2026-01-21 16:40:54,289 | INFO | File: BEX-CDB000-01_L01.wav | WER=5.142857 | S=7 D=0 I=2
2026-01-21 16:40:54,289 | INFO | ------------------------------
2026-01-21 16:40:54,289 | INFO |  File duration: 72.99619047619048 seconds
2026-01-21 16:41:01,175 | INFO | Using rVAD model
2026-01-21 16:41:04,159 | INFO | Number of chunks: 7
2026-01-21 16:41:14,164 | INFO | Chunk: 0 | WER=18.604651 | S=5 D=3 I=0
2026-01-21 16:41:14,165 | INFO | Chunk: 1 | WER=4.878049 | S=2 D=0 I=0
2026-01-21 16:41:14,165 | INFO | Chunk: 2 | WER=0.000000 | S=0 D=0 I=0
2026-01-21 16:41:14,166 | INFO | Chunk: 3 | WER=5.555556 | S=1 D=1 I=0
2026-01-21 16:41:14,167 | INFO | Chunk: 4 | WER=12.000000 | S=2 D=1 I=0
2026-01-21 16:41:14,167 | INFO | Chunk: 5 | WER=13.636364 | S=2 D=1 I=0
2026-01-21 16:41:14,167 | INFO | Chunk: 6 | WER=50.000000 | S=2 D=2 I=0
2026-01-21 16:41:14,167 | INFO | ------------------------------
2026-01-21 16:41:14,167 | INFO | ------------------------------
2026-01-21 16:41:14,181 | INFO | File: BEX-CEB000-01_L01.wav | WER=11.363636 | S=10 D=6 I=4
2026-01-21 16:41:14,181 | INFO | ------------------------------
2026-01-21 16:41:14,181 | INFO |  File duration: 60.74340136054422 seconds
2026-01-21 16:41:21,290 | INFO | Using rVAD model
2026-01-21 16:41:23,762 | INFO | Number of chunks: 4
2026-01-21 16:41:31,673 | INFO | Chunk: 0 | WER=41.379310 | S=6 D=17 I=1
2026-01-21 16:41:31,674 | INFO | Chunk: 1 | WER=6.451613 | S=1 D=1 I=0
2026-01-21 16:41:31,674 | INFO | Chunk: 2 | WER=2.941176 | S=1 D=0 I=0
2026-01-21 16:41:31,676 | INFO | Chunk: 3 | WER=42.592593 | S=1 D=22 I=0
2026-01-21 16:41:31,676 | INFO | ------------------------------
2026-01-21 16:41:31,676 | INFO | ------------------------------
2026-01-21 16:41:31,687 | INFO | File: BEX-CHE000-01_L01.wav | WER=28.248588 | S=9 D=40 I=1
2026-01-21 16:41:31,688 | INFO | ------------------------------
2026-01-21 16:41:31,688 | INFO |  File duration: 77.60358276643991 seconds
2026-01-21 16:41:38,168 | INFO | Using rVAD model
2026-01-21 16:41:41,455 | INFO | Number of chunks: 14
2026-01-21 16:41:52,220 | INFO | Chunk: 0 | WER=100.000000 | S=2 D=0 I=0
2026-01-21 16:41:52,220 | INFO | Chunk: 1 | WER=0.000000 | S=0 D=0 I=0
2026-01-21 16:41:52,221 | INFO | Chunk: 2 | WER=0.000000 | S=0 D=0 I=0
2026-01-21 16:41:52,221 | INFO | Chunk: 3 | WER=22.222222 | S=2 D=0 I=0
2026-01-21 16:41:52,221 | INFO | Chunk: 4 | WER=0.000000 | S=0 D=0 I=0
2026-01-21 16:41:52,222 | INFO | Chunk: 5 | WER=0.000000 | S=0 D=0 I=0
2026-01-21 16:41:52,222 | INFO | Chunk: 6 | WER=5.555556 | S=1 D=0 I=0
2026-01-21 16:41:52,222 | INFO | Chunk: 7 | WER=0.000000 | S=0 D=0 I=0
2026-01-21 16:41:52,223 | INFO | Chunk: 8 | WER=27.272727 | S=0 D=2 I=1
2026-01-21 16:41:52,223 | INFO | Chunk: 9 | WER=7.142857 | S=1 D=0 I=0
2026-01-21 16:41:52,223 | INFO | Chunk: 10 | WER=0.000000 | S=0 D=0 I=0
2026-01-21 16:41:52,223 | INFO | Chunk: 11 | WER=22.222222 | S=2 D=0 I=0
2026-01-21 16:41:52,224 | INFO | Chunk: 12 | WER=14.285714 | S=2 D=1 I=0
2026-01-21 16:41:52,224 | INFO | Chunk: 13 | WER=50.000000 | S=4 D=0 I=0
2026-01-21 16:41:52,224 | INFO | ------------------------------
2026-01-21 16:41:52,224 | INFO | ------------------------------
2026-01-21 16:41:52,238 | INFO | File: BEX-CKN000-01_L01.wav | WER=10.169492 | S=12 D=3 I=3
2026-01-21 16:41:52,238 | INFO | ------------------------------
2026-01-21 16:41:52,239 | INFO |  File duration: 80.38402083333334 seconds
2026-01-21 16:41:59,756 | INFO | Using rVAD model
2026-01-21 16:42:03,030 | INFO | Number of chunks: 14
2026-01-21 16:42:13,766 | INFO | Chunk: 0 | WER=10.000000 | S=2 D=0 I=0
2026-01-21 16:42:13,767 | INFO | Chunk: 1 | WER=14.285714 | S=2 D=0 I=0
2026-01-21 16:42:13,767 | INFO | Chunk: 2 | WER=22.222222 | S=2 D=0 I=0
2026-01-21 16:42:13,767 | INFO | Chunk: 3 | WER=21.739130 | S=3 D=2 I=0
2026-01-21 16:42:13,768 | INFO | Chunk: 4 | WER=6.666667 | S=0 D=1 I=0
2026-01-21 16:42:13,768 | INFO | Chunk: 5 | WER=14.285714 | S=0 D=1 I=0
2026-01-21 16:42:13,768 | INFO | Chunk: 6 | WER=0.000000 | S=0 D=0 I=0
2026-01-21 16:42:13,768 | INFO | Chunk: 7 | WER=42.857143 | S=1 D=5 I=0
2026-01-21 16:42:13,769 | INFO | Chunk: 8 | WER=12.500000 | S=1 D=0 I=0
2026-01-21 16:42:13,769 | INFO | Chunk: 9 | WER=0.000000 | S=0 D=0 I=0
2026-01-21 16:42:13,769 | INFO | Chunk: 10 | WER=0.000000 | S=0 D=0 I=0
2026-01-21 16:42:13,770 | INFO | Chunk: 11 | WER=14.814815 | S=4 D=0 I=0
2026-01-21 16:42:13,770 | INFO | Chunk: 12 | WER=0.000000 | S=0 D=0 I=0
2026-01-21 16:42:13,770 | INFO | Chunk: 13 | WER=37.500000 | S=0 D=3 I=0
2026-01-21 16:42:13,770 | INFO | ------------------------------
2026-01-21 16:42:13,770 | INFO | ------------------------------
2026-01-21 16:42:13,784 | INFO | File: BEX-CMB000-01_L01.wav | WER=16.959064 | S=12 D=12 I=5
2026-01-21 16:42:13,784 | INFO | ------------------------------
2026-01-21 16:42:13,784 | INFO |  File duration: 77.83328798185941 seconds
2026-01-21 16:42:19,606 | INFO | Using rVAD model
2026-01-21 16:42:22,811 | INFO | Number of chunks: 11
2026-01-21 16:42:33,097 | INFO | Chunk: 0 | WER=0.000000 | S=1 D=0 I=0
2026-01-21 16:42:33,098 | INFO | Chunk: 1 | WER=100.000000 | S=2 D=0 I=0
2026-01-21 16:42:33,098 | INFO | Chunk: 2 | WER=0.000000 | S=0 D=0 I=0
2026-01-21 16:42:33,098 | INFO | Chunk: 3 | WER=14.285714 | S=1 D=1 I=0
2026-01-21 16:42:33,099 | INFO | Chunk: 4 | WER=33.333333 | S=3 D=0 I=0
2026-01-21 16:42:33,099 | INFO | Chunk: 5 | WER=23.529412 | S=3 D=1 I=0
2026-01-21 16:42:33,099 | INFO | Chunk: 6 | WER=0.000000 | S=0 D=0 I=0
2026-01-21 16:42:33,100 | INFO | Chunk: 7 | WER=0.000000 | S=0 D=0 I=0
2026-01-21 16:42:33,101 | INFO | Chunk: 8 | WER=22.916667 | S=5 D=5 I=1
2026-01-21 16:42:33,102 | INFO | Chunk: 9 | WER=27.777778 | S=6 D=4 I=0
2026-01-21 16:42:33,102 | INFO | Chunk: 10 | WER=50.000000 | S=4 D=0 I=0
2026-01-21 16:42:33,102 | INFO | ------------------------------
2026-01-21 16:42:33,102 | INFO | ------------------------------
2026-01-21 16:42:33,116 | INFO | File: BEX-CNKN00-01_L01.wav | WER=20.338983 | S=19 D=10 I=7
2026-01-21 16:42:33,116 | INFO | ------------------------------
2026-01-21 16:42:33,116 | INFO | ===================== GLOBAL WER ======================
2026-01-21 16:42:33,116 | INFO | The number of files is 12
2026-01-21 16:42:33,116 | INFO | WER: 13.46%
2026-01-21 16:42:33,117 | INFO | =============================================================
