2026-01-21 21:31:42,574 | INFO | Fetch hyperparams.yaml: Using file found at '/vol/experiments3/imbenamor/TAPAS-FRAIS/models/asr-whisper-medium-commonvoice-fr/hyperparams.yaml'
2026-01-21 21:31:42,575 | DEBUG | Fetch: Source and destination '/vol/experiments3/imbenamor/TAPAS-FRAIS/models/asr-whisper-medium-commonvoice-fr/custom.py' are identical, returning assuming this is intended
2026-01-21 21:31:44,172 | WARNING | speechbrain.lobes.models.huggingface_transformers.huggingface - WhisperModel is frozen.
2026-01-21 21:31:44,172 | WARNING | speechbrain.lobes.models.huggingface_transformers.whisper - whisper encoder-decoder is frozen.
2026-01-21 21:31:44,286 | DEBUG | Collecting files (or symlinks) for pretraining in /vol/experiments3/imbenamor/TAPAS-FRAIS/models/asr-whisper-medium-commonvoice-fr.
2026-01-21 21:31:44,286 | INFO | Fetch whisper.ckpt: Using file found at '/vol/experiments3/imbenamor/TAPAS-FRAIS/models/asr-whisper-medium-commonvoice-fr/whisper.ckpt'
2026-01-21 21:31:44,286 | DEBUG | Set local path in self.paths["whisper"] = /vol/experiments3/imbenamor/TAPAS-FRAIS/models/asr-whisper-medium-commonvoice-fr/whisper.ckpt
2026-01-21 21:31:44,286 | INFO | Loading pretrained files for: whisper
2026-01-21 21:31:44,286 | DEBUG | Redirecting (loading from local path): whisper -> /vol/experiments3/imbenamor/TAPAS-FRAIS/models/asr-whisper-medium-commonvoice-fr/whisper.ckpt
2026-01-21 21:31:47,804 | INFO |  File duration: 116.70349206349206 seconds
2026-01-21 21:31:58,053 | INFO | Using rVAD model
2026-01-21 21:32:02,761 | INFO | Number of chunks: 13
2026-01-21 21:32:11,010 | INFO | Chunk: 1 | WER=0.000000 | S=0 D=0 I=0
2026-01-21 21:32:11,011 | INFO | Chunk: 2 | WER=5.555556 | S=0 D=2 I=0
2026-01-21 21:32:11,012 | INFO | Chunk: 3 | WER=18.750000 | S=1 D=2 I=0
2026-01-21 21:32:11,012 | INFO | Chunk: 4 | WER=3.448276 | S=1 D=0 I=0
2026-01-21 21:32:11,013 | INFO | Chunk: 5 | WER=27.586207 | S=2 D=6 I=0
2026-01-21 21:32:11,013 | INFO | Chunk: 6 | WER=150.000000 | S=2 D=0 I=1
2026-01-21 21:32:11,013 | INFO | Chunk: 7 | WER=0.000000 | S=0 D=0 I=0
2026-01-21 21:32:11,014 | INFO | Chunk: 8 | WER=10.000000 | S=0 D=1 I=0
2026-01-21 21:32:11,014 | INFO | Chunk: 9 | WER=0.000000 | S=0 D=0 I=0
2026-01-21 21:32:11,014 | INFO | Chunk: 10 | WER=7.142857 | S=1 D=0 I=0
2026-01-21 21:32:11,015 | INFO | Chunk: 11 | WER=18.181818 | S=4 D=0 I=0
2026-01-21 21:32:11,015 | INFO | Chunk: 12 | WER=18.181818 | S=3 D=1 I=0
2026-01-21 21:32:11,015 | INFO | ------------------------------
2026-01-21 21:32:11,015 | INFO | ------------------------------
2026-01-21 21:32:11,040 | INFO | File: MO_F_AV01_2016_04_08_ModuleDescription_description.wav | WER=11.020408 | S=15 D=11 I=1
2026-01-21 21:32:11,040 | INFO | ------------------------------
2026-01-21 21:32:11,061 | INFO |  File duration: 27.353106575963718 seconds
2026-01-21 21:32:13,135 | INFO | Using rVAD model
2026-01-21 21:32:14,188 | INFO | Number of chunks: 4
2026-01-21 21:32:15,430 | INFO | Chunk: 0 | WER=49.019608 | S=2 D=23 I=0
2026-01-21 21:32:15,430 | INFO | Chunk: 2 | WER=80.000000 | S=0 D=7 I=1
2026-01-21 21:32:15,430 | INFO | ------------------------------
2026-01-21 21:32:15,430 | INFO | ------------------------------
2026-01-21 21:32:15,433 | INFO | File: MO_F_AV06_2016_04_13_ModuleDescription_description.wav | WER=55.737705 | S=3 D=29 I=2
2026-01-21 21:32:15,433 | INFO | ------------------------------
2026-01-21 21:32:15,439 | INFO |  File duration: 90.53460317460318 seconds
2026-01-21 21:32:21,552 | INFO | Using rVAD model
2026-01-21 21:32:25,105 | INFO | Number of chunks: 7
2026-01-21 21:32:29,500 | INFO | Chunk: 0 | WER=0.000000 | S=0 D=0 I=0
2026-01-21 21:32:29,500 | INFO | Chunk: 1 | WER=7.692308 | S=0 D=1 I=0
2026-01-21 21:32:29,502 | INFO | Chunk: 2 | WER=53.246753 | S=3 D=38 I=0
2026-01-21 21:32:29,503 | INFO | Chunk: 3 | WER=35.714286 | S=1 D=19 I=0
2026-01-21 21:32:29,505 | INFO | Chunk: 4 | WER=81.372549 | S=0 D=83 I=0
2026-01-21 21:32:29,505 | INFO | Chunk: 5 | WER=36.363636 | S=3 D=1 I=0
2026-01-21 21:32:29,505 | INFO | Chunk: 6 | WER=300.000000 | S=1 D=0 I=2
2026-01-21 21:32:29,505 | INFO | ------------------------------
2026-01-21 21:32:29,505 | INFO | ------------------------------
2026-01-21 21:32:29,520 | INFO | File: MO_F_AV09_2016_04_15_ModuleDescription_description.wav | WER=57.575758 | S=8 D=142 I=2
2026-01-21 21:32:29,520 | INFO | ------------------------------
2026-01-21 21:32:29,521 | INFO |  File duration: 75.62739229024943 seconds
2026-01-21 21:32:34,166 | INFO | Using rVAD model
2026-01-21 21:32:37,128 | INFO | Number of chunks: 16
2026-01-21 21:32:40,045 | INFO | Chunk: 0 | WER=50.000000 | S=2 D=0 I=0
2026-01-21 21:32:40,045 | INFO | Chunk: 1 | WER=50.000000 | S=1 D=0 I=0
2026-01-21 21:32:40,046 | INFO | Chunk: 2 | WER=75.000000 | S=2 D=1 I=0
2026-01-21 21:32:40,046 | INFO | Chunk: 3 | WER=100.000000 | S=1 D=1 I=0
2026-01-21 21:32:40,046 | INFO | Chunk: 5 | WER=58.823529 | S=1 D=6 I=3
2026-01-21 21:32:40,046 | INFO | Chunk: 6 | WER=0.000000 | S=0 D=0 I=0
2026-01-21 21:32:40,047 | INFO | Chunk: 8 | WER=100.000000 | S=5 D=0 I=1
2026-01-21 21:32:40,047 | INFO | Chunk: 9 | WER=150.000000 | S=2 D=0 I=1
2026-01-21 21:32:40,047 | INFO | Chunk: 10 | WER=33.333333 | S=1 D=0 I=0
2026-01-21 21:32:40,047 | INFO | Chunk: 11 | WER=85.714286 | S=5 D=1 I=0
2026-01-21 21:32:40,047 | INFO | Chunk: 12 | WER=100.000000 | S=1 D=2 I=0
2026-01-21 21:32:40,047 | INFO | Chunk: 13 | WER=100.000000 | S=1 D=2 I=0
2026-01-21 21:32:40,047 | INFO | Chunk: 14 | WER=0.000000 | S=0 D=0 I=0
2026-01-21 21:32:40,047 | INFO | ------------------------------
2026-01-21 21:32:40,048 | INFO | ------------------------------
2026-01-21 21:32:40,051 | INFO | File: MO_F_AV14_2016_04_18_ModuleDescription_description.wav | WER=65.625000 | S=23 D=12 I=7
2026-01-21 21:32:40,051 | INFO | ------------------------------
2026-01-21 21:32:40,069 | INFO |  File duration: 58.28208616780045 seconds
2026-01-21 21:32:42,403 | INFO | Using rVAD model
2026-01-21 21:32:44,637 | INFO | Number of chunks: 9
2026-01-21 21:32:48,196 | INFO | Chunk: 0 | WER=25.000000 | S=1 D=1 I=0
2026-01-21 21:32:48,196 | INFO | Chunk: 1 | WER=3.225806 | S=1 D=0 I=0
2026-01-21 21:32:48,197 | INFO | Chunk: 2 | WER=16.666667 | S=1 D=0 I=0
2026-01-21 21:32:48,197 | INFO | Chunk: 3 | WER=0.000000 | S=0 D=0 I=0
2026-01-21 21:32:48,197 | INFO | Chunk: 4 | WER=50.000000 | S=1 D=2 I=0
2026-01-21 21:32:48,197 | INFO | Chunk: 6 | WER=13.333333 | S=2 D=0 I=0
2026-01-21 21:32:48,198 | INFO | Chunk: 7 | WER=60.000000 | S=2 D=4 I=0
2026-01-21 21:32:48,198 | INFO | Chunk: 8 | WER=0.000000 | S=0 D=0 I=0
2026-01-21 21:32:48,198 | INFO | ------------------------------
2026-01-21 21:32:48,198 | INFO | ------------------------------
2026-01-21 21:32:48,203 | INFO | File: MO_F_AV17_2016_04_18_ModuleDescription_description.wav | WER=16.666667 | S=9 D=6 I=1
2026-01-21 21:32:48,203 | INFO | ------------------------------
2026-01-21 21:32:48,224 | INFO |  File duration: 70.37968253968253 seconds
2026-01-21 21:32:52,230 | INFO | Using rVAD model
2026-01-21 21:32:54,980 | INFO | Number of chunks: 10
2026-01-21 21:32:59,225 | INFO | Chunk: 0 | WER=38.333333 | S=5 D=18 I=0
2026-01-21 21:32:59,226 | INFO | Chunk: 1 | WER=41.666667 | S=3 D=2 I=0
2026-01-21 21:32:59,226 | INFO | Chunk: 2 | WER=0.000000 | S=0 D=0 I=0
2026-01-21 21:32:59,226 | INFO | Chunk: 3 | WER=40.000000 | S=4 D=2 I=0
2026-01-21 21:32:59,227 | INFO | Chunk: 4 | WER=27.272727 | S=3 D=0 I=0
2026-01-21 21:32:59,227 | INFO | Chunk: 5 | WER=0.000000 | S=0 D=0 I=0
2026-01-21 21:32:59,227 | INFO | Chunk: 6 | WER=29.411765 | S=1 D=3 I=1
2026-01-21 21:32:59,227 | INFO | Chunk: 7 | WER=0.000000 | S=0 D=0 I=0
2026-01-21 21:32:59,227 | INFO | Chunk: 8 | WER=12.500000 | S=1 D=0 I=0
2026-01-21 21:32:59,228 | INFO | ------------------------------
2026-01-21 21:32:59,228 | INFO | ------------------------------
2026-01-21 21:32:59,236 | INFO | File: MO_F_AV21_2016_04_18_ModuleDescription_description.wav | WER=31.428571 | S=17 D=25 I=2
2026-01-21 21:32:59,236 | INFO | ------------------------------
2026-01-21 21:32:59,237 | INFO |  File duration: 94.57487528344672 seconds
2026-01-21 21:33:05,165 | INFO | Using rVAD model
2026-01-21 21:33:08,912 | INFO | Number of chunks: 21
2026-01-21 21:33:15,040 | INFO | Chunk: 0 | WER=0.000000 | S=0 D=0 I=0
2026-01-21 21:33:15,041 | INFO | Chunk: 1 | WER=36.363636 | S=2 D=2 I=0
2026-01-21 21:33:15,041 | INFO | Chunk: 2 | WER=50.000000 | S=1 D=1 I=0
2026-01-21 21:33:15,041 | INFO | Chunk: 3 | WER=40.000000 | S=3 D=3 I=0
2026-01-21 21:33:15,041 | INFO | Chunk: 4 | WER=44.444444 | S=1 D=3 I=0
2026-01-21 21:33:15,042 | INFO | Chunk: 5 | WER=83.333333 | S=7 D=2 I=1
2026-01-21 21:33:15,042 | INFO | Chunk: 6 | WER=62.500000 | S=3 D=1 I=1
2026-01-21 21:33:15,042 | INFO | Chunk: 7 | WER=0.000000 | S=0 D=0 I=0
2026-01-21 21:33:15,042 | INFO | Chunk: 8 | WER=20.000000 | S=1 D=0 I=0
2026-01-21 21:33:15,042 | INFO | Chunk: 9 | WER=0.000000 | S=0 D=0 I=0
2026-01-21 21:33:15,042 | INFO | Chunk: 10 | WER=50.000000 | S=1 D=0 I=0
2026-01-21 21:33:15,043 | INFO | Chunk: 11 | WER=6.666667 | S=1 D=0 I=0
2026-01-21 21:33:15,043 | INFO | Chunk: 13 | WER=0.000000 | S=0 D=0 I=0
2026-01-21 21:33:15,043 | INFO | Chunk: 14 | WER=0.000000 | S=0 D=0 I=0
2026-01-21 21:33:15,044 | INFO | Chunk: 15 | WER=25.000000 | S=4 D=0 I=0
2026-01-21 21:33:15,044 | INFO | Chunk: 16 | WER=0.000000 | S=0 D=0 I=0
2026-01-21 21:33:15,044 | INFO | Chunk: 17 | WER=0.000000 | S=0 D=0 I=0
2026-01-21 21:33:15,044 | INFO | Chunk: 18 | WER=22.222222 | S=2 D=0 I=0
2026-01-21 21:33:15,044 | INFO | Chunk: 19 | WER=100.000000 | S=1 D=0 I=0
2026-01-21 21:33:15,044 | INFO | Chunk: 20 | WER=300.000000 | S=1 D=0 I=2
2026-01-21 21:33:15,044 | INFO | ------------------------------
2026-01-21 21:33:15,044 | INFO | ------------------------------
2026-01-21 21:33:15,056 | INFO | File: MO_F_AV23_2016_04_19_ModuleDescription_description.wav | WER=28.481013 | S=28 D=12 I=5
2026-01-21 21:33:15,056 | INFO | ------------------------------
2026-01-21 21:33:15,056 | INFO |  File duration: 65.15519274376418 seconds
2026-01-21 21:33:19,320 | INFO | Using rVAD model
2026-01-21 21:33:21,829 | INFO | Number of chunks: 13
2026-01-21 21:33:26,195 | INFO | Chunk: 0 | WER=0.000000 | S=0 D=0 I=0
2026-01-21 21:33:26,195 | INFO | Chunk: 1 | WER=0.000000 | S=0 D=0 I=0
2026-01-21 21:33:26,195 | INFO | Chunk: 2 | WER=0.000000 | S=0 D=0 I=0
2026-01-21 21:33:26,196 | INFO | Chunk: 3 | WER=16.666667 | S=1 D=0 I=0
2026-01-21 21:33:26,196 | INFO | Chunk: 4 | WER=0.000000 | S=0 D=0 I=0
2026-01-21 21:33:26,196 | INFO | Chunk: 5 | WER=25.000000 | S=0 D=0 I=1
2026-01-21 21:33:26,196 | INFO | Chunk: 6 | WER=0.000000 | S=0 D=0 I=0
2026-01-21 21:33:26,197 | INFO | Chunk: 7 | WER=42.857143 | S=3 D=0 I=0
2026-01-21 21:33:26,197 | INFO | Chunk: 8 | WER=25.000000 | S=0 D=2 I=0
2026-01-21 21:33:26,197 | INFO | Chunk: 9 | WER=0.000000 | S=0 D=0 I=0
2026-01-21 21:33:26,197 | INFO | Chunk: 10 | WER=8.333333 | S=1 D=0 I=0
2026-01-21 21:33:26,198 | INFO | Chunk: 11 | WER=10.000000 | S=0 D=1 I=0
2026-01-21 21:33:26,198 | INFO | Chunk: 12 | WER=0.000000 | S=0 D=0 I=0
2026-01-21 21:33:26,198 | INFO | ------------------------------
2026-01-21 21:33:26,198 | INFO | ------------------------------
2026-01-21 21:33:26,206 | INFO | File: MO_F_AV25_2016_05_14_ModuleDescription_description.wav | WER=7.317073 | S=5 D=3 I=1
2026-01-21 21:33:26,206 | INFO | ------------------------------
2026-01-21 21:33:26,206 | INFO |  File duration: 75.67383219954648 seconds
2026-01-21 21:33:31,300 | INFO | Using rVAD model
2026-01-21 21:33:34,253 | INFO | Number of chunks: 14
2026-01-21 21:33:38,896 | INFO | Chunk: 0 | WER=28.571429 | S=4 D=0 I=0
2026-01-21 21:33:38,896 | INFO | Chunk: 1 | WER=74.509804 | S=0 D=38 I=0
2026-01-21 21:33:38,896 | INFO | Chunk: 2 | WER=0.000000 | S=0 D=0 I=0
2026-01-21 21:33:38,897 | INFO | Chunk: 3 | WER=50.000000 | S=1 D=0 I=0
2026-01-21 21:33:38,897 | INFO | Chunk: 4 | WER=0.000000 | S=0 D=0 I=0
2026-01-21 21:33:38,897 | INFO | Chunk: 5 | WER=3.571429 | S=1 D=0 I=0
2026-01-21 21:33:38,898 | INFO | Chunk: 6 | WER=31.818182 | S=1 D=6 I=0
2026-01-21 21:33:38,898 | INFO | Chunk: 7 | WER=0.000000 | S=0 D=0 I=0
2026-01-21 21:33:38,898 | INFO | Chunk: 8 | WER=0.000000 | S=0 D=0 I=0
2026-01-21 21:33:38,898 | INFO | Chunk: 11 | WER=500.000000 | S=1 D=0 I=4
2026-01-21 21:33:38,899 | INFO | Chunk: 12 | WER=25.000000 | S=1 D=2 I=0
2026-01-21 21:33:38,899 | INFO | Chunk: 13 | WER=0.000000 | S=0 D=0 I=0
2026-01-21 21:33:38,899 | INFO | ------------------------------
2026-01-21 21:33:38,899 | INFO | ------------------------------
2026-01-21 21:33:38,909 | INFO | File: MO_F_AV26_2016_05_14_ModuleDescription_description.wav | WER=34.911243 | S=11 D=44 I=4
2026-01-21 21:33:38,909 | INFO | ------------------------------
2026-01-21 21:33:38,934 | INFO |  File duration: 84.31165532879818 seconds
2026-01-21 21:33:44,519 | INFO | Using rVAD model
2026-01-21 21:33:47,818 | INFO | Number of chunks: 20
2026-01-21 21:33:53,579 | INFO | Chunk: 0 | WER=100.000000 | S=3 D=1 I=0
2026-01-21 21:33:53,580 | INFO | Chunk: 1 | WER=11.111111 | S=2 D=2 I=0
2026-01-21 21:33:53,580 | INFO | Chunk: 3 | WER=9.090909 | S=0 D=2 I=0
2026-01-21 21:33:53,580 | INFO | Chunk: 4 | WER=12.500000 | S=1 D=0 I=0
2026-01-21 21:33:53,581 | INFO | Chunk: 5 | WER=13.333333 | S=1 D=1 I=0
2026-01-21 21:33:53,581 | INFO | Chunk: 6 | WER=16.666667 | S=0 D=1 I=0
2026-01-21 21:33:53,581 | INFO | Chunk: 7 | WER=12.500000 | S=1 D=0 I=0
2026-01-21 21:33:53,582 | INFO | Chunk: 8 | WER=100.000000 | S=2 D=0 I=0
2026-01-21 21:33:53,582 | INFO | Chunk: 9 | WER=100.000000 | S=2 D=0 I=0
2026-01-21 21:33:53,582 | INFO | Chunk: 10 | WER=100.000000 | S=1 D=3 I=0
2026-01-21 21:33:53,582 | INFO | Chunk: 11 | WER=0.000000 | S=0 D=0 I=0
2026-01-21 21:33:53,582 | INFO | Chunk: 12 | WER=0.000000 | S=0 D=0 I=0
2026-01-21 21:33:53,582 | INFO | Chunk: 13 | WER=0.000000 | S=0 D=0 I=0
2026-01-21 21:33:53,582 | INFO | Chunk: 14 | WER=55.555556 | S=0 D=5 I=0
2026-01-21 21:33:53,583 | INFO | Chunk: 15 | WER=50.000000 | S=1 D=0 I=2
2026-01-21 21:33:53,583 | INFO | Chunk: 16 | WER=11.111111 | S=0 D=1 I=0
2026-01-21 21:33:53,583 | INFO | Chunk: 17 | WER=25.806452 | S=2 D=6 I=0
2026-01-21 21:33:53,584 | INFO | Chunk: 19 | WER=50.000000 | S=1 D=0 I=0
2026-01-21 21:33:53,584 | INFO | ------------------------------
2026-01-21 21:33:53,584 | INFO | ------------------------------
2026-01-21 21:33:53,596 | INFO | File: MO_F_AV27_2016_05_14_ModuleDescription_description.wav | WER=24.277457 | S=18 D=21 I=3
2026-01-21 21:33:53,596 | INFO | ------------------------------
2026-01-21 21:33:53,609 | INFO |  File duration: 299.5374149659864 seconds
2026-01-21 21:34:12,019 | INFO | Using rVAD model
2026-01-21 21:34:24,168 | INFO | Number of chunks: 13
2026-01-21 21:34:38,136 | INFO | Chunk: 0 | WER=52.830189 | S=2 D=26 I=0
2026-01-21 21:34:38,139 | INFO | Chunk: 1 | WER=48.051948 | S=4 D=32 I=1
2026-01-21 21:34:38,140 | INFO | Chunk: 2 | WER=70.114943 | S=2 D=58 I=1
2026-01-21 21:34:38,141 | INFO | Chunk: 3 | WER=76.388889 | S=1 D=54 I=0
2026-01-21 21:34:38,143 | INFO | Chunk: 4 | WER=61.956522 | S=2 D=55 I=0
2026-01-21 21:34:38,145 | INFO | Chunk: 5 | WER=78.640777 | S=0 D=80 I=1
2026-01-21 21:34:38,147 | INFO | Chunk: 6 | WER=51.250000 | S=9 D=32 I=0
2026-01-21 21:34:38,149 | INFO | Chunk: 7 | WER=40.625000 | S=1 D=24 I=1
2026-01-21 21:34:38,150 | INFO | Chunk: 8 | WER=71.764706 | S=0 D=60 I=1
2026-01-21 21:34:38,150 | INFO | Chunk: 9 | WER=22.222222 | S=1 D=0 I=1
2026-01-21 21:34:38,152 | INFO | Chunk: 10 | WER=74.418605 | S=7 D=57 I=0
2026-01-21 21:34:38,154 | INFO | Chunk: 11 | WER=84.297521 | S=1 D=101 I=0
2026-01-21 21:34:38,156 | INFO | Chunk: 12 | WER=63.043478 | S=4 D=54 I=0
2026-01-21 21:34:38,156 | INFO | ------------------------------
2026-01-21 21:34:38,156 | INFO | ------------------------------
2026-01-21 21:34:38,318 | INFO | File: MO_F_AV36_2016_06_07_ModuleDescription_description.wav | WER=65.523996 | S=34 D=631 I=4
2026-01-21 21:34:38,318 | INFO | ------------------------------
2026-01-21 21:34:38,344 | INFO |  File duration: 42.44607709750567 seconds
2026-01-21 21:34:40,741 | INFO | Using rVAD model
2026-01-21 21:34:42,297 | INFO | Number of chunks: 6
2026-01-21 21:34:44,006 | INFO | Chunk: 1 | WER=50.000000 | S=4 D=1 I=0
2026-01-21 21:34:44,006 | INFO | Chunk: 2 | WER=0.000000 | S=0 D=0 I=0
2026-01-21 21:34:44,006 | INFO | Chunk: 3 | WER=25.000000 | S=1 D=0 I=0
2026-01-21 21:34:44,006 | INFO | Chunk: 4 | WER=25.000000 | S=1 D=0 I=0
2026-01-21 21:34:44,007 | INFO | Chunk: 5 | WER=11.111111 | S=1 D=1 I=0
2026-01-21 21:34:44,007 | INFO | ------------------------------
2026-01-21 21:34:44,007 | INFO | ------------------------------
2026-01-21 21:34:44,009 | INFO | File: MO_F_ER02_2016_04_04_ModuleDescription_description.wav | WER=23.255814 | S=7 D=2 I=1
2026-01-21 21:34:44,009 | INFO | ------------------------------
2026-01-21 21:34:44,010 | INFO |  File duration: 30.30204081632653 seconds
2026-01-21 21:34:45,401 | INFO | Using rVAD model
2026-01-21 21:34:46,537 | INFO | Number of chunks: 6
2026-01-21 21:34:47,860 | INFO | Chunk: 0 | WER=0.000000 | S=0 D=0 I=0
2026-01-21 21:34:47,860 | INFO | Chunk: 1 | WER=0.000000 | S=0 D=0 I=0
2026-01-21 21:34:47,860 | INFO | Chunk: 2 | WER=0.000000 | S=0 D=0 I=0
2026-01-21 21:34:47,860 | INFO | Chunk: 3 | WER=14.285714 | S=2 D=0 I=0
2026-01-21 21:34:47,861 | INFO | Chunk: 4 | WER=75.000000 | S=2 D=1 I=0
2026-01-21 21:34:47,861 | INFO | ------------------------------
2026-01-21 21:34:47,861 | INFO | ------------------------------
2026-01-21 21:34:47,863 | INFO | File: MO_F_ER02_2016_06_08_ModuleDescription_description.wav | WER=17.241379 | S=5 D=0 I=0
2026-01-21 21:34:47,863 | INFO | ------------------------------
2026-01-21 21:34:47,887 | INFO |  File duration: 33.50639455782313 seconds
2026-01-21 21:34:49,754 | INFO | Using rVAD model
2026-01-21 21:34:51,048 | INFO | Number of chunks: 8
2026-01-21 21:34:52,570 | INFO | Chunk: 0 | WER=80.000000 | S=3 D=1 I=0
2026-01-21 21:34:52,570 | INFO | Chunk: 1 | WER=37.500000 | S=0 D=2 I=1
2026-01-21 21:34:52,570 | INFO | Chunk: 2 | WER=20.000000 | S=1 D=0 I=0
2026-01-21 21:34:52,570 | INFO | Chunk: 3 | WER=50.000000 | S=3 D=0 I=0
2026-01-21 21:34:52,570 | INFO | Chunk: 4 | WER=33.333333 | S=0 D=1 I=0
2026-01-21 21:34:52,570 | INFO | Chunk: 5 | WER=100.000000 | S=1 D=0 I=0
2026-01-21 21:34:52,571 | INFO | Chunk: 6 | WER=37.500000 | S=2 D=1 I=0
2026-01-21 21:34:52,571 | INFO | Chunk: 7 | WER=100.000000 | S=2 D=0 I=0
2026-01-21 21:34:52,571 | INFO | ------------------------------
2026-01-21 21:34:52,571 | INFO | ------------------------------
2026-01-21 21:34:52,573 | INFO | File: MO_F_ER06_2016_04_06_ModuleDescription_description.wav | WER=44.736842 | S=11 D=5 I=1
2026-01-21 21:34:52,573 | INFO | ------------------------------
2026-01-21 21:34:52,580 | INFO |  File duration: 92.13678004535147 seconds
2026-01-21 21:34:58,210 | INFO | Using rVAD model
2026-01-21 21:35:01,804 | INFO | Number of chunks: 17
2026-01-21 21:35:07,760 | INFO | Chunk: 0 | WER=25.000000 | S=2 D=0 I=0
2026-01-21 21:35:07,761 | INFO | Chunk: 1 | WER=0.000000 | S=0 D=0 I=0
2026-01-21 21:35:07,761 | INFO | Chunk: 2 | WER=33.333333 | S=1 D=0 I=0
2026-01-21 21:35:07,761 | INFO | Chunk: 3 | WER=0.000000 | S=0 D=0 I=0
2026-01-21 21:35:07,761 | INFO | Chunk: 4 | WER=40.000000 | S=4 D=0 I=0
2026-01-21 21:35:07,762 | INFO | Chunk: 5 | WER=6.250000 | S=1 D=0 I=0
2026-01-21 21:35:07,762 | INFO | Chunk: 6 | WER=10.000000 | S=1 D=0 I=0
2026-01-21 21:35:07,762 | INFO | Chunk: 7 | WER=100.000000 | S=0 D=0 I=1
2026-01-21 21:35:07,762 | INFO | Chunk: 8 | WER=16.666667 | S=2 D=1 I=0
2026-01-21 21:35:07,762 | INFO | Chunk: 9 | WER=25.000000 | S=0 D=0 I=1
2026-01-21 21:35:07,763 | INFO | Chunk: 10 | WER=25.000000 | S=1 D=2 I=0
2026-01-21 21:35:07,763 | INFO | Chunk: 11 | WER=6.666667 | S=1 D=0 I=0
2026-01-21 21:35:07,763 | INFO | Chunk: 12 | WER=33.333333 | S=1 D=2 I=0
2026-01-21 21:35:07,763 | INFO | Chunk: 13 | WER=20.000000 | S=2 D=0 I=0
2026-01-21 21:35:07,764 | INFO | Chunk: 14 | WER=50.000000 | S=3 D=1 I=1
2026-01-21 21:35:07,764 | INFO | Chunk: 15 | WER=28.571429 | S=2 D=3 I=1
2026-01-21 21:35:07,764 | INFO | ------------------------------
2026-01-21 21:35:07,764 | INFO | ------------------------------
2026-01-21 21:35:07,776 | INFO | File: MO_F_ER08_2016_04_07_ModuleDescription_description.wav | WER=22.641509 | S=21 D=9 I=6
2026-01-21 21:35:07,776 | INFO | ------------------------------
2026-01-21 21:35:07,776 | INFO |  File duration: 68.0344671201814 seconds
2026-01-21 21:35:11,831 | INFO | Using rVAD model
2026-01-21 21:35:14,441 | INFO | Number of chunks: 9
2026-01-21 21:35:19,221 | INFO | Chunk: 0 | WER=20.000000 | S=2 D=0 I=0
2026-01-21 21:35:19,222 | INFO | Chunk: 1 | WER=11.111111 | S=2 D=0 I=0
2026-01-21 21:35:19,222 | INFO | Chunk: 2 | WER=26.086957 | S=6 D=0 I=0
2026-01-21 21:35:19,223 | INFO | Chunk: 3 | WER=11.764706 | S=3 D=1 I=0
2026-01-21 21:35:19,223 | INFO | Chunk: 4 | WER=12.500000 | S=1 D=0 I=0
2026-01-21 21:35:19,224 | INFO | Chunk: 5 | WER=18.181818 | S=3 D=1 I=0
2026-01-21 21:35:19,224 | INFO | Chunk: 6 | WER=20.000000 | S=1 D=2 I=0
2026-01-21 21:35:19,224 | INFO | Chunk: 7 | WER=16.666667 | S=0 D=1 I=0
2026-01-21 21:35:19,224 | INFO | Chunk: 8 | WER=50.000000 | S=1 D=4 I=0
2026-01-21 21:35:19,224 | INFO | ------------------------------
2026-01-21 21:35:19,224 | INFO | ------------------------------
2026-01-21 21:35:19,234 | INFO | File: MO_F_ER08_2016_06_08_ModuleDescription_description.wav | WER=19.178082 | S=19 D=9 I=0
2026-01-21 21:35:19,234 | INFO | ------------------------------
2026-01-21 21:35:19,249 | INFO |  File duration: 88.53768707482993 seconds
2026-01-21 21:35:24,575 | INFO | Using rVAD model
2026-01-21 21:35:28,049 | INFO | Number of chunks: 7
2026-01-21 21:35:35,127 | INFO | Chunk: 0 | WER=59.016393 | S=17 D=7 I=12
2026-01-21 21:35:35,128 | INFO | Chunk: 1 | WER=41.463415 | S=9 D=0 I=8
2026-01-21 21:35:35,129 | INFO | Chunk: 2 | WER=12.500000 | S=2 D=1 I=0
2026-01-21 21:35:35,130 | INFO | Chunk: 3 | WER=15.555556 | S=4 D=3 I=0
2026-01-21 21:35:35,130 | INFO | Chunk: 4 | WER=0.000000 | S=0 D=0 I=0
2026-01-21 21:35:35,131 | INFO | Chunk: 5 | WER=9.090909 | S=1 D=0 I=0
2026-01-21 21:35:35,131 | INFO | Chunk: 6 | WER=133.333333 | S=3 D=0 I=1
2026-01-21 21:35:35,131 | INFO | ------------------------------
2026-01-21 21:35:35,131 | INFO | ------------------------------
2026-01-21 21:35:35,148 | INFO | File: MO_F_ER10_2016_04_07_ModuleDescription_description.wav | WER=34.693878 | S=36 D=11 I=21
2026-01-21 21:35:35,148 | INFO | ------------------------------
2026-01-21 21:35:35,162 | INFO |  File duration: 36.45532879818594 seconds
2026-01-21 21:35:37,857 | INFO | Using rVAD model
2026-01-21 21:35:39,278 | INFO | Number of chunks: 5
2026-01-21 21:35:41,942 | INFO | Chunk: 0 | WER=18.181818 | S=1 D=5 I=0
2026-01-21 21:35:41,942 | INFO | Chunk: 1 | WER=6.250000 | S=1 D=0 I=0
2026-01-21 21:35:41,943 | INFO | Chunk: 2 | WER=36.363636 | S=2 D=2 I=0
2026-01-21 21:35:41,943 | INFO | Chunk: 3 | WER=31.578947 | S=3 D=2 I=1
2026-01-21 21:35:41,943 | INFO | ------------------------------
2026-01-21 21:35:41,943 | INFO | ------------------------------
2026-01-21 21:35:41,947 | INFO | File: MO_F_ER16_2016_04_08_ModuleDescription_description.wav | WER=22.784810 | S=7 D=9 I=2
2026-01-21 21:35:41,947 | INFO | ------------------------------
2026-01-21 21:35:41,969 | INFO |  File duration: 165.51183673469387 seconds
2026-01-21 21:35:51,455 | INFO | Using rVAD model
2026-01-21 21:35:57,916 | INFO | Number of chunks: 20
2026-01-21 21:36:09,305 | INFO | Chunk: 0 | WER=0.000000 | S=0 D=0 I=0
2026-01-21 21:36:09,306 | INFO | Chunk: 1 | WER=0.000000 | S=0 D=0 I=0
2026-01-21 21:36:09,306 | INFO | Chunk: 2 | WER=14.814815 | S=4 D=0 I=0
2026-01-21 21:36:09,307 | INFO | Chunk: 3 | WER=0.000000 | S=0 D=0 I=0
2026-01-21 21:36:09,307 | INFO | Chunk: 4 | WER=16.666667 | S=0 D=0 I=1
2026-01-21 21:36:09,307 | INFO | Chunk: 5 | WER=33.333333 | S=1 D=0 I=0
2026-01-21 21:36:09,307 | INFO | Chunk: 7 | WER=4.347826 | S=0 D=0 I=1
2026-01-21 21:36:09,308 | INFO | Chunk: 8 | WER=16.666667 | S=1 D=1 I=0
2026-01-21 21:36:09,308 | INFO | Chunk: 9 | WER=5.555556 | S=1 D=0 I=0
2026-01-21 21:36:09,308 | INFO | Chunk: 10 | WER=0.000000 | S=0 D=0 I=0
2026-01-21 21:36:09,309 | INFO | Chunk: 11 | WER=16.666667 | S=0 D=2 I=0
2026-01-21 21:36:09,309 | INFO | Chunk: 12 | WER=0.000000 | S=0 D=0 I=0
2026-01-21 21:36:09,310 | INFO | Chunk: 13 | WER=0.000000 | S=0 D=0 I=0
2026-01-21 21:36:09,310 | INFO | Chunk: 14 | WER=10.000000 | S=1 D=0 I=0
2026-01-21 21:36:09,310 | INFO | Chunk: 15 | WER=0.000000 | S=0 D=0 I=0
2026-01-21 21:36:09,312 | INFO | Chunk: 16 | WER=47.916667 | S=18 D=1 I=4
2026-01-21 21:36:09,312 | INFO | Chunk: 17 | WER=22.727273 | S=1 D=4 I=0
2026-01-21 21:36:09,312 | INFO | Chunk: 18 | WER=0.000000 | S=0 D=0 I=0
2026-01-21 21:36:09,312 | INFO | Chunk: 19 | WER=25.000000 | S=1 D=0 I=0
2026-01-21 21:36:09,312 | INFO | ------------------------------
2026-01-21 21:36:09,312 | INFO | ------------------------------
2026-01-21 21:36:09,348 | INFO | File: MO_F_ER18_2016_04_08_ModuleDescription_description.wav | WER=12.913907 | S=32 D=4 I=3
2026-01-21 21:36:09,348 | INFO | ------------------------------
2026-01-21 21:36:09,349 | INFO |  File duration: 48.042086167800456 seconds
2026-01-21 21:36:12,125 | INFO | Using rVAD model
2026-01-21 21:36:13,992 | INFO | Number of chunks: 13
2026-01-21 21:36:17,121 | INFO | Chunk: 0 | WER=0.000000 | S=0 D=0 I=0
2026-01-21 21:36:17,121 | INFO | Chunk: 1 | WER=12.500000 | S=1 D=0 I=0
2026-01-21 21:36:17,121 | INFO | Chunk: 2 | WER=33.333333 | S=2 D=0 I=0
2026-01-21 21:36:17,121 | INFO | Chunk: 3 | WER=0.000000 | S=0 D=0 I=0
2026-01-21 21:36:17,121 | INFO | Chunk: 4 | WER=25.000000 | S=1 D=0 I=0
2026-01-21 21:36:17,122 | INFO | Chunk: 5 | WER=0.000000 | S=0 D=0 I=0
2026-01-21 21:36:17,122 | INFO | Chunk: 6 | WER=0.000000 | S=0 D=0 I=0
2026-01-21 21:36:17,122 | INFO | Chunk: 7 | WER=0.000000 | S=0 D=0 I=0
2026-01-21 21:36:17,122 | INFO | Chunk: 8 | WER=0.000000 | S=0 D=0 I=0
2026-01-21 21:36:17,122 | INFO | Chunk: 9 | WER=0.000000 | S=0 D=0 I=0
2026-01-21 21:36:17,122 | INFO | Chunk: 10 | WER=30.000000 | S=1 D=1 I=1
2026-01-21 21:36:17,123 | INFO | Chunk: 11 | WER=100.000000 | S=2 D=0 I=0
2026-01-21 21:36:17,123 | INFO | ------------------------------
2026-01-21 21:36:17,123 | INFO | ------------------------------
2026-01-21 21:36:17,127 | INFO | File: MO_F_ER19_2016_04_10_ModuleDescription_description.wav | WER=13.513514 | S=7 D=1 I=2
2026-01-21 21:36:17,127 | INFO | ------------------------------
2026-01-21 21:36:17,127 | INFO |  File duration: 37.70920634920635 seconds
2026-01-21 21:36:20,288 | INFO | Using rVAD model
2026-01-21 21:36:21,747 | INFO | Number of chunks: 2
2026-01-21 21:36:24,447 | INFO | Chunk: 0 | WER=54.205607 | S=12 D=44 I=2
2026-01-21 21:36:24,447 | INFO | Chunk: 1 | WER=87.500000 | S=11 D=3 I=0
2026-01-21 21:36:24,447 | INFO | ------------------------------
2026-01-21 21:36:24,447 | INFO | ------------------------------
2026-01-21 21:36:24,453 | INFO | File: MO_F_ER22_2016_04_12_ModuleDescription_description.wav | WER=58.536585 | S=25 D=46 I=1
2026-01-21 21:36:24,453 | INFO | ------------------------------
2026-01-21 21:36:24,474 | INFO |  File duration: 66.26975056689342 seconds
2026-01-21 21:36:27,979 | INFO | Using rVAD model
2026-01-21 21:36:30,536 | INFO | Number of chunks: 11
2026-01-21 21:36:35,093 | INFO | Chunk: 1 | WER=19.047619 | S=3 D=1 I=0
2026-01-21 21:36:35,094 | INFO | Chunk: 2 | WER=26.086957 | S=4 D=2 I=0
2026-01-21 21:36:35,095 | INFO | Chunk: 3 | WER=20.454545 | S=2 D=7 I=0
2026-01-21 21:36:35,095 | INFO | Chunk: 4 | WER=50.000000 | S=1 D=2 I=0
2026-01-21 21:36:35,095 | INFO | Chunk: 5 | WER=35.714286 | S=3 D=2 I=0
2026-01-21 21:36:35,096 | INFO | Chunk: 6 | WER=0.000000 | S=0 D=0 I=0
2026-01-21 21:36:35,096 | INFO | Chunk: 7 | WER=12.500000 | S=1 D=0 I=0
2026-01-21 21:36:35,096 | INFO | Chunk: 8 | WER=14.285714 | S=0 D=1 I=0
2026-01-21 21:36:35,096 | INFO | Chunk: 9 | WER=0.000000 | S=0 D=0 I=0
2026-01-21 21:36:35,096 | INFO | Chunk: 10 | WER=50.000000 | S=2 D=0 I=0
2026-01-21 21:36:35,096 | INFO | ------------------------------
2026-01-21 21:36:35,096 | INFO | ------------------------------
2026-01-21 21:36:35,106 | INFO | File: MO_F_ER26_2016_04_18_ModuleDescription_description.wav | WER=22.222222 | S=16 D=15 I=1
2026-01-21 21:36:35,106 | INFO | ------------------------------
2026-01-21 21:36:35,106 | INFO |  File duration: 82.38439909297053 seconds
2026-01-21 21:36:40,251 | INFO | Using rVAD model
2026-01-21 21:36:43,447 | INFO | Number of chunks: 14
2026-01-21 21:36:48,338 | INFO | Chunk: 0 | WER=0.000000 | S=0 D=0 I=0
2026-01-21 21:36:48,338 | INFO | Chunk: 1 | WER=0.000000 | S=0 D=0 I=0
2026-01-21 21:36:48,338 | INFO | Chunk: 2 | WER=0.000000 | S=0 D=0 I=0
2026-01-21 21:36:48,338 | INFO | Chunk: 3 | WER=0.000000 | S=0 D=0 I=0
2026-01-21 21:36:48,339 | INFO | Chunk: 4 | WER=81.818182 | S=5 D=3 I=1
2026-01-21 21:36:48,339 | INFO | Chunk: 5 | WER=0.000000 | S=0 D=0 I=0
2026-01-21 21:36:48,339 | INFO | Chunk: 6 | WER=14.285714 | S=2 D=0 I=0
2026-01-21 21:36:48,339 | INFO | Chunk: 7 | WER=33.333333 | S=2 D=0 I=0
2026-01-21 21:36:48,339 | INFO | Chunk: 8 | WER=0.000000 | S=0 D=0 I=0
2026-01-21 21:36:48,340 | INFO | Chunk: 9 | WER=7.692308 | S=1 D=0 I=0
2026-01-21 21:36:48,340 | INFO | Chunk: 10 | WER=33.333333 | S=0 D=2 I=0
2026-01-21 21:36:48,340 | INFO | Chunk: 11 | WER=8.333333 | S=1 D=0 I=0
2026-01-21 21:36:48,340 | INFO | Chunk: 12 | WER=75.000000 | S=1 D=0 I=2
2026-01-21 21:36:48,341 | INFO | Chunk: 13 | WER=11.111111 | S=1 D=1 I=0
2026-01-21 21:36:48,341 | INFO | ------------------------------
2026-01-21 21:36:48,341 | INFO | ------------------------------
2026-01-21 21:36:48,349 | INFO | File: MO_F_SD08_2016_04_22_ModuleDescription_description.wav | WER=17.322835 | S=13 D=6 I=3
2026-01-21 21:36:48,349 | INFO | ------------------------------
2026-01-21 21:36:48,372 | INFO |  File duration: 251.1238095238095 seconds
2026-01-21 21:37:04,028 | INFO | Using rVAD model
2026-01-21 21:37:14,027 | INFO | Number of chunks: 33
2026-01-21 21:37:31,502 | INFO | Chunk: 0 | WER=11.111111 | S=1 D=0 I=0
2026-01-21 21:37:31,502 | INFO | Chunk: 1 | WER=36.363636 | S=4 D=0 I=0
2026-01-21 21:37:31,503 | INFO | Chunk: 2 | WER=66.666667 | S=2 D=0 I=0
2026-01-21 21:37:31,503 | INFO | Chunk: 3 | WER=0.000000 | S=0 D=0 I=0
2026-01-21 21:37:31,503 | INFO | Chunk: 4 | WER=25.000000 | S=0 D=2 I=0
2026-01-21 21:37:31,504 | INFO | Chunk: 5 | WER=11.111111 | S=3 D=0 I=0
2026-01-21 21:37:31,504 | INFO | Chunk: 6 | WER=50.000000 | S=3 D=3 I=2
2026-01-21 21:37:31,504 | INFO | Chunk: 7 | WER=3.846154 | S=1 D=0 I=0
2026-01-21 21:37:31,505 | INFO | Chunk: 8 | WER=66.666667 | S=2 D=0 I=0
2026-01-21 21:37:31,505 | INFO | Chunk: 9 | WER=0.000000 | S=0 D=0 I=0
2026-01-21 21:37:31,505 | INFO | Chunk: 10 | WER=16.666667 | S=1 D=0 I=0
2026-01-21 21:37:31,505 | INFO | Chunk: 11 | WER=26.086957 | S=3 D=3 I=0
2026-01-21 21:37:31,506 | INFO | Chunk: 12 | WER=36.666667 | S=5 D=6 I=0
2026-01-21 21:37:31,507 | INFO | Chunk: 13 | WER=24.444444 | S=5 D=6 I=0
2026-01-21 21:37:31,507 | INFO | Chunk: 14 | WER=28.571429 | S=0 D=2 I=0
2026-01-21 21:37:31,508 | INFO | Chunk: 15 | WER=38.461538 | S=1 D=3 I=1
2026-01-21 21:37:31,508 | INFO | Chunk: 16 | WER=73.913043 | S=4 D=30 I=0
2026-01-21 21:37:31,508 | INFO | Chunk: 17 | WER=11.111111 | S=1 D=0 I=0
2026-01-21 21:37:31,509 | INFO | Chunk: 18 | WER=58.823529 | S=3 D=17 I=0
2026-01-21 21:37:31,510 | INFO | Chunk: 19 | WER=8.000000 | S=1 D=1 I=0
2026-01-21 21:37:31,510 | INFO | Chunk: 20 | WER=30.000000 | S=3 D=3 I=0
2026-01-21 21:37:31,510 | INFO | Chunk: 21 | WER=0.000000 | S=0 D=0 I=0
2026-01-21 21:37:31,510 | INFO | Chunk: 22 | WER=25.000000 | S=0 D=1 I=0
2026-01-21 21:37:31,511 | INFO | Chunk: 23 | WER=23.529412 | S=3 D=1 I=0
2026-01-21 21:37:31,512 | INFO | Chunk: 24 | WER=21.951220 | S=3 D=6 I=0
2026-01-21 21:37:31,512 | INFO | Chunk: 25 | WER=10.000000 | S=1 D=0 I=0
2026-01-21 21:37:31,512 | INFO | Chunk: 26 | WER=46.153846 | S=8 D=4 I=0
2026-01-21 21:37:31,513 | INFO | Chunk: 27 | WER=45.454545 | S=3 D=14 I=3
2026-01-21 21:37:31,514 | INFO | Chunk: 28 | WER=17.647059 | S=2 D=1 I=0
2026-01-21 21:37:31,514 | INFO | Chunk: 29 | WER=125.000000 | S=3 D=0 I=2
2026-01-21 21:37:31,514 | INFO | Chunk: 30 | WER=31.250000 | S=1 D=4 I=0
2026-01-21 21:37:31,514 | INFO | Chunk: 31 | WER=87.500000 | S=4 D=1 I=2
2026-01-21 21:37:31,514 | INFO | Chunk: 32 | WER=100.000000 | S=0 D=0 I=2
2026-01-21 21:37:31,514 | INFO | ------------------------------
2026-01-21 21:37:31,515 | INFO | ------------------------------
2026-01-21 21:37:31,620 | INFO | File: MO_F_SD12_2016_04_25_ModuleDescription_description.wav | WER=33.805310 | S=71 D=108 I=12
2026-01-21 21:37:31,620 | INFO | ------------------------------
2026-01-21 21:37:31,621 | INFO |  File duration: 73.53759637188209 seconds
2026-01-21 21:37:36,732 | INFO | Using rVAD model
2026-01-21 21:37:39,649 | INFO | Number of chunks: 9
2026-01-21 21:37:44,989 | INFO | Chunk: 0 | WER=0.000000 | S=0 D=0 I=0
2026-01-21 21:37:44,989 | INFO | Chunk: 1 | WER=18.750000 | S=1 D=2 I=0
2026-01-21 21:37:44,990 | INFO | Chunk: 2 | WER=23.529412 | S=3 D=1 I=0
2026-01-21 21:37:44,991 | INFO | Chunk: 3 | WER=21.052632 | S=2 D=8 I=2
2026-01-21 21:37:44,992 | INFO | Chunk: 4 | WER=0.000000 | S=0 D=0 I=0
2026-01-21 21:37:44,992 | INFO | Chunk: 5 | WER=0.000000 | S=0 D=0 I=0
2026-01-21 21:37:44,993 | INFO | Chunk: 6 | WER=12.500000 | S=1 D=0 I=1
2026-01-21 21:37:44,993 | INFO | Chunk: 7 | WER=0.000000 | S=0 D=0 I=0
2026-01-21 21:37:44,993 | INFO | ------------------------------
2026-01-21 21:37:44,993 | INFO | ------------------------------
2026-01-21 21:37:45,005 | INFO | File: MO_F_SD18_2016_05_02_ModuleDescription_description.wav | WER=13.253012 | S=7 D=11 I=4
2026-01-21 21:37:45,005 | INFO | ------------------------------
2026-01-21 21:37:45,006 | INFO |  File duration: 33.274195011337866 seconds
2026-01-21 21:37:47,688 | INFO | Using rVAD model
2026-01-21 21:37:48,979 | INFO | Number of chunks: 4
2026-01-21 21:37:51,612 | INFO | Chunk: 0 | WER=27.272727 | S=0 D=8 I=1
2026-01-21 21:37:51,613 | INFO | Chunk: 1 | WER=6.896552 | S=0 D=2 I=0
2026-01-21 21:37:51,614 | INFO | Chunk: 2 | WER=13.043478 | S=1 D=2 I=0
2026-01-21 21:37:51,614 | INFO | Chunk: 3 | WER=0.000000 | S=0 D=0 I=0
2026-01-21 21:37:51,614 | INFO | ------------------------------
2026-01-21 21:37:51,614 | INFO | ------------------------------
2026-01-21 21:37:51,618 | INFO | File: MO_F_SD19_2016_05_02_ModuleDescription_description.wav | WER=16.279070 | S=1 D=12 I=1
2026-01-21 21:37:51,618 | INFO | ------------------------------
2026-01-21 21:37:51,619 | INFO |  File duration: 52.964716553287985 seconds
2026-01-21 21:37:53,993 | INFO | Using rVAD model
2026-01-21 21:37:56,053 | INFO | Number of chunks: 13
2026-01-21 21:37:59,401 | INFO | Chunk: 0 | WER=0.000000 | S=0 D=0 I=0
2026-01-21 21:37:59,401 | INFO | Chunk: 1 | WER=33.333333 | S=1 D=1 I=0
2026-01-21 21:37:59,401 | INFO | Chunk: 2 | WER=0.000000 | S=0 D=0 I=0
2026-01-21 21:37:59,401 | INFO | Chunk: 3 | WER=14.285714 | S=0 D=0 I=1
2026-01-21 21:37:59,402 | INFO | Chunk: 4 | WER=11.111111 | S=1 D=0 I=0
2026-01-21 21:37:59,402 | INFO | Chunk: 5 | WER=25.000000 | S=0 D=0 I=1
2026-01-21 21:37:59,402 | INFO | Chunk: 6 | WER=28.571429 | S=2 D=0 I=0
2026-01-21 21:37:59,402 | INFO | Chunk: 7 | WER=100.000000 | S=2 D=0 I=0
2026-01-21 21:37:59,402 | INFO | Chunk: 8 | WER=0.000000 | S=0 D=0 I=0
2026-01-21 21:37:59,402 | INFO | Chunk: 9 | WER=0.000000 | S=0 D=0 I=0
2026-01-21 21:37:59,402 | INFO | Chunk: 10 | WER=22.222222 | S=1 D=1 I=0
2026-01-21 21:37:59,403 | INFO | Chunk: 11 | WER=0.000000 | S=0 D=0 I=0
2026-01-21 21:37:59,403 | INFO | Chunk: 12 | WER=15.384615 | S=1 D=0 I=1
2026-01-21 21:37:59,403 | INFO | ------------------------------
2026-01-21 21:37:59,403 | INFO | ------------------------------
2026-01-21 21:37:59,408 | INFO | File: MO_F_SD22_2016_05_03_ModuleDescription_description.wav | WER=15.662651 | S=8 D=2 I=3
2026-01-21 21:37:59,408 | INFO | ------------------------------
2026-01-21 21:37:59,408 | INFO |  File duration: 73.74657596371883 seconds
2026-01-21 21:38:03,882 | INFO | Using rVAD model
2026-01-21 21:38:06,751 | INFO | Number of chunks: 6
2026-01-21 21:38:11,889 | INFO | Chunk: 0 | WER=29.032258 | S=2 D=7 I=0
2026-01-21 21:38:11,890 | INFO | Chunk: 1 | WER=46.774194 | S=1 D=26 I=2
2026-01-21 21:38:11,891 | INFO | Chunk: 2 | WER=0.000000 | S=0 D=0 I=0
2026-01-21 21:38:11,892 | INFO | Chunk: 3 | WER=29.824561 | S=3 D=14 I=0
2026-01-21 21:38:11,892 | INFO | Chunk: 4 | WER=21.052632 | S=2 D=2 I=0
2026-01-21 21:38:11,893 | INFO | Chunk: 5 | WER=0.000000 | S=0 D=0 I=0
2026-01-21 21:38:11,893 | INFO | ------------------------------
2026-01-21 21:38:11,893 | INFO | ------------------------------
2026-01-21 21:38:11,905 | INFO | File: MO_F_SD24_2016_05_03_ModuleDescription_description.wav | WER=31.720430 | S=8 D=49 I=2
2026-01-21 21:38:11,905 | INFO | ------------------------------
2026-01-21 21:38:11,924 | INFO |  File duration: 92.39219954648526 seconds
2026-01-21 21:38:16,681 | INFO | Using rVAD model
2026-01-21 21:38:20,292 | INFO | Number of chunks: 15
2026-01-21 21:38:26,421 | INFO | Chunk: 0 | WER=39.130435 | S=2 D=7 I=0
2026-01-21 21:38:26,421 | INFO | Chunk: 1 | WER=30.000000 | S=4 D=2 I=0
2026-01-21 21:38:26,422 | INFO | Chunk: 2 | WER=0.000000 | S=0 D=0 I=0
2026-01-21 21:38:26,422 | INFO | Chunk: 3 | WER=12.000000 | S=1 D=2 I=0
2026-01-21 21:38:26,423 | INFO | Chunk: 4 | WER=0.000000 | S=0 D=0 I=0
2026-01-21 21:38:26,423 | INFO | Chunk: 5 | WER=15.789474 | S=1 D=2 I=0
2026-01-21 21:38:26,423 | INFO | Chunk: 6 | WER=12.500000 | S=0 D=1 I=0
2026-01-21 21:38:26,423 | INFO | Chunk: 7 | WER=20.000000 | S=1 D=0 I=0
2026-01-21 21:38:26,423 | INFO | Chunk: 8 | WER=40.000000 | S=1 D=0 I=1
2026-01-21 21:38:26,424 | INFO | Chunk: 9 | WER=50.000000 | S=2 D=1 I=0
2026-01-21 21:38:26,424 | INFO | Chunk: 10 | WER=25.000000 | S=1 D=0 I=0
2026-01-21 21:38:26,424 | INFO | Chunk: 11 | WER=34.782609 | S=4 D=3 I=1
2026-01-21 21:38:26,424 | INFO | Chunk: 12 | WER=41.666667 | S=0 D=5 I=0
2026-01-21 21:38:26,425 | INFO | Chunk: 13 | WER=11.111111 | S=1 D=0 I=0
2026-01-21 21:38:26,425 | INFO | Chunk: 14 | WER=0.000000 | S=0 D=0 I=0
2026-01-21 21:38:26,425 | INFO | ------------------------------
2026-01-21 21:38:26,425 | INFO | ------------------------------
2026-01-21 21:38:26,439 | INFO | File: MO_F_SD28_2016_05_20_ModuleDescription_description.wav | WER=23.118280 | S=18 D=23 I=2
2026-01-21 21:38:26,439 | INFO | ------------------------------
2026-01-21 21:38:26,454 | INFO |  File duration: 117.0053514739229 seconds
2026-01-21 21:38:32,333 | INFO | Using rVAD model
2026-01-21 21:38:36,958 | INFO | Number of chunks: 19
2026-01-21 21:38:43,131 | INFO | Chunk: 0 | WER=0.000000 | S=0 D=0 I=0
2026-01-21 21:38:43,131 | INFO | Chunk: 1 | WER=0.000000 | S=0 D=0 I=0
2026-01-21 21:38:43,131 | INFO | Chunk: 2 | WER=0.000000 | S=0 D=0 I=0
2026-01-21 21:38:43,132 | INFO | Chunk: 3 | WER=30.769231 | S=6 D=2 I=0
2026-01-21 21:38:43,132 | INFO | Chunk: 4 | WER=0.000000 | S=0 D=0 I=0
2026-01-21 21:38:43,132 | INFO | Chunk: 5 | WER=33.333333 | S=1 D=0 I=1
2026-01-21 21:38:43,132 | INFO | Chunk: 6 | WER=64.285714 | S=0 D=17 I=1
2026-01-21 21:38:43,133 | INFO | Chunk: 8 | WER=35.714286 | S=2 D=3 I=0
2026-01-21 21:38:43,133 | INFO | Chunk: 9 | WER=33.333333 | S=1 D=0 I=0
2026-01-21 21:38:43,133 | INFO | Chunk: 10 | WER=11.111111 | S=1 D=0 I=0
2026-01-21 21:38:43,133 | INFO | Chunk: 11 | WER=0.000000 | S=0 D=0 I=0
2026-01-21 21:38:43,133 | INFO | Chunk: 12 | WER=0.000000 | S=0 D=0 I=0
2026-01-21 21:38:43,134 | INFO | Chunk: 13 | WER=20.000000 | S=0 D=1 I=1
2026-01-21 21:38:43,134 | INFO | Chunk: 14 | WER=20.000000 | S=0 D=0 I=1
2026-01-21 21:38:43,134 | INFO | Chunk: 15 | WER=85.714286 | S=3 D=2 I=1
2026-01-21 21:38:43,134 | INFO | Chunk: 16 | WER=0.000000 | S=0 D=0 I=0
2026-01-21 21:38:43,134 | INFO | Chunk: 17 | WER=0.000000 | S=0 D=0 I=0
2026-01-21 21:38:43,135 | INFO | Chunk: 18 | WER=12.500000 | S=1 D=0 I=0
2026-01-21 21:38:43,135 | INFO | ------------------------------
2026-01-21 21:38:43,135 | INFO | ------------------------------
2026-01-21 21:38:43,147 | INFO | File: MO_F_SD32_2016_06_16_ModuleDescription_description.wav | WER=26.190476 | S=17 D=23 I=4
2026-01-21 21:38:43,147 | INFO | ------------------------------
2026-01-21 21:38:43,147 | INFO |  File duration: 299.5374149659864 seconds
2026-01-21 21:38:58,296 | INFO | Using rVAD model
2026-01-21 21:39:10,435 | INFO | Number of chunks: 52
2026-01-21 21:39:30,782 | INFO | Chunk: 0 | WER=33.333333 | S=4 D=2 I=0
2026-01-21 21:39:30,783 | INFO | Chunk: 1 | WER=65.909091 | S=2 D=27 I=0
2026-01-21 21:39:30,784 | INFO | Chunk: 2 | WER=84.070796 | S=0 D=95 I=0
2026-01-21 21:39:30,784 | INFO | Chunk: 3 | WER=9.090909 | S=0 D=1 I=0
2026-01-21 21:39:30,785 | INFO | Chunk: 4 | WER=10.344828 | S=0 D=3 I=0
2026-01-21 21:39:30,785 | INFO | Chunk: 5 | WER=17.647059 | S=1 D=2 I=0
2026-01-21 21:39:30,785 | INFO | Chunk: 6 | WER=14.285714 | S=0 D=0 I=1
2026-01-21 21:39:30,786 | INFO | Chunk: 7 | WER=22.222222 | S=1 D=6 I=1
2026-01-21 21:39:30,787 | INFO | Chunk: 8 | WER=19.047619 | S=2 D=0 I=2
2026-01-21 21:39:30,787 | INFO | Chunk: 9 | WER=33.333333 | S=2 D=2 I=0
2026-01-21 21:39:30,787 | INFO | Chunk: 11 | WER=60.000000 | S=2 D=0 I=4
2026-01-21 21:39:30,787 | INFO | Chunk: 12 | WER=175.000000 | S=0 D=0 I=7
2026-01-21 21:39:30,788 | INFO | Chunk: 13 | WER=71.428571 | S=2 D=3 I=0
2026-01-21 21:39:30,788 | INFO | Chunk: 14 | WER=150.000000 | S=2 D=0 I=1
2026-01-21 21:39:30,788 | INFO | Chunk: 15 | WER=0.000000 | S=0 D=0 I=0
2026-01-21 21:39:30,788 | INFO | Chunk: 16 | WER=0.000000 | S=0 D=0 I=0
2026-01-21 21:39:30,788 | INFO | Chunk: 17 | WER=0.000000 | S=0 D=0 I=0
2026-01-21 21:39:30,788 | INFO | Chunk: 18 | WER=40.000000 | S=5 D=2 I=1
2026-01-21 21:39:30,789 | INFO | Chunk: 19 | WER=63.636364 | S=3 D=4 I=0
2026-01-21 21:39:30,789 | INFO | Chunk: 20 | WER=27.272727 | S=2 D=1 I=0
2026-01-21 21:39:30,789 | INFO | Chunk: 21 | WER=100.000000 | S=3 D=3 I=0
2026-01-21 21:39:30,789 | INFO | Chunk: 22 | WER=57.142857 | S=2 D=0 I=2
2026-01-21 21:39:30,789 | INFO | Chunk: 23 | WER=100.000000 | S=3 D=2 I=0
2026-01-21 21:39:30,790 | INFO | Chunk: 24 | WER=43.750000 | S=8 D=5 I=1
2026-01-21 21:39:30,790 | INFO | Chunk: 25 | WER=8.333333 | S=0 D=1 I=0
2026-01-21 21:39:30,790 | INFO | Chunk: 26 | WER=40.000000 | S=2 D=0 I=0
2026-01-21 21:39:30,791 | INFO | Chunk: 27 | WER=22.222222 | S=1 D=1 I=0
2026-01-21 21:39:30,791 | INFO | Chunk: 29 | WER=47.368421 | S=3 D=5 I=1
2026-01-21 21:39:30,791 | INFO | Chunk: 30 | WER=28.571429 | S=2 D=0 I=0
2026-01-21 21:39:30,791 | INFO | Chunk: 31 | WER=40.000000 | S=2 D=1 I=1
2026-01-21 21:39:30,792 | INFO | Chunk: 32 | WER=0.000000 | S=0 D=0 I=0
2026-01-21 21:39:30,792 | INFO | Chunk: 33 | WER=57.142857 | S=5 D=7 I=0
2026-01-21 21:39:30,792 | INFO | Chunk: 34 | WER=6.666667 | S=1 D=0 I=0
2026-01-21 21:39:30,793 | INFO | Chunk: 35 | WER=0.000000 | S=0 D=0 I=0
2026-01-21 21:39:30,793 | INFO | Chunk: 36 | WER=0.000000 | S=0 D=0 I=0
2026-01-21 21:39:30,793 | INFO | Chunk: 37 | WER=25.000000 | S=2 D=3 I=0
2026-01-21 21:39:30,793 | INFO | Chunk: 38 | WER=0.000000 | S=0 D=0 I=0
2026-01-21 21:39:30,794 | INFO | Chunk: 39 | WER=28.571429 | S=1 D=1 I=4
2026-01-21 21:39:30,794 | INFO | Chunk: 40 | WER=91.666667 | S=2 D=2 I=7
2026-01-21 21:39:30,794 | INFO | Chunk: 41 | WER=55.555556 | S=4 D=1 I=0
2026-01-21 21:39:30,794 | INFO | Chunk: 42 | WER=0.000000 | S=0 D=0 I=0
2026-01-21 21:39:30,795 | INFO | Chunk: 43 | WER=20.000000 | S=3 D=0 I=0
2026-01-21 21:39:30,795 | INFO | Chunk: 44 | WER=25.000000 | S=1 D=0 I=1
2026-01-21 21:39:30,795 | INFO | Chunk: 45 | WER=0.000000 | S=0 D=0 I=0
2026-01-21 21:39:30,795 | INFO | Chunk: 48 | WER=0.000000 | S=0 D=0 I=0
2026-01-21 21:39:30,796 | INFO | Chunk: 49 | WER=33.333333 | S=2 D=1 I=0
2026-01-21 21:39:30,796 | INFO | Chunk: 50 | WER=30.769231 | S=1 D=2 I=1
2026-01-21 21:39:30,796 | INFO | Chunk: 51 | WER=100.000000 | S=2 D=1 I=0
2026-01-21 21:39:30,796 | INFO | ------------------------------
2026-01-21 21:39:30,796 | INFO | ------------------------------
2026-01-21 21:39:30,948 | INFO | File: MO_F_SD33_2016_06_22_ModuleDescription_description.wav | WER=42.836469 | S=85 D=178 I=33
2026-01-21 21:39:30,948 | INFO | ------------------------------
2026-01-21 21:39:30,949 | INFO |  File duration: 81.36272108843538 seconds
2026-01-21 21:39:35,437 | INFO | Using rVAD model
2026-01-21 21:39:38,679 | INFO | Number of chunks: 6
2026-01-21 21:39:42,947 | INFO | Chunk: 0 | WER=85.436893 | S=1 D=87 I=0
2026-01-21 21:39:42,948 | INFO | Chunk: 1 | WER=50.000000 | S=5 D=2 I=0
2026-01-21 21:39:42,948 | INFO | Chunk: 2 | WER=85.714286 | S=1 D=47 I=0
2026-01-21 21:39:42,950 | INFO | Chunk: 3 | WER=31.818182 | S=8 D=6 I=0
2026-01-21 21:39:42,951 | INFO | Chunk: 4 | WER=33.333333 | S=1 D=14 I=0
2026-01-21 21:39:42,951 | INFO | Chunk: 5 | WER=100.000000 | S=1 D=0 I=0
2026-01-21 21:39:42,951 | INFO | ------------------------------
2026-01-21 21:39:42,951 | INFO | ------------------------------
2026-01-21 21:39:42,965 | INFO | File: MO_F_SD35_2016_06_23_ModuleDescription_description.wav | WER=65.779468 | S=17 D=156 I=0
2026-01-21 21:39:42,965 | INFO | ------------------------------
2026-01-21 21:39:42,965 | INFO |  File duration: 90.9990022675737 seconds
2026-01-21 21:39:49,909 | INFO | Using rVAD model
2026-01-21 21:39:53,460 | INFO | Number of chunks: 10
2026-01-21 21:39:59,526 | INFO | Chunk: 0 | WER=54.098361 | S=4 D=26 I=3
2026-01-21 21:39:59,526 | INFO | Chunk: 1 | WER=13.333333 | S=1 D=1 I=0
2026-01-21 21:39:59,527 | INFO | Chunk: 2 | WER=31.250000 | S=3 D=1 I=1
2026-01-21 21:39:59,527 | INFO | Chunk: 3 | WER=0.000000 | S=0 D=0 I=0
2026-01-21 21:39:59,528 | INFO | Chunk: 4 | WER=10.526316 | S=2 D=2 I=0
2026-01-21 21:39:59,528 | INFO | Chunk: 5 | WER=11.111111 | S=2 D=0 I=0
2026-01-21 21:39:59,528 | INFO | Chunk: 6 | WER=0.000000 | S=0 D=0 I=0
2026-01-21 21:39:59,529 | INFO | Chunk: 7 | WER=4.000000 | S=1 D=0 I=0
2026-01-21 21:39:59,529 | INFO | Chunk: 8 | WER=53.846154 | S=1 D=6 I=0
2026-01-21 21:39:59,529 | INFO | Chunk: 9 | WER=100.000000 | S=1 D=0 I=0
2026-01-21 21:39:59,529 | INFO | ------------------------------
2026-01-21 21:39:59,529 | INFO | ------------------------------
2026-01-21 21:39:59,543 | INFO | File: MO_F_SD38_2016_06_28_ModuleDescription_description.wav | WER=27.835052 | S=14 D=36 I=4
2026-01-21 21:39:59,543 | INFO | ------------------------------
2026-01-21 21:39:59,544 | INFO |  File duration: 41.98167800453515 seconds
2026-01-21 21:40:02,032 | INFO | Using rVAD model
2026-01-21 21:40:03,677 | INFO | Number of chunks: 6
2026-01-21 21:40:07,048 | INFO | Chunk: 0 | WER=10.000000 | S=0 D=1 I=0
2026-01-21 21:40:07,048 | INFO | Chunk: 1 | WER=3.030303 | S=1 D=0 I=0
2026-01-21 21:40:07,049 | INFO | Chunk: 2 | WER=0.000000 | S=0 D=0 I=0
2026-01-21 21:40:07,049 | INFO | Chunk: 3 | WER=9.090909 | S=1 D=0 I=0
2026-01-21 21:40:07,050 | INFO | Chunk: 4 | WER=11.764706 | S=1 D=3 I=0
2026-01-21 21:40:07,050 | INFO | ------------------------------
2026-01-21 21:40:07,050 | INFO | ------------------------------
2026-01-21 21:40:07,055 | INFO | File: MO_H_AV10_2016_04_15_ModuleDescription_description.wav | WER=8.510638 | S=5 D=2 I=1
2026-01-21 21:40:07,055 | INFO | ------------------------------
2026-01-21 21:40:07,071 | INFO |  File duration: 39.450702947845805 seconds
2026-01-21 21:40:09,879 | INFO | Using rVAD model
2026-01-21 21:40:11,413 | INFO | Number of chunks: 7
2026-01-21 21:40:14,074 | INFO | Chunk: 0 | WER=0.000000 | S=0 D=0 I=0
2026-01-21 21:40:14,074 | INFO | Chunk: 1 | WER=20.000000 | S=1 D=0 I=0
2026-01-21 21:40:14,075 | INFO | Chunk: 2 | WER=20.000000 | S=3 D=0 I=0
2026-01-21 21:40:14,075 | INFO | Chunk: 3 | WER=0.000000 | S=0 D=0 I=0
2026-01-21 21:40:14,076 | INFO | Chunk: 4 | WER=0.000000 | S=0 D=0 I=0
2026-01-21 21:40:14,076 | INFO | Chunk: 5 | WER=50.000000 | S=4 D=1 I=0
2026-01-21 21:40:14,076 | INFO | Chunk: 6 | WER=60.000000 | S=1 D=2 I=0
2026-01-21 21:40:14,076 | INFO | ------------------------------
2026-01-21 21:40:14,076 | INFO | ------------------------------
2026-01-21 21:40:14,080 | INFO | File: MO_H_AV18_2016_04_18_ModuleDescription_description.wav | WER=15.789474 | S=9 D=3 I=0
2026-01-21 21:40:14,080 | INFO | ------------------------------
2026-01-21 21:40:14,081 | INFO |  File duration: 44.860952380952384 seconds
2026-01-21 21:40:15,916 | INFO | Using rVAD model
2026-01-21 21:40:17,667 | INFO | Number of chunks: 10
2026-01-21 21:40:20,343 | INFO | Chunk: 0 | WER=25.000000 | S=1 D=1 I=0
2026-01-21 21:40:20,344 | INFO | Chunk: 1 | WER=0.000000 | S=0 D=0 I=0
2026-01-21 21:40:20,344 | INFO | Chunk: 2 | WER=100.000000 | S=2 D=0 I=0
2026-01-21 21:40:20,344 | INFO | Chunk: 3 | WER=66.666667 | S=2 D=0 I=0
2026-01-21 21:40:20,344 | INFO | Chunk: 4 | WER=75.000000 | S=2 D=1 I=0
2026-01-21 21:40:20,344 | INFO | Chunk: 5 | WER=0.000000 | S=0 D=0 I=0
2026-01-21 21:40:20,344 | INFO | Chunk: 6 | WER=29.411765 | S=2 D=1 I=2
2026-01-21 21:40:20,345 | INFO | Chunk: 7 | WER=25.000000 | S=2 D=0 I=0
2026-01-21 21:40:20,345 | INFO | Chunk: 8 | WER=88.888889 | S=4 D=4 I=0
2026-01-21 21:40:20,345 | INFO | Chunk: 9 | WER=50.000000 | S=2 D=1 I=0
2026-01-21 21:40:20,345 | INFO | ------------------------------
2026-01-21 21:40:20,345 | INFO | ------------------------------
2026-01-21 21:40:20,349 | INFO | File: MO_H_AV19_2016_04_18_ModuleDescription_description.wav | WER=37.500000 | S=17 D=8 I=2
2026-01-21 21:40:20,349 | INFO | ------------------------------
2026-01-21 21:40:20,349 | INFO |  File duration: 76.74195011337868 seconds
2026-01-21 21:40:26,698 | INFO | Using rVAD model
2026-01-21 21:40:29,702 | INFO | Number of chunks: 7
2026-01-21 21:40:35,214 | INFO | Chunk: 0 | WER=29.824561 | S=8 D=7 I=2
2026-01-21 21:40:35,215 | INFO | Chunk: 1 | WER=6.451613 | S=1 D=1 I=0
2026-01-21 21:40:35,216 | INFO | Chunk: 2 | WER=10.000000 | S=1 D=1 I=0
2026-01-21 21:40:35,216 | INFO | Chunk: 3 | WER=16.666667 | S=1 D=0 I=0
2026-01-21 21:40:35,216 | INFO | Chunk: 4 | WER=37.500000 | S=1 D=3 I=2
2026-01-21 21:40:35,216 | INFO | Chunk: 5 | WER=50.000000 | S=2 D=1 I=0
2026-01-21 21:40:35,217 | INFO | Chunk: 6 | WER=23.529412 | S=3 D=0 I=1
2026-01-21 21:40:35,217 | INFO | ------------------------------
2026-01-21 21:40:35,217 | INFO | ------------------------------
2026-01-21 21:40:35,227 | INFO | File: MO_H_AV22_2016_04_19_ModuleDescription_description.wav | WER=22.222222 | S=16 D=13 I=5
2026-01-21 21:40:35,227 | INFO | ------------------------------
2026-01-21 21:40:35,245 | INFO |  File duration: 109.3427664399093 seconds
2026-01-21 21:40:43,313 | INFO | Using rVAD model
2026-01-21 21:40:47,686 | INFO | Number of chunks: 14
2026-01-21 21:40:56,148 | INFO | Chunk: 0 | WER=38.888889 | S=4 D=3 I=0
2026-01-21 21:40:56,149 | INFO | Chunk: 1 | WER=28.571429 | S=4 D=6 I=2
2026-01-21 21:40:56,150 | INFO | Chunk: 2 | WER=16.129032 | S=2 D=1 I=2
2026-01-21 21:40:56,150 | INFO | Chunk: 3 | WER=14.285714 | S=1 D=0 I=0
2026-01-21 21:40:56,150 | INFO | Chunk: 4 | WER=17.391304 | S=2 D=0 I=2
2026-01-21 21:40:56,151 | INFO | Chunk: 5 | WER=19.047619 | S=3 D=1 I=0
2026-01-21 21:40:56,151 | INFO | Chunk: 6 | WER=27.272727 | S=2 D=1 I=0
2026-01-21 21:40:56,152 | INFO | Chunk: 7 | WER=9.090909 | S=0 D=1 I=1
2026-01-21 21:40:56,152 | INFO | Chunk: 8 | WER=0.000000 | S=0 D=0 I=0
2026-01-21 21:40:56,152 | INFO | Chunk: 9 | WER=33.333333 | S=3 D=0 I=0
2026-01-21 21:40:56,152 | INFO | Chunk: 10 | WER=50.000000 | S=0 D=0 I=1
2026-01-21 21:40:56,152 | INFO | Chunk: 11 | WER=20.000000 | S=1 D=1 I=0
2026-01-21 21:40:56,152 | INFO | Chunk: 12 | WER=0.000000 | S=0 D=0 I=0
2026-01-21 21:40:56,153 | INFO | Chunk: 13 | WER=4.347826 | S=0 D=0 I=1
2026-01-21 21:40:56,153 | INFO | ------------------------------
2026-01-21 21:40:56,153 | INFO | ------------------------------
2026-01-21 21:40:56,174 | INFO | File: MO_H_AV22_2016_06_09_ModuleDescription_description.wav | WER=19.823789 | S=22 D=14 I=9
2026-01-21 21:40:56,174 | INFO | ------------------------------
2026-01-21 21:40:56,175 | INFO |  File duration: 31.346938775510203 seconds
2026-01-21 21:40:58,696 | INFO | Using rVAD model
2026-01-21 21:40:59,891 | INFO | Number of chunks: 2
2026-01-21 21:41:02,644 | INFO | Chunk: 0 | WER=31.707317 | S=5 D=8 I=0
2026-01-21 21:41:02,645 | INFO | Chunk: 1 | WER=4.545455 | S=2 D=0 I=0
2026-01-21 21:41:02,645 | INFO | ------------------------------
2026-01-21 21:41:02,645 | INFO | ------------------------------
2026-01-21 21:41:02,650 | INFO | File: MO_H_AV24_2016_05_14_ModuleDescription_description.wav | WER=17.647059 | S=7 D=8 I=0
2026-01-21 21:41:02,650 | INFO | ------------------------------
2026-01-21 21:41:02,666 | INFO |  File duration: 61.37034013605442 seconds
2026-01-21 21:41:05,382 | INFO | Using rVAD model
2026-01-21 21:41:07,778 | INFO | Number of chunks: 13
2026-01-21 21:41:11,962 | INFO | Chunk: 0 | WER=100.000000 | S=1 D=0 I=0
2026-01-21 21:41:11,962 | INFO | Chunk: 1 | WER=200.000000 | S=1 D=0 I=1
2026-01-21 21:41:11,962 | INFO | Chunk: 2 | WER=0.000000 | S=0 D=0 I=0
2026-01-21 21:41:11,962 | INFO | Chunk: 3 | WER=25.000000 | S=0 D=2 I=0
2026-01-21 21:41:11,963 | INFO | Chunk: 5 | WER=6.060606 | S=1 D=1 I=0
2026-01-21 21:41:11,963 | INFO | Chunk: 6 | WER=47.058824 | S=2 D=6 I=0
2026-01-21 21:41:11,964 | INFO | Chunk: 7 | WER=15.384615 | S=2 D=0 I=0
2026-01-21 21:41:11,964 | INFO | Chunk: 8 | WER=0.000000 | S=0 D=0 I=0
2026-01-21 21:41:11,964 | INFO | Chunk: 9 | WER=16.666667 | S=2 D=0 I=0
2026-01-21 21:41:11,964 | INFO | Chunk: 10 | WER=28.571429 | S=2 D=0 I=0
2026-01-21 21:41:11,964 | INFO | Chunk: 11 | WER=0.000000 | S=0 D=0 I=0
2026-01-21 21:41:11,964 | INFO | Chunk: 12 | WER=20.000000 | S=0 D=0 I=1
2026-01-21 21:41:11,964 | INFO | ------------------------------
2026-01-21 21:41:11,964 | INFO | ------------------------------
2026-01-21 21:41:11,971 | INFO | File: MO_H_AV30_2016_06_05_ModuleDescription_description.wav | WER=20.560748 | S=12 D=8 I=2
2026-01-21 21:41:11,971 | INFO | ------------------------------
2026-01-21 21:41:11,971 | INFO |  File duration: 47.972426303854874 seconds
2026-01-21 21:41:14,397 | INFO | Using rVAD model
2026-01-21 21:41:16,268 | INFO | Number of chunks: 4
2026-01-21 21:41:19,030 | INFO | Chunk: 1 | WER=16.216216 | S=4 D=2 I=0
2026-01-21 21:41:19,031 | INFO | Chunk: 2 | WER=0.000000 | S=0 D=0 I=0
2026-01-21 21:41:19,032 | INFO | Chunk: 3 | WER=72.839506 | S=2 D=57 I=0
2026-01-21 21:41:19,032 | INFO | ------------------------------
2026-01-21 21:41:19,032 | INFO | ------------------------------
2026-01-21 21:41:19,038 | INFO | File: MO_H_AV33_2016_06_06_ModuleDescription_description.wav | WER=51.515152 | S=7 D=58 I=3
2026-01-21 21:41:19,038 | INFO | ------------------------------
2026-01-21 21:41:19,039 | INFO |  File duration: 36.6875283446712 seconds
2026-01-21 21:41:21,481 | INFO | Using rVAD model
2026-01-21 21:41:22,902 | INFO | Number of chunks: 3
2026-01-21 21:41:25,101 | INFO | Chunk: 0 | WER=71.428571 | S=2 D=47 I=1
2026-01-21 21:41:25,102 | INFO | Chunk: 1 | WER=0.000000 | S=0 D=0 I=0
2026-01-21 21:41:25,102 | INFO | Chunk: 2 | WER=12.903226 | S=1 D=3 I=0
2026-01-21 21:41:25,102 | INFO | ------------------------------
2026-01-21 21:41:25,102 | INFO | ------------------------------
2026-01-21 21:41:25,107 | INFO | File: MO_H_AV37_2016_06_08_ModuleDescription_description.wav | WER=49.090909 | S=3 D=50 I=1
2026-01-21 21:41:25,107 | INFO | ------------------------------
2026-01-21 21:41:25,108 | INFO |  File duration: 33.065215419501136 seconds
2026-01-21 21:41:27,667 | INFO | Using rVAD model
2026-01-21 21:41:28,928 | INFO | Number of chunks: 2
2026-01-21 21:41:31,014 | INFO | Chunk: 0 | WER=52.727273 | S=8 D=21 I=0
2026-01-21 21:41:31,015 | INFO | Chunk: 1 | WER=35.000000 | S=5 D=0 I=2
2026-01-21 21:41:31,015 | INFO | ------------------------------
2026-01-21 21:41:31,015 | INFO | ------------------------------
2026-01-21 21:41:31,018 | INFO | File: MO_H_AV38_2016_06_10_ModuleDescription_description.wav | WER=48.000000 | S=13 D=21 I=2
2026-01-21 21:41:31,018 | INFO | ------------------------------
2026-01-21 21:41:31,039 | INFO |  File duration: 66.20009070294785 seconds
2026-01-21 21:41:33,849 | INFO | Using rVAD model
2026-01-21 21:41:36,434 | INFO | Number of chunks: 4
2026-01-21 21:41:38,016 | INFO | Chunk: 0 | WER=100.000000 | S=3 D=51 I=0
2026-01-21 21:41:38,017 | INFO | Chunk: 1 | WER=62.295082 | S=1 D=37 I=0
2026-01-21 21:41:38,017 | INFO | Chunk: 2 | WER=0.000000 | S=0 D=0 I=0
2026-01-21 21:41:38,018 | INFO | Chunk: 3 | WER=200.000000 | S=1 D=0 I=1
2026-01-21 21:41:38,018 | INFO | ------------------------------
2026-01-21 21:41:38,018 | INFO | ------------------------------
2026-01-21 21:41:38,022 | INFO | File: MO_H_ER09_2016_04_07_ModuleDescription_description.wav | WER=74.015748 | S=5 D=88 I=1
2026-01-21 21:41:38,022 | INFO | ------------------------------
2026-01-21 21:41:38,023 | INFO |  File duration: 56.447709750566894 seconds
2026-01-21 21:41:41,267 | INFO | Using rVAD model
2026-01-21 21:41:43,470 | INFO | Number of chunks: 3
2026-01-21 21:41:45,229 | INFO | Chunk: 0 | WER=14.285714 | S=1 D=0 I=0
2026-01-21 21:41:45,230 | INFO | Chunk: 1 | WER=83.050847 | S=1 D=48 I=0
2026-01-21 21:41:45,231 | INFO | Chunk: 2 | WER=56.451613 | S=0 D=35 I=0
2026-01-21 21:41:45,231 | INFO | ------------------------------
2026-01-21 21:41:45,231 | INFO | ------------------------------
2026-01-21 21:41:45,235 | INFO | File: MO_H_ER09_2016_06_08_ModuleDescription_description.wav | WER=66.406250 | S=2 D=83 I=0
2026-01-21 21:41:45,235 | INFO | ------------------------------
2026-01-21 21:41:45,236 | INFO |  File duration: 65.57315192743764 seconds
2026-01-21 21:41:48,604 | INFO | Using rVAD model
2026-01-21 21:41:51,172 | INFO | Number of chunks: 12
2026-01-21 21:41:55,735 | INFO | Chunk: 0 | WER=33.333333 | S=0 D=2 I=0
2026-01-21 21:41:55,735 | INFO | Chunk: 1 | WER=35.294118 | S=5 D=1 I=0
2026-01-21 21:41:55,736 | INFO | Chunk: 2 | WER=63.829787 | S=0 D=29 I=1
2026-01-21 21:41:55,737 | INFO | Chunk: 3 | WER=23.809524 | S=3 D=1 I=1
2026-01-21 21:41:55,737 | INFO | Chunk: 4 | WER=0.000000 | S=0 D=0 I=0
2026-01-21 21:41:55,737 | INFO | Chunk: 5 | WER=17.647059 | S=2 D=1 I=0
2026-01-21 21:41:55,738 | INFO | Chunk: 6 | WER=16.666667 | S=2 D=0 I=0
2026-01-21 21:41:55,738 | INFO | Chunk: 7 | WER=166.666667 | S=3 D=0 I=2
2026-01-21 21:41:55,738 | INFO | Chunk: 8 | WER=0.000000 | S=0 D=0 I=0
2026-01-21 21:41:55,738 | INFO | Chunk: 9 | WER=25.000000 | S=1 D=0 I=1
2026-01-21 21:41:55,739 | INFO | Chunk: 10 | WER=0.000000 | S=0 D=0 I=0
2026-01-21 21:41:55,739 | INFO | Chunk: 11 | WER=0.000000 | S=0 D=0 I=0
2026-01-21 21:41:55,739 | INFO | ------------------------------
2026-01-21 21:41:55,739 | INFO | ------------------------------
2026-01-21 21:41:55,749 | INFO | File: MO_H_ER17_2016_04_08_ModuleDescription_description.wav | WER=33.121019 | S=15 D=33 I=4
2026-01-21 21:41:55,749 | INFO | ------------------------------
2026-01-21 21:41:55,749 | INFO |  File duration: 67.17532879818594 seconds
2026-01-21 21:42:00,552 | INFO | Using rVAD model
2026-01-21 21:42:03,207 | INFO | Number of chunks: 4
2026-01-21 21:42:06,129 | INFO | Chunk: 0 | WER=86.567164 | S=1 D=57 I=0
2026-01-21 21:42:06,131 | INFO | Chunk: 1 | WER=46.875000 | S=4 D=25 I=1
2026-01-21 21:42:06,131 | INFO | Chunk: 2 | WER=3.703704 | S=1 D=0 I=0
2026-01-21 21:42:06,131 | INFO | Chunk: 3 | WER=0.000000 | S=0 D=0 I=0
2026-01-21 21:42:06,132 | INFO | ------------------------------
2026-01-21 21:42:06,132 | INFO | ------------------------------
2026-01-21 21:42:06,139 | INFO | File: MO_H_ER23_2016_04_14_ModuleDescription_description.wav | WER=54.938272 | S=6 D=82 I=1
2026-01-21 21:42:06,139 | INFO | ------------------------------
2026-01-21 21:42:06,157 | INFO |  File duration: 91.9742403628118 seconds
2026-01-21 21:42:11,112 | INFO | Using rVAD model
2026-01-21 21:42:14,655 | INFO | Number of chunks: 8
2026-01-21 21:42:19,494 | INFO | Chunk: 0 | WER=25.000000 | S=3 D=8 I=0
2026-01-21 21:42:19,494 | INFO | Chunk: 1 | WER=72.727273 | S=3 D=21 I=0
2026-01-21 21:42:19,495 | INFO | Chunk: 2 | WER=41.176471 | S=4 D=2 I=1
2026-01-21 21:42:19,495 | INFO | Chunk: 3 | WER=36.363636 | S=2 D=2 I=0
2026-01-21 21:42:19,495 | INFO | Chunk: 4 | WER=14.285714 | S=0 D=0 I=1
2026-01-21 21:42:19,497 | INFO | Chunk: 5 | WER=48.648649 | S=12 D=0 I=6
2026-01-21 21:42:19,497 | INFO | Chunk: 6 | WER=33.333333 | S=1 D=1 I=0
2026-01-21 21:42:19,497 | INFO | Chunk: 7 | WER=0.000000 | S=0 D=0 I=0
2026-01-21 21:42:19,497 | INFO | ------------------------------
2026-01-21 21:42:19,497 | INFO | ------------------------------
2026-01-21 21:42:19,508 | INFO | File: MO_H_ER24_2016_04_15_ModuleDescription_description.wav | WER=41.875000 | S=25 D=34 I=8
2026-01-21 21:42:19,508 | INFO | ------------------------------
2026-01-21 21:42:19,508 | INFO |  File duration: 88.46802721088436 seconds
2026-01-21 21:42:25,034 | INFO | Using rVAD model
2026-01-21 21:42:28,453 | INFO | Number of chunks: 18
2026-01-21 21:42:33,868 | INFO | Chunk: 0 | WER=12.500000 | S=0 D=1 I=0
2026-01-21 21:42:33,869 | INFO | Chunk: 1 | WER=0.000000 | S=0 D=0 I=0
2026-01-21 21:42:33,869 | INFO | Chunk: 2 | WER=0.000000 | S=0 D=0 I=0
2026-01-21 21:42:33,869 | INFO | Chunk: 3 | WER=14.285714 | S=1 D=0 I=0
2026-01-21 21:42:33,869 | INFO | Chunk: 4 | WER=0.000000 | S=0 D=0 I=0
2026-01-21 21:42:33,870 | INFO | Chunk: 5 | WER=0.000000 | S=0 D=0 I=0
2026-01-21 21:42:33,870 | INFO | Chunk: 6 | WER=100.000000 | S=1 D=0 I=0
2026-01-21 21:42:33,870 | INFO | Chunk: 7 | WER=22.222222 | S=2 D=0 I=0
2026-01-21 21:42:33,870 | INFO | Chunk: 8 | WER=0.000000 | S=0 D=0 I=0
2026-01-21 21:42:33,870 | INFO | Chunk: 9 | WER=0.000000 | S=0 D=0 I=0
2026-01-21 21:42:33,871 | INFO | Chunk: 10 | WER=10.000000 | S=1 D=0 I=0
2026-01-21 21:42:33,871 | INFO | Chunk: 11 | WER=5.882353 | S=0 D=1 I=0
2026-01-21 21:42:33,871 | INFO | Chunk: 12 | WER=0.000000 | S=0 D=0 I=0
2026-01-21 21:42:33,871 | INFO | Chunk: 13 | WER=0.000000 | S=0 D=0 I=0
2026-01-21 21:42:33,872 | INFO | Chunk: 14 | WER=40.000000 | S=0 D=20 I=0
2026-01-21 21:42:33,873 | INFO | Chunk: 15 | WER=15.384615 | S=0 D=2 I=0
2026-01-21 21:42:33,873 | INFO | ------------------------------
2026-01-21 21:42:33,873 | INFO | ------------------------------
2026-01-21 21:42:33,883 | INFO | File: MO_H_ER27_2016_04_18_ModuleDescription_description.wav | WER=20.261438 | S=5 D=24 I=2
2026-01-21 21:42:33,883 | INFO | ------------------------------
2026-01-21 21:42:33,901 | INFO |  File duration: 24.589931972789117 seconds
2026-01-21 21:42:35,943 | INFO | Using rVAD model
2026-01-21 21:42:36,889 | INFO | Number of chunks: 3
2026-01-21 21:42:39,098 | INFO | Chunk: 1 | WER=22.222222 | S=3 D=9 I=0
2026-01-21 21:42:39,098 | INFO | Chunk: 2 | WER=600.000000 | S=1 D=0 I=5
2026-01-21 21:42:39,098 | INFO | ------------------------------
2026-01-21 21:42:39,098 | INFO | ------------------------------
2026-01-21 21:42:39,101 | INFO | File: MO_H_ER40_2017_01_24_ModuleDescription_description.wav | WER=40.000000 | S=4 D=9 I=9
2026-01-21 21:42:39,101 | INFO | ------------------------------
2026-01-21 21:42:39,102 | INFO |  File duration: 54.102494331065756 seconds
2026-01-21 21:42:42,801 | INFO | Using rVAD model
2026-01-21 21:42:44,903 | INFO | Number of chunks: 2
2026-01-21 21:42:47,660 | INFO | Chunk: 0 | WER=72.151899 | S=21 D=36 I=0
2026-01-21 21:42:47,662 | INFO | Chunk: 1 | WER=40.740741 | S=2 D=20 I=0
2026-01-21 21:42:47,662 | INFO | ------------------------------
2026-01-21 21:42:47,662 | INFO | ------------------------------
2026-01-21 21:42:47,668 | INFO | File: MO_H_ER40_2017_05_23_ModuleDescription_description.wav | WER=59.398496 | S=23 D=56 I=0
2026-01-21 21:42:47,668 | INFO | ------------------------------
2026-01-21 21:42:47,687 | INFO |  File duration: 102.02848072562358 seconds
2026-01-21 21:42:52,459 | INFO | Using rVAD model
2026-01-21 21:42:56,430 | INFO | Number of chunks: 22
2026-01-21 21:43:02,878 | INFO | Chunk: 1 | WER=0.000000 | S=0 D=0 I=0
2026-01-21 21:43:02,878 | INFO | Chunk: 2 | WER=27.272727 | S=3 D=0 I=0
2026-01-21 21:43:02,879 | INFO | Chunk: 3 | WER=0.000000 | S=0 D=0 I=0
2026-01-21 21:43:02,879 | INFO | Chunk: 4 | WER=16.666667 | S=1 D=0 I=0
2026-01-21 21:43:02,880 | INFO | Chunk: 6 | WER=3.571429 | S=1 D=0 I=0
2026-01-21 21:43:02,880 | INFO | Chunk: 7 | WER=0.000000 | S=0 D=0 I=0
2026-01-21 21:43:02,880 | INFO | Chunk: 8 | WER=8.333333 | S=1 D=0 I=0
2026-01-21 21:43:02,880 | INFO | Chunk: 9 | WER=8.333333 | S=1 D=0 I=0
2026-01-21 21:43:02,881 | INFO | Chunk: 10 | WER=0.000000 | S=0 D=0 I=0
2026-01-21 21:43:02,881 | INFO | Chunk: 11 | WER=25.000000 | S=1 D=0 I=0
2026-01-21 21:43:02,881 | INFO | Chunk: 12 | WER=0.000000 | S=0 D=0 I=0
2026-01-21 21:43:02,881 | INFO | Chunk: 13 | WER=12.500000 | S=2 D=0 I=0
2026-01-21 21:43:02,882 | INFO | Chunk: 14 | WER=0.000000 | S=0 D=0 I=0
2026-01-21 21:43:02,882 | INFO | Chunk: 15 | WER=20.000000 | S=1 D=0 I=0
2026-01-21 21:43:02,882 | INFO | Chunk: 16 | WER=33.333333 | S=1 D=0 I=0
2026-01-21 21:43:02,882 | INFO | Chunk: 17 | WER=0.000000 | S=0 D=0 I=0
2026-01-21 21:43:02,882 | INFO | Chunk: 18 | WER=20.000000 | S=0 D=2 I=0
2026-01-21 21:43:02,883 | INFO | Chunk: 19 | WER=16.666667 | S=1 D=0 I=0
2026-01-21 21:43:02,883 | INFO | Chunk: 20 | WER=0.000000 | S=0 D=0 I=0
2026-01-21 21:43:02,883 | INFO | ------------------------------
2026-01-21 21:43:02,883 | INFO | ------------------------------
2026-01-21 21:43:02,895 | INFO | File: MO_H_ER41_2017_01_24_ModuleDescription_description.wav | WER=11.464968 | S=13 D=2 I=3
2026-01-21 21:43:02,895 | INFO | ------------------------------
2026-01-21 21:43:02,895 | INFO |  File duration: 74.60571428571428 seconds
2026-01-21 21:43:06,738 | INFO | Using rVAD model
2026-01-21 21:43:09,582 | INFO | Number of chunks: 14
2026-01-21 21:43:13,858 | INFO | Chunk: 0 | WER=10.000000 | S=1 D=0 I=0
2026-01-21 21:43:13,859 | INFO | Chunk: 1 | WER=0.000000 | S=0 D=0 I=0
2026-01-21 21:43:13,859 | INFO | Chunk: 2 | WER=20.000000 | S=1 D=0 I=0
2026-01-21 21:43:13,859 | INFO | Chunk: 3 | WER=0.000000 | S=0 D=0 I=0
2026-01-21 21:43:13,859 | INFO | Chunk: 4 | WER=0.000000 | S=0 D=0 I=0
2026-01-21 21:43:13,860 | INFO | Chunk: 5 | WER=20.000000 | S=1 D=0 I=0
2026-01-21 21:43:13,860 | INFO | Chunk: 6 | WER=20.000000 | S=1 D=0 I=1
2026-01-21 21:43:13,860 | INFO | Chunk: 7 | WER=14.285714 | S=1 D=0 I=0
2026-01-21 21:43:13,860 | INFO | Chunk: 8 | WER=0.000000 | S=0 D=0 I=0
2026-01-21 21:43:13,860 | INFO | Chunk: 9 | WER=0.000000 | S=0 D=0 I=0
2026-01-21 21:43:13,861 | INFO | Chunk: 10 | WER=0.000000 | S=0 D=0 I=0
2026-01-21 21:43:13,861 | INFO | Chunk: 11 | WER=50.000000 | S=1 D=1 I=0
2026-01-21 21:43:13,861 | INFO | Chunk: 12 | WER=0.000000 | S=0 D=0 I=0
2026-01-21 21:43:13,861 | INFO | ------------------------------
2026-01-21 21:43:13,861 | INFO | ------------------------------
2026-01-21 21:43:13,867 | INFO | File: MO_H_ER41_2017_05_29_ModuleDescription_description.wav | WER=10.679612 | S=6 D=1 I=4
2026-01-21 21:43:13,867 | INFO | ------------------------------
2026-01-21 21:43:13,868 | INFO |  File duration: 64.66757369614513 seconds
2026-01-21 21:43:16,976 | INFO | Using rVAD model
2026-01-21 21:43:19,474 | INFO | Number of chunks: 8
2026-01-21 21:43:22,512 | INFO | Chunk: 0 | WER=56.603774 | S=1 D=29 I=0
2026-01-21 21:43:22,513 | INFO | Chunk: 1 | WER=28.571429 | S=2 D=0 I=0
2026-01-21 21:43:22,513 | INFO | Chunk: 2 | WER=0.000000 | S=0 D=0 I=0
2026-01-21 21:43:22,513 | INFO | Chunk: 3 | WER=0.000000 | S=0 D=0 I=0
2026-01-21 21:43:22,513 | INFO | Chunk: 4 | WER=40.000000 | S=2 D=0 I=0
2026-01-21 21:43:22,513 | INFO | Chunk: 5 | WER=0.000000 | S=0 D=0 I=0
2026-01-21 21:43:22,514 | INFO | Chunk: 6 | WER=12.500000 | S=2 D=0 I=0
2026-01-21 21:43:22,514 | INFO | Chunk: 7 | WER=16.666667 | S=0 D=0 I=1
2026-01-21 21:43:22,514 | INFO | ------------------------------
2026-01-21 21:43:22,514 | INFO | ------------------------------
2026-01-21 21:43:22,519 | INFO | File: MO_H_ER43_2017_01_24_ModuleDescription_description.wav | WER=34.259259 | S=7 D=29 I=1
2026-01-21 21:43:22,519 | INFO | ------------------------------
2026-01-21 21:43:22,538 | INFO |  File duration: 79.55156462585035 seconds
2026-01-21 21:43:28,108 | INFO | Using rVAD model
2026-01-21 21:43:31,178 | INFO | Number of chunks: 6
2026-01-21 21:43:35,415 | INFO | Chunk: 0 | WER=0.000000 | S=0 D=0 I=0
2026-01-21 21:43:35,416 | INFO | Chunk: 1 | WER=31.034483 | S=7 D=1 I=1
2026-01-21 21:43:35,416 | INFO | Chunk: 2 | WER=37.931034 | S=6 D=5 I=0
2026-01-21 21:43:35,416 | INFO | Chunk: 3 | WER=100.000000 | S=1 D=2 I=0
2026-01-21 21:43:35,418 | INFO | Chunk: 4 | WER=66.666667 | S=7 D=38 I=1
2026-01-21 21:43:35,419 | INFO | Chunk: 5 | WER=42.000000 | S=1 D=18 I=2
2026-01-21 21:43:35,419 | INFO | ------------------------------
2026-01-21 21:43:35,419 | INFO | ------------------------------
2026-01-21 21:43:35,430 | INFO | File: MO_H_ER43_2017_05_23_ModuleDescription_description.wav | WER=48.087432 | S=22 D=63 I=3
2026-01-21 21:43:35,430 | INFO | ------------------------------
2026-01-21 21:43:35,449 | INFO |  File duration: 85.2172335600907 seconds
2026-01-21 21:43:39,510 | INFO | Using rVAD model
2026-01-21 21:43:42,772 | INFO | Number of chunks: 20
2026-01-21 21:43:48,900 | INFO | Chunk: 0 | WER=75.000000 | S=3 D=0 I=0
2026-01-21 21:43:48,900 | INFO | Chunk: 1 | WER=0.000000 | S=0 D=0 I=0
2026-01-21 21:43:48,900 | INFO | Chunk: 2 | WER=13.333333 | S=0 D=2 I=0
2026-01-21 21:43:48,900 | INFO | Chunk: 3 | WER=11.111111 | S=1 D=0 I=0
2026-01-21 21:43:48,901 | INFO | Chunk: 4 | WER=0.000000 | S=0 D=0 I=0
2026-01-21 21:43:48,901 | INFO | Chunk: 5 | WER=0.000000 | S=0 D=0 I=0
2026-01-21 21:43:48,901 | INFO | Chunk: 6 | WER=40.000000 | S=1 D=1 I=0
2026-01-21 21:43:48,901 | INFO | Chunk: 7 | WER=0.000000 | S=0 D=0 I=0
2026-01-21 21:43:48,901 | INFO | Chunk: 8 | WER=100.000000 | S=1 D=0 I=0
2026-01-21 21:43:48,902 | INFO | Chunk: 9 | WER=7.142857 | S=0 D=0 I=1
2026-01-21 21:43:48,902 | INFO | Chunk: 11 | WER=62.500000 | S=2 D=3 I=0
2026-01-21 21:43:48,902 | INFO | Chunk: 12 | WER=15.000000 | S=2 D=1 I=0
2026-01-21 21:43:48,903 | INFO | Chunk: 13 | WER=14.285714 | S=1 D=1 I=0
2026-01-21 21:43:48,903 | INFO | Chunk: 14 | WER=18.750000 | S=1 D=3 I=2
2026-01-21 21:43:48,903 | INFO | Chunk: 15 | WER=12.500000 | S=1 D=0 I=0
2026-01-21 21:43:48,904 | INFO | Chunk: 16 | WER=14.285714 | S=1 D=0 I=0
2026-01-21 21:43:48,904 | INFO | Chunk: 17 | WER=55.555556 | S=3 D=2 I=0
2026-01-21 21:43:48,904 | INFO | ------------------------------
2026-01-21 21:43:48,904 | INFO | ------------------------------
2026-01-21 21:43:48,919 | INFO | File: MO_H_ER47_2017_01_27_ModuleDescription_description.wav | WER=18.617021 | S=18 D=12 I=5
2026-01-21 21:43:48,919 | INFO | ------------------------------
2026-01-21 21:43:48,920 | INFO |  File duration: 93.71573696145124 seconds
2026-01-21 21:43:53,814 | INFO | Using rVAD model
2026-01-21 21:43:57,440 | INFO | Number of chunks: 23
2026-01-21 21:44:05,036 | INFO | Chunk: 1 | WER=20.000000 | S=1 D=1 I=0
2026-01-21 21:44:05,036 | INFO | Chunk: 2 | WER=10.000000 | S=0 D=0 I=1
2026-01-21 21:44:05,037 | INFO | Chunk: 3 | WER=20.000000 | S=2 D=2 I=0
2026-01-21 21:44:05,037 | INFO | Chunk: 4 | WER=0.000000 | S=0 D=0 I=0
2026-01-21 21:44:05,037 | INFO | Chunk: 5 | WER=26.666667 | S=0 D=4 I=0
2026-01-21 21:44:05,037 | INFO | Chunk: 6 | WER=15.384615 | S=2 D=0 I=0
2026-01-21 21:44:05,038 | INFO | Chunk: 7 | WER=0.000000 | S=0 D=0 I=0
2026-01-21 21:44:05,038 | INFO | Chunk: 8 | WER=21.739130 | S=2 D=3 I=0
2026-01-21 21:44:05,038 | INFO | Chunk: 9 | WER=0.000000 | S=0 D=0 I=0
2026-01-21 21:44:05,038 | INFO | Chunk: 10 | WER=40.000000 | S=3 D=0 I=1
2026-01-21 21:44:05,039 | INFO | Chunk: 11 | WER=11.111111 | S=0 D=1 I=0
2026-01-21 21:44:05,039 | INFO | Chunk: 12 | WER=34.615385 | S=0 D=9 I=0
2026-01-21 21:44:05,039 | INFO | Chunk: 14 | WER=18.181818 | S=1 D=1 I=0
2026-01-21 21:44:05,040 | INFO | Chunk: 15 | WER=12.500000 | S=0 D=1 I=0
2026-01-21 21:44:05,040 | INFO | Chunk: 16 | WER=53.333333 | S=3 D=4 I=1
2026-01-21 21:44:05,040 | INFO | Chunk: 17 | WER=16.666667 | S=0 D=0 I=1
2026-01-21 21:44:05,040 | INFO | Chunk: 20 | WER=44.444444 | S=3 D=5 I=0
2026-01-21 21:44:05,040 | INFO | Chunk: 21 | WER=100.000000 | S=1 D=1 I=0
2026-01-21 21:44:05,041 | INFO | ------------------------------
2026-01-21 21:44:05,041 | INFO | ------------------------------
2026-01-21 21:44:05,061 | INFO | File: MO_H_ER47_2017_03_31_ModuleDescription_description.wav | WER=27.753304 | S=19 D=30 I=14
2026-01-21 21:44:05,061 | INFO | ------------------------------
2026-01-21 21:44:05,078 | INFO |  File duration: 63.15827664399093 seconds
2026-01-21 21:44:08,931 | INFO | Using rVAD model
2026-01-21 21:44:11,343 | INFO | Number of chunks: 8
2026-01-21 21:44:15,241 | INFO | Chunk: 0 | WER=0.000000 | S=0 D=0 I=0
2026-01-21 21:44:15,241 | INFO | Chunk: 1 | WER=20.512821 | S=3 D=5 I=0
2026-01-21 21:44:15,242 | INFO | Chunk: 2 | WER=11.111111 | S=2 D=1 I=0
2026-01-21 21:44:15,242 | INFO | Chunk: 3 | WER=33.333333 | S=2 D=0 I=1
2026-01-21 21:44:15,243 | INFO | Chunk: 4 | WER=0.000000 | S=0 D=0 I=0
2026-01-21 21:44:15,243 | INFO | Chunk: 5 | WER=12.500000 | S=0 D=0 I=1
2026-01-21 21:44:15,243 | INFO | Chunk: 6 | WER=7.142857 | S=0 D=1 I=0
2026-01-21 21:44:15,243 | INFO | Chunk: 7 | WER=33.333333 | S=1 D=2 I=0
2026-01-21 21:44:15,243 | INFO | ------------------------------
2026-01-21 21:44:15,243 | INFO | ------------------------------
2026-01-21 21:44:15,250 | INFO | File: MO_H_ER48_2017_01_28_ModuleDescription_description.wav | WER=16.379310 | S=8 D=9 I=2
2026-01-21 21:44:15,250 | INFO | ------------------------------
2026-01-21 21:44:15,251 | INFO |  File duration: 57.79446712018141 seconds
2026-01-21 21:44:19,618 | INFO | Using rVAD model
2026-01-21 21:44:21,867 | INFO | Number of chunks: 5
2026-01-21 21:44:25,713 | INFO | Chunk: 0 | WER=6.896552 | S=1 D=1 I=0
2026-01-21 21:44:25,713 | INFO | Chunk: 1 | WER=0.000000 | S=0 D=0 I=0
2026-01-21 21:44:25,714 | INFO | Chunk: 2 | WER=16.666667 | S=2 D=1 I=0
2026-01-21 21:44:25,714 | INFO | Chunk: 3 | WER=8.000000 | S=2 D=0 I=0
2026-01-21 21:44:25,715 | INFO | Chunk: 4 | WER=11.764706 | S=1 D=1 I=0
2026-01-21 21:44:25,715 | INFO | ------------------------------
2026-01-21 21:44:25,715 | INFO | ------------------------------
2026-01-21 21:44:25,722 | INFO | File: MO_H_ER48_2017_04_08_ModuleDescription_description.wav | WER=8.035714 | S=6 D=3 I=0
2026-01-21 21:44:25,722 | INFO | ------------------------------
2026-01-21 21:44:25,722 | INFO |  File duration: 40.61170068027211 seconds
2026-01-21 21:44:29,210 | INFO | Using rVAD model
2026-01-21 21:44:30,768 | INFO | Number of chunks: 8
2026-01-21 21:44:34,714 | INFO | Chunk: 1 | WER=28.571429 | S=2 D=1 I=5
2026-01-21 21:44:34,714 | INFO | Chunk: 2 | WER=21.739130 | S=3 D=1 I=1
2026-01-21 21:44:34,715 | INFO | Chunk: 3 | WER=6.060606 | S=2 D=0 I=0
2026-01-21 21:44:34,715 | INFO | Chunk: 4 | WER=16.666667 | S=1 D=0 I=0
2026-01-21 21:44:34,715 | INFO | Chunk: 5 | WER=50.000000 | S=2 D=0 I=0
2026-01-21 21:44:34,716 | INFO | Chunk: 6 | WER=0.000000 | S=0 D=0 I=0
2026-01-21 21:44:34,716 | INFO | ------------------------------
2026-01-21 21:44:34,716 | INFO | ------------------------------
2026-01-21 21:44:34,722 | INFO | File: MO_H_ER49_2017_01_28_ModuleDescription_description.wav | WER=26.530612 | S=10 D=2 I=14
2026-01-21 21:44:34,722 | INFO | ------------------------------
2026-01-21 21:44:34,723 | INFO |  File duration: 38.91664399092971 seconds
2026-01-21 21:44:36,496 | INFO | Using rVAD model
2026-01-21 21:44:37,998 | INFO | Number of chunks: 5
2026-01-21 21:44:40,867 | INFO | Chunk: 1 | WER=0.000000 | S=0 D=0 I=0
2026-01-21 21:44:40,869 | INFO | Chunk: 2 | WER=43.283582 | S=6 D=23 I=0
2026-01-21 21:44:40,870 | INFO | Chunk: 3 | WER=25.000000 | S=1 D=3 I=0
2026-01-21 21:44:40,870 | INFO | ------------------------------
2026-01-21 21:44:40,870 | INFO | ------------------------------
2026-01-21 21:44:40,875 | INFO | File: MO_H_ER49_2017_06_08_ModuleDescription_description.wav | WER=43.298969 | S=7 D=26 I=9
2026-01-21 21:44:40,875 | INFO | ------------------------------
2026-01-21 21:44:40,880 | INFO |  File duration: 36.6875283446712 seconds
2026-01-21 21:44:43,335 | INFO | Using rVAD model
2026-01-21 21:44:44,731 | INFO | Number of chunks: 5
2026-01-21 21:44:47,164 | INFO | Chunk: 0 | WER=33.333333 | S=5 D=7 I=1
2026-01-21 21:44:47,165 | INFO | Chunk: 1 | WER=16.666667 | S=2 D=2 I=0
2026-01-21 21:44:47,165 | INFO | Chunk: 3 | WER=25.000000 | S=1 D=0 I=0
2026-01-21 21:44:47,165 | INFO | Chunk: 4 | WER=60.000000 | S=3 D=0 I=0
2026-01-21 21:44:47,165 | INFO | ------------------------------
2026-01-21 21:44:47,165 | INFO | ------------------------------
2026-01-21 21:44:47,169 | INFO | File: MO_H_SD07_2016_04_22_ModuleDescription_description.wav | WER=30.555556 | S=11 D=9 I=2
2026-01-21 21:44:47,169 | INFO | ------------------------------
2026-01-21 21:44:47,187 | INFO |  File duration: 107.67092970521541 seconds
2026-01-21 21:44:52,976 | INFO | Using rVAD model
2026-01-21 21:44:57,181 | INFO | Number of chunks: 22
2026-01-21 21:45:05,595 | INFO | Chunk: 0 | WER=11.538462 | S=2 D=1 I=0
2026-01-21 21:45:05,596 | INFO | Chunk: 1 | WER=53.333333 | S=0 D=8 I=0
2026-01-21 21:45:05,596 | INFO | Chunk: 2 | WER=100.000000 | S=1 D=0 I=0
2026-01-21 21:45:05,596 | INFO | Chunk: 3 | WER=0.000000 | S=0 D=0 I=0
2026-01-21 21:45:05,596 | INFO | Chunk: 4 | WER=16.666667 | S=0 D=0 I=1
2026-01-21 21:45:05,596 | INFO | Chunk: 5 | WER=0.000000 | S=0 D=0 I=0
2026-01-21 21:45:05,597 | INFO | Chunk: 6 | WER=5.263158 | S=0 D=0 I=1
2026-01-21 21:45:05,597 | INFO | Chunk: 7 | WER=0.000000 | S=0 D=0 I=0
2026-01-21 21:45:05,597 | INFO | Chunk: 8 | WER=0.000000 | S=0 D=0 I=0
2026-01-21 21:45:05,597 | INFO | Chunk: 9 | WER=44.444444 | S=3 D=0 I=1
2026-01-21 21:45:05,598 | INFO | Chunk: 10 | WER=25.000000 | S=1 D=2 I=0
2026-01-21 21:45:05,598 | INFO | Chunk: 11 | WER=20.000000 | S=1 D=0 I=0
2026-01-21 21:45:05,598 | INFO | Chunk: 12 | WER=27.272727 | S=1 D=2 I=0
2026-01-21 21:45:05,598 | INFO | Chunk: 13 | WER=40.000000 | S=1 D=0 I=1
2026-01-21 21:45:05,598 | INFO | Chunk: 14 | WER=0.000000 | S=0 D=0 I=0
2026-01-21 21:45:05,599 | INFO | Chunk: 15 | WER=6.666667 | S=1 D=0 I=0
2026-01-21 21:45:05,599 | INFO | Chunk: 16 | WER=11.764706 | S=2 D=0 I=0
2026-01-21 21:45:05,599 | INFO | Chunk: 17 | WER=0.000000 | S=0 D=0 I=0
2026-01-21 21:45:05,600 | INFO | Chunk: 18 | WER=42.857143 | S=1 D=1 I=1
2026-01-21 21:45:05,600 | INFO | Chunk: 19 | WER=33.333333 | S=1 D=1 I=0
2026-01-21 21:45:05,600 | INFO | Chunk: 20 | WER=11.111111 | S=0 D=1 I=0
2026-01-21 21:45:05,600 | INFO | Chunk: 21 | WER=0.000000 | S=0 D=0 I=0
2026-01-21 21:45:05,600 | INFO | ------------------------------
2026-01-21 21:45:05,600 | INFO | ------------------------------
2026-01-21 21:45:05,620 | INFO | File: MO_H_SD11_2016_04_25_ModuleDescription_description.wav | WER=16.071429 | S=15 D=16 I=5
2026-01-21 21:45:05,620 | INFO | ------------------------------
2026-01-21 21:45:05,646 | INFO |  File duration: 196.76589569160998 seconds
2026-01-21 21:45:15,068 | INFO | Using rVAD model
2026-01-21 21:45:22,903 | INFO | Number of chunks: 20
2026-01-21 21:45:33,092 | INFO | Chunk: 0 | WER=11.538462 | S=1 D=2 I=0
2026-01-21 21:45:33,092 | INFO | Chunk: 1 | WER=4.761905 | S=0 D=1 I=0
2026-01-21 21:45:33,093 | INFO | Chunk: 2 | WER=8.333333 | S=1 D=0 I=0
2026-01-21 21:45:33,093 | INFO | Chunk: 3 | WER=52.500000 | S=1 D=20 I=0
2026-01-21 21:45:33,094 | INFO | Chunk: 4 | WER=29.032258 | S=5 D=4 I=0
2026-01-21 21:45:33,094 | INFO | Chunk: 5 | WER=59.375000 | S=1 D=18 I=0
2026-01-21 21:45:33,095 | INFO | Chunk: 6 | WER=43.478261 | S=2 D=8 I=0
2026-01-21 21:45:33,095 | INFO | Chunk: 7 | WER=25.000000 | S=1 D=3 I=0
2026-01-21 21:45:33,096 | INFO | Chunk: 8 | WER=11.111111 | S=2 D=1 I=0
2026-01-21 21:45:33,096 | INFO | Chunk: 9 | WER=0.000000 | S=0 D=0 I=0
2026-01-21 21:45:33,096 | INFO | Chunk: 10 | WER=0.000000 | S=0 D=0 I=0
2026-01-21 21:45:33,097 | INFO | Chunk: 11 | WER=27.777778 | S=2 D=2 I=1
2026-01-21 21:45:33,097 | INFO | Chunk: 12 | WER=23.809524 | S=2 D=3 I=0
2026-01-21 21:45:33,097 | INFO | Chunk: 13 | WER=30.769231 | S=3 D=1 I=0
2026-01-21 21:45:33,098 | INFO | Chunk: 14 | WER=7.692308 | S=1 D=0 I=0
2026-01-21 21:45:33,098 | INFO | Chunk: 15 | WER=25.000000 | S=3 D=2 I=1
2026-01-21 21:45:33,098 | INFO | Chunk: 17 | WER=0.000000 | S=0 D=0 I=0
2026-01-21 21:45:33,098 | INFO | Chunk: 18 | WER=0.000000 | S=0 D=0 I=0
2026-01-21 21:45:33,099 | INFO | Chunk: 19 | WER=100.000000 | S=1 D=0 I=0
2026-01-21 21:45:33,099 | INFO | ------------------------------
2026-01-21 21:45:33,099 | INFO | ------------------------------
2026-01-21 21:45:33,136 | INFO | File: MO_H_SD13_2016_04_25_ModuleDescription_description.wav | WER=27.405248 | S=26 D=65 I=3
2026-01-21 21:45:33,136 | INFO | ------------------------------
2026-01-21 21:45:33,136 | INFO |  File duration: 221.5183673469388 seconds
2026-01-21 21:45:45,113 | INFO | Using rVAD model
2026-01-21 21:45:53,981 | INFO | Number of chunks: 15
2026-01-21 21:46:05,344 | INFO | Chunk: 0 | WER=28.888889 | S=4 D=9 I=0
2026-01-21 21:46:05,345 | INFO | Chunk: 1 | WER=28.947368 | S=1 D=10 I=0
2026-01-21 21:46:05,346 | INFO | Chunk: 2 | WER=10.526316 | S=1 D=3 I=0
2026-01-21 21:46:05,346 | INFO | Chunk: 3 | WER=11.538462 | S=2 D=1 I=0
2026-01-21 21:46:05,347 | INFO | Chunk: 4 | WER=0.000000 | S=0 D=0 I=0
2026-01-21 21:46:05,347 | INFO | Chunk: 5 | WER=65.306122 | S=2 D=30 I=0
2026-01-21 21:46:05,348 | INFO | Chunk: 6 | WER=0.000000 | S=0 D=0 I=0
2026-01-21 21:46:05,348 | INFO | Chunk: 7 | WER=53.333333 | S=0 D=8 I=0
2026-01-21 21:46:05,348 | INFO | Chunk: 8 | WER=8.333333 | S=1 D=0 I=0
2026-01-21 21:46:05,349 | INFO | Chunk: 9 | WER=79.310345 | S=6 D=39 I=1
2026-01-21 21:46:05,349 | INFO | Chunk: 10 | WER=0.000000 | S=0 D=0 I=0
2026-01-21 21:46:05,349 | INFO | Chunk: 11 | WER=0.000000 | S=0 D=0 I=0
2026-01-21 21:46:05,350 | INFO | Chunk: 12 | WER=20.000000 | S=0 D=1 I=1
2026-01-21 21:46:05,351 | INFO | Chunk: 13 | WER=32.692308 | S=9 D=7 I=1
2026-01-21 21:46:05,352 | INFO | Chunk: 14 | WER=5.714286 | S=0 D=2 I=0
2026-01-21 21:46:05,352 | INFO | ------------------------------
2026-01-21 21:46:05,352 | INFO | ------------------------------
2026-01-21 21:46:05,402 | INFO | File: MO_H_SD13_2016_08_13_ModuleDescription_description.wav | WER=33.493976 | S=26 D=110 I=3
2026-01-21 21:46:05,402 | INFO | ------------------------------
2026-01-21 21:46:05,418 | INFO |  File duration: 77.99582766439909 seconds
2026-01-21 21:46:13,031 | INFO | Using rVAD model
2026-01-21 21:46:16,062 | INFO | Number of chunks: 6
2026-01-21 21:46:21,192 | INFO | Chunk: 0 | WER=9.756098 | S=4 D=0 I=0
2026-01-21 21:46:21,194 | INFO | Chunk: 1 | WER=67.441860 | S=1 D=57 I=0
2026-01-21 21:46:21,196 | INFO | Chunk: 2 | WER=33.333333 | S=0 D=25 I=0
2026-01-21 21:46:21,197 | INFO | Chunk: 3 | WER=26.666667 | S=2 D=5 I=1
2026-01-21 21:46:21,197 | INFO | Chunk: 4 | WER=133.333333 | S=3 D=0 I=1
2026-01-21 21:46:21,197 | INFO | Chunk: 5 | WER=100.000000 | S=1 D=0 I=0
2026-01-21 21:46:21,197 | INFO | ------------------------------
2026-01-21 21:46:21,197 | INFO | ------------------------------
2026-01-21 21:46:21,213 | INFO | File: MO_H_SD25_2016_05_12_ModuleDescription_description.wav | WER=41.525424 | S=11 D=86 I=1
2026-01-21 21:46:21,213 | INFO | ------------------------------
2026-01-21 21:46:21,229 | INFO |  File duration: 64.92299319727891 seconds
2026-01-21 21:46:24,496 | INFO | Using rVAD model
2026-01-21 21:46:27,055 | INFO | Number of chunks: 9
2026-01-21 21:46:30,422 | INFO | Chunk: 0 | WER=72.093023 | S=1 D=61 I=0
2026-01-21 21:46:30,423 | INFO | Chunk: 1 | WER=15.384615 | S=1 D=1 I=0
2026-01-21 21:46:30,423 | INFO | Chunk: 2 | WER=20.000000 | S=0 D=0 I=1
2026-01-21 21:46:30,423 | INFO | Chunk: 3 | WER=27.777778 | S=0 D=5 I=0
2026-01-21 21:46:30,424 | INFO | Chunk: 4 | WER=28.000000 | S=1 D=6 I=0
2026-01-21 21:46:30,424 | INFO | Chunk: 5 | WER=50.000000 | S=1 D=0 I=0
2026-01-21 21:46:30,424 | INFO | Chunk: 7 | WER=800.000000 | S=1 D=0 I=7
2026-01-21 21:46:30,424 | INFO | Chunk: 8 | WER=100.000000 | S=1 D=1 I=0
2026-01-21 21:46:30,424 | INFO | ------------------------------
2026-01-21 21:46:30,424 | INFO | ------------------------------
2026-01-21 21:46:30,431 | INFO | File: MO_H_SD30_2016_05_21_ModuleDescription_description.wav | WER=58.552632 | S=7 D=73 I=9
2026-01-21 21:46:30,431 | INFO | ------------------------------
2026-01-21 21:46:30,452 | INFO |  File duration: 86.98195011337869 seconds
2026-01-21 21:46:35,500 | INFO | Using rVAD model
2026-01-21 21:46:38,889 | INFO | Number of chunks: 14
2026-01-21 21:46:44,461 | INFO | Chunk: 0 | WER=5.882353 | S=1 D=0 I=0
2026-01-21 21:46:44,461 | INFO | Chunk: 1 | WER=0.000000 | S=0 D=0 I=0
2026-01-21 21:46:44,461 | INFO | Chunk: 2 | WER=18.181818 | S=2 D=0 I=0
2026-01-21 21:46:44,461 | INFO | Chunk: 3 | WER=16.666667 | S=1 D=0 I=0
2026-01-21 21:46:44,462 | INFO | Chunk: 4 | WER=21.428571 | S=2 D=1 I=0
2026-01-21 21:46:44,462 | INFO | Chunk: 5 | WER=0.000000 | S=0 D=0 I=0
2026-01-21 21:46:44,462 | INFO | Chunk: 6 | WER=10.000000 | S=1 D=0 I=0
2026-01-21 21:46:44,462 | INFO | Chunk: 7 | WER=0.000000 | S=0 D=0 I=0
2026-01-21 21:46:44,463 | INFO | Chunk: 8 | WER=0.000000 | S=0 D=0 I=0
2026-01-21 21:46:44,463 | INFO | Chunk: 9 | WER=33.333333 | S=3 D=0 I=0
2026-01-21 21:46:44,463 | INFO | Chunk: 10 | WER=8.333333 | S=0 D=1 I=0
2026-01-21 21:46:44,463 | INFO | Chunk: 11 | WER=25.000000 | S=2 D=2 I=0
2026-01-21 21:46:44,463 | INFO | Chunk: 12 | WER=42.857143 | S=1 D=2 I=0
2026-01-21 21:46:44,464 | INFO | Chunk: 13 | WER=100.000000 | S=1 D=0 I=0
2026-01-21 21:46:44,464 | INFO | ------------------------------
2026-01-21 21:46:44,464 | INFO | ------------------------------
2026-01-21 21:46:44,473 | INFO | File: MO_H_SD36_2016_06_23_ModuleDescription_description.wav | WER=13.986014 | S=14 D=6 I=0
2026-01-21 21:46:44,473 | INFO | ------------------------------
2026-01-21 21:46:44,473 | INFO | ===================== GLOBAL WER ======================
2026-01-21 21:46:44,473 | INFO | The number of files is 68
2026-01-21 21:46:44,473 | INFO | WER: 31.64%
2026-01-21 21:46:44,474 | INFO | =============================================================
