2026-01-21 16:12:50,863 | INFO | Fetch hyperparams.yaml: Using file found at '/vol/experiments3/imbenamor/TAPAS-FRAIS/models/asr-whisper-medium-commonvoice-fr/hyperparams.yaml'
2026-01-21 16:12:50,863 | DEBUG | Fetch: Source and destination '/vol/experiments3/imbenamor/TAPAS-FRAIS/models/asr-whisper-medium-commonvoice-fr/custom.py' are identical, returning assuming this is intended
2026-01-21 16:12:52,456 | WARNING | speechbrain.lobes.models.huggingface_transformers.huggingface - WhisperModel is frozen.
2026-01-21 16:12:52,457 | WARNING | speechbrain.lobes.models.huggingface_transformers.whisper - whisper encoder-decoder is frozen.
2026-01-21 16:12:52,584 | DEBUG | Collecting files (or symlinks) for pretraining in /vol/experiments3/imbenamor/TAPAS-FRAIS/models/asr-whisper-medium-commonvoice-fr.
2026-01-21 16:12:52,584 | INFO | Fetch whisper.ckpt: Using file found at '/vol/experiments3/imbenamor/TAPAS-FRAIS/models/asr-whisper-medium-commonvoice-fr/whisper.ckpt'
2026-01-21 16:12:52,584 | DEBUG | Set local path in self.paths["whisper"] = /vol/experiments3/imbenamor/TAPAS-FRAIS/models/asr-whisper-medium-commonvoice-fr/whisper.ckpt
2026-01-21 16:12:52,584 | INFO | Loading pretrained files for: whisper
2026-01-21 16:12:52,584 | DEBUG | Redirecting (loading from local path): whisper -> /vol/experiments3/imbenamor/TAPAS-FRAIS/models/asr-whisper-medium-commonvoice-fr/whisper.ckpt
2026-01-21 16:12:56,754 | INFO |  File duration: 51.82693877551021 seconds
2026-01-21 16:13:06,162 | INFO | Number of chunks: 2
2026-01-21 16:13:09,735 | INFO | Chunk: 0 | WER=86.585366 | S=0 D=64 I=7
2026-01-21 16:13:09,738 | INFO | Chunk: 1 | WER=63.106796 | S=6 D=58 I=1
2026-01-21 16:13:09,738 | INFO | ------------------------------
2026-01-21 16:13:09,738 | INFO | ------------------------------
2026-01-21 16:13:09,746 | INFO | File: CCM-001773-01_L01.wav | WER=73.513514 | S=6 D=122 I=8
2026-01-21 16:13:09,746 | INFO | ------------------------------
2026-01-21 16:13:09,746 | INFO |  File duration: 76.16145124716553 seconds
2026-01-21 16:13:18,668 | INFO | Number of chunks: 14
2026-01-21 16:13:27,443 | INFO | Chunk: 0 | WER=0.000000 | S=0 D=0 I=0
2026-01-21 16:13:27,444 | INFO | Chunk: 1 | WER=57.142857 | S=7 D=1 I=0
2026-01-21 16:13:27,444 | INFO | Chunk: 2 | WER=22.222222 | S=2 D=0 I=0
2026-01-21 16:13:27,444 | INFO | Chunk: 3 | WER=5.555556 | S=0 D=1 I=0
2026-01-21 16:13:27,445 | INFO | Chunk: 4 | WER=41.666667 | S=4 D=0 I=1
2026-01-21 16:13:27,445 | INFO | Chunk: 5 | WER=35.294118 | S=5 D=1 I=0
2026-01-21 16:13:27,445 | INFO | Chunk: 6 | WER=38.461538 | S=4 D=0 I=1
2026-01-21 16:13:27,446 | INFO | Chunk: 7 | WER=38.461538 | S=3 D=0 I=2
2026-01-21 16:13:27,446 | INFO | Chunk: 8 | WER=0.000000 | S=0 D=0 I=0
2026-01-21 16:13:27,446 | INFO | Chunk: 9 | WER=100.000000 | S=5 D=0 I=0
2026-01-21 16:13:27,446 | INFO | Chunk: 10 | WER=71.428571 | S=9 D=1 I=0
2026-01-21 16:13:27,447 | INFO | Chunk: 11 | WER=44.444444 | S=10 D=1 I=1
2026-01-21 16:13:27,447 | INFO | Chunk: 12 | WER=83.333333 | S=3 D=2 I=0
2026-01-21 16:13:27,447 | INFO | Chunk: 13 | WER=87.500000 | S=5 D=2 I=0
2026-01-21 16:13:27,447 | INFO | ------------------------------
2026-01-21 16:13:27,447 | INFO | ------------------------------
2026-01-21 16:13:27,461 | INFO | File: CCM-003130-01_L01.wav | WER=39.428571 | S=57 D=7 I=5
2026-01-21 16:13:27,461 | INFO | ------------------------------
2026-01-21 16:13:27,461 | INFO |  File duration: 69.47410430839003 seconds
2026-01-21 16:13:37,211 | INFO | Number of chunks: 5
2026-01-21 16:13:42,873 | INFO | Chunk: 0 | WER=63.953488 | S=3 D=52 I=0
2026-01-21 16:13:42,874 | INFO | Chunk: 1 | WER=12.500000 | S=0 D=1 I=0
2026-01-21 16:13:42,876 | INFO | Chunk: 2 | WER=67.567568 | S=14 D=36 I=0
2026-01-21 16:13:42,876 | INFO | Chunk: 3 | WER=33.333333 | S=2 D=3 I=0
2026-01-21 16:13:42,876 | INFO | Chunk: 4 | WER=44.444444 | S=1 D=3 I=0
2026-01-21 16:13:42,876 | INFO | ------------------------------
2026-01-21 16:13:42,876 | INFO | ------------------------------
2026-01-21 16:13:42,887 | INFO | File: CCM-003148-01_L01.wav | WER=56.250000 | S=20 D=79 I=0
2026-01-21 16:13:42,887 | INFO | ------------------------------
2026-01-21 16:13:42,888 | INFO |  File duration: 63.15827664399093 seconds
2026-01-21 16:13:50,473 | INFO | Number of chunks: 4
2026-01-21 16:13:55,838 | INFO | Chunk: 0 | WER=26.829268 | S=5 D=6 I=0
2026-01-21 16:13:55,839 | INFO | Chunk: 1 | WER=57.446809 | S=6 D=21 I=0
2026-01-21 16:13:55,842 | INFO | Chunk: 2 | WER=64.948454 | S=8 D=55 I=0
2026-01-21 16:13:55,842 | INFO | Chunk: 3 | WER=20.000000 | S=0 D=1 I=0
2026-01-21 16:13:55,842 | INFO | ------------------------------
2026-01-21 16:13:55,842 | INFO | ------------------------------
2026-01-21 16:13:55,852 | INFO | File: CCM-003346-01_L01.wav | WER=48.538012 | S=19 D=64 I=0
2026-01-21 16:13:55,852 | INFO | ------------------------------
2026-01-21 16:13:55,853 | INFO |  File duration: 84.14911564625851 seconds
2026-01-21 16:14:06,983 | INFO | Number of chunks: 7
2026-01-21 16:14:14,342 | INFO | Chunk: 0 | WER=12.500000 | S=0 D=1 I=0
2026-01-21 16:14:14,343 | INFO | Chunk: 1 | WER=0.000000 | S=0 D=0 I=0
2026-01-21 16:14:14,344 | INFO | Chunk: 2 | WER=18.918919 | S=5 D=2 I=0
2026-01-21 16:14:14,344 | INFO | Chunk: 3 | WER=63.888889 | S=0 D=23 I=0
2026-01-21 16:14:14,345 | INFO | Chunk: 4 | WER=13.043478 | S=3 D=0 I=0
2026-01-21 16:14:14,345 | INFO | Chunk: 5 | WER=17.857143 | S=2 D=3 I=0
2026-01-21 16:14:14,346 | INFO | Chunk: 6 | WER=34.146341 | S=5 D=9 I=0
2026-01-21 16:14:14,347 | INFO | ------------------------------
2026-01-21 16:14:14,347 | INFO | ------------------------------
2026-01-21 16:14:14,359 | INFO | File: CCM-003557-01_L01.wav | WER=24.293785 | S=12 D=28 I=3
2026-01-21 16:14:14,359 | INFO | ------------------------------
2026-01-21 16:14:14,359 | INFO |  File duration: 124.83047619047619 seconds
2026-01-21 16:14:29,002 | INFO | Number of chunks: 27
2026-01-21 16:14:40,032 | INFO | Chunk: 0 | WER=82.352941 | S=7 D=7 I=0
2026-01-21 16:14:40,032 | INFO | Chunk: 1 | WER=100.000000 | S=2 D=0 I=0
2026-01-21 16:14:40,032 | INFO | Chunk: 2 | WER=30.769231 | S=4 D=0 I=0
2026-01-21 16:14:40,033 | INFO | Chunk: 3 | WER=66.666667 | S=4 D=0 I=2
2026-01-21 16:14:40,033 | INFO | Chunk: 4 | WER=66.666667 | S=2 D=0 I=0
2026-01-21 16:14:40,033 | INFO | Chunk: 5 | WER=25.000000 | S=1 D=2 I=0
2026-01-21 16:14:40,033 | INFO | Chunk: 6 | WER=100.000000 | S=2 D=1 I=0
2026-01-21 16:14:40,033 | INFO | Chunk: 7 | WER=100.000000 | S=1 D=2 I=0
2026-01-21 16:14:40,034 | INFO | Chunk: 8 | WER=38.461538 | S=5 D=4 I=1
2026-01-21 16:14:40,034 | INFO | Chunk: 9 | WER=14.285714 | S=1 D=0 I=0
2026-01-21 16:14:40,034 | INFO | Chunk: 10 | WER=100.000000 | S=3 D=1 I=1
2026-01-21 16:14:40,035 | INFO | Chunk: 11 | WER=0.000000 | S=0 D=0 I=0
2026-01-21 16:14:40,035 | INFO | Chunk: 12 | WER=90.000000 | S=4 D=5 I=0
2026-01-21 16:14:40,035 | INFO | Chunk: 13 | WER=100.000000 | S=1 D=2 I=0
2026-01-21 16:14:40,035 | INFO | Chunk: 14 | WER=100.000000 | S=2 D=1 I=0
2026-01-21 16:14:40,035 | INFO | Chunk: 15 | WER=100.000000 | S=1 D=0 I=0
2026-01-21 16:14:40,035 | INFO | Chunk: 16 | WER=50.000000 | S=1 D=1 I=0
2026-01-21 16:14:40,036 | INFO | Chunk: 17 | WER=100.000000 | S=1 D=0 I=0
2026-01-21 16:14:40,036 | INFO | Chunk: 18 | WER=75.000000 | S=3 D=0 I=0
2026-01-21 16:14:40,036 | INFO | Chunk: 19 | WER=80.000000 | S=3 D=0 I=1
2026-01-21 16:14:40,036 | INFO | Chunk: 20 | WER=50.000000 | S=4 D=2 I=0
2026-01-21 16:14:40,036 | INFO | Chunk: 21 | WER=200.000000 | S=1 D=0 I=1
2026-01-21 16:14:40,037 | INFO | Chunk: 22 | WER=75.000000 | S=4 D=1 I=1
2026-01-21 16:14:40,037 | INFO | Chunk: 23 | WER=33.333333 | S=1 D=0 I=0
2026-01-21 16:14:40,037 | INFO | Chunk: 24 | WER=53.846154 | S=1 D=6 I=0
2026-01-21 16:14:40,037 | INFO | Chunk: 25 | WER=57.142857 | S=2 D=0 I=2
2026-01-21 16:14:40,038 | INFO | Chunk: 26 | WER=33.333333 | S=2 D=2 I=1
2026-01-21 16:14:40,038 | INFO | ------------------------------
2026-01-21 16:14:40,038 | INFO | ------------------------------
2026-01-21 16:14:40,052 | INFO | File: CCM-003733-01_L01.wav | WER=52.380952 | S=59 D=13 I=16
2026-01-21 16:14:40,052 | INFO | ------------------------------
2026-01-21 16:14:40,053 | INFO |  File duration: 73.3750566893424 seconds
2026-01-21 16:14:49,518 | INFO | Number of chunks: 11
2026-01-21 16:14:58,030 | INFO | Chunk: 0 | WER=43.750000 | S=0 D=14 I=0
2026-01-21 16:14:58,031 | INFO | Chunk: 1 | WER=33.333333 | S=3 D=0 I=0
2026-01-21 16:14:58,031 | INFO | Chunk: 2 | WER=0.000000 | S=0 D=0 I=0
2026-01-21 16:14:58,031 | INFO | Chunk: 3 | WER=26.666667 | S=3 D=1 I=0
2026-01-21 16:14:58,032 | INFO | Chunk: 4 | WER=4.545455 | S=0 D=1 I=0
2026-01-21 16:14:58,032 | INFO | Chunk: 5 | WER=40.000000 | S=2 D=0 I=0
2026-01-21 16:14:58,032 | INFO | Chunk: 6 | WER=11.111111 | S=2 D=0 I=0
2026-01-21 16:14:58,033 | INFO | Chunk: 7 | WER=25.000000 | S=2 D=1 I=0
2026-01-21 16:14:58,033 | INFO | Chunk: 8 | WER=31.250000 | S=3 D=2 I=0
2026-01-21 16:14:58,034 | INFO | Chunk: 9 | WER=45.454545 | S=3 D=0 I=2
2026-01-21 16:14:58,034 | INFO | Chunk: 10 | WER=13.793103 | S=4 D=0 I=0
2026-01-21 16:14:58,034 | INFO | ------------------------------
2026-01-21 16:14:58,035 | INFO | ------------------------------
2026-01-21 16:14:58,049 | INFO | File: CCM-003734-01_L01.wav | WER=22.033898 | S=22 D=15 I=2
2026-01-21 16:14:58,049 | INFO | ------------------------------
2026-01-21 16:14:58,050 | INFO |  File duration: 68.89360544217688 seconds
2026-01-21 16:15:07,665 | INFO | Number of chunks: 8
2026-01-21 16:15:14,932 | INFO | Chunk: 0 | WER=62.500000 | S=1 D=16 I=3
2026-01-21 16:15:14,933 | INFO | Chunk: 1 | WER=30.000000 | S=2 D=1 I=0
2026-01-21 16:15:14,933 | INFO | Chunk: 2 | WER=100.000000 | S=7 D=2 I=0
2026-01-21 16:15:14,934 | INFO | Chunk: 3 | WER=29.268293 | S=5 D=7 I=0
2026-01-21 16:15:14,934 | INFO | Chunk: 4 | WER=14.285714 | S=1 D=0 I=0
2026-01-21 16:15:14,935 | INFO | Chunk: 5 | WER=34.285714 | S=11 D=1 I=0
2026-01-21 16:15:14,936 | INFO | Chunk: 6 | WER=41.176471 | S=4 D=3 I=0
2026-01-21 16:15:14,936 | INFO | Chunk: 7 | WER=85.714286 | S=5 D=31 I=0
2026-01-21 16:15:14,936 | INFO | ------------------------------
2026-01-21 16:15:14,936 | INFO | ------------------------------
2026-01-21 16:15:14,947 | INFO | File: CCM-003848-01_L01.wav | WER=50.847458 | S=40 D=46 I=4
2026-01-21 16:15:14,948 | INFO | ------------------------------
2026-01-21 16:15:14,948 | INFO | ===================== GLOBAL WER ======================
2026-01-21 16:15:14,948 | INFO | The number of files is 8
2026-01-21 16:15:14,948 | INFO | WER: 45.91%
2026-01-21 16:15:14,948 | INFO | =============================================================
