2026-01-21 16:22:13,193 | INFO | Fetch hyperparams.yaml: Using file found at '/vol/experiments3/imbenamor/TAPAS-FRAIS/models/asr-whisper-medium-commonvoice-fr/hyperparams.yaml'
2026-01-21 16:22:13,193 | DEBUG | Fetch: Source and destination '/vol/experiments3/imbenamor/TAPAS-FRAIS/models/asr-whisper-medium-commonvoice-fr/custom.py' are identical, returning assuming this is intended
2026-01-21 16:22:14,893 | WARNING | speechbrain.lobes.models.huggingface_transformers.huggingface - WhisperModel is frozen.
2026-01-21 16:22:14,893 | WARNING | speechbrain.lobes.models.huggingface_transformers.whisper - whisper encoder-decoder is frozen.
2026-01-21 16:22:15,007 | DEBUG | Collecting files (or symlinks) for pretraining in /vol/experiments3/imbenamor/TAPAS-FRAIS/models/asr-whisper-medium-commonvoice-fr.
2026-01-21 16:22:15,008 | INFO | Fetch whisper.ckpt: Using file found at '/vol/experiments3/imbenamor/TAPAS-FRAIS/models/asr-whisper-medium-commonvoice-fr/whisper.ckpt'
2026-01-21 16:22:15,008 | DEBUG | Set local path in self.paths["whisper"] = /vol/experiments3/imbenamor/TAPAS-FRAIS/models/asr-whisper-medium-commonvoice-fr/whisper.ckpt
2026-01-21 16:22:15,008 | INFO | Loading pretrained files for: whisper
2026-01-21 16:22:15,008 | DEBUG | Redirecting (loading from local path): whisper -> /vol/experiments3/imbenamor/TAPAS-FRAIS/models/asr-whisper-medium-commonvoice-fr/whisper.ckpt
2026-01-21 16:22:18,846 | INFO |  File duration: 68.39650793650793 seconds
2026-01-21 16:22:30,213 | INFO | Number of chunks: 9
2026-01-21 16:22:38,001 | INFO | Chunk: 0 | WER=43.750000 | S=0 D=14 I=0
2026-01-21 16:22:38,001 | INFO | Chunk: 1 | WER=33.333333 | S=3 D=0 I=0
2026-01-21 16:22:38,001 | INFO | Chunk: 2 | WER=0.000000 | S=0 D=0 I=0
2026-01-21 16:22:38,002 | INFO | Chunk: 3 | WER=8.695652 | S=1 D=1 I=0
2026-01-21 16:22:38,002 | INFO | Chunk: 4 | WER=0.000000 | S=0 D=0 I=0
2026-01-21 16:22:38,003 | INFO | Chunk: 5 | WER=2.941176 | S=1 D=0 I=0
2026-01-21 16:22:38,003 | INFO | Chunk: 6 | WER=24.000000 | S=4 D=2 I=0
2026-01-21 16:22:38,004 | INFO | Chunk: 7 | WER=6.666667 | S=1 D=0 I=0
2026-01-21 16:22:38,004 | INFO | Chunk: 8 | WER=28.571429 | S=1 D=3 I=0
2026-01-21 16:22:38,004 | INFO | ------------------------------
2026-01-21 16:22:38,004 | INFO | ------------------------------
2026-01-21 16:22:38,017 | INFO | File: AEX-CAB000-02_L01.wav | WER=17.613636 | S=11 D=20 I=0
2026-01-21 16:22:38,017 | INFO | ------------------------------
2026-01-21 16:22:38,017 | INFO |  File duration: 71.22968253968254 seconds
2026-01-21 16:22:46,639 | INFO | Number of chunks: 15
2026-01-21 16:22:56,626 | INFO | Chunk: 0 | WER=0.000000 | S=0 D=0 I=0
2026-01-21 16:22:56,626 | INFO | Chunk: 1 | WER=50.000000 | S=5 D=0 I=1
2026-01-21 16:22:56,627 | INFO | Chunk: 2 | WER=33.333333 | S=2 D=0 I=0
2026-01-21 16:22:56,627 | INFO | Chunk: 3 | WER=33.333333 | S=3 D=0 I=0
2026-01-21 16:22:56,627 | INFO | Chunk: 4 | WER=5.882353 | S=1 D=0 I=0
2026-01-21 16:22:56,627 | INFO | Chunk: 5 | WER=7.692308 | S=1 D=0 I=0
2026-01-21 16:22:56,628 | INFO | Chunk: 6 | WER=11.111111 | S=0 D=2 I=0
2026-01-21 16:22:56,628 | INFO | Chunk: 7 | WER=0.000000 | S=0 D=0 I=0
2026-01-21 16:22:56,628 | INFO | Chunk: 8 | WER=20.000000 | S=2 D=0 I=0
2026-01-21 16:22:56,629 | INFO | Chunk: 9 | WER=9.090909 | S=0 D=1 I=0
2026-01-21 16:22:56,629 | INFO | Chunk: 10 | WER=40.000000 | S=2 D=6 I=0
2026-01-21 16:22:56,629 | INFO | Chunk: 11 | WER=150.000000 | S=2 D=0 I=1
2026-01-21 16:22:56,629 | INFO | Chunk: 12 | WER=22.222222 | S=1 D=0 I=1
2026-01-21 16:22:56,630 | INFO | Chunk: 13 | WER=4.761905 | S=1 D=0 I=0
2026-01-21 16:22:56,630 | INFO | Chunk: 14 | WER=12.500000 | S=1 D=0 I=0
2026-01-21 16:22:56,630 | INFO | ------------------------------
2026-01-21 16:22:56,630 | INFO | ------------------------------
2026-01-21 16:22:56,645 | INFO | File: AEX-CAC000-02_L01.wav | WER=15.909091 | S=17 D=3 I=8
2026-01-21 16:22:56,645 | INFO | ------------------------------
2026-01-21 16:22:56,645 | INFO |  File duration: 70.09696145124717 seconds
2026-01-21 16:23:04,764 | INFO | Number of chunks: 12
2026-01-21 16:23:14,417 | INFO | Chunk: 0 | WER=0.000000 | S=0 D=0 I=0
2026-01-21 16:23:14,417 | INFO | Chunk: 1 | WER=14.285714 | S=2 D=0 I=0
2026-01-21 16:23:14,418 | INFO | Chunk: 2 | WER=0.000000 | S=0 D=0 I=0
2026-01-21 16:23:14,418 | INFO | Chunk: 3 | WER=0.000000 | S=0 D=0 I=0
2026-01-21 16:23:14,418 | INFO | Chunk: 4 | WER=14.285714 | S=1 D=0 I=0
2026-01-21 16:23:14,418 | INFO | Chunk: 5 | WER=50.000000 | S=1 D=0 I=0
2026-01-21 16:23:14,419 | INFO | Chunk: 6 | WER=0.000000 | S=0 D=0 I=0
2026-01-21 16:23:14,419 | INFO | Chunk: 7 | WER=8.695652 | S=2 D=0 I=0
2026-01-21 16:23:14,419 | INFO | Chunk: 8 | WER=9.090909 | S=1 D=0 I=0
2026-01-21 16:23:14,420 | INFO | Chunk: 9 | WER=56.250000 | S=7 D=2 I=0
2026-01-21 16:23:14,420 | INFO | Chunk: 10 | WER=0.000000 | S=0 D=0 I=0
2026-01-21 16:23:14,421 | INFO | Chunk: 11 | WER=20.000000 | S=5 D=1 I=0
2026-01-21 16:23:14,421 | INFO | ------------------------------
2026-01-21 16:23:14,421 | INFO | ------------------------------
2026-01-21 16:23:14,435 | INFO | File: AEX-CAG000-01_L01.wav | WER=12.643678 | S=19 D=2 I=1
2026-01-21 16:23:14,435 | INFO | ------------------------------
2026-01-21 16:23:14,435 | INFO |  File duration: 75.73018140589569 seconds
2026-01-21 16:23:23,339 | INFO | Number of chunks: 11
2026-01-21 16:23:32,994 | INFO | Chunk: 0 | WER=0.000000 | S=0 D=0 I=0
2026-01-21 16:23:32,995 | INFO | Chunk: 1 | WER=280.000000 | S=5 D=0 I=9
2026-01-21 16:23:32,995 | INFO | Chunk: 2 | WER=14.285714 | S=2 D=0 I=0
2026-01-21 16:23:32,995 | INFO | Chunk: 3 | WER=33.333333 | S=3 D=0 I=0
2026-01-21 16:23:32,996 | INFO | Chunk: 4 | WER=0.000000 | S=0 D=0 I=0
2026-01-21 16:23:32,996 | INFO | Chunk: 5 | WER=66.666667 | S=3 D=0 I=3
2026-01-21 16:23:32,997 | INFO | Chunk: 6 | WER=3.846154 | S=0 D=1 I=0
2026-01-21 16:23:32,997 | INFO | Chunk: 7 | WER=8.695652 | S=2 D=0 I=0
2026-01-21 16:23:32,998 | INFO | Chunk: 8 | WER=12.000000 | S=2 D=0 I=1
2026-01-21 16:23:32,998 | INFO | Chunk: 9 | WER=27.272727 | S=3 D=0 I=0
2026-01-21 16:23:32,999 | INFO | Chunk: 10 | WER=20.689655 | S=4 D=2 I=0
2026-01-21 16:23:32,999 | INFO | ------------------------------
2026-01-21 16:23:32,999 | INFO | ------------------------------
2026-01-21 16:23:33,016 | INFO | File: AEX-CLJ000-02_L01.wav | WER=22.727273 | S=16 D=2 I=22
2026-01-21 16:23:33,016 | INFO | ------------------------------
2026-01-21 16:23:33,016 | INFO |  File duration: 58.55369614512472 seconds
2026-01-21 16:23:41,035 | INFO | Number of chunks: 5
2026-01-21 16:23:47,584 | INFO | Chunk: 0 | WER=43.750000 | S=0 D=14 I=0
2026-01-21 16:23:47,584 | INFO | Chunk: 1 | WER=33.333333 | S=3 D=0 I=0
2026-01-21 16:23:47,585 | INFO | Chunk: 2 | WER=6.250000 | S=1 D=2 I=0
2026-01-21 16:23:47,587 | INFO | Chunk: 3 | WER=37.288136 | S=1 D=21 I=0
2026-01-21 16:23:47,588 | INFO | Chunk: 4 | WER=6.666667 | S=1 D=1 I=0
2026-01-21 16:23:47,588 | INFO | ------------------------------
2026-01-21 16:23:47,588 | INFO | ------------------------------
2026-01-21 16:23:47,601 | INFO | File: AEX-CML000-01_L01.wav | WER=25.000000 | S=6 D=37 I=1
2026-01-21 16:23:47,601 | INFO | ------------------------------
2026-01-21 16:23:47,601 | INFO |  File duration: 76.21907029478459 seconds
2026-01-21 16:23:56,913 | INFO | Number of chunks: 12
2026-01-21 16:24:05,618 | INFO | Chunk: 0 | WER=5.555556 | S=1 D=0 I=0
2026-01-21 16:24:05,618 | INFO | Chunk: 1 | WER=14.285714 | S=2 D=0 I=0
2026-01-21 16:24:05,618 | INFO | Chunk: 2 | WER=22.222222 | S=2 D=0 I=0
2026-01-21 16:24:05,619 | INFO | Chunk: 3 | WER=5.882353 | S=1 D=0 I=0
2026-01-21 16:24:05,619 | INFO | Chunk: 4 | WER=50.000000 | S=1 D=11 I=0
2026-01-21 16:24:05,619 | INFO | Chunk: 5 | WER=0.000000 | S=0 D=0 I=0
2026-01-21 16:24:05,619 | INFO | Chunk: 6 | WER=15.384615 | S=2 D=0 I=0
2026-01-21 16:24:05,620 | INFO | Chunk: 7 | WER=20.000000 | S=2 D=0 I=0
2026-01-21 16:24:05,620 | INFO | Chunk: 8 | WER=18.181818 | S=0 D=2 I=0
2026-01-21 16:24:05,620 | INFO | Chunk: 9 | WER=14.285714 | S=2 D=0 I=0
2026-01-21 16:24:05,620 | INFO | Chunk: 10 | WER=100.000000 | S=2 D=0 I=0
2026-01-21 16:24:05,621 | INFO | Chunk: 11 | WER=24.390244 | S=4 D=6 I=0
2026-01-21 16:24:05,622 | INFO | ------------------------------
2026-01-21 16:24:05,622 | INFO | ------------------------------
2026-01-21 16:24:05,636 | INFO | File: AEX-CSR000-01_L01.wav | WER=19.774011 | S=19 D=16 I=0
2026-01-21 16:24:05,636 | INFO | ------------------------------
2026-01-21 16:24:05,636 | INFO |  File duration: 86.34117913832199 seconds
2026-01-21 16:24:14,702 | INFO | Number of chunks: 17
2026-01-21 16:24:24,238 | INFO | Chunk: 0 | WER=100.000000 | S=2 D=0 I=0
2026-01-21 16:24:24,238 | INFO | Chunk: 1 | WER=0.000000 | S=0 D=0 I=0
2026-01-21 16:24:24,239 | INFO | Chunk: 2 | WER=14.285714 | S=2 D=0 I=0
2026-01-21 16:24:24,239 | INFO | Chunk: 3 | WER=33.333333 | S=3 D=0 I=0
2026-01-21 16:24:24,239 | INFO | Chunk: 4 | WER=5.882353 | S=1 D=0 I=0
2026-01-21 16:24:24,240 | INFO | Chunk: 5 | WER=0.000000 | S=0 D=0 I=0
2026-01-21 16:24:24,240 | INFO | Chunk: 6 | WER=0.000000 | S=0 D=0 I=0
2026-01-21 16:24:24,240 | INFO | Chunk: 7 | WER=0.000000 | S=0 D=0 I=0
2026-01-21 16:24:24,240 | INFO | Chunk: 8 | WER=0.000000 | S=0 D=0 I=0
2026-01-21 16:24:24,241 | INFO | Chunk: 9 | WER=20.000000 | S=2 D=0 I=0
2026-01-21 16:24:24,241 | INFO | Chunk: 10 | WER=0.000000 | S=0 D=0 I=0
2026-01-21 16:24:24,241 | INFO | Chunk: 11 | WER=7.142857 | S=1 D=0 I=0
2026-01-21 16:24:24,241 | INFO | Chunk: 12 | WER=50.000000 | S=1 D=0 I=0
2026-01-21 16:24:24,242 | INFO | Chunk: 13 | WER=0.000000 | S=0 D=0 I=0
2026-01-21 16:24:24,242 | INFO | Chunk: 14 | WER=4.761905 | S=1 D=0 I=0
2026-01-21 16:24:24,242 | INFO | Chunk: 15 | WER=0.000000 | S=0 D=0 I=0
2026-01-21 16:24:24,242 | INFO | Chunk: 16 | WER=0.000000 | S=0 D=0 I=0
2026-01-21 16:24:24,242 | INFO | ------------------------------
2026-01-21 16:24:24,242 | INFO | ------------------------------
2026-01-21 16:24:24,256 | INFO | File: BEX-CDB000-01_L01.wav | WER=7.428571 | S=11 D=0 I=2
2026-01-21 16:24:24,256 | INFO | ------------------------------
2026-01-21 16:24:24,256 | INFO |  File duration: 72.99619047619048 seconds
2026-01-21 16:24:32,669 | INFO | Number of chunks: 7
2026-01-21 16:24:40,418 | INFO | Chunk: 0 | WER=58.139535 | S=2 D=23 I=0
2026-01-21 16:24:40,419 | INFO | Chunk: 1 | WER=12.195122 | S=4 D=1 I=0
2026-01-21 16:24:40,419 | INFO | Chunk: 2 | WER=0.000000 | S=0 D=0 I=0
2026-01-21 16:24:40,420 | INFO | Chunk: 3 | WER=33.333333 | S=8 D=3 I=1
2026-01-21 16:24:40,420 | INFO | Chunk: 4 | WER=20.000000 | S=3 D=2 I=0
2026-01-21 16:24:40,421 | INFO | Chunk: 5 | WER=18.181818 | S=3 D=1 I=0
2026-01-21 16:24:40,421 | INFO | Chunk: 6 | WER=50.000000 | S=2 D=2 I=0
2026-01-21 16:24:40,421 | INFO | ------------------------------
2026-01-21 16:24:40,421 | INFO | ------------------------------
2026-01-21 16:24:40,434 | INFO | File: BEX-CEB000-01_L01.wav | WER=29.545455 | S=19 D=29 I=4
2026-01-21 16:24:40,434 | INFO | ------------------------------
2026-01-21 16:24:40,434 | INFO |  File duration: 60.74340136054422 seconds
2026-01-21 16:24:48,681 | INFO | Number of chunks: 4
2026-01-21 16:24:54,749 | INFO | Chunk: 0 | WER=68.965517 | S=0 D=40 I=0
2026-01-21 16:24:54,750 | INFO | Chunk: 1 | WER=3.225806 | S=0 D=1 I=0
2026-01-21 16:24:54,751 | INFO | Chunk: 2 | WER=2.941176 | S=1 D=0 I=0
2026-01-21 16:24:54,752 | INFO | Chunk: 3 | WER=48.148148 | S=4 D=22 I=0
2026-01-21 16:24:54,752 | INFO | ------------------------------
2026-01-21 16:24:54,752 | INFO | ------------------------------
2026-01-21 16:24:54,762 | INFO | File: BEX-CHE000-01_L01.wav | WER=38.418079 | S=5 D=63 I=0
2026-01-21 16:24:54,763 | INFO | ------------------------------
2026-01-21 16:24:54,763 | INFO |  File duration: 77.60358276643991 seconds
2026-01-21 16:25:03,691 | INFO | Number of chunks: 14
2026-01-21 16:25:13,532 | INFO | Chunk: 0 | WER=100.000000 | S=2 D=0 I=0
2026-01-21 16:25:13,533 | INFO | Chunk: 1 | WER=0.000000 | S=0 D=0 I=0
2026-01-21 16:25:13,533 | INFO | Chunk: 2 | WER=14.285714 | S=2 D=0 I=0
2026-01-21 16:25:13,533 | INFO | Chunk: 3 | WER=33.333333 | S=3 D=0 I=0
2026-01-21 16:25:13,534 | INFO | Chunk: 4 | WER=0.000000 | S=0 D=0 I=0
2026-01-21 16:25:13,534 | INFO | Chunk: 5 | WER=0.000000 | S=0 D=0 I=0
2026-01-21 16:25:13,534 | INFO | Chunk: 6 | WER=11.111111 | S=0 D=2 I=0
2026-01-21 16:25:13,535 | INFO | Chunk: 7 | WER=8.695652 | S=2 D=0 I=0
2026-01-21 16:25:13,535 | INFO | Chunk: 8 | WER=18.181818 | S=0 D=2 I=0
2026-01-21 16:25:13,535 | INFO | Chunk: 9 | WER=0.000000 | S=0 D=0 I=0
2026-01-21 16:25:13,536 | INFO | Chunk: 10 | WER=0.000000 | S=0 D=0 I=0
2026-01-21 16:25:13,536 | INFO | Chunk: 11 | WER=22.222222 | S=2 D=0 I=0
2026-01-21 16:25:13,536 | INFO | Chunk: 12 | WER=19.047619 | S=3 D=1 I=0
2026-01-21 16:25:13,536 | INFO | Chunk: 13 | WER=12.500000 | S=1 D=0 I=0
2026-01-21 16:25:13,537 | INFO | ------------------------------
2026-01-21 16:25:13,537 | INFO | ------------------------------
2026-01-21 16:25:13,551 | INFO | File: BEX-CKN000-01_L01.wav | WER=11.299435 | S=13 D=5 I=2
2026-01-21 16:25:13,551 | INFO | ------------------------------
2026-01-21 16:25:13,551 | INFO |  File duration: 80.38402083333334 seconds
2026-01-21 16:25:23,840 | INFO | Number of chunks: 14
2026-01-21 16:25:32,882 | INFO | Chunk: 0 | WER=10.000000 | S=2 D=0 I=0
2026-01-21 16:25:32,883 | INFO | Chunk: 1 | WER=14.285714 | S=2 D=0 I=0
2026-01-21 16:25:32,883 | INFO | Chunk: 2 | WER=44.444444 | S=3 D=0 I=1
2026-01-21 16:25:32,884 | INFO | Chunk: 3 | WER=13.043478 | S=1 D=2 I=0
2026-01-21 16:25:32,884 | INFO | Chunk: 4 | WER=13.333333 | S=0 D=2 I=0
2026-01-21 16:25:32,884 | INFO | Chunk: 5 | WER=14.285714 | S=0 D=1 I=0
2026-01-21 16:25:32,884 | INFO | Chunk: 6 | WER=5.555556 | S=1 D=0 I=0
2026-01-21 16:25:32,885 | INFO | Chunk: 7 | WER=35.714286 | S=0 D=5 I=0
2026-01-21 16:25:32,885 | INFO | Chunk: 8 | WER=25.000000 | S=2 D=0 I=0
2026-01-21 16:25:32,885 | INFO | Chunk: 9 | WER=0.000000 | S=0 D=0 I=0
2026-01-21 16:25:32,885 | INFO | Chunk: 10 | WER=50.000000 | S=1 D=0 I=0
2026-01-21 16:25:32,886 | INFO | Chunk: 11 | WER=7.407407 | S=2 D=0 I=0
2026-01-21 16:25:32,886 | INFO | Chunk: 12 | WER=0.000000 | S=0 D=0 I=0
2026-01-21 16:25:32,886 | INFO | Chunk: 13 | WER=37.500000 | S=0 D=3 I=0
2026-01-21 16:25:32,887 | INFO | ------------------------------
2026-01-21 16:25:32,887 | INFO | ------------------------------
2026-01-21 16:25:32,901 | INFO | File: BEX-CMB000-01_L01.wav | WER=17.543860 | S=11 D=13 I=6
2026-01-21 16:25:32,901 | INFO | ------------------------------
2026-01-21 16:25:32,901 | INFO |  File duration: 77.83328798185941 seconds
2026-01-21 16:25:43,057 | INFO | Number of chunks: 11
2026-01-21 16:25:51,705 | INFO | Chunk: 0 | WER=0.000000 | S=1 D=0 I=0
2026-01-21 16:25:51,705 | INFO | Chunk: 1 | WER=100.000000 | S=2 D=0 I=0
2026-01-21 16:25:51,706 | INFO | Chunk: 2 | WER=0.000000 | S=0 D=0 I=0
2026-01-21 16:25:51,706 | INFO | Chunk: 3 | WER=7.142857 | S=1 D=0 I=0
2026-01-21 16:25:51,706 | INFO | Chunk: 4 | WER=44.444444 | S=4 D=0 I=0
2026-01-21 16:25:51,706 | INFO | Chunk: 5 | WER=17.647059 | S=2 D=1 I=0
2026-01-21 16:25:51,707 | INFO | Chunk: 6 | WER=0.000000 | S=0 D=0 I=0
2026-01-21 16:25:51,707 | INFO | Chunk: 7 | WER=11.111111 | S=0 D=2 I=0
2026-01-21 16:25:51,708 | INFO | Chunk: 8 | WER=35.416667 | S=3 D=14 I=0
2026-01-21 16:25:51,709 | INFO | Chunk: 9 | WER=25.000000 | S=8 D=1 I=0
2026-01-21 16:25:51,710 | INFO | Chunk: 10 | WER=12.500000 | S=1 D=0 I=0
2026-01-21 16:25:51,710 | INFO | ------------------------------
2026-01-21 16:25:51,710 | INFO | ------------------------------
2026-01-21 16:25:51,725 | INFO | File: BEX-CNKN00-01_L01.wav | WER=20.338983 | S=19 D=14 I=3
2026-01-21 16:25:51,725 | INFO | ------------------------------
2026-01-21 16:25:51,725 | INFO | ===================== GLOBAL WER ======================
2026-01-21 16:25:51,725 | INFO | The number of files is 12
2026-01-21 16:25:51,725 | INFO | WER: 19.85%
2026-01-21 16:25:51,725 | INFO | =============================================================
