2026-01-21 21:46:47,440 | INFO | Fetch hyperparams.yaml: Using file found at '/vol/experiments3/imbenamor/TAPAS-FRAIS/models/asr-whisper-large-v2-commonvoice-fr/hyperparams.yaml'
2026-01-21 21:46:47,440 | DEBUG | Fetch: Source and destination '/vol/experiments3/imbenamor/TAPAS-FRAIS/models/asr-whisper-large-v2-commonvoice-fr/custom.py' are identical, returning assuming this is intended
2026-01-21 21:46:51,026 | WARNING | speechbrain.lobes.models.huggingface_transformers.huggingface - WhisperModel is frozen.
2026-01-21 21:46:51,027 | WARNING | speechbrain.lobes.models.huggingface_transformers.whisper - whisper encoder-decoder is frozen.
2026-01-21 21:46:51,425 | DEBUG | Collecting files (or symlinks) for pretraining in /vol/experiments3/imbenamor/TAPAS-FRAIS/models/asr-whisper-large-v2-commonvoice-fr.
2026-01-21 21:46:51,426 | INFO | Fetch whisper.ckpt: Using file found at '/vol/experiments3/imbenamor/TAPAS-FRAIS/models/asr-whisper-large-v2-commonvoice-fr/whisper.ckpt'
2026-01-21 21:46:51,426 | DEBUG | Set local path in self.paths["whisper"] = /vol/experiments3/imbenamor/TAPAS-FRAIS/models/asr-whisper-large-v2-commonvoice-fr/whisper.ckpt
2026-01-21 21:46:51,426 | INFO | Loading pretrained files for: whisper
2026-01-21 21:46:51,426 | DEBUG | Redirecting (loading from local path): whisper -> /vol/experiments3/imbenamor/TAPAS-FRAIS/models/asr-whisper-large-v2-commonvoice-fr/whisper.ckpt
2026-01-21 21:46:57,463 | INFO |  File duration: 116.70349206349206 seconds
2026-01-21 21:47:10,595 | INFO | Using rVAD model
2026-01-21 21:47:15,217 | INFO | Number of chunks: 13
2026-01-21 21:47:26,524 | INFO | Chunk: 1 | WER=2.380952 | S=1 D=0 I=0
2026-01-21 21:47:26,525 | INFO | Chunk: 2 | WER=2.777778 | S=0 D=1 I=0
2026-01-21 21:47:26,526 | INFO | Chunk: 3 | WER=18.750000 | S=1 D=2 I=0
2026-01-21 21:47:26,526 | INFO | Chunk: 4 | WER=0.000000 | S=0 D=0 I=0
2026-01-21 21:47:26,527 | INFO | Chunk: 5 | WER=3.448276 | S=0 D=1 I=0
2026-01-21 21:47:26,527 | INFO | Chunk: 6 | WER=150.000000 | S=2 D=0 I=1
2026-01-21 21:47:26,527 | INFO | Chunk: 7 | WER=0.000000 | S=0 D=0 I=0
2026-01-21 21:47:26,527 | INFO | Chunk: 8 | WER=10.000000 | S=0 D=1 I=0
2026-01-21 21:47:26,528 | INFO | Chunk: 9 | WER=0.000000 | S=0 D=0 I=0
2026-01-21 21:47:26,528 | INFO | Chunk: 10 | WER=7.142857 | S=1 D=0 I=0
2026-01-21 21:47:26,528 | INFO | Chunk: 11 | WER=9.090909 | S=2 D=0 I=0
2026-01-21 21:47:26,529 | INFO | Chunk: 12 | WER=13.636364 | S=0 D=3 I=0
2026-01-21 21:47:26,529 | INFO | ------------------------------
2026-01-21 21:47:26,529 | INFO | ------------------------------
2026-01-21 21:47:26,553 | INFO | File: MO_F_AV01_2016_04_08_ModuleDescription_description.wav | WER=8.163265 | S=7 D=8 I=5
2026-01-21 21:47:26,554 | INFO | ------------------------------
2026-01-21 21:47:26,554 | INFO |  File duration: 27.353106575963718 seconds
2026-01-21 21:47:28,891 | INFO | Using rVAD model
2026-01-21 21:47:29,944 | INFO | Number of chunks: 4
2026-01-21 21:47:31,965 | INFO | Chunk: 0 | WER=27.450980 | S=0 D=14 I=0
2026-01-21 21:47:31,965 | INFO | Chunk: 2 | WER=90.000000 | S=4 D=5 I=0
2026-01-21 21:47:31,965 | INFO | ------------------------------
2026-01-21 21:47:31,965 | INFO | ------------------------------
2026-01-21 21:47:31,968 | INFO | File: MO_F_AV06_2016_04_13_ModuleDescription_description.wav | WER=37.704918 | S=6 D=17 I=0
2026-01-21 21:47:31,968 | INFO | ------------------------------
2026-01-21 21:47:31,968 | INFO |  File duration: 90.53460317460318 seconds
2026-01-21 21:47:42,348 | INFO | Using rVAD model
2026-01-21 21:47:45,914 | INFO | Number of chunks: 7
2026-01-21 21:47:54,703 | INFO | Chunk: 0 | WER=0.000000 | S=0 D=0 I=0
2026-01-21 21:47:54,703 | INFO | Chunk: 1 | WER=0.000000 | S=0 D=0 I=0
2026-01-21 21:47:54,705 | INFO | Chunk: 2 | WER=41.558442 | S=5 D=27 I=0
2026-01-21 21:47:54,707 | INFO | Chunk: 3 | WER=33.928571 | S=0 D=19 I=0
2026-01-21 21:47:54,710 | INFO | Chunk: 4 | WER=47.058824 | S=7 D=41 I=0
2026-01-21 21:47:54,710 | INFO | Chunk: 5 | WER=27.272727 | S=1 D=1 I=1
2026-01-21 21:47:54,710 | INFO | Chunk: 6 | WER=400.000000 | S=1 D=0 I=3
2026-01-21 21:47:54,710 | INFO | ------------------------------
2026-01-21 21:47:54,710 | INFO | ------------------------------
2026-01-21 21:47:54,730 | INFO | File: MO_F_AV09_2016_04_15_ModuleDescription_description.wav | WER=40.151515 | S=14 D=88 I=4
2026-01-21 21:47:54,730 | INFO | ------------------------------
2026-01-21 21:47:54,730 | INFO |  File duration: 75.62739229024943 seconds
2026-01-21 21:47:59,440 | INFO | Using rVAD model
2026-01-21 21:48:02,398 | INFO | Number of chunks: 16
2026-01-21 21:48:07,947 | INFO | Chunk: 0 | WER=75.000000 | S=0 D=1 I=2
2026-01-21 21:48:07,948 | INFO | Chunk: 1 | WER=150.000000 | S=2 D=0 I=1
2026-01-21 21:48:07,948 | INFO | Chunk: 2 | WER=50.000000 | S=2 D=0 I=0
2026-01-21 21:48:07,948 | INFO | Chunk: 3 | WER=50.000000 | S=1 D=0 I=0
2026-01-21 21:48:07,948 | INFO | Chunk: 5 | WER=17.647059 | S=2 D=0 I=1
2026-01-21 21:48:07,948 | INFO | Chunk: 6 | WER=0.000000 | S=0 D=0 I=0
2026-01-21 21:48:07,949 | INFO | Chunk: 8 | WER=66.666667 | S=4 D=0 I=0
2026-01-21 21:48:07,949 | INFO | Chunk: 9 | WER=100.000000 | S=2 D=0 I=0
2026-01-21 21:48:07,949 | INFO | Chunk: 10 | WER=33.333333 | S=0 D=1 I=0
2026-01-21 21:48:07,949 | INFO | Chunk: 11 | WER=85.714286 | S=4 D=2 I=0
2026-01-21 21:48:07,949 | INFO | Chunk: 12 | WER=100.000000 | S=2 D=1 I=0
2026-01-21 21:48:07,949 | INFO | Chunk: 13 | WER=100.000000 | S=1 D=2 I=0
2026-01-21 21:48:07,949 | INFO | Chunk: 14 | WER=0.000000 | S=0 D=0 I=0
2026-01-21 21:48:07,950 | INFO | ------------------------------
2026-01-21 21:48:07,950 | INFO | ------------------------------
2026-01-21 21:48:07,953 | INFO | File: MO_F_AV14_2016_04_18_ModuleDescription_description.wav | WER=56.250000 | S=21 D=6 I=9
2026-01-21 21:48:07,953 | INFO | ------------------------------
2026-01-21 21:48:07,953 | INFO |  File duration: 58.28208616780045 seconds
2026-01-21 21:48:12,672 | INFO | Using rVAD model
2026-01-21 21:48:14,946 | INFO | Number of chunks: 9
2026-01-21 21:48:20,254 | INFO | Chunk: 0 | WER=25.000000 | S=1 D=1 I=0
2026-01-21 21:48:20,254 | INFO | Chunk: 1 | WER=0.000000 | S=0 D=0 I=0
2026-01-21 21:48:20,255 | INFO | Chunk: 2 | WER=33.333333 | S=1 D=0 I=1
2026-01-21 21:48:20,255 | INFO | Chunk: 3 | WER=0.000000 | S=0 D=0 I=0
2026-01-21 21:48:20,255 | INFO | Chunk: 4 | WER=66.666667 | S=1 D=3 I=0
2026-01-21 21:48:20,255 | INFO | Chunk: 6 | WER=20.000000 | S=3 D=0 I=0
2026-01-21 21:48:20,256 | INFO | Chunk: 7 | WER=70.000000 | S=3 D=4 I=0
2026-01-21 21:48:20,256 | INFO | Chunk: 8 | WER=0.000000 | S=0 D=0 I=0
2026-01-21 21:48:20,256 | INFO | ------------------------------
2026-01-21 21:48:20,256 | INFO | ------------------------------
2026-01-21 21:48:20,261 | INFO | File: MO_F_AV17_2016_04_18_ModuleDescription_description.wav | WER=20.833333 | S=10 D=7 I=3
2026-01-21 21:48:20,261 | INFO | ------------------------------
2026-01-21 21:48:20,262 | INFO |  File duration: 70.37968253968253 seconds
2026-01-21 21:48:25,839 | INFO | Using rVAD model
2026-01-21 21:48:28,588 | INFO | Number of chunks: 10
2026-01-21 21:48:35,516 | INFO | Chunk: 0 | WER=35.000000 | S=4 D=17 I=0
2026-01-21 21:48:35,517 | INFO | Chunk: 1 | WER=58.333333 | S=6 D=0 I=1
2026-01-21 21:48:35,517 | INFO | Chunk: 2 | WER=0.000000 | S=0 D=0 I=0
2026-01-21 21:48:35,517 | INFO | Chunk: 3 | WER=6.666667 | S=0 D=1 I=0
2026-01-21 21:48:35,517 | INFO | Chunk: 4 | WER=27.272727 | S=3 D=0 I=0
2026-01-21 21:48:35,518 | INFO | Chunk: 5 | WER=0.000000 | S=0 D=0 I=0
2026-01-21 21:48:35,518 | INFO | Chunk: 6 | WER=0.000000 | S=0 D=0 I=0
2026-01-21 21:48:35,518 | INFO | Chunk: 7 | WER=0.000000 | S=0 D=0 I=0
2026-01-21 21:48:35,518 | INFO | Chunk: 8 | WER=12.500000 | S=1 D=0 I=0
2026-01-21 21:48:35,518 | INFO | ------------------------------
2026-01-21 21:48:35,518 | INFO | ------------------------------
2026-01-21 21:48:35,527 | INFO | File: MO_F_AV21_2016_04_18_ModuleDescription_description.wav | WER=29.285714 | S=15 D=17 I=9
2026-01-21 21:48:35,527 | INFO | ------------------------------
2026-01-21 21:48:35,528 | INFO |  File duration: 94.57487528344672 seconds
2026-01-21 21:48:43,833 | INFO | Using rVAD model
2026-01-21 21:48:47,511 | INFO | Number of chunks: 21
2026-01-21 21:48:58,173 | INFO | Chunk: 0 | WER=0.000000 | S=0 D=0 I=0
2026-01-21 21:48:58,173 | INFO | Chunk: 1 | WER=27.272727 | S=2 D=1 I=0
2026-01-21 21:48:58,173 | INFO | Chunk: 2 | WER=50.000000 | S=1 D=1 I=0
2026-01-21 21:48:58,174 | INFO | Chunk: 3 | WER=46.666667 | S=3 D=4 I=0
2026-01-21 21:48:58,174 | INFO | Chunk: 4 | WER=11.111111 | S=1 D=0 I=0
2026-01-21 21:48:58,174 | INFO | Chunk: 5 | WER=25.000000 | S=2 D=0 I=1
2026-01-21 21:48:58,174 | INFO | Chunk: 6 | WER=37.500000 | S=1 D=1 I=1
2026-01-21 21:48:58,174 | INFO | Chunk: 7 | WER=0.000000 | S=0 D=0 I=0
2026-01-21 21:48:58,175 | INFO | Chunk: 8 | WER=0.000000 | S=0 D=0 I=0
2026-01-21 21:48:58,175 | INFO | Chunk: 9 | WER=0.000000 | S=0 D=0 I=0
2026-01-21 21:48:58,175 | INFO | Chunk: 10 | WER=50.000000 | S=1 D=0 I=0
2026-01-21 21:48:58,175 | INFO | Chunk: 11 | WER=6.666667 | S=1 D=0 I=0
2026-01-21 21:48:58,175 | INFO | Chunk: 13 | WER=0.000000 | S=0 D=0 I=0
2026-01-21 21:48:58,176 | INFO | Chunk: 14 | WER=0.000000 | S=0 D=0 I=0
2026-01-21 21:48:58,176 | INFO | Chunk: 15 | WER=18.750000 | S=2 D=1 I=0
2026-01-21 21:48:58,176 | INFO | Chunk: 16 | WER=0.000000 | S=0 D=0 I=0
2026-01-21 21:48:58,176 | INFO | Chunk: 17 | WER=0.000000 | S=0 D=0 I=0
2026-01-21 21:48:58,176 | INFO | Chunk: 18 | WER=11.111111 | S=0 D=0 I=1
2026-01-21 21:48:58,177 | INFO | Chunk: 19 | WER=400.000000 | S=1 D=0 I=3
2026-01-21 21:48:58,177 | INFO | Chunk: 20 | WER=300.000000 | S=1 D=0 I=2
2026-01-21 21:48:58,177 | INFO | ------------------------------
2026-01-21 21:48:58,177 | INFO | ------------------------------
2026-01-21 21:48:58,188 | INFO | File: MO_F_AV23_2016_04_19_ModuleDescription_description.wav | WER=22.784810 | S=16 D=8 I=12
2026-01-21 21:48:58,188 | INFO | ------------------------------
2026-01-21 21:48:58,189 | INFO |  File duration: 65.15519274376418 seconds
2026-01-21 21:49:03,727 | INFO | Using rVAD model
2026-01-21 21:49:06,286 | INFO | Number of chunks: 13
2026-01-21 21:49:13,160 | INFO | Chunk: 0 | WER=0.000000 | S=0 D=0 I=0
2026-01-21 21:49:13,160 | INFO | Chunk: 1 | WER=20.000000 | S=0 D=1 I=0
2026-01-21 21:49:13,160 | INFO | Chunk: 2 | WER=0.000000 | S=0 D=0 I=0
2026-01-21 21:49:13,160 | INFO | Chunk: 3 | WER=33.333333 | S=2 D=0 I=0
2026-01-21 21:49:13,161 | INFO | Chunk: 4 | WER=14.285714 | S=1 D=0 I=1
2026-01-21 21:49:13,161 | INFO | Chunk: 5 | WER=25.000000 | S=0 D=0 I=1
2026-01-21 21:49:13,161 | INFO | Chunk: 6 | WER=0.000000 | S=0 D=0 I=0
2026-01-21 21:49:13,161 | INFO | Chunk: 7 | WER=14.285714 | S=1 D=0 I=0
2026-01-21 21:49:13,162 | INFO | Chunk: 8 | WER=37.500000 | S=1 D=2 I=0
2026-01-21 21:49:13,162 | INFO | Chunk: 9 | WER=15.789474 | S=1 D=2 I=0
2026-01-21 21:49:13,162 | INFO | Chunk: 10 | WER=8.333333 | S=1 D=0 I=0
2026-01-21 21:49:13,162 | INFO | Chunk: 11 | WER=0.000000 | S=0 D=0 I=0
2026-01-21 21:49:13,163 | INFO | Chunk: 12 | WER=0.000000 | S=0 D=0 I=0
2026-01-21 21:49:13,163 | INFO | ------------------------------
2026-01-21 21:49:13,163 | INFO | ------------------------------
2026-01-21 21:49:13,170 | INFO | File: MO_F_AV25_2016_05_14_ModuleDescription_description.wav | WER=11.382114 | S=7 D=5 I=2
2026-01-21 21:49:13,170 | INFO | ------------------------------
2026-01-21 21:49:13,171 | INFO |  File duration: 75.67383219954648 seconds
2026-01-21 21:49:21,707 | INFO | Using rVAD model
2026-01-21 21:49:24,663 | INFO | Number of chunks: 14
2026-01-21 21:49:33,859 | INFO | Chunk: 0 | WER=35.714286 | S=4 D=1 I=0
2026-01-21 21:49:33,860 | INFO | Chunk: 1 | WER=3.921569 | S=1 D=1 I=0
2026-01-21 21:49:33,860 | INFO | Chunk: 2 | WER=0.000000 | S=0 D=0 I=0
2026-01-21 21:49:33,860 | INFO | Chunk: 3 | WER=100.000000 | S=2 D=0 I=0
2026-01-21 21:49:33,860 | INFO | Chunk: 4 | WER=0.000000 | S=0 D=0 I=0
2026-01-21 21:49:33,861 | INFO | Chunk: 5 | WER=0.000000 | S=0 D=0 I=0
2026-01-21 21:49:33,861 | INFO | Chunk: 6 | WER=18.181818 | S=1 D=3 I=0
2026-01-21 21:49:33,862 | INFO | Chunk: 7 | WER=0.000000 | S=0 D=0 I=0
2026-01-21 21:49:33,862 | INFO | Chunk: 8 | WER=0.000000 | S=0 D=0 I=0
2026-01-21 21:49:33,862 | INFO | Chunk: 11 | WER=400.000000 | S=1 D=0 I=3
2026-01-21 21:49:33,862 | INFO | Chunk: 12 | WER=25.000000 | S=2 D=1 I=0
2026-01-21 21:49:33,863 | INFO | Chunk: 13 | WER=0.000000 | S=0 D=0 I=0
2026-01-21 21:49:33,863 | INFO | ------------------------------
2026-01-21 21:49:33,863 | INFO | ------------------------------
2026-01-21 21:49:33,876 | INFO | File: MO_F_AV26_2016_05_14_ModuleDescription_description.wav | WER=14.201183 | S=12 D=5 I=7
2026-01-21 21:49:33,876 | INFO | ------------------------------
2026-01-21 21:49:33,876 | INFO |  File duration: 84.31165532879818 seconds
2026-01-21 21:49:40,927 | INFO | Using rVAD model
2026-01-21 21:49:44,248 | INFO | Number of chunks: 20
2026-01-21 21:49:54,730 | INFO | Chunk: 0 | WER=100.000000 | S=4 D=0 I=0
2026-01-21 21:49:54,731 | INFO | Chunk: 1 | WER=25.000000 | S=2 D=7 I=0
2026-01-21 21:49:54,732 | INFO | Chunk: 3 | WER=18.181818 | S=2 D=2 I=0
2026-01-21 21:49:54,732 | INFO | Chunk: 4 | WER=0.000000 | S=0 D=0 I=0
2026-01-21 21:49:54,732 | INFO | Chunk: 5 | WER=6.666667 | S=0 D=1 I=0
2026-01-21 21:49:54,732 | INFO | Chunk: 6 | WER=16.666667 | S=1 D=0 I=0
2026-01-21 21:49:54,732 | INFO | Chunk: 7 | WER=50.000000 | S=0 D=4 I=0
2026-01-21 21:49:54,732 | INFO | Chunk: 8 | WER=150.000000 | S=2 D=0 I=1
2026-01-21 21:49:54,733 | INFO | Chunk: 9 | WER=100.000000 | S=2 D=0 I=0
2026-01-21 21:49:54,733 | INFO | Chunk: 10 | WER=150.000000 | S=3 D=0 I=3
2026-01-21 21:49:54,733 | INFO | Chunk: 11 | WER=0.000000 | S=0 D=0 I=0
2026-01-21 21:49:54,733 | INFO | Chunk: 12 | WER=1000.000000 | S=1 D=0 I=9
2026-01-21 21:49:54,733 | INFO | Chunk: 13 | WER=25.000000 | S=1 D=0 I=0
2026-01-21 21:49:54,733 | INFO | Chunk: 14 | WER=0.000000 | S=0 D=0 I=0
2026-01-21 21:49:54,733 | INFO | Chunk: 15 | WER=16.666667 | S=1 D=0 I=0
2026-01-21 21:49:54,734 | INFO | Chunk: 16 | WER=11.111111 | S=0 D=1 I=0
2026-01-21 21:49:54,734 | INFO | Chunk: 17 | WER=16.129032 | S=3 D=2 I=0
2026-01-21 21:49:54,735 | INFO | Chunk: 19 | WER=100.000000 | S=1 D=1 I=0
2026-01-21 21:49:54,735 | INFO | ------------------------------
2026-01-21 21:49:54,735 | INFO | ------------------------------
2026-01-21 21:49:54,749 | INFO | File: MO_F_AV27_2016_05_14_ModuleDescription_description.wav | WER=34.104046 | S=26 D=15 I=18
2026-01-21 21:49:54,749 | INFO | ------------------------------
2026-01-21 21:49:54,749 | INFO |  File duration: 299.5374149659864 seconds
2026-01-21 21:50:27,090 | INFO | Using rVAD model
2026-01-21 21:50:38,862 | INFO | Number of chunks: 13
2026-01-21 21:51:11,518 | INFO | Chunk: 0 | WER=7.547170 | S=1 D=2 I=1
2026-01-21 21:51:11,519 | INFO | Chunk: 1 | WER=59.740260 | S=2 D=43 I=1
2026-01-21 21:51:11,522 | INFO | Chunk: 2 | WER=60.919540 | S=27 D=24 I=2
2026-01-21 21:51:11,525 | INFO | Chunk: 3 | WER=22.222222 | S=6 D=9 I=1
2026-01-21 21:51:11,527 | INFO | Chunk: 4 | WER=47.826087 | S=11 D=33 I=0
2026-01-21 21:51:11,531 | INFO | Chunk: 5 | WER=53.398058 | S=11 D=42 I=2
2026-01-21 21:51:11,533 | INFO | Chunk: 6 | WER=46.250000 | S=15 D=22 I=0
2026-01-21 21:51:11,535 | INFO | Chunk: 7 | WER=40.625000 | S=1 D=24 I=1
2026-01-21 21:51:11,537 | INFO | Chunk: 8 | WER=56.470588 | S=0 D=47 I=1
2026-01-21 21:51:11,537 | INFO | Chunk: 9 | WER=11.111111 | S=0 D=0 I=1
2026-01-21 21:51:11,539 | INFO | Chunk: 10 | WER=39.534884 | S=1 D=32 I=1
2026-01-21 21:51:11,544 | INFO | Chunk: 11 | WER=54.545455 | S=9 D=53 I=4
2026-01-21 21:51:11,546 | INFO | Chunk: 12 | WER=59.782609 | S=7 D=47 I=1
2026-01-21 21:51:11,546 | INFO | ------------------------------
2026-01-21 21:51:11,546 | INFO | ------------------------------
2026-01-21 21:51:11,828 | INFO | File: MO_F_AV36_2016_06_07_ModuleDescription_description.wav | WER=47.208619 | S=92 D=376 I=14
2026-01-21 21:51:11,828 | INFO | ------------------------------
2026-01-21 21:51:11,828 | INFO |  File duration: 42.44607709750567 seconds
2026-01-21 21:51:14,948 | INFO | Using rVAD model
2026-01-21 21:51:16,514 | INFO | Number of chunks: 6
2026-01-21 21:51:19,285 | INFO | Chunk: 1 | WER=50.000000 | S=4 D=1 I=0
2026-01-21 21:51:19,285 | INFO | Chunk: 2 | WER=14.285714 | S=1 D=0 I=0
2026-01-21 21:51:19,285 | INFO | Chunk: 3 | WER=25.000000 | S=1 D=0 I=0
2026-01-21 21:51:19,285 | INFO | Chunk: 4 | WER=25.000000 | S=1 D=0 I=0
2026-01-21 21:51:19,286 | INFO | Chunk: 5 | WER=11.111111 | S=1 D=1 I=0
2026-01-21 21:51:19,286 | INFO | ------------------------------
2026-01-21 21:51:19,286 | INFO | ------------------------------
2026-01-21 21:51:19,288 | INFO | File: MO_F_ER02_2016_04_04_ModuleDescription_description.wav | WER=27.906977 | S=8 D=2 I=2
2026-01-21 21:51:19,288 | INFO | ------------------------------
2026-01-21 21:51:19,289 | INFO |  File duration: 30.30204081632653 seconds
2026-01-21 21:51:21,208 | INFO | Using rVAD model
2026-01-21 21:51:22,336 | INFO | Number of chunks: 6
2026-01-21 21:51:24,704 | INFO | Chunk: 0 | WER=0.000000 | S=0 D=0 I=0
2026-01-21 21:51:24,704 | INFO | Chunk: 1 | WER=33.333333 | S=1 D=0 I=0
2026-01-21 21:51:24,704 | INFO | Chunk: 2 | WER=0.000000 | S=0 D=0 I=0
2026-01-21 21:51:24,705 | INFO | Chunk: 3 | WER=28.571429 | S=4 D=0 I=0
2026-01-21 21:51:24,705 | INFO | Chunk: 4 | WER=75.000000 | S=2 D=1 I=0
2026-01-21 21:51:24,705 | INFO | ------------------------------
2026-01-21 21:51:24,705 | INFO | ------------------------------
2026-01-21 21:51:24,707 | INFO | File: MO_F_ER02_2016_06_08_ModuleDescription_description.wav | WER=27.586207 | S=8 D=0 I=0
2026-01-21 21:51:24,707 | INFO | ------------------------------
2026-01-21 21:51:24,707 | INFO |  File duration: 33.50639455782313 seconds
2026-01-21 21:51:27,086 | INFO | Using rVAD model
2026-01-21 21:51:28,375 | INFO | Number of chunks: 8
2026-01-21 21:51:31,325 | INFO | Chunk: 0 | WER=100.000000 | S=4 D=1 I=0
2026-01-21 21:51:31,325 | INFO | Chunk: 1 | WER=25.000000 | S=0 D=2 I=0
2026-01-21 21:51:31,325 | INFO | Chunk: 2 | WER=0.000000 | S=0 D=0 I=0
2026-01-21 21:51:31,325 | INFO | Chunk: 3 | WER=16.666667 | S=1 D=0 I=0
2026-01-21 21:51:31,326 | INFO | Chunk: 4 | WER=0.000000 | S=0 D=0 I=0
2026-01-21 21:51:31,326 | INFO | Chunk: 5 | WER=400.000000 | S=1 D=0 I=3
2026-01-21 21:51:31,326 | INFO | Chunk: 6 | WER=37.500000 | S=2 D=1 I=0
2026-01-21 21:51:31,326 | INFO | Chunk: 7 | WER=150.000000 | S=2 D=0 I=1
2026-01-21 21:51:31,326 | INFO | ------------------------------
2026-01-21 21:51:31,326 | INFO | ------------------------------
2026-01-21 21:51:31,328 | INFO | File: MO_F_ER06_2016_04_06_ModuleDescription_description.wav | WER=47.368421 | S=10 D=4 I=4
2026-01-21 21:51:31,328 | INFO | ------------------------------
2026-01-21 21:51:31,329 | INFO |  File duration: 92.13678004535147 seconds
2026-01-21 21:51:40,945 | INFO | Using rVAD model
2026-01-21 21:51:44,567 | INFO | Number of chunks: 17
2026-01-21 21:51:54,126 | INFO | Chunk: 0 | WER=37.500000 | S=3 D=0 I=0
2026-01-21 21:51:54,127 | INFO | Chunk: 1 | WER=0.000000 | S=0 D=0 I=0
2026-01-21 21:51:54,127 | INFO | Chunk: 2 | WER=0.000000 | S=0 D=0 I=0
2026-01-21 21:51:54,127 | INFO | Chunk: 3 | WER=11.111111 | S=0 D=1 I=0
2026-01-21 21:51:54,127 | INFO | Chunk: 4 | WER=30.000000 | S=3 D=0 I=0
2026-01-21 21:51:54,127 | INFO | Chunk: 5 | WER=0.000000 | S=0 D=0 I=0
2026-01-21 21:51:54,128 | INFO | Chunk: 6 | WER=10.000000 | S=1 D=0 I=0
2026-01-21 21:51:54,128 | INFO | Chunk: 7 | WER=100.000000 | S=1 D=0 I=0
2026-01-21 21:51:54,128 | INFO | Chunk: 8 | WER=16.666667 | S=1 D=2 I=0
2026-01-21 21:51:54,128 | INFO | Chunk: 9 | WER=25.000000 | S=0 D=0 I=1
2026-01-21 21:51:54,128 | INFO | Chunk: 10 | WER=41.666667 | S=4 D=1 I=0
2026-01-21 21:51:54,129 | INFO | Chunk: 11 | WER=20.000000 | S=2 D=0 I=1
2026-01-21 21:51:54,129 | INFO | Chunk: 12 | WER=22.222222 | S=0 D=2 I=0
2026-01-21 21:51:54,129 | INFO | Chunk: 13 | WER=10.000000 | S=0 D=0 I=1
2026-01-21 21:51:54,129 | INFO | Chunk: 14 | WER=30.000000 | S=2 D=0 I=1
2026-01-21 21:51:54,130 | INFO | Chunk: 15 | WER=19.047619 | S=2 D=1 I=1
2026-01-21 21:51:54,130 | INFO | ------------------------------
2026-01-21 21:51:54,130 | INFO | ------------------------------
2026-01-21 21:51:54,142 | INFO | File: MO_F_ER08_2016_04_07_ModuleDescription_description.wav | WER=19.496855 | S=20 D=6 I=5
2026-01-21 21:51:54,142 | INFO | ------------------------------
2026-01-21 21:51:54,142 | INFO |  File duration: 68.0344671201814 seconds
2026-01-21 21:52:01,066 | INFO | Using rVAD model
2026-01-21 21:52:03,707 | INFO | Number of chunks: 9
2026-01-21 21:52:10,986 | INFO | Chunk: 0 | WER=10.000000 | S=1 D=0 I=0
2026-01-21 21:52:10,986 | INFO | Chunk: 1 | WER=11.111111 | S=1 D=1 I=0
2026-01-21 21:52:10,987 | INFO | Chunk: 2 | WER=8.695652 | S=2 D=0 I=0
2026-01-21 21:52:10,987 | INFO | Chunk: 3 | WER=2.941176 | S=0 D=1 I=0
2026-01-21 21:52:10,988 | INFO | Chunk: 4 | WER=0.000000 | S=0 D=0 I=0
2026-01-21 21:52:10,988 | INFO | Chunk: 5 | WER=4.545455 | S=1 D=0 I=0
2026-01-21 21:52:10,988 | INFO | Chunk: 6 | WER=13.333333 | S=2 D=0 I=0
2026-01-21 21:52:10,988 | INFO | Chunk: 7 | WER=16.666667 | S=0 D=1 I=0
2026-01-21 21:52:10,989 | INFO | Chunk: 8 | WER=30.000000 | S=1 D=2 I=0
2026-01-21 21:52:10,989 | INFO | ------------------------------
2026-01-21 21:52:10,989 | INFO | ------------------------------
2026-01-21 21:52:10,999 | INFO | File: MO_F_ER08_2016_06_08_ModuleDescription_description.wav | WER=8.904110 | S=8 D=5 I=0
2026-01-21 21:52:10,999 | INFO | ------------------------------
2026-01-21 21:52:10,999 | INFO |  File duration: 88.53768707482993 seconds
2026-01-21 21:52:20,101 | INFO | Using rVAD model
2026-01-21 21:52:23,563 | INFO | Number of chunks: 7
2026-01-21 21:52:33,425 | INFO | Chunk: 0 | WER=24.590164 | S=6 D=6 I=3
2026-01-21 21:52:33,426 | INFO | Chunk: 1 | WER=12.195122 | S=3 D=1 I=1
2026-01-21 21:52:33,427 | INFO | Chunk: 2 | WER=8.333333 | S=2 D=0 I=0
2026-01-21 21:52:33,428 | INFO | Chunk: 3 | WER=13.333333 | S=4 D=2 I=0
2026-01-21 21:52:33,428 | INFO | Chunk: 4 | WER=18.181818 | S=1 D=1 I=0
2026-01-21 21:52:33,428 | INFO | Chunk: 5 | WER=0.000000 | S=0 D=0 I=0
2026-01-21 21:52:33,429 | INFO | Chunk: 6 | WER=133.333333 | S=2 D=0 I=2
2026-01-21 21:52:33,429 | INFO | ------------------------------
2026-01-21 21:52:33,429 | INFO | ------------------------------
2026-01-21 21:52:33,445 | INFO | File: MO_F_ER10_2016_04_07_ModuleDescription_description.wav | WER=17.346939 | S=18 D=10 I=6
2026-01-21 21:52:33,445 | INFO | ------------------------------
2026-01-21 21:52:33,446 | INFO |  File duration: 36.45532879818594 seconds
2026-01-21 21:52:37,448 | INFO | Using rVAD model
2026-01-21 21:52:38,839 | INFO | Number of chunks: 5
2026-01-21 21:52:42,843 | INFO | Chunk: 0 | WER=15.151515 | S=1 D=4 I=0
2026-01-21 21:52:42,844 | INFO | Chunk: 1 | WER=6.250000 | S=1 D=0 I=0
2026-01-21 21:52:42,844 | INFO | Chunk: 2 | WER=36.363636 | S=2 D=2 I=0
2026-01-21 21:52:42,845 | INFO | Chunk: 3 | WER=31.578947 | S=4 D=2 I=0
2026-01-21 21:52:42,845 | INFO | ------------------------------
2026-01-21 21:52:42,845 | INFO | ------------------------------
2026-01-21 21:52:42,849 | INFO | File: MO_F_ER16_2016_04_08_ModuleDescription_description.wav | WER=21.518987 | S=8 D=8 I=1
2026-01-21 21:52:42,849 | INFO | ------------------------------
2026-01-21 21:52:42,849 | INFO |  File duration: 165.51183673469387 seconds
2026-01-21 21:52:58,040 | INFO | Using rVAD model
2026-01-21 21:53:04,493 | INFO | Number of chunks: 20
2026-01-21 21:53:20,422 | INFO | Chunk: 0 | WER=0.000000 | S=0 D=0 I=0
2026-01-21 21:53:20,422 | INFO | Chunk: 1 | WER=0.000000 | S=0 D=0 I=0
2026-01-21 21:53:20,423 | INFO | Chunk: 2 | WER=14.814815 | S=2 D=2 I=0
2026-01-21 21:53:20,423 | INFO | Chunk: 3 | WER=0.000000 | S=0 D=0 I=0
2026-01-21 21:53:20,423 | INFO | Chunk: 4 | WER=16.666667 | S=0 D=0 I=1
2026-01-21 21:53:20,424 | INFO | Chunk: 5 | WER=66.666667 | S=2 D=0 I=0
2026-01-21 21:53:20,424 | INFO | Chunk: 7 | WER=4.347826 | S=0 D=0 I=1
2026-01-21 21:53:20,424 | INFO | Chunk: 8 | WER=25.000000 | S=2 D=1 I=0
2026-01-21 21:53:20,425 | INFO | Chunk: 9 | WER=5.555556 | S=1 D=0 I=0
2026-01-21 21:53:20,425 | INFO | Chunk: 10 | WER=0.000000 | S=0 D=0 I=0
2026-01-21 21:53:20,425 | INFO | Chunk: 11 | WER=16.666667 | S=0 D=2 I=0
2026-01-21 21:53:20,426 | INFO | Chunk: 12 | WER=20.000000 | S=0 D=1 I=0
2026-01-21 21:53:20,427 | INFO | Chunk: 13 | WER=0.000000 | S=0 D=0 I=0
2026-01-21 21:53:20,427 | INFO | Chunk: 14 | WER=0.000000 | S=0 D=0 I=0
2026-01-21 21:53:20,427 | INFO | Chunk: 15 | WER=6.250000 | S=0 D=0 I=1
2026-01-21 21:53:20,428 | INFO | Chunk: 16 | WER=10.416667 | S=2 D=3 I=0
2026-01-21 21:53:20,429 | INFO | Chunk: 17 | WER=18.181818 | S=0 D=4 I=0
2026-01-21 21:53:20,429 | INFO | Chunk: 18 | WER=100.000000 | S=1 D=0 I=0
2026-01-21 21:53:20,429 | INFO | Chunk: 19 | WER=25.000000 | S=1 D=0 I=0
2026-01-21 21:53:20,429 | INFO | ------------------------------
2026-01-21 21:53:20,429 | INFO | ------------------------------
2026-01-21 21:53:20,466 | INFO | File: MO_F_ER18_2016_04_08_ModuleDescription_description.wav | WER=9.271523 | S=11 D=13 I=4
2026-01-21 21:53:20,466 | INFO | ------------------------------
2026-01-21 21:53:20,466 | INFO |  File duration: 48.042086167800456 seconds
2026-01-21 21:53:24,192 | INFO | Using rVAD model
2026-01-21 21:53:26,060 | INFO | Number of chunks: 13
2026-01-21 21:53:31,408 | INFO | Chunk: 0 | WER=0.000000 | S=0 D=0 I=0
2026-01-21 21:53:31,408 | INFO | Chunk: 1 | WER=12.500000 | S=1 D=0 I=0
2026-01-21 21:53:31,409 | INFO | Chunk: 2 | WER=66.666667 | S=4 D=0 I=0
2026-01-21 21:53:31,409 | INFO | Chunk: 3 | WER=0.000000 | S=0 D=0 I=0
2026-01-21 21:53:31,409 | INFO | Chunk: 4 | WER=25.000000 | S=1 D=0 I=0
2026-01-21 21:53:31,410 | INFO | Chunk: 5 | WER=0.000000 | S=0 D=0 I=0
2026-01-21 21:53:31,410 | INFO | Chunk: 6 | WER=0.000000 | S=0 D=0 I=0
2026-01-21 21:53:31,410 | INFO | Chunk: 7 | WER=0.000000 | S=0 D=0 I=0
2026-01-21 21:53:31,410 | INFO | Chunk: 8 | WER=0.000000 | S=0 D=0 I=0
2026-01-21 21:53:31,410 | INFO | Chunk: 9 | WER=50.000000 | S=1 D=0 I=0
2026-01-21 21:53:31,410 | INFO | Chunk: 10 | WER=20.000000 | S=1 D=0 I=1
2026-01-21 21:53:31,411 | INFO | Chunk: 11 | WER=100.000000 | S=1 D=1 I=0
2026-01-21 21:53:31,411 | INFO | ------------------------------
2026-01-21 21:53:31,411 | INFO | ------------------------------
2026-01-21 21:53:31,415 | INFO | File: MO_F_ER19_2016_04_10_ModuleDescription_description.wav | WER=22.972973 | S=10 D=0 I=7
2026-01-21 21:53:31,415 | INFO | ------------------------------
2026-01-21 21:53:31,415 | INFO |  File duration: 37.70920634920635 seconds
2026-01-21 21:53:35,830 | INFO | Using rVAD model
2026-01-21 21:53:37,305 | INFO | Number of chunks: 2
2026-01-21 21:53:40,469 | INFO | Chunk: 0 | WER=65.420561 | S=17 D=52 I=1
2026-01-21 21:53:40,470 | INFO | Chunk: 1 | WER=75.000000 | S=5 D=7 I=0
2026-01-21 21:53:40,470 | INFO | ------------------------------
2026-01-21 21:53:40,470 | INFO | ------------------------------
2026-01-21 21:53:40,475 | INFO | File: MO_F_ER22_2016_04_12_ModuleDescription_description.wav | WER=66.666667 | S=22 D=59 I=1
2026-01-21 21:53:40,475 | INFO | ------------------------------
2026-01-21 21:53:40,475 | INFO |  File duration: 66.26975056689342 seconds
2026-01-21 21:53:45,870 | INFO | Using rVAD model
2026-01-21 21:53:48,457 | INFO | Number of chunks: 11
2026-01-21 21:53:55,634 | INFO | Chunk: 1 | WER=9.523810 | S=1 D=0 I=1
2026-01-21 21:53:55,634 | INFO | Chunk: 2 | WER=26.086957 | S=3 D=2 I=1
2026-01-21 21:53:55,635 | INFO | Chunk: 3 | WER=20.454545 | S=3 D=6 I=0
2026-01-21 21:53:55,635 | INFO | Chunk: 4 | WER=0.000000 | S=0 D=0 I=0
2026-01-21 21:53:55,636 | INFO | Chunk: 5 | WER=21.428571 | S=0 D=3 I=0
2026-01-21 21:53:55,636 | INFO | Chunk: 6 | WER=0.000000 | S=0 D=0 I=0
2026-01-21 21:53:55,636 | INFO | Chunk: 7 | WER=12.500000 | S=1 D=0 I=0
2026-01-21 21:53:55,636 | INFO | Chunk: 8 | WER=85.714286 | S=1 D=5 I=0
2026-01-21 21:53:55,636 | INFO | Chunk: 9 | WER=0.000000 | S=0 D=0 I=0
2026-01-21 21:53:55,637 | INFO | Chunk: 10 | WER=50.000000 | S=2 D=0 I=0
2026-01-21 21:53:55,637 | INFO | ------------------------------
2026-01-21 21:53:55,637 | INFO | ------------------------------
2026-01-21 21:53:55,646 | INFO | File: MO_F_ER26_2016_04_18_ModuleDescription_description.wav | WER=20.833333 | S=11 D=16 I=3
2026-01-21 21:53:55,646 | INFO | ------------------------------
2026-01-21 21:53:55,646 | INFO |  File duration: 82.38439909297053 seconds
2026-01-21 21:54:03,071 | INFO | Using rVAD model
2026-01-21 21:54:06,300 | INFO | Number of chunks: 14
2026-01-21 21:54:13,755 | INFO | Chunk: 0 | WER=0.000000 | S=0 D=0 I=0
2026-01-21 21:54:13,755 | INFO | Chunk: 1 | WER=0.000000 | S=0 D=0 I=0
2026-01-21 21:54:13,755 | INFO | Chunk: 2 | WER=0.000000 | S=0 D=0 I=0
2026-01-21 21:54:13,755 | INFO | Chunk: 3 | WER=0.000000 | S=0 D=0 I=0
2026-01-21 21:54:13,755 | INFO | Chunk: 4 | WER=54.545455 | S=3 D=3 I=0
2026-01-21 21:54:13,756 | INFO | Chunk: 5 | WER=0.000000 | S=0 D=0 I=0
2026-01-21 21:54:13,756 | INFO | Chunk: 6 | WER=7.142857 | S=1 D=0 I=0
2026-01-21 21:54:13,756 | INFO | Chunk: 7 | WER=33.333333 | S=2 D=0 I=0
2026-01-21 21:54:13,756 | INFO | Chunk: 8 | WER=0.000000 | S=0 D=0 I=0
2026-01-21 21:54:13,756 | INFO | Chunk: 9 | WER=15.384615 | S=0 D=2 I=0
2026-01-21 21:54:13,757 | INFO | Chunk: 10 | WER=50.000000 | S=2 D=1 I=0
2026-01-21 21:54:13,757 | INFO | Chunk: 11 | WER=8.333333 | S=1 D=0 I=0
2026-01-21 21:54:13,757 | INFO | Chunk: 12 | WER=75.000000 | S=2 D=0 I=1
2026-01-21 21:54:13,757 | INFO | Chunk: 13 | WER=5.555556 | S=0 D=1 I=0
2026-01-21 21:54:13,757 | INFO | ------------------------------
2026-01-21 21:54:13,757 | INFO | ------------------------------
2026-01-21 21:54:13,765 | INFO | File: MO_F_SD08_2016_04_22_ModuleDescription_description.wav | WER=14.960630 | S=11 D=7 I=1
2026-01-21 21:54:13,765 | INFO | ------------------------------
2026-01-21 21:54:13,766 | INFO |  File duration: 251.1238095238095 seconds
2026-01-21 21:54:38,675 | INFO | Using rVAD model
2026-01-21 21:54:48,533 | INFO | Number of chunks: 33
2026-01-21 21:55:17,115 | INFO | Chunk: 0 | WER=11.111111 | S=1 D=0 I=0
2026-01-21 21:55:17,115 | INFO | Chunk: 1 | WER=54.545455 | S=4 D=0 I=2
2026-01-21 21:55:17,115 | INFO | Chunk: 2 | WER=100.000000 | S=1 D=2 I=0
2026-01-21 21:55:17,116 | INFO | Chunk: 3 | WER=0.000000 | S=0 D=0 I=0
2026-01-21 21:55:17,116 | INFO | Chunk: 4 | WER=37.500000 | S=1 D=2 I=0
2026-01-21 21:55:17,116 | INFO | Chunk: 5 | WER=14.814815 | S=2 D=2 I=0
2026-01-21 21:55:17,117 | INFO | Chunk: 6 | WER=43.750000 | S=2 D=3 I=2
2026-01-21 21:55:17,117 | INFO | Chunk: 7 | WER=3.846154 | S=0 D=1 I=0
2026-01-21 21:55:17,117 | INFO | Chunk: 8 | WER=66.666667 | S=2 D=0 I=0
2026-01-21 21:55:17,118 | INFO | Chunk: 9 | WER=0.000000 | S=0 D=0 I=0
2026-01-21 21:55:17,118 | INFO | Chunk: 10 | WER=0.000000 | S=0 D=0 I=0
2026-01-21 21:55:17,118 | INFO | Chunk: 11 | WER=17.391304 | S=3 D=1 I=0
2026-01-21 21:55:17,119 | INFO | Chunk: 12 | WER=20.000000 | S=4 D=0 I=2
2026-01-21 21:55:17,120 | INFO | Chunk: 13 | WER=15.555556 | S=1 D=6 I=0
2026-01-21 21:55:17,120 | INFO | Chunk: 14 | WER=85.714286 | S=4 D=0 I=2
2026-01-21 21:55:17,121 | INFO | Chunk: 15 | WER=23.076923 | S=2 D=1 I=0
2026-01-21 21:55:17,122 | INFO | Chunk: 16 | WER=32.608696 | S=6 D=8 I=1
2026-01-21 21:55:17,122 | INFO | Chunk: 17 | WER=0.000000 | S=0 D=0 I=0
2026-01-21 21:55:17,123 | INFO | Chunk: 18 | WER=17.647059 | S=6 D=0 I=0
2026-01-21 21:55:17,123 | INFO | Chunk: 19 | WER=8.000000 | S=1 D=1 I=0
2026-01-21 21:55:17,124 | INFO | Chunk: 20 | WER=20.000000 | S=1 D=3 I=0
2026-01-21 21:55:17,124 | INFO | Chunk: 21 | WER=0.000000 | S=0 D=0 I=0
2026-01-21 21:55:17,124 | INFO | Chunk: 22 | WER=25.000000 | S=0 D=0 I=1
2026-01-21 21:55:17,124 | INFO | Chunk: 23 | WER=17.647059 | S=3 D=0 I=0
2026-01-21 21:55:17,125 | INFO | Chunk: 24 | WER=24.390244 | S=2 D=8 I=0
2026-01-21 21:55:17,125 | INFO | Chunk: 25 | WER=20.000000 | S=2 D=0 I=0
2026-01-21 21:55:17,126 | INFO | Chunk: 26 | WER=38.461538 | S=4 D=6 I=0
2026-01-21 21:55:17,127 | INFO | Chunk: 27 | WER=31.818182 | S=6 D=5 I=3
2026-01-21 21:55:17,127 | INFO | Chunk: 28 | WER=11.764706 | S=1 D=1 I=0
2026-01-21 21:55:17,128 | INFO | Chunk: 29 | WER=75.000000 | S=2 D=0 I=1
2026-01-21 21:55:17,128 | INFO | Chunk: 30 | WER=31.250000 | S=1 D=4 I=0
2026-01-21 21:55:17,128 | INFO | Chunk: 31 | WER=50.000000 | S=3 D=0 I=1
2026-01-21 21:55:17,128 | INFO | Chunk: 32 | WER=150.000000 | S=1 D=0 I=2
2026-01-21 21:55:17,128 | INFO | ------------------------------
2026-01-21 21:55:17,128 | INFO | ------------------------------
2026-01-21 21:55:17,249 | INFO | File: MO_F_SD12_2016_04_25_ModuleDescription_description.wav | WER=24.247788 | S=66 D=54 I=17
2026-01-21 21:55:17,249 | INFO | ------------------------------
2026-01-21 21:55:17,249 | INFO |  File duration: 73.53759637188209 seconds
2026-01-21 21:55:24,420 | INFO | Using rVAD model
2026-01-21 21:55:27,296 | INFO | Number of chunks: 9
2026-01-21 21:55:35,372 | INFO | Chunk: 0 | WER=6.250000 | S=1 D=0 I=0
2026-01-21 21:55:35,372 | INFO | Chunk: 1 | WER=25.000000 | S=2 D=2 I=0
2026-01-21 21:55:35,372 | INFO | Chunk: 2 | WER=5.882353 | S=0 D=1 I=0
2026-01-21 21:55:35,374 | INFO | Chunk: 3 | WER=14.035088 | S=1 D=5 I=2
2026-01-21 21:55:35,375 | INFO | Chunk: 4 | WER=3.571429 | S=1 D=0 I=0
2026-01-21 21:55:35,375 | INFO | Chunk: 5 | WER=0.000000 | S=0 D=0 I=0
2026-01-21 21:55:35,375 | INFO | Chunk: 6 | WER=0.000000 | S=0 D=0 I=0
2026-01-21 21:55:35,376 | INFO | Chunk: 7 | WER=200.000000 | S=1 D=0 I=1
2026-01-21 21:55:35,376 | INFO | ------------------------------
2026-01-21 21:55:35,376 | INFO | ------------------------------
2026-01-21 21:55:35,388 | INFO | File: MO_F_SD18_2016_05_02_ModuleDescription_description.wav | WER=15.662651 | S=6 D=8 I=12
2026-01-21 21:55:35,388 | INFO | ------------------------------
2026-01-21 21:55:35,389 | INFO |  File duration: 33.274195011337866 seconds
2026-01-21 21:55:39,101 | INFO | Using rVAD model
2026-01-21 21:55:40,384 | INFO | Number of chunks: 4
2026-01-21 21:55:44,382 | INFO | Chunk: 0 | WER=21.212121 | S=0 D=7 I=0
2026-01-21 21:55:44,383 | INFO | Chunk: 1 | WER=10.344828 | S=1 D=2 I=0
2026-01-21 21:55:44,383 | INFO | Chunk: 2 | WER=30.434783 | S=5 D=2 I=0
2026-01-21 21:55:44,383 | INFO | Chunk: 3 | WER=0.000000 | S=0 D=0 I=0
2026-01-21 21:55:44,383 | INFO | ------------------------------
2026-01-21 21:55:44,383 | INFO | ------------------------------
2026-01-21 21:55:44,388 | INFO | File: MO_F_SD19_2016_05_02_ModuleDescription_description.wav | WER=19.767442 | S=6 D=11 I=0
2026-01-21 21:55:44,388 | INFO | ------------------------------
2026-01-21 21:55:44,388 | INFO |  File duration: 52.964716553287985 seconds
2026-01-21 21:55:48,986 | INFO | Using rVAD model
2026-01-21 21:55:51,049 | INFO | Number of chunks: 13
2026-01-21 21:55:56,601 | INFO | Chunk: 0 | WER=0.000000 | S=0 D=0 I=0
2026-01-21 21:55:56,601 | INFO | Chunk: 1 | WER=50.000000 | S=2 D=1 I=0
2026-01-21 21:55:56,602 | INFO | Chunk: 2 | WER=16.666667 | S=1 D=0 I=0
2026-01-21 21:55:56,602 | INFO | Chunk: 3 | WER=14.285714 | S=0 D=0 I=1
2026-01-21 21:55:56,602 | INFO | Chunk: 4 | WER=33.333333 | S=1 D=2 I=0
2026-01-21 21:55:56,602 | INFO | Chunk: 5 | WER=25.000000 | S=0 D=0 I=1
2026-01-21 21:55:56,602 | INFO | Chunk: 6 | WER=28.571429 | S=2 D=0 I=0
2026-01-21 21:55:56,602 | INFO | Chunk: 7 | WER=100.000000 | S=2 D=0 I=0
2026-01-21 21:55:56,603 | INFO | Chunk: 8 | WER=0.000000 | S=0 D=0 I=0
2026-01-21 21:55:56,603 | INFO | Chunk: 9 | WER=0.000000 | S=0 D=0 I=0
2026-01-21 21:55:56,603 | INFO | Chunk: 10 | WER=0.000000 | S=0 D=0 I=0
2026-01-21 21:55:56,603 | INFO | Chunk: 11 | WER=0.000000 | S=0 D=0 I=0
2026-01-21 21:55:56,603 | INFO | Chunk: 12 | WER=7.692308 | S=1 D=0 I=0
2026-01-21 21:55:56,603 | INFO | ------------------------------
2026-01-21 21:55:56,603 | INFO | ------------------------------
2026-01-21 21:55:56,608 | INFO | File: MO_F_SD22_2016_05_03_ModuleDescription_description.wav | WER=16.867470 | S=9 D=3 I=2
2026-01-21 21:55:56,608 | INFO | ------------------------------
2026-01-21 21:55:56,608 | INFO |  File duration: 73.74657596371883 seconds
2026-01-21 21:56:04,554 | INFO | Using rVAD model
2026-01-21 21:56:07,423 | INFO | Number of chunks: 6
2026-01-21 21:56:16,663 | INFO | Chunk: 0 | WER=16.129032 | S=3 D=1 I=1
2026-01-21 21:56:16,665 | INFO | Chunk: 1 | WER=16.129032 | S=1 D=6 I=3
2026-01-21 21:56:16,666 | INFO | Chunk: 2 | WER=0.000000 | S=0 D=0 I=0
2026-01-21 21:56:16,667 | INFO | Chunk: 3 | WER=14.035088 | S=5 D=3 I=0
2026-01-21 21:56:16,668 | INFO | Chunk: 4 | WER=5.263158 | S=0 D=1 I=0
2026-01-21 21:56:16,668 | INFO | Chunk: 5 | WER=0.000000 | S=0 D=0 I=0
2026-01-21 21:56:16,668 | INFO | ------------------------------
2026-01-21 21:56:16,668 | INFO | ------------------------------
2026-01-21 21:56:16,683 | INFO | File: MO_F_SD24_2016_05_03_ModuleDescription_description.wav | WER=12.903226 | S=9 D=11 I=4
2026-01-21 21:56:16,683 | INFO | ------------------------------
2026-01-21 21:56:16,683 | INFO |  File duration: 92.39219954648526 seconds
2026-01-21 21:56:24,891 | INFO | Using rVAD model
2026-01-21 21:56:28,517 | INFO | Number of chunks: 15
2026-01-21 21:56:38,207 | INFO | Chunk: 0 | WER=39.130435 | S=3 D=6 I=0
2026-01-21 21:56:38,207 | INFO | Chunk: 1 | WER=30.000000 | S=4 D=2 I=0
2026-01-21 21:56:38,208 | INFO | Chunk: 2 | WER=0.000000 | S=0 D=0 I=0
2026-01-21 21:56:38,208 | INFO | Chunk: 3 | WER=8.000000 | S=0 D=2 I=0
2026-01-21 21:56:38,209 | INFO | Chunk: 4 | WER=0.000000 | S=0 D=0 I=0
2026-01-21 21:56:38,209 | INFO | Chunk: 5 | WER=10.526316 | S=1 D=1 I=0
2026-01-21 21:56:38,209 | INFO | Chunk: 6 | WER=0.000000 | S=0 D=0 I=0
2026-01-21 21:56:38,209 | INFO | Chunk: 7 | WER=0.000000 | S=0 D=0 I=0
2026-01-21 21:56:38,209 | INFO | Chunk: 8 | WER=20.000000 | S=1 D=0 I=0
2026-01-21 21:56:38,210 | INFO | Chunk: 9 | WER=0.000000 | S=0 D=0 I=0
2026-01-21 21:56:38,210 | INFO | Chunk: 10 | WER=25.000000 | S=1 D=0 I=0
2026-01-21 21:56:38,210 | INFO | Chunk: 11 | WER=21.739130 | S=3 D=1 I=1
2026-01-21 21:56:38,210 | INFO | Chunk: 12 | WER=16.666667 | S=1 D=1 I=0
2026-01-21 21:56:38,211 | INFO | Chunk: 13 | WER=11.111111 | S=1 D=0 I=0
2026-01-21 21:56:38,211 | INFO | Chunk: 14 | WER=0.000000 | S=0 D=0 I=0
2026-01-21 21:56:38,211 | INFO | ------------------------------
2026-01-21 21:56:38,211 | INFO | ------------------------------
2026-01-21 21:56:38,225 | INFO | File: MO_F_SD28_2016_05_20_ModuleDescription_description.wav | WER=15.591398 | S=15 D=13 I=1
2026-01-21 21:56:38,225 | INFO | ------------------------------
2026-01-21 21:56:38,226 | INFO |  File duration: 117.0053514739229 seconds
2026-01-21 21:56:47,335 | INFO | Using rVAD model
2026-01-21 21:56:51,936 | INFO | Number of chunks: 19
2026-01-21 21:57:02,425 | INFO | Chunk: 0 | WER=0.000000 | S=0 D=0 I=0
2026-01-21 21:57:02,425 | INFO | Chunk: 1 | WER=20.000000 | S=1 D=0 I=0
2026-01-21 21:57:02,426 | INFO | Chunk: 2 | WER=100.000000 | S=1 D=0 I=0
2026-01-21 21:57:02,426 | INFO | Chunk: 3 | WER=69.230769 | S=5 D=13 I=0
2026-01-21 21:57:02,426 | INFO | Chunk: 4 | WER=0.000000 | S=0 D=0 I=0
2026-01-21 21:57:02,426 | INFO | Chunk: 5 | WER=50.000000 | S=1 D=1 I=1
2026-01-21 21:57:02,427 | INFO | Chunk: 6 | WER=10.714286 | S=1 D=1 I=1
2026-01-21 21:57:02,427 | INFO | Chunk: 8 | WER=14.285714 | S=1 D=1 I=0
2026-01-21 21:57:02,427 | INFO | Chunk: 9 | WER=33.333333 | S=1 D=0 I=0
2026-01-21 21:57:02,428 | INFO | Chunk: 10 | WER=11.111111 | S=1 D=0 I=0
2026-01-21 21:57:02,428 | INFO | Chunk: 11 | WER=0.000000 | S=0 D=0 I=0
2026-01-21 21:57:02,428 | INFO | Chunk: 12 | WER=25.000000 | S=2 D=0 I=0
2026-01-21 21:57:02,428 | INFO | Chunk: 13 | WER=0.000000 | S=0 D=0 I=0
2026-01-21 21:57:02,428 | INFO | Chunk: 14 | WER=20.000000 | S=0 D=0 I=1
2026-01-21 21:57:02,429 | INFO | Chunk: 15 | WER=71.428571 | S=3 D=2 I=0
2026-01-21 21:57:02,429 | INFO | Chunk: 16 | WER=0.000000 | S=0 D=0 I=0
2026-01-21 21:57:02,429 | INFO | Chunk: 17 | WER=0.000000 | S=0 D=0 I=0
2026-01-21 21:57:02,429 | INFO | Chunk: 18 | WER=0.000000 | S=0 D=0 I=0
2026-01-21 21:57:02,429 | INFO | ------------------------------
2026-01-21 21:57:02,429 | INFO | ------------------------------
2026-01-21 21:57:02,441 | INFO | File: MO_F_SD32_2016_06_16_ModuleDescription_description.wav | WER=22.023810 | S=19 D=16 I=2
2026-01-21 21:57:02,442 | INFO | ------------------------------
2026-01-21 21:57:02,442 | INFO |  File duration: 299.5374149659864 seconds
2026-01-21 21:57:25,441 | INFO | Using rVAD model
2026-01-21 21:57:37,287 | INFO | Number of chunks: 52
2026-01-21 21:58:11,733 | INFO | Chunk: 0 | WER=38.888889 | S=5 D=2 I=0
2026-01-21 21:58:11,734 | INFO | Chunk: 1 | WER=65.909091 | S=2 D=27 I=0
2026-01-21 21:58:11,738 | INFO | Chunk: 2 | WER=42.477876 | S=3 D=44 I=1
2026-01-21 21:58:11,738 | INFO | Chunk: 3 | WER=0.000000 | S=0 D=0 I=0
2026-01-21 21:58:11,739 | INFO | Chunk: 4 | WER=3.448276 | S=0 D=1 I=0
2026-01-21 21:58:11,739 | INFO | Chunk: 5 | WER=17.647059 | S=1 D=2 I=0
2026-01-21 21:58:11,739 | INFO | Chunk: 6 | WER=14.285714 | S=0 D=0 I=1
2026-01-21 21:58:11,740 | INFO | Chunk: 7 | WER=16.666667 | S=0 D=5 I=1
2026-01-21 21:58:11,741 | INFO | Chunk: 8 | WER=23.809524 | S=2 D=1 I=2
2026-01-21 21:58:11,741 | INFO | Chunk: 9 | WER=16.666667 | S=1 D=1 I=0
2026-01-21 21:58:11,741 | INFO | Chunk: 11 | WER=60.000000 | S=4 D=0 I=2
2026-01-21 21:58:11,741 | INFO | Chunk: 12 | WER=150.000000 | S=0 D=0 I=6
2026-01-21 21:58:11,741 | INFO | Chunk: 13 | WER=85.714286 | S=1 D=4 I=1
2026-01-21 21:58:11,742 | INFO | Chunk: 14 | WER=100.000000 | S=1 D=0 I=1
2026-01-21 21:58:11,742 | INFO | Chunk: 15 | WER=11.111111 | S=1 D=0 I=0
2026-01-21 21:58:11,742 | INFO | Chunk: 16 | WER=0.000000 | S=0 D=0 I=0
2026-01-21 21:58:11,742 | INFO | Chunk: 17 | WER=0.000000 | S=0 D=0 I=0
2026-01-21 21:58:11,742 | INFO | Chunk: 18 | WER=30.000000 | S=3 D=3 I=0
2026-01-21 21:58:11,743 | INFO | Chunk: 19 | WER=9.090909 | S=0 D=1 I=0
2026-01-21 21:58:11,743 | INFO | Chunk: 20 | WER=36.363636 | S=2 D=0 I=2
2026-01-21 21:58:11,743 | INFO | Chunk: 21 | WER=83.333333 | S=2 D=3 I=0
2026-01-21 21:58:11,743 | INFO | Chunk: 22 | WER=42.857143 | S=1 D=0 I=2
2026-01-21 21:58:11,743 | INFO | Chunk: 23 | WER=40.000000 | S=2 D=0 I=0
2026-01-21 21:58:11,744 | INFO | Chunk: 24 | WER=28.125000 | S=4 D=4 I=1
2026-01-21 21:58:11,744 | INFO | Chunk: 25 | WER=0.000000 | S=0 D=0 I=0
2026-01-21 21:58:11,744 | INFO | Chunk: 26 | WER=40.000000 | S=2 D=0 I=0
2026-01-21 21:58:11,745 | INFO | Chunk: 27 | WER=0.000000 | S=0 D=0 I=0
2026-01-21 21:58:11,745 | INFO | Chunk: 29 | WER=42.105263 | S=1 D=6 I=1
2026-01-21 21:58:11,745 | INFO | Chunk: 30 | WER=28.571429 | S=0 D=1 I=1
2026-01-21 21:58:11,745 | INFO | Chunk: 31 | WER=20.000000 | S=1 D=1 I=0
2026-01-21 21:58:11,746 | INFO | Chunk: 32 | WER=100.000000 | S=3 D=0 I=1
2026-01-21 21:58:11,746 | INFO | Chunk: 33 | WER=38.095238 | S=2 D=6 I=0
2026-01-21 21:58:11,746 | INFO | Chunk: 34 | WER=13.333333 | S=1 D=1 I=0
2026-01-21 21:58:11,746 | INFO | Chunk: 35 | WER=0.000000 | S=0 D=0 I=0
2026-01-21 21:58:11,747 | INFO | Chunk: 36 | WER=0.000000 | S=0 D=0 I=0
2026-01-21 21:58:11,747 | INFO | Chunk: 37 | WER=15.000000 | S=3 D=0 I=0
2026-01-21 21:58:11,747 | INFO | Chunk: 38 | WER=0.000000 | S=0 D=0 I=0
2026-01-21 21:58:11,748 | INFO | Chunk: 39 | WER=19.047619 | S=0 D=0 I=4
2026-01-21 21:58:11,748 | INFO | Chunk: 40 | WER=41.666667 | S=0 D=5 I=0
2026-01-21 21:58:11,748 | INFO | Chunk: 41 | WER=88.888889 | S=7 D=1 I=0
2026-01-21 21:58:11,748 | INFO | Chunk: 42 | WER=0.000000 | S=0 D=0 I=0
2026-01-21 21:58:11,749 | INFO | Chunk: 43 | WER=26.666667 | S=3 D=1 I=0
2026-01-21 21:58:11,749 | INFO | Chunk: 44 | WER=0.000000 | S=0 D=0 I=0
2026-01-21 21:58:11,749 | INFO | Chunk: 45 | WER=11.111111 | S=1 D=0 I=0
2026-01-21 21:58:11,749 | INFO | Chunk: 48 | WER=0.000000 | S=0 D=0 I=0
2026-01-21 21:58:11,749 | INFO | Chunk: 49 | WER=22.222222 | S=0 D=0 I=2
2026-01-21 21:58:11,750 | INFO | Chunk: 50 | WER=38.461538 | S=3 D=1 I=1
2026-01-21 21:58:11,750 | INFO | Chunk: 51 | WER=100.000000 | S=2 D=1 I=0
2026-01-21 21:58:11,750 | INFO | ------------------------------
2026-01-21 21:58:11,750 | INFO | ------------------------------
2026-01-21 21:58:11,921 | INFO | File: MO_F_SD33_2016_06_22_ModuleDescription_description.wav | WER=30.969609 | S=76 D=111 I=27
2026-01-21 21:58:11,922 | INFO | ------------------------------
2026-01-21 21:58:11,922 | INFO |  File duration: 81.36272108843538 seconds
2026-01-21 21:58:19,644 | INFO | Using rVAD model
2026-01-21 21:58:22,845 | INFO | Number of chunks: 6
2026-01-21 21:58:31,463 | INFO | Chunk: 0 | WER=76.699029 | S=4 D=75 I=0
2026-01-21 21:58:31,463 | INFO | Chunk: 1 | WER=35.714286 | S=4 D=0 I=1
2026-01-21 21:58:31,465 | INFO | Chunk: 2 | WER=19.642857 | S=4 D=7 I=0
2026-01-21 21:58:31,466 | INFO | Chunk: 3 | WER=22.727273 | S=2 D=8 I=0
2026-01-21 21:58:31,467 | INFO | Chunk: 4 | WER=22.222222 | S=0 D=10 I=0
2026-01-21 21:58:31,467 | INFO | Chunk: 5 | WER=100.000000 | S=1 D=0 I=0
2026-01-21 21:58:31,467 | INFO | ------------------------------
2026-01-21 21:58:31,467 | INFO | ------------------------------
2026-01-21 21:58:31,485 | INFO | File: MO_F_SD35_2016_06_23_ModuleDescription_description.wav | WER=44.106464 | S=15 D=100 I=1
2026-01-21 21:58:31,486 | INFO | ------------------------------
2026-01-21 21:58:31,486 | INFO |  File duration: 90.9990022675737 seconds
2026-01-21 21:58:41,787 | INFO | Using rVAD model
2026-01-21 21:58:45,361 | INFO | Number of chunks: 10
2026-01-21 21:58:55,291 | INFO | Chunk: 0 | WER=24.590164 | S=4 D=11 I=0
2026-01-21 21:58:55,292 | INFO | Chunk: 1 | WER=0.000000 | S=0 D=0 I=0
2026-01-21 21:58:55,292 | INFO | Chunk: 2 | WER=18.750000 | S=1 D=2 I=0
2026-01-21 21:58:55,292 | INFO | Chunk: 3 | WER=0.000000 | S=0 D=0 I=0
2026-01-21 21:58:55,293 | INFO | Chunk: 4 | WER=7.894737 | S=1 D=2 I=0
2026-01-21 21:58:55,293 | INFO | Chunk: 5 | WER=33.333333 | S=5 D=1 I=0
2026-01-21 21:58:55,293 | INFO | Chunk: 6 | WER=0.000000 | S=0 D=0 I=0
2026-01-21 21:58:55,294 | INFO | Chunk: 7 | WER=8.000000 | S=1 D=1 I=0
2026-01-21 21:58:55,294 | INFO | Chunk: 8 | WER=23.076923 | S=1 D=2 I=0
2026-01-21 21:58:55,294 | INFO | Chunk: 9 | WER=400.000000 | S=1 D=0 I=3
2026-01-21 21:58:55,294 | INFO | ------------------------------
2026-01-21 21:58:55,294 | INFO | ------------------------------
2026-01-21 21:58:55,309 | INFO | File: MO_F_SD38_2016_06_28_ModuleDescription_description.wav | WER=18.041237 | S=15 D=18 I=2
2026-01-21 21:58:55,309 | INFO | ------------------------------
2026-01-21 21:58:55,310 | INFO |  File duration: 41.98167800453515 seconds
2026-01-21 21:59:00,243 | INFO | Using rVAD model
2026-01-21 21:59:01,858 | INFO | Number of chunks: 6
2026-01-21 21:59:07,133 | INFO | Chunk: 0 | WER=0.000000 | S=0 D=0 I=0
2026-01-21 21:59:07,134 | INFO | Chunk: 1 | WER=0.000000 | S=0 D=0 I=0
2026-01-21 21:59:07,134 | INFO | Chunk: 2 | WER=0.000000 | S=0 D=0 I=0
2026-01-21 21:59:07,134 | INFO | Chunk: 3 | WER=9.090909 | S=1 D=0 I=0
2026-01-21 21:59:07,135 | INFO | Chunk: 4 | WER=17.647059 | S=3 D=3 I=0
2026-01-21 21:59:07,135 | INFO | ------------------------------
2026-01-21 21:59:07,135 | INFO | ------------------------------
2026-01-21 21:59:07,140 | INFO | File: MO_H_AV10_2016_04_15_ModuleDescription_description.wav | WER=10.638298 | S=6 D=1 I=3
2026-01-21 21:59:07,141 | INFO | ------------------------------
2026-01-21 21:59:07,141 | INFO |  File duration: 39.450702947845805 seconds
2026-01-21 21:59:10,503 | INFO | Using rVAD model
2026-01-21 21:59:12,021 | INFO | Number of chunks: 7
2026-01-21 21:59:16,063 | INFO | Chunk: 0 | WER=200.000000 | S=1 D=0 I=1
2026-01-21 21:59:16,064 | INFO | Chunk: 1 | WER=40.000000 | S=1 D=1 I=0
2026-01-21 21:59:16,064 | INFO | Chunk: 2 | WER=0.000000 | S=0 D=0 I=0
2026-01-21 21:59:16,064 | INFO | Chunk: 3 | WER=0.000000 | S=0 D=0 I=0
2026-01-21 21:59:16,065 | INFO | Chunk: 4 | WER=11.111111 | S=1 D=3 I=0
2026-01-21 21:59:16,065 | INFO | Chunk: 5 | WER=60.000000 | S=4 D=2 I=0
2026-01-21 21:59:16,065 | INFO | Chunk: 6 | WER=80.000000 | S=3 D=1 I=0
2026-01-21 21:59:16,065 | INFO | ------------------------------
2026-01-21 21:59:16,065 | INFO | ------------------------------
2026-01-21 21:59:16,069 | INFO | File: MO_H_AV18_2016_04_18_ModuleDescription_description.wav | WER=23.684211 | S=10 D=7 I=1
2026-01-21 21:59:16,070 | INFO | ------------------------------
2026-01-21 21:59:16,070 | INFO |  File duration: 44.860952380952384 seconds
2026-01-21 21:59:20,096 | INFO | Using rVAD model
2026-01-21 21:59:21,836 | INFO | Number of chunks: 10
2026-01-21 21:59:26,208 | INFO | Chunk: 0 | WER=12.500000 | S=1 D=0 I=0
2026-01-21 21:59:26,208 | INFO | Chunk: 1 | WER=0.000000 | S=0 D=0 I=0
2026-01-21 21:59:26,209 | INFO | Chunk: 2 | WER=100.000000 | S=2 D=0 I=0
2026-01-21 21:59:26,209 | INFO | Chunk: 3 | WER=66.666667 | S=2 D=0 I=0
2026-01-21 21:59:26,209 | INFO | Chunk: 4 | WER=75.000000 | S=1 D=2 I=0
2026-01-21 21:59:26,209 | INFO | Chunk: 5 | WER=0.000000 | S=0 D=0 I=0
2026-01-21 21:59:26,209 | INFO | Chunk: 6 | WER=41.176471 | S=3 D=0 I=4
2026-01-21 21:59:26,210 | INFO | Chunk: 7 | WER=0.000000 | S=0 D=0 I=0
2026-01-21 21:59:26,210 | INFO | Chunk: 8 | WER=100.000000 | S=4 D=5 I=0
2026-01-21 21:59:26,210 | INFO | Chunk: 9 | WER=100.000000 | S=3 D=3 I=0
2026-01-21 21:59:26,210 | INFO | ------------------------------
2026-01-21 21:59:26,210 | INFO | ------------------------------
2026-01-21 21:59:26,214 | INFO | File: MO_H_AV19_2016_04_18_ModuleDescription_description.wav | WER=41.666667 | S=14 D=11 I=5
2026-01-21 21:59:26,214 | INFO | ------------------------------
2026-01-21 21:59:26,214 | INFO |  File duration: 76.74195011337868 seconds
2026-01-21 21:59:34,817 | INFO | Using rVAD model
2026-01-21 21:59:37,819 | INFO | Number of chunks: 7
2026-01-21 21:59:45,905 | INFO | Chunk: 0 | WER=28.070175 | S=4 D=12 I=0
2026-01-21 21:59:45,906 | INFO | Chunk: 1 | WER=6.451613 | S=1 D=1 I=0
2026-01-21 21:59:45,906 | INFO | Chunk: 2 | WER=5.000000 | S=1 D=0 I=0
2026-01-21 21:59:45,906 | INFO | Chunk: 3 | WER=0.000000 | S=0 D=0 I=0
2026-01-21 21:59:45,907 | INFO | Chunk: 4 | WER=31.250000 | S=1 D=2 I=2
2026-01-21 21:59:45,907 | INFO | Chunk: 5 | WER=100.000000 | S=5 D=1 I=0
2026-01-21 21:59:45,907 | INFO | Chunk: 6 | WER=17.647059 | S=3 D=0 I=0
2026-01-21 21:59:45,907 | INFO | ------------------------------
2026-01-21 21:59:45,907 | INFO | ------------------------------
2026-01-21 21:59:45,918 | INFO | File: MO_H_AV22_2016_04_19_ModuleDescription_description.wav | WER=21.568627 | S=15 D=16 I=2
2026-01-21 21:59:45,918 | INFO | ------------------------------
2026-01-21 21:59:45,918 | INFO |  File duration: 109.3427664399093 seconds
2026-01-21 21:59:56,569 | INFO | Using rVAD model
2026-01-21 22:00:00,870 | INFO | Number of chunks: 14
2026-01-21 22:00:13,559 | INFO | Chunk: 0 | WER=22.222222 | S=3 D=1 I=0
2026-01-21 22:00:13,561 | INFO | Chunk: 1 | WER=2.380952 | S=1 D=0 I=0
2026-01-21 22:00:13,561 | INFO | Chunk: 2 | WER=6.451613 | S=0 D=1 I=1
2026-01-21 22:00:13,562 | INFO | Chunk: 3 | WER=0.000000 | S=0 D=0 I=0
2026-01-21 22:00:13,562 | INFO | Chunk: 4 | WER=21.739130 | S=3 D=0 I=2
2026-01-21 22:00:13,563 | INFO | Chunk: 5 | WER=14.285714 | S=2 D=1 I=0
2026-01-21 22:00:13,563 | INFO | Chunk: 6 | WER=18.181818 | S=1 D=0 I=1
2026-01-21 22:00:13,563 | INFO | Chunk: 7 | WER=9.090909 | S=0 D=1 I=1
2026-01-21 22:00:13,563 | INFO | Chunk: 8 | WER=0.000000 | S=0 D=0 I=0
2026-01-21 22:00:13,564 | INFO | Chunk: 9 | WER=11.111111 | S=1 D=0 I=0
2026-01-21 22:00:13,564 | INFO | Chunk: 10 | WER=50.000000 | S=0 D=0 I=1
2026-01-21 22:00:13,564 | INFO | Chunk: 11 | WER=10.000000 | S=1 D=0 I=0
2026-01-21 22:00:13,564 | INFO | Chunk: 12 | WER=0.000000 | S=0 D=0 I=0
2026-01-21 22:00:13,565 | INFO | Chunk: 13 | WER=0.000000 | S=0 D=0 I=0
2026-01-21 22:00:13,565 | INFO | ------------------------------
2026-01-21 22:00:13,565 | INFO | ------------------------------
2026-01-21 22:00:13,586 | INFO | File: MO_H_AV22_2016_06_09_ModuleDescription_description.wav | WER=9.691630 | S=12 D=4 I=6
2026-01-21 22:00:13,587 | INFO | ------------------------------
2026-01-21 22:00:13,587 | INFO |  File duration: 31.346938775510203 seconds
2026-01-21 22:00:17,609 | INFO | Using rVAD model
2026-01-21 22:00:18,803 | INFO | Number of chunks: 2
2026-01-21 22:00:22,806 | INFO | Chunk: 0 | WER=12.195122 | S=2 D=3 I=0
2026-01-21 22:00:22,807 | INFO | Chunk: 1 | WER=9.090909 | S=2 D=1 I=1
2026-01-21 22:00:22,807 | INFO | ------------------------------
2026-01-21 22:00:22,807 | INFO | ------------------------------
2026-01-21 22:00:22,812 | INFO | File: MO_H_AV24_2016_05_14_ModuleDescription_description.wav | WER=10.588235 | S=4 D=4 I=1
2026-01-21 22:00:22,812 | INFO | ------------------------------
2026-01-21 22:00:22,812 | INFO |  File duration: 61.37034013605442 seconds
2026-01-21 22:00:29,975 | INFO | Using rVAD model
2026-01-21 22:00:32,390 | INFO | Number of chunks: 13
2026-01-21 22:00:39,981 | INFO | Chunk: 0 | WER=400.000000 | S=1 D=0 I=3
2026-01-21 22:00:39,981 | INFO | Chunk: 1 | WER=400.000000 | S=1 D=0 I=3
2026-01-21 22:00:39,981 | INFO | Chunk: 2 | WER=100.000000 | S=1 D=2 I=0
2026-01-21 22:00:39,981 | INFO | Chunk: 3 | WER=50.000000 | S=1 D=3 I=0
2026-01-21 22:00:39,982 | INFO | Chunk: 5 | WER=12.121212 | S=1 D=1 I=2
2026-01-21 22:00:39,983 | INFO | Chunk: 6 | WER=47.058824 | S=2 D=6 I=0
2026-01-21 22:00:39,983 | INFO | Chunk: 7 | WER=15.384615 | S=2 D=0 I=0
2026-01-21 22:00:39,983 | INFO | Chunk: 8 | WER=0.000000 | S=0 D=0 I=0
2026-01-21 22:00:39,983 | INFO | Chunk: 9 | WER=25.000000 | S=3 D=0 I=0
2026-01-21 22:00:39,984 | INFO | Chunk: 10 | WER=0.000000 | S=0 D=0 I=0
2026-01-21 22:00:39,984 | INFO | Chunk: 11 | WER=0.000000 | S=0 D=0 I=0
2026-01-21 22:00:39,984 | INFO | Chunk: 12 | WER=20.000000 | S=0 D=0 I=1
2026-01-21 22:00:39,984 | INFO | ------------------------------
2026-01-21 22:00:39,984 | INFO | ------------------------------
2026-01-21 22:00:39,991 | INFO | File: MO_H_AV30_2016_06_05_ModuleDescription_description.wav | WER=28.037383 | S=21 D=4 I=5
2026-01-21 22:00:39,991 | INFO | ------------------------------
2026-01-21 22:00:39,991 | INFO |  File duration: 47.972426303854874 seconds
2026-01-21 22:00:43,924 | INFO | Using rVAD model
2026-01-21 22:00:45,780 | INFO | Number of chunks: 4
2026-01-21 22:00:51,884 | INFO | Chunk: 1 | WER=5.405405 | S=1 D=1 I=0
2026-01-21 22:00:51,884 | INFO | Chunk: 2 | WER=7.142857 | S=0 D=0 I=1
2026-01-21 22:00:51,887 | INFO | Chunk: 3 | WER=37.037037 | S=8 D=22 I=0
2026-01-21 22:00:51,887 | INFO | ------------------------------
2026-01-21 22:00:51,887 | INFO | ------------------------------
2026-01-21 22:00:51,895 | INFO | File: MO_H_AV33_2016_06_06_ModuleDescription_description.wav | WER=28.030303 | S=10 D=22 I=5
2026-01-21 22:00:51,895 | INFO | ------------------------------
2026-01-21 22:00:51,895 | INFO |  File duration: 36.6875283446712 seconds
2026-01-21 22:00:56,510 | INFO | Using rVAD model
2026-01-21 22:00:57,918 | INFO | Number of chunks: 3
2026-01-21 22:01:02,519 | INFO | Chunk: 0 | WER=31.428571 | S=5 D=16 I=1
2026-01-21 22:01:02,519 | INFO | Chunk: 1 | WER=11.111111 | S=0 D=0 I=1
2026-01-21 22:01:02,520 | INFO | Chunk: 2 | WER=9.677419 | S=1 D=2 I=0
2026-01-21 22:01:02,520 | INFO | ------------------------------
2026-01-21 22:01:02,520 | INFO | ------------------------------
2026-01-21 22:01:02,526 | INFO | File: MO_H_AV37_2016_06_08_ModuleDescription_description.wav | WER=22.727273 | S=7 D=17 I=1
2026-01-21 22:01:02,526 | INFO | ------------------------------
2026-01-21 22:01:02,526 | INFO |  File duration: 33.065215419501136 seconds
2026-01-21 22:01:07,153 | INFO | Using rVAD model
2026-01-21 22:01:08,432 | INFO | Number of chunks: 2
2026-01-21 22:01:12,659 | INFO | Chunk: 0 | WER=38.181818 | S=13 D=5 I=3
2026-01-21 22:01:12,660 | INFO | Chunk: 1 | WER=15.000000 | S=3 D=0 I=0
2026-01-21 22:01:12,660 | INFO | ------------------------------
2026-01-21 22:01:12,660 | INFO | ------------------------------
2026-01-21 22:01:12,664 | INFO | File: MO_H_AV38_2016_06_10_ModuleDescription_description.wav | WER=32.000000 | S=16 D=5 I=3
2026-01-21 22:01:12,664 | INFO | ------------------------------
2026-01-21 22:01:12,664 | INFO |  File duration: 66.20009070294785 seconds
2026-01-21 22:01:16,639 | INFO | Using rVAD model
2026-01-21 22:01:19,191 | INFO | Number of chunks: 4
2026-01-21 22:01:23,590 | INFO | Chunk: 0 | WER=22.222222 | S=3 D=7 I=2
2026-01-21 22:01:23,591 | INFO | Chunk: 1 | WER=62.295082 | S=0 D=38 I=0
2026-01-21 22:01:23,592 | INFO | Chunk: 2 | WER=0.000000 | S=0 D=0 I=0
2026-01-21 22:01:23,592 | INFO | Chunk: 3 | WER=300.000000 | S=0 D=0 I=3
2026-01-21 22:01:23,592 | INFO | ------------------------------
2026-01-21 22:01:23,592 | INFO | ------------------------------
2026-01-21 22:01:23,598 | INFO | File: MO_H_ER09_2016_04_07_ModuleDescription_description.wav | WER=41.732283 | S=3 D=45 I=5
2026-01-21 22:01:23,598 | INFO | ------------------------------
2026-01-21 22:01:23,599 | INFO |  File duration: 56.447709750566894 seconds
2026-01-21 22:01:29,949 | INFO | Using rVAD model
2026-01-21 22:01:32,215 | INFO | Number of chunks: 3
2026-01-21 22:01:37,522 | INFO | Chunk: 0 | WER=71.428571 | S=3 D=2 I=0
2026-01-21 22:01:37,523 | INFO | Chunk: 1 | WER=15.254237 | S=2 D=7 I=0
2026-01-21 22:01:37,525 | INFO | Chunk: 2 | WER=27.419355 | S=2 D=14 I=1
2026-01-21 22:01:37,525 | INFO | ------------------------------
2026-01-21 22:01:37,525 | INFO | ------------------------------
2026-01-21 22:01:37,532 | INFO | File: MO_H_ER09_2016_06_08_ModuleDescription_description.wav | WER=24.218750 | S=7 D=23 I=1
2026-01-21 22:01:37,532 | INFO | ------------------------------
2026-01-21 22:01:37,533 | INFO |  File duration: 65.57315192743764 seconds
2026-01-21 22:01:43,127 | INFO | Using rVAD model
2026-01-21 22:01:45,701 | INFO | Number of chunks: 12
2026-01-21 22:01:54,179 | INFO | Chunk: 0 | WER=33.333333 | S=0 D=2 I=0
2026-01-21 22:01:54,179 | INFO | Chunk: 1 | WER=17.647059 | S=2 D=1 I=0
2026-01-21 22:01:54,180 | INFO | Chunk: 2 | WER=21.276596 | S=5 D=3 I=2
2026-01-21 22:01:54,181 | INFO | Chunk: 3 | WER=14.285714 | S=3 D=0 I=0
2026-01-21 22:01:54,181 | INFO | Chunk: 4 | WER=0.000000 | S=0 D=0 I=0
2026-01-21 22:01:54,181 | INFO | Chunk: 5 | WER=23.529412 | S=2 D=1 I=1
2026-01-21 22:01:54,182 | INFO | Chunk: 6 | WER=16.666667 | S=2 D=0 I=0
2026-01-21 22:01:54,182 | INFO | Chunk: 7 | WER=100.000000 | S=1 D=2 I=0
2026-01-21 22:01:54,182 | INFO | Chunk: 8 | WER=5.882353 | S=1 D=0 I=0
2026-01-21 22:01:54,182 | INFO | Chunk: 9 | WER=25.000000 | S=1 D=0 I=1
2026-01-21 22:01:54,183 | INFO | Chunk: 10 | WER=0.000000 | S=0 D=0 I=0
2026-01-21 22:01:54,183 | INFO | Chunk: 11 | WER=100.000000 | S=2 D=1 I=0
2026-01-21 22:01:54,183 | INFO | ------------------------------
2026-01-21 22:01:54,183 | INFO | ------------------------------
2026-01-21 22:01:54,194 | INFO | File: MO_H_ER17_2016_04_08_ModuleDescription_description.wav | WER=21.019108 | S=19 D=10 I=4
2026-01-21 22:01:54,194 | INFO | ------------------------------
2026-01-21 22:01:54,194 | INFO |  File duration: 67.17532879818594 seconds
2026-01-21 22:02:02,041 | INFO | Using rVAD model
2026-01-21 22:02:04,685 | INFO | Number of chunks: 4
2026-01-21 22:02:11,763 | INFO | Chunk: 0 | WER=37.313433 | S=20 D=3 I=2
2026-01-21 22:02:11,765 | INFO | Chunk: 1 | WER=32.812500 | S=2 D=19 I=0
2026-01-21 22:02:11,765 | INFO | Chunk: 2 | WER=7.407407 | S=1 D=0 I=1
2026-01-21 22:02:11,765 | INFO | Chunk: 3 | WER=0.000000 | S=0 D=0 I=0
2026-01-21 22:02:11,766 | INFO | ------------------------------
2026-01-21 22:02:11,766 | INFO | ------------------------------
2026-01-21 22:02:11,777 | INFO | File: MO_H_ER23_2016_04_14_ModuleDescription_description.wav | WER=29.629630 | S=23 D=22 I=3
2026-01-21 22:02:11,777 | INFO | ------------------------------
2026-01-21 22:02:11,777 | INFO |  File duration: 91.9742403628118 seconds
2026-01-21 22:02:19,459 | INFO | Using rVAD model
2026-01-21 22:02:23,083 | INFO | Number of chunks: 8
2026-01-21 22:02:30,049 | INFO | Chunk: 0 | WER=20.454545 | S=0 D=9 I=0
2026-01-21 22:02:30,050 | INFO | Chunk: 1 | WER=72.727273 | S=2 D=22 I=0
2026-01-21 22:02:30,050 | INFO | Chunk: 2 | WER=23.529412 | S=2 D=1 I=1
2026-01-21 22:02:30,050 | INFO | Chunk: 3 | WER=9.090909 | S=1 D=0 I=0
2026-01-21 22:02:30,050 | INFO | Chunk: 4 | WER=14.285714 | S=0 D=0 I=1
2026-01-21 22:02:30,051 | INFO | Chunk: 5 | WER=13.513514 | S=4 D=1 I=0
2026-01-21 22:02:30,051 | INFO | Chunk: 6 | WER=16.666667 | S=1 D=0 I=0
2026-01-21 22:02:30,052 | INFO | Chunk: 7 | WER=80.000000 | S=3 D=0 I=1
2026-01-21 22:02:30,052 | INFO | ------------------------------
2026-01-21 22:02:30,052 | INFO | ------------------------------
2026-01-21 22:02:30,062 | INFO | File: MO_H_ER24_2016_04_15_ModuleDescription_description.wav | WER=30.625000 | S=13 D=33 I=3
2026-01-21 22:02:30,062 | INFO | ------------------------------
2026-01-21 22:02:30,062 | INFO |  File duration: 88.46802721088436 seconds
2026-01-21 22:02:37,867 | INFO | Using rVAD model
2026-01-21 22:02:41,298 | INFO | Number of chunks: 18
2026-01-21 22:02:50,623 | INFO | Chunk: 0 | WER=12.500000 | S=0 D=1 I=0
2026-01-21 22:02:50,623 | INFO | Chunk: 1 | WER=0.000000 | S=0 D=0 I=0
2026-01-21 22:02:50,623 | INFO | Chunk: 2 | WER=0.000000 | S=0 D=0 I=0
2026-01-21 22:02:50,623 | INFO | Chunk: 3 | WER=14.285714 | S=1 D=0 I=0
2026-01-21 22:02:50,623 | INFO | Chunk: 4 | WER=0.000000 | S=0 D=0 I=0
2026-01-21 22:02:50,624 | INFO | Chunk: 5 | WER=0.000000 | S=0 D=0 I=0
2026-01-21 22:02:50,624 | INFO | Chunk: 6 | WER=400.000000 | S=1 D=0 I=3
2026-01-21 22:02:50,624 | INFO | Chunk: 7 | WER=11.111111 | S=1 D=0 I=0
2026-01-21 22:02:50,624 | INFO | Chunk: 8 | WER=0.000000 | S=0 D=0 I=0
2026-01-21 22:02:50,624 | INFO | Chunk: 9 | WER=50.000000 | S=1 D=0 I=0
2026-01-21 22:02:50,624 | INFO | Chunk: 10 | WER=10.000000 | S=1 D=0 I=0
2026-01-21 22:02:50,625 | INFO | Chunk: 11 | WER=11.764706 | S=1 D=1 I=0
2026-01-21 22:02:50,625 | INFO | Chunk: 12 | WER=0.000000 | S=0 D=0 I=0
2026-01-21 22:02:50,625 | INFO | Chunk: 13 | WER=0.000000 | S=0 D=0 I=0
2026-01-21 22:02:50,626 | INFO | Chunk: 14 | WER=22.000000 | S=0 D=11 I=0
2026-01-21 22:02:50,627 | INFO | Chunk: 15 | WER=15.384615 | S=0 D=2 I=0
2026-01-21 22:02:50,627 | INFO | ------------------------------
2026-01-21 22:02:50,627 | INFO | ------------------------------
2026-01-21 22:02:50,637 | INFO | File: MO_H_ER27_2016_04_18_ModuleDescription_description.wav | WER=16.993464 | S=6 D=15 I=5
2026-01-21 22:02:50,637 | INFO | ------------------------------
2026-01-21 22:02:50,638 | INFO |  File duration: 24.589931972789117 seconds
2026-01-21 22:02:53,586 | INFO | Using rVAD model
2026-01-21 22:02:54,526 | INFO | Number of chunks: 3
2026-01-21 22:02:57,791 | INFO | Chunk: 1 | WER=22.222222 | S=3 D=8 I=1
2026-01-21 22:02:57,791 | INFO | Chunk: 2 | WER=300.000000 | S=1 D=0 I=2
2026-01-21 22:02:57,791 | INFO | ------------------------------
2026-01-21 22:02:57,791 | INFO | ------------------------------
2026-01-21 22:02:57,794 | INFO | File: MO_H_ER40_2017_01_24_ModuleDescription_description.wav | WER=41.818182 | S=6 D=6 I=11
2026-01-21 22:02:57,794 | INFO | ------------------------------
2026-01-21 22:02:57,794 | INFO |  File duration: 54.102494331065756 seconds
2026-01-21 22:03:03,752 | INFO | Using rVAD model
2026-01-21 22:03:05,855 | INFO | Number of chunks: 2
2026-01-21 22:03:10,388 | INFO | Chunk: 0 | WER=50.632911 | S=5 D=34 I=1
2026-01-21 22:03:10,390 | INFO | Chunk: 1 | WER=31.481481 | S=3 D=13 I=1
2026-01-21 22:03:10,390 | INFO | ------------------------------
2026-01-21 22:03:10,390 | INFO | ------------------------------
2026-01-21 22:03:10,396 | INFO | File: MO_H_ER40_2017_05_23_ModuleDescription_description.wav | WER=42.857143 | S=8 D=47 I=2
2026-01-21 22:03:10,396 | INFO | ------------------------------
2026-01-21 22:03:10,397 | INFO |  File duration: 102.02848072562358 seconds
2026-01-21 22:03:16,951 | INFO | Using rVAD model
2026-01-21 22:03:20,891 | INFO | Number of chunks: 22
2026-01-21 22:03:31,196 | INFO | Chunk: 1 | WER=20.000000 | S=2 D=0 I=0
2026-01-21 22:03:31,196 | INFO | Chunk: 2 | WER=27.272727 | S=3 D=0 I=0
2026-01-21 22:03:31,197 | INFO | Chunk: 3 | WER=0.000000 | S=0 D=0 I=0
2026-01-21 22:03:31,197 | INFO | Chunk: 4 | WER=16.666667 | S=1 D=0 I=0
2026-01-21 22:03:31,197 | INFO | Chunk: 6 | WER=7.142857 | S=2 D=0 I=0
2026-01-21 22:03:31,198 | INFO | Chunk: 7 | WER=0.000000 | S=0 D=0 I=0
2026-01-21 22:03:31,198 | INFO | Chunk: 8 | WER=0.000000 | S=0 D=0 I=0
2026-01-21 22:03:31,198 | INFO | Chunk: 9 | WER=16.666667 | S=2 D=0 I=0
2026-01-21 22:03:31,198 | INFO | Chunk: 10 | WER=0.000000 | S=0 D=0 I=0
2026-01-21 22:03:31,198 | INFO | Chunk: 11 | WER=0.000000 | S=0 D=0 I=0
2026-01-21 22:03:31,198 | INFO | Chunk: 12 | WER=0.000000 | S=0 D=0 I=0
2026-01-21 22:03:31,199 | INFO | Chunk: 13 | WER=18.750000 | S=3 D=0 I=0
2026-01-21 22:03:31,199 | INFO | Chunk: 14 | WER=0.000000 | S=0 D=0 I=0
2026-01-21 22:03:31,199 | INFO | Chunk: 15 | WER=0.000000 | S=0 D=0 I=0
2026-01-21 22:03:31,199 | INFO | Chunk: 16 | WER=0.000000 | S=0 D=0 I=0
2026-01-21 22:03:31,199 | INFO | Chunk: 17 | WER=0.000000 | S=0 D=0 I=0
2026-01-21 22:03:31,200 | INFO | Chunk: 18 | WER=20.000000 | S=0 D=2 I=0
2026-01-21 22:03:31,200 | INFO | Chunk: 19 | WER=16.666667 | S=1 D=0 I=0
2026-01-21 22:03:31,200 | INFO | Chunk: 20 | WER=0.000000 | S=0 D=0 I=0
2026-01-21 22:03:31,200 | INFO | ------------------------------
2026-01-21 22:03:31,200 | INFO | ------------------------------
2026-01-21 22:03:31,212 | INFO | File: MO_H_ER41_2017_01_24_ModuleDescription_description.wav | WER=15.923567 | S=14 D=2 I=9
2026-01-21 22:03:31,212 | INFO | ------------------------------
2026-01-21 22:03:31,212 | INFO |  File duration: 74.60571428571428 seconds
2026-01-21 22:03:35,897 | INFO | Using rVAD model
2026-01-21 22:03:38,732 | INFO | Number of chunks: 14
2026-01-21 22:03:45,570 | INFO | Chunk: 0 | WER=20.000000 | S=2 D=0 I=0
2026-01-21 22:03:45,570 | INFO | Chunk: 1 | WER=0.000000 | S=0 D=0 I=0
2026-01-21 22:03:45,571 | INFO | Chunk: 2 | WER=20.000000 | S=1 D=0 I=0
2026-01-21 22:03:45,571 | INFO | Chunk: 3 | WER=0.000000 | S=0 D=0 I=0
2026-01-21 22:03:45,571 | INFO | Chunk: 4 | WER=12.500000 | S=2 D=1 I=0
2026-01-21 22:03:45,571 | INFO | Chunk: 5 | WER=20.000000 | S=1 D=0 I=0
2026-01-21 22:03:45,572 | INFO | Chunk: 6 | WER=20.000000 | S=1 D=0 I=1
2026-01-21 22:03:45,572 | INFO | Chunk: 7 | WER=0.000000 | S=0 D=0 I=0
2026-01-21 22:03:45,572 | INFO | Chunk: 8 | WER=0.000000 | S=0 D=0 I=0
2026-01-21 22:03:45,572 | INFO | Chunk: 9 | WER=0.000000 | S=0 D=0 I=0
2026-01-21 22:03:45,572 | INFO | Chunk: 10 | WER=0.000000 | S=0 D=0 I=0
2026-01-21 22:03:45,572 | INFO | Chunk: 11 | WER=50.000000 | S=1 D=1 I=0
2026-01-21 22:03:45,573 | INFO | Chunk: 12 | WER=0.000000 | S=0 D=0 I=0
2026-01-21 22:03:45,573 | INFO | ------------------------------
2026-01-21 22:03:45,573 | INFO | ------------------------------
2026-01-21 22:03:45,579 | INFO | File: MO_H_ER41_2017_05_29_ModuleDescription_description.wav | WER=14.563107 | S=8 D=2 I=5
2026-01-21 22:03:45,579 | INFO | ------------------------------
2026-01-21 22:03:45,579 | INFO |  File duration: 64.66757369614513 seconds
2026-01-21 22:03:52,028 | INFO | Using rVAD model
2026-01-21 22:03:54,568 | INFO | Number of chunks: 8
2026-01-21 22:04:00,191 | INFO | Chunk: 0 | WER=16.981132 | S=3 D=5 I=1
2026-01-21 22:04:00,191 | INFO | Chunk: 1 | WER=57.142857 | S=3 D=1 I=0
2026-01-21 22:04:00,192 | INFO | Chunk: 2 | WER=0.000000 | S=0 D=0 I=0
2026-01-21 22:04:00,192 | INFO | Chunk: 3 | WER=0.000000 | S=0 D=0 I=0
2026-01-21 22:04:00,192 | INFO | Chunk: 4 | WER=20.000000 | S=1 D=0 I=0
2026-01-21 22:04:00,192 | INFO | Chunk: 5 | WER=28.571429 | S=0 D=0 I=2
2026-01-21 22:04:00,192 | INFO | Chunk: 6 | WER=12.500000 | S=2 D=0 I=0
2026-01-21 22:04:00,193 | INFO | Chunk: 7 | WER=16.666667 | S=1 D=0 I=0
2026-01-21 22:04:00,193 | INFO | ------------------------------
2026-01-21 22:04:00,193 | INFO | ------------------------------
2026-01-21 22:04:00,199 | INFO | File: MO_H_ER43_2017_01_24_ModuleDescription_description.wav | WER=17.592593 | S=10 D=6 I=3
2026-01-21 22:04:00,199 | INFO | ------------------------------
2026-01-21 22:04:00,199 | INFO |  File duration: 79.55156462585035 seconds
2026-01-21 22:04:08,399 | INFO | Using rVAD model
2026-01-21 22:04:11,522 | INFO | Number of chunks: 6
2026-01-21 22:04:18,413 | INFO | Chunk: 0 | WER=0.000000 | S=0 D=0 I=0
2026-01-21 22:04:18,414 | INFO | Chunk: 1 | WER=37.931034 | S=2 D=8 I=1
2026-01-21 22:04:18,415 | INFO | Chunk: 2 | WER=24.137931 | S=4 D=3 I=0
2026-01-21 22:04:18,415 | INFO | Chunk: 3 | WER=66.666667 | S=1 D=1 I=0
2026-01-21 22:04:18,417 | INFO | Chunk: 4 | WER=39.130435 | S=7 D=19 I=1
2026-01-21 22:04:18,418 | INFO | Chunk: 5 | WER=40.000000 | S=2 D=16 I=2
2026-01-21 22:04:18,418 | INFO | ------------------------------
2026-01-21 22:04:18,418 | INFO | ------------------------------
2026-01-21 22:04:18,430 | INFO | File: MO_H_ER43_2017_05_23_ModuleDescription_description.wav | WER=35.519126 | S=16 D=46 I=3
2026-01-21 22:04:18,430 | INFO | ------------------------------
2026-01-21 22:04:18,430 | INFO |  File duration: 85.2172335600907 seconds
2026-01-21 22:04:24,822 | INFO | Using rVAD model
2026-01-21 22:04:28,055 | INFO | Number of chunks: 20
2026-01-21 22:04:38,452 | INFO | Chunk: 0 | WER=50.000000 | S=1 D=0 I=1
2026-01-21 22:04:38,453 | INFO | Chunk: 1 | WER=0.000000 | S=0 D=0 I=0
2026-01-21 22:04:38,453 | INFO | Chunk: 2 | WER=6.666667 | S=0 D=0 I=1
2026-01-21 22:04:38,453 | INFO | Chunk: 3 | WER=0.000000 | S=0 D=0 I=0
2026-01-21 22:04:38,453 | INFO | Chunk: 4 | WER=6.250000 | S=1 D=0 I=0
2026-01-21 22:04:38,454 | INFO | Chunk: 5 | WER=0.000000 | S=0 D=0 I=0
2026-01-21 22:04:38,454 | INFO | Chunk: 6 | WER=0.000000 | S=0 D=0 I=0
2026-01-21 22:04:38,454 | INFO | Chunk: 7 | WER=11.111111 | S=1 D=0 I=0
2026-01-21 22:04:38,454 | INFO | Chunk: 8 | WER=400.000000 | S=1 D=0 I=3
2026-01-21 22:04:38,454 | INFO | Chunk: 9 | WER=28.571429 | S=1 D=2 I=1
2026-01-21 22:04:38,455 | INFO | Chunk: 11 | WER=50.000000 | S=2 D=0 I=2
2026-01-21 22:04:38,455 | INFO | Chunk: 12 | WER=10.000000 | S=1 D=1 I=0
2026-01-21 22:04:38,455 | INFO | Chunk: 13 | WER=21.428571 | S=0 D=2 I=1
2026-01-21 22:04:38,456 | INFO | Chunk: 14 | WER=34.375000 | S=5 D=5 I=1
2026-01-21 22:04:38,456 | INFO | Chunk: 15 | WER=12.500000 | S=1 D=0 I=0
2026-01-21 22:04:38,456 | INFO | Chunk: 16 | WER=14.285714 | S=1 D=0 I=0
2026-01-21 22:04:38,457 | INFO | Chunk: 17 | WER=66.666667 | S=4 D=2 I=0
2026-01-21 22:04:38,457 | INFO | ------------------------------
2026-01-21 22:04:38,457 | INFO | ------------------------------
2026-01-21 22:04:38,472 | INFO | File: MO_H_ER47_2017_01_27_ModuleDescription_description.wav | WER=25.000000 | S=21 D=10 I=16
2026-01-21 22:04:38,472 | INFO | ------------------------------
2026-01-21 22:04:38,473 | INFO |  File duration: 93.71573696145124 seconds
2026-01-21 22:04:46,865 | INFO | Using rVAD model
2026-01-21 22:04:50,506 | INFO | Number of chunks: 23
2026-01-21 22:05:02,634 | INFO | Chunk: 1 | WER=20.000000 | S=0 D=2 I=0
2026-01-21 22:05:02,635 | INFO | Chunk: 2 | WER=10.000000 | S=0 D=0 I=1
2026-01-21 22:05:02,635 | INFO | Chunk: 3 | WER=25.000000 | S=1 D=4 I=0
2026-01-21 22:05:02,635 | INFO | Chunk: 4 | WER=0.000000 | S=0 D=0 I=0
2026-01-21 22:05:02,636 | INFO | Chunk: 5 | WER=13.333333 | S=1 D=1 I=0
2026-01-21 22:05:02,636 | INFO | Chunk: 6 | WER=15.384615 | S=2 D=0 I=0
2026-01-21 22:05:02,636 | INFO | Chunk: 7 | WER=7.692308 | S=0 D=0 I=1
2026-01-21 22:05:02,637 | INFO | Chunk: 8 | WER=17.391304 | S=2 D=2 I=0
2026-01-21 22:05:02,637 | INFO | Chunk: 9 | WER=14.285714 | S=0 D=0 I=1
2026-01-21 22:05:02,637 | INFO | Chunk: 10 | WER=60.000000 | S=3 D=3 I=0
2026-01-21 22:05:02,637 | INFO | Chunk: 11 | WER=11.111111 | S=0 D=1 I=0
2026-01-21 22:05:02,638 | INFO | Chunk: 12 | WER=34.615385 | S=0 D=9 I=0
2026-01-21 22:05:02,638 | INFO | Chunk: 14 | WER=0.000000 | S=0 D=0 I=0
2026-01-21 22:05:02,638 | INFO | Chunk: 15 | WER=12.500000 | S=0 D=1 I=0
2026-01-21 22:05:02,638 | INFO | Chunk: 16 | WER=60.000000 | S=2 D=6 I=1
2026-01-21 22:05:02,639 | INFO | Chunk: 17 | WER=16.666667 | S=0 D=0 I=1
2026-01-21 22:05:02,639 | INFO | Chunk: 20 | WER=61.111111 | S=3 D=8 I=0
2026-01-21 22:05:02,639 | INFO | Chunk: 21 | WER=0.000000 | S=0 D=0 I=0
2026-01-21 22:05:02,639 | INFO | ------------------------------
2026-01-21 22:05:02,639 | INFO | ------------------------------
2026-01-21 22:05:02,659 | INFO | File: MO_H_ER47_2017_03_31_ModuleDescription_description.wav | WER=29.074890 | S=25 D=28 I=13
2026-01-21 22:05:02,659 | INFO | ------------------------------
2026-01-21 22:05:02,660 | INFO |  File duration: 63.15827664399093 seconds
2026-01-21 22:05:08,250 | INFO | Using rVAD model
2026-01-21 22:05:10,721 | INFO | Number of chunks: 8
2026-01-21 22:05:16,615 | INFO | Chunk: 0 | WER=0.000000 | S=0 D=0 I=0
2026-01-21 22:05:16,616 | INFO | Chunk: 1 | WER=15.384615 | S=3 D=3 I=0
2026-01-21 22:05:16,617 | INFO | Chunk: 2 | WER=7.407407 | S=1 D=0 I=1
2026-01-21 22:05:16,617 | INFO | Chunk: 3 | WER=44.444444 | S=2 D=1 I=1
2026-01-21 22:05:16,618 | INFO | Chunk: 4 | WER=0.000000 | S=0 D=0 I=0
2026-01-21 22:05:16,618 | INFO | Chunk: 5 | WER=25.000000 | S=0 D=1 I=1
2026-01-21 22:05:16,618 | INFO | Chunk: 6 | WER=0.000000 | S=0 D=0 I=0
2026-01-21 22:05:16,618 | INFO | Chunk: 7 | WER=11.111111 | S=0 D=0 I=1
2026-01-21 22:05:16,618 | INFO | ------------------------------
2026-01-21 22:05:16,618 | INFO | ------------------------------
2026-01-21 22:05:16,625 | INFO | File: MO_H_ER48_2017_01_28_ModuleDescription_description.wav | WER=12.931034 | S=6 D=5 I=4
2026-01-21 22:05:16,625 | INFO | ------------------------------
2026-01-21 22:05:16,626 | INFO |  File duration: 57.79446712018141 seconds
2026-01-21 22:05:23,190 | INFO | Using rVAD model
2026-01-21 22:05:25,528 | INFO | Number of chunks: 5
2026-01-21 22:05:30,521 | INFO | Chunk: 0 | WER=17.241379 | S=4 D=1 I=0
2026-01-21 22:05:30,521 | INFO | Chunk: 1 | WER=0.000000 | S=0 D=0 I=0
2026-01-21 22:05:30,522 | INFO | Chunk: 2 | WER=11.111111 | S=1 D=1 I=0
2026-01-21 22:05:30,522 | INFO | Chunk: 3 | WER=16.000000 | S=2 D=2 I=0
2026-01-21 22:05:30,523 | INFO | Chunk: 4 | WER=11.764706 | S=1 D=1 I=0
2026-01-21 22:05:30,523 | INFO | ------------------------------
2026-01-21 22:05:30,523 | INFO | ------------------------------
2026-01-21 22:05:30,529 | INFO | File: MO_H_ER48_2017_04_08_ModuleDescription_description.wav | WER=11.607143 | S=8 D=5 I=0
2026-01-21 22:05:30,529 | INFO | ------------------------------
2026-01-21 22:05:30,530 | INFO |  File duration: 40.61170068027211 seconds
2026-01-21 22:05:34,843 | INFO | Using rVAD model
2026-01-21 22:05:36,415 | INFO | Number of chunks: 8
2026-01-21 22:05:41,987 | INFO | Chunk: 1 | WER=17.857143 | S=1 D=2 I=2
2026-01-21 22:05:41,988 | INFO | Chunk: 2 | WER=17.391304 | S=3 D=0 I=1
2026-01-21 22:05:41,989 | INFO | Chunk: 3 | WER=12.121212 | S=3 D=1 I=0
2026-01-21 22:05:41,989 | INFO | Chunk: 4 | WER=16.666667 | S=1 D=0 I=0
2026-01-21 22:05:41,989 | INFO | Chunk: 5 | WER=50.000000 | S=1 D=1 I=0
2026-01-21 22:05:41,989 | INFO | Chunk: 6 | WER=0.000000 | S=0 D=0 I=0
2026-01-21 22:05:41,989 | INFO | ------------------------------
2026-01-21 22:05:41,989 | INFO | ------------------------------
2026-01-21 22:05:41,995 | INFO | File: MO_H_ER49_2017_01_28_ModuleDescription_description.wav | WER=22.448980 | S=9 D=4 I=9
2026-01-21 22:05:41,995 | INFO | ------------------------------
2026-01-21 22:05:41,996 | INFO |  File duration: 38.91664399092971 seconds
2026-01-21 22:05:47,356 | INFO | Using rVAD model
2026-01-21 22:05:48,869 | INFO | Number of chunks: 5
2026-01-21 22:05:54,254 | INFO | Chunk: 1 | WER=7.142857 | S=1 D=0 I=0
2026-01-21 22:05:54,256 | INFO | Chunk: 2 | WER=29.850746 | S=12 D=6 I=2
2026-01-21 22:05:54,256 | INFO | Chunk: 3 | WER=12.500000 | S=2 D=0 I=0
2026-01-21 22:05:54,256 | INFO | ------------------------------
2026-01-21 22:05:54,256 | INFO | ------------------------------
2026-01-21 22:05:54,262 | INFO | File: MO_H_ER49_2017_06_08_ModuleDescription_description.wav | WER=31.958763 | S=15 D=6 I=10
2026-01-21 22:05:54,262 | INFO | ------------------------------
2026-01-21 22:05:54,263 | INFO |  File duration: 36.6875283446712 seconds
2026-01-21 22:05:57,490 | INFO | Using rVAD model
2026-01-21 22:05:58,896 | INFO | Number of chunks: 5
2026-01-21 22:06:02,736 | INFO | Chunk: 0 | WER=12.820513 | S=2 D=3 I=0
2026-01-21 22:06:02,736 | INFO | Chunk: 1 | WER=25.000000 | S=3 D=3 I=0
2026-01-21 22:06:02,736 | INFO | Chunk: 3 | WER=0.000000 | S=0 D=0 I=0
2026-01-21 22:06:02,737 | INFO | Chunk: 4 | WER=40.000000 | S=2 D=0 I=0
2026-01-21 22:06:02,737 | INFO | ------------------------------
2026-01-21 22:06:02,737 | INFO | ------------------------------
2026-01-21 22:06:02,741 | INFO | File: MO_H_SD07_2016_04_22_ModuleDescription_description.wav | WER=19.444444 | S=7 D=6 I=1
2026-01-21 22:06:02,741 | INFO | ------------------------------
2026-01-21 22:06:02,741 | INFO |  File duration: 107.67092970521541 seconds
2026-01-21 22:06:12,034 | INFO | Using rVAD model
2026-01-21 22:06:16,261 | INFO | Number of chunks: 22
2026-01-21 22:06:29,186 | INFO | Chunk: 0 | WER=11.538462 | S=3 D=0 I=0
2026-01-21 22:06:29,187 | INFO | Chunk: 1 | WER=20.000000 | S=3 D=0 I=0
2026-01-21 22:06:29,187 | INFO | Chunk: 2 | WER=100.000000 | S=1 D=0 I=0
2026-01-21 22:06:29,187 | INFO | Chunk: 3 | WER=0.000000 | S=0 D=0 I=0
2026-01-21 22:06:29,187 | INFO | Chunk: 4 | WER=16.666667 | S=0 D=0 I=1
2026-01-21 22:06:29,187 | INFO | Chunk: 5 | WER=0.000000 | S=0 D=0 I=0
2026-01-21 22:06:29,188 | INFO | Chunk: 6 | WER=10.526316 | S=1 D=0 I=1
2026-01-21 22:06:29,188 | INFO | Chunk: 7 | WER=66.666667 | S=2 D=2 I=0
2026-01-21 22:06:29,188 | INFO | Chunk: 8 | WER=0.000000 | S=0 D=0 I=0
2026-01-21 22:06:29,188 | INFO | Chunk: 9 | WER=44.444444 | S=3 D=0 I=1
2026-01-21 22:06:29,188 | INFO | Chunk: 10 | WER=16.666667 | S=1 D=1 I=0
2026-01-21 22:06:29,189 | INFO | Chunk: 11 | WER=0.000000 | S=0 D=0 I=0
2026-01-21 22:06:29,189 | INFO | Chunk: 12 | WER=0.000000 | S=0 D=0 I=0
2026-01-21 22:06:29,189 | INFO | Chunk: 13 | WER=0.000000 | S=0 D=0 I=0
2026-01-21 22:06:29,189 | INFO | Chunk: 14 | WER=0.000000 | S=0 D=0 I=0
2026-01-21 22:06:29,190 | INFO | Chunk: 15 | WER=6.666667 | S=1 D=0 I=0
2026-01-21 22:06:29,190 | INFO | Chunk: 16 | WER=0.000000 | S=0 D=0 I=0
2026-01-21 22:06:29,190 | INFO | Chunk: 17 | WER=7.692308 | S=0 D=0 I=1
2026-01-21 22:06:29,190 | INFO | Chunk: 18 | WER=42.857143 | S=1 D=1 I=1
2026-01-21 22:06:29,190 | INFO | Chunk: 19 | WER=33.333333 | S=1 D=1 I=0
2026-01-21 22:06:29,191 | INFO | Chunk: 20 | WER=0.000000 | S=0 D=0 I=0
2026-01-21 22:06:29,191 | INFO | Chunk: 21 | WER=15.384615 | S=1 D=1 I=0
2026-01-21 22:06:29,191 | INFO | ------------------------------
2026-01-21 22:06:29,191 | INFO | ------------------------------
2026-01-21 22:06:29,212 | INFO | File: MO_H_SD11_2016_04_25_ModuleDescription_description.wav | WER=12.946429 | S=18 D=6 I=5
2026-01-21 22:06:29,212 | INFO | ------------------------------
2026-01-21 22:06:29,212 | INFO |  File duration: 196.76589569160998 seconds
2026-01-21 22:06:44,751 | INFO | Using rVAD model
2026-01-21 22:06:52,518 | INFO | Number of chunks: 20
2026-01-21 22:07:09,806 | INFO | Chunk: 0 | WER=11.538462 | S=1 D=2 I=0
2026-01-21 22:07:09,807 | INFO | Chunk: 1 | WER=9.523810 | S=1 D=1 I=0
2026-01-21 22:07:09,807 | INFO | Chunk: 2 | WER=0.000000 | S=0 D=0 I=0
2026-01-21 22:07:09,808 | INFO | Chunk: 3 | WER=7.500000 | S=2 D=1 I=0
2026-01-21 22:07:09,809 | INFO | Chunk: 4 | WER=12.903226 | S=1 D=2 I=1
2026-01-21 22:07:09,809 | INFO | Chunk: 5 | WER=18.750000 | S=1 D=5 I=0
2026-01-21 22:07:09,810 | INFO | Chunk: 6 | WER=8.695652 | S=1 D=1 I=0
2026-01-21 22:07:09,810 | INFO | Chunk: 7 | WER=18.750000 | S=0 D=3 I=0
2026-01-21 22:07:09,811 | INFO | Chunk: 8 | WER=3.703704 | S=0 D=1 I=0
2026-01-21 22:07:09,811 | INFO | Chunk: 9 | WER=0.000000 | S=0 D=0 I=0
2026-01-21 22:07:09,811 | INFO | Chunk: 10 | WER=0.000000 | S=0 D=0 I=0
2026-01-21 22:07:09,812 | INFO | Chunk: 11 | WER=22.222222 | S=1 D=2 I=1
2026-01-21 22:07:09,812 | INFO | Chunk: 12 | WER=19.047619 | S=2 D=2 I=0
2026-01-21 22:07:09,812 | INFO | Chunk: 13 | WER=23.076923 | S=2 D=1 I=0
2026-01-21 22:07:09,813 | INFO | Chunk: 14 | WER=7.692308 | S=0 D=0 I=1
2026-01-21 22:07:09,813 | INFO | Chunk: 15 | WER=37.500000 | S=5 D=3 I=1
2026-01-21 22:07:09,813 | INFO | Chunk: 17 | WER=0.000000 | S=0 D=0 I=0
2026-01-21 22:07:09,813 | INFO | Chunk: 18 | WER=0.000000 | S=0 D=0 I=0
2026-01-21 22:07:09,814 | INFO | Chunk: 19 | WER=100.000000 | S=1 D=0 I=0
2026-01-21 22:07:09,814 | INFO | ------------------------------
2026-01-21 22:07:09,814 | INFO | ------------------------------
2026-01-21 22:07:09,859 | INFO | File: MO_H_SD13_2016_04_25_ModuleDescription_description.wav | WER=14.577259 | S=18 D=24 I=8
2026-01-21 22:07:09,859 | INFO | ------------------------------
2026-01-21 22:07:09,860 | INFO |  File duration: 221.5183673469388 seconds
2026-01-21 22:07:29,810 | INFO | Using rVAD model
2026-01-21 22:07:38,529 | INFO | Number of chunks: 15
2026-01-21 22:07:57,625 | INFO | Chunk: 0 | WER=17.777778 | S=3 D=5 I=0
2026-01-21 22:07:57,626 | INFO | Chunk: 1 | WER=13.157895 | S=3 D=2 I=0
2026-01-21 22:07:57,627 | INFO | Chunk: 2 | WER=7.894737 | S=0 D=3 I=0
2026-01-21 22:07:57,627 | INFO | Chunk: 3 | WER=7.692308 | S=2 D=0 I=0
2026-01-21 22:07:57,628 | INFO | Chunk: 4 | WER=0.000000 | S=0 D=0 I=0
2026-01-21 22:07:57,629 | INFO | Chunk: 5 | WER=22.448980 | S=3 D=8 I=0
2026-01-21 22:07:57,629 | INFO | Chunk: 6 | WER=0.000000 | S=0 D=0 I=0
2026-01-21 22:07:57,629 | INFO | Chunk: 7 | WER=20.000000 | S=1 D=2 I=0
2026-01-21 22:07:57,630 | INFO | Chunk: 8 | WER=8.333333 | S=0 D=0 I=1
2026-01-21 22:07:57,631 | INFO | Chunk: 9 | WER=27.586207 | S=2 D=13 I=1
2026-01-21 22:07:57,631 | INFO | Chunk: 10 | WER=0.000000 | S=0 D=0 I=0
2026-01-21 22:07:57,632 | INFO | Chunk: 11 | WER=0.000000 | S=0 D=0 I=0
2026-01-21 22:07:57,632 | INFO | Chunk: 12 | WER=10.000000 | S=0 D=1 I=0
2026-01-21 22:07:57,633 | INFO | Chunk: 13 | WER=36.538462 | S=6 D=13 I=0
2026-01-21 22:07:57,634 | INFO | Chunk: 14 | WER=5.714286 | S=0 D=2 I=0
2026-01-21 22:07:57,634 | INFO | ------------------------------
2026-01-21 22:07:57,634 | INFO | ------------------------------
2026-01-21 22:07:57,694 | INFO | File: MO_H_SD13_2016_08_13_ModuleDescription_description.wav | WER=17.108434 | S=20 D=49 I=2
2026-01-21 22:07:57,694 | INFO | ------------------------------
2026-01-21 22:07:57,694 | INFO |  File duration: 77.99582766439909 seconds
2026-01-21 22:08:07,321 | INFO | Using rVAD model
2026-01-21 22:08:10,408 | INFO | Number of chunks: 6
2026-01-21 22:08:21,705 | INFO | Chunk: 0 | WER=9.756098 | S=3 D=1 I=0
2026-01-21 22:08:21,708 | INFO | Chunk: 1 | WER=32.558140 | S=11 D=17 I=0
2026-01-21 22:08:21,710 | INFO | Chunk: 2 | WER=36.000000 | S=0 D=27 I=0
2026-01-21 22:08:21,710 | INFO | Chunk: 3 | WER=10.000000 | S=1 D=1 I=1
2026-01-21 22:08:21,711 | INFO | Chunk: 4 | WER=1066.666667 | S=3 D=0 I=29
2026-01-21 22:08:21,711 | INFO | Chunk: 5 | WER=100.000000 | S=1 D=0 I=0
2026-01-21 22:08:21,711 | INFO | ------------------------------
2026-01-21 22:08:21,711 | INFO | ------------------------------
2026-01-21 22:08:21,733 | INFO | File: MO_H_SD25_2016_05_12_ModuleDescription_description.wav | WER=39.406780 | S=19 D=45 I=29
2026-01-21 22:08:21,733 | INFO | ------------------------------
2026-01-21 22:08:21,733 | INFO |  File duration: 64.92299319727891 seconds
2026-01-21 22:08:28,022 | INFO | Using rVAD model
2026-01-21 22:08:30,553 | INFO | Number of chunks: 9
2026-01-21 22:08:38,006 | INFO | Chunk: 0 | WER=36.046512 | S=13 D=16 I=2
2026-01-21 22:08:38,006 | INFO | Chunk: 1 | WER=7.692308 | S=1 D=0 I=0
2026-01-21 22:08:38,007 | INFO | Chunk: 2 | WER=20.000000 | S=0 D=0 I=1
2026-01-21 22:08:38,007 | INFO | Chunk: 3 | WER=16.666667 | S=3 D=0 I=0
2026-01-21 22:08:38,007 | INFO | Chunk: 4 | WER=16.000000 | S=1 D=3 I=0
2026-01-21 22:08:38,008 | INFO | Chunk: 5 | WER=100.000000 | S=2 D=0 I=0
2026-01-21 22:08:38,008 | INFO | Chunk: 7 | WER=700.000000 | S=1 D=0 I=6
2026-01-21 22:08:38,008 | INFO | Chunk: 8 | WER=50.000000 | S=0 D=1 I=0
2026-01-21 22:08:38,008 | INFO | ------------------------------
2026-01-21 22:08:38,008 | INFO | ------------------------------
2026-01-21 22:08:38,018 | INFO | File: MO_H_SD30_2016_05_21_ModuleDescription_description.wav | WER=32.236842 | S=21 D=19 I=9
2026-01-21 22:08:38,018 | INFO | ------------------------------
2026-01-21 22:08:38,019 | INFO |  File duration: 86.98195011337869 seconds
2026-01-21 22:08:46,028 | INFO | Using rVAD model
2026-01-21 22:08:49,427 | INFO | Number of chunks: 14
2026-01-21 22:08:57,811 | INFO | Chunk: 0 | WER=5.882353 | S=1 D=0 I=0
2026-01-21 22:08:57,811 | INFO | Chunk: 1 | WER=0.000000 | S=0 D=0 I=0
2026-01-21 22:08:57,811 | INFO | Chunk: 2 | WER=36.363636 | S=2 D=2 I=0
2026-01-21 22:08:57,812 | INFO | Chunk: 3 | WER=0.000000 | S=0 D=0 I=0
2026-01-21 22:08:57,812 | INFO | Chunk: 4 | WER=7.142857 | S=1 D=0 I=0
2026-01-21 22:08:57,812 | INFO | Chunk: 5 | WER=0.000000 | S=0 D=0 I=0
2026-01-21 22:08:57,812 | INFO | Chunk: 6 | WER=10.000000 | S=1 D=0 I=0
2026-01-21 22:08:57,813 | INFO | Chunk: 7 | WER=0.000000 | S=0 D=0 I=0
2026-01-21 22:08:57,813 | INFO | Chunk: 8 | WER=7.692308 | S=0 D=1 I=0
2026-01-21 22:08:57,813 | INFO | Chunk: 9 | WER=0.000000 | S=0 D=0 I=0
2026-01-21 22:08:57,813 | INFO | Chunk: 10 | WER=8.333333 | S=0 D=1 I=0
2026-01-21 22:08:57,814 | INFO | Chunk: 11 | WER=18.750000 | S=2 D=1 I=0
2026-01-21 22:08:57,814 | INFO | Chunk: 12 | WER=0.000000 | S=0 D=0 I=0
2026-01-21 22:08:57,814 | INFO | Chunk: 13 | WER=100.000000 | S=1 D=0 I=0
2026-01-21 22:08:57,814 | INFO | ------------------------------
2026-01-21 22:08:57,814 | INFO | ------------------------------
2026-01-21 22:08:57,824 | INFO | File: MO_H_SD36_2016_06_23_ModuleDescription_description.wav | WER=9.090909 | S=8 D=5 I=0
2026-01-21 22:08:57,824 | INFO | ------------------------------
2026-01-21 22:08:57,824 | INFO | ===================== GLOBAL WER ======================
2026-01-21 22:08:57,824 | INFO | The number of files is 68
2026-01-21 22:08:57,824 | INFO | WER: 24.79%
2026-01-21 22:08:57,824 | INFO | =============================================================
