2026-01-21 16:17:55,707 | INFO | Fetch hyperparams.yaml: Using file found at '/vol/experiments3/imbenamor/TAPAS-FRAIS/models/asr-whisper-medium-commonvoice-fr/hyperparams.yaml'
2026-01-21 16:17:55,707 | DEBUG | Fetch: Source and destination '/vol/experiments3/imbenamor/TAPAS-FRAIS/models/asr-whisper-medium-commonvoice-fr/custom.py' are identical, returning assuming this is intended
2026-01-21 16:17:57,342 | WARNING | speechbrain.lobes.models.huggingface_transformers.huggingface - WhisperModel is frozen.
2026-01-21 16:17:57,343 | WARNING | speechbrain.lobes.models.huggingface_transformers.whisper - whisper encoder-decoder is frozen.
2026-01-21 16:17:57,462 | DEBUG | Collecting files (or symlinks) for pretraining in /vol/experiments3/imbenamor/TAPAS-FRAIS/models/asr-whisper-medium-commonvoice-fr.
2026-01-21 16:17:57,462 | INFO | Fetch whisper.ckpt: Using file found at '/vol/experiments3/imbenamor/TAPAS-FRAIS/models/asr-whisper-medium-commonvoice-fr/whisper.ckpt'
2026-01-21 16:17:57,462 | DEBUG | Set local path in self.paths["whisper"] = /vol/experiments3/imbenamor/TAPAS-FRAIS/models/asr-whisper-medium-commonvoice-fr/whisper.ckpt
2026-01-21 16:17:57,462 | INFO | Loading pretrained files for: whisper
2026-01-21 16:17:57,462 | DEBUG | Redirecting (loading from local path): whisper -> /vol/experiments3/imbenamor/TAPAS-FRAIS/models/asr-whisper-medium-commonvoice-fr/whisper.ckpt
2026-01-21 16:18:01,438 | INFO |  File duration: 78.42133333333334 seconds
2026-01-21 16:18:12,274 | INFO | Number of chunks: 11
2026-01-21 16:18:21,520 | INFO | Chunk: 0 | WER=21.052632 | S=3 D=1 I=0
2026-01-21 16:18:21,521 | INFO | Chunk: 1 | WER=21.428571 | S=3 D=0 I=0
2026-01-21 16:18:21,521 | INFO | Chunk: 2 | WER=55.555556 | S=5 D=0 I=0
2026-01-21 16:18:21,521 | INFO | Chunk: 3 | WER=23.529412 | S=3 D=1 I=0
2026-01-21 16:18:21,522 | INFO | Chunk: 4 | WER=7.142857 | S=0 D=1 I=0
2026-01-21 16:18:21,522 | INFO | Chunk: 5 | WER=33.333333 | S=4 D=2 I=0
2026-01-21 16:18:21,522 | INFO | Chunk: 6 | WER=50.000000 | S=5 D=7 I=0
2026-01-21 16:18:21,523 | INFO | Chunk: 7 | WER=46.153846 | S=4 D=2 I=0
2026-01-21 16:18:21,523 | INFO | Chunk: 8 | WER=53.333333 | S=6 D=2 I=0
2026-01-21 16:18:21,524 | INFO | Chunk: 9 | WER=38.888889 | S=6 D=0 I=1
2026-01-21 16:18:21,524 | INFO | Chunk: 10 | WER=50.000000 | S=9 D=2 I=0
2026-01-21 16:18:21,524 | INFO | ------------------------------
2026-01-21 16:18:21,524 | INFO | ------------------------------
2026-01-21 16:18:21,538 | INFO | File: PHO-000024-01_L01.wav | WER=33.898305 | S=49 D=11 I=0
2026-01-21 16:18:21,538 | INFO | ------------------------------
2026-01-21 16:18:21,539 | INFO |  File duration: 217.77066666666667 seconds
2026-01-21 16:18:44,008 | INFO | Number of chunks: 23
2026-01-21 16:18:54,662 | INFO | Chunk: 0 | WER=100.000000 | S=1 D=1 I=0
2026-01-21 16:18:54,663 | INFO | Chunk: 1 | WER=18.750000 | S=2 D=1 I=0
2026-01-21 16:18:54,663 | INFO | Chunk: 2 | WER=0.000000 | S=0 D=0 I=0
2026-01-21 16:18:54,663 | INFO | Chunk: 3 | WER=16.666667 | S=0 D=1 I=0
2026-01-21 16:18:54,663 | INFO | Chunk: 4 | WER=60.000000 | S=4 D=2 I=0
2026-01-21 16:18:54,664 | INFO | Chunk: 5 | WER=29.411765 | S=5 D=0 I=0
2026-01-21 16:18:54,664 | INFO | Chunk: 6 | WER=15.384615 | S=2 D=0 I=0
2026-01-21 16:18:54,664 | INFO | Chunk: 7 | WER=72.727273 | S=8 D=0 I=0
2026-01-21 16:18:54,665 | INFO | Chunk: 8 | WER=100.000000 | S=2 D=6 I=0
2026-01-21 16:18:54,665 | INFO | Chunk: 9 | WER=100.000000 | S=2 D=0 I=1
2026-01-21 16:18:54,665 | INFO | Chunk: 10 | WER=25.000000 | S=1 D=0 I=0
2026-01-21 16:18:54,665 | INFO | Chunk: 11 | WER=80.000000 | S=7 D=1 I=0
2026-01-21 16:18:54,665 | INFO | Chunk: 12 | WER=25.000000 | S=1 D=0 I=0
2026-01-21 16:18:54,666 | INFO | Chunk: 13 | WER=10.000000 | S=1 D=0 I=0
2026-01-21 16:18:54,666 | INFO | Chunk: 14 | WER=166.666667 | S=3 D=0 I=2
2026-01-21 16:18:54,666 | INFO | Chunk: 15 | WER=150.000000 | S=7 D=0 I=5
2026-01-21 16:18:54,666 | INFO | Chunk: 16 | WER=37.500000 | S=3 D=0 I=0
2026-01-21 16:18:54,666 | INFO | Chunk: 17 | WER=50.000000 | S=3 D=0 I=0
2026-01-21 16:18:54,667 | INFO | Chunk: 18 | WER=54.545455 | S=4 D=0 I=2
2026-01-21 16:18:54,667 | INFO | Chunk: 19 | WER=28.571429 | S=2 D=0 I=0
2026-01-21 16:18:54,667 | INFO | Chunk: 20 | WER=50.000000 | S=3 D=0 I=1
2026-01-21 16:18:54,667 | INFO | Chunk: 21 | WER=33.333333 | S=2 D=0 I=0
2026-01-21 16:18:54,668 | INFO | Chunk: 22 | WER=62.500000 | S=5 D=0 I=0
2026-01-21 16:18:54,668 | INFO | ------------------------------
2026-01-21 16:18:54,668 | INFO | ------------------------------
2026-01-21 16:18:54,685 | INFO | File: PHO-000566-01_L01.wav | WER=47.567568 | S=67 D=10 I=11
2026-01-21 16:18:54,685 | INFO | ------------------------------
2026-01-21 16:18:54,685 | INFO |  File duration: 142.57052154195011 seconds
2026-01-21 16:19:10,184 | INFO | Number of chunks: 15
2026-01-21 16:19:19,155 | INFO | Chunk: 0 | WER=15.000000 | S=1 D=2 I=0
2026-01-21 16:19:19,156 | INFO | Chunk: 1 | WER=41.176471 | S=4 D=3 I=0
2026-01-21 16:19:19,156 | INFO | Chunk: 2 | WER=33.333333 | S=2 D=1 I=0
2026-01-21 16:19:19,156 | INFO | Chunk: 3 | WER=38.888889 | S=5 D=2 I=0
2026-01-21 16:19:19,157 | INFO | Chunk: 4 | WER=28.571429 | S=1 D=1 I=0
2026-01-21 16:19:19,157 | INFO | Chunk: 5 | WER=0.000000 | S=0 D=0 I=0
2026-01-21 16:19:19,157 | INFO | Chunk: 6 | WER=9.090909 | S=1 D=0 I=0
2026-01-21 16:19:19,157 | INFO | Chunk: 7 | WER=14.285714 | S=1 D=0 I=0
2026-01-21 16:19:19,158 | INFO | Chunk: 8 | WER=24.000000 | S=4 D=2 I=0
2026-01-21 16:19:19,158 | INFO | Chunk: 9 | WER=66.666667 | S=7 D=1 I=0
2026-01-21 16:19:19,159 | INFO | Chunk: 10 | WER=28.571429 | S=4 D=0 I=0
2026-01-21 16:19:19,159 | INFO | Chunk: 11 | WER=54.545455 | S=5 D=0 I=1
2026-01-21 16:19:19,159 | INFO | Chunk: 12 | WER=14.285714 | S=1 D=0 I=0
2026-01-21 16:19:19,159 | INFO | Chunk: 13 | WER=14.285714 | S=2 D=0 I=0
2026-01-21 16:19:19,159 | INFO | Chunk: 14 | WER=100.000000 | S=4 D=4 I=0
2026-01-21 16:19:19,160 | INFO | ------------------------------
2026-01-21 16:19:19,160 | INFO | ------------------------------
2026-01-21 16:19:19,174 | INFO | File: PHO-000814-01_L01.wav | WER=27.683616 | S=42 D=6 I=1
2026-01-21 16:19:19,174 | INFO | ------------------------------
2026-01-21 16:19:19,175 | INFO |  File duration: 97.96266666666666 seconds
2026-01-21 16:19:28,916 | INFO | Number of chunks: 9
2026-01-21 16:19:36,660 | INFO | Chunk: 0 | WER=800.000000 | S=1 D=0 I=7
2026-01-21 16:19:36,660 | INFO | Chunk: 1 | WER=28.571429 | S=2 D=4 I=0
2026-01-21 16:19:36,661 | INFO | Chunk: 2 | WER=53.333333 | S=7 D=8 I=1
2026-01-21 16:19:36,661 | INFO | Chunk: 3 | WER=70.000000 | S=7 D=6 I=1
2026-01-21 16:19:36,662 | INFO | Chunk: 4 | WER=25.000000 | S=1 D=3 I=0
2026-01-21 16:19:36,662 | INFO | Chunk: 5 | WER=15.000000 | S=1 D=2 I=0
2026-01-21 16:19:36,663 | INFO | Chunk: 6 | WER=52.000000 | S=11 D=2 I=0
2026-01-21 16:19:36,663 | INFO | Chunk: 7 | WER=55.555556 | S=2 D=3 I=0
2026-01-21 16:19:36,664 | INFO | Chunk: 8 | WER=79.166667 | S=12 D=6 I=1
2026-01-21 16:19:36,664 | INFO | ------------------------------
2026-01-21 16:19:36,664 | INFO | ------------------------------
2026-01-21 16:19:36,674 | INFO | File: PHO-001070-01_L01.wav | WER=44.202899 | S=43 D=7 I=11
2026-01-21 16:19:36,674 | INFO | ------------------------------
2026-01-21 16:19:36,674 | INFO |  File duration: 80.43392290249433 seconds
2026-01-21 16:19:46,186 | INFO | Number of chunks: 7
2026-01-21 16:19:53,817 | INFO | Chunk: 0 | WER=5.263158 | S=0 D=1 I=0
2026-01-21 16:19:53,817 | INFO | Chunk: 1 | WER=29.166667 | S=4 D=3 I=0
2026-01-21 16:19:53,819 | INFO | Chunk: 2 | WER=43.396226 | S=0 D=23 I=0
2026-01-21 16:19:53,819 | INFO | Chunk: 3 | WER=14.285714 | S=1 D=1 I=0
2026-01-21 16:19:53,819 | INFO | Chunk: 4 | WER=41.666667 | S=3 D=1 I=1
2026-01-21 16:19:53,820 | INFO | Chunk: 5 | WER=27.586207 | S=3 D=4 I=1
2026-01-21 16:19:53,821 | INFO | Chunk: 6 | WER=47.727273 | S=8 D=13 I=0
2026-01-21 16:19:53,821 | INFO | ------------------------------
2026-01-21 16:19:53,821 | INFO | ------------------------------
2026-01-21 16:19:53,835 | INFO | File: PHO-001329-01_L01.wav | WER=28.248588 | S=18 D=29 I=3
2026-01-21 16:19:53,835 | INFO | ------------------------------
2026-01-21 16:19:53,836 | INFO |  File duration: 93.78133333333334 seconds
2026-01-21 16:20:04,277 | INFO | Number of chunks: 11
2026-01-21 16:20:10,818 | INFO | Chunk: 0 | WER=12.500000 | S=1 D=1 I=0
2026-01-21 16:20:10,818 | INFO | Chunk: 1 | WER=62.500000 | S=5 D=0 I=0
2026-01-21 16:20:10,818 | INFO | Chunk: 2 | WER=33.333333 | S=1 D=0 I=1
2026-01-21 16:20:10,818 | INFO | Chunk: 3 | WER=11.111111 | S=0 D=1 I=0
2026-01-21 16:20:10,819 | INFO | Chunk: 4 | WER=47.058824 | S=7 D=1 I=0
2026-01-21 16:20:10,819 | INFO | Chunk: 5 | WER=7.692308 | S=1 D=0 I=0
2026-01-21 16:20:10,819 | INFO | Chunk: 6 | WER=21.052632 | S=3 D=1 I=0
2026-01-21 16:20:10,820 | INFO | Chunk: 7 | WER=30.769231 | S=5 D=3 I=0
2026-01-21 16:20:10,820 | INFO | Chunk: 8 | WER=66.666667 | S=1 D=0 I=1
2026-01-21 16:20:10,820 | INFO | Chunk: 9 | WER=50.000000 | S=2 D=0 I=0
2026-01-21 16:20:10,820 | INFO | Chunk: 10 | WER=57.142857 | S=1 D=3 I=0
2026-01-21 16:20:10,820 | INFO | ------------------------------
2026-01-21 16:20:10,820 | INFO | ------------------------------
2026-01-21 16:20:10,828 | INFO | File: PHO-001473-01_L01.wav | WER=26.890756 | S=25 D=3 I=4
2026-01-21 16:20:10,828 | INFO | ------------------------------
2026-01-21 16:20:10,828 | INFO |  File duration: 116.65066666666667 seconds
2026-01-21 16:20:25,043 | INFO | Number of chunks: 18
2026-01-21 16:20:34,998 | INFO | Chunk: 0 | WER=0.000000 | S=0 D=0 I=0
2026-01-21 16:20:34,998 | INFO | Chunk: 1 | WER=0.000000 | S=0 D=0 I=0
2026-01-21 16:20:34,998 | INFO | Chunk: 2 | WER=35.714286 | S=4 D=0 I=1
2026-01-21 16:20:34,999 | INFO | Chunk: 3 | WER=30.000000 | S=2 D=1 I=0
2026-01-21 16:20:34,999 | INFO | Chunk: 4 | WER=29.411765 | S=4 D=1 I=0
2026-01-21 16:20:34,999 | INFO | Chunk: 5 | WER=0.000000 | S=0 D=0 I=0
2026-01-21 16:20:35,000 | INFO | Chunk: 6 | WER=10.000000 | S=0 D=1 I=0
2026-01-21 16:20:35,000 | INFO | Chunk: 7 | WER=100.000000 | S=1 D=0 I=0
2026-01-21 16:20:35,000 | INFO | Chunk: 8 | WER=0.000000 | S=0 D=0 I=0
2026-01-21 16:20:35,000 | INFO | Chunk: 9 | WER=0.000000 | S=0 D=0 I=0
2026-01-21 16:20:35,000 | INFO | Chunk: 10 | WER=25.000000 | S=2 D=0 I=0
2026-01-21 16:20:35,000 | INFO | Chunk: 11 | WER=30.000000 | S=2 D=0 I=1
2026-01-21 16:20:35,001 | INFO | Chunk: 12 | WER=42.857143 | S=3 D=3 I=0
2026-01-21 16:20:35,001 | INFO | Chunk: 13 | WER=31.250000 | S=3 D=2 I=0
2026-01-21 16:20:35,001 | INFO | Chunk: 14 | WER=38.461538 | S=3 D=2 I=0
2026-01-21 16:20:35,002 | INFO | Chunk: 15 | WER=12.500000 | S=1 D=1 I=0
2026-01-21 16:20:35,002 | INFO | Chunk: 16 | WER=33.333333 | S=1 D=1 I=0
2026-01-21 16:20:35,002 | INFO | Chunk: 17 | WER=44.444444 | S=2 D=2 I=0
2026-01-21 16:20:35,002 | INFO | ------------------------------
2026-01-21 16:20:35,002 | INFO | ------------------------------
2026-01-21 16:20:35,016 | INFO | File: PHO-001499-01_L01.wav | WER=18.750000 | S=28 D=3 I=2
2026-01-21 16:20:35,016 | INFO | ------------------------------
2026-01-21 16:20:35,017 | INFO |  File duration: 165.20533333333333 seconds
2026-01-21 16:20:52,809 | INFO | Number of chunks: 8
2026-01-21 16:21:01,078 | INFO | Chunk: 0 | WER=60.377358 | S=8 D=24 I=0
2026-01-21 16:21:01,079 | INFO | Chunk: 1 | WER=63.265306 | S=5 D=26 I=0
2026-01-21 16:21:01,079 | INFO | Chunk: 2 | WER=59.259259 | S=4 D=12 I=0
2026-01-21 16:21:01,080 | INFO | Chunk: 3 | WER=56.097561 | S=12 D=9 I=2
2026-01-21 16:21:01,081 | INFO | Chunk: 4 | WER=75.000000 | S=5 D=0 I=1
2026-01-21 16:21:01,081 | INFO | Chunk: 5 | WER=100.000000 | S=7 D=5 I=0
2026-01-21 16:21:01,082 | INFO | Chunk: 6 | WER=70.454545 | S=11 D=20 I=0
2026-01-21 16:21:01,082 | INFO | Chunk: 7 | WER=61.111111 | S=3 D=6 I=2
2026-01-21 16:21:01,082 | INFO | ------------------------------
2026-01-21 16:21:01,082 | INFO | ------------------------------
2026-01-21 16:21:01,095 | INFO | File: PHO-001522-01_L01.wav | WER=51.445087 | S=51 D=28 I=10
2026-01-21 16:21:01,095 | INFO | ------------------------------
2026-01-21 16:21:01,095 | INFO |  File duration: 89.088 seconds
2026-01-21 16:21:09,190 | INFO | Number of chunks: 17
2026-01-21 16:21:17,363 | INFO | Chunk: 0 | WER=23.529412 | S=2 D=0 I=2
2026-01-21 16:21:17,364 | INFO | Chunk: 1 | WER=71.428571 | S=4 D=1 I=0
2026-01-21 16:21:17,365 | INFO | Chunk: 2 | WER=100.000000 | S=5 D=0 I=0
2026-01-21 16:21:17,365 | INFO | Chunk: 3 | WER=100.000000 | S=6 D=3 I=0
2026-01-21 16:21:17,365 | INFO | Chunk: 4 | WER=44.444444 | S=3 D=0 I=1
2026-01-21 16:21:17,365 | INFO | Chunk: 5 | WER=90.909091 | S=6 D=4 I=0
2026-01-21 16:21:17,366 | INFO | Chunk: 6 | WER=28.571429 | S=2 D=0 I=0
2026-01-21 16:21:17,366 | INFO | Chunk: 7 | WER=61.904762 | S=8 D=5 I=0
2026-01-21 16:21:17,366 | INFO | Chunk: 8 | WER=75.000000 | S=6 D=3 I=0
2026-01-21 16:21:17,366 | INFO | Chunk: 9 | WER=100.000000 | S=6 D=4 I=0
2026-01-21 16:21:17,367 | INFO | Chunk: 10 | WER=100.000000 | S=9 D=0 I=0
2026-01-21 16:21:17,367 | INFO | Chunk: 11 | WER=71.428571 | S=9 D=1 I=0
2026-01-21 16:21:17,367 | INFO | Chunk: 12 | WER=91.666667 | S=7 D=3 I=1
2026-01-21 16:21:17,368 | INFO | Chunk: 13 | WER=114.285714 | S=7 D=0 I=1
2026-01-21 16:21:17,368 | INFO | Chunk: 14 | WER=66.666667 | S=3 D=1 I=0
2026-01-21 16:21:17,368 | INFO | Chunk: 15 | WER=66.666667 | S=4 D=0 I=0
2026-01-21 16:21:17,368 | INFO | Chunk: 16 | WER=100.000000 | S=6 D=1 I=0
2026-01-21 16:21:17,368 | INFO | ------------------------------
2026-01-21 16:21:17,368 | INFO | ------------------------------
2026-01-21 16:21:17,380 | INFO | File: PHO-001594-01_L01.wav | WER=71.084337 | S=96 D=20 I=2
2026-01-21 16:21:17,380 | INFO | ------------------------------
2026-01-21 16:21:17,381 | INFO |  File duration: 85.35655328798185 seconds
2026-01-21 16:21:27,108 | INFO | Number of chunks: 12
2026-01-21 16:21:35,824 | INFO | Chunk: 0 | WER=5.555556 | S=1 D=0 I=0
2026-01-21 16:21:35,824 | INFO | Chunk: 1 | WER=62.500000 | S=8 D=1 I=1
2026-01-21 16:21:35,824 | INFO | Chunk: 2 | WER=40.000000 | S=3 D=1 I=0
2026-01-21 16:21:35,825 | INFO | Chunk: 3 | WER=36.842105 | S=4 D=3 I=0
2026-01-21 16:21:35,825 | INFO | Chunk: 4 | WER=60.000000 | S=7 D=2 I=0
2026-01-21 16:21:35,825 | INFO | Chunk: 5 | WER=38.888889 | S=4 D=3 I=0
2026-01-21 16:21:35,826 | INFO | Chunk: 6 | WER=50.000000 | S=5 D=5 I=0
2026-01-21 16:21:35,826 | INFO | Chunk: 7 | WER=57.142857 | S=1 D=3 I=0
2026-01-21 16:21:35,826 | INFO | Chunk: 8 | WER=25.000000 | S=2 D=1 I=0
2026-01-21 16:21:35,827 | INFO | Chunk: 9 | WER=70.588235 | S=8 D=4 I=0
2026-01-21 16:21:35,827 | INFO | Chunk: 10 | WER=84.615385 | S=8 D=3 I=0
2026-01-21 16:21:35,828 | INFO | Chunk: 11 | WER=25.806452 | S=5 D=3 I=0
2026-01-21 16:21:35,828 | INFO | ------------------------------
2026-01-21 16:21:35,828 | INFO | ------------------------------
2026-01-21 16:21:35,842 | INFO | File: PHO-001670-01_L01.wav | WER=38.418079 | S=55 D=11 I=2
2026-01-21 16:21:35,842 | INFO | ------------------------------
2026-01-21 16:21:35,842 | INFO |  File duration: 129.2887074829932 seconds
2026-01-21 16:21:48,816 | INFO | Number of chunks: 12
2026-01-21 16:21:56,249 | INFO | Chunk: 0 | WER=63.636364 | S=3 D=18 I=0
2026-01-21 16:21:56,250 | INFO | Chunk: 1 | WER=100.000000 | S=7 D=1 I=0
2026-01-21 16:21:56,250 | INFO | Chunk: 2 | WER=90.909091 | S=6 D=4 I=0
2026-01-21 16:21:56,250 | INFO | Chunk: 3 | WER=37.931034 | S=9 D=2 I=0
2026-01-21 16:21:56,251 | INFO | Chunk: 4 | WER=85.106383 | S=11 D=29 I=0
2026-01-21 16:21:56,251 | INFO | Chunk: 5 | WER=150.000000 | S=4 D=0 I=2
2026-01-21 16:21:56,252 | INFO | Chunk: 6 | WER=100.000000 | S=1 D=0 I=0
2026-01-21 16:21:56,252 | INFO | Chunk: 7 | WER=90.000000 | S=6 D=3 I=0
2026-01-21 16:21:56,252 | INFO | Chunk: 8 | WER=128.571429 | S=7 D=0 I=2
2026-01-21 16:21:56,252 | INFO | Chunk: 9 | WER=76.923077 | S=11 D=9 I=0
2026-01-21 16:21:56,253 | INFO | Chunk: 10 | WER=100.000000 | S=10 D=1 I=3
2026-01-21 16:21:56,253 | INFO | Chunk: 11 | WER=100.000000 | S=1 D=0 I=0
2026-01-21 16:21:56,253 | INFO | ------------------------------
2026-01-21 16:21:56,253 | INFO | ------------------------------
2026-01-21 16:21:56,264 | INFO | File: PHO-001836-01_L01.wav | WER=73.863636 | S=81 D=47 I=2
2026-01-21 16:21:56,264 | INFO | ------------------------------
2026-01-21 16:21:56,265 | INFO |  File duration: 67.15210884353742 seconds
2026-01-21 16:22:03,206 | INFO | Number of chunks: 9
2026-01-21 16:22:10,025 | INFO | Chunk: 0 | WER=51.724138 | S=8 D=5 I=2
2026-01-21 16:22:10,026 | INFO | Chunk: 1 | WER=200.000000 | S=3 D=0 I=3
2026-01-21 16:22:10,026 | INFO | Chunk: 2 | WER=36.000000 | S=6 D=3 I=0
2026-01-21 16:22:10,027 | INFO | Chunk: 3 | WER=42.105263 | S=5 D=3 I=0
2026-01-21 16:22:10,027 | INFO | Chunk: 4 | WER=7.142857 | S=0 D=1 I=0
2026-01-21 16:22:10,027 | INFO | Chunk: 5 | WER=84.210526 | S=14 D=2 I=0
2026-01-21 16:22:10,027 | INFO | Chunk: 6 | WER=100.000000 | S=1 D=1 I=0
2026-01-21 16:22:10,029 | INFO | Chunk: 7 | WER=60.000000 | S=3 D=30 I=0
2026-01-21 16:22:10,029 | INFO | Chunk: 8 | WER=63.157895 | S=9 D=3 I=0
2026-01-21 16:22:10,029 | INFO | ------------------------------
2026-01-21 16:22:10,029 | INFO | ------------------------------
2026-01-21 16:22:10,041 | INFO | File: PHO-307175-01_L01.wav | WER=53.333333 | S=34 D=27 I=19
2026-01-21 16:22:10,041 | INFO | ------------------------------
2026-01-21 16:22:10,041 | INFO | ===================== GLOBAL WER ======================
2026-01-21 16:22:10,041 | INFO | The number of files is 12
2026-01-21 16:22:10,041 | INFO | WER: 42.95%
2026-01-21 16:22:10,041 | INFO | =============================================================
